<?xml version="1.0" encoding="UTF-8"?>
<testsuite name="org.springframework.jdbc.core.simple.SimpleJdbcCallTests" tests="13" skipped="0" failures="0" errors="0" timestamp="2023-03-20T07:43:42" hostname="DESKTOP-VGJP1PJ" time="0.054">
  <properties/>
  <testcase name="testAddInvoiceProcWithoutMetaDataUsingArrayParams()" classname="org.springframework.jdbc.core.simple.SimpleJdbcCallTests" time="0.004"/>
  <testcase name="testAddInvoiceProcWithMetaDataUsingMapParamSource()" classname="org.springframework.jdbc.core.simple.SimpleJdbcCallTests" time="0.005"/>
  <testcase name="testAddInvoiceFuncWithoutMetaDataUsingArrayParams()" classname="org.springframework.jdbc.core.simple.SimpleJdbcCallTests" time="0.003"/>
  <testcase name="testAddInvoiceFuncWithMetaDataUsingMapParamSource()" classname="org.springframework.jdbc.core.simple.SimpleJdbcCallTests" time="0.005"/>
  <testcase name="testUnnamedParameterHandling()" classname="org.springframework.jdbc.core.simple.SimpleJdbcCallTests" time="0.001"/>
  <testcase name="testAddInvoiceFuncWithoutMetaDataUsingMapParamSource()" classname="org.springframework.jdbc.core.simple.SimpleJdbcCallTests" time="0.002"/>
  <testcase name="testAddInvoiceProcWithoutMetaDataUsingMapParamSource()" classname="org.springframework.jdbc.core.simple.SimpleJdbcCallTests" time="0.002"/>
  <testcase name="testNoSuchStoredProcedure()" classname="org.springframework.jdbc.core.simple.SimpleJdbcCallTests" time="0.003"/>
  <testcase name="testCorrectFunctionStatement()" classname="org.springframework.jdbc.core.simple.SimpleJdbcCallTests" time="0.004"/>
  <testcase name="testCorrectFunctionStatementNamed()" classname="org.springframework.jdbc.core.simple.SimpleJdbcCallTests" time="0.004"/>
  <testcase name="testAddInvoiceFuncWithMetaDataUsingArrayParams()" classname="org.springframework.jdbc.core.simple.SimpleJdbcCallTests" time="0.005"/>
  <testcase name="testAddInvoiceProcWithMetaDataUsingArrayParams()" classname="org.springframework.jdbc.core.simple.SimpleJdbcCallTests" time="0.005"/>
  <testcase name="testCorrectProcedureStatementNamed()" classname="org.springframework.jdbc.core.simple.SimpleJdbcCallTests" time="0.003"/>
  <system-out><![CDATA[]]></system-out>
  <system-err><![CDATA[]]></system-err>
</testsuite>
