<?xml version="1.0" encoding="UTF-8"?>
<testsuite name="org.springframework.jdbc.core.StatementCreatorUtilsTests" tests="22" skipped="0" failures="0" errors="0" timestamp="2023-03-20T07:43:42" hostname="DESKTOP-VGJP1PJ" time="0.061">
  <properties/>
  <testcase name="testSetParameterValueWithNullAndUnknownTypeOnInformix()" classname="org.springframework.jdbc.core.StatementCreatorUtilsTests" time="0.001"/>
  <testcase name="testSetParameterValueWithDateAndCalendar()" classname="org.springframework.jdbc.core.StatementCreatorUtilsTests" time="0.001"/>
  <testcase name="testSetParameterValueWithTimestampAndUtilDate()" classname="org.springframework.jdbc.core.StatementCreatorUtilsTests" time="0.001"/>
  <testcase name="testSetParameterValueWithNullAndGetParameterTypeWorking()" classname="org.springframework.jdbc.core.StatementCreatorUtilsTests" time="0.012"/>
  <testcase name="testSetParameterValueWithSqlTimestamp()" classname="org.springframework.jdbc.core.StatementCreatorUtilsTests" time="0.0"/>
  <testcase name="testSetParameterValueWithTimeAndCalendar()" classname="org.springframework.jdbc.core.StatementCreatorUtilsTests" time="0.0"/>
  <testcase name="testSetParameterValueWithDateAndUnknownType()" classname="org.springframework.jdbc.core.StatementCreatorUtilsTests" time="0.0"/>
  <testcase name="testSetParameterValueWithDateAndUtilDate()" classname="org.springframework.jdbc.core.StatementCreatorUtilsTests" time="0.0"/>
  <testcase name="testSetParameterValueWithCalendarAndUnknownType()" classname="org.springframework.jdbc.core.StatementCreatorUtilsTests" time="0.001"/>
  <testcase name="testSetParameterValueWithString()" classname="org.springframework.jdbc.core.StatementCreatorUtilsTests" time="0.001"/>
  <testcase name="testSetParameterValueWithStringAndUnknownType()" classname="org.springframework.jdbc.core.StatementCreatorUtilsTests" time="0.001"/>
  <testcase name="testSetParameterValueWithStringAndVendorSpecificType()" classname="org.springframework.jdbc.core.StatementCreatorUtilsTests" time="0.001"/>
  <testcase name="testSetParameterValueWithNullAndVendorSpecificType()" classname="org.springframework.jdbc.core.StatementCreatorUtilsTests" time="0.001"/>
  <testcase name="testSetParameterValueWithTimeAndUtilDate()" classname="org.springframework.jdbc.core.StatementCreatorUtilsTests" time="0.0"/>
  <testcase name="testSetParameterValueWithSqlDate()" classname="org.springframework.jdbc.core.StatementCreatorUtilsTests" time="0.0"/>
  <testcase name="testSetParameterValueWithSqlTime()" classname="org.springframework.jdbc.core.StatementCreatorUtilsTests" time="0.001"/>
  <testcase name="testSetParameterValueWithNullAndUnknownType()" classname="org.springframework.jdbc.core.StatementCreatorUtilsTests" time="0.001"/>
  <testcase name="testSetParameterValueWithNullAndType()" classname="org.springframework.jdbc.core.StatementCreatorUtilsTests" time="0.006"/>
  <testcase name="testSetParameterValueWithStringAndSpecialType()" classname="org.springframework.jdbc.core.StatementCreatorUtilsTests" time="0.007"/>
  <testcase name="testSetParameterValueWithNullAndTypeName()" classname="org.springframework.jdbc.core.StatementCreatorUtilsTests" time="0.002"/>
  <testcase name="testSetParameterValueWithTimestampAndCalendar()" classname="org.springframework.jdbc.core.StatementCreatorUtilsTests" time="0.008"/>
  <testcase name="testSetParameterValueWithNullAndUnknownTypeOnDerbyEmbedded()" classname="org.springframework.jdbc.core.StatementCreatorUtilsTests" time="0.002"/>
  <system-out><![CDATA[]]></system-out>
  <system-err><![CDATA[]]></system-err>
</testsuite>
