<?xml version="1.0" encoding="UTF-8"?>
<testsuite name="org.springframework.jdbc.core.support.SqlLobValueTests" tests="10" skipped="0" failures="0" errors="0" timestamp="2023-03-20T07:43:42" hostname="DESKTOP-VGJP1PJ" time="0.368">
  <properties/>
  <testcase name="testCorrectCleanup()" classname="org.springframework.jdbc.core.support.SqlLobValueTests" time="0.341"/>
  <testcase name="testOtherSqlType()" classname="org.springframework.jdbc.core.support.SqlLobValueTests" time="0.002"/>
  <testcase name="test1()" classname="org.springframework.jdbc.core.support.SqlLobValueTests" time="0.003"/>
  <testcase name="test2()" classname="org.springframework.jdbc.core.support.SqlLobValueTests" time="0.003"/>
  <testcase name="test3()" classname="org.springframework.jdbc.core.support.SqlLobValueTests" time="0.005"/>
  <testcase name="test4()" classname="org.springframework.jdbc.core.support.SqlLobValueTests" time="0.001"/>
  <testcase name="test5()" classname="org.springframework.jdbc.core.support.SqlLobValueTests" time="0.005"/>
  <testcase name="test6()" classname="org.springframework.jdbc.core.support.SqlLobValueTests" time="0.001"/>
  <testcase name="test7()" classname="org.springframework.jdbc.core.support.SqlLobValueTests" time="0.002"/>
  <testcase name="testOtherConstructors()" classname="org.springframework.jdbc.core.support.SqlLobValueTests" time="0.002"/>
  <system-out><![CDATA[]]></system-out>
  <system-err><![CDATA[]]></system-err>
</testsuite>
