<?xml version="1.0" encoding="UTF-8"?>
<testsuite name="org.springframework.jdbc.support.CustomSQLExceptionTranslatorRegistrarTests" tests="1" skipped="0" failures="0" errors="0" timestamp="2023-03-20T07:43:56" hostname="DESKTOP-VGJP1PJ" time="0.042">
  <properties/>
  <testcase name="customErrorCodeTranslation()" classname="org.springframework.jdbc.support.CustomSQLExceptionTranslatorRegistrarTests" time="0.042"/>
  <system-out><![CDATA[]]></system-out>
  <system-err><![CDATA[]]></system-err>
</testsuite>
