<?xml version="1.0" encoding="UTF-8"?>
<testsuite name="org.springframework.jdbc.support.KeyHolderTests" tests="8" skipped="0" failures="0" errors="0" timestamp="2023-03-20T07:44:03" hostname="DESKTOP-VGJP1PJ" time="0.01">
  <properties/>
  <testcase name="getKeyWithNoKeysInMap()" classname="org.springframework.jdbc.support.KeyHolderTests" time="0.001"/>
  <testcase name="getKeyForSingleNumericKey()" classname="org.springframework.jdbc.support.KeyHolderTests" time="0.0"/>
  <testcase name="getKeysWithMultipleKeyRows()" classname="org.springframework.jdbc.support.KeyHolderTests" time="0.002"/>
  <testcase name="getKeyForSingleNonNumericKey()" classname="org.springframework.jdbc.support.KeyHolderTests" time="0.001"/>
  <testcase name="getKeyWithMultipleKeysInMap()" classname="org.springframework.jdbc.support.KeyHolderTests" time="0.001"/>
  <testcase name="getKeyAsWrongType()" classname="org.springframework.jdbc.support.KeyHolderTests" time="0.001"/>
  <testcase name="getKeyAsIntegerWithNullValue()" classname="org.springframework.jdbc.support.KeyHolderTests" time="0.001"/>
  <testcase name="getKeyAsStringForSingleKey()" classname="org.springframework.jdbc.support.KeyHolderTests" time="0.0"/>
  <system-out><![CDATA[]]></system-out>
  <system-err><![CDATA[]]></system-err>
</testsuite>
