<?xml version="1.0" encoding="UTF-8"?>
<testsuite name="org.springframework.jdbc.core.SingleColumnRowMapperTests" tests="3" skipped="0" failures="0" errors="0" timestamp="2023-03-20T07:43:42" hostname="DESKTOP-VGJP1PJ" time="0.007">
  <properties/>
  <testcase name="useCustomConversionService()" classname="org.springframework.jdbc.core.SingleColumnRowMapperTests" time="0.003"/>
  <testcase name="doesNotUseConversionService()" classname="org.springframework.jdbc.core.SingleColumnRowMapperTests" time="0.003"/>
  <testcase name="useDefaultConversionService()" classname="org.springframework.jdbc.core.SingleColumnRowMapperTests" time="0.001"/>
  <system-out><![CDATA[]]></system-out>
  <system-err><![CDATA[]]></system-err>
</testsuite>
