<?xml version="1.0" encoding="UTF-8"?>
<testsuite name="org.springframework.jdbc.core.namedparam.MapSqlParameterSourceExtensionsTests" tests="3" skipped="0" failures="0" errors="0" timestamp="2023-03-20T07:44:09" hostname="DESKTOP-VGJP1PJ" time="0.005">
  <properties/>
  <testcase name="setter with value and type()" classname="org.springframework.jdbc.core.namedparam.MapSqlParameterSourceExtensionsTests" time="0.003"/>
  <testcase name="setter with value, type and type name()" classname="org.springframework.jdbc.core.namedparam.MapSqlParameterSourceExtensionsTests" time="0.0"/>
  <testcase name="setter with value()" classname="org.springframework.jdbc.core.namedparam.MapSqlParameterSourceExtensionsTests" time="0.001"/>
  <system-out><![CDATA[]]></system-out>
  <system-err><![CDATA[]]></system-err>
</testsuite>
