<?xml version="1.0" encoding="UTF-8"?>
<testsuite name="org.springframework.jdbc.datasource.DriverManagerDataSourceTests" tests="4" skipped="0" failures="0" errors="0" timestamp="2023-03-20T07:43:46" hostname="DESKTOP-VGJP1PJ" time="0.005">
  <properties/>
  <testcase name="testUsageWithConnectionProperties()" classname="org.springframework.jdbc.datasource.DriverManagerDataSourceTests" time="0.0"/>
  <testcase name="testInvalidClassName()" classname="org.springframework.jdbc.datasource.DriverManagerDataSourceTests" time="0.001"/>
  <testcase name="testStandardUsage()" classname="org.springframework.jdbc.datasource.DriverManagerDataSourceTests" time="0.0"/>
  <testcase name="testUsageWithConnectionPropertiesAndUserCredentials()" classname="org.springframework.jdbc.datasource.DriverManagerDataSourceTests" time="0.001"/>
  <system-out><![CDATA[]]></system-out>
  <system-err><![CDATA[]]></system-err>
</testsuite>
