<?xml version="1.0" encoding="UTF-8"?>
<testsuite name="org.springframework.jdbc.datasource.init.ScriptUtilsUnitTests" tests="12" skipped="0" failures="0" errors="0" timestamp="2023-03-20T07:43:55" hostname="DESKTOP-VGJP1PJ" time="0.036">
  <properties/>
  <testcase name="readAndSplitScriptContainingMultiLineComments()" classname="org.springframework.jdbc.datasource.init.ScriptUtilsUnitTests" time="0.004"/>
  <testcase name="splitSqlScriptDelimitedWithSemicolon()" classname="org.springframework.jdbc.datasource.init.ScriptUtilsUnitTests" time="0.001"/>
  <testcase name="splitSqlScriptDelimitedWithNewLine()" classname="org.springframework.jdbc.datasource.init.ScriptUtilsUnitTests" time="0.001"/>
  <testcase name="readAndSplitScriptContainingCommentsWithMultiplePrefixes()" classname="org.springframework.jdbc.datasource.init.ScriptUtilsUnitTests" time="0.002"/>
  <testcase name="readAndSplitScriptContainingCommentsWithWindowsLineEnding()" classname="org.springframework.jdbc.datasource.init.ScriptUtilsUnitTests" time="0.004"/>
  <testcase name="containsDelimiters()" classname="org.springframework.jdbc.datasource.init.ScriptUtilsUnitTests" time="0.001"/>
  <testcase name="readAndSplitScriptContainingMultiLineNestedComments()" classname="org.springframework.jdbc.datasource.init.ScriptUtilsUnitTests" time="0.014"/>
  <testcase name="readAndSplitScriptWithMultipleNewlinesAsSeparator()" classname="org.springframework.jdbc.datasource.init.ScriptUtilsUnitTests" time="0.001"/>
  <testcase name="readAndSplitScriptContainingCommentsWithLeadingTabs()" classname="org.springframework.jdbc.datasource.init.ScriptUtilsUnitTests" time="0.001"/>
  <testcase name="splitScriptWithSingleQuotesNestedInsideDoubleQuotes()" classname="org.springframework.jdbc.datasource.init.ScriptUtilsUnitTests" time="0.001"/>
  <testcase name="readAndSplitScriptContainingComments()" classname="org.springframework.jdbc.datasource.init.ScriptUtilsUnitTests" time="0.001"/>
  <testcase name="splitSqlScriptDelimitedWithNewLineButDefaultDelimiterSpecified()" classname="org.springframework.jdbc.datasource.init.ScriptUtilsUnitTests" time="0.0"/>
  <system-out><![CDATA[]]></system-out>
  <system-err><![CDATA[]]></system-err>
</testsuite>
