<?xml version="1.0" encoding="UTF-8"?>
<testsuite name="org.springframework.jdbc.support.JdbcUtilsTests" tests="3" skipped="0" failures="0" errors="0" timestamp="2023-03-20T07:44:03" hostname="DESKTOP-VGJP1PJ" time="0.001">
  <properties/>
  <testcase name="commonDatabaseName()" classname="org.springframework.jdbc.support.JdbcUtilsTests" time="0.0"/>
  <testcase name="resolveTypeName()" classname="org.springframework.jdbc.support.JdbcUtilsTests" time="0.0"/>
  <testcase name="convertUnderscoreNameToPropertyName()" classname="org.springframework.jdbc.support.JdbcUtilsTests" time="0.0"/>
  <system-out><![CDATA[]]></system-out>
  <system-err><![CDATA[]]></system-err>
</testsuite>
