<?xml version="1.0" encoding="UTF-8"?>
<testsuite name="org.springframework.jdbc.datasource.lookup.JndiDataSourceLookupTests" tests="2" skipped="0" failures="0" errors="0" timestamp="2023-03-20T07:43:55" hostname="DESKTOP-VGJP1PJ" time="0.002">
  <properties/>
  <testcase name="testSunnyDay()" classname="org.springframework.jdbc.datasource.lookup.JndiDataSourceLookupTests" time="0.0"/>
  <testcase name="testNoDataSourceAtJndiLocation()" classname="org.springframework.jdbc.datasource.lookup.JndiDataSourceLookupTests" time="0.002"/>
  <system-out><![CDATA[]]></system-out>
  <system-err><![CDATA[]]></system-err>
</testsuite>
