<?xml version="1.0" encoding="UTF-8"?>
<testsuite name="org.springframework.jdbc.support.DataFieldMaxValueIncrementerTests" tests="6" skipped="0" failures="0" errors="0" timestamp="2023-03-20T07:44:00" hostname="DESKTOP-VGJP1PJ" time="0.025">
  <properties/>
  <testcase name="testMySQLMaxValueIncrementer()" classname="org.springframework.jdbc.support.DataFieldMaxValueIncrementerTests" time="0.004"/>
  <testcase name="testHsqlMaxValueIncrementer()" classname="org.springframework.jdbc.support.DataFieldMaxValueIncrementerTests" time="0.004"/>
  <testcase name="testOracleSequenceMaxValueIncrementer()" classname="org.springframework.jdbc.support.DataFieldMaxValueIncrementerTests" time="0.002"/>
  <testcase name="testHsqlMaxValueIncrementerWithDeleteSpecificValues()" classname="org.springframework.jdbc.support.DataFieldMaxValueIncrementerTests" time="0.006"/>
  <testcase name="testPostgresSequenceMaxValueIncrementer()" classname="org.springframework.jdbc.support.DataFieldMaxValueIncrementerTests" time="0.002"/>
  <testcase name="testHanaSequenceMaxValueIncrementer()" classname="org.springframework.jdbc.support.DataFieldMaxValueIncrementerTests" time="0.003"/>
  <system-out><![CDATA[]]></system-out>
  <system-err><![CDATA[]]></system-err>
</testsuite>
