<?xml version="1.0" encoding="UTF-8"?>
<testsuite name="org.springframework.jdbc.support.SQLExceptionCustomTranslatorTests" tests="2" skipped="0" failures="0" errors="0" timestamp="2023-03-20T07:44:03" hostname="DESKTOP-VGJP1PJ" time="0.002">
  <properties/>
  <testcase name="dataAccessResourceException()" classname="org.springframework.jdbc.support.SQLExceptionCustomTranslatorTests" time="0.001"/>
  <testcase name="badSqlGrammarException()" classname="org.springframework.jdbc.support.SQLExceptionCustomTranslatorTests" time="0.001"/>
  <system-out><![CDATA[]]></system-out>
  <system-err><![CDATA[]]></system-err>
</testsuite>
