<?xml version="1.0" encoding="UTF-8"?>
<testsuite name="org.springframework.jdbc.datasource.lookup.BeanFactoryDataSourceLookupTests" tests="3" skipped="0" failures="0" errors="0" timestamp="2023-03-20T07:43:55" hostname="DESKTOP-VGJP1PJ" time="0.023">
  <properties/>
  <testcase name="testLookupWhereBeanFactoryHasNotBeenSupplied()" classname="org.springframework.jdbc.datasource.lookup.BeanFactoryDataSourceLookupTests" time="0.001"/>
  <testcase name="testLookupSunnyDay()" classname="org.springframework.jdbc.datasource.lookup.BeanFactoryDataSourceLookupTests" time="0.019"/>
  <testcase name="testLookupWhereBeanFactoryYieldsNonDataSourceType()" classname="org.springframework.jdbc.datasource.lookup.BeanFactoryDataSourceLookupTests" time="0.003"/>
  <system-out><![CDATA[]]></system-out>
  <system-err><![CDATA[]]></system-err>
</testsuite>
