<?xml version="1.0" encoding="UTF-8"?>
<testsuite name="org.springframework.web.context.ContextLoaderInitializerTests" tests="1" skipped="0" failures="0" errors="0" timestamp="2023-03-20T07:59:06" hostname="DESKTOP-VGJP1PJ" time="0.037">
  <properties/>
  <testcase name="register()" classname="org.springframework.web.context.ContextLoaderInitializerTests" time="0.037"/>
  <system-out><![CDATA[02:59:06.997 [Test worker] INFO  o.s.w.c.ContextLoaderInitializerTests$MyMockServletContext - Initializing Spring root WebApplicationContext
02:59:06.997 [Test worker] INFO  o.s.w.c.ContextLoader - Root WebApplicationContext: initialization started
02:59:07.017 [Test worker] DEBUG o.s.w.c.s.StaticWebApplicationContext - Refreshing Root WebApplicationContext
02:59:07.029 [Test worker] INFO  o.s.w.c.ContextLoader - Root WebApplicationContext initialized in 32 ms
]]></system-out>
  <system-err><![CDATA[]]></system-err>
</testsuite>
