<?xml version="1.0" encoding="UTF-8"?>
<testsuite name="org.springframework.http.codec.ServerSentEventHttpMessageReaderTests" tests="11" skipped="0" failures="0" errors="0" timestamp="2023-03-20T07:58:39" hostname="DESKTOP-VGJP1PJ" time="4.687">
  <properties/>
  <testcase name="readServerSentEvents()" classname="org.springframework.http.codec.ServerSentEventHttpMessageReaderTests" time="0.017"/>
  <testcase name="readServerSentEventsWithMultipleChunks()" classname="org.springframework.http.codec.ServerSentEventHttpMessageReaderTests" time="0.011"/>
  <testcase name="decodeFullContentAsString()" classname="org.springframework.http.codec.ServerSentEventHttpMessageReaderTests" time="0.003"/>
  <testcase name="readError()" classname="org.springframework.http.codec.ServerSentEventHttpMessageReaderTests" time="0.006"/>
  <testcase name="readPojo()" classname="org.springframework.http.codec.ServerSentEventHttpMessageReaderTests" time="0.008"/>
  <testcase name="readString()" classname="org.springframework.http.codec.ServerSentEventHttpMessageReaderTests" time="0.005"/>
  <testcase name="cantRead()" classname="org.springframework.http.codec.ServerSentEventHttpMessageReaderTests" time="0.001"/>
  <testcase name="maxInMemoryLimit()" classname="org.springframework.http.codec.ServerSentEventHttpMessageReaderTests" time="0.004"/>
  <testcase name="canRead()" classname="org.springframework.http.codec.ServerSentEventHttpMessageReaderTests" time="0.0"/>
  <testcase name="readPojoWithCommentOnly()" classname="org.springframework.http.codec.ServerSentEventHttpMessageReaderTests" time="0.003"/>
  <testcase name="maxInMemoryLimitAllowsReadingPojoLargerThanDefaultSize()" classname="org.springframework.http.codec.ServerSentEventHttpMessageReaderTests" time="4.625"/>
  <system-out><![CDATA[02:58:39.386 [Test worker] DEBUG o.s.w.HttpLogging - Decoded [Pojo[foo='foofoo', bar='barbar']]
02:58:39.387 [Test worker] DEBUG o.s.w.HttpLogging - Decoded [Pojo[foo='foofoofoo', bar='barbarbar']]
02:58:44.029 [Test worker] DEBUG o.s.w.HttpLogging - Decoded [Pojo[foo='AaAaAaAaAaAaAaAaAaAaAaAaAaAaAaAaAaAaAaAaAaAaAaAaAaAaAaAaAaAaAaAaAaAaAaAaAaAaAaAaAaAaAaAaAa (truncated)...]
]]></system-out>
  <system-err><![CDATA[]]></system-err>
</testsuite>
