<?xml version="1.0" encoding="UTF-8"?>
<testsuite name="org.springframework.web.method.ControllerAdviceBeanTests" tests="18" skipped="0" failures="0" errors="0" timestamp="2023-03-20T07:59:11" hostname="DESKTOP-VGJP1PJ" time="0.067">
  <properties/>
  <testcase name="annotationSupport()" classname="org.springframework.web.method.ControllerAdviceBeanTests" time="0.008"/>
  <testcase name="orderedViaAnnotationForBeanInstance()" classname="org.springframework.web.method.ControllerAdviceBeanTests" time="0.002"/>
  <testcase name="orderedWithLowestPrecedenceByDefaultForBeanInstance()" classname="org.springframework.web.method.ControllerAdviceBeanTests" time="0.0"/>
  <testcase name="shouldMatchAll()" classname="org.springframework.web.method.ControllerAdviceBeanTests" time="0.0"/>
  <testcase name="multipleMatch()" classname="org.springframework.web.method.ControllerAdviceBeanTests" time="0.001"/>
  <testcase name="orderedViaAnnotationForBeanName()" classname="org.springframework.web.method.ControllerAdviceBeanTests" time="0.019"/>
  <testcase name="equalsHashCodeAndToStringForBeanName()" classname="org.springframework.web.method.ControllerAdviceBeanTests" time="0.001"/>
  <testcase name="constructorPreconditions()" classname="org.springframework.web.method.ControllerAdviceBeanTests" time="0.002"/>
  <testcase name="basePackageSupport()" classname="org.springframework.web.method.ControllerAdviceBeanTests" time="0.001"/>
  <testcase name="assignableTypesSupport()" classname="org.springframework.web.method.ControllerAdviceBeanTests" time="0.003"/>
  <testcase name="orderedViaOrderedInterfaceForBeanName()" classname="org.springframework.web.method.ControllerAdviceBeanTests" time="0.001"/>
  <testcase name="shouldNotMatch()" classname="org.springframework.web.method.ControllerAdviceBeanTests" time="0.001"/>
  <testcase name="markerClassSupport()" classname="org.springframework.web.method.ControllerAdviceBeanTests" time="0.0"/>
  <testcase name="findAnnotatedBeansSortsBeans()" classname="org.springframework.web.method.ControllerAdviceBeanTests" time="0.016"/>
  <testcase name="orderedViaOrderedInterfaceForBeanInstance()" classname="org.springframework.web.method.ControllerAdviceBeanTests" time="0.0"/>
  <testcase name="orderedWithLowestPrecedenceByDefaultForBeanName()" classname="org.springframework.web.method.ControllerAdviceBeanTests" time="0.001"/>
  <testcase name="basePackageValueSupport()" classname="org.springframework.web.method.ControllerAdviceBeanTests" time="0.0"/>
  <testcase name="equalsHashCodeAndToStringForBeanInstance()" classname="org.springframework.web.method.ControllerAdviceBeanTests" time="0.001"/>
  <system-out><![CDATA[]]></system-out>
  <system-err><![CDATA[]]></system-err>
</testsuite>
