<?xml version="1.0" encoding="UTF-8"?>
<testsuite name="org.springframework.http.client.StreamingSimpleClientHttpRequestFactoryTests" tests="8" skipped="1" failures="0" errors="0" timestamp="2023-03-20T07:58:35" hostname="DESKTOP-VGJP1PJ" time="0.056">
  <properties/>
  <testcase name="headersAfterExecute()" classname="org.springframework.http.client.StreamingSimpleClientHttpRequestFactoryTests" time="0.004"/>
  <testcase name="status()" classname="org.springframework.http.client.StreamingSimpleClientHttpRequestFactoryTests" time="0.004"/>
  <testcase name="echo()" classname="org.springframework.http.client.StreamingSimpleClientHttpRequestFactoryTests" time="0.005"/>
  <testcase name="multipleWrites()" classname="org.springframework.http.client.StreamingSimpleClientHttpRequestFactoryTests" time="0.005"/>
  <testcase name="queryParameters()" classname="org.springframework.http.client.StreamingSimpleClientHttpRequestFactoryTests" time="0.006"/>
  <testcase name="httpMethods()" classname="org.springframework.http.client.StreamingSimpleClientHttpRequestFactoryTests" time="0.023"/>
  <testcase name="largeFileUpload()" classname="org.springframework.http.client.StreamingSimpleClientHttpRequestFactoryTests" time="0.001">
    <skipped/>
  </testcase>
  <testcase name="interceptor()" classname="org.springframework.http.client.StreamingSimpleClientHttpRequestFactoryTests" time="0.004"/>
  <system-out><![CDATA[]]></system-out>
  <system-err><![CDATA[Mar 20, 2023 2:58:35 AM okhttp3.mockwebserver.MockWebServer$3 execute
INFO: MockWebServer[58791] starting to accept connections
Mar 20, 2023 2:58:35 AM okhttp3.mockwebserver.MockWebServer$4 processOneRequest
INFO: MockWebServer[58791] received request: POST /status/ok HTTP/1.1 and responded: HTTP/1.1 200 OK
Mar 20, 2023 2:58:35 AM okhttp3.mockwebserver.MockWebServer$3 acceptConnections
INFO: MockWebServer[58791] done accepting connections: socket closed
Mar 20, 2023 2:58:35 AM okhttp3.mockwebserver.MockWebServer$3 execute
INFO: MockWebServer[58793] starting to accept connections
Mar 20, 2023 2:58:35 AM okhttp3.mockwebserver.MockWebServer$4 processOneRequest
INFO: MockWebServer[58793] received request: GET /status/notfound HTTP/1.1 and responded: HTTP/1.1 404 Client Error
Mar 20, 2023 2:58:35 AM okhttp3.mockwebserver.MockWebServer$3 acceptConnections
INFO: MockWebServer[58793] done accepting connections: socket closed
Mar 20, 2023 2:58:35 AM okhttp3.mockwebserver.MockWebServer$3 execute
INFO: MockWebServer[58795] starting to accept connections
Mar 20, 2023 2:58:35 AM okhttp3.mockwebserver.MockWebServer$4 processOneRequest
INFO: MockWebServer[58795] received request: PUT /echo HTTP/1.1 and responded: HTTP/1.1 200 OK
Mar 20, 2023 2:58:35 AM okhttp3.mockwebserver.MockWebServer$3 acceptConnections
INFO: MockWebServer[58795] done accepting connections: socket closed
Mar 20, 2023 2:58:35 AM okhttp3.mockwebserver.MockWebServer$3 execute
INFO: MockWebServer[58797] starting to accept connections
Mar 20, 2023 2:58:35 AM okhttp3.mockwebserver.MockWebServer$3 acceptConnections
INFO: MockWebServer[58797] done accepting connections: Socket is closed
Mar 20, 2023 2:58:35 AM okhttp3.mockwebserver.MockWebServer$4 execute
INFO: MockWebServer[58797] connection from /127.0.0.1 failed: java.net.SocketException: Socket is closed
Mar 20, 2023 2:58:35 AM okhttp3.mockwebserver.MockWebServer$3 execute
INFO: MockWebServer[58799] starting to accept connections
Mar 20, 2023 2:58:35 AM okhttp3.mockwebserver.MockWebServer$4 processOneRequest
INFO: MockWebServer[58799] received request: GET /params?param1=value&param2=value1&param2=value2 HTTP/1.1 and responded: HTTP/1.1 200 OK
Mar 20, 2023 2:58:35 AM okhttp3.mockwebserver.MockWebServer$3 acceptConnections
INFO: MockWebServer[58799] done accepting connections: socket closed
Mar 20, 2023 2:58:35 AM okhttp3.mockwebserver.MockWebServer$3 execute
INFO: MockWebServer[58801] starting to accept connections
Mar 20, 2023 2:58:35 AM okhttp3.mockwebserver.MockWebServer$4 processOneRequest
INFO: MockWebServer[58801] received request: GET /methods/get HTTP/1.1 and responded: HTTP/1.1 200 OK
Mar 20, 2023 2:58:35 AM okhttp3.mockwebserver.MockWebServer$4 processOneRequest
INFO: MockWebServer[58801] received request: HEAD /methods/head HTTP/1.1 and responded: HTTP/1.1 200 OK
Mar 20, 2023 2:58:35 AM okhttp3.mockwebserver.MockWebServer$4 processOneRequest
INFO: MockWebServer[58801] received request: POST /methods/post HTTP/1.1 and responded: HTTP/1.1 200 OK
Mar 20, 2023 2:58:35 AM okhttp3.mockwebserver.MockWebServer$4 processOneRequest
INFO: MockWebServer[58801] received request: PUT /methods/put HTTP/1.1 and responded: HTTP/1.1 200 OK
Mar 20, 2023 2:58:35 AM okhttp3.mockwebserver.MockWebServer$4 processOneRequest
INFO: MockWebServer[58801] received request: OPTIONS /methods/options HTTP/1.1 and responded: HTTP/1.1 200 OK
Mar 20, 2023 2:58:35 AM okhttp3.mockwebserver.MockWebServer$4 processOneRequest
INFO: MockWebServer[58801] received request: DELETE /methods/delete HTTP/1.1 and responded: HTTP/1.1 200 OK
Mar 20, 2023 2:58:35 AM okhttp3.mockwebserver.MockWebServer$3 acceptConnections
INFO: MockWebServer[58801] done accepting connections: socket closed
Mar 20, 2023 2:58:35 AM okhttp3.mockwebserver.MockWebServer$3 execute
INFO: MockWebServer[58803] starting to accept connections
Mar 20, 2023 2:58:35 AM okhttp3.mockwebserver.MockWebServer$4 processOneRequest
INFO: MockWebServer[58803] received request: GET /echo HTTP/1.1 and responded: HTTP/1.1 200 OK
Mar 20, 2023 2:58:35 AM okhttp3.mockwebserver.MockWebServer$3 acceptConnections
INFO: MockWebServer[58803] done accepting connections: socket closed
]]></system-err>
</testsuite>
