<?xml version="1.0" encoding="UTF-8"?>
<testsuite name="org.springframework.http.codec.multipart.PartHttpMessageWriterTests" tests="2" skipped="0" failures="0" errors="0" timestamp="2023-03-20T07:58:39" hostname="DESKTOP-VGJP1PJ" time="0.018">
  <properties/>
  <testcase name="canWrite()" classname="org.springframework.http.codec.multipart.PartHttpMessageWriterTests" time="0.001"/>
  <testcase name="write()" classname="org.springframework.http.codec.multipart.PartHttpMessageWriterTests" time="0.017"/>
  <system-out><![CDATA[02:58:39.096 [Test worker] DEBUG o.s.w.HttpLogging - Encoding Publisher<Part>
02:58:39.102 [Test worker] DEBUG o.s.w.HttpLogging - Parsed parts [file part, text part] (content masked)
]]></system-out>
  <system-err><![CDATA[]]></system-err>
</testsuite>
