<?xml version="1.0" encoding="UTF-8"?>
<testsuite name="org.springframework.web.server.adapter.ForwardedHeaderTransformerTests" tests="12" skipped="0" failures="0" errors="0" timestamp="2023-03-20T07:59:12" hostname="DESKTOP-VGJP1PJ" time="9.13">
  <properties/>
  <testcase name="shouldConcatenatePrefixesWithTrailingSlashes()" classname="org.springframework.web.server.adapter.ForwardedHeaderTransformerTests" time="0.006"/>
  <testcase name="xForwardedFor()" classname="org.springframework.web.server.adapter.ForwardedHeaderTransformerTests" time="4.542"/>
  <testcase name="forwardedHeader()" classname="org.springframework.web.server.adapter.ForwardedHeaderTransformerTests" time="0.001"/>
  <testcase name="xForwardedPrefixShouldNotLeadToDecodedPath()" classname="org.springframework.web.server.adapter.ForwardedHeaderTransformerTests" time="0.001"/>
  <testcase name="forwardedFor()" classname="org.springframework.web.server.adapter.ForwardedHeaderTransformerTests" time="4.569"/>
  <testcase name="forwardedForNotPresent()" classname="org.springframework.web.server.adapter.ForwardedHeaderTransformerTests" time="0.001"/>
  <testcase name="xForwardedPrefixTrailingSlash()" classname="org.springframework.web.server.adapter.ForwardedHeaderTransformerTests" time="0.001"/>
  <testcase name="xForwardedHeaders()" classname="org.springframework.web.server.adapter.ForwardedHeaderTransformerTests" time="0.001"/>
  <testcase name="removeOnly()" classname="org.springframework.web.server.adapter.ForwardedHeaderTransformerTests" time="0.001"/>
  <testcase name="shouldConcatenatePrefixes()" classname="org.springframework.web.server.adapter.ForwardedHeaderTransformerTests" time="0.001"/>
  <testcase name="xForwardedPrefix()" classname="org.springframework.web.server.adapter.ForwardedHeaderTransformerTests" time="0.001"/>
  <testcase name="shouldNotDoubleEncode()" classname="org.springframework.web.server.adapter.ForwardedHeaderTransformerTests" time="0.001"/>
  <system-out><![CDATA[]]></system-out>
  <system-err><![CDATA[]]></system-err>
</testsuite>
