<?xml version="1.0" encoding="UTF-8"?>
<testsuite name="org.springframework.http.converter.json.Jackson2ObjectMapperFactoryBeanTests" tests="24" skipped="0" failures="0" errors="0" timestamp="2023-03-20T07:58:46" hostname="DESKTOP-VGJP1PJ" time="0.025">
  <properties/>
  <testcase name="unknownFeature()" classname="org.springframework.http.converter.json.Jackson2ObjectMapperFactoryBeanTests" time="0.0"/>
  <testcase name="propertyNamingStrategy()" classname="org.springframework.http.converter.json.Jackson2ObjectMapperFactoryBeanTests" time="0.001"/>
  <testcase name="simpleSetup()" classname="org.springframework.http.converter.json.Jackson2ObjectMapperFactoryBeanTests" time="0.001"/>
  <testcase name="defaultModules()" classname="org.springframework.http.converter.json.Jackson2ObjectMapperFactoryBeanTests" time="0.001"/>
  <testcase name="nonNullSerializationInclusion()" classname="org.springframework.http.converter.json.Jackson2ObjectMapperFactoryBeanTests" time="0.001"/>
  <testcase name="undefinedObjectType()" classname="org.springframework.http.converter.json.Jackson2ObjectMapperFactoryBeanTests" time="0.0"/>
  <testcase name="customizeDefaultModulesWithSerializer()" classname="org.springframework.http.converter.json.Jackson2ObjectMapperFactoryBeanTests" time="0.001"/>
  <testcase name="setModules()" classname="org.springframework.http.converter.json.Jackson2ObjectMapperFactoryBeanTests" time="0.0"/>
  <testcase name="setTimeZone()" classname="org.springframework.http.converter.json.Jackson2ObjectMapperFactoryBeanTests" time="0.0"/>
  <testcase name="completeSetup()" classname="org.springframework.http.converter.json.Jackson2ObjectMapperFactoryBeanTests" time="0.001"/>
  <testcase name="booleanSetters()" classname="org.springframework.http.converter.json.Jackson2ObjectMapperFactoryBeanTests" time="0.001"/>
  <testcase name="setLocale()" classname="org.springframework.http.converter.json.Jackson2ObjectMapperFactoryBeanTests" time="0.001"/>
  <testcase name="setMixIns()" classname="org.springframework.http.converter.json.Jackson2ObjectMapperFactoryBeanTests" time="0.0"/>
  <testcase name="nonDefaultSerializationInclusion()" classname="org.springframework.http.converter.json.Jackson2ObjectMapperFactoryBeanTests" time="0.001"/>
  <testcase name="setDateFormat()" classname="org.springframework.http.converter.json.Jackson2ObjectMapperFactoryBeanTests" time="0.0"/>
  <testcase name="setTimeZoneWithInvalidZoneId()" classname="org.springframework.http.converter.json.Jackson2ObjectMapperFactoryBeanTests" time="0.001"/>
  <testcase name="setObjectMapper()" classname="org.springframework.http.converter.json.Jackson2ObjectMapperFactoryBeanTests" time="0.003"/>
  <testcase name="setCreateXmlMapper()" classname="org.springframework.http.converter.json.Jackson2ObjectMapperFactoryBeanTests" time="0.002"/>
  <testcase name="nonEmptySerializationInclusion()" classname="org.springframework.http.converter.json.Jackson2ObjectMapperFactoryBeanTests" time="0.0"/>
  <testcase name="defaultSerializationInclusion()" classname="org.springframework.http.converter.json.Jackson2ObjectMapperFactoryBeanTests" time="0.0"/>
  <testcase name="setFactory()" classname="org.springframework.http.converter.json.Jackson2ObjectMapperFactoryBeanTests" time="0.001"/>
  <testcase name="customizeDefaultModulesWithModuleClass()" classname="org.springframework.http.converter.json.Jackson2ObjectMapperFactoryBeanTests" time="0.001"/>
  <testcase name="setSimpleDateFormat()" classname="org.springframework.http.converter.json.Jackson2ObjectMapperFactoryBeanTests" time="0.001"/>
  <testcase name="setFilters()" classname="org.springframework.http.converter.json.Jackson2ObjectMapperFactoryBeanTests" time="0.001"/>
  <system-out><![CDATA[]]></system-out>
  <system-err><![CDATA[]]></system-err>
</testsuite>
