<?xml version="1.0" encoding="UTF-8"?>
<testsuite name="org.springframework.http.converter.FormHttpMessageConverterTests" tests="9" skipped="0" failures="0" errors="0" timestamp="2023-03-20T07:58:45" hostname="DESKTOP-VGJP1PJ" time="0.253">
  <properties/>
  <testcase name="setSupportedMediaTypes()" classname="org.springframework.http.converter.FormHttpMessageConverterTests" time="0.001"/>
  <testcase name="addSupportedMediaTypes()" classname="org.springframework.http.converter.FormHttpMessageConverterTests" time="0.001"/>
  <testcase name="writeForm()" classname="org.springframework.http.converter.FormHttpMessageConverterTests" time="0.002"/>
  <testcase name="readForm()" classname="org.springframework.http.converter.FormHttpMessageConverterTests" time="0.0"/>
  <testcase name="canWrite()" classname="org.springframework.http.converter.FormHttpMessageConverterTests" time="0.001"/>
  <testcase name="canRead()" classname="org.springframework.http.converter.FormHttpMessageConverterTests" time="0.0"/>
  <testcase name="writeMultipartOrder()" classname="org.springframework.http.converter.FormHttpMessageConverterTests" time="0.146"/>
  <testcase name="cannotReadMultipart()" classname="org.springframework.http.converter.FormHttpMessageConverterTests" time="0.001"/>
  <testcase name="writeMultipart()" classname="org.springframework.http.converter.FormHttpMessageConverterTests" time="0.074"/>
  <system-out><![CDATA[]]></system-out>
  <system-err><![CDATA[]]></system-err>
</testsuite>
