<?xml version="1.0" encoding="UTF-8"?>
<testsuite name="org.springframework.remoting.httpinvoker.HttpComponentsHttpInvokerRequestExecutorTests" tests="7" skipped="0" failures="0" errors="0" timestamp="2023-03-20T07:58:59" hostname="DESKTOP-VGJP1PJ" time="0.026">
  <properties/>
  <testcase name="ignoreFactorySettings()" classname="org.springframework.remoting.httpinvoker.HttpComponentsHttpInvokerRequestExecutorTests" time="0.015"/>
  <testcase name="customizeConnectionTimeout()" classname="org.springframework.remoting.httpinvoker.HttpComponentsHttpInvokerRequestExecutorTests" time="0.002"/>
  <testcase name="customizeReadTimeout()" classname="org.springframework.remoting.httpinvoker.HttpComponentsHttpInvokerRequestExecutorTests" time="0.001"/>
  <testcase name="mergeBasedOnCurrentHttpClient()" classname="org.springframework.remoting.httpinvoker.HttpComponentsHttpInvokerRequestExecutorTests" time="0.002"/>
  <testcase name="localSettingsOverrideClientDefaultSettings()" classname="org.springframework.remoting.httpinvoker.HttpComponentsHttpInvokerRequestExecutorTests" time="0.001"/>
  <testcase name="customizeConnectionRequestTimeout()" classname="org.springframework.remoting.httpinvoker.HttpComponentsHttpInvokerRequestExecutorTests" time="0.001"/>
  <testcase name="defaultSettingsOfHttpClientMergedOnExecutorCustomization()" classname="org.springframework.remoting.httpinvoker.HttpComponentsHttpInvokerRequestExecutorTests" time="0.002"/>
  <system-out><![CDATA[]]></system-out>
  <system-err><![CDATA[]]></system-err>
</testsuite>
