<?xml version="1.0" encoding="UTF-8"?>
<testsuite name="org.springframework.web.context.support.ResourceTests" tests="2" skipped="0" failures="0" errors="0" timestamp="2023-03-20T07:59:09" hostname="DESKTOP-VGJP1PJ" time="0.004">
  <properties/>
  <testcase name="testServletContextResourceWithRelativePath()" classname="org.springframework.web.context.support.ResourceTests" time="0.001"/>
  <testcase name="testServletContextResource()" classname="org.springframework.web.context.support.ResourceTests" time="0.003"/>
  <system-out><![CDATA[]]></system-out>
  <system-err><![CDATA[]]></system-err>
</testsuite>
