<?xml version="1.0" encoding="UTF-8"?>
<testsuite name="org.springframework.http.client.OkHttp3ClientHttpRequestFactoryTests" tests="6" skipped="0" failures="0" errors="0" timestamp="2023-03-20T07:58:30" hostname="DESKTOP-VGJP1PJ" time="0.125">
  <properties/>
  <testcase name="headersAfterExecute()" classname="org.springframework.http.client.OkHttp3ClientHttpRequestFactoryTests" time="0.006"/>
  <testcase name="status()" classname="org.springframework.http.client.OkHttp3ClientHttpRequestFactoryTests" time="0.005"/>
  <testcase name="echo()" classname="org.springframework.http.client.OkHttp3ClientHttpRequestFactoryTests" time="0.007"/>
  <testcase name="multipleWrites()" classname="org.springframework.http.client.OkHttp3ClientHttpRequestFactoryTests" time="0.006"/>
  <testcase name="queryParameters()" classname="org.springframework.http.client.OkHttp3ClientHttpRequestFactoryTests" time="0.006"/>
  <testcase name="httpMethods()" classname="org.springframework.http.client.OkHttp3ClientHttpRequestFactoryTests" time="0.093"/>
  <system-out><![CDATA[]]></system-out>
  <system-err><![CDATA[Mar 20, 2023 2:58:30 AM okhttp3.mockwebserver.MockWebServer$3 execute
INFO: MockWebServer[58661] starting to accept connections
Mar 20, 2023 2:58:30 AM okhttp3.mockwebserver.MockWebServer$4 processOneRequest
INFO: MockWebServer[58661] received request: POST /status/ok HTTP/1.1 and responded: HTTP/1.1 200 OK
Mar 20, 2023 2:58:30 AM okhttp3.mockwebserver.MockWebServer$3 acceptConnections
INFO: MockWebServer[58661] done accepting connections: socket closed
Mar 20, 2023 2:58:30 AM okhttp3.mockwebserver.MockWebServer$3 execute
INFO: MockWebServer[58663] starting to accept connections
Mar 20, 2023 2:58:30 AM okhttp3.mockwebserver.MockWebServer$4 processOneRequest
INFO: MockWebServer[58663] received request: GET /status/notfound HTTP/1.1 and responded: HTTP/1.1 404 Client Error
Mar 20, 2023 2:58:30 AM okhttp3.mockwebserver.MockWebServer$3 acceptConnections
INFO: MockWebServer[58663] done accepting connections: socket closed
Mar 20, 2023 2:58:30 AM okhttp3.mockwebserver.MockWebServer$3 execute
INFO: MockWebServer[58665] starting to accept connections
Mar 20, 2023 2:58:30 AM okhttp3.mockwebserver.MockWebServer$4 processOneRequest
INFO: MockWebServer[58665] received request: PUT /echo HTTP/1.1 and responded: HTTP/1.1 200 OK
Mar 20, 2023 2:58:30 AM okhttp3.mockwebserver.MockWebServer$3 acceptConnections
INFO: MockWebServer[58665] done accepting connections: socket closed
Mar 20, 2023 2:58:30 AM okhttp3.mockwebserver.MockWebServer$3 execute
INFO: MockWebServer[58667] starting to accept connections
Mar 20, 2023 2:58:30 AM okhttp3.mockwebserver.MockWebServer$4 processOneRequest
INFO: MockWebServer[58667] received request: POST /echo HTTP/1.1 and responded: HTTP/1.1 200 OK
Mar 20, 2023 2:58:30 AM okhttp3.mockwebserver.MockWebServer$3 acceptConnections
INFO: MockWebServer[58667] done accepting connections: socket closed
Mar 20, 2023 2:58:30 AM okhttp3.mockwebserver.MockWebServer$3 execute
INFO: MockWebServer[58669] starting to accept connections
Mar 20, 2023 2:58:30 AM okhttp3.mockwebserver.MockWebServer$4 processOneRequest
INFO: MockWebServer[58669] received request: GET /params?param1=value&param2=value1&param2=value2 HTTP/1.1 and responded: HTTP/1.1 200 OK
Mar 20, 2023 2:58:30 AM okhttp3.mockwebserver.MockWebServer$3 acceptConnections
INFO: MockWebServer[58669] done accepting connections: socket closed
Mar 20, 2023 2:58:30 AM okhttp3.mockwebserver.MockWebServer$3 execute
INFO: MockWebServer[58671] starting to accept connections
Mar 20, 2023 2:58:30 AM okhttp3.mockwebserver.MockWebServer$4 processOneRequest
INFO: MockWebServer[58671] received request: GET /methods/get HTTP/1.1 and responded: HTTP/1.1 200 OK
Mar 20, 2023 2:58:30 AM okhttp3.mockwebserver.MockWebServer$4 processOneRequest
INFO: MockWebServer[58671] received request: HEAD /methods/head HTTP/1.1 and responded: HTTP/1.1 200 OK
Mar 20, 2023 2:58:30 AM okhttp3.mockwebserver.MockWebServer$4 processOneRequest
INFO: MockWebServer[58671] received request: POST /methods/post HTTP/1.1 and responded: HTTP/1.1 200 OK
Mar 20, 2023 2:58:30 AM okhttp3.mockwebserver.MockWebServer$4 processOneRequest
INFO: MockWebServer[58671] received request: PUT /methods/put HTTP/1.1 and responded: HTTP/1.1 200 OK
Mar 20, 2023 2:58:30 AM okhttp3.mockwebserver.MockWebServer$4 processOneRequest
INFO: MockWebServer[58671] received request: OPTIONS /methods/options HTTP/1.1 and responded: HTTP/1.1 200 OK
Mar 20, 2023 2:58:30 AM okhttp3.mockwebserver.MockWebServer$4 processOneRequest
INFO: MockWebServer[58671] received request: DELETE /methods/delete HTTP/1.1 and responded: HTTP/1.1 200 OK
Mar 20, 2023 2:58:30 AM okhttp3.mockwebserver.MockWebServer$4 processOneRequest
INFO: MockWebServer[58671] received request: PATCH /methods/patch HTTP/1.1 and responded: HTTP/1.1 200 OK
Mar 20, 2023 2:58:30 AM okhttp3.mockwebserver.MockWebServer$3 acceptConnections
INFO: MockWebServer[58671] done accepting connections: socket closed
]]></system-err>
</testsuite>
