<?xml version="1.0" encoding="UTF-8"?>
<testsuite name="org.springframework.web.cors.reactive.DefaultCorsProcessorTests" tests="23" skipped="0" failures="0" errors="0" timestamp="2023-03-20T07:59:09" hostname="DESKTOP-VGJP1PJ" time="0.047">
  <properties/>
  <testcase name="sameOriginRequest()" classname="org.springframework.web.cors.reactive.DefaultCorsProcessorTests" time="0.001"/>
  <testcase name="preflightRequestWithEmptyHeaders()" classname="org.springframework.web.cors.reactive.DefaultCorsProcessorTests" time="0.0"/>
  <testcase name="actualRequestCredentialsWithWildcardOrigin()" classname="org.springframework.web.cors.reactive.DefaultCorsProcessorTests" time="0.001"/>
  <testcase name="preflightRequestValidRequestAndConfig()" classname="org.springframework.web.cors.reactive.DefaultCorsProcessorTests" time="0.003"/>
  <testcase name="preflightRequestWithoutRequestMethod()" classname="org.springframework.web.cors.reactive.DefaultCorsProcessorTests" time="0.0"/>
  <testcase name="preflightRequestTestWithOriginButWithoutOtherHeaders()" classname="org.springframework.web.cors.reactive.DefaultCorsProcessorTests" time="0.02"/>
  <testcase name="preflightRequestAllowedHeaders()" classname="org.springframework.web.cors.reactive.DefaultCorsProcessorTests" time="0.001"/>
  <testcase name="preflightRequestCredentials()" classname="org.springframework.web.cors.reactive.DefaultCorsProcessorTests" time="0.001"/>
  <testcase name="preflightRequestAllowsAllHeaders()" classname="org.springframework.web.cors.reactive.DefaultCorsProcessorTests" time="0.001"/>
  <testcase name="preflightRequestWithRequestAndMethodHeaderButNoConfig()" classname="org.springframework.web.cors.reactive.DefaultCorsProcessorTests" time="0.0"/>
  <testcase name="preflightRequestWrongAllowedMethod()" classname="org.springframework.web.cors.reactive.DefaultCorsProcessorTests" time="0.0"/>
  <testcase name="preflightRequestMatchedAllowedMethod()" classname="org.springframework.web.cors.reactive.DefaultCorsProcessorTests" time="0.001"/>
  <testcase name="actualRequestCaseInsensitiveOriginMatch()" classname="org.springframework.web.cors.reactive.DefaultCorsProcessorTests" time="0.001"/>
  <testcase name="preventDuplicatedVaryHeaders()" classname="org.springframework.web.cors.reactive.DefaultCorsProcessorTests" time="0.0"/>
  <testcase name="actualRequestWithOriginHeaderAndAllowedOrigin()" classname="org.springframework.web.cors.reactive.DefaultCorsProcessorTests" time="0.001"/>
  <testcase name="actualRequestCredentials()" classname="org.springframework.web.cors.reactive.DefaultCorsProcessorTests" time="0.002"/>
  <testcase name="requestWithoutOriginHeader()" classname="org.springframework.web.cors.reactive.DefaultCorsProcessorTests" time="0.001"/>
  <testcase name="actualRequestWithOriginHeaderAndNullConfig()" classname="org.springframework.web.cors.reactive.DefaultCorsProcessorTests" time="0.0"/>
  <testcase name="preflightRequestCredentialsWithWildcardOrigin()" classname="org.springframework.web.cors.reactive.DefaultCorsProcessorTests" time="0.002"/>
  <testcase name="actualRequestExposedHeaders()" classname="org.springframework.web.cors.reactive.DefaultCorsProcessorTests" time="0.001"/>
  <testcase name="preflightRequestWithNullConfig()" classname="org.springframework.web.cors.reactive.DefaultCorsProcessorTests" time="0.001"/>
  <testcase name="preflightRequestAllOriginsAllowed()" classname="org.springframework.web.cors.reactive.DefaultCorsProcessorTests" time="0.0"/>
  <testcase name="actualRequestWithOriginHeader()" classname="org.springframework.web.cors.reactive.DefaultCorsProcessorTests" time="0.0"/>
  <system-out><![CDATA[02:59:09.648 [Test worker] DEBUG o.s.w.c.r.DefaultCorsProcessor - Reject: 'https://domain2.com' origin is not allowed
02:59:09.654 [Test worker] DEBUG o.s.w.c.r.DefaultCorsProcessor - Reject: 'https://domain2.com' origin is not allowed
02:59:09.678 [Test worker] DEBUG o.s.w.c.r.DefaultCorsProcessor - Reject: 'https://domain2.com' origin is not allowed
02:59:09.678 [Test worker] DEBUG o.s.w.c.r.DefaultCorsProcessor - Reject: HTTP 'DELETE' is not allowed
02:59:09.690 [Test worker] DEBUG o.s.w.c.r.DefaultCorsProcessor - Reject: 'https://domain2.com' origin is not allowed
]]></system-out>
  <system-err><![CDATA[]]></system-err>
</testsuite>
