<?xml version="1.0" encoding="UTF-8"?>
<testsuite name="org.springframework.http.server.reactive.EchoHandlerIntegrationTests" tests="4" skipped="0" failures="0" errors="0" timestamp="2023-03-20T07:58:53" hostname="DESKTOP-VGJP1PJ" time="0.497">
  <properties/>
  <testcase name="echo(HttpServer)[1]" classname="org.springframework.http.server.reactive.EchoHandlerIntegrationTests" time="0.021"/>
  <testcase name="echo(HttpServer)[2]" classname="org.springframework.http.server.reactive.EchoHandlerIntegrationTests" time="0.015"/>
  <testcase name="echo(HttpServer)[3]" classname="org.springframework.http.server.reactive.EchoHandlerIntegrationTests" time="0.225"/>
  <testcase name="echo(HttpServer)[4]" classname="org.springframework.http.server.reactive.EchoHandlerIntegrationTests" time="0.234"/>
  <system-out><![CDATA[02:58:53.985 [Test worker] DEBUG o.s.w.t.h.s.r.b.JettyHttpServer - Starting JettyHttpServer...
02:58:53.990 [Test worker] DEBUG o.s.w.t.h.s.r.b.JettyHttpServer - Server started on port 58872(0 millis).
02:58:53.995 [Test worker] DEBUG o.s.w.c.RestTemplate - HTTP POST http://localhost:58872
02:58:53.995 [Test worker] DEBUG o.s.w.c.RestTemplate - Accept=[application/octet-stream, application/xml, text/xml, application/json, application/x-jackson-smile, application/cbor, application/*+xml, application/*+json, */*]
02:58:53.996 [Test worker] DEBUG o.s.w.c.RestTemplate - Writing [[B@4b0a0a9b] with org.springframework.http.converter.ByteArrayHttpMessageConverter
02:58:54.000 [Test worker] DEBUG o.s.w.c.RestTemplate - Response 200 OK
02:58:54.000 [Test worker] DEBUG o.s.w.c.RestTemplate - Reading to [[B] as "application/octet-stream"
02:58:54.001 [Test worker] DEBUG o.s.w.t.h.s.r.b.JettyHttpServer - Stopping JettyHttpServer...
02:58:54.004 [Test worker] DEBUG o.s.w.t.h.s.r.b.JettyHttpServer - Server stopped (0 millis).
02:58:54.005 [Test worker] DEBUG o.s.w.t.h.s.r.b.ReactorHttpServer - Starting ReactorHttpServer...
02:58:54.007 [Test worker] DEBUG o.s.w.t.h.s.r.b.ReactorHttpServer - Server started on port 58878(0 millis).
02:58:54.011 [Test worker] DEBUG o.s.w.c.RestTemplate - HTTP POST http://localhost:58878
02:58:54.012 [Test worker] DEBUG o.s.w.c.RestTemplate - Accept=[application/octet-stream, application/xml, text/xml, application/json, application/x-jackson-smile, application/cbor, application/*+xml, application/*+json, */*]
02:58:54.012 [Test worker] DEBUG o.s.w.c.RestTemplate - Writing [[B@dc8dc9f] with org.springframework.http.converter.ByteArrayHttpMessageConverter
02:58:54.018 [Test worker] DEBUG o.s.w.c.RestTemplate - Response 200 OK
02:58:54.019 [Test worker] DEBUG o.s.w.c.RestTemplate - Reading to [[B] as "application/octet-stream"
02:58:54.020 [Test worker] DEBUG o.s.w.t.h.s.r.b.ReactorHttpServer - Stopping ReactorHttpServer...
02:58:54.021 [Test worker] DEBUG o.s.w.t.h.s.r.b.ReactorHttpServer - Server stopped (0 millis).
02:58:54.022 [Test worker] DEBUG o.s.w.t.h.s.r.b.TomcatHttpServer - Starting TomcatHttpServer...
02:58:54.036 [Test worker] DEBUG o.s.w.t.h.s.r.b.TomcatHttpServer - Server started on port 58880(0 millis).
02:58:54.042 [Test worker] DEBUG o.s.w.c.RestTemplate - HTTP POST http://localhost:58880
02:58:54.042 [Test worker] DEBUG o.s.w.c.RestTemplate - Accept=[application/octet-stream, application/xml, text/xml, application/json, application/x-jackson-smile, application/cbor, application/*+xml, application/*+json, */*]
02:58:54.042 [Test worker] DEBUG o.s.w.c.RestTemplate - Writing [[B@6ad9fbeb] with org.springframework.http.converter.ByteArrayHttpMessageConverter
02:58:54.048 [Test worker] DEBUG o.s.w.c.RestTemplate - Response 200 OK
02:58:54.049 [Test worker] DEBUG o.s.w.c.RestTemplate - Reading to [[B] as "application/octet-stream"
02:58:54.050 [Test worker] DEBUG o.s.w.t.h.s.r.b.TomcatHttpServer - Stopping TomcatHttpServer...
02:58:54.246 [Test worker] DEBUG o.s.w.t.h.s.r.b.TomcatHttpServer - Server stopped (0 millis).
02:58:54.247 [Test worker] DEBUG o.s.w.t.h.s.r.b.UndertowHttpServer - Starting UndertowHttpServer...
02:58:54.258 [Test worker] DEBUG o.s.w.t.h.s.r.b.UndertowHttpServer - Server started on port 58897(0 millis).
02:58:54.264 [Test worker] DEBUG o.s.w.c.RestTemplate - HTTP POST http://localhost:58897
02:58:54.265 [Test worker] DEBUG o.s.w.c.RestTemplate - Accept=[application/octet-stream, application/xml, text/xml, application/json, application/x-jackson-smile, application/cbor, application/*+xml, application/*+json, */*]
02:58:54.265 [Test worker] DEBUG o.s.w.c.RestTemplate - Writing [[B@6c1b2b6f] with org.springframework.http.converter.ByteArrayHttpMessageConverter
02:58:54.462 [Test worker] DEBUG o.s.w.c.RestTemplate - Response 200 OK
02:58:54.463 [Test worker] DEBUG o.s.w.c.RestTemplate - Reading to [[B] as "application/octet-stream"
02:58:54.464 [Test worker] DEBUG o.s.w.t.h.s.r.b.UndertowHttpServer - Stopping UndertowHttpServer...
02:58:54.479 [Test worker] DEBUG o.s.w.t.h.s.r.b.UndertowHttpServer - Server stopped (0 millis).
]]></system-out>
  <system-err><![CDATA[Mar 20, 2023 2:58:54 AM org.apache.catalina.core.StandardService startInternal
INFO: Starting service [Tomcat]
Mar 20, 2023 2:58:54 AM org.apache.catalina.core.StandardEngine startInternal
INFO: Starting Servlet engine: [Apache Tomcat/9.0.37]
Mar 20, 2023 2:58:54 AM org.apache.coyote.AbstractProtocol init
INFO: Initializing ProtocolHandler ["http-nio-auto-3"]
Mar 20, 2023 2:58:54 AM org.apache.coyote.AbstractProtocol start
INFO: Starting ProtocolHandler ["http-nio-auto-3-58880"]
Mar 20, 2023 2:58:54 AM org.apache.coyote.AbstractProtocol pause
INFO: Pausing ProtocolHandler ["http-nio-auto-3-58880"]
Mar 20, 2023 2:58:54 AM org.apache.catalina.core.StandardService stopInternal
INFO: Stopping service [Tomcat]
Mar 20, 2023 2:58:54 AM org.apache.coyote.AbstractProtocol stop
INFO: Stopping ProtocolHandler ["http-nio-auto-3-58880"]
Mar 20, 2023 2:58:54 AM org.apache.coyote.AbstractProtocol destroy
INFO: Destroying ProtocolHandler ["http-nio-auto-3-58880"]
]]></system-err>
</testsuite>
