<?xml version="1.0" encoding="UTF-8"?>
<testsuite name="org.springframework.web.context.request.RequestContextListenerTests" tests="3" skipped="0" failures="0" errors="0" timestamp="2023-03-20T07:59:07" hostname="DESKTOP-VGJP1PJ" time="0.005">
  <properties/>
  <testcase name="requestContextListenerWithSameThread()" classname="org.springframework.web.context.request.RequestContextListenerTests" time="0.003"/>
  <testcase name="requestContextListenerWithDifferentThread()" classname="org.springframework.web.context.request.RequestContextListenerTests" time="0.002"/>
  <testcase name="requestContextListenerWithSameThreadAndAttributesGone()" classname="org.springframework.web.context.request.RequestContextListenerTests" time="0.0"/>
  <system-out><![CDATA[]]></system-out>
  <system-err><![CDATA[]]></system-err>
</testsuite>
