<?xml version="1.0" encoding="UTF-8"?>
<testsuite name="org.springframework.http.converter.protobuf.ProtobufJsonFormatHttpMessageConverterTests" tests="10" skipped="0" failures="0" errors="0" timestamp="2023-03-20T07:58:47" hostname="DESKTOP-VGJP1PJ" time="0.014">
  <properties/>
  <testcase name="getContentLength()" classname="org.springframework.http.converter.protobuf.ProtobufJsonFormatHttpMessageConverterTests" time="0.001"/>
  <testcase name="canWrite()" classname="org.springframework.http.converter.protobuf.ProtobufJsonFormatHttpMessageConverterTests" time="0.001"/>
  <testcase name="read()" classname="org.springframework.http.converter.protobuf.ProtobufJsonFormatHttpMessageConverterTests" time="0.001"/>
  <testcase name="write()" classname="org.springframework.http.converter.protobuf.ProtobufJsonFormatHttpMessageConverterTests" time="0.001"/>
  <testcase name="canRead()" classname="org.springframework.http.converter.protobuf.ProtobufJsonFormatHttpMessageConverterTests" time="0.0"/>
  <testcase name="defaultContentType()" classname="org.springframework.http.converter.protobuf.ProtobufJsonFormatHttpMessageConverterTests" time="0.0"/>
  <testcase name="extensionRegistryInitialized()" classname="org.springframework.http.converter.protobuf.ProtobufJsonFormatHttpMessageConverterTests" time="0.001"/>
  <testcase name="extensionRegistryInitializer()" classname="org.springframework.http.converter.protobuf.ProtobufJsonFormatHttpMessageConverterTests" time="0.001"/>
  <testcase name="extensionRegistryInitializerNull()" classname="org.springframework.http.converter.protobuf.ProtobufJsonFormatHttpMessageConverterTests" time="0.001"/>
  <testcase name="readNoContentType()" classname="org.springframework.http.converter.protobuf.ProtobufJsonFormatHttpMessageConverterTests" time="0.001"/>
  <system-out><![CDATA[]]></system-out>
  <system-err><![CDATA[]]></system-err>
</testsuite>
