<?xml version="1.0" encoding="UTF-8"?>
<testsuite name="org.springframework.http.converter.ByteArrayHttpMessageConverterTests" tests="4" skipped="0" failures="0" errors="0" timestamp="2023-03-20T07:58:45" hostname="DESKTOP-VGJP1PJ" time="0.006">
  <properties/>
  <testcase name="canWrite()" classname="org.springframework.http.converter.ByteArrayHttpMessageConverterTests" time="0.001"/>
  <testcase name="read()" classname="org.springframework.http.converter.ByteArrayHttpMessageConverterTests" time="0.002"/>
  <testcase name="write()" classname="org.springframework.http.converter.ByteArrayHttpMessageConverterTests" time="0.002"/>
  <testcase name="canRead()" classname="org.springframework.http.converter.ByteArrayHttpMessageConverterTests" time="0.0"/>
  <system-out><![CDATA[]]></system-out>
  <system-err><![CDATA[]]></system-err>
</testsuite>
