<?xml version="1.0" encoding="UTF-8"?>
<testsuite name="org.springframework.http.client.OkHttp3AsyncClientHttpRequestFactoryTests" tests="7" skipped="0" failures="0" errors="0" timestamp="2023-03-20T07:58:30" hostname="DESKTOP-VGJP1PJ" time="0.182">
  <properties/>
  <testcase name="cancel()" classname="org.springframework.http.client.OkHttp3AsyncClientHttpRequestFactoryTests" time="0.016"/>
  <testcase name="headersAfterExecute()" classname="org.springframework.http.client.OkHttp3AsyncClientHttpRequestFactoryTests" time="0.047"/>
  <testcase name="status()" classname="org.springframework.http.client.OkHttp3AsyncClientHttpRequestFactoryTests" time="0.011"/>
  <testcase name="echo()" classname="org.springframework.http.client.OkHttp3AsyncClientHttpRequestFactoryTests" time="0.01"/>
  <testcase name="statusCallback()" classname="org.springframework.http.client.OkHttp3AsyncClientHttpRequestFactoryTests" time="0.01"/>
  <testcase name="multipleWrites()" classname="org.springframework.http.client.OkHttp3AsyncClientHttpRequestFactoryTests" time="0.009"/>
  <testcase name="httpMethods()" classname="org.springframework.http.client.OkHttp3AsyncClientHttpRequestFactoryTests" time="0.077"/>
  <system-out><![CDATA[]]></system-out>
  <system-err><![CDATA[Mar 20, 2023 2:58:30 AM okhttp3.mockwebserver.MockWebServer$3 execute
INFO: MockWebServer[58647] starting to accept connections
Mar 20, 2023 2:58:30 AM okhttp3.mockwebserver.MockWebServer$3 acceptConnections
INFO: MockWebServer[58647] done accepting connections: socket closed
Mar 20, 2023 2:58:30 AM okhttp3.mockwebserver.MockWebServer$3 execute
INFO: MockWebServer[58648] starting to accept connections
Mar 20, 2023 2:58:30 AM okhttp3.mockwebserver.MockWebServer$4 processOneRequest
INFO: MockWebServer[58648] received request: POST /echo HTTP/1.1 and responded: HTTP/1.1 200 OK
Mar 20, 2023 2:58:30 AM okhttp3.mockwebserver.MockWebServer$3 acceptConnections
INFO: MockWebServer[58648] done accepting connections: socket closed
Mar 20, 2023 2:58:30 AM okhttp3.mockwebserver.MockWebServer$3 execute
INFO: MockWebServer[58650] starting to accept connections
Mar 20, 2023 2:58:30 AM okhttp3.mockwebserver.MockWebServer$4 processOneRequest
INFO: MockWebServer[58650] received request: GET /status/notfound HTTP/1.1 and responded: HTTP/1.1 404 Client Error
Mar 20, 2023 2:58:30 AM okhttp3.mockwebserver.MockWebServer$3 acceptConnections
INFO: MockWebServer[58650] done accepting connections: socket closed
Mar 20, 2023 2:58:30 AM okhttp3.mockwebserver.MockWebServer$3 execute
INFO: MockWebServer[58652] starting to accept connections
Mar 20, 2023 2:58:30 AM okhttp3.mockwebserver.MockWebServer$4 processOneRequest
INFO: MockWebServer[58652] received request: PUT /echo HTTP/1.1 and responded: HTTP/1.1 200 OK
Mar 20, 2023 2:58:30 AM okhttp3.mockwebserver.MockWebServer$3 acceptConnections
INFO: MockWebServer[58652] done accepting connections: socket closed
Mar 20, 2023 2:58:30 AM okhttp3.mockwebserver.MockWebServer$3 execute
INFO: MockWebServer[58654] starting to accept connections
Mar 20, 2023 2:58:30 AM okhttp3.mockwebserver.MockWebServer$4 processOneRequest
INFO: MockWebServer[58654] received request: GET /status/notfound HTTP/1.1 and responded: HTTP/1.1 404 Client Error
Mar 20, 2023 2:58:30 AM okhttp3.mockwebserver.MockWebServer$3 acceptConnections
INFO: MockWebServer[58654] done accepting connections: socket closed
Mar 20, 2023 2:58:30 AM okhttp3.mockwebserver.MockWebServer$3 execute
INFO: MockWebServer[58656] starting to accept connections
Mar 20, 2023 2:58:30 AM okhttp3.mockwebserver.MockWebServer$4 processOneRequest
INFO: MockWebServer[58656] received request: POST /echo HTTP/1.1 and responded: HTTP/1.1 200 OK
Mar 20, 2023 2:58:30 AM okhttp3.mockwebserver.MockWebServer$3 acceptConnections
INFO: MockWebServer[58656] done accepting connections: socket closed
Mar 20, 2023 2:58:30 AM okhttp3.mockwebserver.MockWebServer$3 execute
INFO: MockWebServer[58659] starting to accept connections
Mar 20, 2023 2:58:30 AM okhttp3.mockwebserver.MockWebServer$4 processOneRequest
INFO: MockWebServer[58659] received request: GET /methods/get HTTP/1.1 and responded: HTTP/1.1 200 OK
Mar 20, 2023 2:58:30 AM okhttp3.mockwebserver.MockWebServer$4 processOneRequest
INFO: MockWebServer[58659] received request: HEAD /methods/head HTTP/1.1 and responded: HTTP/1.1 200 OK
Mar 20, 2023 2:58:30 AM okhttp3.mockwebserver.MockWebServer$4 processOneRequest
INFO: MockWebServer[58659] received request: POST /methods/post HTTP/1.1 and responded: HTTP/1.1 200 OK
Mar 20, 2023 2:58:30 AM okhttp3.mockwebserver.MockWebServer$4 processOneRequest
INFO: MockWebServer[58659] received request: PUT /methods/put HTTP/1.1 and responded: HTTP/1.1 200 OK
Mar 20, 2023 2:58:30 AM okhttp3.mockwebserver.MockWebServer$4 processOneRequest
INFO: MockWebServer[58659] received request: OPTIONS /methods/options HTTP/1.1 and responded: HTTP/1.1 200 OK
Mar 20, 2023 2:58:30 AM okhttp3.mockwebserver.MockWebServer$4 processOneRequest
INFO: MockWebServer[58659] received request: DELETE /methods/delete HTTP/1.1 and responded: HTTP/1.1 200 OK
Mar 20, 2023 2:58:30 AM okhttp3.mockwebserver.MockWebServer$4 processOneRequest
INFO: MockWebServer[58659] received request: PATCH /methods/patch HTTP/1.1 and responded: HTTP/1.1 200 OK
Mar 20, 2023 2:58:30 AM okhttp3.mockwebserver.MockWebServer$3 acceptConnections
INFO: MockWebServer[58659] done accepting connections: socket closed
]]></system-err>
</testsuite>
