<?xml version="1.0" encoding="UTF-8"?>
<testsuite name="org.springframework.http.converter.smile.MappingJackson2SmileHttpMessageConverterTests" tests="4" skipped="0" failures="0" errors="0" timestamp="2023-03-20T07:58:47" hostname="DESKTOP-VGJP1PJ" time="0.018">
  <properties/>
  <testcase name="canWrite()" classname="org.springframework.http.converter.smile.MappingJackson2SmileHttpMessageConverterTests" time="0.002"/>
  <testcase name="read()" classname="org.springframework.http.converter.smile.MappingJackson2SmileHttpMessageConverterTests" time="0.004"/>
  <testcase name="write()" classname="org.springframework.http.converter.smile.MappingJackson2SmileHttpMessageConverterTests" time="0.005"/>
  <testcase name="canRead()" classname="org.springframework.http.converter.smile.MappingJackson2SmileHttpMessageConverterTests" time="0.003"/>
  <system-out><![CDATA[]]></system-out>
  <system-err><![CDATA[]]></system-err>
</testsuite>
