<?xml version="1.0" encoding="UTF-8"?>
<testsuite name="org.springframework.web.context.request.RequestAndSessionScopedBeanTests" tests="2" skipped="0" failures="0" errors="0" timestamp="2023-03-20T07:59:07" hostname="DESKTOP-VGJP1PJ" time="0.012">
  <properties/>
  <testcase name="testPutBeanInSession()" classname="org.springframework.web.context.request.RequestAndSessionScopedBeanTests" time="0.008"/>
  <testcase name="testPutBeanInRequest()" classname="org.springframework.web.context.request.RequestAndSessionScopedBeanTests" time="0.004"/>
  <system-out><![CDATA[02:59:07.219 [Test worker] DEBUG o.s.w.c.s.StaticWebApplicationContext - Refreshing Root WebApplicationContext
02:59:07.226 [Test worker] DEBUG o.s.w.c.s.StaticWebApplicationContext - Refreshing Root WebApplicationContext
]]></system-out>
  <system-err><![CDATA[]]></system-err>
</testsuite>
