<?xml version="1.0" encoding="UTF-8"?>
<testsuite name="org.springframework.http.codec.json.Jackson2SmileDecoderTests" tests="3" skipped="0" failures="0" errors="0" timestamp="2023-03-20T07:58:37" hostname="DESKTOP-VGJP1PJ" time="0.041">
  <properties/>
  <testcase name="decodeToMono()" classname="org.springframework.http.codec.json.Jackson2SmileDecoderTests" time="0.015"/>
  <testcase name="decode()" classname="org.springframework.http.codec.json.Jackson2SmileDecoderTests" time="0.016"/>
  <testcase name="canDecode()" classname="org.springframework.http.codec.json.Jackson2SmileDecoderTests" time="0.004"/>
  <system-out><![CDATA[02:58:37.784 [Test worker] DEBUG o.s.w.HttpLogging - Decoded [[Pojo[foo='f1', bar='b1'], Pojo[foo='f2', bar='b2']]]
02:58:37.797 [Test worker] DEBUG o.s.w.HttpLogging - Decoded [Pojo[foo='f1', bar='b1']]
02:58:37.798 [Test worker] DEBUG o.s.w.HttpLogging - Decoded [Pojo[foo='f2', bar='b2']]
02:58:37.799 [Test worker] DEBUG o.s.w.HttpLogging - Decoded [Pojo[foo='f1', bar='b1']]
02:58:37.802 [Test worker] DEBUG o.s.w.HttpLogging - Decoded [Pojo[foo='f1', bar='b1']]
]]></system-out>
  <system-err><![CDATA[]]></system-err>
</testsuite>
