<?xml version="1.0" encoding="UTF-8"?>
<testsuite name="org.springframework.http.client.NoOutputStreamingStreamingSimpleHttpRequestFactoryTests" tests="6" skipped="0" failures="0" errors="0" timestamp="2023-03-20T07:58:30" hostname="DESKTOP-VGJP1PJ" time="0.053">
  <properties/>
  <testcase name="headersAfterExecute()" classname="org.springframework.http.client.NoOutputStreamingStreamingSimpleHttpRequestFactoryTests" time="0.007"/>
  <testcase name="status()" classname="org.springframework.http.client.NoOutputStreamingStreamingSimpleHttpRequestFactoryTests" time="0.006"/>
  <testcase name="echo()" classname="org.springframework.http.client.NoOutputStreamingStreamingSimpleHttpRequestFactoryTests" time="0.008"/>
  <testcase name="multipleWrites()" classname="org.springframework.http.client.NoOutputStreamingStreamingSimpleHttpRequestFactoryTests" time="0.003"/>
  <testcase name="queryParameters()" classname="org.springframework.http.client.NoOutputStreamingStreamingSimpleHttpRequestFactoryTests" time="0.01"/>
  <testcase name="httpMethods()" classname="org.springframework.http.client.NoOutputStreamingStreamingSimpleHttpRequestFactoryTests" time="0.017"/>
  <system-out><![CDATA[]]></system-out>
  <system-err><![CDATA[Mar 20, 2023 2:58:30 AM okhttp3.mockwebserver.MockWebServer$3 execute
INFO: MockWebServer[58635] starting to accept connections
Mar 20, 2023 2:58:30 AM okhttp3.mockwebserver.MockWebServer$3 acceptConnections
INFO: MockWebServer[58635] done accepting connections: socket closed
Mar 20, 2023 2:58:30 AM okhttp3.mockwebserver.MockWebServer$4 processOneRequest
INFO: MockWebServer[58635] received request: POST /status/ok HTTP/1.1 and responded: HTTP/1.1 200 OK
Mar 20, 2023 2:58:30 AM okhttp3.mockwebserver.MockWebServer$3 execute
INFO: MockWebServer[58637] starting to accept connections
Mar 20, 2023 2:58:30 AM okhttp3.mockwebserver.MockWebServer$4 processOneRequest
INFO: MockWebServer[58637] received request: GET /status/notfound HTTP/1.1 and responded: HTTP/1.1 404 Client Error
Mar 20, 2023 2:58:30 AM okhttp3.mockwebserver.MockWebServer$3 acceptConnections
INFO: MockWebServer[58637] done accepting connections: socket closed
Mar 20, 2023 2:58:30 AM okhttp3.mockwebserver.MockWebServer$3 execute
INFO: MockWebServer[58639] starting to accept connections
Mar 20, 2023 2:58:30 AM okhttp3.mockwebserver.MockWebServer$4 processOneRequest
INFO: MockWebServer[58639] received request: PUT /echo HTTP/1.1 and responded: HTTP/1.1 200 OK
Mar 20, 2023 2:58:30 AM okhttp3.mockwebserver.MockWebServer$3 acceptConnections
INFO: MockWebServer[58639] done accepting connections: socket closed
Mar 20, 2023 2:58:30 AM okhttp3.mockwebserver.MockWebServer$3 execute
INFO: MockWebServer[58641] starting to accept connections
Mar 20, 2023 2:58:30 AM okhttp3.mockwebserver.MockWebServer$3 acceptConnections
INFO: MockWebServer[58641] done accepting connections: Socket is closed
Mar 20, 2023 2:58:30 AM okhttp3.mockwebserver.MockWebServer$3 execute
INFO: MockWebServer[58643] starting to accept connections
Mar 20, 2023 2:58:30 AM okhttp3.mockwebserver.MockWebServer$3 acceptConnections
INFO: MockWebServer[58643] done accepting connections: socket closed
Mar 20, 2023 2:58:30 AM okhttp3.mockwebserver.MockWebServer$4 processOneRequest
INFO: MockWebServer[58643] received request: GET /params?param1=value&param2=value1&param2=value2 HTTP/1.1 and responded: HTTP/1.1 200 OK
Mar 20, 2023 2:58:30 AM okhttp3.mockwebserver.MockWebServer$3 execute
INFO: MockWebServer[58645] starting to accept connections
Mar 20, 2023 2:58:30 AM okhttp3.mockwebserver.MockWebServer$4 processOneRequest
INFO: MockWebServer[58645] received request: GET /methods/get HTTP/1.1 and responded: HTTP/1.1 200 OK
Mar 20, 2023 2:58:30 AM okhttp3.mockwebserver.MockWebServer$4 processOneRequest
INFO: MockWebServer[58645] received request: HEAD /methods/head HTTP/1.1 and responded: HTTP/1.1 200 OK
Mar 20, 2023 2:58:30 AM okhttp3.mockwebserver.MockWebServer$4 processOneRequest
INFO: MockWebServer[58645] received request: POST /methods/post HTTP/1.1 and responded: HTTP/1.1 200 OK
Mar 20, 2023 2:58:30 AM okhttp3.mockwebserver.MockWebServer$4 processOneRequest
INFO: MockWebServer[58645] received request: PUT /methods/put HTTP/1.1 and responded: HTTP/1.1 200 OK
Mar 20, 2023 2:58:30 AM okhttp3.mockwebserver.MockWebServer$4 processOneRequest
INFO: MockWebServer[58645] received request: OPTIONS /methods/options HTTP/1.1 and responded: HTTP/1.1 200 OK
Mar 20, 2023 2:58:30 AM okhttp3.mockwebserver.MockWebServer$4 processOneRequest
INFO: MockWebServer[58645] received request: DELETE /methods/delete HTTP/1.1 and responded: HTTP/1.1 200 OK
Mar 20, 2023 2:58:30 AM okhttp3.mockwebserver.MockWebServer$3 acceptConnections
INFO: MockWebServer[58645] done accepting connections: socket closed
]]></system-err>
</testsuite>
