<?xml version="1.0" encoding="UTF-8"?>
<testsuite name="org.springframework.web.filter.HiddenHttpMethodFilterTests" tests="3" skipped="0" failures="0" errors="0" timestamp="2023-03-20T07:59:10" hostname="DESKTOP-VGJP1PJ" time="0.003">
  <properties/>
  <testcase name="filterWithParameter()" classname="org.springframework.web.filter.HiddenHttpMethodFilterTests" time="0.002"/>
  <testcase name="filterWithNoParameter()" classname="org.springframework.web.filter.HiddenHttpMethodFilterTests" time="0.0"/>
  <testcase name="filterWithParameterDisallowedMethods()" classname="org.springframework.web.filter.HiddenHttpMethodFilterTests" time="0.0"/>
  <system-out><![CDATA[]]></system-out>
  <system-err><![CDATA[]]></system-err>
</testsuite>
