<?xml version="1.0" encoding="UTF-8"?>
<testsuite name="org.springframework.http.client.StreamingHttpComponentsClientHttpRequestFactoryTests" tests="6" skipped="0" failures="0" errors="0" timestamp="2023-03-20T07:58:35" hostname="DESKTOP-VGJP1PJ" time="0.037">
  <properties/>
  <testcase name="headersAfterExecute()" classname="org.springframework.http.client.StreamingHttpComponentsClientHttpRequestFactoryTests" time="0.003"/>
  <testcase name="status()" classname="org.springframework.http.client.StreamingHttpComponentsClientHttpRequestFactoryTests" time="0.006"/>
  <testcase name="echo()" classname="org.springframework.http.client.StreamingHttpComponentsClientHttpRequestFactoryTests" time="0.008"/>
  <testcase name="multipleWrites()" classname="org.springframework.http.client.StreamingHttpComponentsClientHttpRequestFactoryTests" time="0.008"/>
  <testcase name="queryParameters()" classname="org.springframework.http.client.StreamingHttpComponentsClientHttpRequestFactoryTests" time="0.007"/>
  <testcase name="httpMethods()" classname="org.springframework.http.client.StreamingHttpComponentsClientHttpRequestFactoryTests" time="0.005"/>
  <system-out><![CDATA[]]></system-out>
  <system-err><![CDATA[Mar 20, 2023 2:58:35 AM okhttp3.mockwebserver.MockWebServer$3 execute
INFO: MockWebServer[58780] starting to accept connections
Mar 20, 2023 2:58:35 AM okhttp3.mockwebserver.MockWebServer$3 acceptConnections
INFO: MockWebServer[58780] done accepting connections: socket closed
Mar 20, 2023 2:58:35 AM okhttp3.mockwebserver.MockWebServer$3 execute
INFO: MockWebServer[58781] starting to accept connections
Mar 20, 2023 2:58:35 AM okhttp3.mockwebserver.MockWebServer$4 processOneRequest
INFO: MockWebServer[58781] received request: GET /status/notfound HTTP/1.1 and responded: HTTP/1.1 404 Client Error
Mar 20, 2023 2:58:35 AM okhttp3.mockwebserver.MockWebServer$3 acceptConnections
INFO: MockWebServer[58781] done accepting connections: socket closed
Mar 20, 2023 2:58:35 AM okhttp3.mockwebserver.MockWebServer$3 execute
INFO: MockWebServer[58783] starting to accept connections
Mar 20, 2023 2:58:35 AM okhttp3.mockwebserver.MockWebServer$4 processOneRequest
INFO: MockWebServer[58783] received request: PUT /echo HTTP/1.1 and responded: HTTP/1.1 200 OK
Mar 20, 2023 2:58:35 AM okhttp3.mockwebserver.MockWebServer$3 acceptConnections
INFO: MockWebServer[58783] done accepting connections: socket closed
Mar 20, 2023 2:58:35 AM okhttp3.mockwebserver.MockWebServer$3 execute
INFO: MockWebServer[58785] starting to accept connections
Mar 20, 2023 2:58:35 AM okhttp3.mockwebserver.MockWebServer$4 processOneRequest
INFO: MockWebServer[58785] received request: POST /echo HTTP/1.1 and responded: HTTP/1.1 200 OK
Mar 20, 2023 2:58:35 AM okhttp3.mockwebserver.MockWebServer$3 acceptConnections
INFO: MockWebServer[58785] done accepting connections: socket closed
Mar 20, 2023 2:58:35 AM okhttp3.mockwebserver.MockWebServer$3 execute
INFO: MockWebServer[58787] starting to accept connections
Mar 20, 2023 2:58:35 AM okhttp3.mockwebserver.MockWebServer$4 processOneRequest
INFO: MockWebServer[58787] received request: GET /params?param1=value&param2=value1&param2=value2 HTTP/1.1 and responded: HTTP/1.1 200 OK
Mar 20, 2023 2:58:35 AM okhttp3.mockwebserver.MockWebServer$3 acceptConnections
INFO: MockWebServer[58787] done accepting connections: socket closed
Mar 20, 2023 2:58:35 AM okhttp3.mockwebserver.MockWebServer$3 execute
INFO: MockWebServer[58789] starting to accept connections
Mar 20, 2023 2:58:35 AM okhttp3.mockwebserver.MockWebServer$4 processOneRequest
INFO: MockWebServer[58789] received request: PATCH /methods/patch HTTP/1.1 and responded: HTTP/1.1 200 OK
Mar 20, 2023 2:58:35 AM okhttp3.mockwebserver.MockWebServer$3 acceptConnections
INFO: MockWebServer[58789] done accepting connections: socket closed
]]></system-err>
</testsuite>
