<?xml version="1.0" encoding="UTF-8"?>
<testsuite name="org.springframework.web.filter.ForwardedHeaderFilterTests$ForwardedFor" tests="8" skipped="0" failures="0" errors="0" timestamp="2023-03-20T07:59:10" hostname="DESKTOP-VGJP1PJ" time="0.008">
  <properties/>
  <testcase name="forwardedForIpV6IdentifierWithPort()" classname="org.springframework.web.filter.ForwardedHeaderFilterTests$ForwardedFor" time="0.001"/>
  <testcase name="forwardedForMultipleIdentifiers()" classname="org.springframework.web.filter.ForwardedHeaderFilterTests$ForwardedFor" time="0.001"/>
  <testcase name="forwardedForIpV4IdentifierWithPort()" classname="org.springframework.web.filter.ForwardedHeaderFilterTests$ForwardedFor" time="0.001"/>
  <testcase name="xForwardedForMultipleIdentifiers()" classname="org.springframework.web.filter.ForwardedHeaderFilterTests$ForwardedFor" time="0.001"/>
  <testcase name="forwardedForIpV4Identifier()" classname="org.springframework.web.filter.ForwardedHeaderFilterTests$ForwardedFor" time="0.001"/>
  <testcase name="xForwardedForSingleIdentifier()" classname="org.springframework.web.filter.ForwardedHeaderFilterTests$ForwardedFor" time="0.0"/>
  <testcase name="xForwardedForEmpty()" classname="org.springframework.web.filter.ForwardedHeaderFilterTests$ForwardedFor" time="0.0"/>
  <testcase name="forwardedForIpV6Identifier()" classname="org.springframework.web.filter.ForwardedHeaderFilterTests$ForwardedFor" time="0.001"/>
  <system-out><![CDATA[]]></system-out>
  <system-err><![CDATA[]]></system-err>
</testsuite>
