<?xml version="1.0" encoding="UTF-8"?>
<testsuite name="org.springframework.http.server.reactive.HttpHeadResponseDecoratorTests" tests="2" skipped="0" failures="0" errors="0" timestamp="2023-03-20T07:58:55" hostname="DESKTOP-VGJP1PJ" time="0.003">
  <properties/>
  <testcase name="writeWithGivenContentLength()" classname="org.springframework.http.server.reactive.HttpHeadResponseDecoratorTests" time="0.002"/>
  <testcase name="write()" classname="org.springframework.http.server.reactive.HttpHeadResponseDecoratorTests" time="0.001"/>
  <system-out><![CDATA[]]></system-out>
  <system-err><![CDATA[]]></system-err>
</testsuite>
