<?xml version="1.0" encoding="UTF-8"?>
<testsuite name="org.springframework.web.filter.ForwardedHeaderFilterTests" tests="6" skipped="0" failures="0" errors="0" timestamp="2023-03-20T07:59:10" hostname="DESKTOP-VGJP1PJ" time="0.016">
  <properties/>
  <testcase name="shouldFilter()" classname="org.springframework.web.filter.ForwardedHeaderFilterTests" time="0.001"/>
  <testcase name="forwardedRequest()" classname="org.springframework.web.filter.ForwardedHeaderFilterTests" time="0.009"/>
  <testcase name="forwardedRequestWithSsl()" classname="org.springframework.web.filter.ForwardedHeaderFilterTests" time="0.001"/>
  <testcase name="shouldNotFilter()" classname="org.springframework.web.filter.ForwardedHeaderFilterTests" time="0.0"/>
  <testcase name="forwardedRequestInRemoveOnlyMode()" classname="org.springframework.web.filter.ForwardedHeaderFilterTests" time="0.001"/>
  <testcase name="forwardedRequestWithServletForward()" classname="org.springframework.web.filter.ForwardedHeaderFilterTests" time="0.001"/>
  <system-out><![CDATA[]]></system-out>
  <system-err><![CDATA[]]></system-err>
</testsuite>
