<?xml version="1.0" encoding="UTF-8"?>
<testsuite name="org.springframework.web.util.DefaultUriBuilderFactoryTests" tests="17" skipped="0" failures="0" errors="0" timestamp="2023-03-20T07:59:23" hostname="DESKTOP-VGJP1PJ" time="0.007">
  <properties/>
  <testcase name="parsePathIsTurnedOff()" classname="org.springframework.web.util.DefaultUriBuilderFactoryTests" time="0.0"/>
  <testcase name="encodingValuesOnly()" classname="org.springframework.web.util.DefaultUriBuilderFactoryTests" time="0.001"/>
  <testcase name="pathWithTrailingSlash()" classname="org.springframework.web.util.DefaultUriBuilderFactoryTests" time="0.0"/>
  <testcase name="encodeTemplateAndValues()" classname="org.springframework.web.util.DefaultUriBuilderFactoryTests" time="0.0"/>
  <testcase name="defaultSettings()" classname="org.springframework.web.util.DefaultUriBuilderFactoryTests" time="0.0"/>
  <testcase name="encodingNone()" classname="org.springframework.web.util.DefaultUriBuilderFactoryTests" time="0.0"/>
  <testcase name="baseUri()" classname="org.springframework.web.util.DefaultUriBuilderFactoryTests" time="0.001"/>
  <testcase name="parsePathWithDefaultSettings()" classname="org.springframework.web.util.DefaultUriBuilderFactoryTests" time="0.0"/>
  <testcase name="baseUriWithPathOverride()" classname="org.springframework.web.util.DefaultUriBuilderFactoryTests" time="0.0"/>
  <testcase name="baseUriWithFullOverride()" classname="org.springframework.web.util.DefaultUriBuilderFactoryTests" time="0.0"/>
  <testcase name="defaultUriVarsSpr14147()" classname="org.springframework.web.util.DefaultUriBuilderFactoryTests" time="0.0"/>
  <testcase name="defaultSettingsWithBuilder()" classname="org.springframework.web.util.DefaultUriBuilderFactoryTests" time="0.0"/>
  <testcase name="pathWithDuplicateSlashes()" classname="org.springframework.web.util.DefaultUriBuilderFactoryTests" time="0.001"/>
  <testcase name="defaultUriVarsWithEmptyVarArg()" classname="org.springframework.web.util.DefaultUriBuilderFactoryTests" time="0.0"/>
  <testcase name="encodingValuesOnlySpr14147()" classname="org.springframework.web.util.DefaultUriBuilderFactoryTests" time="0.001"/>
  <testcase name="defaultUriVarsWithOverride()" classname="org.springframework.web.util.DefaultUriBuilderFactoryTests" time="0.001"/>
  <testcase name="defaultUriVars()" classname="org.springframework.web.util.DefaultUriBuilderFactoryTests" time="0.0"/>
  <system-out><![CDATA[]]></system-out>
  <system-err><![CDATA[]]></system-err>
</testsuite>
