<?xml version="1.0" encoding="UTF-8"?>
<testsuite name="org.springframework.http.codec.xml.Jaxb2XmlEncoderTests" tests="4" skipped="0" failures="0" errors="0" timestamp="2023-03-20T07:58:44" hostname="DESKTOP-VGJP1PJ" time="0.099">
  <properties/>
  <testcase name="encode()" classname="org.springframework.http.codec.xml.Jaxb2XmlEncoderTests" time="0.071"/>
  <testcase name="canEncode()" classname="org.springframework.http.codec.xml.Jaxb2XmlEncoderTests" time="0.0"/>
  <testcase name="encodeElementsWithCommonType()" classname="org.springframework.http.codec.xml.Jaxb2XmlEncoderTests" time="0.025"/>
  <testcase name="encodeError()" classname="org.springframework.http.codec.xml.Jaxb2XmlEncoderTests" time="0.003"/>
  <system-out><![CDATA[]]></system-out>
  <system-err><![CDATA[]]></system-err>
</testsuite>
