<?xml version="1.0" encoding="UTF-8"?>
<testsuite name="org.springframework.web.method.support.CompositeUriComponentsContributorTests" tests="1" skipped="0" failures="0" errors="0" timestamp="2023-03-20T07:59:12" hostname="DESKTOP-VGJP1PJ" time="0.003">
  <properties/>
  <testcase name="supportsParameter()" classname="org.springframework.web.method.support.CompositeUriComponentsContributorTests" time="0.003"/>
  <system-out><![CDATA[]]></system-out>
  <system-err><![CDATA[]]></system-err>
</testsuite>
