<?xml version="1.0" encoding="UTF-8"?>
<testsuite name="org.springframework.http.codec.ResourceHttpMessageWriterTests" tests="5" skipped="0" failures="0" errors="0" timestamp="2023-03-20T07:58:39" hostname="DESKTOP-VGJP1PJ" time="0.027">
  <properties/>
  <testcase name="writeSingleRegion()" classname="org.springframework.http.codec.ResourceHttpMessageWriterTests" time="0.006"/>
  <testcase name="writeMultipleRegions()" classname="org.springframework.http.codec.ResourceHttpMessageWriterTests" time="0.017"/>
  <testcase name="invalidRange()" classname="org.springframework.http.codec.ResourceHttpMessageWriterTests" time="0.001"/>
  <testcase name="getWritableMediaTypes()" classname="org.springframework.http.codec.ResourceHttpMessageWriterTests" time="0.002"/>
  <testcase name="writeResource()" classname="org.springframework.http.codec.ResourceHttpMessageWriterTests" time="0.001"/>
  <system-out><![CDATA[]]></system-out>
  <system-err><![CDATA[]]></system-err>
</testsuite>
