<?xml version="1.0" encoding="UTF-8"?>
<testsuite name="org.springframework.http.codec.json.Jackson2JsonDecoderTests" tests="17" skipped="0" failures="0" errors="0" timestamp="2023-03-20T07:58:37" hostname="DESKTOP-VGJP1PJ" time="0.143">
  <properties/>
  <testcase name="decodeToMono()" classname="org.springframework.http.codec.json.Jackson2JsonDecoderTests" time="0.012"/>
  <testcase name="decodeNonUtf8Encoding()" classname="org.springframework.http.codec.json.Jackson2JsonDecoderTests" time="0.046"/>
  <testcase name="decode()" classname="org.springframework.http.codec.json.Jackson2JsonDecoderTests" time="0.006"/>
  <testcase name="decodeNonUnicode()" classname="org.springframework.http.codec.json.Jackson2JsonDecoderTests" time="0.004"/>
  <testcase name="decodeWithNullLiteral()" classname="org.springframework.http.codec.json.Jackson2JsonDecoderTests" time="0.002"/>
  <testcase name="invalidData()" classname="org.springframework.http.codec.json.Jackson2JsonDecoderTests" time="0.003"/>
  <testcase name="decodableMimeTypesIsImmutable()" classname="org.springframework.http.codec.json.Jackson2JsonDecoderTests" time="0.001"/>
  <testcase name="canDecode()" classname="org.springframework.http.codec.json.Jackson2JsonDecoderTests" time="0.002"/>
  <testcase name="decodeMonoNonUtf8Encoding()" classname="org.springframework.http.codec.json.Jackson2JsonDecoderTests" time="0.004"/>
  <testcase name="noDefaultConstructor()" classname="org.springframework.http.codec.json.Jackson2JsonDecoderTests" time="0.003"/>
  <testcase name="decodeEmptyArrayToFlux()" classname="org.springframework.http.codec.json.Jackson2JsonDecoderTests" time="0.002"/>
  <testcase name="customDeserializer()" classname="org.springframework.http.codec.json.Jackson2JsonDecoderTests" time="0.019"/>
  <testcase name="canDecodeWithProvidedMimeType()" classname="org.springframework.http.codec.json.Jackson2JsonDecoderTests" time="0.001"/>
  <testcase name="decodeAscii()" classname="org.springframework.http.codec.json.Jackson2JsonDecoderTests" time="0.003"/>
  <testcase name="classLevelJsonView()" classname="org.springframework.http.codec.json.Jackson2JsonDecoderTests" time="0.007"/>
  <testcase name="bigDecimalFlux()" classname="org.springframework.http.codec.json.Jackson2JsonDecoderTests" time="0.011"/>
  <testcase name="fieldLevelJsonView()" classname="org.springframework.http.codec.json.Jackson2JsonDecoderTests" time="0.002"/>
  <system-out><![CDATA[02:58:37.562 [Test worker] DEBUG o.s.w.HttpLogging - Decoded [[Pojo[foo='f1', bar='b1'], Pojo[foo='f2', bar='b2']]]
02:58:37.601 [Test worker] DEBUG o.s.w.HttpLogging - Decoded [{foo=bar}]
02:58:37.613 [Test worker] DEBUG o.s.w.HttpLogging - Decoded [Pojo[foo='f1', bar='b1']]
02:58:37.613 [Test worker] DEBUG o.s.w.HttpLogging - Decoded [Pojo[foo='f2', bar='b2']]
02:58:37.615 [Test worker] DEBUG o.s.w.HttpLogging - Decoded [Pojo[foo='f1', bar='b1']]
02:58:37.616 [Test worker] DEBUG o.s.w.HttpLogging - Decoded [Pojo[foo='f1', bar='b1']]
02:58:37.622 [Test worker] DEBUG o.s.w.HttpLogging - Decoded [{føø=bår}]
02:58:37.624 [Test worker] DEBUG o.s.w.HttpLogging - Decoded []
02:58:37.636 [Test worker] DEBUG o.s.w.HttpLogging - Decoded [{foo=bar}]
02:58:37.663 [Test worker] DEBUG o.s.w.HttpLogging - Decoded [org.springframework.http.codec.json.Jackson2JsonDecoderTests$TestObject@1993b414]
02:58:37.670 [Test worker] DEBUG o.s.w.HttpLogging - Decoded [{foo=bar}]
02:58:37.677 [Test worker] DEBUG o.s.w.HttpLogging - Decoded [org.springframework.http.codec.json.JacksonViewBean@5c41ea87]
02:58:37.690 [Test worker] DEBUG o.s.w.HttpLogging - Decoded [1E+2]
]]></system-out>
  <system-err><![CDATA[]]></system-err>
</testsuite>
