<?xml version="1.0" encoding="UTF-8"?>
<testsuite name="org.springframework.http.client.support.BasicAuthorizationInterceptorTests" tests="4" skipped="0" failures="0" errors="0" timestamp="2023-03-20T07:58:35" hostname="DESKTOP-VGJP1PJ" time="0.036">
  <properties/>
  <testcase name="createWhenUsernameContainsColonShouldThrowException()" classname="org.springframework.http.client.support.BasicAuthorizationInterceptorTests" time="0.002"/>
  <testcase name="createWhenUsernameIsNullShouldUseEmptyUsername()" classname="org.springframework.http.client.support.BasicAuthorizationInterceptorTests" time="0.019"/>
  <testcase name="createWhenPasswordIsNullShouldUseEmptyPassword()" classname="org.springframework.http.client.support.BasicAuthorizationInterceptorTests" time="0.0"/>
  <testcase name="interceptShouldAddHeader()" classname="org.springframework.http.client.support.BasicAuthorizationInterceptorTests" time="0.013"/>
  <system-out><![CDATA[]]></system-out>
  <system-err><![CDATA[]]></system-err>
</testsuite>
