<?xml version="1.0" encoding="UTF-8"?>
<testsuite name="org.springframework.web.filter.RequestContextFilterTests" tests="2" skipped="0" failures="0" errors="0" timestamp="2023-03-20T07:59:10" hostname="DESKTOP-VGJP1PJ" time="0.003">
  <properties/>
  <testcase name="happyPath()" classname="org.springframework.web.filter.RequestContextFilterTests" time="0.002"/>
  <testcase name="withException()" classname="org.springframework.web.filter.RequestContextFilterTests" time="0.0"/>
  <system-out><![CDATA[02:59:10.196 [Test worker] DEBUG o.s.w.f.RequestContextFilter - Filter 'foo' configured for use
02:59:10.198 [Test worker] DEBUG o.s.w.f.RequestContextFilter - Filter 'foo' configured for use
]]></system-out>
  <system-err><![CDATA[]]></system-err>
</testsuite>
