<?xml version="1.0" encoding="UTF-8"?>
<testsuite name="org.springframework.web.cors.reactive.CorsWebFilterTests" tests="6" skipped="0" failures="0" errors="0" timestamp="2023-03-20T07:59:09" hostname="DESKTOP-VGJP1PJ" time="0.009">
  <properties/>
  <testcase name="sameOriginRequest()" classname="org.springframework.web.cors.reactive.CorsWebFilterTests" time="0.003"/>
  <testcase name="validActualRequest()" classname="org.springframework.web.cors.reactive.CorsWebFilterTests" time="0.001"/>
  <testcase name="validPreFlightRequest()" classname="org.springframework.web.cors.reactive.CorsWebFilterTests" time="0.002"/>
  <testcase name="nonCorsRequest()" classname="org.springframework.web.cors.reactive.CorsWebFilterTests" time="0.001"/>
  <testcase name="invalidPreFlightRequest()" classname="org.springframework.web.cors.reactive.CorsWebFilterTests" time="0.001"/>
  <testcase name="invalidActualRequest()" classname="org.springframework.web.cors.reactive.CorsWebFilterTests" time="0.001"/>
  <system-out><![CDATA[02:59:09.642 [Test worker] DEBUG o.s.w.c.r.DefaultCorsProcessor - Reject: HTTP 'DELETE' is not allowed
02:59:09.643 [Test worker] DEBUG o.s.w.c.r.DefaultCorsProcessor - Reject: HTTP 'DELETE' is not allowed
]]></system-out>
  <system-err><![CDATA[]]></system-err>
</testsuite>
