<?xml version="1.0" encoding="UTF-8"?>
<testsuite name="org.springframework.web.method.annotation.RequestParamMethodArgumentResolverKotlinTests" tests="16" skipped="0" failures="0" errors="0" timestamp="2023-03-20T07:59:26" hostname="DESKTOP-VGJP1PJ" time="0.211">
  <properties/>
  <testcase name="resolveNullableRequiredWithoutParameter()" classname="org.springframework.web.method.annotation.RequestParamMethodArgumentResolverKotlinTests" time="0.078"/>
  <testcase name="resolveNonNullableRequiredWithParameter()" classname="org.springframework.web.method.annotation.RequestParamMethodArgumentResolverKotlinTests" time="0.024"/>
  <testcase name="resolveNonNullableNotRequiredWithParameter()" classname="org.springframework.web.method.annotation.RequestParamMethodArgumentResolverKotlinTests" time="0.012"/>
  <testcase name="resolveNullableRequiredWithMultipartParameter()" classname="org.springframework.web.method.annotation.RequestParamMethodArgumentResolverKotlinTests" time="0.008"/>
  <testcase name="resolveNonNullableNotRequiredWithoutParameter()" classname="org.springframework.web.method.annotation.RequestParamMethodArgumentResolverKotlinTests" time="0.011"/>
  <testcase name="resolveNullableRequiredWithoutMultipartParameter()" classname="org.springframework.web.method.annotation.RequestParamMethodArgumentResolverKotlinTests" time="0.012"/>
  <testcase name="resolveNonNullableRequiredWithoutMultipartParameter()" classname="org.springframework.web.method.annotation.RequestParamMethodArgumentResolverKotlinTests" time="0.016"/>
  <testcase name="resolveNullableNotRequiredWithoutParameter()" classname="org.springframework.web.method.annotation.RequestParamMethodArgumentResolverKotlinTests" time="0.002"/>
  <testcase name="resolveNullableNotRequiredWithMultipartParameter()" classname="org.springframework.web.method.annotation.RequestParamMethodArgumentResolverKotlinTests" time="0.003"/>
  <testcase name="resolveNullableNotRequiredWithParameter()" classname="org.springframework.web.method.annotation.RequestParamMethodArgumentResolverKotlinTests" time="0.002"/>
  <testcase name="resolveNonNullableNotRequiredWithMultipartParameter()" classname="org.springframework.web.method.annotation.RequestParamMethodArgumentResolverKotlinTests" time="0.001"/>
  <testcase name="resolveNullableNotRequiredWithoutMultipartParameter()" classname="org.springframework.web.method.annotation.RequestParamMethodArgumentResolverKotlinTests" time="0.001"/>
  <testcase name="resolveNullableRequiredWithParameter()" classname="org.springframework.web.method.annotation.RequestParamMethodArgumentResolverKotlinTests" time="0.001"/>
  <testcase name="resolveNonNullableNotRequiredWithoutMultipartParameter()" classname="org.springframework.web.method.annotation.RequestParamMethodArgumentResolverKotlinTests" time="0.006"/>
  <testcase name="resolveNonNullableRequiredWithoutParameter()" classname="org.springframework.web.method.annotation.RequestParamMethodArgumentResolverKotlinTests" time="0.003"/>
  <testcase name="resolveNonNullableRequiredWithMultipartParameter()" classname="org.springframework.web.method.annotation.RequestParamMethodArgumentResolverKotlinTests" time="0.004"/>
  <system-out><![CDATA[]]></system-out>
  <system-err><![CDATA[]]></system-err>
</testsuite>
