<?xml version="1.0" encoding="UTF-8"?>
<testsuite name="org.springframework.http.codec.xml.XmlEventDecoderTests" tests="5" skipped="0" failures="0" errors="0" timestamp="2023-03-20T07:58:44" hostname="DESKTOP-VGJP1PJ" time="0.013">
  <properties/>
  <testcase name="toXMLEventsWithLimit()" classname="org.springframework.http.codec.xml.XmlEventDecoderTests" time="0.003"/>
  <testcase name="decodeErrorAalto()" classname="org.springframework.http.codec.xml.XmlEventDecoderTests" time="0.002"/>
  <testcase name="toXMLEventsNonAalto()" classname="org.springframework.http.codec.xml.XmlEventDecoderTests" time="0.003"/>
  <testcase name="decodeErrorNonAalto()" classname="org.springframework.http.codec.xml.XmlEventDecoderTests" time="0.001"/>
  <testcase name="toXMLEventsAalto()" classname="org.springframework.http.codec.xml.XmlEventDecoderTests" time="0.002"/>
  <system-out><![CDATA[]]></system-out>
  <system-err><![CDATA[]]></system-err>
</testsuite>
