<?xml version="1.0" encoding="UTF-8"?>
<testsuite name="org.springframework.web.bind.support.WebRequestDataBinderIntegrationTests" tests="2" skipped="0" failures="0" errors="0" timestamp="2023-03-20T07:59:02" hostname="DESKTOP-VGJP1PJ" time="0.066">
  <properties/>
  <testcase name="partsBinding()" classname="org.springframework.web.bind.support.WebRequestDataBinderIntegrationTests" time="0.039"/>
  <testcase name="partListBinding()" classname="org.springframework.web.bind.support.WebRequestDataBinderIntegrationTests" time="0.02"/>
  <system-out><![CDATA[02:59:02.193 [Test worker] DEBUG o.s.w.c.RestTemplate - HTTP POST http://localhost:59118/parts
02:59:02.193 [Test worker] DEBUG o.s.w.c.RestTemplate - Writing [{firstPart=[class path resource [org/springframework/http/converter/logo.jpg]], secondPart=[secondValue]}] with org.springframework.http.converter.support.AllEncompassingFormHttpMessageConverter
02:59:02.228 [Test worker] DEBUG o.s.w.c.RestTemplate - Response 200 OK
02:59:02.235 [Test worker] DEBUG o.s.w.c.RestTemplate - HTTP POST http://localhost:59118/partlist
02:59:02.235 [Test worker] DEBUG o.s.w.c.RestTemplate - Writing [{partList=[first value, second value, class path resource [org/springframework/http/converter/logo.jpg]]}] with org.springframework.http.converter.support.AllEncompassingFormHttpMessageConverter
02:59:02.255 [Test worker] DEBUG o.s.w.c.RestTemplate - Response 200 OK
]]></system-out>
  <system-err><![CDATA[]]></system-err>
</testsuite>
