<?xml version="1.0" encoding="UTF-8"?>
<testsuite name="org.springframework.http.client.BufferingClientHttpRequestFactoryTests" tests="7" skipped="0" failures="0" errors="0" timestamp="2023-03-20T07:58:22" hostname="DESKTOP-VGJP1PJ" time="0.437">
  <properties/>
  <testcase name="headersAfterExecute()" classname="org.springframework.http.client.BufferingClientHttpRequestFactoryTests" time="0.352"/>
  <testcase name="status()" classname="org.springframework.http.client.BufferingClientHttpRequestFactoryTests" time="0.01"/>
  <testcase name="echo()" classname="org.springframework.http.client.BufferingClientHttpRequestFactoryTests" time="0.015"/>
  <testcase name="multipleWrites()" classname="org.springframework.http.client.BufferingClientHttpRequestFactoryTests" time="0.016"/>
  <testcase name="queryParameters()" classname="org.springframework.http.client.BufferingClientHttpRequestFactoryTests" time="0.012"/>
  <testcase name="httpMethods()" classname="org.springframework.http.client.BufferingClientHttpRequestFactoryTests" time="0.02"/>
  <testcase name="repeatableRead()" classname="org.springframework.http.client.BufferingClientHttpRequestFactoryTests" time="0.009"/>
  <system-out><![CDATA[]]></system-out>
  <system-err><![CDATA[Mar 20, 2023 2:58:22 AM okhttp3.mockwebserver.MockWebServer$3 execute
INFO: MockWebServer[58384] starting to accept connections
Mar 20, 2023 2:58:22 AM okhttp3.mockwebserver.MockWebServer$4 processOneRequest
INFO: MockWebServer[58384] received request: POST /status/ok HTTP/1.1 and responded: HTTP/1.1 200 OK
Mar 20, 2023 2:58:22 AM okhttp3.mockwebserver.MockWebServer$3 acceptConnections
INFO: MockWebServer[58384] done accepting connections: socket closed
Mar 20, 2023 2:58:22 AM okhttp3.mockwebserver.MockWebServer$3 execute
INFO: MockWebServer[58386] starting to accept connections
Mar 20, 2023 2:58:22 AM okhttp3.mockwebserver.MockWebServer$4 processOneRequest
INFO: MockWebServer[58386] received request: GET /status/notfound HTTP/1.1 and responded: HTTP/1.1 404 Client Error
Mar 20, 2023 2:58:22 AM okhttp3.mockwebserver.MockWebServer$3 acceptConnections
INFO: MockWebServer[58386] done accepting connections: socket closed
Mar 20, 2023 2:58:22 AM okhttp3.mockwebserver.MockWebServer$3 execute
INFO: MockWebServer[58388] starting to accept connections
Mar 20, 2023 2:58:22 AM okhttp3.mockwebserver.MockWebServer$4 processOneRequest
INFO: MockWebServer[58388] received request: PUT /echo HTTP/1.1 and responded: HTTP/1.1 200 OK
Mar 20, 2023 2:58:22 AM okhttp3.mockwebserver.MockWebServer$3 acceptConnections
INFO: MockWebServer[58388] done accepting connections: socket closed
Mar 20, 2023 2:58:22 AM okhttp3.mockwebserver.MockWebServer$3 execute
INFO: MockWebServer[58390] starting to accept connections
Mar 20, 2023 2:58:22 AM okhttp3.mockwebserver.MockWebServer$3 acceptConnections
INFO: MockWebServer[58390] done accepting connections: socket closed
Mar 20, 2023 2:58:22 AM okhttp3.mockwebserver.MockWebServer$4 processOneRequest
INFO: MockWebServer[58390] received request: POST /echo HTTP/1.1 and responded: HTTP/1.1 200 OK
Mar 20, 2023 2:58:22 AM okhttp3.mockwebserver.MockWebServer$3 execute
INFO: MockWebServer[58392] starting to accept connections
Mar 20, 2023 2:58:22 AM okhttp3.mockwebserver.MockWebServer$4 processOneRequest
INFO: MockWebServer[58392] received request: GET /params?param1=value&param2=value1&param2=value2 HTTP/1.1 and responded: HTTP/1.1 200 OK
Mar 20, 2023 2:58:22 AM okhttp3.mockwebserver.MockWebServer$3 acceptConnections
INFO: MockWebServer[58392] done accepting connections: socket closed
Mar 20, 2023 2:58:22 AM okhttp3.mockwebserver.MockWebServer$3 execute
INFO: MockWebServer[58394] starting to accept connections
Mar 20, 2023 2:58:22 AM okhttp3.mockwebserver.MockWebServer$4 processOneRequest
INFO: MockWebServer[58394] received request: GET /methods/get HTTP/1.1 and responded: HTTP/1.1 200 OK
Mar 20, 2023 2:58:22 AM okhttp3.mockwebserver.MockWebServer$4 processOneRequest
INFO: MockWebServer[58394] received request: HEAD /methods/head HTTP/1.1 and responded: HTTP/1.1 200 OK
Mar 20, 2023 2:58:22 AM okhttp3.mockwebserver.MockWebServer$4 processOneRequest
INFO: MockWebServer[58394] received request: POST /methods/post HTTP/1.1 and responded: HTTP/1.1 200 OK
Mar 20, 2023 2:58:22 AM okhttp3.mockwebserver.MockWebServer$4 processOneRequest
INFO: MockWebServer[58394] received request: PUT /methods/put HTTP/1.1 and responded: HTTP/1.1 200 OK
Mar 20, 2023 2:58:22 AM okhttp3.mockwebserver.MockWebServer$4 processOneRequest
INFO: MockWebServer[58394] received request: OPTIONS /methods/options HTTP/1.1 and responded: HTTP/1.1 200 OK
Mar 20, 2023 2:58:22 AM okhttp3.mockwebserver.MockWebServer$4 processOneRequest
INFO: MockWebServer[58394] received request: DELETE /methods/delete HTTP/1.1 and responded: HTTP/1.1 200 OK
Mar 20, 2023 2:58:22 AM okhttp3.mockwebserver.MockWebServer$3 acceptConnections
INFO: MockWebServer[58394] done accepting connections: socket closed
Mar 20, 2023 2:58:22 AM okhttp3.mockwebserver.MockWebServer$3 execute
INFO: MockWebServer[58396] starting to accept connections
Mar 20, 2023 2:58:22 AM okhttp3.mockwebserver.MockWebServer$4 processOneRequest
INFO: MockWebServer[58396] received request: PUT /echo HTTP/1.1 and responded: HTTP/1.1 200 OK
Mar 20, 2023 2:58:22 AM okhttp3.mockwebserver.MockWebServer$3 acceptConnections
INFO: MockWebServer[58396] done accepting connections: socket closed
]]></system-err>
</testsuite>
