<?xml version="1.0" encoding="UTF-8"?>
<testsuite name="org.springframework.http.codec.json.Jackson2TokenizerTests" tests="9" skipped="0" failures="0" errors="0" timestamp="2023-03-20T07:58:37" hostname="DESKTOP-VGJP1PJ" time="0.077">
  <properties/>
  <testcase name="jsonEOFExceptionIsWrappedAsDecodingError()" classname="org.springframework.http.codec.json.Jackson2TokenizerTests" time="0.002"/>
  <testcase name="useBigDecimalForFloats(boolean)[1]" classname="org.springframework.http.codec.json.Jackson2TokenizerTests" time="0.002"/>
  <testcase name="useBigDecimalForFloats(boolean)[2]" classname="org.springframework.http.codec.json.Jackson2TokenizerTests" time="0.002"/>
  <testcase name="errorInStream()" classname="org.springframework.http.codec.json.Jackson2TokenizerTests" time="0.002"/>
  <testcase name="tokenizeArrayElements()" classname="org.springframework.http.codec.json.Jackson2TokenizerTests" time="0.031"/>
  <testcase name="testLimit()" classname="org.springframework.http.codec.json.Jackson2TokenizerTests" time="0.01"/>
  <testcase name="doNotTokenizeArrayElements()" classname="org.springframework.http.codec.json.Jackson2TokenizerTests" time="0.011"/>
  <testcase name="testLimitTokenized()" classname="org.springframework.http.codec.json.Jackson2TokenizerTests" time="0.007"/>
  <testcase name="tokenizeStream()" classname="org.springframework.http.codec.json.Jackson2TokenizerTests" time="0.005"/>
  <system-out><![CDATA[]]></system-out>
  <system-err><![CDATA[]]></system-err>
</testsuite>
