<?xml version="1.0" encoding="UTF-8"?>
<testsuite name="org.springframework.web.context.request.async.StandardServletAsyncWebRequestTests" tests="12" skipped="0" failures="0" errors="0" timestamp="2023-03-20T07:59:07" hostname="DESKTOP-VGJP1PJ" time="0.017">
  <properties/>
  <testcase name="onErrorHandlerAfterOnErrorEvent()" classname="org.springframework.web.context.request.async.StandardServletAsyncWebRequestTests" time="0.006"/>
  <testcase name="startAsync()" classname="org.springframework.web.context.request.async.StandardServletAsyncWebRequestTests" time="0.0"/>
  <testcase name="onErrorHandler()" classname="org.springframework.web.context.request.async.StandardServletAsyncWebRequestTests" time="0.001"/>
  <testcase name="onTimeoutHandler()" classname="org.springframework.web.context.request.async.StandardServletAsyncWebRequestTests" time="0.005"/>
  <testcase name="isAsyncStarted()" classname="org.springframework.web.context.request.async.StandardServletAsyncWebRequestTests" time="0.0"/>
  <testcase name="onTimeoutDefaultBehavior()" classname="org.springframework.web.context.request.async.StandardServletAsyncWebRequestTests" time="0.0"/>
  <testcase name="startAsyncMultipleTimes()" classname="org.springframework.web.context.request.async.StandardServletAsyncWebRequestTests" time="0.0"/>
  <testcase name="onCompletionHandlerAfterOnCompleteEvent()" classname="org.springframework.web.context.request.async.StandardServletAsyncWebRequestTests" time="0.001"/>
  <testcase name="startAsyncNotSupported()" classname="org.springframework.web.context.request.async.StandardServletAsyncWebRequestTests" time="0.001"/>
  <testcase name="setTimeoutDuringConcurrentHandling()" classname="org.springframework.web.context.request.async.StandardServletAsyncWebRequestTests" time="0.001"/>
  <testcase name="startAsyncAfterCompleted()" classname="org.springframework.web.context.request.async.StandardServletAsyncWebRequestTests" time="0.001"/>
  <testcase name="onCompletionHandler()" classname="org.springframework.web.context.request.async.StandardServletAsyncWebRequestTests" time="0.0"/>
  <system-out><![CDATA[]]></system-out>
  <system-err><![CDATA[]]></system-err>
</testsuite>
