<?xml version="1.0" encoding="UTF-8"?>
<testsuite name="org.springframework.http.CacheControlTests" tests="12" skipped="0" failures="0" errors="0" timestamp="2023-03-20T07:58:20" hostname="DESKTOP-VGJP1PJ" time="0.028">
  <properties/>
  <testcase name="maxAgeAndSMaxAge_duration()" classname="org.springframework.http.CacheControlTests" time="0.01"/>
  <testcase name="maxAge()" classname="org.springframework.http.CacheControlTests" time="0.001"/>
  <testcase name="staleIfError()" classname="org.springframework.http.CacheControlTests" time="0.002"/>
  <testcase name="staleIfError_duration()" classname="org.springframework.http.CacheControlTests" time="0.001"/>
  <testcase name="noCachePrivate()" classname="org.springframework.http.CacheControlTests" time="0.001"/>
  <testcase name="maxAgeAndDirectives()" classname="org.springframework.http.CacheControlTests" time="0.001"/>
  <testcase name="emptyCacheControl()" classname="org.springframework.http.CacheControlTests" time="0.0"/>
  <testcase name="staleWhileRevalidate_duration()" classname="org.springframework.http.CacheControlTests" time="0.001"/>
  <testcase name="staleWhileRevalidate()" classname="org.springframework.http.CacheControlTests" time="0.0"/>
  <testcase name="maxAgeAndSMaxAge()" classname="org.springframework.http.CacheControlTests" time="0.001"/>
  <testcase name="maxAge_duration()" classname="org.springframework.http.CacheControlTests" time="0.001"/>
  <testcase name="noStore()" classname="org.springframework.http.CacheControlTests" time="0.001"/>
  <system-out><![CDATA[]]></system-out>
  <system-err><![CDATA[]]></system-err>
</testsuite>
