<?xml version="1.0" encoding="UTF-8"?>
<testsuite name="org.springframework.http.converter.feed.RssChannelHttpMessageConverterTests" tests="5" skipped="0" failures="0" errors="0" timestamp="2023-03-20T07:58:45" hostname="DESKTOP-VGJP1PJ" time="0.027">
  <properties/>
  <testcase name="writeOtherCharset()" classname="org.springframework.http.converter.feed.RssChannelHttpMessageConverterTests" time="0.007"/>
  <testcase name="writeOtherContentTypeParameters()" classname="org.springframework.http.converter.feed.RssChannelHttpMessageConverterTests" time="0.001"/>
  <testcase name="read()" classname="org.springframework.http.converter.feed.RssChannelHttpMessageConverterTests" time="0.004"/>
  <testcase name="write()" classname="org.springframework.http.converter.feed.RssChannelHttpMessageConverterTests" time="0.015"/>
  <testcase name="canReadAndWrite()" classname="org.springframework.http.converter.feed.RssChannelHttpMessageConverterTests" time="0.0"/>
  <system-out><![CDATA[]]></system-out>
  <system-err><![CDATA[]]></system-err>
</testsuite>
