<?xml version="1.0" encoding="UTF-8"?>
<testsuite name="org.springframework.http.client.Netty4ClientHttpRequestFactoryTests" tests="6" skipped="0" failures="0" errors="0" timestamp="2023-03-20T07:58:27" hostname="DESKTOP-VGJP1PJ" time="0.084">
  <properties/>
  <testcase name="headersAfterExecute()" classname="org.springframework.http.client.Netty4ClientHttpRequestFactoryTests" time="0.011"/>
  <testcase name="status()" classname="org.springframework.http.client.Netty4ClientHttpRequestFactoryTests" time="0.01"/>
  <testcase name="echo()" classname="org.springframework.http.client.Netty4ClientHttpRequestFactoryTests" time="0.007"/>
  <testcase name="multipleWrites()" classname="org.springframework.http.client.Netty4ClientHttpRequestFactoryTests" time="0.007"/>
  <testcase name="queryParameters()" classname="org.springframework.http.client.Netty4ClientHttpRequestFactoryTests" time="0.007"/>
  <testcase name="httpMethods()" classname="org.springframework.http.client.Netty4ClientHttpRequestFactoryTests" time="0.038"/>
  <system-out><![CDATA[]]></system-out>
  <system-err><![CDATA[Mar 20, 2023 2:58:27 AM okhttp3.mockwebserver.MockWebServer$3 execute
INFO: MockWebServer[58605] starting to accept connections
Mar 20, 2023 2:58:27 AM okhttp3.mockwebserver.MockWebServer$4 processOneRequest
INFO: MockWebServer[58605] received request: POST /status/ok HTTP/1.1 and responded: HTTP/1.1 200 OK
Mar 20, 2023 2:58:27 AM okhttp3.mockwebserver.MockWebServer$3 acceptConnections
INFO: MockWebServer[58605] done accepting connections: socket closed
Mar 20, 2023 2:58:27 AM okhttp3.mockwebserver.MockWebServer$3 execute
INFO: MockWebServer[58607] starting to accept connections
Mar 20, 2023 2:58:27 AM okhttp3.mockwebserver.MockWebServer$4 processOneRequest
INFO: MockWebServer[58607] received request: GET /status/notfound HTTP/1.1 and responded: HTTP/1.1 404 Client Error
Mar 20, 2023 2:58:27 AM okhttp3.mockwebserver.MockWebServer$3 acceptConnections
INFO: MockWebServer[58607] done accepting connections: socket closed
Mar 20, 2023 2:58:27 AM okhttp3.mockwebserver.MockWebServer$3 execute
INFO: MockWebServer[58609] starting to accept connections
Mar 20, 2023 2:58:27 AM okhttp3.mockwebserver.MockWebServer$4 processOneRequest
INFO: MockWebServer[58609] received request: PUT /echo HTTP/1.1 and responded: HTTP/1.1 200 OK
Mar 20, 2023 2:58:27 AM okhttp3.mockwebserver.MockWebServer$3 acceptConnections
INFO: MockWebServer[58609] done accepting connections: socket closed
Mar 20, 2023 2:58:27 AM okhttp3.mockwebserver.MockWebServer$3 execute
INFO: MockWebServer[58611] starting to accept connections
Mar 20, 2023 2:58:27 AM okhttp3.mockwebserver.MockWebServer$4 processOneRequest
INFO: MockWebServer[58611] received request: POST /echo HTTP/1.1 and responded: HTTP/1.1 200 OK
Mar 20, 2023 2:58:27 AM okhttp3.mockwebserver.MockWebServer$3 acceptConnections
INFO: MockWebServer[58611] done accepting connections: socket closed
Mar 20, 2023 2:58:27 AM okhttp3.mockwebserver.MockWebServer$3 execute
INFO: MockWebServer[58613] starting to accept connections
Mar 20, 2023 2:58:27 AM okhttp3.mockwebserver.MockWebServer$4 processOneRequest
INFO: MockWebServer[58613] received request: GET /params?param1=value&param2=value1&param2=value2 HTTP/1.1 and responded: HTTP/1.1 200 OK
Mar 20, 2023 2:58:27 AM okhttp3.mockwebserver.MockWebServer$3 acceptConnections
INFO: MockWebServer[58613] done accepting connections: socket closed
Mar 20, 2023 2:58:27 AM okhttp3.mockwebserver.MockWebServer$3 execute
INFO: MockWebServer[58615] starting to accept connections
Mar 20, 2023 2:58:27 AM okhttp3.mockwebserver.MockWebServer$4 processOneRequest
INFO: MockWebServer[58615] received request: GET /methods/get HTTP/1.1 and responded: HTTP/1.1 200 OK
Mar 20, 2023 2:58:27 AM okhttp3.mockwebserver.MockWebServer$4 processOneRequest
INFO: MockWebServer[58615] received request: HEAD /methods/head HTTP/1.1 and responded: HTTP/1.1 200 OK
Mar 20, 2023 2:58:27 AM okhttp3.mockwebserver.MockWebServer$4 processOneRequest
INFO: MockWebServer[58615] received request: POST /methods/post HTTP/1.1 and responded: HTTP/1.1 200 OK
Mar 20, 2023 2:58:27 AM okhttp3.mockwebserver.MockWebServer$4 processOneRequest
INFO: MockWebServer[58615] received request: PUT /methods/put HTTP/1.1 and responded: HTTP/1.1 200 OK
Mar 20, 2023 2:58:27 AM okhttp3.mockwebserver.MockWebServer$4 processOneRequest
INFO: MockWebServer[58615] received request: OPTIONS /methods/options HTTP/1.1 and responded: HTTP/1.1 200 OK
Mar 20, 2023 2:58:27 AM okhttp3.mockwebserver.MockWebServer$4 processOneRequest
INFO: MockWebServer[58615] received request: DELETE /methods/delete HTTP/1.1 and responded: HTTP/1.1 200 OK
Mar 20, 2023 2:58:27 AM okhttp3.mockwebserver.MockWebServer$4 processOneRequest
INFO: MockWebServer[58615] received request: PATCH /methods/patch HTTP/1.1 and responded: HTTP/1.1 200 OK
Mar 20, 2023 2:58:27 AM okhttp3.mockwebserver.MockWebServer$3 acceptConnections
INFO: MockWebServer[58615] done accepting connections: socket closed
]]></system-err>
</testsuite>
