<?xml version="1.0" encoding="UTF-8"?>
<testsuite name="org.springframework.http.codec.support.ServerCodecConfigurerTests" tests="8" skipped="0" failures="0" errors="0" timestamp="2023-03-20T07:58:44" hostname="DESKTOP-VGJP1PJ" time="0.018">
  <properties/>
  <testcase name="maxInMemorySizeWithCustomCodecs()" classname="org.springframework.http.codec.support.ServerCodecConfigurerTests" time="0.002"/>
  <testcase name="defaultReaders()" classname="org.springframework.http.codec.support.ServerCodecConfigurerTests" time="0.003"/>
  <testcase name="maxInMemorySize()" classname="org.springframework.http.codec.support.ServerCodecConfigurerTests" time="0.001"/>
  <testcase name="enableRequestLoggingDetailsWithCustomCodecs()" classname="org.springframework.http.codec.support.ServerCodecConfigurerTests" time="0.001"/>
  <testcase name="defaultWriters()" classname="org.springframework.http.codec.support.ServerCodecConfigurerTests" time="0.001"/>
  <testcase name="cloneConfigurer()" classname="org.springframework.http.codec.support.ServerCodecConfigurerTests" time="0.004"/>
  <testcase name="enableRequestLoggingDetails()" classname="org.springframework.http.codec.support.ServerCodecConfigurerTests" time="0.001"/>
  <testcase name="jackson2EncoderOverride()" classname="org.springframework.http.codec.support.ServerCodecConfigurerTests" time="0.003"/>
  <system-out><![CDATA[02:58:44.358 [Test worker] DEBUG o.s.w.HttpLogging - Decoded "line1"
02:58:44.358 [Test worker] DEBUG o.s.w.HttpLogging - Decoded "line2"
02:58:44.358 [Test worker] DEBUG o.s.w.HttpLogging - Decoded "line1"
02:58:44.359 [Test worker] DEBUG o.s.w.HttpLogging - Decoded "line2"
]]></system-out>
  <system-err><![CDATA[]]></system-err>
</testsuite>
