<?xml version="1.0" encoding="UTF-8"?>
<testsuite name="org.springframework.web.cors.CorsUtilsTests" tests="4" skipped="0" failures="0" errors="0" timestamp="2023-03-20T07:59:09" hostname="DESKTOP-VGJP1PJ" time="0.003">
  <properties/>
  <testcase name="isCorsRequest()" classname="org.springframework.web.cors.CorsUtilsTests" time="0.002"/>
  <testcase name="isNotCorsRequest()" classname="org.springframework.web.cors.CorsUtilsTests" time="0.0"/>
  <testcase name="isNotPreFlightRequest()" classname="org.springframework.web.cors.CorsUtilsTests" time="0.001"/>
  <testcase name="isPreFlightRequest()" classname="org.springframework.web.cors.CorsUtilsTests" time="0.0"/>
  <system-out><![CDATA[]]></system-out>
  <system-err><![CDATA[]]></system-err>
</testsuite>
