<?xml version="1.0" encoding="UTF-8"?>
<testsuite name="org.springframework.remoting.caucho.CauchoRemotingTests" tests="5" skipped="0" failures="0" errors="0" timestamp="2023-03-20T07:58:57" hostname="DESKTOP-VGJP1PJ" time="2.509">
  <properties/>
  <testcase name="hessianProxyFactoryBeanWithAuthenticationAndAccessError()" classname="org.springframework.remoting.caucho.CauchoRemotingTests" time="2.382"/>
  <testcase name="simpleHessianServiceExporter()" classname="org.springframework.remoting.caucho.CauchoRemotingTests" time="0.123"/>
  <testcase name="hessianProxyFactoryBeanWithCustomProxyFactory()" classname="org.springframework.remoting.caucho.CauchoRemotingTests" time="0.001"/>
  <testcase name="hessianProxyFactoryBeanWithClassInsteadOfInterface()" classname="org.springframework.remoting.caucho.CauchoRemotingTests" time="0.001"/>
  <testcase name="hessianProxyFactoryBeanWithAccessError()" classname="org.springframework.remoting.caucho.CauchoRemotingTests" time="0.001"/>
  <system-out><![CDATA[]]></system-out>
  <system-err><![CDATA[]]></system-err>
</testsuite>
