<?xml version="1.0" encoding="UTF-8"?>
<testsuite name="org.springframework.web.method.annotation.ModelFactoryOrderingTests" tests="4" skipped="0" failures="0" errors="0" timestamp="2023-03-20T07:59:11" hostname="DESKTOP-VGJP1PJ" time="0.029">
  <properties/>
  <testcase name="unresolvedDependency()" classname="org.springframework.web.method.annotation.ModelFactoryOrderingTests" time="0.016"/>
  <testcase name="treeDependency()" classname="org.springframework.web.method.annotation.ModelFactoryOrderingTests" time="0.004"/>
  <testcase name="straightLineDependency()" classname="org.springframework.web.method.annotation.ModelFactoryOrderingTests" time="0.006"/>
  <testcase name="InvertedTreeDependency()" classname="org.springframework.web.method.annotation.ModelFactoryOrderingTests" time="0.003"/>
  <system-out><![CDATA[02:59:11.456 [Test worker] DEBUG o.s.w.m.a.ModelFactoryOrderingTests -  >> getA >> getC1 >> getC2 >> getC3 >> getC4
02:59:11.459 [Test worker] DEBUG o.s.w.m.a.ModelFactoryOrderingTests -  >> getA >> getB1 >> getC2 >> getC1 >> getB2 >> getC3 >> getC4
02:59:11.466 [Test worker] DEBUG o.s.w.m.a.ModelFactoryOrderingTests -  >> getA >> getB1 >> getB2 >> getC1 >> getC2 >> getC3 >> getC4
02:59:11.469 [Test worker] DEBUG o.s.w.m.a.ModelFactoryOrderingTests -  >> getC3 >> getC1 >> getC4 >> getC2 >> getB2 >> getB1 >> getA
]]></system-out>
  <system-err><![CDATA[]]></system-err>
</testsuite>
