<?xml version="1.0" encoding="UTF-8"?>
<testsuite name="org.springframework.web.method.support.HandlerMethodReturnValueHandlerCompositeTests" tests="5" skipped="0" failures="0" errors="0" timestamp="2023-03-20T07:59:12" hostname="DESKTOP-VGJP1PJ" time="0.019">
  <properties/>
  <testcase name="handleReturnValueWithMultipleHandlers()" classname="org.springframework.web.method.support.HandlerMethodReturnValueHandlerCompositeTests" time="0.007"/>
  <testcase name="handleReturnValue()" classname="org.springframework.web.method.support.HandlerMethodReturnValueHandlerCompositeTests" time="0.001"/>
  <testcase name="handleReturnValueWithAsyncHandler()" classname="org.springframework.web.method.support.HandlerMethodReturnValueHandlerCompositeTests" time="0.009"/>
  <testcase name="supportsReturnType()" classname="org.springframework.web.method.support.HandlerMethodReturnValueHandlerCompositeTests" time="0.001"/>
  <testcase name="noSuitableReturnValueHandler()" classname="org.springframework.web.method.support.HandlerMethodReturnValueHandlerCompositeTests" time="0.001"/>
  <system-out><![CDATA[]]></system-out>
  <system-err><![CDATA[]]></system-err>
</testsuite>
