<?xml version="1.0" encoding="UTF-8"?>
<testsuite name="org.springframework.web.method.annotation.MapMethodProcessorTests" tests="4" skipped="0" failures="0" errors="0" timestamp="2023-03-20T07:59:10" hostname="DESKTOP-VGJP1PJ" time="0.009">
  <properties/>
  <testcase name="handleMapReturnValue()" classname="org.springframework.web.method.annotation.MapMethodProcessorTests" time="0.0"/>
  <testcase name="supportsParameter()" classname="org.springframework.web.method.annotation.MapMethodProcessorTests" time="0.006"/>
  <testcase name="resolveArgumentValue()" classname="org.springframework.web.method.annotation.MapMethodProcessorTests" time="0.001"/>
  <testcase name="supportsReturnType()" classname="org.springframework.web.method.annotation.MapMethodProcessorTests" time="0.0"/>
  <system-out><![CDATA[]]></system-out>
  <system-err><![CDATA[]]></system-err>
</testsuite>
