<?xml version="1.0" encoding="UTF-8"?>
<testsuite name="org.springframework.http.codec.FormHttpMessageWriterTests" tests="2" skipped="0" failures="0" errors="0" timestamp="2023-03-20T07:58:37" hostname="DESKTOP-VGJP1PJ" time="0.005">
  <properties/>
  <testcase name="writeForm()" classname="org.springframework.http.codec.FormHttpMessageWriterTests" time="0.004"/>
  <testcase name="canWrite()" classname="org.springframework.http.codec.FormHttpMessageWriterTests" time="0.001"/>
  <system-out><![CDATA[02:58:37.543 [Test worker] DEBUG o.s.w.HttpLogging - Writing form fields [name 1, name 2, name 3] (content masked)
]]></system-out>
  <system-err><![CDATA[]]></system-err>
</testsuite>
