<?xml version="1.0" encoding="UTF-8"?>
<testsuite name="org.springframework.web.context.support.AnnotationConfigWebApplicationContextTests" tests="4" skipped="0" failures="0" errors="0" timestamp="2023-03-20T07:59:09" hostname="DESKTOP-VGJP1PJ" time="0.074">
  <properties/>
  <testcase name="withBeanNameGenerator()" classname="org.springframework.web.context.support.AnnotationConfigWebApplicationContextTests" time="0.017"/>
  <testcase name="configLocationWithBasePackage()" classname="org.springframework.web.context.support.AnnotationConfigWebApplicationContextTests" time="0.039"/>
  <testcase name="registerSingleClass()" classname="org.springframework.web.context.support.AnnotationConfigWebApplicationContextTests" time="0.011"/>
  <testcase name="configLocationWithSingleClass()" classname="org.springframework.web.context.support.AnnotationConfigWebApplicationContextTests" time="0.007"/>
  <system-out><![CDATA[02:59:09.414 [Test worker] DEBUG o.s.w.c.s.AnnotationConfigWebApplicationContext - Refreshing Root WebApplicationContext
02:59:09.427 [Test worker] DEBUG o.s.w.c.s.AnnotationConfigWebApplicationContext - Refreshing Root WebApplicationContext
02:59:09.466 [Test worker] DEBUG o.s.w.c.s.AnnotationConfigWebApplicationContext - Refreshing Root WebApplicationContext
02:59:09.469 [Test worker] DEBUG o.s.w.c.s.AnnotationConfigWebApplicationContext - Registering component classes: [class org.springframework.web.context.support.AnnotationConfigWebApplicationContextTests$Config]
02:59:09.478 [Test worker] DEBUG o.s.w.c.s.AnnotationConfigWebApplicationContext - Refreshing Root WebApplicationContext
]]></system-out>
  <system-err><![CDATA[]]></system-err>
</testsuite>
