<?xml version="1.0" encoding="UTF-8"?>
<testsuite name="org.springframework.web.server.i18n.FixedLocaleContextResolverTests" tests="3" skipped="0" failures="0" errors="0" timestamp="2023-03-20T07:59:21" hostname="DESKTOP-VGJP1PJ" time="0.004">
  <properties/>
  <testcase name="resolveDefaultLocale()" classname="org.springframework.web.server.i18n.FixedLocaleContextResolverTests" time="0.002"/>
  <testcase name="resolveCustomizedLocale()" classname="org.springframework.web.server.i18n.FixedLocaleContextResolverTests" time="0.001"/>
  <testcase name="resolveCustomizedAndTimeZoneLocale()" classname="org.springframework.web.server.i18n.FixedLocaleContextResolverTests" time="0.001"/>
  <system-out><![CDATA[]]></system-out>
  <system-err><![CDATA[]]></system-err>
</testsuite>
