<?xml version="1.0" encoding="UTF-8"?>
<testsuite name="org.springframework.http.client.Netty4AsyncClientHttpRequestFactoryTests" tests="7" skipped="0" failures="0" errors="0" timestamp="2023-03-20T07:58:24" hostname="DESKTOP-VGJP1PJ" time="0.986">
  <properties/>
  <testcase name="cancel()" classname="org.springframework.http.client.Netty4AsyncClientHttpRequestFactoryTests" time="0.627"/>
  <testcase name="headersAfterExecute()" classname="org.springframework.http.client.Netty4AsyncClientHttpRequestFactoryTests" time="0.281"/>
  <testcase name="status()" classname="org.springframework.http.client.Netty4AsyncClientHttpRequestFactoryTests" time="0.009"/>
  <testcase name="echo()" classname="org.springframework.http.client.Netty4AsyncClientHttpRequestFactoryTests" time="0.01"/>
  <testcase name="statusCallback()" classname="org.springframework.http.client.Netty4AsyncClientHttpRequestFactoryTests" time="0.007"/>
  <testcase name="multipleWrites()" classname="org.springframework.http.client.Netty4AsyncClientHttpRequestFactoryTests" time="0.009"/>
  <testcase name="httpMethods()" classname="org.springframework.http.client.Netty4AsyncClientHttpRequestFactoryTests" time="0.04"/>
  <system-out><![CDATA[]]></system-out>
  <system-err><![CDATA[Mar 20, 2023 2:58:24 AM okhttp3.mockwebserver.MockWebServer$3 execute
INFO: MockWebServer[58569] starting to accept connections
Mar 20, 2023 2:58:25 AM okhttp3.mockwebserver.MockWebServer$3 acceptConnections
INFO: MockWebServer[58569] done accepting connections: socket closed
Mar 20, 2023 2:58:25 AM okhttp3.mockwebserver.MockWebServer$3 execute
INFO: MockWebServer[58570] starting to accept connections
Mar 20, 2023 2:58:25 AM okhttp3.mockwebserver.MockWebServer$4 processOneRequest
INFO: MockWebServer[58570] received request: POST /echo HTTP/1.1 and responded: HTTP/1.1 200 OK
Mar 20, 2023 2:58:25 AM okhttp3.mockwebserver.MockWebServer$3 acceptConnections
INFO: MockWebServer[58570] done accepting connections: socket closed
Mar 20, 2023 2:58:25 AM okhttp3.mockwebserver.MockWebServer$3 execute
INFO: MockWebServer[58573] starting to accept connections
Mar 20, 2023 2:58:25 AM okhttp3.mockwebserver.MockWebServer$4 processOneRequest
INFO: MockWebServer[58573] received request: GET /status/notfound HTTP/1.1 and responded: HTTP/1.1 404 Client Error
Mar 20, 2023 2:58:25 AM okhttp3.mockwebserver.MockWebServer$3 acceptConnections
INFO: MockWebServer[58573] done accepting connections: socket closed
Mar 20, 2023 2:58:25 AM okhttp3.mockwebserver.MockWebServer$3 execute
INFO: MockWebServer[58575] starting to accept connections
Mar 20, 2023 2:58:25 AM okhttp3.mockwebserver.MockWebServer$4 processOneRequest
INFO: MockWebServer[58575] received request: PUT /echo HTTP/1.1 and responded: HTTP/1.1 200 OK
Mar 20, 2023 2:58:25 AM okhttp3.mockwebserver.MockWebServer$3 acceptConnections
INFO: MockWebServer[58575] done accepting connections: socket closed
Mar 20, 2023 2:58:25 AM okhttp3.mockwebserver.MockWebServer$3 execute
INFO: MockWebServer[58577] starting to accept connections
Mar 20, 2023 2:58:25 AM okhttp3.mockwebserver.MockWebServer$4 processOneRequest
INFO: MockWebServer[58577] received request: GET /status/notfound HTTP/1.1 and responded: HTTP/1.1 404 Client Error
Mar 20, 2023 2:58:25 AM okhttp3.mockwebserver.MockWebServer$3 acceptConnections
INFO: MockWebServer[58577] done accepting connections: socket closed
Mar 20, 2023 2:58:25 AM okhttp3.mockwebserver.MockWebServer$3 execute
INFO: MockWebServer[58579] starting to accept connections
Mar 20, 2023 2:58:25 AM okhttp3.mockwebserver.MockWebServer$4 processOneRequest
INFO: MockWebServer[58579] received request: POST /echo HTTP/1.1 and responded: HTTP/1.1 200 OK
Mar 20, 2023 2:58:25 AM okhttp3.mockwebserver.MockWebServer$3 acceptConnections
INFO: MockWebServer[58579] done accepting connections: socket closed
Mar 20, 2023 2:58:25 AM okhttp3.mockwebserver.MockWebServer$3 execute
INFO: MockWebServer[58581] starting to accept connections
Mar 20, 2023 2:58:25 AM okhttp3.mockwebserver.MockWebServer$4 processOneRequest
INFO: MockWebServer[58581] received request: GET /methods/get HTTP/1.1 and responded: HTTP/1.1 200 OK
Mar 20, 2023 2:58:25 AM okhttp3.mockwebserver.MockWebServer$4 processOneRequest
INFO: MockWebServer[58581] received request: HEAD /methods/head HTTP/1.1 and responded: HTTP/1.1 200 OK
Mar 20, 2023 2:58:25 AM okhttp3.mockwebserver.MockWebServer$4 processOneRequest
INFO: MockWebServer[58581] received request: POST /methods/post HTTP/1.1 and responded: HTTP/1.1 200 OK
Mar 20, 2023 2:58:25 AM okhttp3.mockwebserver.MockWebServer$4 processOneRequest
INFO: MockWebServer[58581] received request: PUT /methods/put HTTP/1.1 and responded: HTTP/1.1 200 OK
Mar 20, 2023 2:58:25 AM okhttp3.mockwebserver.MockWebServer$4 processOneRequest
INFO: MockWebServer[58581] received request: OPTIONS /methods/options HTTP/1.1 and responded: HTTP/1.1 200 OK
Mar 20, 2023 2:58:25 AM okhttp3.mockwebserver.MockWebServer$4 processOneRequest
INFO: MockWebServer[58581] received request: DELETE /methods/delete HTTP/1.1 and responded: HTTP/1.1 200 OK
Mar 20, 2023 2:58:25 AM okhttp3.mockwebserver.MockWebServer$4 processOneRequest
INFO: MockWebServer[58581] received request: PATCH /methods/patch HTTP/1.1 and responded: HTTP/1.1 200 OK
Mar 20, 2023 2:58:25 AM okhttp3.mockwebserver.MockWebServer$3 acceptConnections
INFO: MockWebServer[58581] done accepting connections: socket closed
]]></system-err>
</testsuite>
