<?xml version="1.0" encoding="UTF-8"?>
<testsuite name="org.springframework.http.client.HttpComponentsClientHttpRequestFactoryTests" tests="11" skipped="0" failures="0" errors="0" timestamp="2023-03-20T07:58:23" hostname="DESKTOP-VGJP1PJ" time="1.138">
  <properties/>
  <testcase name="headersAfterExecute()" classname="org.springframework.http.client.HttpComponentsClientHttpRequestFactoryTests" time="0.011"/>
  <testcase name="status()" classname="org.springframework.http.client.HttpComponentsClientHttpRequestFactoryTests" time="0.01"/>
  <testcase name="echo()" classname="org.springframework.http.client.HttpComponentsClientHttpRequestFactoryTests" time="0.009"/>
  <testcase name="multipleWrites()" classname="org.springframework.http.client.HttpComponentsClientHttpRequestFactoryTests" time="0.008"/>
  <testcase name="queryParameters()" classname="org.springframework.http.client.HttpComponentsClientHttpRequestFactoryTests" time="0.008"/>
  <testcase name="createHttpUriRequest()" classname="org.springframework.http.client.HttpComponentsClientHttpRequestFactoryTests" time="0.006"/>
  <testcase name="mergeBasedOnCurrentHttpClient()" classname="org.springframework.http.client.HttpComponentsClientHttpRequestFactoryTests" time="0.969"/>
  <testcase name="assertCustomConfig()" classname="org.springframework.http.client.HttpComponentsClientHttpRequestFactoryTests" time="0.017"/>
  <testcase name="localSettingsOverrideClientDefaultSettings()" classname="org.springframework.http.client.HttpComponentsClientHttpRequestFactoryTests" time="0.025"/>
  <testcase name="httpMethods()" classname="org.springframework.http.client.HttpComponentsClientHttpRequestFactoryTests" time="0.051"/>
  <testcase name="defaultSettingsOfHttpClientMergedOnExecutorCustomization()" classname="org.springframework.http.client.HttpComponentsClientHttpRequestFactoryTests" time="0.013"/>
  <system-out><![CDATA[]]></system-out>
  <system-err><![CDATA[Mar 20, 2023 2:58:23 AM okhttp3.mockwebserver.MockWebServer$3 execute
INFO: MockWebServer[58524] starting to accept connections
Mar 20, 2023 2:58:23 AM okhttp3.mockwebserver.MockWebServer$4 processOneRequest
INFO: MockWebServer[58524] received request: POST /status/ok HTTP/1.1 and responded: HTTP/1.1 200 OK
Mar 20, 2023 2:58:23 AM okhttp3.mockwebserver.MockWebServer$3 acceptConnections
INFO: MockWebServer[58524] done accepting connections: socket closed
Mar 20, 2023 2:58:23 AM okhttp3.mockwebserver.MockWebServer$3 execute
INFO: MockWebServer[58526] starting to accept connections
Mar 20, 2023 2:58:23 AM okhttp3.mockwebserver.MockWebServer$4 processOneRequest
INFO: MockWebServer[58526] received request: GET /status/notfound HTTP/1.1 and responded: HTTP/1.1 404 Client Error
Mar 20, 2023 2:58:23 AM okhttp3.mockwebserver.MockWebServer$3 acceptConnections
INFO: MockWebServer[58526] done accepting connections: socket closed
Mar 20, 2023 2:58:23 AM okhttp3.mockwebserver.MockWebServer$3 execute
INFO: MockWebServer[58528] starting to accept connections
Mar 20, 2023 2:58:23 AM okhttp3.mockwebserver.MockWebServer$4 processOneRequest
INFO: MockWebServer[58528] received request: PUT /echo HTTP/1.1 and responded: HTTP/1.1 200 OK
Mar 20, 2023 2:58:23 AM okhttp3.mockwebserver.MockWebServer$3 acceptConnections
INFO: MockWebServer[58528] done accepting connections: socket closed
Mar 20, 2023 2:58:23 AM okhttp3.mockwebserver.MockWebServer$3 execute
INFO: MockWebServer[58530] starting to accept connections
Mar 20, 2023 2:58:23 AM okhttp3.mockwebserver.MockWebServer$3 acceptConnections
INFO: MockWebServer[58530] done accepting connections: socket closed
Mar 20, 2023 2:58:23 AM okhttp3.mockwebserver.MockWebServer$4 processOneRequest
INFO: MockWebServer[58530] received request: POST /echo HTTP/1.1 and responded: HTTP/1.1 200 OK
Mar 20, 2023 2:58:23 AM okhttp3.mockwebserver.MockWebServer$3 execute
INFO: MockWebServer[58532] starting to accept connections
Mar 20, 2023 2:58:23 AM okhttp3.mockwebserver.MockWebServer$4 processOneRequest
INFO: MockWebServer[58532] received request: GET /params?param1=value&param2=value1&param2=value2 HTTP/1.1 and responded: HTTP/1.1 200 OK
Mar 20, 2023 2:58:23 AM okhttp3.mockwebserver.MockWebServer$3 acceptConnections
INFO: MockWebServer[58532] done accepting connections: socket closed
Mar 20, 2023 2:58:23 AM okhttp3.mockwebserver.MockWebServer$3 execute
INFO: MockWebServer[58534] starting to accept connections
Mar 20, 2023 2:58:23 AM okhttp3.mockwebserver.MockWebServer$3 acceptConnections
INFO: MockWebServer[58534] done accepting connections: Socket is closed
Mar 20, 2023 2:58:23 AM okhttp3.mockwebserver.MockWebServer$3 execute
INFO: MockWebServer[58535] starting to accept connections
Mar 20, 2023 2:58:24 AM okhttp3.mockwebserver.MockWebServer$3 acceptConnections
INFO: MockWebServer[58535] done accepting connections: socket closed
Mar 20, 2023 2:58:24 AM okhttp3.mockwebserver.MockWebServer$3 execute
INFO: MockWebServer[58536] starting to accept connections
Mar 20, 2023 2:58:24 AM okhttp3.mockwebserver.MockWebServer$3 acceptConnections
INFO: MockWebServer[58536] done accepting connections: socket closed
Mar 20, 2023 2:58:24 AM okhttp3.mockwebserver.MockWebServer$3 execute
INFO: MockWebServer[58537] starting to accept connections
Mar 20, 2023 2:58:24 AM okhttp3.mockwebserver.MockWebServer$3 acceptConnections
INFO: MockWebServer[58537] done accepting connections: Socket is closed
Mar 20, 2023 2:58:24 AM okhttp3.mockwebserver.MockWebServer$3 execute
INFO: MockWebServer[58538] starting to accept connections
Mar 20, 2023 2:58:24 AM okhttp3.mockwebserver.MockWebServer$4 processOneRequest
INFO: MockWebServer[58538] received request: GET /methods/get HTTP/1.1 and responded: HTTP/1.1 200 OK
Mar 20, 2023 2:58:24 AM okhttp3.mockwebserver.MockWebServer$4 processOneRequest
INFO: MockWebServer[58538] received request: HEAD /methods/head HTTP/1.1 and responded: HTTP/1.1 200 OK
Mar 20, 2023 2:58:24 AM okhttp3.mockwebserver.MockWebServer$4 processOneRequest
INFO: MockWebServer[58538] received request: POST /methods/post HTTP/1.1 and responded: HTTP/1.1 200 OK
Mar 20, 2023 2:58:24 AM okhttp3.mockwebserver.MockWebServer$4 processOneRequest
INFO: MockWebServer[58538] received request: PUT /methods/put HTTP/1.1 and responded: HTTP/1.1 200 OK
Mar 20, 2023 2:58:24 AM okhttp3.mockwebserver.MockWebServer$4 processOneRequest
INFO: MockWebServer[58538] received request: OPTIONS /methods/options HTTP/1.1 and responded: HTTP/1.1 200 OK
Mar 20, 2023 2:58:24 AM okhttp3.mockwebserver.MockWebServer$4 processOneRequest
INFO: MockWebServer[58538] received request: DELETE /methods/delete HTTP/1.1 and responded: HTTP/1.1 200 OK
Mar 20, 2023 2:58:24 AM okhttp3.mockwebserver.MockWebServer$4 processOneRequest
INFO: MockWebServer[58538] received request: PATCH /methods/patch HTTP/1.1 and responded: HTTP/1.1 200 OK
Mar 20, 2023 2:58:24 AM okhttp3.mockwebserver.MockWebServer$3 acceptConnections
INFO: MockWebServer[58538] done accepting connections: socket closed
Mar 20, 2023 2:58:24 AM okhttp3.mockwebserver.MockWebServer$3 execute
INFO: MockWebServer[58540] starting to accept connections
Mar 20, 2023 2:58:24 AM okhttp3.mockwebserver.MockWebServer$3 acceptConnections
INFO: MockWebServer[58540] done accepting connections: Socket is closed
]]></system-err>
</testsuite>
