<?xml version="1.0" encoding="UTF-8"?>
<testsuite name="org.springframework.http.client.support.ProxyFactoryBeanTests" tests="4" skipped="0" failures="0" errors="0" timestamp="2023-03-20T07:58:35" hostname="DESKTOP-VGJP1PJ" time="0.165">
  <properties/>
  <testcase name="noPort()" classname="org.springframework.http.client.support.ProxyFactoryBeanTests" time="0.001"/>
  <testcase name="noType()" classname="org.springframework.http.client.support.ProxyFactoryBeanTests" time="0.001"/>
  <testcase name="normal()" classname="org.springframework.http.client.support.ProxyFactoryBeanTests" time="0.161"/>
  <testcase name="noHostname()" classname="org.springframework.http.client.support.ProxyFactoryBeanTests" time="0.001"/>
  <system-out><![CDATA[]]></system-out>
  <system-err><![CDATA[]]></system-err>
</testsuite>
