<?xml version="1.0" encoding="UTF-8"?>
<testsuite name="org.springframework.http.client.MultipartBodyBuilderTests" tests="2" skipped="0" failures="0" errors="0" timestamp="2023-03-20T07:58:24" hostname="DESKTOP-VGJP1PJ" time="0.209">
  <properties/>
  <testcase name="publisherEntityAcceptedAsInput()" classname="org.springframework.http.client.MultipartBodyBuilderTests" time="0.199"/>
  <testcase name="builder()" classname="org.springframework.http.client.MultipartBodyBuilderTests" time="0.009"/>
  <system-out><![CDATA[]]></system-out>
  <system-err><![CDATA[]]></system-err>
</testsuite>
