<?xml version="1.0" encoding="UTF-8"?>
<testsuite name="org.springframework.web.util.HtmlCharacterEntityReferencesTests" tests="2" skipped="0" failures="0" errors="0" timestamp="2023-03-20T07:59:23" hostname="DESKTOP-VGJP1PJ" time="0.074">
  <properties/>
  <testcase name="testSupportsAllCharacterEntityReferencesDefinedByHtml()" classname="org.springframework.web.util.HtmlCharacterEntityReferencesTests" time="0.073"/>
  <testcase name="testConvertToReferenceUTF8()" classname="org.springframework.web.util.HtmlCharacterEntityReferencesTests" time="0.001"/>
  <system-out><![CDATA[]]></system-out>
  <system-err><![CDATA[]]></system-err>
</testsuite>
