<?xml version="1.0" encoding="UTF-8"?>
<testsuite name="org.springframework.web.multipart.commons.CommonsMultipartResolverTests" tests="4" skipped="0" failures="0" errors="0" timestamp="2023-03-20T07:59:12" hostname="DESKTOP-VGJP1PJ" time="0.103">
  <properties/>
  <testcase name="withServletContextAndFilterWithCustomBeanName()" classname="org.springframework.web.multipart.commons.CommonsMultipartResolverTests" time="0.028"/>
  <testcase name="withApplicationContext()" classname="org.springframework.web.multipart.commons.CommonsMultipartResolverTests" time="0.056"/>
  <testcase name="withServletContextAndFilter()" classname="org.springframework.web.multipart.commons.CommonsMultipartResolverTests" time="0.005"/>
  <testcase name="withApplicationContextAndLazyResolution()" classname="org.springframework.web.multipart.commons.CommonsMultipartResolverTests" time="0.012"/>
  <system-out><![CDATA[02:59:12.088 [Test worker] DEBUG o.s.w.c.s.StaticWebApplicationContext - Refreshing Root WebApplicationContext
02:59:12.100 [Test worker] DEBUG o.s.w.m.c.CommonsMultipartResolverTests$3 - Filter 'filter' configured for use
02:59:12.100 [Test worker] DEBUG o.s.w.m.c.CommonsMultipartResolverTests$3 - Using MultipartResolver 'myMultipartResolver' for MultipartFilter
02:59:12.106 [Test worker] DEBUG o.s.w.m.c.CommonsMultipartResolverTests$MockCommonsMultipartResolver - Part 'field1', size 5 bytes, filename='field1.txt'
02:59:12.107 [Test worker] DEBUG o.s.w.m.c.CommonsMultipartResolverTests$MockCommonsMultipartResolver - Part 'field1', size 5 bytes, filename='field1.txt'
02:59:12.107 [Test worker] DEBUG o.s.w.m.c.CommonsMultipartResolverTests$MockCommonsMultipartResolver - Part 'field2', size 5 bytes, filename='field2.txt'
02:59:12.107 [Test worker] DEBUG o.s.w.m.c.CommonsMultipartResolverTests$MockCommonsMultipartResolver - Part 'field2x', size 5 bytes, filename='field2x.txt'
02:59:12.109 [Test worker] DEBUG o.s.w.m.c.CommonsMultipartResolverTests$MockCommonsMultipartResolver - Cleaning up part 'field1', filename 'field1.txt'
02:59:12.110 [Test worker] DEBUG o.s.w.m.c.CommonsMultipartResolverTests$MockCommonsMultipartResolver - Cleaning up part 'field1', filename 'field1.txt'
02:59:12.110 [Test worker] DEBUG o.s.w.m.c.CommonsMultipartResolverTests$MockCommonsMultipartResolver - Cleaning up part 'field2', filename 'field2.txt'
02:59:12.110 [Test worker] DEBUG o.s.w.m.c.CommonsMultipartResolverTests$MockCommonsMultipartResolver - Cleaning up part 'field2x', filename 'field2x.txt'
02:59:12.111 [Test worker] DEBUG o.s.w.m.c.CommonsMultipartResolverTests$3 - Using MultipartResolver 'myMultipartResolver' for MultipartFilter
02:59:12.111 [Test worker] DEBUG o.s.w.m.c.CommonsMultipartResolverTests$MockCommonsMultipartResolver - Part 'field1', size 5 bytes, filename='field1.txt'
02:59:12.111 [Test worker] DEBUG o.s.w.m.c.CommonsMultipartResolverTests$MockCommonsMultipartResolver - Part 'field1', size 5 bytes, filename='field1.txt'
02:59:12.111 [Test worker] DEBUG o.s.w.m.c.CommonsMultipartResolverTests$MockCommonsMultipartResolver - Part 'field2', size 5 bytes, filename='field2.txt'
02:59:12.112 [Test worker] DEBUG o.s.w.m.c.CommonsMultipartResolverTests$MockCommonsMultipartResolver - Part 'field2x', size 5 bytes, filename='field2x.txt'
02:59:12.112 [Test worker] DEBUG o.s.w.m.c.CommonsMultipartResolverTests$MockCommonsMultipartResolver - Cleaning up part 'field1', filename 'field1.txt'
02:59:12.112 [Test worker] DEBUG o.s.w.m.c.CommonsMultipartResolverTests$MockCommonsMultipartResolver - Cleaning up part 'field1', filename 'field1.txt'
02:59:12.115 [Test worker] DEBUG o.s.w.m.c.CommonsMultipartResolverTests$MockCommonsMultipartResolver - Cleaning up part 'field2', filename 'field2.txt'
02:59:12.115 [Test worker] DEBUG o.s.w.m.c.CommonsMultipartResolverTests$MockCommonsMultipartResolver - Cleaning up part 'field2x', filename 'field2x.txt'
02:59:12.116 [Test worker] DEBUG o.s.w.c.s.StaticWebApplicationContext - Refreshing Root WebApplicationContext
02:59:12.118 [Test worker] DEBUG o.s.w.m.c.CommonsMultipartResolverTests$MockCommonsMultipartResolver - Part 'field1', size 5 bytes, filename='field1.txt'
02:59:12.118 [Test worker] DEBUG o.s.w.m.c.CommonsMultipartResolverTests$MockCommonsMultipartResolver - Part 'field1', size 5 bytes, filename='field1.txt'
02:59:12.118 [Test worker] DEBUG o.s.w.m.c.CommonsMultipartResolverTests$MockCommonsMultipartResolver - Part 'field2', size 5 bytes, filename='field2.txt'
02:59:12.118 [Test worker] DEBUG o.s.w.m.c.CommonsMultipartResolverTests$MockCommonsMultipartResolver - Part 'field2x', size 5 bytes, filename='field2x.txt'
02:59:12.119 [Test worker] WARN  o.s.w.m.c.CommonsMultipartResolverTests$MockCommonsMultipartResolver - Could not decode multipart item 'field3' with encoding 'enc': using platform default
02:59:12.120 [Test worker] WARN  o.s.w.m.c.CommonsMultipartResolverTests$MockCommonsMultipartResolver - Could not decode multipart item 'field4' with encoding 'enc': using platform default
02:59:12.122 [Test worker] DEBUG o.s.w.m.c.CommonsMultipartFile - Part 'field1',  filename 'field1.txt': transferred to [C:\transfer1]
02:59:12.123 [Test worker] DEBUG o.s.w.m.c.CommonsMultipartFile - Part 'field2',  filename 'field2.txt': transferred to [C:\transfer2]
02:59:12.167 [Test worker] DEBUG o.s.w.m.c.CommonsMultipartResolverTests$MockCommonsMultipartResolver - Cleaning up part 'field1', filename 'field1.txt'
02:59:12.167 [Test worker] DEBUG o.s.w.m.c.CommonsMultipartResolverTests$MockCommonsMultipartResolver - Cleaning up part 'field1', filename 'field1.txt'
02:59:12.167 [Test worker] DEBUG o.s.w.m.c.CommonsMultipartResolverTests$MockCommonsMultipartResolver - Cleaning up part 'field2', filename 'field2.txt'
02:59:12.167 [Test worker] DEBUG o.s.w.m.c.CommonsMultipartResolverTests$MockCommonsMultipartResolver - Cleaning up part 'field2x', filename 'field2x.txt'
02:59:12.168 [Test worker] DEBUG o.s.w.m.c.CommonsMultipartResolverTests$MockCommonsMultipartResolver - Part 'field1', size 0 bytes, filename=''
02:59:12.168 [Test worker] DEBUG o.s.w.m.c.CommonsMultipartResolverTests$MockCommonsMultipartResolver - Part 'field1', size 0 bytes, filename=''
02:59:12.168 [Test worker] DEBUG o.s.w.m.c.CommonsMultipartResolverTests$MockCommonsMultipartResolver - Part 'field2', size 0 bytes, filename=''
02:59:12.168 [Test worker] DEBUG o.s.w.m.c.CommonsMultipartResolverTests$MockCommonsMultipartResolver - Part 'field2x', size 0 bytes, filename=''
02:59:12.168 [Test worker] WARN  o.s.w.m.c.CommonsMultipartResolverTests$MockCommonsMultipartResolver - Could not decode multipart item 'field3' with encoding 'enc': using platform default
02:59:12.169 [Test worker] WARN  o.s.w.m.c.CommonsMultipartResolverTests$MockCommonsMultipartResolver - Could not decode multipart item 'field4' with encoding 'enc': using platform default
02:59:12.170 [Test worker] DEBUG o.s.w.m.c.CommonsMultipartResolverTests$MockCommonsMultipartResolver - Part 'field1', size 0 bytes, filename=''
02:59:12.170 [Test worker] DEBUG o.s.w.m.c.CommonsMultipartResolverTests$MockCommonsMultipartResolver - Part 'field1', size 0 bytes, filename=''
02:59:12.170 [Test worker] DEBUG o.s.w.m.c.CommonsMultipartResolverTests$MockCommonsMultipartResolver - Part 'field2', size 0 bytes, filename=''
02:59:12.170 [Test worker] DEBUG o.s.w.m.c.CommonsMultipartResolverTests$MockCommonsMultipartResolver - Part 'field2x', size 0 bytes, filename=''
02:59:12.171 [Test worker] WARN  o.s.w.m.c.CommonsMultipartResolverTests$MockCommonsMultipartResolver - Could not decode multipart item 'field3' with encoding 'enc': using platform default
02:59:12.171 [Test worker] WARN  o.s.w.m.c.CommonsMultipartResolverTests$MockCommonsMultipartResolver - Could not decode multipart item 'field4' with encoding 'enc': using platform default
02:59:12.172 [Test worker] DEBUG o.s.w.c.s.StaticWebApplicationContext - Closing Root WebApplicationContext, started on Mon Mar 20 02:59:12 GMT-05:00 2023
02:59:12.173 [Test worker] DEBUG o.s.w.c.s.StaticWebApplicationContext - Refreshing Root WebApplicationContext
02:59:12.175 [Test worker] DEBUG o.s.w.m.s.MultipartFilter - Filter 'filter' configured for use
02:59:12.177 [Test worker] DEBUG o.s.w.m.s.MultipartFilter - Using MultipartResolver 'filterMultipartResolver' for MultipartFilter
02:59:12.177 [Test worker] DEBUG o.s.w.m.c.CommonsMultipartResolverTests$MockCommonsMultipartResolver - Part 'field1', size 5 bytes, filename='field1.txt'
02:59:12.177 [Test worker] DEBUG o.s.w.m.c.CommonsMultipartResolverTests$MockCommonsMultipartResolver - Part 'field1', size 5 bytes, filename='field1.txt'
02:59:12.178 [Test worker] DEBUG o.s.w.m.c.CommonsMultipartResolverTests$MockCommonsMultipartResolver - Part 'field2', size 5 bytes, filename='field2.txt'
02:59:12.178 [Test worker] DEBUG o.s.w.m.c.CommonsMultipartResolverTests$MockCommonsMultipartResolver - Part 'field2x', size 5 bytes, filename='field2x.txt'
02:59:12.178 [Test worker] DEBUG o.s.w.m.c.CommonsMultipartResolverTests$MockCommonsMultipartResolver - Cleaning up part 'field1', filename 'field1.txt'
02:59:12.178 [Test worker] DEBUG o.s.w.m.c.CommonsMultipartResolverTests$MockCommonsMultipartResolver - Cleaning up part 'field1', filename 'field1.txt'
02:59:12.178 [Test worker] DEBUG o.s.w.m.c.CommonsMultipartResolverTests$MockCommonsMultipartResolver - Cleaning up part 'field2', filename 'field2.txt'
02:59:12.178 [Test worker] DEBUG o.s.w.m.c.CommonsMultipartResolverTests$MockCommonsMultipartResolver - Cleaning up part 'field2x', filename 'field2x.txt'
02:59:12.180 [Test worker] DEBUG o.s.w.c.s.StaticWebApplicationContext - Refreshing Root WebApplicationContext
02:59:12.181 [Test worker] DEBUG o.s.w.m.c.CommonsMultipartResolverTests$MockCommonsMultipartResolver - Part 'field1', size 5 bytes, filename='field1.txt'
02:59:12.182 [Test worker] DEBUG o.s.w.m.c.CommonsMultipartResolverTests$MockCommonsMultipartResolver - Part 'field1', size 5 bytes, filename='field1.txt'
02:59:12.182 [Test worker] DEBUG o.s.w.m.c.CommonsMultipartResolverTests$MockCommonsMultipartResolver - Part 'field2', size 5 bytes, filename='field2.txt'
02:59:12.182 [Test worker] DEBUG o.s.w.m.c.CommonsMultipartResolverTests$MockCommonsMultipartResolver - Part 'field2x', size 5 bytes, filename='field2x.txt'
02:59:12.182 [Test worker] WARN  o.s.w.m.c.CommonsMultipartResolverTests$MockCommonsMultipartResolver - Could not decode multipart item 'field3' with encoding 'enc': using platform default
02:59:12.183 [Test worker] WARN  o.s.w.m.c.CommonsMultipartResolverTests$MockCommonsMultipartResolver - Could not decode multipart item 'field4' with encoding 'enc': using platform default
02:59:12.183 [Test worker] DEBUG o.s.w.m.c.CommonsMultipartFile - Part 'field1',  filename 'field1.txt': transferred to [C:\transfer1]
02:59:12.183 [Test worker] DEBUG o.s.w.m.c.CommonsMultipartFile - Part 'field2',  filename 'field2.txt': transferred to [C:\transfer2]
02:59:12.185 [Test worker] DEBUG o.s.w.m.c.CommonsMultipartResolverTests$MockCommonsMultipartResolver - Cleaning up part 'field1', filename 'field1.txt'
02:59:12.185 [Test worker] DEBUG o.s.w.m.c.CommonsMultipartResolverTests$MockCommonsMultipartResolver - Cleaning up part 'field1', filename 'field1.txt'
02:59:12.185 [Test worker] DEBUG o.s.w.m.c.CommonsMultipartResolverTests$MockCommonsMultipartResolver - Cleaning up part 'field2', filename 'field2.txt'
02:59:12.185 [Test worker] DEBUG o.s.w.m.c.CommonsMultipartResolverTests$MockCommonsMultipartResolver - Cleaning up part 'field2x', filename 'field2x.txt'
02:59:12.185 [Test worker] DEBUG o.s.w.m.c.CommonsMultipartResolverTests$MockCommonsMultipartResolver - Part 'field1', size 0 bytes, filename=''
02:59:12.185 [Test worker] DEBUG o.s.w.m.c.CommonsMultipartResolverTests$MockCommonsMultipartResolver - Part 'field1', size 0 bytes, filename=''
02:59:12.185 [Test worker] DEBUG o.s.w.m.c.CommonsMultipartResolverTests$MockCommonsMultipartResolver - Part 'field2', size 0 bytes, filename=''
02:59:12.185 [Test worker] DEBUG o.s.w.m.c.CommonsMultipartResolverTests$MockCommonsMultipartResolver - Part 'field2x', size 0 bytes, filename=''
02:59:12.186 [Test worker] WARN  o.s.w.m.c.CommonsMultipartResolverTests$MockCommonsMultipartResolver - Could not decode multipart item 'field3' with encoding 'enc': using platform default
02:59:12.186 [Test worker] WARN  o.s.w.m.c.CommonsMultipartResolverTests$MockCommonsMultipartResolver - Could not decode multipart item 'field4' with encoding 'enc': using platform default
02:59:12.187 [Test worker] DEBUG o.s.w.m.c.CommonsMultipartResolverTests$MockCommonsMultipartResolver - Part 'field1', size 0 bytes, filename=''
02:59:12.187 [Test worker] DEBUG o.s.w.m.c.CommonsMultipartResolverTests$MockCommonsMultipartResolver - Part 'field1', size 0 bytes, filename=''
02:59:12.187 [Test worker] DEBUG o.s.w.m.c.CommonsMultipartResolverTests$MockCommonsMultipartResolver - Part 'field2', size 0 bytes, filename=''
02:59:12.187 [Test worker] DEBUG o.s.w.m.c.CommonsMultipartResolverTests$MockCommonsMultipartResolver - Part 'field2x', size 0 bytes, filename=''
02:59:12.188 [Test worker] WARN  o.s.w.m.c.CommonsMultipartResolverTests$MockCommonsMultipartResolver - Could not decode multipart item 'field3' with encoding 'enc': using platform default
02:59:12.189 [Test worker] WARN  o.s.w.m.c.CommonsMultipartResolverTests$MockCommonsMultipartResolver - Could not decode multipart item 'field4' with encoding 'enc': using platform default
02:59:12.190 [Test worker] DEBUG o.s.w.c.s.StaticWebApplicationContext - Closing Root WebApplicationContext, started on Mon Mar 20 02:59:12 GMT-05:00 2023
]]></system-out>
  <system-err><![CDATA[]]></system-err>
</testsuite>
