<?xml version="1.0" encoding="UTF-8"?>
<testsuite name="org.springframework.http.converter.json.GsonHttpMessageConverterTests" tests="14" skipped="0" failures="0" errors="0" timestamp="2023-03-20T07:58:45" hostname="DESKTOP-VGJP1PJ" time="0.084">
  <properties/>
  <testcase name="readAndWriteGenerics()" classname="org.springframework.http.converter.json.GsonHttpMessageConverterTests" time="0.024"/>
  <testcase name="readInvalidJson()" classname="org.springframework.http.converter.json.GsonHttpMessageConverterTests" time="0.001"/>
  <testcase name="prefixJson()" classname="org.springframework.http.converter.json.GsonHttpMessageConverterTests" time="0.0"/>
  <testcase name="readTyped()" classname="org.springframework.http.converter.json.GsonHttpMessageConverterTests" time="0.001"/>
  <testcase name="readUntyped()" classname="org.springframework.http.converter.json.GsonHttpMessageConverterTests" time="0.003"/>
  <testcase name="writeUTF16()" classname="org.springframework.http.converter.json.GsonHttpMessageConverterTests" time="0.001"/>
  <testcase name="writeParameterizedBaseType()" classname="org.springframework.http.converter.json.GsonHttpMessageConverterTests" time="0.005"/>
  <testcase name="canWrite()" classname="org.springframework.http.converter.json.GsonHttpMessageConverterTests" time="0.0"/>
  <testcase name="readAndWriteParameterizedType()" classname="org.springframework.http.converter.json.GsonHttpMessageConverterTests" time="0.005"/>
  <testcase name="write()" classname="org.springframework.http.converter.json.GsonHttpMessageConverterTests" time="0.029"/>
  <testcase name="canRead()" classname="org.springframework.http.converter.json.GsonHttpMessageConverterTests" time="0.0"/>
  <testcase name="prefixJsonCustom()" classname="org.springframework.http.converter.json.GsonHttpMessageConverterTests" time="0.003"/>
  <testcase name="canReadAndWriteMicroformats()" classname="org.springframework.http.converter.json.GsonHttpMessageConverterTests" time="0.001"/>
  <testcase name="writeWithBaseType()" classname="org.springframework.http.converter.json.GsonHttpMessageConverterTests" time="0.002"/>
  <system-out><![CDATA[]]></system-out>
  <system-err><![CDATA[]]></system-err>
</testsuite>
