<?xml version="1.0" encoding="UTF-8"?>
<testsuite name="org.springframework.web.util.JavaScriptUtilsTests" tests="3" skipped="0" failures="0" errors="0" timestamp="2023-03-20T07:59:23" hostname="DESKTOP-VGJP1PJ" time="0.002">
  <properties/>
  <testcase name="escapePsLsLineTerminators()" classname="org.springframework.web.util.JavaScriptUtilsTests" time="0.001"/>
  <testcase name="escape()" classname="org.springframework.web.util.JavaScriptUtilsTests" time="0.001"/>
  <testcase name="escapeLessThanGreaterThanSigns()" classname="org.springframework.web.util.JavaScriptUtilsTests" time="0.0"/>
  <system-out><![CDATA[]]></system-out>
  <system-err><![CDATA[]]></system-err>
</testsuite>
