<?xml version="1.0" encoding="UTF-8"?>
<testsuite name="org.springframework.web.server.adapter.WebHttpHandlerBuilderTests" tests="5" skipped="0" failures="0" errors="0" timestamp="2023-03-20T07:59:21" hostname="DESKTOP-VGJP1PJ" time="0.112">
  <properties/>
  <testcase name="configWithoutFilters()" classname="org.springframework.web.server.adapter.WebHttpHandlerBuilderTests" time="0.028"/>
  <testcase name="orderedWebExceptionHandlerBeans()" classname="org.springframework.web.server.adapter.WebHttpHandlerBuilderTests" time="0.036"/>
  <testcase name="cloneWithApplicationContext()" classname="org.springframework.web.server.adapter.WebHttpHandlerBuilderTests" time="0.011"/>
  <testcase name="forwardedHeaderFilter()" classname="org.springframework.web.server.adapter.WebHttpHandlerBuilderTests" time="0.016"/>
  <testcase name="orderedWebFilterBeans()" classname="org.springframework.web.server.adapter.WebHttpHandlerBuilderTests" time="0.019"/>
  <system-out><![CDATA[02:59:21.436 [Test worker] DEBUG o.s.w.s.a.HttpWebHandlerAdapter - enableLoggingRequestDetails='false': form data and headers will be masked to prevent unsafe logging of potentially sensitive data
02:59:21.437 [Test worker] DEBUG o.s.w.s.a.HttpWebHandlerAdapter - [21a8e3d8] HTTP GET "/"
02:59:21.438 [Test worker] DEBUG o.s.w.s.a.HttpWebHandlerAdapter - [21a8e3d8] Completed 200 OK
02:59:21.468 [Test worker] DEBUG o.s.w.s.a.HttpWebHandlerAdapter - enableLoggingRequestDetails='false': form data and headers will be masked to prevent unsafe logging of potentially sensitive data
02:59:21.468 [Test worker] DEBUG o.s.w.s.a.HttpWebHandlerAdapter - [fb5466b] HTTP GET "/"
02:59:21.475 [Test worker] DEBUG o.s.w.s.a.HttpWebHandlerAdapter - [fb5466b] Completed 200 OK
02:59:21.480 [Test worker] DEBUG o.s.w.s.a.HttpWebHandlerAdapter - enableLoggingRequestDetails='false': form data and headers will be masked to prevent unsafe logging of potentially sensitive data
02:59:21.480 [Test worker] DEBUG o.s.w.s.a.HttpWebHandlerAdapter - enableLoggingRequestDetails='false': form data and headers will be masked to prevent unsafe logging of potentially sensitive data
02:59:21.522 [Test worker] DEBUG o.s.w.s.a.HttpWebHandlerAdapter - enableLoggingRequestDetails='false': form data and headers will be masked to prevent unsafe logging of potentially sensitive data
02:59:21.522 [Test worker] DEBUG o.s.w.s.a.HttpWebHandlerAdapter - [7959d819] HTTP GET "/"
02:59:21.522 [Test worker] DEBUG o.s.w.s.a.HttpWebHandlerAdapter - [7959d819] Completed 200 OK
]]></system-out>
  <system-err><![CDATA[]]></system-err>
</testsuite>
