<?xml version="1.0" encoding="UTF-8"?>
<testsuite name="org.springframework.web.filter.reactive.HiddenHttpMethodFilterTests" tests="7" skipped="0" failures="0" errors="0" timestamp="2023-03-20T07:59:10" hostname="DESKTOP-VGJP1PJ" time="0.019">
  <properties/>
  <testcase name="filterWithParameter()" classname="org.springframework.web.filter.reactive.HiddenHttpMethodFilterTests" time="0.006"/>
  <testcase name="filterWithNoParameter()" classname="org.springframework.web.filter.reactive.HiddenHttpMethodFilterTests" time="0.002"/>
  <testcase name="filterWithEmptyStringParameter()" classname="org.springframework.web.filter.reactive.HiddenHttpMethodFilterTests" time="0.002"/>
  <testcase name="filterWithInvalidMethodValue()" classname="org.springframework.web.filter.reactive.HiddenHttpMethodFilterTests" time="0.002"/>
  <testcase name="filterWithDifferentMethodParam()" classname="org.springframework.web.filter.reactive.HiddenHttpMethodFilterTests" time="0.001"/>
  <testcase name="filterWithParameterMethodNotAllowed()" classname="org.springframework.web.filter.reactive.HiddenHttpMethodFilterTests" time="0.001"/>
  <testcase name="filterWithHttpPut()" classname="org.springframework.web.filter.reactive.HiddenHttpMethodFilterTests" time="0.002"/>
  <system-out><![CDATA[02:59:10.155 [Test worker] DEBUG o.s.w.HttpLogging - [152c8614] Read form fields [_method] (content masked)
02:59:10.157 [Test worker] DEBUG o.s.w.HttpLogging - [f5ff7fc] Read form fields [] (content masked)
02:59:10.161 [Test worker] DEBUG o.s.w.HttpLogging - [4757d439] Read form fields [_method] (content masked)
02:59:10.163 [Test worker] DEBUG o.s.w.HttpLogging - [10b4ab21] Read form fields [_method] (content masked)
02:59:10.165 [Test worker] DEBUG o.s.w.HttpLogging - [511eab77] Read form fields [_foo] (content masked)
02:59:10.167 [Test worker] DEBUG o.s.w.HttpLogging - [b3c6f7] Read form fields [_method] (content masked)
]]></system-out>
  <system-err><![CDATA[]]></system-err>
</testsuite>
