<?xml version="1.0" encoding="UTF-8"?>
<testsuite name="org.springframework.web.client.RestTemplateIntegrationTests" tests="104" skipped="1" failures="0" errors="0" timestamp="2023-03-20T07:59:04" hostname="DESKTOP-VGJP1PJ" time="2.387">
  <properties/>
  <testcase name="serverPort(ClientHttpRequestFactory)[1]" classname="org.springframework.web.client.RestTemplateIntegrationTests" time="0.014"/>
  <testcase name="serverPort(ClientHttpRequestFactory)[2]" classname="org.springframework.web.client.RestTemplateIntegrationTests" time="0.012"/>
  <testcase name="serverPort(ClientHttpRequestFactory)[3]" classname="org.springframework.web.client.RestTemplateIntegrationTests" time="0.018"/>
  <testcase name="serverPort(ClientHttpRequestFactory)[4]" classname="org.springframework.web.client.RestTemplateIntegrationTests" time="0.009"/>
  <testcase name="jsonPostForObjectWithJacksonView(ClientHttpRequestFactory)[1]" classname="org.springframework.web.client.RestTemplateIntegrationTests" time="0.016"/>
  <testcase name="jsonPostForObjectWithJacksonView(ClientHttpRequestFactory)[2]" classname="org.springframework.web.client.RestTemplateIntegrationTests" time="0.015"/>
  <testcase name="jsonPostForObjectWithJacksonView(ClientHttpRequestFactory)[3]" classname="org.springframework.web.client.RestTemplateIntegrationTests" time="0.028"/>
  <testcase name="jsonPostForObjectWithJacksonView(ClientHttpRequestFactory)[4]" classname="org.springframework.web.client.RestTemplateIntegrationTests" time="0.019"/>
  <testcase name="exchangeGet(ClientHttpRequestFactory)[1]" classname="org.springframework.web.client.RestTemplateIntegrationTests" time="0.008"/>
  <testcase name="exchangeGet(ClientHttpRequestFactory)[2]" classname="org.springframework.web.client.RestTemplateIntegrationTests" time="0.008"/>
  <testcase name="exchangeGet(ClientHttpRequestFactory)[3]" classname="org.springframework.web.client.RestTemplateIntegrationTests" time="0.019"/>
  <testcase name="exchangeGet(ClientHttpRequestFactory)[4]" classname="org.springframework.web.client.RestTemplateIntegrationTests" time="0.031"/>
  <testcase name="multipartMixed(ClientHttpRequestFactory)[1]" classname="org.springframework.web.client.RestTemplateIntegrationTests" time="0.015"/>
  <testcase name="multipartMixed(ClientHttpRequestFactory)[2]" classname="org.springframework.web.client.RestTemplateIntegrationTests" time="0.01"/>
  <testcase name="multipartMixed(ClientHttpRequestFactory)[3]" classname="org.springframework.web.client.RestTemplateIntegrationTests" time="0.019"/>
  <testcase name="multipartMixed(ClientHttpRequestFactory)[4]" classname="org.springframework.web.client.RestTemplateIntegrationTests" time="0.012"/>
  <testcase name="getNoContentTypeHeader(ClientHttpRequestFactory)[1]" classname="org.springframework.web.client.RestTemplateIntegrationTests" time="0.007"/>
  <testcase name="getNoContentTypeHeader(ClientHttpRequestFactory)[2]" classname="org.springframework.web.client.RestTemplateIntegrationTests" time="0.025"/>
  <testcase name="getNoContentTypeHeader(ClientHttpRequestFactory)[3]" classname="org.springframework.web.client.RestTemplateIntegrationTests" time="0.025"/>
  <testcase name="getNoContentTypeHeader(ClientHttpRequestFactory)[4]" classname="org.springframework.web.client.RestTemplateIntegrationTests" time="0.013"/>
  <testcase name="postWithoutBody(ClientHttpRequestFactory)[1]" classname="org.springframework.web.client.RestTemplateIntegrationTests" time="0.018"/>
  <testcase name="postWithoutBody(ClientHttpRequestFactory)[2]" classname="org.springframework.web.client.RestTemplateIntegrationTests" time="0.023"/>
  <testcase name="postWithoutBody(ClientHttpRequestFactory)[3]" classname="org.springframework.web.client.RestTemplateIntegrationTests" time="0.021"/>
  <testcase name="postWithoutBody(ClientHttpRequestFactory)[4]" classname="org.springframework.web.client.RestTemplateIntegrationTests" time="0.011"/>
  <testcase name="getNotModified(ClientHttpRequestFactory)[1]" classname="org.springframework.web.client.RestTemplateIntegrationTests" time="0.009"/>
  <testcase name="getNotModified(ClientHttpRequestFactory)[2]" classname="org.springframework.web.client.RestTemplateIntegrationTests" time="0.009"/>
  <testcase name="getNotModified(ClientHttpRequestFactory)[3]" classname="org.springframework.web.client.RestTemplateIntegrationTests" time="0.024"/>
  <testcase name="getNotModified(ClientHttpRequestFactory)[4]" classname="org.springframework.web.client.RestTemplateIntegrationTests" time="0.017"/>
  <testcase name="serverError(ClientHttpRequestFactory)[1]" classname="org.springframework.web.client.RestTemplateIntegrationTests" time="0.009"/>
  <testcase name="serverError(ClientHttpRequestFactory)[2]" classname="org.springframework.web.client.RestTemplateIntegrationTests" time="0.009"/>
  <testcase name="serverError(ClientHttpRequestFactory)[3]" classname="org.springframework.web.client.RestTemplateIntegrationTests" time="0.019"/>
  <testcase name="serverError(ClientHttpRequestFactory)[4]" classname="org.springframework.web.client.RestTemplateIntegrationTests" time="0.011"/>
  <testcase name="jsonPostForObject(ClientHttpRequestFactory)[1]" classname="org.springframework.web.client.RestTemplateIntegrationTests" time="0.014"/>
  <testcase name="jsonPostForObject(ClientHttpRequestFactory)[2]" classname="org.springframework.web.client.RestTemplateIntegrationTests" time="0.039"/>
  <testcase name="jsonPostForObject(ClientHttpRequestFactory)[3]" classname="org.springframework.web.client.RestTemplateIntegrationTests" time="0.015"/>
  <testcase name="jsonPostForObject(ClientHttpRequestFactory)[4]" classname="org.springframework.web.client.RestTemplateIntegrationTests" time="0.011"/>
  <testcase name="postForLocationEntity(ClientHttpRequestFactory)[1]" classname="org.springframework.web.client.RestTemplateIntegrationTests" time="0.014"/>
  <testcase name="postForLocationEntity(ClientHttpRequestFactory)[2]" classname="org.springframework.web.client.RestTemplateIntegrationTests" time="0.01"/>
  <testcase name="postForLocationEntity(ClientHttpRequestFactory)[3]" classname="org.springframework.web.client.RestTemplateIntegrationTests" time="0.017"/>
  <testcase name="postForLocationEntity(ClientHttpRequestFactory)[4]" classname="org.springframework.web.client.RestTemplateIntegrationTests" time="0.009"/>
  <testcase name="badRequest(ClientHttpRequestFactory)[1]" classname="org.springframework.web.client.RestTemplateIntegrationTests" time="0.015"/>
  <testcase name="badRequest(ClientHttpRequestFactory)[2]" classname="org.springframework.web.client.RestTemplateIntegrationTests" time="0.009"/>
  <testcase name="badRequest(ClientHttpRequestFactory)[3]" classname="org.springframework.web.client.RestTemplateIntegrationTests" time="0.013"/>
  <testcase name="badRequest(ClientHttpRequestFactory)[4]" classname="org.springframework.web.client.RestTemplateIntegrationTests" time="0.011"/>
  <testcase name="postForObject(ClientHttpRequestFactory)[1]" classname="org.springframework.web.client.RestTemplateIntegrationTests" time="0.011"/>
  <testcase name="postForObject(ClientHttpRequestFactory)[2]" classname="org.springframework.web.client.RestTemplateIntegrationTests" time="0.013"/>
  <testcase name="postForObject(ClientHttpRequestFactory)[3]" classname="org.springframework.web.client.RestTemplateIntegrationTests" time="0.027"/>
  <testcase name="postForObject(ClientHttpRequestFactory)[4]" classname="org.springframework.web.client.RestTemplateIntegrationTests" time="0.013"/>
  <testcase name="postForLocation(ClientHttpRequestFactory)[1]" classname="org.springframework.web.client.RestTemplateIntegrationTests" time="0.01"/>
  <testcase name="postForLocation(ClientHttpRequestFactory)[2]" classname="org.springframework.web.client.RestTemplateIntegrationTests" time="0.01"/>
  <testcase name="postForLocation(ClientHttpRequestFactory)[3]" classname="org.springframework.web.client.RestTemplateIntegrationTests" time="0.019"/>
  <testcase name="postForLocation(ClientHttpRequestFactory)[4]" classname="org.springframework.web.client.RestTemplateIntegrationTests" time="0.012"/>
  <testcase name="uri(ClientHttpRequestFactory)[1]" classname="org.springframework.web.client.RestTemplateIntegrationTests" time="0.021"/>
  <testcase name="uri(ClientHttpRequestFactory)[2]" classname="org.springframework.web.client.RestTemplateIntegrationTests" time="0.015"/>
  <testcase name="uri(ClientHttpRequestFactory)[3]" classname="org.springframework.web.client.RestTemplateIntegrationTests" time="0.033"/>
  <testcase name="uri(ClientHttpRequestFactory)[4]" classname="org.springframework.web.client.RestTemplateIntegrationTests" time="0.018"/>
  <testcase name="form(ClientHttpRequestFactory)[1]" classname="org.springframework.web.client.RestTemplateIntegrationTests" time="0.009"/>
  <testcase name="form(ClientHttpRequestFactory)[2]" classname="org.springframework.web.client.RestTemplateIntegrationTests" time="0.009"/>
  <testcase name="form(ClientHttpRequestFactory)[3]" classname="org.springframework.web.client.RestTemplateIntegrationTests" time="0.018"/>
  <testcase name="form(ClientHttpRequestFactory)[4]" classname="org.springframework.web.client.RestTemplateIntegrationTests" time="0.013"/>
  <testcase name="multipartRelated(ClientHttpRequestFactory)[1]" classname="org.springframework.web.client.RestTemplateIntegrationTests" time="0.013"/>
  <testcase name="multipartRelated(ClientHttpRequestFactory)[2]" classname="org.springframework.web.client.RestTemplateIntegrationTests" time="0.021"/>
  <testcase name="multipartRelated(ClientHttpRequestFactory)[3]" classname="org.springframework.web.client.RestTemplateIntegrationTests" time="0.022"/>
  <testcase name="multipartRelated(ClientHttpRequestFactory)[4]" classname="org.springframework.web.client.RestTemplateIntegrationTests" time="0.019"/>
  <testcase name="getEntity(ClientHttpRequestFactory)[1]" classname="org.springframework.web.client.RestTemplateIntegrationTests" time="0.01"/>
  <testcase name="getEntity(ClientHttpRequestFactory)[2]" classname="org.springframework.web.client.RestTemplateIntegrationTests" time="0.01"/>
  <testcase name="getEntity(ClientHttpRequestFactory)[3]" classname="org.springframework.web.client.RestTemplateIntegrationTests" time="0.027"/>
  <testcase name="getEntity(ClientHttpRequestFactory)[4]" classname="org.springframework.web.client.RestTemplateIntegrationTests" time="0.105"/>
  <testcase name="getNoResponse(ClientHttpRequestFactory)[1]" classname="org.springframework.web.client.RestTemplateIntegrationTests" time="0.022"/>
  <testcase name="getNoResponse(ClientHttpRequestFactory)[2]" classname="org.springframework.web.client.RestTemplateIntegrationTests" time="0.011"/>
  <testcase name="getNoResponse(ClientHttpRequestFactory)[3]" classname="org.springframework.web.client.RestTemplateIntegrationTests" time="0.013"/>
  <testcase name="getNoResponse(ClientHttpRequestFactory)[4]" classname="org.springframework.web.client.RestTemplateIntegrationTests" time="0.009"/>
  <testcase name="patchForObject(ClientHttpRequestFactory)[1]" classname="org.springframework.web.client.RestTemplateIntegrationTests" time="0.07">
    <skipped/>
  </testcase>
  <testcase name="patchForObject(ClientHttpRequestFactory)[2]" classname="org.springframework.web.client.RestTemplateIntegrationTests" time="0.008"/>
  <testcase name="patchForObject(ClientHttpRequestFactory)[3]" classname="org.springframework.web.client.RestTemplateIntegrationTests" time="0.016"/>
  <testcase name="patchForObject(ClientHttpRequestFactory)[4]" classname="org.springframework.web.client.RestTemplateIntegrationTests" time="0.008"/>
  <testcase name="getString(ClientHttpRequestFactory)[1]" classname="org.springframework.web.client.RestTemplateIntegrationTests" time="0.016"/>
  <testcase name="getString(ClientHttpRequestFactory)[2]" classname="org.springframework.web.client.RestTemplateIntegrationTests" time="0.022"/>
  <testcase name="getString(ClientHttpRequestFactory)[3]" classname="org.springframework.web.client.RestTemplateIntegrationTests" time="0.018"/>
  <testcase name="getString(ClientHttpRequestFactory)[4]" classname="org.springframework.web.client.RestTemplateIntegrationTests" time="0.011"/>
  <testcase name="optionsForAllow(ClientHttpRequestFactory)[1]" classname="org.springframework.web.client.RestTemplateIntegrationTests" time="0.008"/>
  <testcase name="optionsForAllow(ClientHttpRequestFactory)[2]" classname="org.springframework.web.client.RestTemplateIntegrationTests" time="0.007"/>
  <testcase name="optionsForAllow(ClientHttpRequestFactory)[3]" classname="org.springframework.web.client.RestTemplateIntegrationTests" time="0.014"/>
  <testcase name="optionsForAllow(ClientHttpRequestFactory)[4]" classname="org.springframework.web.client.RestTemplateIntegrationTests" time="0.009"/>
  <testcase name="exchangePost(ClientHttpRequestFactory)[1]" classname="org.springframework.web.client.RestTemplateIntegrationTests" time="0.013"/>
  <testcase name="exchangePost(ClientHttpRequestFactory)[2]" classname="org.springframework.web.client.RestTemplateIntegrationTests" time="0.011"/>
  <testcase name="exchangePost(ClientHttpRequestFactory)[3]" classname="org.springframework.web.client.RestTemplateIntegrationTests" time="0.022"/>
  <testcase name="exchangePost(ClientHttpRequestFactory)[4]" classname="org.springframework.web.client.RestTemplateIntegrationTests" time="0.013"/>
  <testcase name="getNoContent(ClientHttpRequestFactory)[1]" classname="org.springframework.web.client.RestTemplateIntegrationTests" time="0.068"/>
  <testcase name="getNoContent(ClientHttpRequestFactory)[2]" classname="org.springframework.web.client.RestTemplateIntegrationTests" time="0.013"/>
  <testcase name="getNoContent(ClientHttpRequestFactory)[3]" classname="org.springframework.web.client.RestTemplateIntegrationTests" time="0.048"/>
  <testcase name="getNoContent(ClientHttpRequestFactory)[4]" classname="org.springframework.web.client.RestTemplateIntegrationTests" time="0.019"/>
  <testcase name="notFound(ClientHttpRequestFactory)[1]" classname="org.springframework.web.client.RestTemplateIntegrationTests" time="0.016"/>
  <testcase name="notFound(ClientHttpRequestFactory)[2]" classname="org.springframework.web.client.RestTemplateIntegrationTests" time="0.009"/>
  <testcase name="notFound(ClientHttpRequestFactory)[3]" classname="org.springframework.web.client.RestTemplateIntegrationTests" time="0.012"/>
  <testcase name="notFound(ClientHttpRequestFactory)[4]" classname="org.springframework.web.client.RestTemplateIntegrationTests" time="0.01"/>
  <testcase name="multipartFormData(ClientHttpRequestFactory)[1]" classname="org.springframework.web.client.RestTemplateIntegrationTests" time="0.063"/>
  <testcase name="multipartFormData(ClientHttpRequestFactory)[2]" classname="org.springframework.web.client.RestTemplateIntegrationTests" time="0.01"/>
  <testcase name="multipartFormData(ClientHttpRequestFactory)[3]" classname="org.springframework.web.client.RestTemplateIntegrationTests" time="0.069"/>
  <testcase name="multipartFormData(ClientHttpRequestFactory)[4]" classname="org.springframework.web.client.RestTemplateIntegrationTests" time="0.009"/>
  <testcase name="jsonPostForObjectWithJacksonTypeInfoList(ClientHttpRequestFactory)[1]" classname="org.springframework.web.client.RestTemplateIntegrationTests" time="0.011"/>
  <testcase name="jsonPostForObjectWithJacksonTypeInfoList(ClientHttpRequestFactory)[2]" classname="org.springframework.web.client.RestTemplateIntegrationTests" time="0.007"/>
  <testcase name="jsonPostForObjectWithJacksonTypeInfoList(ClientHttpRequestFactory)[3]" classname="org.springframework.web.client.RestTemplateIntegrationTests" time="0.016"/>
  <testcase name="jsonPostForObjectWithJacksonTypeInfoList(ClientHttpRequestFactory)[4]" classname="org.springframework.web.client.RestTemplateIntegrationTests" time="0.013"/>
  <system-out><![CDATA[02:59:04.414 [Test worker] DEBUG o.s.w.c.RestTemplate - HTTP GET http://localhost:59645/get
02:59:04.415 [Test worker] DEBUG o.s.w.c.RestTemplate - Accept=[text/plain, application/xml, text/xml, application/json, application/x-jackson-smile, application/cbor, application/*+xml, application/*+json, */*]
02:59:04.418 [Test worker] DEBUG o.s.w.c.RestTemplate - Response 200 OK
02:59:04.419 [Test worker] DEBUG o.s.w.c.RestTemplate - Reading to [java.lang.String] as "text/plain;charset=UTF-8"
02:59:04.425 [Test worker] DEBUG o.s.w.c.RestTemplate - HTTP GET http://localhost:59647/get
02:59:04.425 [Test worker] DEBUG o.s.w.c.RestTemplate - Accept=[text/plain, application/xml, text/xml, application/json, application/x-jackson-smile, application/cbor, application/*+xml, application/*+json, */*]
02:59:04.431 [Test worker] DEBUG o.s.w.c.RestTemplate - Response 200 OK
02:59:04.431 [Test worker] DEBUG o.s.w.c.RestTemplate - Reading to [java.lang.String] as "text/plain;charset=UTF-8"
02:59:04.439 [Test worker] DEBUG o.s.w.c.RestTemplate - HTTP GET http://localhost:59649/get
02:59:04.440 [Test worker] DEBUG o.s.w.c.RestTemplate - Accept=[text/plain, application/xml, text/xml, application/json, application/x-jackson-smile, application/cbor, application/*+xml, application/*+json, */*]
02:59:04.449 [Test worker] DEBUG o.s.w.c.RestTemplate - Response 200 OK
02:59:04.450 [Test worker] DEBUG o.s.w.c.RestTemplate - Reading to [java.lang.String] as "text/plain;charset=UTF-8"
02:59:04.457 [Test worker] DEBUG o.s.w.c.RestTemplate - HTTP GET http://localhost:59651/get
02:59:04.457 [Test worker] DEBUG o.s.w.c.RestTemplate - Accept=[text/plain, application/xml, text/xml, application/json, application/x-jackson-smile, application/cbor, application/*+xml, application/*+json, */*]
02:59:04.460 [Test worker] DEBUG o.s.w.c.RestTemplate - Response 200 OK
02:59:04.460 [Test worker] DEBUG o.s.w.c.RestTemplate - Reading to [java.lang.String] as "text/plain;charset=UTF-8"
02:59:04.480 [Test worker] DEBUG o.s.w.c.RestTemplate - HTTP POST http://localhost:59669/jsonpost
02:59:04.480 [Test worker] DEBUG o.s.w.c.RestTemplate - Accept=[text/plain, application/xml, text/xml, application/json, application/x-jackson-smile, application/cbor, application/*+xml, application/*+json, */*]
02:59:04.487 [Test worker] DEBUG o.s.w.c.RestTemplate - Writing [org.springframework.http.converter.json.MappingJacksonValue@40f25aa5] as "application/json;charset=UTF-8"
02:59:04.490 [Test worker] DEBUG o.s.w.c.RestTemplate - Response 201 CREATED
02:59:04.490 [Test worker] DEBUG o.s.w.c.RestTemplate - Reading to [java.lang.String] as "application/json;charset=utf-8"
02:59:04.496 [Test worker] DEBUG o.s.w.c.RestTemplate - HTTP POST http://localhost:59671/jsonpost
02:59:04.497 [Test worker] DEBUG o.s.w.c.RestTemplate - Accept=[text/plain, application/xml, text/xml, application/json, application/x-jackson-smile, application/cbor, application/*+xml, application/*+json, */*]
02:59:04.501 [Test worker] DEBUG o.s.w.c.RestTemplate - Writing [org.springframework.http.converter.json.MappingJacksonValue@426247a7] as "application/json;charset=UTF-8"
02:59:04.504 [Test worker] DEBUG o.s.w.c.RestTemplate - Response 201 CREATED
02:59:04.504 [Test worker] DEBUG o.s.w.c.RestTemplate - Reading to [java.lang.String] as "application/json;charset=utf-8"
02:59:04.504 [Test worker] DEBUG o.s.w.c.RestTemplate - HTTP POST http://localhost:59673/jsonpost
02:59:04.504 [Test worker] DEBUG o.s.w.c.RestTemplate - Accept=[text/plain, application/xml, text/xml, application/json, application/x-jackson-smile, application/cbor, application/*+xml, application/*+json, */*]
02:59:04.504 [Test worker] DEBUG o.s.w.c.RestTemplate - Writing [org.springframework.http.converter.json.MappingJacksonValue@221008e7] as "application/json;charset=UTF-8"
02:59:04.532 [Test worker] DEBUG o.s.w.c.RestTemplate - Response 201 CREATED
02:59:04.532 [Test worker] DEBUG o.s.w.c.RestTemplate - Reading to [java.lang.String] as "application/json;charset=utf-8"
02:59:04.541 [Test worker] DEBUG o.s.w.c.RestTemplate - HTTP POST http://localhost:59675/jsonpost
02:59:04.542 [Test worker] DEBUG o.s.w.c.RestTemplate - Accept=[text/plain, application/xml, text/xml, application/json, application/x-jackson-smile, application/cbor, application/*+xml, application/*+json, */*]
02:59:04.544 [Test worker] DEBUG o.s.w.c.RestTemplate - Writing [org.springframework.http.converter.json.MappingJacksonValue@558fba29] as "application/json;charset=UTF-8"
02:59:04.552 [Test worker] DEBUG o.s.w.c.RestTemplate - Response 201 CREATED
02:59:04.552 [Test worker] DEBUG o.s.w.c.RestTemplate - Reading to [java.lang.String] as "application/json;charset=utf-8"
02:59:04.592 [Test worker] DEBUG o.s.w.c.RestTemplate - HTTP GET http://localhost:59693/get
02:59:04.592 [Test worker] DEBUG o.s.w.c.RestTemplate - Accept=[text/plain, application/xml, text/xml, application/json, application/x-jackson-smile, application/cbor, application/*+xml, application/*+json, */*]
02:59:04.594 [Test worker] DEBUG o.s.w.c.RestTemplate - Response 200 OK
02:59:04.594 [Test worker] DEBUG o.s.w.c.RestTemplate - Reading to [java.lang.String] as "text/plain;charset=UTF-8"
02:59:04.600 [Test worker] DEBUG o.s.w.c.RestTemplate - HTTP GET http://localhost:59695/get
02:59:04.600 [Test worker] DEBUG o.s.w.c.RestTemplate - Accept=[text/plain, application/xml, text/xml, application/json, application/x-jackson-smile, application/cbor, application/*+xml, application/*+json, */*]
02:59:04.602 [Test worker] DEBUG o.s.w.c.RestTemplate - Response 200 OK
02:59:04.603 [Test worker] DEBUG o.s.w.c.RestTemplate - Reading to [java.lang.String] as "text/plain;charset=UTF-8"
02:59:04.610 [Test worker] DEBUG o.s.w.c.RestTemplate - HTTP GET http://localhost:59697/get
02:59:04.610 [Test worker] DEBUG o.s.w.c.RestTemplate - Accept=[text/plain, application/xml, text/xml, application/json, application/x-jackson-smile, application/cbor, application/*+xml, application/*+json, */*]
02:59:04.621 [Test worker] DEBUG o.s.w.c.RestTemplate - Response 200 OK
02:59:04.621 [Test worker] DEBUG o.s.w.c.RestTemplate - Reading to [java.lang.String] as "text/plain;charset=UTF-8"
02:59:04.650 [Test worker] DEBUG o.s.w.c.RestTemplate - HTTP GET http://localhost:59699/get
02:59:04.650 [Test worker] DEBUG o.s.w.c.RestTemplate - Accept=[text/plain, application/xml, text/xml, application/json, application/x-jackson-smile, application/cbor, application/*+xml, application/*+json, */*]
02:59:04.654 [Test worker] DEBUG o.s.w.c.RestTemplate - Response 200 OK
02:59:04.654 [Test worker] DEBUG o.s.w.c.RestTemplate - Reading to [java.lang.String] as "text/plain;charset=UTF-8"
02:59:04.670 [Test worker] DEBUG o.s.w.c.RestTemplate - HTTP POST http://localhost:59717/multipartMixed
02:59:04.671 [Test worker] DEBUG o.s.w.c.RestTemplate - Writing [{name 1=[value 1], name 2=[value 2+1, value 2+2], logo=[class path resource [org/springframework/http/converter/logo.jpg]]}] as "multipart/mixed"
02:59:04.679 [Test worker] DEBUG o.s.w.c.RestTemplate - Response 200 OK
02:59:04.686 [Test worker] DEBUG o.s.w.c.RestTemplate - HTTP POST http://localhost:59719/multipartMixed
02:59:04.686 [Test worker] DEBUG o.s.w.c.RestTemplate - Writing [{name 1=[value 1], name 2=[value 2+1, value 2+2], logo=[class path resource [org/springframework/http/converter/logo.jpg]]}] as "multipart/mixed"
02:59:04.690 [Test worker] DEBUG o.s.w.c.RestTemplate - Response 200 OK
02:59:04.696 [Test worker] DEBUG o.s.w.c.RestTemplate - HTTP POST http://localhost:59721/multipartMixed
02:59:04.696 [Test worker] DEBUG o.s.w.c.RestTemplate - Writing [{name 1=[value 1], name 2=[value 2+1, value 2+2], logo=[class path resource [org/springframework/http/converter/logo.jpg]]}] as "multipart/mixed"
02:59:04.708 [Test worker] DEBUG o.s.w.c.RestTemplate - Response 200 OK
02:59:04.717 [Test worker] DEBUG o.s.w.c.RestTemplate - HTTP POST http://localhost:59723/multipartMixed
02:59:04.717 [Test worker] DEBUG o.s.w.c.RestTemplate - Writing [{name 1=[value 1], name 2=[value 2+1, value 2+2], logo=[class path resource [org/springframework/http/converter/logo.jpg]]}] as "multipart/mixed"
02:59:04.722 [Test worker] DEBUG o.s.w.c.RestTemplate - Response 200 OK
02:59:04.755 [Test worker] DEBUG o.s.w.c.RestTemplate - HTTP GET http://localhost:59741/get/nocontenttype
02:59:04.756 [Test worker] DEBUG o.s.w.c.RestTemplate - Accept=[application/octet-stream, application/xml, text/xml, application/json, application/x-jackson-smile, application/cbor, application/*+xml, application/*+json, */*]
02:59:04.758 [Test worker] DEBUG o.s.w.c.RestTemplate - Response 200 OK
02:59:04.758 [Test worker] DEBUG o.s.w.c.RestTemplate - Reading to [[B] as "application/octet-stream"
02:59:04.766 [Test worker] DEBUG o.s.w.c.RestTemplate - HTTP GET http://localhost:59743/get/nocontenttype
02:59:04.766 [Test worker] DEBUG o.s.w.c.RestTemplate - Accept=[application/octet-stream, application/xml, text/xml, application/json, application/x-jackson-smile, application/cbor, application/*+xml, application/*+json, */*]
02:59:04.784 [Test worker] DEBUG o.s.w.c.RestTemplate - Response 200 OK
02:59:04.784 [Test worker] DEBUG o.s.w.c.RestTemplate - Reading to [[B] as "application/octet-stream"
02:59:04.791 [Test worker] DEBUG o.s.w.c.RestTemplate - HTTP GET http://localhost:59745/get/nocontenttype
02:59:04.791 [Test worker] DEBUG o.s.w.c.RestTemplate - Accept=[application/octet-stream, application/xml, text/xml, application/json, application/x-jackson-smile, application/cbor, application/*+xml, application/*+json, */*]
02:59:04.808 [Test worker] DEBUG o.s.w.c.RestTemplate - Response 200 OK
02:59:04.808 [Test worker] DEBUG o.s.w.c.RestTemplate - Reading to [[B] as "application/octet-stream"
02:59:04.817 [Test worker] DEBUG o.s.w.c.RestTemplate - HTTP GET http://localhost:59747/get/nocontenttype
02:59:04.817 [Test worker] DEBUG o.s.w.c.RestTemplate - Accept=[application/octet-stream, application/xml, text/xml, application/json, application/x-jackson-smile, application/cbor, application/*+xml, application/*+json, */*]
02:59:04.822 [Test worker] DEBUG o.s.w.c.RestTemplate - Response 200 OK
02:59:04.823 [Test worker] DEBUG o.s.w.c.RestTemplate - Reading to [[B] as "application/octet-stream"
02:59:04.843 [Test worker] DEBUG o.s.w.c.RestTemplate - HTTP POST http://localhost:59765/jsonpost
02:59:04.844 [Test worker] DEBUG o.s.w.c.RestTemplate - Accept=[text/plain, application/xml, text/xml, application/json, application/x-jackson-smile, application/cbor, application/*+xml, application/*+json, */*]
02:59:04.853 [Test worker] DEBUG o.s.w.c.RestTemplate - Response 201 CREATED
02:59:04.862 [Test worker] DEBUG o.s.w.c.RestTemplate - HTTP POST http://localhost:59767/jsonpost
02:59:04.862 [Test worker] DEBUG o.s.w.c.RestTemplate - Accept=[text/plain, application/xml, text/xml, application/json, application/x-jackson-smile, application/cbor, application/*+xml, application/*+json, */*]
02:59:04.879 [Test worker] DEBUG o.s.w.c.RestTemplate - Response 201 CREATED
02:59:04.888 [Test worker] DEBUG o.s.w.c.RestTemplate - HTTP POST http://localhost:59769/jsonpost
02:59:04.888 [Test worker] DEBUG o.s.w.c.RestTemplate - Accept=[text/plain, application/xml, text/xml, application/json, application/x-jackson-smile, application/cbor, application/*+xml, application/*+json, */*]
02:59:04.900 [Test worker] DEBUG o.s.w.c.RestTemplate - Response 201 CREATED
02:59:04.908 [Test worker] DEBUG o.s.w.c.RestTemplate - HTTP POST http://localhost:59771/jsonpost
02:59:04.909 [Test worker] DEBUG o.s.w.c.RestTemplate - Accept=[text/plain, application/xml, text/xml, application/json, application/x-jackson-smile, application/cbor, application/*+xml, application/*+json, */*]
02:59:04.912 [Test worker] DEBUG o.s.w.c.RestTemplate - Response 201 CREATED
02:59:04.928 [Test worker] DEBUG o.s.w.c.RestTemplate - HTTP GET http://localhost:59789/status/notmodified
02:59:04.929 [Test worker] DEBUG o.s.w.c.RestTemplate - Accept=[text/plain, application/xml, text/xml, application/json, application/x-jackson-smile, application/cbor, application/*+xml, application/*+json, */*]
02:59:04.931 [Test worker] DEBUG o.s.w.c.RestTemplate - Response 304 NOT_MODIFIED
02:59:04.931 [Test worker] DEBUG o.s.w.c.RestTemplate - HTTP GET http://localhost:59789/status/notmodified
02:59:04.931 [Test worker] DEBUG o.s.w.c.RestTemplate - Accept=[text/plain, application/xml, text/xml, application/json, application/x-jackson-smile, application/cbor, application/*+xml, application/*+json, */*]
02:59:04.932 [Test worker] DEBUG o.s.w.c.RestTemplate - Response 304 NOT_MODIFIED
02:59:04.938 [Test worker] DEBUG o.s.w.c.RestTemplate - HTTP GET http://localhost:59791/status/notmodified
02:59:04.938 [Test worker] DEBUG o.s.w.c.RestTemplate - Accept=[text/plain, application/xml, text/xml, application/json, application/x-jackson-smile, application/cbor, application/*+xml, application/*+json, */*]
02:59:04.940 [Test worker] DEBUG o.s.w.c.RestTemplate - Response 304 NOT_MODIFIED
02:59:04.941 [Test worker] DEBUG o.s.w.c.RestTemplate - HTTP GET http://localhost:59791/status/notmodified
02:59:04.941 [Test worker] DEBUG o.s.w.c.RestTemplate - Accept=[text/plain, application/xml, text/xml, application/json, application/x-jackson-smile, application/cbor, application/*+xml, application/*+json, */*]
02:59:04.942 [Test worker] DEBUG o.s.w.c.RestTemplate - Response 304 NOT_MODIFIED
02:59:04.948 [Test worker] DEBUG o.s.w.c.RestTemplate - HTTP GET http://localhost:59793/status/notmodified
02:59:04.948 [Test worker] DEBUG o.s.w.c.RestTemplate - Accept=[text/plain, application/xml, text/xml, application/json, application/x-jackson-smile, application/cbor, application/*+xml, application/*+json, */*]
02:59:04.956 [Test worker] DEBUG o.s.w.c.RestTemplate - Response 304 NOT_MODIFIED
02:59:04.957 [Test worker] DEBUG o.s.w.c.RestTemplate - HTTP GET http://localhost:59793/status/notmodified
02:59:04.957 [Test worker] DEBUG o.s.w.c.RestTemplate - Accept=[text/plain, application/xml, text/xml, application/json, application/x-jackson-smile, application/cbor, application/*+xml, application/*+json, */*]
02:59:04.965 [Test worker] DEBUG o.s.w.c.RestTemplate - Response 304 NOT_MODIFIED
02:59:04.972 [Test worker] DEBUG o.s.w.c.RestTemplate - HTTP GET http://localhost:59796/status/notmodified
02:59:04.972 [Test worker] DEBUG o.s.w.c.RestTemplate - Accept=[text/plain, application/xml, text/xml, application/json, application/x-jackson-smile, application/cbor, application/*+xml, application/*+json, */*]
02:59:04.982 [Test worker] DEBUG o.s.w.c.RestTemplate - Response 304 NOT_MODIFIED
02:59:04.982 [Test worker] DEBUG o.s.w.c.RestTemplate - HTTP GET http://localhost:59796/status/notmodified
02:59:04.982 [Test worker] DEBUG o.s.w.c.RestTemplate - Accept=[text/plain, application/xml, text/xml, application/json, application/x-jackson-smile, application/cbor, application/*+xml, application/*+json, */*]
02:59:04.983 [Test worker] DEBUG o.s.w.c.RestTemplate - Response 304 NOT_MODIFIED
02:59:05.008 [Test worker] DEBUG o.s.w.c.RestTemplate - HTTP GET http://localhost:59814/status/server
02:59:05.010 [Test worker] DEBUG o.s.w.c.RestTemplate - Response 500 INTERNAL_SERVER_ERROR
02:59:05.018 [Test worker] DEBUG o.s.w.c.RestTemplate - HTTP GET http://localhost:59816/status/server
02:59:05.021 [Test worker] DEBUG o.s.w.c.RestTemplate - Response 500 INTERNAL_SERVER_ERROR
02:59:05.028 [Test worker] DEBUG o.s.w.c.RestTemplate - HTTP GET http://localhost:59818/status/server
02:59:05.041 [Test worker] DEBUG o.s.w.c.RestTemplate - Response 500 INTERNAL_SERVER_ERROR
02:59:05.049 [Test worker] DEBUG o.s.w.c.RestTemplate - HTTP GET http://localhost:59820/status/server
02:59:05.052 [Test worker] DEBUG o.s.w.c.RestTemplate - Response 500 INTERNAL_SERVER_ERROR
02:59:05.079 [Test worker] DEBUG o.s.w.c.RestTemplate - HTTP POST http://localhost:59838/jsonpost
02:59:05.079 [Test worker] DEBUG o.s.w.c.RestTemplate - Accept=[text/plain, application/xml, text/xml, application/json, application/x-jackson-smile, application/cbor, application/*+xml, application/*+json, */*]
02:59:05.080 [Test worker] DEBUG o.s.w.c.RestTemplate - Writing [org.springframework.web.client.RestTemplateIntegrationTests$MySampleBean@104bc129] as "application/json;charset=UTF-8"
02:59:05.086 [Test worker] DEBUG o.s.w.c.RestTemplate - Response 201 CREATED
02:59:05.086 [Test worker] DEBUG o.s.w.c.RestTemplate - Reading to [java.lang.String] as "application/json;charset=utf-8"
02:59:05.122 [Test worker] DEBUG o.s.w.c.RestTemplate - HTTP POST http://localhost:59840/jsonpost
02:59:05.122 [Test worker] DEBUG o.s.w.c.RestTemplate - Accept=[text/plain, application/xml, text/xml, application/json, application/x-jackson-smile, application/cbor, application/*+xml, application/*+json, */*]
02:59:05.123 [Test worker] DEBUG o.s.w.c.RestTemplate - Writing [org.springframework.web.client.RestTemplateIntegrationTests$MySampleBean@600e6217] as "application/json;charset=UTF-8"
02:59:05.125 [Test worker] DEBUG o.s.w.c.RestTemplate - Response 201 CREATED
02:59:05.126 [Test worker] DEBUG o.s.w.c.RestTemplate - Reading to [java.lang.String] as "application/json;charset=utf-8"
02:59:05.132 [Test worker] DEBUG o.s.w.c.RestTemplate - HTTP POST http://localhost:59842/jsonpost
02:59:05.133 [Test worker] DEBUG o.s.w.c.RestTemplate - Accept=[text/plain, application/xml, text/xml, application/json, application/x-jackson-smile, application/cbor, application/*+xml, application/*+json, */*]
02:59:05.134 [Test worker] DEBUG o.s.w.c.RestTemplate - Writing [org.springframework.web.client.RestTemplateIntegrationTests$MySampleBean@76b9e287] as "application/json;charset=UTF-8"
02:59:05.142 [Test worker] DEBUG o.s.w.c.RestTemplate - Response 201 CREATED
02:59:05.142 [Test worker] DEBUG o.s.w.c.RestTemplate - Reading to [java.lang.String] as "application/json;charset=utf-8"
02:59:05.149 [Test worker] DEBUG o.s.w.c.RestTemplate - HTTP POST http://localhost:59844/jsonpost
02:59:05.149 [Test worker] DEBUG o.s.w.c.RestTemplate - Accept=[text/plain, application/xml, text/xml, application/json, application/x-jackson-smile, application/cbor, application/*+xml, application/*+json, */*]
02:59:05.150 [Test worker] DEBUG o.s.w.c.RestTemplate - Writing [org.springframework.web.client.RestTemplateIntegrationTests$MySampleBean@289aa759] as "application/json;charset=UTF-8"
02:59:05.153 [Test worker] DEBUG o.s.w.c.RestTemplate - Response 201 CREATED
02:59:05.153 [Test worker] DEBUG o.s.w.c.RestTemplate - Reading to [java.lang.String] as "application/json;charset=utf-8"
02:59:05.186 [Test worker] DEBUG o.s.w.c.RestTemplate - HTTP POST http://localhost:59862/post
02:59:05.186 [Test worker] DEBUG o.s.w.c.RestTemplate - Writing [Héllo Wörld] as "text/plain;charset=ISO-8859-1"
02:59:05.190 [Test worker] DEBUG o.s.w.c.RestTemplate - Response 201 CREATED
02:59:05.196 [Test worker] DEBUG o.s.w.c.RestTemplate - HTTP POST http://localhost:59864/post
02:59:05.196 [Test worker] DEBUG o.s.w.c.RestTemplate - Writing [Héllo Wörld] as "text/plain;charset=ISO-8859-1"
02:59:05.201 [Test worker] DEBUG o.s.w.c.RestTemplate - Response 201 CREATED
02:59:05.209 [Test worker] DEBUG o.s.w.c.RestTemplate - HTTP POST http://localhost:59866/post
02:59:05.210 [Test worker] DEBUG o.s.w.c.RestTemplate - Writing [Héllo Wörld] as "text/plain;charset=ISO-8859-1"
02:59:05.220 [Test worker] DEBUG o.s.w.c.RestTemplate - Response 201 CREATED
02:59:05.227 [Test worker] DEBUG o.s.w.c.RestTemplate - HTTP POST http://localhost:59868/post
02:59:05.227 [Test worker] DEBUG o.s.w.c.RestTemplate - Writing [Héllo Wörld] as "text/plain;charset=ISO-8859-1"
02:59:05.230 [Test worker] DEBUG o.s.w.c.RestTemplate - Response 201 CREATED
02:59:05.316 [Test worker] DEBUG o.s.w.c.RestTemplate - HTTP GET http://localhost:59886/status/badrequest
02:59:05.323 [Test worker] DEBUG o.s.w.c.RestTemplate - Response 400 BAD_REQUEST
02:59:05.330 [Test worker] DEBUG o.s.w.c.RestTemplate - HTTP GET http://localhost:59888/status/badrequest
02:59:05.333 [Test worker] DEBUG o.s.w.c.RestTemplate - Response 400 BAD_REQUEST
02:59:05.340 [Test worker] DEBUG o.s.w.c.RestTemplate - HTTP GET http://localhost:59890/status/badrequest
02:59:05.347 [Test worker] DEBUG o.s.w.c.RestTemplate - Response 400 BAD_REQUEST
02:59:05.354 [Test worker] DEBUG o.s.w.c.RestTemplate - HTTP GET http://localhost:59892/status/badrequest
02:59:05.359 [Test worker] DEBUG o.s.w.c.RestTemplate - Response 400 BAD_REQUEST
02:59:05.379 [Test worker] DEBUG o.s.w.c.RestTemplate - HTTP POST http://localhost:59910/post
02:59:05.380 [Test worker] DEBUG o.s.w.c.RestTemplate - Accept=[text/plain, application/xml, text/xml, application/json, application/x-jackson-smile, application/cbor, application/*+xml, application/*+json, */*]
02:59:05.380 [Test worker] DEBUG o.s.w.c.RestTemplate - Writing [Héllo Wörld] with org.springframework.http.converter.StringHttpMessageConverter
02:59:05.381 [Test worker] DEBUG o.s.w.c.RestTemplate - Response 201 CREATED
02:59:05.381 [Test worker] DEBUG o.s.w.c.RestTemplate - Reading to [java.lang.String] as "text/plain;charset=UTF-8"
02:59:05.381 [Test worker] DEBUG o.s.w.c.RestTemplate - HTTP POST http://localhost:59912/post
02:59:05.381 [Test worker] DEBUG o.s.w.c.RestTemplate - Accept=[text/plain, application/xml, text/xml, application/json, application/x-jackson-smile, application/cbor, application/*+xml, application/*+json, */*]
02:59:05.381 [Test worker] DEBUG o.s.w.c.RestTemplate - Writing [Héllo Wörld] with org.springframework.http.converter.StringHttpMessageConverter
02:59:05.381 [Test worker] DEBUG o.s.w.c.RestTemplate - Response 201 CREATED
02:59:05.381 [Test worker] DEBUG o.s.w.c.RestTemplate - Reading to [java.lang.String] as "text/plain;charset=UTF-8"
02:59:05.397 [Test worker] DEBUG o.s.w.c.RestTemplate - HTTP POST http://localhost:59914/post
02:59:05.397 [Test worker] DEBUG o.s.w.c.RestTemplate - Accept=[text/plain, application/xml, text/xml, application/json, application/x-jackson-smile, application/cbor, application/*+xml, application/*+json, */*]
02:59:05.397 [Test worker] DEBUG o.s.w.c.RestTemplate - Writing [Héllo Wörld] with org.springframework.http.converter.StringHttpMessageConverter
02:59:05.422 [Test worker] DEBUG o.s.w.c.RestTemplate - Response 201 CREATED
02:59:05.423 [Test worker] DEBUG o.s.w.c.RestTemplate - Reading to [java.lang.String] as "text/plain;charset=UTF-8"
02:59:05.432 [Test worker] DEBUG o.s.w.c.RestTemplate - HTTP POST http://localhost:59916/post
02:59:05.433 [Test worker] DEBUG o.s.w.c.RestTemplate - Accept=[text/plain, application/xml, text/xml, application/json, application/x-jackson-smile, application/cbor, application/*+xml, application/*+json, */*]
02:59:05.433 [Test worker] DEBUG o.s.w.c.RestTemplate - Writing [Héllo Wörld] with org.springframework.http.converter.StringHttpMessageConverter
02:59:05.439 [Test worker] DEBUG o.s.w.c.RestTemplate - Response 201 CREATED
02:59:05.439 [Test worker] DEBUG o.s.w.c.RestTemplate - Reading to [java.lang.String] as "text/plain;charset=UTF-8"
02:59:05.457 [Test worker] DEBUG o.s.w.c.RestTemplate - HTTP POST http://localhost:59934/post
02:59:05.457 [Test worker] DEBUG o.s.w.c.RestTemplate - Writing [Héllo Wörld] with org.springframework.http.converter.StringHttpMessageConverter
02:59:05.461 [Test worker] DEBUG o.s.w.c.RestTemplate - Response 201 CREATED
02:59:05.468 [Test worker] DEBUG o.s.w.c.RestTemplate - HTTP POST http://localhost:59936/post
02:59:05.468 [Test worker] DEBUG o.s.w.c.RestTemplate - Writing [Héllo Wörld] with org.springframework.http.converter.StringHttpMessageConverter
02:59:05.472 [Test worker] DEBUG o.s.w.c.RestTemplate - Response 201 CREATED
02:59:05.480 [Test worker] DEBUG o.s.w.c.RestTemplate - HTTP POST http://localhost:59938/post
02:59:05.480 [Test worker] DEBUG o.s.w.c.RestTemplate - Writing [Héllo Wörld] with org.springframework.http.converter.StringHttpMessageConverter
02:59:05.491 [Test worker] DEBUG o.s.w.c.RestTemplate - Response 201 CREATED
02:59:05.500 [Test worker] DEBUG o.s.w.c.RestTemplate - HTTP POST http://localhost:59940/post
02:59:05.500 [Test worker] DEBUG o.s.w.c.RestTemplate - Writing [Héllo Wörld] with org.springframework.http.converter.StringHttpMessageConverter
02:59:05.505 [Test worker] DEBUG o.s.w.c.RestTemplate - Response 201 CREATED
02:59:05.524 [Test worker] DEBUG o.s.w.c.RestTemplate - HTTP GET http://localhost:59958/uri/Z%C3%BCrich
02:59:05.524 [Test worker] DEBUG o.s.w.c.RestTemplate - Accept=[text/plain, application/xml, text/xml, application/json, application/x-jackson-smile, application/cbor, application/*+xml, application/*+json, */*]
02:59:05.529 [Test worker] DEBUG o.s.w.c.RestTemplate - Response 200 OK
02:59:05.530 [Test worker] DEBUG o.s.w.c.RestTemplate - Reading to [java.lang.String] as "text/plain"
02:59:05.530 [Test worker] DEBUG o.s.w.c.RestTemplate - HTTP GET http://localhost:59958/uri/query=foo@bar
02:59:05.530 [Test worker] DEBUG o.s.w.c.RestTemplate - Accept=[text/plain, application/xml, text/xml, application/json, application/x-jackson-smile, application/cbor, application/*+xml, application/*+json, */*]
02:59:05.533 [Test worker] DEBUG o.s.w.c.RestTemplate - Response 200 OK
02:59:05.533 [Test worker] DEBUG o.s.w.c.RestTemplate - Reading to [java.lang.String] as "text/plain"
02:59:05.533 [Test worker] DEBUG o.s.w.c.RestTemplate - HTTP GET http://localhost:59958/uri/query=T%C5%8Dky%C5%8D
02:59:05.533 [Test worker] DEBUG o.s.w.c.RestTemplate - Accept=[text/plain, application/xml, text/xml, application/json, application/x-jackson-smile, application/cbor, application/*+xml, application/*+json, */*]
02:59:05.535 [Test worker] DEBUG o.s.w.c.RestTemplate - Response 200 OK
02:59:05.535 [Test worker] DEBUG o.s.w.c.RestTemplate - Reading to [java.lang.String] as "text/plain"
02:59:05.544 [Test worker] DEBUG o.s.w.c.RestTemplate - HTTP GET http://localhost:59960/uri/Z%C3%BCrich
02:59:05.544 [Test worker] DEBUG o.s.w.c.RestTemplate - Accept=[text/plain, application/xml, text/xml, application/json, application/x-jackson-smile, application/cbor, application/*+xml, application/*+json, */*]
02:59:05.547 [Test worker] DEBUG o.s.w.c.RestTemplate - Response 200 OK
02:59:05.547 [Test worker] DEBUG o.s.w.c.RestTemplate - Reading to [java.lang.String] as "text/plain"
02:59:05.547 [Test worker] DEBUG o.s.w.c.RestTemplate - HTTP GET http://localhost:59960/uri/query=foo@bar
02:59:05.547 [Test worker] DEBUG o.s.w.c.RestTemplate - Accept=[text/plain, application/xml, text/xml, application/json, application/x-jackson-smile, application/cbor, application/*+xml, application/*+json, */*]
02:59:05.547 [Test worker] DEBUG o.s.w.c.RestTemplate - Response 200 OK
02:59:05.547 [Test worker] DEBUG o.s.w.c.RestTemplate - Reading to [java.lang.String] as "text/plain"
02:59:05.547 [Test worker] DEBUG o.s.w.c.RestTemplate - HTTP GET http://localhost:59960/uri/query=T%C5%8Dky%C5%8D
02:59:05.547 [Test worker] DEBUG o.s.w.c.RestTemplate - Accept=[text/plain, application/xml, text/xml, application/json, application/x-jackson-smile, application/cbor, application/*+xml, application/*+json, */*]
02:59:05.552 [Test worker] DEBUG o.s.w.c.RestTemplate - Response 200 OK
02:59:05.552 [Test worker] DEBUG o.s.w.c.RestTemplate - Reading to [java.lang.String] as "text/plain"
02:59:05.559 [Test worker] DEBUG o.s.w.c.RestTemplate - HTTP GET http://localhost:59962/uri/Z%C3%BCrich
02:59:05.559 [Test worker] DEBUG o.s.w.c.RestTemplate - Accept=[text/plain, application/xml, text/xml, application/json, application/x-jackson-smile, application/cbor, application/*+xml, application/*+json, */*]
02:59:05.566 [Test worker] DEBUG o.s.w.c.RestTemplate - Response 200 OK
02:59:05.567 [Test worker] DEBUG o.s.w.c.RestTemplate - Reading to [java.lang.String] as "text/plain"
02:59:05.569 [Test worker] DEBUG o.s.w.c.RestTemplate - HTTP GET http://localhost:59962/uri/query=foo@bar
02:59:05.569 [Test worker] DEBUG o.s.w.c.RestTemplate - Accept=[text/plain, application/xml, text/xml, application/json, application/x-jackson-smile, application/cbor, application/*+xml, application/*+json, */*]
02:59:05.577 [Test worker] DEBUG o.s.w.c.RestTemplate - Response 200 OK
02:59:05.577 [Test worker] DEBUG o.s.w.c.RestTemplate - Reading to [java.lang.String] as "text/plain"
02:59:05.578 [Test worker] DEBUG o.s.w.c.RestTemplate - HTTP GET http://localhost:59962/uri/query=T%C5%8Dky%C5%8D
02:59:05.578 [Test worker] DEBUG o.s.w.c.RestTemplate - Accept=[text/plain, application/xml, text/xml, application/json, application/x-jackson-smile, application/cbor, application/*+xml, application/*+json, */*]
02:59:05.586 [Test worker] DEBUG o.s.w.c.RestTemplate - Response 200 OK
02:59:05.586 [Test worker] DEBUG o.s.w.c.RestTemplate - Reading to [java.lang.String] as "text/plain"
02:59:05.593 [Test worker] DEBUG o.s.w.c.RestTemplate - HTTP GET http://localhost:59966/uri/Z%C3%BCrich
02:59:05.593 [Test worker] DEBUG o.s.w.c.RestTemplate - Accept=[text/plain, application/xml, text/xml, application/json, application/x-jackson-smile, application/cbor, application/*+xml, application/*+json, */*]
02:59:05.599 [Test worker] DEBUG o.s.w.c.RestTemplate - Response 200 OK
02:59:05.600 [Test worker] DEBUG o.s.w.c.RestTemplate - Reading to [java.lang.String] as "text/plain"
02:59:05.600 [Test worker] DEBUG o.s.w.c.RestTemplate - HTTP GET http://localhost:59966/uri/query=foo@bar
02:59:05.600 [Test worker] DEBUG o.s.w.c.RestTemplate - Accept=[text/plain, application/xml, text/xml, application/json, application/x-jackson-smile, application/cbor, application/*+xml, application/*+json, */*]
02:59:05.602 [Test worker] DEBUG o.s.w.c.RestTemplate - Response 200 OK
02:59:05.603 [Test worker] DEBUG o.s.w.c.RestTemplate - Reading to [java.lang.String] as "text/plain"
02:59:05.603 [Test worker] DEBUG o.s.w.c.RestTemplate - HTTP GET http://localhost:59966/uri/query=T%C5%8Dky%C5%8D
02:59:05.603 [Test worker] DEBUG o.s.w.c.RestTemplate - Accept=[text/plain, application/xml, text/xml, application/json, application/x-jackson-smile, application/cbor, application/*+xml, application/*+json, */*]
02:59:05.605 [Test worker] DEBUG o.s.w.c.RestTemplate - Response 200 OK
02:59:05.605 [Test worker] DEBUG o.s.w.c.RestTemplate - Reading to [java.lang.String] as "text/plain"
02:59:05.622 [Test worker] DEBUG o.s.w.c.RestTemplate - HTTP POST http://localhost:59984/form
02:59:05.622 [Test worker] DEBUG o.s.w.c.RestTemplate - Writing [{name 1=[value 1], name 2=[value 2+1, value 2+2]}] with org.springframework.http.converter.support.AllEncompassingFormHttpMessageConverter
02:59:05.625 [Test worker] DEBUG o.s.w.c.RestTemplate - Response 200 OK
02:59:05.632 [Test worker] DEBUG o.s.w.c.RestTemplate - HTTP POST http://localhost:59986/form
02:59:05.632 [Test worker] DEBUG o.s.w.c.RestTemplate - Writing [{name 1=[value 1], name 2=[value 2+1, value 2+2]}] with org.springframework.http.converter.support.AllEncompassingFormHttpMessageConverter
02:59:05.635 [Test worker] DEBUG o.s.w.c.RestTemplate - Response 200 OK
02:59:05.642 [Test worker] DEBUG o.s.w.c.RestTemplate - HTTP POST http://localhost:59988/form
02:59:05.642 [Test worker] DEBUG o.s.w.c.RestTemplate - Writing [{name 1=[value 1], name 2=[value 2+1, value 2+2]}] with org.springframework.http.converter.support.AllEncompassingFormHttpMessageConverter
02:59:05.654 [Test worker] DEBUG o.s.w.c.RestTemplate - Response 200 OK
02:59:05.661 [Test worker] DEBUG o.s.w.c.RestTemplate - HTTP POST http://localhost:59990/form
02:59:05.661 [Test worker] DEBUG o.s.w.c.RestTemplate - Writing [{name 1=[value 1], name 2=[value 2+1, value 2+2]}] with org.springframework.http.converter.support.AllEncompassingFormHttpMessageConverter
02:59:05.668 [Test worker] DEBUG o.s.w.c.RestTemplate - Response 200 OK
02:59:05.686 [Test worker] DEBUG o.s.w.c.RestTemplate - HTTP POST http://localhost:60008/multipartRelated
02:59:05.686 [Test worker] DEBUG o.s.w.c.RestTemplate - Writing [{name 1=[value 1], name 2=[value 2+1, value 2+2], logo=[class path resource [org/springframework/http/converter/logo.jpg]]}] as "multipart/related"
02:59:05.692 [Test worker] DEBUG o.s.w.c.RestTemplate - Response 200 OK
02:59:05.698 [Test worker] DEBUG o.s.w.c.RestTemplate - HTTP POST http://localhost:60010/multipartRelated
02:59:05.698 [Test worker] DEBUG o.s.w.c.RestTemplate - Writing [{name 1=[value 1], name 2=[value 2+1, value 2+2], logo=[class path resource [org/springframework/http/converter/logo.jpg]]}] as "multipart/related"
02:59:05.714 [Test worker] DEBUG o.s.w.c.RestTemplate - Response 200 OK
02:59:05.721 [Test worker] DEBUG o.s.w.c.RestTemplate - HTTP POST http://localhost:60012/multipartRelated
02:59:05.721 [Test worker] DEBUG o.s.w.c.RestTemplate - Writing [{name 1=[value 1], name 2=[value 2+1, value 2+2], logo=[class path resource [org/springframework/http/converter/logo.jpg]]}] as "multipart/related"
02:59:05.736 [Test worker] DEBUG o.s.w.c.RestTemplate - Response 200 OK
02:59:05.744 [Test worker] DEBUG o.s.w.c.RestTemplate - HTTP POST http://localhost:60014/multipartRelated
02:59:05.744 [Test worker] DEBUG o.s.w.c.RestTemplate - Writing [{name 1=[value 1], name 2=[value 2+1, value 2+2], logo=[class path resource [org/springframework/http/converter/logo.jpg]]}] as "multipart/related"
02:59:05.755 [Test worker] DEBUG o.s.w.c.RestTemplate - Response 200 OK
02:59:05.774 [Test worker] DEBUG o.s.w.c.RestTemplate - HTTP GET http://localhost:60032/get
02:59:05.774 [Test worker] DEBUG o.s.w.c.RestTemplate - Accept=[text/plain, application/xml, text/xml, application/json, application/x-jackson-smile, application/cbor, application/*+xml, application/*+json, */*]
02:59:05.776 [Test worker] DEBUG o.s.w.c.RestTemplate - Response 200 OK
02:59:05.776 [Test worker] DEBUG o.s.w.c.RestTemplate - Reading to [java.lang.String] as "text/plain;charset=UTF-8"
02:59:05.783 [Test worker] DEBUG o.s.w.c.RestTemplate - HTTP GET http://localhost:60034/get
02:59:05.783 [Test worker] DEBUG o.s.w.c.RestTemplate - Accept=[text/plain, application/xml, text/xml, application/json, application/x-jackson-smile, application/cbor, application/*+xml, application/*+json, */*]
02:59:05.786 [Test worker] DEBUG o.s.w.c.RestTemplate - Response 200 OK
02:59:05.787 [Test worker] DEBUG o.s.w.c.RestTemplate - Reading to [java.lang.String] as "text/plain;charset=UTF-8"
02:59:05.795 [Test worker] DEBUG o.s.w.c.RestTemplate - HTTP GET http://localhost:60036/get
02:59:05.795 [Test worker] DEBUG o.s.w.c.RestTemplate - Accept=[text/plain, application/xml, text/xml, application/json, application/x-jackson-smile, application/cbor, application/*+xml, application/*+json, */*]
02:59:05.813 [Test worker] DEBUG o.s.w.c.RestTemplate - Response 200 OK
02:59:05.813 [Test worker] DEBUG o.s.w.c.RestTemplate - Reading to [java.lang.String] as "text/plain;charset=UTF-8"
02:59:05.821 [Test worker] DEBUG o.s.w.c.RestTemplate - HTTP GET http://localhost:60038/get
02:59:05.821 [Test worker] DEBUG o.s.w.c.RestTemplate - Accept=[text/plain, application/xml, text/xml, application/json, application/x-jackson-smile, application/cbor, application/*+xml, application/*+json, */*]
02:59:05.915 [Test worker] DEBUG o.s.w.c.RestTemplate - Response 200 OK
02:59:05.915 [Test worker] DEBUG o.s.w.c.RestTemplate - Reading to [java.lang.String] as "text/plain;charset=UTF-8"
02:59:05.954 [Test worker] DEBUG o.s.w.c.RestTemplate - HTTP GET http://localhost:60059/get/nothing
02:59:05.954 [Test worker] DEBUG o.s.w.c.RestTemplate - Accept=[text/plain, application/xml, text/xml, application/json, application/x-jackson-smile, application/cbor, application/*+xml, application/*+json, */*]
02:59:05.958 [Test worker] DEBUG o.s.w.c.RestTemplate - Response 200 OK
02:59:05.966 [Test worker] DEBUG o.s.w.c.RestTemplate - HTTP GET http://localhost:60063/get/nothing
02:59:05.966 [Test worker] DEBUG o.s.w.c.RestTemplate - Accept=[text/plain, application/xml, text/xml, application/json, application/x-jackson-smile, application/cbor, application/*+xml, application/*+json, */*]
02:59:05.969 [Test worker] DEBUG o.s.w.c.RestTemplate - Response 200 OK
02:59:05.975 [Test worker] DEBUG o.s.w.c.RestTemplate - HTTP GET http://localhost:60065/get/nothing
02:59:05.975 [Test worker] DEBUG o.s.w.c.RestTemplate - Accept=[text/plain, application/xml, text/xml, application/json, application/x-jackson-smile, application/cbor, application/*+xml, application/*+json, */*]
02:59:05.982 [Test worker] DEBUG o.s.w.c.RestTemplate - Response 200 OK
02:59:05.989 [Test worker] DEBUG o.s.w.c.RestTemplate - HTTP GET http://localhost:60067/get/nothing
02:59:05.989 [Test worker] DEBUG o.s.w.c.RestTemplate - Accept=[text/plain, application/xml, text/xml, application/json, application/x-jackson-smile, application/cbor, application/*+xml, application/*+json, */*]
02:59:05.992 [Test worker] DEBUG o.s.w.c.RestTemplate - Response 200 OK
02:59:06.116 [Test worker] DEBUG o.s.w.c.RestTemplate - HTTP PATCH http://localhost:60086/patch
02:59:06.116 [Test worker] DEBUG o.s.w.c.RestTemplate - Accept=[text/plain, application/xml, text/xml, application/json, application/x-jackson-smile, application/cbor, application/*+xml, application/*+json, */*]
02:59:06.116 [Test worker] DEBUG o.s.w.c.RestTemplate - Writing [Héllo Wörld] with org.springframework.http.converter.StringHttpMessageConverter
02:59:06.119 [Test worker] DEBUG o.s.w.c.RestTemplate - Response 201 CREATED
02:59:06.119 [Test worker] DEBUG o.s.w.c.RestTemplate - Reading to [java.lang.String] as "text/plain;charset=UTF-8"
02:59:06.125 [Test worker] DEBUG o.s.w.c.RestTemplate - HTTP PATCH http://localhost:60088/patch
02:59:06.125 [Test worker] DEBUG o.s.w.c.RestTemplate - Accept=[text/plain, application/xml, text/xml, application/json, application/x-jackson-smile, application/cbor, application/*+xml, application/*+json, */*]
02:59:06.126 [Test worker] DEBUG o.s.w.c.RestTemplate - Writing [Héllo Wörld] with org.springframework.http.converter.StringHttpMessageConverter
02:59:06.135 [Test worker] DEBUG o.s.w.c.RestTemplate - Response 201 CREATED
02:59:06.135 [Test worker] DEBUG o.s.w.c.RestTemplate - Reading to [java.lang.String] as "text/plain;charset=UTF-8"
02:59:06.142 [Test worker] DEBUG o.s.w.c.RestTemplate - HTTP PATCH http://localhost:60090/patch
02:59:06.142 [Test worker] DEBUG o.s.w.c.RestTemplate - Accept=[text/plain, application/xml, text/xml, application/json, application/x-jackson-smile, application/cbor, application/*+xml, application/*+json, */*]
02:59:06.142 [Test worker] DEBUG o.s.w.c.RestTemplate - Writing [Héllo Wörld] with org.springframework.http.converter.StringHttpMessageConverter
02:59:06.145 [Test worker] DEBUG o.s.w.c.RestTemplate - Response 201 CREATED
02:59:06.145 [Test worker] DEBUG o.s.w.c.RestTemplate - Reading to [java.lang.String] as "text/plain;charset=UTF-8"
02:59:06.159 [Test worker] DEBUG o.s.w.c.RestTemplate - HTTP GET http://localhost:60108/get
02:59:06.160 [Test worker] DEBUG o.s.w.c.RestTemplate - Accept=[text/plain, application/xml, text/xml, application/json, application/x-jackson-smile, application/cbor, application/*+xml, application/*+json, */*]
02:59:06.168 [Test worker] DEBUG o.s.w.c.RestTemplate - Response 200 OK
02:59:06.168 [Test worker] DEBUG o.s.w.c.RestTemplate - Reading to [java.lang.String] as "text/plain;charset=UTF-8"
02:59:06.185 [Test worker] DEBUG o.s.w.c.RestTemplate - HTTP GET http://localhost:60110/get
02:59:06.185 [Test worker] DEBUG o.s.w.c.RestTemplate - Accept=[text/plain, application/xml, text/xml, application/json, application/x-jackson-smile, application/cbor, application/*+xml, application/*+json, */*]
02:59:06.193 [Test worker] DEBUG o.s.w.c.RestTemplate - Response 200 OK
02:59:06.193 [Test worker] DEBUG o.s.w.c.RestTemplate - Reading to [java.lang.String] as "text/plain;charset=UTF-8"
02:59:06.200 [Test worker] DEBUG o.s.w.c.RestTemplate - HTTP GET http://localhost:60112/get
02:59:06.201 [Test worker] DEBUG o.s.w.c.RestTemplate - Accept=[text/plain, application/xml, text/xml, application/json, application/x-jackson-smile, application/cbor, application/*+xml, application/*+json, */*]
02:59:06.212 [Test worker] DEBUG o.s.w.c.RestTemplate - Response 200 OK
02:59:06.212 [Test worker] DEBUG o.s.w.c.RestTemplate - Reading to [java.lang.String] as "text/plain;charset=UTF-8"
02:59:06.219 [Test worker] DEBUG o.s.w.c.RestTemplate - HTTP GET http://localhost:60114/get
02:59:06.219 [Test worker] DEBUG o.s.w.c.RestTemplate - Accept=[text/plain, application/xml, text/xml, application/json, application/x-jackson-smile, application/cbor, application/*+xml, application/*+json, */*]
02:59:06.222 [Test worker] DEBUG o.s.w.c.RestTemplate - Response 200 OK
02:59:06.223 [Test worker] DEBUG o.s.w.c.RestTemplate - Reading to [java.lang.String] as "text/plain;charset=UTF-8"
02:59:06.241 [Test worker] DEBUG o.s.w.c.RestTemplate - HTTP OPTIONS http://localhost:60132/get
02:59:06.243 [Test worker] DEBUG o.s.w.c.RestTemplate - Response 200 OK
02:59:06.248 [Test worker] DEBUG o.s.w.c.RestTemplate - HTTP OPTIONS http://localhost:60134/get
02:59:06.250 [Test worker] DEBUG o.s.w.c.RestTemplate - Response 200 OK
02:59:06.256 [Test worker] DEBUG o.s.w.c.RestTemplate - HTTP OPTIONS http://localhost:60136/get
02:59:06.264 [Test worker] DEBUG o.s.w.c.RestTemplate - Response 200 OK
02:59:06.270 [Test worker] DEBUG o.s.w.c.RestTemplate - HTTP OPTIONS http://localhost:60138/get
02:59:06.274 [Test worker] DEBUG o.s.w.c.RestTemplate - Response 200 OK
02:59:06.291 [Test worker] DEBUG o.s.w.c.RestTemplate - HTTP POST http://localhost:60156/post
02:59:06.292 [Test worker] DEBUG o.s.w.c.RestTemplate - Accept=[application/xml, text/xml, application/json, application/x-jackson-smile, application/cbor, application/*+xml, application/*+json]
02:59:06.292 [Test worker] DEBUG o.s.w.c.RestTemplate - Writing [Héllo Wörld] as "text/plain"
02:59:06.297 [Test worker] DEBUG o.s.w.c.RestTemplate - Response 201 CREATED
02:59:06.304 [Test worker] DEBUG o.s.w.c.RestTemplate - HTTP POST http://localhost:60158/post
02:59:06.305 [Test worker] DEBUG o.s.w.c.RestTemplate - Accept=[application/xml, text/xml, application/json, application/x-jackson-smile, application/cbor, application/*+xml, application/*+json]
02:59:06.305 [Test worker] DEBUG o.s.w.c.RestTemplate - Writing [Héllo Wörld] as "text/plain"
02:59:06.308 [Test worker] DEBUG o.s.w.c.RestTemplate - Response 201 CREATED
02:59:06.316 [Test worker] DEBUG o.s.w.c.RestTemplate - HTTP POST http://localhost:60160/post
02:59:06.317 [Test worker] DEBUG o.s.w.c.RestTemplate - Accept=[application/xml, text/xml, application/json, application/x-jackson-smile, application/cbor, application/*+xml, application/*+json]
02:59:06.317 [Test worker] DEBUG o.s.w.c.RestTemplate - Writing [Héllo Wörld] as "text/plain"
02:59:06.329 [Test worker] DEBUG o.s.w.c.RestTemplate - Response 201 CREATED
02:59:06.338 [Test worker] DEBUG o.s.w.c.RestTemplate - HTTP POST http://localhost:60162/post
02:59:06.338 [Test worker] DEBUG o.s.w.c.RestTemplate - Accept=[application/xml, text/xml, application/json, application/x-jackson-smile, application/cbor, application/*+xml, application/*+json]
02:59:06.339 [Test worker] DEBUG o.s.w.c.RestTemplate - Writing [Héllo Wörld] as "text/plain"
02:59:06.345 [Test worker] DEBUG o.s.w.c.RestTemplate - Response 201 CREATED
02:59:06.372 [Test worker] DEBUG o.s.w.c.RestTemplate - HTTP GET http://localhost:60180/status/nocontent
02:59:06.372 [Test worker] DEBUG o.s.w.c.RestTemplate - Accept=[text/plain, application/xml, text/xml, application/json, application/x-jackson-smile, application/cbor, application/*+xml, application/*+json, */*]
02:59:06.422 [Test worker] DEBUG o.s.w.c.RestTemplate - Response 204 NO_CONTENT
02:59:06.423 [Test worker] DEBUG o.s.w.c.RestTemplate - HTTP GET http://localhost:60180/status/nocontent
02:59:06.423 [Test worker] DEBUG o.s.w.c.RestTemplate - Accept=[text/plain, application/xml, text/xml, application/json, application/x-jackson-smile, application/cbor, application/*+xml, application/*+json, */*]
02:59:06.424 [Test worker] DEBUG o.s.w.c.RestTemplate - Response 204 NO_CONTENT
02:59:06.431 [Test worker] DEBUG o.s.w.c.RestTemplate - HTTP GET http://localhost:60182/status/nocontent
02:59:06.431 [Test worker] DEBUG o.s.w.c.RestTemplate - Accept=[text/plain, application/xml, text/xml, application/json, application/x-jackson-smile, application/cbor, application/*+xml, application/*+json, */*]
02:59:06.435 [Test worker] DEBUG o.s.w.c.RestTemplate - Response 204 NO_CONTENT
02:59:06.435 [Test worker] DEBUG o.s.w.c.RestTemplate - HTTP GET http://localhost:60182/status/nocontent
02:59:06.436 [Test worker] DEBUG o.s.w.c.RestTemplate - Accept=[text/plain, application/xml, text/xml, application/json, application/x-jackson-smile, application/cbor, application/*+xml, application/*+json, */*]
02:59:06.437 [Test worker] DEBUG o.s.w.c.RestTemplate - Response 204 NO_CONTENT
02:59:06.443 [Test worker] DEBUG o.s.w.c.RestTemplate - HTTP GET http://localhost:60184/status/nocontent
02:59:06.444 [Test worker] DEBUG o.s.w.c.RestTemplate - Accept=[text/plain, application/xml, text/xml, application/json, application/x-jackson-smile, application/cbor, application/*+xml, application/*+json, */*]
02:59:06.471 [Test worker] DEBUG o.s.w.c.RestTemplate - Response 204 NO_CONTENT
02:59:06.472 [Test worker] DEBUG o.s.w.c.RestTemplate - HTTP GET http://localhost:60184/status/nocontent
02:59:06.472 [Test worker] DEBUG o.s.w.c.RestTemplate - Accept=[text/plain, application/xml, text/xml, application/json, application/x-jackson-smile, application/cbor, application/*+xml, application/*+json, */*]
02:59:06.482 [Test worker] DEBUG o.s.w.c.RestTemplate - Response 204 NO_CONTENT
02:59:06.495 [Test worker] DEBUG o.s.w.c.RestTemplate - HTTP GET http://localhost:60187/status/nocontent
02:59:06.496 [Test worker] DEBUG o.s.w.c.RestTemplate - Accept=[text/plain, application/xml, text/xml, application/json, application/x-jackson-smile, application/cbor, application/*+xml, application/*+json, */*]
02:59:06.504 [Test worker] DEBUG o.s.w.c.RestTemplate - Response 204 NO_CONTENT
02:59:06.504 [Test worker] DEBUG o.s.w.c.RestTemplate - HTTP GET http://localhost:60187/status/nocontent
02:59:06.505 [Test worker] DEBUG o.s.w.c.RestTemplate - Accept=[text/plain, application/xml, text/xml, application/json, application/x-jackson-smile, application/cbor, application/*+xml, application/*+json, */*]
02:59:06.506 [Test worker] DEBUG o.s.w.c.RestTemplate - Response 204 NO_CONTENT
02:59:06.525 [Test worker] DEBUG o.s.w.c.RestTemplate - HTTP GET http://localhost:60205/status/notfound
02:59:06.525 [Test worker] DEBUG o.s.w.c.RestTemplate - Response 404 NOT_FOUND
02:59:06.543 [Test worker] DEBUG o.s.w.c.RestTemplate - HTTP GET http://localhost:60207/status/notfound
02:59:06.545 [Test worker] DEBUG o.s.w.c.RestTemplate - Response 404 NOT_FOUND
02:59:06.553 [Test worker] DEBUG o.s.w.c.RestTemplate - HTTP GET http://localhost:60209/status/notfound
02:59:06.559 [Test worker] DEBUG o.s.w.c.RestTemplate - Response 404 NOT_FOUND
02:59:06.566 [Test worker] DEBUG o.s.w.c.RestTemplate - HTTP GET http://localhost:60211/status/notfound
02:59:06.569 [Test worker] DEBUG o.s.w.c.RestTemplate - Response 404 NOT_FOUND
02:59:06.584 [Test worker] DEBUG o.s.w.c.RestTemplate - HTTP POST http://localhost:60229/multipartFormData
02:59:06.584 [Test worker] DEBUG o.s.w.c.RestTemplate - Writing [{name 1=[value 1], name 2=[value 2+1, value 2+2], logo=[class path resource [org/springframework/http/converter/logo.jpg]]}] with org.springframework.http.converter.support.AllEncompassingFormHttpMessageConverter
02:59:06.641 [Test worker] DEBUG o.s.w.c.RestTemplate - Response 200 OK
02:59:06.648 [Test worker] DEBUG o.s.w.c.RestTemplate - HTTP POST http://localhost:60231/multipartFormData
02:59:06.648 [Test worker] DEBUG o.s.w.c.RestTemplate - Writing [{name 1=[value 1], name 2=[value 2+1, value 2+2], logo=[class path resource [org/springframework/http/converter/logo.jpg]]}] with org.springframework.http.converter.support.AllEncompassingFormHttpMessageConverter
02:59:06.652 [Test worker] DEBUG o.s.w.c.RestTemplate - Response 200 OK
02:59:06.657 [Test worker] DEBUG o.s.w.c.RestTemplate - HTTP POST http://localhost:60233/multipartFormData
02:59:06.658 [Test worker] DEBUG o.s.w.c.RestTemplate - Writing [{name 1=[value 1], name 2=[value 2+1, value 2+2], logo=[class path resource [org/springframework/http/converter/logo.jpg]]}] with org.springframework.http.converter.support.AllEncompassingFormHttpMessageConverter
02:59:06.720 [Test worker] DEBUG o.s.w.c.RestTemplate - Response 200 OK
02:59:06.727 [Test worker] DEBUG o.s.w.c.RestTemplate - HTTP POST http://localhost:60235/multipartFormData
02:59:06.727 [Test worker] DEBUG o.s.w.c.RestTemplate - Writing [{name 1=[value 1], name 2=[value 2+1, value 2+2], logo=[class path resource [org/springframework/http/converter/logo.jpg]]}] with org.springframework.http.converter.support.AllEncompassingFormHttpMessageConverter
02:59:06.731 [Test worker] DEBUG o.s.w.c.RestTemplate - Response 200 OK
02:59:06.750 [Test worker] DEBUG o.s.w.c.RestTemplate - HTTP POST http://localhost:60253/jsonpost
02:59:06.750 [Test worker] DEBUG o.s.w.c.RestTemplate - Accept=[text/plain, application/xml, text/xml, application/json, application/x-jackson-smile, application/cbor, application/*+xml, application/*+json, */*]
02:59:06.750 [Test worker] DEBUG o.s.w.c.RestTemplate - Writing [[org.springframework.web.client.RestTemplateIntegrationTests$Foo@296b58be, org.springframework.web.client.RestTemplateIntegrationTests$Bar@7c8cff6e]] as "application/json;charset=UTF-8"
02:59:06.754 [Test worker] DEBUG o.s.w.c.RestTemplate - Response 201 CREATED
02:59:06.754 [Test worker] DEBUG o.s.w.c.RestTemplate - Reading to [java.lang.String] as "application/json;charset=utf-8"
02:59:06.758 [Test worker] DEBUG o.s.w.c.RestTemplate - HTTP POST http://localhost:60255/jsonpost
02:59:06.759 [Test worker] DEBUG o.s.w.c.RestTemplate - Accept=[text/plain, application/xml, text/xml, application/json, application/x-jackson-smile, application/cbor, application/*+xml, application/*+json, */*]
02:59:06.759 [Test worker] DEBUG o.s.w.c.RestTemplate - Writing [[org.springframework.web.client.RestTemplateIntegrationTests$Foo@7c415d8, org.springframework.web.client.RestTemplateIntegrationTests$Bar@35952ddb]] as "application/json;charset=UTF-8"
02:59:06.762 [Test worker] DEBUG o.s.w.c.RestTemplate - Response 201 CREATED
02:59:06.762 [Test worker] DEBUG o.s.w.c.RestTemplate - Reading to [java.lang.String] as "application/json;charset=utf-8"
02:59:06.769 [Test worker] DEBUG o.s.w.c.RestTemplate - HTTP POST http://localhost:60257/jsonpost
02:59:06.769 [Test worker] DEBUG o.s.w.c.RestTemplate - Accept=[text/plain, application/xml, text/xml, application/json, application/x-jackson-smile, application/cbor, application/*+xml, application/*+json, */*]
02:59:06.770 [Test worker] DEBUG o.s.w.c.RestTemplate - Writing [[org.springframework.web.client.RestTemplateIntegrationTests$Foo@32d9dbae, org.springframework.web.client.RestTemplateIntegrationTests$Bar@a552e85]] as "application/json;charset=UTF-8"
02:59:06.778 [Test worker] DEBUG o.s.w.c.RestTemplate - Response 201 CREATED
02:59:06.778 [Test worker] DEBUG o.s.w.c.RestTemplate - Reading to [java.lang.String] as "application/json;charset=utf-8"
02:59:06.785 [Test worker] DEBUG o.s.w.c.RestTemplate - HTTP POST http://localhost:60259/jsonpost
02:59:06.785 [Test worker] DEBUG o.s.w.c.RestTemplate - Accept=[text/plain, application/xml, text/xml, application/json, application/x-jackson-smile, application/cbor, application/*+xml, application/*+json, */*]
02:59:06.785 [Test worker] DEBUG o.s.w.c.RestTemplate - Writing [[org.springframework.web.client.RestTemplateIntegrationTests$Foo@3bbcb618, org.springframework.web.client.RestTemplateIntegrationTests$Bar@7fcb6295]] as "application/json;charset=UTF-8"
02:59:06.791 [Test worker] DEBUG o.s.w.c.RestTemplate - Response 201 CREATED
02:59:06.791 [Test worker] DEBUG o.s.w.c.RestTemplate - Reading to [java.lang.String] as "application/json;charset=utf-8"
]]></system-out>
  <system-err><![CDATA[Mar 20, 2023 2:59:04 AM okhttp3.mockwebserver.MockWebServer$3 execute
INFO: MockWebServer[59645] starting to accept connections
Mar 20, 2023 2:59:04 AM okhttp3.mockwebserver.MockWebServer$4 processOneRequest
INFO: MockWebServer[59645] received request: GET /get HTTP/1.1 and responded: HTTP/1.1 200 OK
Mar 20, 2023 2:59:04 AM okhttp3.mockwebserver.MockWebServer$3 acceptConnections
INFO: MockWebServer[59645] done accepting connections: socket closed
Mar 20, 2023 2:59:04 AM okhttp3.mockwebserver.MockWebServer$3 execute
INFO: MockWebServer[59647] starting to accept connections
Mar 20, 2023 2:59:04 AM okhttp3.mockwebserver.MockWebServer$4 processOneRequest
INFO: MockWebServer[59647] received request: GET /get HTTP/1.1 and responded: HTTP/1.1 200 OK
Mar 20, 2023 2:59:04 AM okhttp3.mockwebserver.MockWebServer$3 acceptConnections
INFO: MockWebServer[59647] done accepting connections: socket closed
Mar 20, 2023 2:59:04 AM okhttp3.mockwebserver.MockWebServer$3 execute
INFO: MockWebServer[59649] starting to accept connections
Mar 20, 2023 2:59:04 AM okhttp3.mockwebserver.MockWebServer$4 processOneRequest
INFO: MockWebServer[59649] received request: GET /get HTTP/1.1 and responded: HTTP/1.1 200 OK
Mar 20, 2023 2:59:04 AM okhttp3.mockwebserver.MockWebServer$3 acceptConnections
INFO: MockWebServer[59649] done accepting connections: socket closed
Mar 20, 2023 2:59:04 AM okhttp3.mockwebserver.MockWebServer$3 execute
INFO: MockWebServer[59651] starting to accept connections
Mar 20, 2023 2:59:04 AM okhttp3.mockwebserver.MockWebServer$4 processOneRequest
INFO: MockWebServer[59651] received request: GET /get HTTP/1.1 and responded: HTTP/1.1 200 OK
Mar 20, 2023 2:59:04 AM okhttp3.mockwebserver.MockWebServer$3 acceptConnections
INFO: MockWebServer[59651] done accepting connections: socket closed
Mar 20, 2023 2:59:04 AM okhttp3.mockwebserver.MockWebServer$3 execute
INFO: MockWebServer[59669] starting to accept connections
Mar 20, 2023 2:59:04 AM okhttp3.mockwebserver.MockWebServer$4 processOneRequest
INFO: MockWebServer[59669] received request: POST /jsonpost HTTP/1.1 and responded: HTTP/1.1 201 OK
Mar 20, 2023 2:59:04 AM okhttp3.mockwebserver.MockWebServer$3 acceptConnections
INFO: MockWebServer[59669] done accepting connections: socket closed
Mar 20, 2023 2:59:04 AM okhttp3.mockwebserver.MockWebServer$3 execute
INFO: MockWebServer[59671] starting to accept connections
Mar 20, 2023 2:59:04 AM okhttp3.mockwebserver.MockWebServer$3 acceptConnections
INFO: MockWebServer[59671] done accepting connections: socket closed
Mar 20, 2023 2:59:04 AM okhttp3.mockwebserver.MockWebServer$4 processOneRequest
INFO: MockWebServer[59671] received request: POST /jsonpost HTTP/1.1 and responded: HTTP/1.1 201 OK
Mar 20, 2023 2:59:04 AM okhttp3.mockwebserver.MockWebServer$3 execute
INFO: MockWebServer[59673] starting to accept connections
Mar 20, 2023 2:59:04 AM okhttp3.mockwebserver.MockWebServer$4 processOneRequest
INFO: MockWebServer[59673] received request: POST /jsonpost HTTP/1.1 and responded: HTTP/1.1 201 OK
Mar 20, 2023 2:59:04 AM okhttp3.mockwebserver.MockWebServer$3 acceptConnections
INFO: MockWebServer[59673] done accepting connections: socket closed
Mar 20, 2023 2:59:04 AM okhttp3.mockwebserver.MockWebServer$3 execute
INFO: MockWebServer[59675] starting to accept connections
Mar 20, 2023 2:59:04 AM okhttp3.mockwebserver.MockWebServer$3 acceptConnections
INFO: MockWebServer[59675] done accepting connections: socket closed
Mar 20, 2023 2:59:04 AM okhttp3.mockwebserver.MockWebServer$4 processOneRequest
INFO: MockWebServer[59675] received request: POST /jsonpost HTTP/1.1 and responded: HTTP/1.1 201 OK
Mar 20, 2023 2:59:04 AM okhttp3.mockwebserver.MockWebServer$3 execute
INFO: MockWebServer[59693] starting to accept connections
Mar 20, 2023 2:59:04 AM okhttp3.mockwebserver.MockWebServer$4 processOneRequest
INFO: MockWebServer[59693] received request: GET /get HTTP/1.1 and responded: HTTP/1.1 200 OK
Mar 20, 2023 2:59:04 AM okhttp3.mockwebserver.MockWebServer$3 acceptConnections
INFO: MockWebServer[59693] done accepting connections: socket closed
Mar 20, 2023 2:59:04 AM okhttp3.mockwebserver.MockWebServer$3 execute
INFO: MockWebServer[59695] starting to accept connections
Mar 20, 2023 2:59:04 AM okhttp3.mockwebserver.MockWebServer$4 processOneRequest
INFO: MockWebServer[59695] received request: GET /get HTTP/1.1 and responded: HTTP/1.1 200 OK
Mar 20, 2023 2:59:04 AM okhttp3.mockwebserver.MockWebServer$3 acceptConnections
INFO: MockWebServer[59695] done accepting connections: socket closed
Mar 20, 2023 2:59:04 AM okhttp3.mockwebserver.MockWebServer$3 execute
INFO: MockWebServer[59697] starting to accept connections
Mar 20, 2023 2:59:04 AM okhttp3.mockwebserver.MockWebServer$4 processOneRequest
INFO: MockWebServer[59697] received request: GET /get HTTP/1.1 and responded: HTTP/1.1 200 OK
Mar 20, 2023 2:59:04 AM okhttp3.mockwebserver.MockWebServer$3 acceptConnections
INFO: MockWebServer[59697] done accepting connections: socket closed
Mar 20, 2023 2:59:04 AM okhttp3.mockwebserver.MockWebServer$3 execute
INFO: MockWebServer[59699] starting to accept connections
Mar 20, 2023 2:59:04 AM okhttp3.mockwebserver.MockWebServer$3 acceptConnections
INFO: MockWebServer[59699] done accepting connections: socket closed
Mar 20, 2023 2:59:04 AM okhttp3.mockwebserver.MockWebServer$4 processOneRequest
INFO: MockWebServer[59699] received request: GET /get HTTP/1.1 and responded: HTTP/1.1 200 OK
Mar 20, 2023 2:59:04 AM okhttp3.mockwebserver.MockWebServer$3 execute
INFO: MockWebServer[59717] starting to accept connections
Mar 20, 2023 2:59:04 AM okhttp3.mockwebserver.MockWebServer$4 processOneRequest
INFO: MockWebServer[59717] received request: POST /multipartMixed HTTP/1.1 and responded: HTTP/1.1 200 OK
Mar 20, 2023 2:59:04 AM okhttp3.mockwebserver.MockWebServer$3 acceptConnections
INFO: MockWebServer[59717] done accepting connections: socket closed
Mar 20, 2023 2:59:04 AM okhttp3.mockwebserver.MockWebServer$3 execute
INFO: MockWebServer[59719] starting to accept connections
Mar 20, 2023 2:59:04 AM okhttp3.mockwebserver.MockWebServer$4 processOneRequest
INFO: MockWebServer[59719] received request: POST /multipartMixed HTTP/1.1 and responded: HTTP/1.1 200 OK
Mar 20, 2023 2:59:04 AM okhttp3.mockwebserver.MockWebServer$3 acceptConnections
INFO: MockWebServer[59719] done accepting connections: socket closed
Mar 20, 2023 2:59:04 AM okhttp3.mockwebserver.MockWebServer$3 execute
INFO: MockWebServer[59721] starting to accept connections
Mar 20, 2023 2:59:04 AM okhttp3.mockwebserver.MockWebServer$4 processOneRequest
INFO: MockWebServer[59721] received request: POST /multipartMixed HTTP/1.1 and responded: HTTP/1.1 200 OK
Mar 20, 2023 2:59:04 AM okhttp3.mockwebserver.MockWebServer$3 acceptConnections
INFO: MockWebServer[59721] done accepting connections: socket closed
Mar 20, 2023 2:59:04 AM okhttp3.mockwebserver.MockWebServer$3 execute
INFO: MockWebServer[59723] starting to accept connections
Mar 20, 2023 2:59:04 AM okhttp3.mockwebserver.MockWebServer$4 processOneRequest
INFO: MockWebServer[59723] received request: POST /multipartMixed HTTP/1.1 and responded: HTTP/1.1 200 OK
Mar 20, 2023 2:59:04 AM okhttp3.mockwebserver.MockWebServer$3 acceptConnections
INFO: MockWebServer[59723] done accepting connections: socket closed
Mar 20, 2023 2:59:04 AM okhttp3.mockwebserver.MockWebServer$3 execute
INFO: MockWebServer[59741] starting to accept connections
Mar 20, 2023 2:59:04 AM okhttp3.mockwebserver.MockWebServer$4 processOneRequest
INFO: MockWebServer[59741] received request: GET /get/nocontenttype HTTP/1.1 and responded: HTTP/1.1 200 OK
Mar 20, 2023 2:59:04 AM okhttp3.mockwebserver.MockWebServer$3 acceptConnections
INFO: MockWebServer[59741] done accepting connections: socket closed
Mar 20, 2023 2:59:04 AM okhttp3.mockwebserver.MockWebServer$3 execute
INFO: MockWebServer[59743] starting to accept connections
Mar 20, 2023 2:59:04 AM okhttp3.mockwebserver.MockWebServer$4 processOneRequest
INFO: MockWebServer[59743] received request: GET /get/nocontenttype HTTP/1.1 and responded: HTTP/1.1 200 OK
Mar 20, 2023 2:59:04 AM okhttp3.mockwebserver.MockWebServer$3 acceptConnections
INFO: MockWebServer[59743] done accepting connections: socket closed
Mar 20, 2023 2:59:04 AM okhttp3.mockwebserver.MockWebServer$3 execute
INFO: MockWebServer[59745] starting to accept connections
Mar 20, 2023 2:59:04 AM okhttp3.mockwebserver.MockWebServer$4 processOneRequest
INFO: MockWebServer[59745] received request: GET /get/nocontenttype HTTP/1.1 and responded: HTTP/1.1 200 OK
Mar 20, 2023 2:59:04 AM okhttp3.mockwebserver.MockWebServer$3 acceptConnections
INFO: MockWebServer[59745] done accepting connections: socket closed
Mar 20, 2023 2:59:04 AM okhttp3.mockwebserver.MockWebServer$3 execute
INFO: MockWebServer[59747] starting to accept connections
Mar 20, 2023 2:59:04 AM okhttp3.mockwebserver.MockWebServer$4 processOneRequest
INFO: MockWebServer[59747] received request: GET /get/nocontenttype HTTP/1.1 and responded: HTTP/1.1 200 OK
Mar 20, 2023 2:59:04 AM okhttp3.mockwebserver.MockWebServer$3 acceptConnections
INFO: MockWebServer[59747] done accepting connections: socket closed
Mar 20, 2023 2:59:04 AM okhttp3.mockwebserver.MockWebServer$3 execute
INFO: MockWebServer[59765] starting to accept connections
Mar 20, 2023 2:59:04 AM okhttp3.mockwebserver.MockWebServer$4 processOneRequest
INFO: MockWebServer[59765] received request: POST /jsonpost HTTP/1.1 and responded: HTTP/1.1 201 OK
Mar 20, 2023 2:59:04 AM okhttp3.mockwebserver.MockWebServer$3 acceptConnections
INFO: MockWebServer[59765] done accepting connections: socket closed
Mar 20, 2023 2:59:04 AM okhttp3.mockwebserver.MockWebServer$3 execute
INFO: MockWebServer[59767] starting to accept connections
Mar 20, 2023 2:59:04 AM okhttp3.mockwebserver.MockWebServer$4 processOneRequest
INFO: MockWebServer[59767] received request: POST /jsonpost HTTP/1.1 and responded: HTTP/1.1 201 OK
Mar 20, 2023 2:59:04 AM okhttp3.mockwebserver.MockWebServer$3 acceptConnections
INFO: MockWebServer[59767] done accepting connections: socket closed
Mar 20, 2023 2:59:04 AM okhttp3.mockwebserver.MockWebServer$3 execute
INFO: MockWebServer[59769] starting to accept connections
Mar 20, 2023 2:59:04 AM okhttp3.mockwebserver.MockWebServer$4 processOneRequest
INFO: MockWebServer[59769] received request: POST /jsonpost HTTP/1.1 and responded: HTTP/1.1 201 OK
Mar 20, 2023 2:59:04 AM okhttp3.mockwebserver.MockWebServer$3 acceptConnections
INFO: MockWebServer[59769] done accepting connections: socket closed
Mar 20, 2023 2:59:04 AM okhttp3.mockwebserver.MockWebServer$3 execute
INFO: MockWebServer[59771] starting to accept connections
Mar 20, 2023 2:59:04 AM okhttp3.mockwebserver.MockWebServer$4 processOneRequest
INFO: MockWebServer[59771] received request: POST /jsonpost HTTP/1.1 and responded: HTTP/1.1 201 OK
Mar 20, 2023 2:59:04 AM okhttp3.mockwebserver.MockWebServer$3 acceptConnections
INFO: MockWebServer[59771] done accepting connections: socket closed
Mar 20, 2023 2:59:04 AM okhttp3.mockwebserver.MockWebServer$3 execute
INFO: MockWebServer[59789] starting to accept connections
Mar 20, 2023 2:59:04 AM okhttp3.mockwebserver.MockWebServer$4 processOneRequest
INFO: MockWebServer[59789] received request: GET /status/notmodified HTTP/1.1 and responded: HTTP/1.1 304 Redirection
Mar 20, 2023 2:59:04 AM okhttp3.mockwebserver.MockWebServer$4 processOneRequest
INFO: MockWebServer[59789] received request: GET /status/notmodified HTTP/1.1 and responded: HTTP/1.1 304 Redirection
Mar 20, 2023 2:59:04 AM okhttp3.mockwebserver.MockWebServer$3 acceptConnections
INFO: MockWebServer[59789] done accepting connections: socket closed
Mar 20, 2023 2:59:04 AM okhttp3.mockwebserver.MockWebServer$3 execute
INFO: MockWebServer[59791] starting to accept connections
Mar 20, 2023 2:59:04 AM okhttp3.mockwebserver.MockWebServer$4 processOneRequest
INFO: MockWebServer[59791] received request: GET /status/notmodified HTTP/1.1 and responded: HTTP/1.1 304 Redirection
Mar 20, 2023 2:59:04 AM okhttp3.mockwebserver.MockWebServer$4 processOneRequest
INFO: MockWebServer[59791] received request: GET /status/notmodified HTTP/1.1 and responded: HTTP/1.1 304 Redirection
Mar 20, 2023 2:59:04 AM okhttp3.mockwebserver.MockWebServer$3 acceptConnections
INFO: MockWebServer[59791] done accepting connections: socket closed
Mar 20, 2023 2:59:04 AM okhttp3.mockwebserver.MockWebServer$3 execute
INFO: MockWebServer[59793] starting to accept connections
Mar 20, 2023 2:59:04 AM okhttp3.mockwebserver.MockWebServer$4 processOneRequest
INFO: MockWebServer[59793] received request: GET /status/notmodified HTTP/1.1 and responded: HTTP/1.1 304 Redirection
Mar 20, 2023 2:59:04 AM okhttp3.mockwebserver.MockWebServer$4 processOneRequest
INFO: MockWebServer[59793] received request: GET /status/notmodified HTTP/1.1 and responded: HTTP/1.1 304 Redirection
Mar 20, 2023 2:59:04 AM okhttp3.mockwebserver.MockWebServer$3 acceptConnections
INFO: MockWebServer[59793] done accepting connections: socket closed
Mar 20, 2023 2:59:04 AM okhttp3.mockwebserver.MockWebServer$3 execute
INFO: MockWebServer[59796] starting to accept connections
Mar 20, 2023 2:59:04 AM okhttp3.mockwebserver.MockWebServer$4 processOneRequest
INFO: MockWebServer[59796] received request: GET /status/notmodified HTTP/1.1 and responded: HTTP/1.1 304 Redirection
Mar 20, 2023 2:59:04 AM okhttp3.mockwebserver.MockWebServer$4 processOneRequest
INFO: MockWebServer[59796] received request: GET /status/notmodified HTTP/1.1 and responded: HTTP/1.1 304 Redirection
Mar 20, 2023 2:59:04 AM okhttp3.mockwebserver.MockWebServer$3 acceptConnections
INFO: MockWebServer[59796] done accepting connections: socket closed
Mar 20, 2023 2:59:05 AM okhttp3.mockwebserver.MockWebServer$3 execute
INFO: MockWebServer[59814] starting to accept connections
Mar 20, 2023 2:59:05 AM okhttp3.mockwebserver.MockWebServer$4 processOneRequest
INFO: MockWebServer[59814] received request: GET /status/server HTTP/1.1 and responded: HTTP/1.1 500 Server Error
Mar 20, 2023 2:59:05 AM okhttp3.mockwebserver.MockWebServer$3 acceptConnections
INFO: MockWebServer[59814] done accepting connections: socket closed
Mar 20, 2023 2:59:05 AM okhttp3.mockwebserver.MockWebServer$3 execute
INFO: MockWebServer[59816] starting to accept connections
Mar 20, 2023 2:59:05 AM okhttp3.mockwebserver.MockWebServer$4 processOneRequest
INFO: MockWebServer[59816] received request: GET /status/server HTTP/1.1 and responded: HTTP/1.1 500 Server Error
Mar 20, 2023 2:59:05 AM okhttp3.mockwebserver.MockWebServer$3 acceptConnections
INFO: MockWebServer[59816] done accepting connections: socket closed
Mar 20, 2023 2:59:05 AM okhttp3.mockwebserver.MockWebServer$3 execute
INFO: MockWebServer[59818] starting to accept connections
Mar 20, 2023 2:59:05 AM okhttp3.mockwebserver.MockWebServer$4 processOneRequest
INFO: MockWebServer[59818] received request: GET /status/server HTTP/1.1 and responded: HTTP/1.1 500 Server Error
Mar 20, 2023 2:59:05 AM okhttp3.mockwebserver.MockWebServer$3 acceptConnections
INFO: MockWebServer[59818] done accepting connections: socket closed
Mar 20, 2023 2:59:05 AM okhttp3.mockwebserver.MockWebServer$3 execute
INFO: MockWebServer[59820] starting to accept connections
Mar 20, 2023 2:59:05 AM okhttp3.mockwebserver.MockWebServer$4 processOneRequest
INFO: MockWebServer[59820] received request: GET /status/server HTTP/1.1 and responded: HTTP/1.1 500 Server Error
Mar 20, 2023 2:59:05 AM okhttp3.mockwebserver.MockWebServer$3 acceptConnections
INFO: MockWebServer[59820] done accepting connections: socket closed
Mar 20, 2023 2:59:05 AM okhttp3.mockwebserver.MockWebServer$3 execute
INFO: MockWebServer[59838] starting to accept connections
Mar 20, 2023 2:59:05 AM okhttp3.mockwebserver.MockWebServer$4 processOneRequest
INFO: MockWebServer[59838] received request: POST /jsonpost HTTP/1.1 and responded: HTTP/1.1 201 OK
Mar 20, 2023 2:59:05 AM okhttp3.mockwebserver.MockWebServer$3 acceptConnections
INFO: MockWebServer[59838] done accepting connections: socket closed
Mar 20, 2023 2:59:05 AM okhttp3.mockwebserver.MockWebServer$3 execute
INFO: MockWebServer[59840] starting to accept connections
Mar 20, 2023 2:59:05 AM okhttp3.mockwebserver.MockWebServer$4 processOneRequest
INFO: MockWebServer[59840] received request: POST /jsonpost HTTP/1.1 and responded: HTTP/1.1 201 OK
Mar 20, 2023 2:59:05 AM okhttp3.mockwebserver.MockWebServer$3 acceptConnections
INFO: MockWebServer[59840] done accepting connections: socket closed
Mar 20, 2023 2:59:05 AM okhttp3.mockwebserver.MockWebServer$3 execute
INFO: MockWebServer[59842] starting to accept connections
Mar 20, 2023 2:59:05 AM okhttp3.mockwebserver.MockWebServer$4 processOneRequest
INFO: MockWebServer[59842] received request: POST /jsonpost HTTP/1.1 and responded: HTTP/1.1 201 OK
Mar 20, 2023 2:59:05 AM okhttp3.mockwebserver.MockWebServer$3 acceptConnections
INFO: MockWebServer[59842] done accepting connections: socket closed
Mar 20, 2023 2:59:05 AM okhttp3.mockwebserver.MockWebServer$3 execute
INFO: MockWebServer[59844] starting to accept connections
Mar 20, 2023 2:59:05 AM okhttp3.mockwebserver.MockWebServer$4 processOneRequest
INFO: MockWebServer[59844] received request: POST /jsonpost HTTP/1.1 and responded: HTTP/1.1 201 OK
Mar 20, 2023 2:59:05 AM okhttp3.mockwebserver.MockWebServer$3 acceptConnections
INFO: MockWebServer[59844] done accepting connections: socket closed
Mar 20, 2023 2:59:05 AM okhttp3.mockwebserver.MockWebServer$3 execute
INFO: MockWebServer[59862] starting to accept connections
Mar 20, 2023 2:59:05 AM okhttp3.mockwebserver.MockWebServer$4 processOneRequest
INFO: MockWebServer[59862] received request: POST /post HTTP/1.1 and responded: HTTP/1.1 201 OK
Mar 20, 2023 2:59:05 AM okhttp3.mockwebserver.MockWebServer$3 acceptConnections
INFO: MockWebServer[59862] done accepting connections: socket closed
Mar 20, 2023 2:59:05 AM okhttp3.mockwebserver.MockWebServer$3 execute
INFO: MockWebServer[59864] starting to accept connections
Mar 20, 2023 2:59:05 AM okhttp3.mockwebserver.MockWebServer$4 processOneRequest
INFO: MockWebServer[59864] received request: POST /post HTTP/1.1 and responded: HTTP/1.1 201 OK
Mar 20, 2023 2:59:05 AM okhttp3.mockwebserver.MockWebServer$3 acceptConnections
INFO: MockWebServer[59864] done accepting connections: socket closed
Mar 20, 2023 2:59:05 AM okhttp3.mockwebserver.MockWebServer$3 execute
INFO: MockWebServer[59866] starting to accept connections
Mar 20, 2023 2:59:05 AM okhttp3.mockwebserver.MockWebServer$4 processOneRequest
INFO: MockWebServer[59866] received request: POST /post HTTP/1.1 and responded: HTTP/1.1 201 OK
Mar 20, 2023 2:59:05 AM okhttp3.mockwebserver.MockWebServer$3 acceptConnections
INFO: MockWebServer[59866] done accepting connections: socket closed
Mar 20, 2023 2:59:05 AM okhttp3.mockwebserver.MockWebServer$3 execute
INFO: MockWebServer[59868] starting to accept connections
Mar 20, 2023 2:59:05 AM okhttp3.mockwebserver.MockWebServer$4 processOneRequest
INFO: MockWebServer[59868] received request: POST /post HTTP/1.1 and responded: HTTP/1.1 201 OK
Mar 20, 2023 2:59:05 AM okhttp3.mockwebserver.MockWebServer$3 acceptConnections
INFO: MockWebServer[59868] done accepting connections: socket closed
Mar 20, 2023 2:59:05 AM okhttp3.mockwebserver.MockWebServer$3 execute
INFO: MockWebServer[59886] starting to accept connections
Mar 20, 2023 2:59:05 AM okhttp3.mockwebserver.MockWebServer$4 processOneRequest
INFO: MockWebServer[59886] received request: GET /status/badrequest HTTP/1.1 and responded: HTTP/1.1 400 Client Error
Mar 20, 2023 2:59:05 AM okhttp3.mockwebserver.MockWebServer$3 acceptConnections
INFO: MockWebServer[59886] done accepting connections: socket closed
Mar 20, 2023 2:59:05 AM okhttp3.mockwebserver.MockWebServer$3 execute
INFO: MockWebServer[59888] starting to accept connections
Mar 20, 2023 2:59:05 AM okhttp3.mockwebserver.MockWebServer$4 processOneRequest
INFO: MockWebServer[59888] received request: GET /status/badrequest HTTP/1.1 and responded: HTTP/1.1 400 Client Error
Mar 20, 2023 2:59:05 AM okhttp3.mockwebserver.MockWebServer$3 acceptConnections
INFO: MockWebServer[59888] done accepting connections: socket closed
Mar 20, 2023 2:59:05 AM okhttp3.mockwebserver.MockWebServer$3 execute
INFO: MockWebServer[59890] starting to accept connections
Mar 20, 2023 2:59:05 AM okhttp3.mockwebserver.MockWebServer$4 processOneRequest
INFO: MockWebServer[59890] received request: GET /status/badrequest HTTP/1.1 and responded: HTTP/1.1 400 Client Error
Mar 20, 2023 2:59:05 AM okhttp3.mockwebserver.MockWebServer$3 acceptConnections
INFO: MockWebServer[59890] done accepting connections: socket closed
Mar 20, 2023 2:59:05 AM okhttp3.mockwebserver.MockWebServer$3 execute
INFO: MockWebServer[59892] starting to accept connections
Mar 20, 2023 2:59:05 AM okhttp3.mockwebserver.MockWebServer$4 processOneRequest
INFO: MockWebServer[59892] received request: GET /status/badrequest HTTP/1.1 and responded: HTTP/1.1 400 Client Error
Mar 20, 2023 2:59:05 AM okhttp3.mockwebserver.MockWebServer$3 acceptConnections
INFO: MockWebServer[59892] done accepting connections: socket closed
Mar 20, 2023 2:59:05 AM okhttp3.mockwebserver.MockWebServer$3 execute
INFO: MockWebServer[59910] starting to accept connections
Mar 20, 2023 2:59:05 AM okhttp3.mockwebserver.MockWebServer$4 processOneRequest
INFO: MockWebServer[59910] received request: POST /post HTTP/1.1 and responded: HTTP/1.1 201 OK
Mar 20, 2023 2:59:05 AM okhttp3.mockwebserver.MockWebServer$3 acceptConnections
INFO: MockWebServer[59910] done accepting connections: socket closed
Mar 20, 2023 2:59:05 AM okhttp3.mockwebserver.MockWebServer$3 execute
INFO: MockWebServer[59912] starting to accept connections
Mar 20, 2023 2:59:05 AM okhttp3.mockwebserver.MockWebServer$4 processOneRequest
INFO: MockWebServer[59912] received request: POST /post HTTP/1.1 and responded: HTTP/1.1 201 OK
Mar 20, 2023 2:59:05 AM okhttp3.mockwebserver.MockWebServer$3 acceptConnections
INFO: MockWebServer[59912] done accepting connections: socket closed
Mar 20, 2023 2:59:05 AM okhttp3.mockwebserver.MockWebServer$3 execute
INFO: MockWebServer[59914] starting to accept connections
Mar 20, 2023 2:59:05 AM okhttp3.mockwebserver.MockWebServer$4 processOneRequest
INFO: MockWebServer[59914] received request: POST /post HTTP/1.1 and responded: HTTP/1.1 201 OK
Mar 20, 2023 2:59:05 AM okhttp3.mockwebserver.MockWebServer$3 acceptConnections
INFO: MockWebServer[59914] done accepting connections: socket closed
Mar 20, 2023 2:59:05 AM okhttp3.mockwebserver.MockWebServer$3 execute
INFO: MockWebServer[59916] starting to accept connections
Mar 20, 2023 2:59:05 AM okhttp3.mockwebserver.MockWebServer$4 processOneRequest
INFO: MockWebServer[59916] received request: POST /post HTTP/1.1 and responded: HTTP/1.1 201 OK
Mar 20, 2023 2:59:05 AM okhttp3.mockwebserver.MockWebServer$3 acceptConnections
INFO: MockWebServer[59916] done accepting connections: socket closed
Mar 20, 2023 2:59:05 AM okhttp3.mockwebserver.MockWebServer$3 execute
INFO: MockWebServer[59934] starting to accept connections
Mar 20, 2023 2:59:05 AM okhttp3.mockwebserver.MockWebServer$4 processOneRequest
INFO: MockWebServer[59934] received request: POST /post HTTP/1.1 and responded: HTTP/1.1 201 OK
Mar 20, 2023 2:59:05 AM okhttp3.mockwebserver.MockWebServer$3 acceptConnections
INFO: MockWebServer[59934] done accepting connections: socket closed
Mar 20, 2023 2:59:05 AM okhttp3.mockwebserver.MockWebServer$3 execute
INFO: MockWebServer[59936] starting to accept connections
Mar 20, 2023 2:59:05 AM okhttp3.mockwebserver.MockWebServer$4 processOneRequest
INFO: MockWebServer[59936] received request: POST /post HTTP/1.1 and responded: HTTP/1.1 201 OK
Mar 20, 2023 2:59:05 AM okhttp3.mockwebserver.MockWebServer$3 acceptConnections
INFO: MockWebServer[59936] done accepting connections: socket closed
Mar 20, 2023 2:59:05 AM okhttp3.mockwebserver.MockWebServer$3 execute
INFO: MockWebServer[59938] starting to accept connections
Mar 20, 2023 2:59:05 AM okhttp3.mockwebserver.MockWebServer$3 acceptConnections
INFO: MockWebServer[59938] done accepting connections: socket closed
Mar 20, 2023 2:59:05 AM okhttp3.mockwebserver.MockWebServer$4 processOneRequest
INFO: MockWebServer[59938] received request: POST /post HTTP/1.1 and responded: HTTP/1.1 201 OK
Mar 20, 2023 2:59:05 AM okhttp3.mockwebserver.MockWebServer$3 execute
INFO: MockWebServer[59940] starting to accept connections
Mar 20, 2023 2:59:05 AM okhttp3.mockwebserver.MockWebServer$4 processOneRequest
INFO: MockWebServer[59940] received request: POST /post HTTP/1.1 and responded: HTTP/1.1 201 OK
Mar 20, 2023 2:59:05 AM okhttp3.mockwebserver.MockWebServer$3 acceptConnections
INFO: MockWebServer[59940] done accepting connections: socket closed
Mar 20, 2023 2:59:05 AM okhttp3.mockwebserver.MockWebServer$3 execute
INFO: MockWebServer[59958] starting to accept connections
Mar 20, 2023 2:59:05 AM okhttp3.mockwebserver.MockWebServer$4 processOneRequest
INFO: MockWebServer[59958] received request: GET /uri/Z%C3%BCrich HTTP/1.1 and responded: HTTP/1.1 200 OK
Mar 20, 2023 2:59:05 AM okhttp3.mockwebserver.MockWebServer$4 processOneRequest
INFO: MockWebServer[59958] received request: GET /uri/query=foo@bar HTTP/1.1 and responded: HTTP/1.1 200 OK
Mar 20, 2023 2:59:05 AM okhttp3.mockwebserver.MockWebServer$4 processOneRequest
INFO: MockWebServer[59958] received request: GET /uri/query=T%C5%8Dky%C5%8D HTTP/1.1 and responded: HTTP/1.1 200 OK
Mar 20, 2023 2:59:05 AM okhttp3.mockwebserver.MockWebServer$3 acceptConnections
INFO: MockWebServer[59958] done accepting connections: socket closed
Mar 20, 2023 2:59:05 AM okhttp3.mockwebserver.MockWebServer$3 execute
INFO: MockWebServer[59960] starting to accept connections
Mar 20, 2023 2:59:05 AM okhttp3.mockwebserver.MockWebServer$4 processOneRequest
INFO: MockWebServer[59960] received request: GET /uri/Z%C3%BCrich HTTP/1.1 and responded: HTTP/1.1 200 OK
Mar 20, 2023 2:59:05 AM okhttp3.mockwebserver.MockWebServer$4 processOneRequest
INFO: MockWebServer[59960] received request: GET /uri/query=foo@bar HTTP/1.1 and responded: HTTP/1.1 200 OK
Mar 20, 2023 2:59:05 AM okhttp3.mockwebserver.MockWebServer$4 processOneRequest
INFO: MockWebServer[59960] received request: GET /uri/query=T%C5%8Dky%C5%8D HTTP/1.1 and responded: HTTP/1.1 200 OK
Mar 20, 2023 2:59:05 AM okhttp3.mockwebserver.MockWebServer$3 acceptConnections
INFO: MockWebServer[59960] done accepting connections: socket closed
Mar 20, 2023 2:59:05 AM okhttp3.mockwebserver.MockWebServer$3 execute
INFO: MockWebServer[59962] starting to accept connections
Mar 20, 2023 2:59:05 AM okhttp3.mockwebserver.MockWebServer$4 processOneRequest
INFO: MockWebServer[59962] received request: GET /uri/Z%C3%BCrich HTTP/1.1 and responded: HTTP/1.1 200 OK
Mar 20, 2023 2:59:05 AM okhttp3.mockwebserver.MockWebServer$4 processOneRequest
INFO: MockWebServer[59962] received request: GET /uri/query=foo@bar HTTP/1.1 and responded: HTTP/1.1 200 OK
Mar 20, 2023 2:59:05 AM okhttp3.mockwebserver.MockWebServer$4 processOneRequest
INFO: MockWebServer[59962] received request: GET /uri/query=T%C5%8Dky%C5%8D HTTP/1.1 and responded: HTTP/1.1 200 OK
Mar 20, 2023 2:59:05 AM okhttp3.mockwebserver.MockWebServer$3 acceptConnections
INFO: MockWebServer[59962] done accepting connections: socket closed
Mar 20, 2023 2:59:05 AM okhttp3.mockwebserver.MockWebServer$3 execute
INFO: MockWebServer[59966] starting to accept connections
Mar 20, 2023 2:59:05 AM okhttp3.mockwebserver.MockWebServer$4 processOneRequest
INFO: MockWebServer[59966] received request: GET /uri/Z%C3%BCrich HTTP/1.1 and responded: HTTP/1.1 200 OK
Mar 20, 2023 2:59:05 AM okhttp3.mockwebserver.MockWebServer$4 processOneRequest
INFO: MockWebServer[59966] received request: GET /uri/query=foo@bar HTTP/1.1 and responded: HTTP/1.1 200 OK
Mar 20, 2023 2:59:05 AM okhttp3.mockwebserver.MockWebServer$4 processOneRequest
INFO: MockWebServer[59966] received request: GET /uri/query=T%C5%8Dky%C5%8D HTTP/1.1 and responded: HTTP/1.1 200 OK
Mar 20, 2023 2:59:05 AM okhttp3.mockwebserver.MockWebServer$3 acceptConnections
INFO: MockWebServer[59966] done accepting connections: socket closed
Mar 20, 2023 2:59:05 AM okhttp3.mockwebserver.MockWebServer$3 execute
INFO: MockWebServer[59984] starting to accept connections
Mar 20, 2023 2:59:05 AM okhttp3.mockwebserver.MockWebServer$4 processOneRequest
INFO: MockWebServer[59984] received request: POST /form HTTP/1.1 and responded: HTTP/1.1 200 OK
Mar 20, 2023 2:59:05 AM okhttp3.mockwebserver.MockWebServer$3 acceptConnections
INFO: MockWebServer[59984] done accepting connections: socket closed
Mar 20, 2023 2:59:05 AM okhttp3.mockwebserver.MockWebServer$3 execute
INFO: MockWebServer[59986] starting to accept connections
Mar 20, 2023 2:59:05 AM okhttp3.mockwebserver.MockWebServer$4 processOneRequest
INFO: MockWebServer[59986] received request: POST /form HTTP/1.1 and responded: HTTP/1.1 200 OK
Mar 20, 2023 2:59:05 AM okhttp3.mockwebserver.MockWebServer$3 acceptConnections
INFO: MockWebServer[59986] done accepting connections: socket closed
Mar 20, 2023 2:59:05 AM okhttp3.mockwebserver.MockWebServer$3 execute
INFO: MockWebServer[59988] starting to accept connections
Mar 20, 2023 2:59:05 AM okhttp3.mockwebserver.MockWebServer$4 processOneRequest
INFO: MockWebServer[59988] received request: POST /form HTTP/1.1 and responded: HTTP/1.1 200 OK
Mar 20, 2023 2:59:05 AM okhttp3.mockwebserver.MockWebServer$3 acceptConnections
INFO: MockWebServer[59988] done accepting connections: socket closed
Mar 20, 2023 2:59:05 AM okhttp3.mockwebserver.MockWebServer$3 execute
INFO: MockWebServer[59990] starting to accept connections
Mar 20, 2023 2:59:05 AM okhttp3.mockwebserver.MockWebServer$4 processOneRequest
INFO: MockWebServer[59990] received request: POST /form HTTP/1.1 and responded: HTTP/1.1 200 OK
Mar 20, 2023 2:59:05 AM okhttp3.mockwebserver.MockWebServer$3 acceptConnections
INFO: MockWebServer[59990] done accepting connections: socket closed
Mar 20, 2023 2:59:05 AM okhttp3.mockwebserver.MockWebServer$3 execute
INFO: MockWebServer[60008] starting to accept connections
Mar 20, 2023 2:59:05 AM okhttp3.mockwebserver.MockWebServer$4 processOneRequest
INFO: MockWebServer[60008] received request: POST /multipartRelated HTTP/1.1 and responded: HTTP/1.1 200 OK
Mar 20, 2023 2:59:05 AM okhttp3.mockwebserver.MockWebServer$3 acceptConnections
INFO: MockWebServer[60008] done accepting connections: socket closed
Mar 20, 2023 2:59:05 AM okhttp3.mockwebserver.MockWebServer$3 execute
INFO: MockWebServer[60010] starting to accept connections
Mar 20, 2023 2:59:05 AM okhttp3.mockwebserver.MockWebServer$4 processOneRequest
INFO: MockWebServer[60010] received request: POST /multipartRelated HTTP/1.1 and responded: HTTP/1.1 200 OK
Mar 20, 2023 2:59:05 AM okhttp3.mockwebserver.MockWebServer$3 acceptConnections
INFO: MockWebServer[60010] done accepting connections: socket closed
Mar 20, 2023 2:59:05 AM okhttp3.mockwebserver.MockWebServer$3 execute
INFO: MockWebServer[60012] starting to accept connections
Mar 20, 2023 2:59:05 AM okhttp3.mockwebserver.MockWebServer$4 processOneRequest
INFO: MockWebServer[60012] received request: POST /multipartRelated HTTP/1.1 and responded: HTTP/1.1 200 OK
Mar 20, 2023 2:59:05 AM okhttp3.mockwebserver.MockWebServer$3 acceptConnections
INFO: MockWebServer[60012] done accepting connections: socket closed
Mar 20, 2023 2:59:05 AM okhttp3.mockwebserver.MockWebServer$3 execute
INFO: MockWebServer[60014] starting to accept connections
Mar 20, 2023 2:59:05 AM okhttp3.mockwebserver.MockWebServer$3 acceptConnections
INFO: MockWebServer[60014] done accepting connections: socket closed
Mar 20, 2023 2:59:05 AM okhttp3.mockwebserver.MockWebServer$4 processOneRequest
INFO: MockWebServer[60014] received request: POST /multipartRelated HTTP/1.1 and responded: HTTP/1.1 200 OK
Mar 20, 2023 2:59:05 AM okhttp3.mockwebserver.MockWebServer$3 execute
INFO: MockWebServer[60032] starting to accept connections
Mar 20, 2023 2:59:05 AM okhttp3.mockwebserver.MockWebServer$4 processOneRequest
INFO: MockWebServer[60032] received request: GET /get HTTP/1.1 and responded: HTTP/1.1 200 OK
Mar 20, 2023 2:59:05 AM okhttp3.mockwebserver.MockWebServer$3 acceptConnections
INFO: MockWebServer[60032] done accepting connections: socket closed
Mar 20, 2023 2:59:05 AM okhttp3.mockwebserver.MockWebServer$3 execute
INFO: MockWebServer[60034] starting to accept connections
Mar 20, 2023 2:59:05 AM okhttp3.mockwebserver.MockWebServer$4 processOneRequest
INFO: MockWebServer[60034] received request: GET /get HTTP/1.1 and responded: HTTP/1.1 200 OK
Mar 20, 2023 2:59:05 AM okhttp3.mockwebserver.MockWebServer$3 acceptConnections
INFO: MockWebServer[60034] done accepting connections: socket closed
Mar 20, 2023 2:59:05 AM okhttp3.mockwebserver.MockWebServer$3 execute
INFO: MockWebServer[60036] starting to accept connections
Mar 20, 2023 2:59:05 AM okhttp3.mockwebserver.MockWebServer$4 processOneRequest
INFO: MockWebServer[60036] received request: GET /get HTTP/1.1 and responded: HTTP/1.1 200 OK
Mar 20, 2023 2:59:05 AM okhttp3.mockwebserver.MockWebServer$3 acceptConnections
INFO: MockWebServer[60036] done accepting connections: socket closed
Mar 20, 2023 2:59:05 AM okhttp3.mockwebserver.MockWebServer$3 execute
INFO: MockWebServer[60038] starting to accept connections
Mar 20, 2023 2:59:05 AM okhttp3.mockwebserver.MockWebServer$3 acceptConnections
INFO: MockWebServer[60038] done accepting connections: socket closed
Mar 20, 2023 2:59:05 AM okhttp3.mockwebserver.MockWebServer$4 processOneRequest
INFO: MockWebServer[60038] received request: GET /get HTTP/1.1 and responded: HTTP/1.1 200 OK
Mar 20, 2023 2:59:05 AM okhttp3.mockwebserver.MockWebServer$3 execute
INFO: MockWebServer[60059] starting to accept connections
Mar 20, 2023 2:59:05 AM okhttp3.mockwebserver.MockWebServer$4 processOneRequest
INFO: MockWebServer[60059] received request: GET /get/nothing HTTP/1.1 and responded: HTTP/1.1 200 OK
Mar 20, 2023 2:59:05 AM okhttp3.mockwebserver.MockWebServer$3 acceptConnections
INFO: MockWebServer[60059] done accepting connections: socket closed
Mar 20, 2023 2:59:05 AM okhttp3.mockwebserver.MockWebServer$3 execute
INFO: MockWebServer[60063] starting to accept connections
Mar 20, 2023 2:59:05 AM okhttp3.mockwebserver.MockWebServer$4 processOneRequest
INFO: MockWebServer[60063] received request: GET /get/nothing HTTP/1.1 and responded: HTTP/1.1 200 OK
Mar 20, 2023 2:59:05 AM okhttp3.mockwebserver.MockWebServer$3 acceptConnections
INFO: MockWebServer[60063] done accepting connections: socket closed
Mar 20, 2023 2:59:05 AM okhttp3.mockwebserver.MockWebServer$3 execute
INFO: MockWebServer[60065] starting to accept connections
Mar 20, 2023 2:59:05 AM okhttp3.mockwebserver.MockWebServer$4 processOneRequest
INFO: MockWebServer[60065] received request: GET /get/nothing HTTP/1.1 and responded: HTTP/1.1 200 OK
Mar 20, 2023 2:59:05 AM okhttp3.mockwebserver.MockWebServer$3 acceptConnections
INFO: MockWebServer[60065] done accepting connections: socket closed
Mar 20, 2023 2:59:05 AM okhttp3.mockwebserver.MockWebServer$3 execute
INFO: MockWebServer[60067] starting to accept connections
Mar 20, 2023 2:59:05 AM okhttp3.mockwebserver.MockWebServer$4 processOneRequest
INFO: MockWebServer[60067] received request: GET /get/nothing HTTP/1.1 and responded: HTTP/1.1 200 OK
Mar 20, 2023 2:59:05 AM okhttp3.mockwebserver.MockWebServer$3 acceptConnections
INFO: MockWebServer[60067] done accepting connections: socket closed
Mar 20, 2023 2:59:06 AM okhttp3.mockwebserver.MockWebServer$3 execute
INFO: MockWebServer[60085] starting to accept connections
Mar 20, 2023 2:59:06 AM okhttp3.mockwebserver.MockWebServer$3 acceptConnections
INFO: MockWebServer[60085] done accepting connections: socket closed
Mar 20, 2023 2:59:06 AM okhttp3.mockwebserver.MockWebServer$3 execute
INFO: MockWebServer[60086] starting to accept connections
Mar 20, 2023 2:59:06 AM okhttp3.mockwebserver.MockWebServer$4 processOneRequest
INFO: MockWebServer[60086] received request: PATCH /patch HTTP/1.1 and responded: HTTP/1.1 201 OK
Mar 20, 2023 2:59:06 AM okhttp3.mockwebserver.MockWebServer$3 acceptConnections
INFO: MockWebServer[60086] done accepting connections: socket closed
Mar 20, 2023 2:59:06 AM okhttp3.mockwebserver.MockWebServer$3 execute
INFO: MockWebServer[60088] starting to accept connections
Mar 20, 2023 2:59:06 AM okhttp3.mockwebserver.MockWebServer$4 processOneRequest
INFO: MockWebServer[60088] received request: PATCH /patch HTTP/1.1 and responded: HTTP/1.1 201 OK
Mar 20, 2023 2:59:06 AM okhttp3.mockwebserver.MockWebServer$3 acceptConnections
INFO: MockWebServer[60088] done accepting connections: socket closed
Mar 20, 2023 2:59:06 AM okhttp3.mockwebserver.MockWebServer$3 execute
INFO: MockWebServer[60090] starting to accept connections
Mar 20, 2023 2:59:06 AM okhttp3.mockwebserver.MockWebServer$4 processOneRequest
INFO: MockWebServer[60090] received request: PATCH /patch HTTP/1.1 and responded: HTTP/1.1 201 OK
Mar 20, 2023 2:59:06 AM okhttp3.mockwebserver.MockWebServer$3 acceptConnections
INFO: MockWebServer[60090] done accepting connections: socket closed
Mar 20, 2023 2:59:06 AM okhttp3.mockwebserver.MockWebServer$3 execute
INFO: MockWebServer[60108] starting to accept connections
Mar 20, 2023 2:59:06 AM okhttp3.mockwebserver.MockWebServer$3 acceptConnections
INFO: MockWebServer[60108] done accepting connections: socket closed
Mar 20, 2023 2:59:06 AM okhttp3.mockwebserver.MockWebServer$4 processOneRequest
INFO: MockWebServer[60108] received request: GET /get HTTP/1.1 and responded: HTTP/1.1 200 OK
Mar 20, 2023 2:59:06 AM okhttp3.mockwebserver.MockWebServer$3 execute
INFO: MockWebServer[60110] starting to accept connections
Mar 20, 2023 2:59:06 AM okhttp3.mockwebserver.MockWebServer$4 processOneRequest
INFO: MockWebServer[60110] received request: GET /get HTTP/1.1 and responded: HTTP/1.1 200 OK
Mar 20, 2023 2:59:06 AM okhttp3.mockwebserver.MockWebServer$3 acceptConnections
INFO: MockWebServer[60110] done accepting connections: socket closed
Mar 20, 2023 2:59:06 AM okhttp3.mockwebserver.MockWebServer$3 execute
INFO: MockWebServer[60112] starting to accept connections
Mar 20, 2023 2:59:06 AM okhttp3.mockwebserver.MockWebServer$4 processOneRequest
INFO: MockWebServer[60112] received request: GET /get HTTP/1.1 and responded: HTTP/1.1 200 OK
Mar 20, 2023 2:59:06 AM okhttp3.mockwebserver.MockWebServer$3 acceptConnections
INFO: MockWebServer[60112] done accepting connections: socket closed
Mar 20, 2023 2:59:06 AM okhttp3.mockwebserver.MockWebServer$3 execute
INFO: MockWebServer[60114] starting to accept connections
Mar 20, 2023 2:59:06 AM okhttp3.mockwebserver.MockWebServer$4 processOneRequest
INFO: MockWebServer[60114] received request: GET /get HTTP/1.1 and responded: HTTP/1.1 200 OK
Mar 20, 2023 2:59:06 AM okhttp3.mockwebserver.MockWebServer$3 acceptConnections
INFO: MockWebServer[60114] done accepting connections: socket closed
Mar 20, 2023 2:59:06 AM okhttp3.mockwebserver.MockWebServer$3 execute
INFO: MockWebServer[60132] starting to accept connections
Mar 20, 2023 2:59:06 AM okhttp3.mockwebserver.MockWebServer$4 processOneRequest
INFO: MockWebServer[60132] received request: OPTIONS /get HTTP/1.1 and responded: HTTP/1.1 200 OK
Mar 20, 2023 2:59:06 AM okhttp3.mockwebserver.MockWebServer$3 acceptConnections
INFO: MockWebServer[60132] done accepting connections: socket closed
Mar 20, 2023 2:59:06 AM okhttp3.mockwebserver.MockWebServer$3 execute
INFO: MockWebServer[60134] starting to accept connections
Mar 20, 2023 2:59:06 AM okhttp3.mockwebserver.MockWebServer$4 processOneRequest
INFO: MockWebServer[60134] received request: OPTIONS /get HTTP/1.1 and responded: HTTP/1.1 200 OK
Mar 20, 2023 2:59:06 AM okhttp3.mockwebserver.MockWebServer$3 acceptConnections
INFO: MockWebServer[60134] done accepting connections: socket closed
Mar 20, 2023 2:59:06 AM okhttp3.mockwebserver.MockWebServer$3 execute
INFO: MockWebServer[60136] starting to accept connections
Mar 20, 2023 2:59:06 AM okhttp3.mockwebserver.MockWebServer$4 processOneRequest
INFO: MockWebServer[60136] received request: OPTIONS /get HTTP/1.1 and responded: HTTP/1.1 200 OK
Mar 20, 2023 2:59:06 AM okhttp3.mockwebserver.MockWebServer$3 acceptConnections
INFO: MockWebServer[60136] done accepting connections: socket closed
Mar 20, 2023 2:59:06 AM okhttp3.mockwebserver.MockWebServer$3 execute
INFO: MockWebServer[60138] starting to accept connections
Mar 20, 2023 2:59:06 AM okhttp3.mockwebserver.MockWebServer$3 acceptConnections
INFO: MockWebServer[60138] done accepting connections: socket closed
Mar 20, 2023 2:59:06 AM okhttp3.mockwebserver.MockWebServer$4 processOneRequest
INFO: MockWebServer[60138] received request: OPTIONS /get HTTP/1.1 and responded: HTTP/1.1 200 OK
Mar 20, 2023 2:59:06 AM okhttp3.mockwebserver.MockWebServer$3 execute
INFO: MockWebServer[60156] starting to accept connections
Mar 20, 2023 2:59:06 AM okhttp3.mockwebserver.MockWebServer$4 processOneRequest
INFO: MockWebServer[60156] received request: POST /post HTTP/1.1 and responded: HTTP/1.1 201 OK
Mar 20, 2023 2:59:06 AM okhttp3.mockwebserver.MockWebServer$3 acceptConnections
INFO: MockWebServer[60156] done accepting connections: socket closed
Mar 20, 2023 2:59:06 AM okhttp3.mockwebserver.MockWebServer$3 execute
INFO: MockWebServer[60158] starting to accept connections
Mar 20, 2023 2:59:06 AM okhttp3.mockwebserver.MockWebServer$4 processOneRequest
INFO: MockWebServer[60158] received request: POST /post HTTP/1.1 and responded: HTTP/1.1 201 OK
Mar 20, 2023 2:59:06 AM okhttp3.mockwebserver.MockWebServer$3 acceptConnections
INFO: MockWebServer[60158] done accepting connections: socket closed
Mar 20, 2023 2:59:06 AM okhttp3.mockwebserver.MockWebServer$3 execute
INFO: MockWebServer[60160] starting to accept connections
Mar 20, 2023 2:59:06 AM okhttp3.mockwebserver.MockWebServer$4 processOneRequest
INFO: MockWebServer[60160] received request: POST /post HTTP/1.1 and responded: HTTP/1.1 201 OK
Mar 20, 2023 2:59:06 AM okhttp3.mockwebserver.MockWebServer$3 acceptConnections
INFO: MockWebServer[60160] done accepting connections: socket closed
Mar 20, 2023 2:59:06 AM okhttp3.mockwebserver.MockWebServer$3 execute
INFO: MockWebServer[60162] starting to accept connections
Mar 20, 2023 2:59:06 AM okhttp3.mockwebserver.MockWebServer$3 acceptConnections
INFO: MockWebServer[60162] done accepting connections: socket closed
Mar 20, 2023 2:59:06 AM okhttp3.mockwebserver.MockWebServer$4 processOneRequest
INFO: MockWebServer[60162] received request: POST /post HTTP/1.1 and responded: HTTP/1.1 201 OK
Mar 20, 2023 2:59:06 AM okhttp3.mockwebserver.MockWebServer$3 execute
INFO: MockWebServer[60180] starting to accept connections
Mar 20, 2023 2:59:06 AM okhttp3.mockwebserver.MockWebServer$4 processOneRequest
INFO: MockWebServer[60180] received request: GET /status/nocontent HTTP/1.1 and responded: HTTP/1.1 204 OK
Mar 20, 2023 2:59:06 AM okhttp3.mockwebserver.MockWebServer$4 processOneRequest
INFO: MockWebServer[60180] received request: GET /status/nocontent HTTP/1.1 and responded: HTTP/1.1 204 OK
Mar 20, 2023 2:59:06 AM okhttp3.mockwebserver.MockWebServer$3 acceptConnections
INFO: MockWebServer[60180] done accepting connections: socket closed
Mar 20, 2023 2:59:06 AM okhttp3.mockwebserver.MockWebServer$3 execute
INFO: MockWebServer[60182] starting to accept connections
Mar 20, 2023 2:59:06 AM okhttp3.mockwebserver.MockWebServer$4 processOneRequest
INFO: MockWebServer[60182] received request: GET /status/nocontent HTTP/1.1 and responded: HTTP/1.1 204 OK
Mar 20, 2023 2:59:06 AM okhttp3.mockwebserver.MockWebServer$4 processOneRequest
INFO: MockWebServer[60182] received request: GET /status/nocontent HTTP/1.1 and responded: HTTP/1.1 204 OK
Mar 20, 2023 2:59:06 AM okhttp3.mockwebserver.MockWebServer$3 acceptConnections
INFO: MockWebServer[60182] done accepting connections: socket closed
Mar 20, 2023 2:59:06 AM okhttp3.mockwebserver.MockWebServer$3 execute
INFO: MockWebServer[60184] starting to accept connections
Mar 20, 2023 2:59:06 AM okhttp3.mockwebserver.MockWebServer$4 processOneRequest
INFO: MockWebServer[60184] received request: GET /status/nocontent HTTP/1.1 and responded: HTTP/1.1 204 OK
Mar 20, 2023 2:59:06 AM okhttp3.mockwebserver.MockWebServer$4 processOneRequest
INFO: MockWebServer[60184] received request: GET /status/nocontent HTTP/1.1 and responded: HTTP/1.1 204 OK
Mar 20, 2023 2:59:06 AM okhttp3.mockwebserver.MockWebServer$3 acceptConnections
INFO: MockWebServer[60184] done accepting connections: socket closed
Mar 20, 2023 2:59:06 AM okhttp3.mockwebserver.MockWebServer$3 execute
INFO: MockWebServer[60187] starting to accept connections
Mar 20, 2023 2:59:06 AM okhttp3.mockwebserver.MockWebServer$4 processOneRequest
INFO: MockWebServer[60187] received request: GET /status/nocontent HTTP/1.1 and responded: HTTP/1.1 204 OK
Mar 20, 2023 2:59:06 AM okhttp3.mockwebserver.MockWebServer$4 processOneRequest
INFO: MockWebServer[60187] received request: GET /status/nocontent HTTP/1.1 and responded: HTTP/1.1 204 OK
Mar 20, 2023 2:59:06 AM okhttp3.mockwebserver.MockWebServer$3 acceptConnections
INFO: MockWebServer[60187] done accepting connections: socket closed
Mar 20, 2023 2:59:06 AM okhttp3.mockwebserver.MockWebServer$3 execute
INFO: MockWebServer[60205] starting to accept connections
Mar 20, 2023 2:59:06 AM okhttp3.mockwebserver.MockWebServer$4 processOneRequest
INFO: MockWebServer[60205] received request: GET /status/notfound HTTP/1.1 and responded: HTTP/1.1 404 Client Error
Mar 20, 2023 2:59:06 AM okhttp3.mockwebserver.MockWebServer$3 acceptConnections
INFO: MockWebServer[60205] done accepting connections: socket closed
Mar 20, 2023 2:59:06 AM okhttp3.mockwebserver.MockWebServer$3 execute
INFO: MockWebServer[60207] starting to accept connections
Mar 20, 2023 2:59:06 AM okhttp3.mockwebserver.MockWebServer$4 processOneRequest
INFO: MockWebServer[60207] received request: GET /status/notfound HTTP/1.1 and responded: HTTP/1.1 404 Client Error
Mar 20, 2023 2:59:06 AM okhttp3.mockwebserver.MockWebServer$3 acceptConnections
INFO: MockWebServer[60207] done accepting connections: socket closed
Mar 20, 2023 2:59:06 AM okhttp3.mockwebserver.MockWebServer$3 execute
INFO: MockWebServer[60209] starting to accept connections
Mar 20, 2023 2:59:06 AM okhttp3.mockwebserver.MockWebServer$4 processOneRequest
INFO: MockWebServer[60209] received request: GET /status/notfound HTTP/1.1 and responded: HTTP/1.1 404 Client Error
Mar 20, 2023 2:59:06 AM okhttp3.mockwebserver.MockWebServer$3 acceptConnections
INFO: MockWebServer[60209] done accepting connections: socket closed
Mar 20, 2023 2:59:06 AM okhttp3.mockwebserver.MockWebServer$3 execute
INFO: MockWebServer[60211] starting to accept connections
Mar 20, 2023 2:59:06 AM okhttp3.mockwebserver.MockWebServer$4 processOneRequest
INFO: MockWebServer[60211] received request: GET /status/notfound HTTP/1.1 and responded: HTTP/1.1 404 Client Error
Mar 20, 2023 2:59:06 AM okhttp3.mockwebserver.MockWebServer$3 acceptConnections
INFO: MockWebServer[60211] done accepting connections: socket closed
Mar 20, 2023 2:59:06 AM okhttp3.mockwebserver.MockWebServer$3 execute
INFO: MockWebServer[60229] starting to accept connections
Mar 20, 2023 2:59:06 AM okhttp3.mockwebserver.MockWebServer$4 processOneRequest
INFO: MockWebServer[60229] received request: POST /multipartFormData HTTP/1.1 and responded: HTTP/1.1 200 OK
Mar 20, 2023 2:59:06 AM okhttp3.mockwebserver.MockWebServer$3 acceptConnections
INFO: MockWebServer[60229] done accepting connections: socket closed
Mar 20, 2023 2:59:06 AM okhttp3.mockwebserver.MockWebServer$3 execute
INFO: MockWebServer[60231] starting to accept connections
Mar 20, 2023 2:59:06 AM okhttp3.mockwebserver.MockWebServer$4 processOneRequest
INFO: MockWebServer[60231] received request: POST /multipartFormData HTTP/1.1 and responded: HTTP/1.1 200 OK
Mar 20, 2023 2:59:06 AM okhttp3.mockwebserver.MockWebServer$3 acceptConnections
INFO: MockWebServer[60231] done accepting connections: socket closed
Mar 20, 2023 2:59:06 AM okhttp3.mockwebserver.MockWebServer$3 execute
INFO: MockWebServer[60233] starting to accept connections
Mar 20, 2023 2:59:06 AM okhttp3.mockwebserver.MockWebServer$4 processOneRequest
INFO: MockWebServer[60233] received request: POST /multipartFormData HTTP/1.1 and responded: HTTP/1.1 200 OK
Mar 20, 2023 2:59:06 AM okhttp3.mockwebserver.MockWebServer$3 acceptConnections
INFO: MockWebServer[60233] done accepting connections: socket closed
Mar 20, 2023 2:59:06 AM okhttp3.mockwebserver.MockWebServer$3 execute
INFO: MockWebServer[60235] starting to accept connections
Mar 20, 2023 2:59:06 AM okhttp3.mockwebserver.MockWebServer$4 processOneRequest
INFO: MockWebServer[60235] received request: POST /multipartFormData HTTP/1.1 and responded: HTTP/1.1 200 OK
Mar 20, 2023 2:59:06 AM okhttp3.mockwebserver.MockWebServer$3 acceptConnections
INFO: MockWebServer[60235] done accepting connections: socket closed
Mar 20, 2023 2:59:06 AM okhttp3.mockwebserver.MockWebServer$3 execute
INFO: MockWebServer[60253] starting to accept connections
Mar 20, 2023 2:59:06 AM okhttp3.mockwebserver.MockWebServer$4 processOneRequest
INFO: MockWebServer[60253] received request: POST /jsonpost HTTP/1.1 and responded: HTTP/1.1 201 OK
Mar 20, 2023 2:59:06 AM okhttp3.mockwebserver.MockWebServer$3 acceptConnections
INFO: MockWebServer[60253] done accepting connections: socket closed
Mar 20, 2023 2:59:06 AM okhttp3.mockwebserver.MockWebServer$3 execute
INFO: MockWebServer[60255] starting to accept connections
Mar 20, 2023 2:59:06 AM okhttp3.mockwebserver.MockWebServer$4 processOneRequest
INFO: MockWebServer[60255] received request: POST /jsonpost HTTP/1.1 and responded: HTTP/1.1 201 OK
Mar 20, 2023 2:59:06 AM okhttp3.mockwebserver.MockWebServer$3 acceptConnections
INFO: MockWebServer[60255] done accepting connections: socket closed
Mar 20, 2023 2:59:06 AM okhttp3.mockwebserver.MockWebServer$3 execute
INFO: MockWebServer[60257] starting to accept connections
Mar 20, 2023 2:59:06 AM okhttp3.mockwebserver.MockWebServer$4 processOneRequest
INFO: MockWebServer[60257] received request: POST /jsonpost HTTP/1.1 and responded: HTTP/1.1 201 OK
Mar 20, 2023 2:59:06 AM okhttp3.mockwebserver.MockWebServer$3 acceptConnections
INFO: MockWebServer[60257] done accepting connections: socket closed
Mar 20, 2023 2:59:06 AM okhttp3.mockwebserver.MockWebServer$3 execute
INFO: MockWebServer[60259] starting to accept connections
Mar 20, 2023 2:59:06 AM okhttp3.mockwebserver.MockWebServer$4 processOneRequest
INFO: MockWebServer[60259] received request: POST /jsonpost HTTP/1.1 and responded: HTTP/1.1 201 OK
Mar 20, 2023 2:59:06 AM okhttp3.mockwebserver.MockWebServer$3 acceptConnections
INFO: MockWebServer[60259] done accepting connections: socket closed
]]></system-err>
</testsuite>
