<?xml version="1.0" encoding="UTF-8"?>
<testsuite name="org.springframework.web.context.request.SessionScopeTests" tests="6" skipped="0" failures="0" errors="0" timestamp="2023-03-20T07:59:09" hostname="DESKTOP-VGJP1PJ" time="0.083">
  <properties/>
  <testcase name="destructionWithSessionSerializationAndSerializableBeanPostProcessor()" classname="org.springframework.web.context.request.SessionScopeTests" time="0.05"/>
  <testcase name="destructionAtSessionTermination()" classname="org.springframework.web.context.request.SessionScopeTests" time="0.005"/>
  <testcase name="getFromScopeWithSingleAccess()" classname="org.springframework.web.context.request.SessionScopeTests" time="0.008"/>
  <testcase name="getFromScope()" classname="org.springframework.web.context.request.SessionScopeTests" time="0.005"/>
  <testcase name="destructionWithSessionSerialization()" classname="org.springframework.web.context.request.SessionScopeTests" time="0.006"/>
  <testcase name="destructionWithSessionSerializationAndBeanPostProcessor()" classname="org.springframework.web.context.request.SessionScopeTests" time="0.006"/>
  <system-out><![CDATA[]]></system-out>
  <system-err><![CDATA[]]></system-err>
</testsuite>
