<?xml version="1.0" encoding="UTF-8"?>
<testsuite name="org.springframework.web.util.pattern.PathPatternTests" tests="36" skipped="0" failures="0" errors="0" timestamp="2023-03-20T07:59:23" hostname="DESKTOP-VGJP1PJ" time="0.029">
  <properties/>
  <testcase name="encodingAndBoundVariablesCapturePathElement()" classname="org.springframework.web.util.pattern.PathPatternTests" time="0.001"/>
  <testcase name="extractUriTemplateVariables_spr15264()" classname="org.springframework.web.util.pattern.PathPatternTests" time="0.001"/>
  <testcase name="wildcards()" classname="org.springframework.web.util.pattern.PathPatternTests" time="0.001"/>
  <testcase name="extractPathWithinPattern_spr15259()" classname="org.springframework.web.util.pattern.PathPatternTests" time="0.0"/>
  <testcase name="combineWithTwoFileExtensionPatterns()" classname="org.springframework.web.util.pattern.PathPatternTests" time="0.001"/>
  <testcase name="optionalTrailingSeparators()" classname="org.springframework.web.util.pattern.PathPatternTests" time="0.001"/>
  <testcase name="pathRemainingCornerCases_spr15336()" classname="org.springframework.web.util.pattern.PathPatternTests" time="0.0"/>
  <testcase name="patternComparator()" classname="org.springframework.web.util.pattern.PathPatternTests" time="0.002"/>
  <testcase name="extractUriTemplateVarsRegexQualifiers()" classname="org.springframework.web.util.pattern.PathPatternTests" time="0.002"/>
  <testcase name="multipleSelectorsInPath()" classname="org.springframework.web.util.pattern.PathPatternTests" time="0.0"/>
  <testcase name="basicMatching()" classname="org.springframework.web.util.pattern.PathPatternTests" time="0.0"/>
  <testcase name="questionMarks()" classname="org.springframework.web.util.pattern.PathPatternTests" time="0.001"/>
  <testcase name="multipleSeparatorsInPatternAndPath()" classname="org.springframework.web.util.pattern.PathPatternTests" time="0.0"/>
  <testcase name="hasPatternSyntax()" classname="org.springframework.web.util.pattern.PathPatternTests" time="0.0"/>
  <testcase name="extractPathWithinPattern()" classname="org.springframework.web.util.pattern.PathPatternTests" time="0.001"/>
  <testcase name="extractUriTemplateVarsRegexCapturingGroups()" classname="org.springframework.web.util.pattern.PathPatternTests" time="0.001"/>
  <testcase name="compare_spr15597()" classname="org.springframework.web.util.pattern.PathPatternTests" time="0.0"/>
  <testcase name="extractUriTemplateVariables()" classname="org.springframework.web.util.pattern.PathPatternTests" time="0.0"/>
  <testcase name="encodingAndBoundVariablesRegexPathElement()" classname="org.springframework.web.util.pattern.PathPatternTests" time="0.0"/>
  <testcase name="pathRemainingEnhancements_spr15419()" classname="org.springframework.web.util.pattern.PathPatternTests" time="0.001"/>
  <testcase name="caseSensitivity()" classname="org.springframework.web.util.pattern.PathPatternTests" time="0.0"/>
  <testcase name="patternCompareWithNull()" classname="org.springframework.web.util.pattern.PathPatternTests" time="0.0"/>
  <testcase name="caseInsensitive()" classname="org.springframework.web.util.pattern.PathPatternTests" time="0.0"/>
  <testcase name="patternComparatorSort()" classname="org.springframework.web.util.pattern.PathPatternTests" time="0.001"/>
  <testcase name="extractPathWithinPatternCustomSeparator()" classname="org.springframework.web.util.pattern.PathPatternTests" time="0.001"/>
  <testcase name="parameters()" classname="org.springframework.web.util.pattern.PathPatternTests" time="0.001"/>
  <testcase name="encodingAndBoundVariablesCaptureTheRestPathElement()" classname="org.springframework.web.util.pattern.PathPatternTests" time="0.0"/>
  <testcase name="pathRemainderBasicCases_spr15336()" classname="org.springframework.web.util.pattern.PathPatternTests" time="0.001"/>
  <testcase name="combine()" classname="org.springframework.web.util.pattern.PathPatternTests" time="0.001"/>
  <testcase name="captureTheRest()" classname="org.springframework.web.util.pattern.PathPatternTests" time="0.001"/>
  <testcase name="antPathMatcherTests()" classname="org.springframework.web.util.pattern.PathPatternTests" time="0.002"/>
  <testcase name="pathContainer()" classname="org.springframework.web.util.pattern.PathPatternTests" time="0.001"/>
  <testcase name="multipleSeparatorsInPattern()" classname="org.springframework.web.util.pattern.PathPatternTests" time="0.0"/>
  <testcase name="extractUriTemplateVariablesRegex()" classname="org.springframework.web.util.pattern.PathPatternTests" time="0.0"/>
  <testcase name="constrainedMatches()" classname="org.springframework.web.util.pattern.PathPatternTests" time="0.0"/>
  <testcase name="matching_LiteralPathElement()" classname="org.springframework.web.util.pattern.PathPatternTests" time="0.0"/>
  <system-out><![CDATA[]]></system-out>
  <system-err><![CDATA[]]></system-err>
</testsuite>
