<?xml version="1.0" encoding="UTF-8"?>
<testsuite name="org.springframework.web.method.support.HandlerMethodArgumentResolverCompositeTests" tests="4" skipped="0" failures="0" errors="0" timestamp="2023-03-20T07:59:12" hostname="DESKTOP-VGJP1PJ" time="0.004">
  <properties/>
  <testcase name="noSuitableArgumentResolver()" classname="org.springframework.web.method.support.HandlerMethodArgumentResolverCompositeTests" time="0.001"/>
  <testcase name="resolveArgument()" classname="org.springframework.web.method.support.HandlerMethodArgumentResolverCompositeTests" time="0.001"/>
  <testcase name="checkArgumentResolverOrder()" classname="org.springframework.web.method.support.HandlerMethodArgumentResolverCompositeTests" time="0.0"/>
  <testcase name="supportsParameter()" classname="org.springframework.web.method.support.HandlerMethodArgumentResolverCompositeTests" time="0.001"/>
  <system-out><![CDATA[]]></system-out>
  <system-err><![CDATA[]]></system-err>
</testsuite>
