<?xml version="1.0" encoding="UTF-8"?>
<testsuite name="org.springframework.web.filter.ForwardedHeaderFilterTests$ForwardedPrefix" tests="18" skipped="0" failures="0" errors="0" timestamp="2023-03-20T07:59:10" hostname="DESKTOP-VGJP1PJ" time="0.018">
  <properties/>
  <testcase name="requestUriWithForwardedPrefixTrailingSlash()" classname="org.springframework.web.filter.ForwardedHeaderFilterTests$ForwardedPrefix" time="0.0"/>
  <testcase name="shouldConcatenatePrefixesWithTrailingSlashes()" classname="org.springframework.web.filter.ForwardedHeaderFilterTests$ForwardedPrefix" time="0.0"/>
  <testcase name="caseInsensitiveForwardedPrefix()" classname="org.springframework.web.filter.ForwardedHeaderFilterTests$ForwardedPrefix" time="0.0"/>
  <testcase name="requestUriWithTrailingSlash()" classname="org.springframework.web.filter.ForwardedHeaderFilterTests$ForwardedPrefix" time="0.001"/>
  <testcase name="requestUriEqualsContextPath()" classname="org.springframework.web.filter.ForwardedHeaderFilterTests$ForwardedPrefix" time="0.0"/>
  <testcase name="contextPathPreserveEncoding()" classname="org.springframework.web.filter.ForwardedHeaderFilterTests$ForwardedPrefix" time="0.001"/>
  <testcase name="contextPathWithForwardedPrefix()" classname="org.springframework.web.filter.ForwardedHeaderFilterTests$ForwardedPrefix" time="0.001"/>
  <testcase name="contextPathWithTrailingSlash()" classname="org.springframework.web.filter.ForwardedHeaderFilterTests$ForwardedPrefix" time="0.001"/>
  <testcase name="requestUri()" classname="org.springframework.web.filter.ForwardedHeaderFilterTests$ForwardedPrefix" time="0.001"/>
  <testcase name="requestURLNewStringBuffer()" classname="org.springframework.web.filter.ForwardedHeaderFilterTests$ForwardedPrefix" time="0.0"/>
  <testcase name="requestUriWithForwardedPrefix()" classname="org.springframework.web.filter.ForwardedHeaderFilterTests$ForwardedPrefix" time="0.0"/>
  <testcase name="contextPathWithTrailingSlashes()" classname="org.springframework.web.filter.ForwardedHeaderFilterTests$ForwardedPrefix" time="0.0"/>
  <testcase name="requestUriPreserveSemicolonContent()" classname="org.springframework.web.filter.ForwardedHeaderFilterTests$ForwardedPrefix" time="0.0"/>
  <testcase name="contextPathEmpty()" classname="org.springframework.web.filter.ForwardedHeaderFilterTests$ForwardedPrefix" time="0.0"/>
  <testcase name="shouldConcatenatePrefixes()" classname="org.springframework.web.filter.ForwardedHeaderFilterTests$ForwardedPrefix" time="0.001"/>
  <testcase name="contextPathWithForwardedPrefixTrailingSlash()" classname="org.springframework.web.filter.ForwardedHeaderFilterTests$ForwardedPrefix" time="0.001"/>
  <testcase name="requestUriRootUrl()" classname="org.springframework.web.filter.ForwardedHeaderFilterTests$ForwardedPrefix" time="0.001"/>
  <testcase name="requestUriPreserveEncoding()" classname="org.springframework.web.filter.ForwardedHeaderFilterTests$ForwardedPrefix" time="0.0"/>
  <system-out><![CDATA[]]></system-out>
  <system-err><![CDATA[]]></system-err>
</testsuite>
