<?xml version="1.0" encoding="UTF-8"?>
<testsuite name="org.springframework.web.cors.reactive.UrlBasedCorsConfigurationSourceTests" tests="2" skipped="0" failures="0" errors="0" timestamp="2023-03-20T07:59:09" hostname="DESKTOP-VGJP1PJ" time="0.011">
  <properties/>
  <testcase name="registerAndMatch()" classname="org.springframework.web.cors.reactive.UrlBasedCorsConfigurationSourceTests" time="0.009"/>
  <testcase name="empty()" classname="org.springframework.web.cors.reactive.UrlBasedCorsConfigurationSourceTests" time="0.001"/>
  <system-out><![CDATA[]]></system-out>
  <system-err><![CDATA[]]></system-err>
</testsuite>
