<?xml version="1.0" encoding="UTF-8"?>
<testsuite name="org.springframework.web.multipart.support.ByteArrayMultipartFileEditorTests" tests="6" skipped="0" failures="0" errors="0" timestamp="2023-03-20T07:59:12" hostname="DESKTOP-VGJP1PJ" time="0.014">
  <properties/>
  <testcase name="setValueAsCustomObjectInvokesToString()" classname="org.springframework.web.multipart.support.ByteArrayMultipartFileEditorTests" time="0.001"/>
  <testcase name="setValueAsMultipartFile()" classname="org.springframework.web.multipart.support.ByteArrayMultipartFileEditorTests" time="0.01"/>
  <testcase name="setValueAsString()" classname="org.springframework.web.multipart.support.ByteArrayMultipartFileEditorTests" time="0.0"/>
  <testcase name="setValueAsByteArray()" classname="org.springframework.web.multipart.support.ByteArrayMultipartFileEditorTests" time="0.0"/>
  <testcase name="setValueAsMultipartFileWithBadBytes()" classname="org.springframework.web.multipart.support.ByteArrayMultipartFileEditorTests" time="0.001"/>
  <testcase name="setValueAsNullGetsBackEmptyString()" classname="org.springframework.web.multipart.support.ByteArrayMultipartFileEditorTests" time="0.0"/>
  <system-out><![CDATA[]]></system-out>
  <system-err><![CDATA[]]></system-err>
</testsuite>
