<?xml version="1.0" encoding="UTF-8"?>
<testsuite name="org.springframework.context.index.processor.PropertiesMarshallerTests" tests="2" skipped="0" failures="0" errors="0" timestamp="2023-03-20T07:43:20" hostname="DESKTOP-VGJP1PJ" time="0.276">
  <properties/>
  <testcase name="readWrite()" classname="org.springframework.context.index.processor.PropertiesMarshallerTests" time="0.001"/>
  <testcase name="metadataIsWrittenDeterministically()" classname="org.springframework.context.index.processor.PropertiesMarshallerTests" time="0.275"/>
  <system-out><![CDATA[]]></system-out>
  <system-err><![CDATA[]]></system-err>
</testsuite>
