<?xml version="1.0" encoding="UTF-8"?>
<testsuite name="org.springframework.format.datetime.DateFormattingTests" tests="18" skipped="1" failures="0" errors="0" timestamp="2023-03-20T07:42:23" hostname="DESKTOP-VGJP1PJ" time="0.142">
  <properties/>
  <testcase name="testBindDateAnnotated()" classname="org.springframework.format.datetime.DateFormattingTests" time="0.097"/>
  <testcase name="testBindDateArray()" classname="org.springframework.format.datetime.DateFormattingTests" time="0.001"/>
  <testcase name="testBindNestedDateAnnotated()" classname="org.springframework.format.datetime.DateFormattingTests" time="0.002"/>
  <testcase name="testBindDateAnnotatedWithError()" classname="org.springframework.format.datetime.DateFormattingTests" time="0.004"/>
  <testcase name="stringToDateWithGlobalFormat()" classname="org.springframework.format.datetime.DateFormattingTests" time="0.002"/>
  <testcase name="testBindLongAnnotated()" classname="org.springframework.format.datetime.DateFormattingTests" time="0.002"/>
  <testcase name="dateToStringWithGlobalFormat()" classname="org.springframework.format.datetime.DateFormattingTests" time="0.001"/>
  <testcase name="testBindISODate()" classname="org.springframework.format.datetime.DateFormattingTests" time="0.001"/>
  <testcase name="testBindISOTime()" classname="org.springframework.format.datetime.DateFormattingTests" time="0.001"/>
  <testcase name="testBindCalendarAnnotated()" classname="org.springframework.format.datetime.DateFormattingTests" time="0.003"/>
  <testcase name="testBindDateAnnotatedPatternWithGlobalFormat()" classname="org.springframework.format.datetime.DateFormattingTests" time="0.005"/>
  <testcase name="testBindDateAnnotatedPattern()" classname="org.springframework.format.datetime.DateFormattingTests" time="0.003"/>
  <testcase name="testBindDateTimeOverflow()" classname="org.springframework.format.datetime.DateFormattingTests" time="0.002"/>
  <testcase name="testBindISODateTime()" classname="org.springframework.format.datetime.DateFormattingTests" time="0.002"/>
  <testcase name="testBindDateAnnotatedWithFallbackError()" classname="org.springframework.format.datetime.DateFormattingTests" time="0.001">
    <skipped/>
  </testcase>
  <testcase name="testBindLong()" classname="org.springframework.format.datetime.DateFormattingTests" time="0.001"/>
  <testcase name="dateToStringWithoutGlobalFormat()" classname="org.springframework.format.datetime.DateFormattingTests" time="0.001"/>
  <testcase name="stringToDateWithoutGlobalFormat()" classname="org.springframework.format.datetime.DateFormattingTests" time="0.001"/>
  <system-out><![CDATA[]]></system-out>
  <system-err><![CDATA[]]></system-err>
</testsuite>
