<?xml version="1.0" encoding="UTF-8"?>
<testsuite name="org.springframework.context.annotation.configuration.ImportWithConditionTests" tests="2" skipped="0" failures="0" errors="0" timestamp="2023-03-20T07:41:47" hostname="DESKTOP-VGJP1PJ" time="0.016">
  <properties/>
  <testcase name="unconditionalThenConditional()" classname="org.springframework.context.annotation.configuration.ImportWithConditionTests" time="0.008"/>
  <testcase name="conditionalThenUnconditional()" classname="org.springframework.context.annotation.configuration.ImportWithConditionTests" time="0.007"/>
  <system-out><![CDATA[]]></system-out>
  <system-err><![CDATA[]]></system-err>
</testsuite>
