<?xml version="1.0" encoding="UTF-8"?>
<testsuite name="org.springframework.aop.aspectj.DeclarationOrderIndependenceTests" tests="5" skipped="0" failures="0" errors="0" timestamp="2023-03-20T07:41:03" hostname="DESKTOP-VGJP1PJ" time="0.337">
  <properties/>
  <testcase name="testBeforeAdviceFiringOk()" classname="org.springframework.aop.aspectj.DeclarationOrderIndependenceTests" time="0.14"/>
  <testcase name="testTargetIsBeanNameAware()" classname="org.springframework.aop.aspectj.DeclarationOrderIndependenceTests" time="0.112"/>
  <testcase name="testTargetIsSerializable()" classname="org.springframework.aop.aspectj.DeclarationOrderIndependenceTests" time="0.04"/>
  <testcase name="testAroundAdviceFiringOk()" classname="org.springframework.aop.aspectj.DeclarationOrderIndependenceTests" time="0.021"/>
  <testcase name="testAfterReturningFiringOk()" classname="org.springframework.aop.aspectj.DeclarationOrderIndependenceTests" time="0.018"/>
  <system-out><![CDATA[]]></system-out>
  <system-err><![CDATA[]]></system-err>
</testsuite>
