<?xml version="1.0" encoding="UTF-8"?>
<testsuite name="org.springframework.context.annotation.ConfigurationClassAndBFPPTests" tests="3" skipped="0" failures="0" errors="0" timestamp="2023-03-20T07:41:47" hostname="DESKTOP-VGJP1PJ" time="0.038">
  <properties/>
  <testcase name="autowiringSucceedsWithBFPPAsStaticMethod()" classname="org.springframework.context.annotation.ConfigurationClassAndBFPPTests" time="0.028"/>
  <testcase name="autowiringFailsWithBFPPAsInstanceMethod()" classname="org.springframework.context.annotation.ConfigurationClassAndBFPPTests" time="0.007"/>
  <testcase name="staticBeanMethodsDoNotRespectScoping()" classname="org.springframework.context.annotation.ConfigurationClassAndBFPPTests" time="0.003"/>
  <system-out><![CDATA[]]></system-out>
  <system-err><![CDATA[]]></system-err>
</testsuite>
