<?xml version="1.0" encoding="UTF-8"?>
<testsuite name="org.springframework.context.annotation.Spr12636Tests" tests="2" skipped="0" failures="0" errors="0" timestamp="2023-03-20T07:41:53" hostname="DESKTOP-VGJP1PJ" time="0.019">
  <properties/>
  <testcase name="orderOnImplementation()" classname="org.springframework.context.annotation.Spr12636Tests" time="0.003"/>
  <testcase name="orderOnImplementationWithProxy()" classname="org.springframework.context.annotation.Spr12636Tests" time="0.016"/>
  <system-out><![CDATA[]]></system-out>
  <system-err><![CDATA[]]></system-err>
</testsuite>
