<?xml version="1.0" encoding="UTF-8"?>
<testsuite name="org.springframework.beans.factory.annotation.BridgeMethodAutowiringTests" tests="1" skipped="0" failures="0" errors="0" timestamp="2023-03-20T07:41:13" hostname="DESKTOP-VGJP1PJ" time="0.015">
  <properties/>
  <testcase name="SPR8434()" classname="org.springframework.beans.factory.annotation.BridgeMethodAutowiringTests" time="0.015"/>
  <system-out><![CDATA[]]></system-out>
  <system-err><![CDATA[]]></system-err>
</testsuite>
