<?xml version="1.0" encoding="UTF-8"?>
<testsuite name="org.springframework.context.expression.FactoryBeanAccessTests" tests="1" skipped="0" failures="0" errors="0" timestamp="2023-03-20T07:42:08" hostname="DESKTOP-VGJP1PJ" time="0.039">
  <properties/>
  <testcase name="factoryBeanAccess()" classname="org.springframework.context.expression.FactoryBeanAccessTests" time="0.039"/>
  <system-out><![CDATA[]]></system-out>
  <system-err><![CDATA[]]></system-err>
</testsuite>
