<?xml version="1.0" encoding="UTF-8"?>
<testsuite name="org.springframework.aop.config.AopNamespaceHandlerTests" tests="5" skipped="0" failures="0" errors="0" timestamp="2023-03-20T07:41:07" hostname="DESKTOP-VGJP1PJ" time="0.153">
  <properties/>
  <testcase name="testAspectAppliedForInitializeBeanWithEmptyName()" classname="org.springframework.aop.config.AopNamespaceHandlerTests" time="0.037"/>
  <testcase name="testAdviceInvokedCorrectly()" classname="org.springframework.aop.config.AopNamespaceHandlerTests" time="0.027"/>
  <testcase name="testAspectAppliedForInitializeBeanWithNullName()" classname="org.springframework.aop.config.AopNamespaceHandlerTests" time="0.028"/>
  <testcase name="testIsProxy()" classname="org.springframework.aop.config.AopNamespaceHandlerTests" time="0.03"/>
  <testcase name="testAspectApplied()" classname="org.springframework.aop.config.AopNamespaceHandlerTests" time="0.027"/>
  <system-out><![CDATA[]]></system-out>
  <system-err><![CDATA[]]></system-err>
</testsuite>
