<?xml version="1.0" encoding="UTF-8"?>
<testsuite name="org.springframework.context.expression.MethodBasedEvaluationContextTests" tests="6" skipped="0" failures="0" errors="0" timestamp="2023-03-20T07:42:08" hostname="DESKTOP-VGJP1PJ" time="0.005">
  <properties/>
  <testcase name="varArgSingle()" classname="org.springframework.context.expression.MethodBasedEvaluationContextTests" time="0.001"/>
  <testcase name="nullArgument()" classname="org.springframework.context.expression.MethodBasedEvaluationContextTests" time="0.0"/>
  <testcase name="varArgEmpty()" classname="org.springframework.context.expression.MethodBasedEvaluationContextTests" time="0.0"/>
  <testcase name="simpleArguments()" classname="org.springframework.context.expression.MethodBasedEvaluationContextTests" time="0.001"/>
  <testcase name="varArgNull()" classname="org.springframework.context.expression.MethodBasedEvaluationContextTests" time="0.0"/>
  <testcase name="varArgMultiple()" classname="org.springframework.context.expression.MethodBasedEvaluationContextTests" time="0.002"/>
  <system-out><![CDATA[]]></system-out>
  <system-err><![CDATA[]]></system-err>
</testsuite>
