<?xml version="1.0" encoding="UTF-8"?>
<testsuite name="org.springframework.context.groovy.GroovyBeanDefinitionReaderTests" tests="36" skipped="0" failures="0" errors="0" timestamp="2023-03-20T07:42:52" hostname="DESKTOP-VGJP1PJ" time="5.873">
  <properties/>
  <testcase name="importSpringXml()" classname="org.springframework.context.groovy.GroovyBeanDefinitionReaderTests" time="0.109"/>
  <testcase name="abstractBeanDefinition()" classname="org.springframework.context.groovy.GroovyBeanDefinitionReaderTests" time="0.556"/>
  <testcase name="loadExternalBeansWithExplicitRefresh()" classname="org.springframework.context.groovy.GroovyBeanDefinitionReaderTests" time="0.038"/>
  <testcase name="beanWithFactoryBean()" classname="org.springframework.context.groovy.GroovyBeanDefinitionReaderTests" time="0.238"/>
  <testcase name="useSpringNamespaceAsMethod()" classname="org.springframework.context.groovy.GroovyBeanDefinitionReaderTests" time="1.294"/>
  <testcase name="simpleBean()" classname="org.springframework.context.groovy.GroovyBeanDefinitionReaderTests" time="0.099"/>
  <testcase name="registerBeans()" classname="org.springframework.context.groovy.GroovyBeanDefinitionReaderTests" time="0.152"/>
  <testcase name="namedArgumentConstructor()" classname="org.springframework.context.groovy.GroovyBeanDefinitionReaderTests" time="0.043"/>
  <testcase name="scopes()" classname="org.springframework.context.groovy.GroovyBeanDefinitionReaderTests" time="0.197"/>
  <testcase name="beanWithParentRef()" classname="org.springframework.context.groovy.GroovyBeanDefinitionReaderTests" time="0.078"/>
  <testcase name="beanWithFactoryMethodWithConstructorArgs()" classname="org.springframework.context.groovy.GroovyBeanDefinitionReaderTests" time="0.227"/>
  <testcase name="importBeansFromGroovy()" classname="org.springframework.context.groovy.GroovyBeanDefinitionReaderTests" time="0.071"/>
  <testcase name="useTwoSpringNamespaces()" classname="org.springframework.context.groovy.GroovyBeanDefinitionReaderTests" time="0.271"/>
  <testcase name="anonymousInnerBeanViaBeanMethod()" classname="org.springframework.context.groovy.GroovyBeanDefinitionReaderTests" time="0.232"/>
  <testcase name="withAnonymousInnerBean()" classname="org.springframework.context.groovy.GroovyBeanDefinitionReaderTests" time="0.053"/>
  <testcase name="springAopSupport()" classname="org.springframework.context.groovy.GroovyBeanDefinitionReaderTests" time="0.091"/>
  <testcase name="anonymousInnerBeanViaBeanMethodWithConstructorArgs()" classname="org.springframework.context.groovy.GroovyBeanDefinitionReaderTests" time="0.053"/>
  <testcase name="inheritPropertiesFromAbstractBean()" classname="org.springframework.context.groovy.GroovyBeanDefinitionReaderTests" time="0.113"/>
  <testcase name="groovyBeanDefinitionReaderWithScript()" classname="org.springframework.context.groovy.GroovyBeanDefinitionReaderTests" time="0.071"/>
  <testcase name="withUntypedAnonymousInnerBean()" classname="org.springframework.context.groovy.GroovyBeanDefinitionReaderTests" time="0.101"/>
  <testcase name="listOfBeansAsConstructorArg()" classname="org.springframework.context.groovy.GroovyBeanDefinitionReaderTests" time="0.138"/>
  <testcase name="singletonPropertyOnBeanDefinition()" classname="org.springframework.context.groovy.GroovyBeanDefinitionReaderTests" time="0.027"/>
  <testcase name="getBeanDefinitions()" classname="org.springframework.context.groovy.GroovyBeanDefinitionReaderTests" time="0.04"/>
  <testcase name="beanWithConstructor()" classname="org.springframework.context.groovy.GroovyBeanDefinitionReaderTests" time="0.124"/>
  <testcase name="beanReferences()" classname="org.springframework.context.groovy.GroovyBeanDefinitionReaderTests" time="0.21"/>
  <testcase name="beanWithFactoryBeanAndMethod()" classname="org.springframework.context.groovy.GroovyBeanDefinitionReaderTests" time="0.116"/>
  <testcase name="beanWithFactoryMethodUsingClosureArgs()" classname="org.springframework.context.groovy.GroovyBeanDefinitionReaderTests" time="0.193"/>
  <testcase name="loadExternalBeans()" classname="org.springframework.context.groovy.GroovyBeanDefinitionReaderTests" time="0.035"/>
  <testcase name="beanWithListAndMapConstructor()" classname="org.springframework.context.groovy.GroovyBeanDefinitionReaderTests" time="0.091"/>
  <testcase name="contextComponentScanSpringTag()" classname="org.springframework.context.groovy.GroovyBeanDefinitionReaderTests" time="0.721"/>
  <testcase name="springScopedProxyBean()" classname="org.springframework.context.groovy.GroovyBeanDefinitionReaderTests" time="0.028"/>
  <testcase name="abstractBeanDefinitionWithClass()" classname="org.springframework.context.groovy.GroovyBeanDefinitionReaderTests" time="0.012"/>
  <testcase name="abstractBeanSpecifyingClass()" classname="org.springframework.context.groovy.GroovyBeanDefinitionReaderTests" time="0.015"/>
  <testcase name="springNamespaceBean()" classname="org.springframework.context.groovy.GroovyBeanDefinitionReaderTests" time="0.008"/>
  <testcase name="holyGrailWiring()" classname="org.springframework.context.groovy.GroovyBeanDefinitionReaderTests" time="0.007"/>
  <testcase name="beanWithFactoryMethod()" classname="org.springframework.context.groovy.GroovyBeanDefinitionReaderTests" time="0.006"/>
  <system-out><![CDATA[lets begin
lets begin
]]></system-out>
  <system-err><![CDATA[]]></system-err>
</testsuite>
