<?xml version="1.0" encoding="UTF-8"?>
<testsuite name="org.springframework.validation.DataBinderFieldAccessTests" tests="6" skipped="0" failures="0" errors="0" timestamp="2023-03-20T07:42:50" hostname="DESKTOP-VGJP1PJ" time="0.034">
  <properties/>
  <testcase name="nestedBindingWithDisabledAutoGrow()" classname="org.springframework.validation.DataBinderFieldAccessTests" time="0.001"/>
  <testcase name="bindingNoErrorsNotIgnoreUnknown()" classname="org.springframework.validation.DataBinderFieldAccessTests" time="0.003"/>
  <testcase name="bindingWithErrorsAndCustomEditors()" classname="org.springframework.validation.DataBinderFieldAccessTests" time="0.026"/>
  <testcase name="bindingWithErrors()" classname="org.springframework.validation.DataBinderFieldAccessTests" time="0.001"/>
  <testcase name="nestedBindingWithDefaultConversionNoErrors()" classname="org.springframework.validation.DataBinderFieldAccessTests" time="0.001"/>
  <testcase name="bindingNoErrors()" classname="org.springframework.validation.DataBinderFieldAccessTests" time="0.0"/>
  <system-out><![CDATA[]]></system-out>
  <system-err><![CDATA[]]></system-err>
</testsuite>
