<?xml version="1.0" encoding="UTF-8"?>
<testsuite name="org.springframework.cache.NoOpCacheManagerTests" tests="5" skipped="0" failures="0" errors="0" timestamp="2023-03-20T07:41:34" hostname="DESKTOP-VGJP1PJ" time="0.009">
  <properties/>
  <testcase name="testGetCache()" classname="org.springframework.cache.NoOpCacheManagerTests" time="0.002"/>
  <testcase name="testCacheCallable()" classname="org.springframework.cache.NoOpCacheManagerTests" time="0.001"/>
  <testcase name="testNoOpCache()" classname="org.springframework.cache.NoOpCacheManagerTests" time="0.001"/>
  <testcase name="testCacheName()" classname="org.springframework.cache.NoOpCacheManagerTests" time="0.002"/>
  <testcase name="testCacheGetCallableFail()" classname="org.springframework.cache.NoOpCacheManagerTests" time="0.001"/>
  <system-out><![CDATA[]]></system-out>
  <system-err><![CDATA[]]></system-err>
</testsuite>
