<?xml version="1.0" encoding="UTF-8"?>
<testsuite name="org.springframework.cache.config.AnnotationDrivenCacheConfigTests" tests="60" skipped="0" failures="0" errors="0" timestamp="2023-03-20T07:41:19" hostname="DESKTOP-VGJP1PJ" time="3.204">
  <properties/>
  <testcase name="testMultiConditionalCacheAndEvict()" classname="org.springframework.cache.config.AnnotationDrivenCacheConfigTests" time="0.207"/>
  <testcase name="testClassEvictWithKeyEarly()" classname="org.springframework.cache.config.AnnotationDrivenCacheConfigTests" time="0.118"/>
  <testcase name="testClassCheckedExceptionSync()" classname="org.springframework.cache.config.AnnotationDrivenCacheConfigTests" time="0.029"/>
  <testcase name="testKeyExpression()" classname="org.springframework.cache.config.AnnotationDrivenCacheConfigTests" time="0.028"/>
  <testcase name="testConditionalUpdate()" classname="org.springframework.cache.config.AnnotationDrivenCacheConfigTests" time="0.034"/>
  <testcase name="testClassMultiCacheAndEvict()" classname="org.springframework.cache.config.AnnotationDrivenCacheConfigTests" time="0.024"/>
  <testcase name="testCacheableSyncNull()" classname="org.springframework.cache.config.AnnotationDrivenCacheConfigTests" time="0.028"/>
  <testcase name="testUnknownCustomKeyGenerator()" classname="org.springframework.cache.config.AnnotationDrivenCacheConfigTests" time="0.054"/>
  <testcase name="testClassRootVars()" classname="org.springframework.cache.config.AnnotationDrivenCacheConfigTests" time="0.071"/>
  <testcase name="testMethodName()" classname="org.springframework.cache.config.AnnotationDrivenCacheConfigTests" time="0.056"/>
  <testcase name="testEvictWithException()" classname="org.springframework.cache.config.AnnotationDrivenCacheConfigTests" time="0.045"/>
  <testcase name="testClassUpdate()" classname="org.springframework.cache.config.AnnotationDrivenCacheConfigTests" time="0.055"/>
  <testcase name="testCustomCacheManager()" classname="org.springframework.cache.config.AnnotationDrivenCacheConfigTests" time="0.051"/>
  <testcase name="testEvict()" classname="org.springframework.cache.config.AnnotationDrivenCacheConfigTests" time="0.047"/>
  <testcase name="testCheckedExceptionSync()" classname="org.springframework.cache.config.AnnotationDrivenCacheConfigTests" time="0.072"/>
  <testcase name="testClassEvictEarly()" classname="org.springframework.cache.config.AnnotationDrivenCacheConfigTests" time="0.109"/>
  <testcase name="testClassNullArg()" classname="org.springframework.cache.config.AnnotationDrivenCacheConfigTests" time="0.054"/>
  <testcase name="testClassEvictAll()" classname="org.springframework.cache.config.AnnotationDrivenCacheConfigTests" time="0.022"/>
  <testcase name="testPutRefersToResult()" classname="org.springframework.cache.config.AnnotationDrivenCacheConfigTests" time="0.024"/>
  <testcase name="testClassCacheUnlessExpression()" classname="org.springframework.cache.config.AnnotationDrivenCacheConfigTests" time="0.02"/>
  <testcase name="testConditionalExpressionSync()" classname="org.springframework.cache.config.AnnotationDrivenCacheConfigTests" time="0.024"/>
  <testcase name="testClassConditionalUpdate()" classname="org.springframework.cache.config.AnnotationDrivenCacheConfigTests" time="0.024"/>
  <testcase name="testConditionalExpression()" classname="org.springframework.cache.config.AnnotationDrivenCacheConfigTests" time="0.056"/>
  <testcase name="testClassMultiPut()" classname="org.springframework.cache.config.AnnotationDrivenCacheConfigTests" time="0.057"/>
  <testcase name="testClassUncheckedException()" classname="org.springframework.cache.config.AnnotationDrivenCacheConfigTests" time="0.063"/>
  <testcase name="testClassCacheEvictWithWKey()" classname="org.springframework.cache.config.AnnotationDrivenCacheConfigTests" time="0.062"/>
  <testcase name="testClassNullValue()" classname="org.springframework.cache.config.AnnotationDrivenCacheConfigTests" time="0.054"/>
  <testcase name="testUncheckedExceptionSync()" classname="org.springframework.cache.config.AnnotationDrivenCacheConfigTests" time="0.067"/>
  <testcase name="testClassUncheckedExceptionSync()" classname="org.springframework.cache.config.AnnotationDrivenCacheConfigTests" time="0.056"/>
  <testcase name="testClassCacheCacheable()" classname="org.springframework.cache.config.AnnotationDrivenCacheConfigTests" time="0.052"/>
  <testcase name="testClassMethodName()" classname="org.springframework.cache.config.AnnotationDrivenCacheConfigTests" time="0.11"/>
  <testcase name="testCustomKeyGenerator()" classname="org.springframework.cache.config.AnnotationDrivenCacheConfigTests" time="0.054"/>
  <testcase name="testCacheable()" classname="org.springframework.cache.config.AnnotationDrivenCacheConfigTests" time="0.057"/>
  <testcase name="testCheckedException()" classname="org.springframework.cache.config.AnnotationDrivenCacheConfigTests" time="0.065"/>
  <testcase name="testClassPutRefersToResult()" classname="org.springframework.cache.config.AnnotationDrivenCacheConfigTests" time="0.02"/>
  <testcase name="testVarArgsKey()" classname="org.springframework.cache.config.AnnotationDrivenCacheConfigTests" time="0.019"/>
  <testcase name="testMultiCache()" classname="org.springframework.cache.config.AnnotationDrivenCacheConfigTests" time="0.028"/>
  <testcase name="testMultiEvict()" classname="org.springframework.cache.config.AnnotationDrivenCacheConfigTests" time="0.033"/>
  <testcase name="testMultiCacheAndEvict()" classname="org.springframework.cache.config.AnnotationDrivenCacheConfigTests" time="0.06"/>
  <testcase name="testRootVars()" classname="org.springframework.cache.config.AnnotationDrivenCacheConfigTests" time="0.05"/>
  <testcase name="testClassMultiConditionalCacheAndEvict()" classname="org.springframework.cache.config.AnnotationDrivenCacheConfigTests" time="0.057"/>
  <testcase name="testClassEvictWithException()" classname="org.springframework.cache.config.AnnotationDrivenCacheConfigTests" time="0.058"/>
  <testcase name="testClassCheckedException()" classname="org.springframework.cache.config.AnnotationDrivenCacheConfigTests" time="0.047"/>
  <testcase name="testClassCacheEvict()" classname="org.springframework.cache.config.AnnotationDrivenCacheConfigTests" time="0.048"/>
  <testcase name="testEvictWithKey()" classname="org.springframework.cache.config.AnnotationDrivenCacheConfigTests" time="0.07"/>
  <testcase name="testUnlessExpression()" classname="org.springframework.cache.config.AnnotationDrivenCacheConfigTests" time="0.052"/>
  <testcase name="testEvictAllEarly()" classname="org.springframework.cache.config.AnnotationDrivenCacheConfigTests" time="0.065"/>
  <testcase name="testEvictAll()" classname="org.springframework.cache.config.AnnotationDrivenCacheConfigTests" time="0.052"/>
  <testcase name="testCacheableNull()" classname="org.springframework.cache.config.AnnotationDrivenCacheConfigTests" time="0.048"/>
  <testcase name="testCacheableSync()" classname="org.springframework.cache.config.AnnotationDrivenCacheConfigTests" time="0.042"/>
  <testcase name="testEvictWithKeyEarly()" classname="org.springframework.cache.config.AnnotationDrivenCacheConfigTests" time="0.021"/>
  <testcase name="testMultiPut()" classname="org.springframework.cache.config.AnnotationDrivenCacheConfigTests" time="0.024"/>
  <testcase name="testUnknownCustomCacheManager()" classname="org.springframework.cache.config.AnnotationDrivenCacheConfigTests" time="0.02"/>
  <testcase name="testUncheckedException()" classname="org.springframework.cache.config.AnnotationDrivenCacheConfigTests" time="0.018"/>
  <testcase name="testNullValue()" classname="org.springframework.cache.config.AnnotationDrivenCacheConfigTests" time="0.043"/>
  <testcase name="testEvictEarly()" classname="org.springframework.cache.config.AnnotationDrivenCacheConfigTests" time="0.049"/>
  <testcase name="testUpdate()" classname="org.springframework.cache.config.AnnotationDrivenCacheConfigTests" time="0.069"/>
  <testcase name="testNullArg()" classname="org.springframework.cache.config.AnnotationDrivenCacheConfigTests" time="0.107"/>
  <testcase name="testClassMultiCache()" classname="org.springframework.cache.config.AnnotationDrivenCacheConfigTests" time="0.065"/>
  <testcase name="testClassMultiEvict()" classname="org.springframework.cache.config.AnnotationDrivenCacheConfigTests" time="0.021"/>
  <system-out><![CDATA[]]></system-out>
  <system-err><![CDATA[]]></system-err>
</testsuite>
