<?xml version="1.0" encoding="UTF-8"?>
<testsuite name="org.springframework.scheduling.support.QuartzCronFieldTests" tests="5" skipped="0" failures="0" errors="0" timestamp="2023-03-20T07:42:39" hostname="DESKTOP-VGJP1PJ" time="0.008">
  <properties/>
  <testcase name="lastDayOfWeekOffset()" classname="org.springframework.scheduling.support.QuartzCronFieldTests" time="0.0"/>
  <testcase name="invalidValues()" classname="org.springframework.scheduling.support.QuartzCronFieldTests" time="0.005"/>
  <testcase name="lastDayOfMonth()" classname="org.springframework.scheduling.support.QuartzCronFieldTests" time="0.0"/>
  <testcase name="lastWeekdayOfMonth()" classname="org.springframework.scheduling.support.QuartzCronFieldTests" time="0.0"/>
  <testcase name="lastDayOfMonthOffset()" classname="org.springframework.scheduling.support.QuartzCronFieldTests" time="0.0"/>
  <system-out><![CDATA[]]></system-out>
  <system-err><![CDATA[]]></system-err>
</testsuite>
