<?xml version="1.0" encoding="UTF-8"?>
<testsuite name="org.springframework.context.annotation.Spr6602Tests" tests="2" skipped="0" failures="0" errors="0" timestamp="2023-03-20T07:41:54" hostname="DESKTOP-VGJP1PJ" time="0.014">
  <properties/>
  <testcase name="testXmlBehavior()" classname="org.springframework.context.annotation.Spr6602Tests" time="0.006"/>
  <testcase name="testConfigurationClassBehavior()" classname="org.springframework.context.annotation.Spr6602Tests" time="0.007"/>
  <system-out><![CDATA[]]></system-out>
  <system-err><![CDATA[]]></system-err>
</testsuite>
