<?xml version="1.0" encoding="UTF-8"?>
<testsuite name="org.springframework.scheduling.annotation.AsyncAnnotationBeanPostProcessorTests" tests="11" skipped="0" failures="0" errors="0" timestamp="2023-03-20T07:42:31" hostname="DESKTOP-VGJP1PJ" time="0.338">
  <properties/>
  <testcase name="configuredThroughNamespace()" classname="org.springframework.scheduling.annotation.AsyncAnnotationBeanPostProcessorTests" time="0.268"/>
  <testcase name="taskExecutorByBeanName()" classname="org.springframework.scheduling.annotation.AsyncAnnotationBeanPostProcessorTests" time="0.005"/>
  <testcase name="taskExecutorByBeanType()" classname="org.springframework.scheduling.annotation.AsyncAnnotationBeanPostProcessorTests" time="0.004"/>
  <testcase name="exceptionHandlerThrowsUnexpectedException()" classname="org.springframework.scheduling.annotation.AsyncAnnotationBeanPostProcessorTests" time="0.013"/>
  <testcase name="handleExceptionWithCustomExceptionHandler()" classname="org.springframework.scheduling.annotation.AsyncAnnotationBeanPostProcessorTests" time="0.002"/>
  <testcase name="threadNamePrefix()" classname="org.springframework.scheduling.annotation.AsyncAnnotationBeanPostProcessorTests" time="0.002"/>
  <testcase name="handleExceptionWithFuture()" classname="org.springframework.scheduling.annotation.AsyncAnnotationBeanPostProcessorTests" time="0.027"/>
  <testcase name="proxyCreated()" classname="org.springframework.scheduling.annotation.AsyncAnnotationBeanPostProcessorTests" time="0.0"/>
  <testcase name="handleExceptionWithListenableFuture()" classname="org.springframework.scheduling.annotation.AsyncAnnotationBeanPostProcessorTests" time="0.008"/>
  <testcase name="invokedAsynchronously()" classname="org.springframework.scheduling.annotation.AsyncAnnotationBeanPostProcessorTests" time="0.002"/>
  <testcase name="invokedAsynchronouslyOnProxyTarget()" classname="org.springframework.scheduling.annotation.AsyncAnnotationBeanPostProcessorTests" time="0.002"/>
  <system-out><![CDATA[]]></system-out>
  <system-err><![CDATA[]]></system-err>
</testsuite>
