<?xml version="1.0" encoding="UTF-8"?>
<testsuite name="org.springframework.aop.aspectj.PropertyDependentAspectTests" tests="4" skipped="0" failures="0" errors="0" timestamp="2023-03-20T07:41:04" hostname="DESKTOP-VGJP1PJ" time="0.135">
  <properties/>
  <testcase name="propertyDependentAtAspectJAspectWithPropertyDeclaredAfterAdvice()" classname="org.springframework.aop.aspectj.PropertyDependentAspectTests" time="0.059"/>
  <testcase name="propertyDependentAtAspectJAspectWithPropertyDeclaredBeforeAdvice()" classname="org.springframework.aop.aspectj.PropertyDependentAspectTests" time="0.03"/>
  <testcase name="propertyDependentAspectWithPropertyDeclaredAfterAdvice()" classname="org.springframework.aop.aspectj.PropertyDependentAspectTests" time="0.021"/>
  <testcase name="propertyDependentAspectWithPropertyDeclaredBeforeAdvice()" classname="org.springframework.aop.aspectj.PropertyDependentAspectTests" time="0.023"/>
  <system-out><![CDATA[]]></system-out>
  <system-err><![CDATA[]]></system-err>
</testsuite>
