<?xml version="1.0" encoding="UTF-8"?>
<testsuite name="org.springframework.format.number.NumberFormattingTests" tests="9" skipped="0" failures="0" errors="0" timestamp="2023-03-20T07:42:25" hostname="DESKTOP-VGJP1PJ" time="0.038">
  <properties/>
  <testcase name="testPercentFormatting()" classname="org.springframework.format.number.NumberFormattingTests" time="0.023"/>
  <testcase name="testPatternArrayFormatting()" classname="org.springframework.format.number.NumberFormattingTests" time="0.003"/>
  <testcase name="testPatternListFormatting()" classname="org.springframework.format.number.NumberFormattingTests" time="0.002"/>
  <testcase name="testDefaultNumberFormattingAnnotated()" classname="org.springframework.format.number.NumberFormattingTests" time="0.001"/>
  <testcase name="testPatternFormatting()" classname="org.springframework.format.number.NumberFormattingTests" time="0.001"/>
  <testcase name="testPatternList2FormattingListElement()" classname="org.springframework.format.number.NumberFormattingTests" time="0.001"/>
  <testcase name="testPatternList2FormattingList()" classname="org.springframework.format.number.NumberFormattingTests" time="0.002"/>
  <testcase name="testCurrencyFormatting()" classname="org.springframework.format.number.NumberFormattingTests" time="0.001"/>
  <testcase name="testDefaultNumberFormatting()" classname="org.springframework.format.number.NumberFormattingTests" time="0.002"/>
  <system-out><![CDATA[]]></system-out>
  <system-err><![CDATA[]]></system-err>
</testsuite>
