<?xml version="1.0" encoding="UTF-8"?>
<testsuite name="org.springframework.context.annotation.configuration.BeanAnnotationAttributePropagationTests" tests="12" skipped="0" failures="0" errors="0" timestamp="2023-03-20T07:41:46" hostname="DESKTOP-VGJP1PJ" time="0.07">
  <properties/>
  <testcase name="defaultLazyConfigurationPropagatesToIndividualBeans()" classname="org.springframework.context.annotation.configuration.BeanAnnotationAttributePropagationTests" time="0.002"/>
  <testcase name="autowireMetadataIsPropagated()" classname="org.springframework.context.annotation.configuration.BeanAnnotationAttributePropagationTests" time="0.002"/>
  <testcase name="initMethodMetadataIsPropagated()" classname="org.springframework.context.annotation.configuration.BeanAnnotationAttributePropagationTests" time="0.002"/>
  <testcase name="eagerBeanOverridesDefaultLazyConfiguration()" classname="org.springframework.context.annotation.configuration.BeanAnnotationAttributePropagationTests" time="0.002"/>
  <testcase name="lazyMetadataIsFalseByDefault()" classname="org.springframework.context.annotation.configuration.BeanAnnotationAttributePropagationTests" time="0.002"/>
  <testcase name="primaryMetadataIsPropagated()" classname="org.springframework.context.annotation.configuration.BeanAnnotationAttributePropagationTests" time="0.002"/>
  <testcase name="dependsOnMetadataIsPropagated()" classname="org.springframework.context.annotation.configuration.BeanAnnotationAttributePropagationTests" time="0.007"/>
  <testcase name="lazyMetadataIsPropagated()" classname="org.springframework.context.annotation.configuration.BeanAnnotationAttributePropagationTests" time="0.002"/>
  <testcase name="primaryMetadataIsFalseByDefault()" classname="org.springframework.context.annotation.configuration.BeanAnnotationAttributePropagationTests" time="0.013"/>
  <testcase name="eagerConfigurationProducesEagerBeanDefinitions()" classname="org.springframework.context.annotation.configuration.BeanAnnotationAttributePropagationTests" time="0.005"/>
  <testcase name="autowireCandidateMetadataIsPropagated()" classname="org.springframework.context.annotation.configuration.BeanAnnotationAttributePropagationTests" time="0.014"/>
  <testcase name="destroyMethodMetadataIsPropagated()" classname="org.springframework.context.annotation.configuration.BeanAnnotationAttributePropagationTests" time="0.007"/>
  <system-out><![CDATA[]]></system-out>
  <system-err><![CDATA[]]></system-err>
</testsuite>
