<?xml version="1.0" encoding="UTF-8"?>
<testsuite name="org.springframework.context.annotation.ConfigurationWithFactoryBeanBeanEarlyDeductionTests" tests="9" skipped="0" failures="0" errors="0" timestamp="2023-03-20T07:41:48" hostname="DESKTOP-VGJP1PJ" time="0.079">
  <properties/>
  <testcase name="preFreezeGenericMethod()" classname="org.springframework.context.annotation.ConfigurationWithFactoryBeanBeanEarlyDeductionTests" time="0.007"/>
  <testcase name="preFreezeGenericClass()" classname="org.springframework.context.annotation.ConfigurationWithFactoryBeanBeanEarlyDeductionTests" time="0.005"/>
  <testcase name="postFreezeAttribute()" classname="org.springframework.context.annotation.ConfigurationWithFactoryBeanBeanEarlyDeductionTests" time="0.004"/>
  <testcase name="preFreezeAttribute()" classname="org.springframework.context.annotation.ConfigurationWithFactoryBeanBeanEarlyDeductionTests" time="0.038"/>
  <testcase name="preFreezeUnresolvedGenericFactoryBean()" classname="org.springframework.context.annotation.ConfigurationWithFactoryBeanBeanEarlyDeductionTests" time="0.005"/>
  <testcase name="postFreezeGenericMethod()" classname="org.springframework.context.annotation.ConfigurationWithFactoryBeanBeanEarlyDeductionTests" time="0.005"/>
  <testcase name="preFreezeDirect()" classname="org.springframework.context.annotation.ConfigurationWithFactoryBeanBeanEarlyDeductionTests" time="0.007"/>
  <testcase name="postFreezeDirect()" classname="org.springframework.context.annotation.ConfigurationWithFactoryBeanBeanEarlyDeductionTests" time="0.003"/>
  <testcase name="postFreezeGenericClass()" classname="org.springframework.context.annotation.ConfigurationWithFactoryBeanBeanEarlyDeductionTests" time="0.003"/>
  <system-out><![CDATA[]]></system-out>
  <system-err><![CDATA[]]></system-err>
</testsuite>
