<?xml version="1.0" encoding="UTF-8"?>
<testsuite name="org.springframework.aop.aspectj.generic.GenericBridgeMethodMatchingTests" tests="2" skipped="0" failures="0" errors="0" timestamp="2023-03-20T07:41:04" hostname="DESKTOP-VGJP1PJ" time="0.044">
  <properties/>
  <testcase name="testGenericBaseInterfaceMethodThroughInterface()" classname="org.springframework.aop.aspectj.generic.GenericBridgeMethodMatchingTests" time="0.03"/>
  <testcase name="testGenericDerivedInterfaceMethodThroughInterface()" classname="org.springframework.aop.aspectj.generic.GenericBridgeMethodMatchingTests" time="0.014"/>
  <system-out><![CDATA[]]></system-out>
  <system-err><![CDATA[]]></system-err>
</testsuite>
