<?xml version="1.0" encoding="UTF-8"?>
<testsuite name="org.springframework.aop.aspectj.BeforeAdviceBindingTests" tests="5" skipped="0" failures="0" errors="0" timestamp="2023-03-20T07:41:02" hostname="DESKTOP-VGJP1PJ" time="0.419">
  <properties/>
  <testcase name="testOneObjectArgBoundToProxyUsingThis()" classname="org.springframework.aop.aspectj.BeforeAdviceBindingTests" time="0.088"/>
  <testcase name="testNeedsJoinPoint()" classname="org.springframework.aop.aspectj.BeforeAdviceBindingTests" time="0.066"/>
  <testcase name="testOneIntAndOneObjectArgs()" classname="org.springframework.aop.aspectj.BeforeAdviceBindingTests" time="0.072"/>
  <testcase name="testNeedsJoinPointStaticPart()" classname="org.springframework.aop.aspectj.BeforeAdviceBindingTests" time="0.061"/>
  <testcase name="testOneIntArg()" classname="org.springframework.aop.aspectj.BeforeAdviceBindingTests" time="0.118"/>
  <system-out><![CDATA[]]></system-out>
  <system-err><![CDATA[]]></system-err>
</testsuite>
