<?xml version="1.0" encoding="UTF-8"?>
<testsuite name="org.springframework.jmx.export.LazyInitMBeanTests" tests="1" skipped="0" failures="0" errors="0" timestamp="2023-03-20T07:42:30" hostname="DESKTOP-VGJP1PJ" time="0.104">
  <properties/>
  <testcase name="invokeOnLazyInitBean()" classname="org.springframework.jmx.export.LazyInitMBeanTests" time="0.104"/>
  <system-out><![CDATA[]]></system-out>
  <system-err><![CDATA[]]></system-err>
</testsuite>
