<?xml version="1.0" encoding="UTF-8"?>
<testsuite name="org.springframework.context.event.PayloadApplicationEventTests" tests="1" skipped="0" failures="0" errors="0" timestamp="2023-03-20T07:42:07" hostname="DESKTOP-VGJP1PJ" time="0.035">
  <properties/>
  <testcase name="testEventClassWithInterface()" classname="org.springframework.context.event.PayloadApplicationEventTests" time="0.035"/>
  <system-out><![CDATA[]]></system-out>
  <system-err><![CDATA[]]></system-err>
</testsuite>
