<?xml version="1.0" encoding="UTF-8"?>
<testsuite name="org.springframework.context.annotation.configuration.spr9031.Spr9031Tests" tests="2" skipped="0" failures="0" errors="0" timestamp="2023-03-20T07:41:47" hostname="DESKTOP-VGJP1PJ" time="0.03">
  <properties/>
  <testcase name="withoutAsmAnnotationProcessing()" classname="org.springframework.context.annotation.configuration.spr9031.Spr9031Tests" time="0.023"/>
  <testcase name="withAsmAnnotationProcessing()" classname="org.springframework.context.annotation.configuration.spr9031.Spr9031Tests" time="0.006"/>
  <system-out><![CDATA[]]></system-out>
  <system-err><![CDATA[]]></system-err>
</testsuite>
