<?xml version="1.0" encoding="UTF-8"?>
<testsuite name="org.springframework.aop.config.AopNamespaceHandlerArgNamesTests" tests="2" skipped="0" failures="0" errors="0" timestamp="2023-03-20T07:41:06" hostname="DESKTOP-VGJP1PJ" time="0.138">
  <properties/>
  <testcase name="testArgNamesError()" classname="org.springframework.aop.config.AopNamespaceHandlerArgNamesTests" time="0.088"/>
  <testcase name="testArgNamesOK()" classname="org.springframework.aop.config.AopNamespaceHandlerArgNamesTests" time="0.049"/>
  <system-out><![CDATA[02:41:06.559 [Test worker] WARN  o.s.c.s.ClassPathXmlApplicationContext - Exception encountered during context initialization - cancelling refresh attempt: org.springframework.beans.factory.BeanCreationException: Error creating bean with name 'org.springframework.aop.aspectj.AspectJPointcutAdvisor#0': Cannot create inner bean '(inner bean)#147b8bb6' of type [org.springframework.aop.aspectj.AspectJMethodBeforeAdvice] while setting constructor argument; nested exception is org.springframework.beans.factory.BeanCreationException: Error creating bean with name '(inner bean)#147b8bb6': Error setting property values; nested exception is org.springframework.beans.PropertyBatchUpdateException; nested PropertyAccessExceptions (1) are:
PropertyAccessException 1: org.springframework.beans.MethodInvocationException: Property 'argumentNames' threw exception; nested exception is java.lang.IllegalArgumentException: 'argumentNames' property of AbstractAspectJAdvice contains an argument name 'age bean' that is not a valid Java identifier
]]></system-out>
  <system-err><![CDATA[]]></system-err>
</testsuite>
