<?xml version="1.0" encoding="UTF-8"?>
<testsuite name="org.springframework.cache.interceptor.SimpleKeyGeneratorTests" tests="8" skipped="0" failures="0" errors="0" timestamp="2023-03-20T07:41:34" hostname="DESKTOP-VGJP1PJ" time="0.008">
  <properties/>
  <testcase name="singleValue()" classname="org.springframework.cache.interceptor.SimpleKeyGeneratorTests" time="0.0"/>
  <testcase name="serializedKeys()" classname="org.springframework.cache.interceptor.SimpleKeyGeneratorTests" time="0.002"/>
  <testcase name="arrayWithExtraParameter()" classname="org.springframework.cache.interceptor.SimpleKeyGeneratorTests" time="0.0"/>
  <testcase name="noValues()" classname="org.springframework.cache.interceptor.SimpleKeyGeneratorTests" time="0.001"/>
  <testcase name="plainArray()" classname="org.springframework.cache.interceptor.SimpleKeyGeneratorTests" time="0.001"/>
  <testcase name="multipleValues()" classname="org.springframework.cache.interceptor.SimpleKeyGeneratorTests" time="0.0"/>
  <testcase name="multipleNullValues()" classname="org.springframework.cache.interceptor.SimpleKeyGeneratorTests" time="0.0"/>
  <testcase name="singleNullValue()" classname="org.springframework.cache.interceptor.SimpleKeyGeneratorTests" time="0.0"/>
  <system-out><![CDATA[]]></system-out>
  <system-err><![CDATA[]]></system-err>
</testsuite>
