<?xml version="1.0" encoding="UTF-8"?>
<testsuite name="org.springframework.context.event.LifecycleEventTests" tests="2" skipped="0" failures="0" errors="0" timestamp="2023-03-20T07:42:07" hostname="DESKTOP-VGJP1PJ" time="0.038">
  <properties/>
  <testcase name="contextStoppedEvent()" classname="org.springframework.context.event.LifecycleEventTests" time="0.011"/>
  <testcase name="contextStartedEvent()" classname="org.springframework.context.event.LifecycleEventTests" time="0.027"/>
  <system-out><![CDATA[]]></system-out>
  <system-err><![CDATA[]]></system-err>
</testsuite>
