<?xml version="1.0" encoding="UTF-8"?>
<testsuite name="org.springframework.aop.config.AopNamespaceHandlerAdviceTypeTests" tests="2" skipped="0" failures="0" errors="0" timestamp="2023-03-20T07:41:06" hostname="DESKTOP-VGJP1PJ" time="0.1">
  <properties/>
  <testcase name="testParsingOfAdviceTypes()" classname="org.springframework.aop.config.AopNamespaceHandlerAdviceTypeTests" time="0.067"/>
  <testcase name="testParsingOfAdviceTypesWithError()" classname="org.springframework.aop.config.AopNamespaceHandlerAdviceTypeTests" time="0.032"/>
  <system-out><![CDATA[]]></system-out>
  <system-err><![CDATA[]]></system-err>
</testsuite>
