<?xml version="1.0" encoding="UTF-8"?>
<testsuite name="org.springframework.scheduling.config.ScheduledTaskRegistrarTests" tests="7" skipped="0" failures="0" errors="0" timestamp="2023-03-20T07:42:39" hostname="DESKTOP-VGJP1PJ" time="0.031">
  <properties/>
  <testcase name="addCronTaskWithDisabledExpression()" classname="org.springframework.scheduling.config.ScheduledTaskRegistrarTests" time="0.001"/>
  <testcase name="getFixedRateTasks()" classname="org.springframework.scheduling.config.ScheduledTaskRegistrarTests" time="0.007"/>
  <testcase name="addCronTaskWithValidExpression()" classname="org.springframework.scheduling.config.ScheduledTaskRegistrarTests" time="0.0"/>
  <testcase name="getCronTasks()" classname="org.springframework.scheduling.config.ScheduledTaskRegistrarTests" time="0.007"/>
  <testcase name="addCronTaskWithInvalidExpression()" classname="org.springframework.scheduling.config.ScheduledTaskRegistrarTests" time="0.001"/>
  <testcase name="getFixedDelayTasks()" classname="org.springframework.scheduling.config.ScheduledTaskRegistrarTests" time="0.0"/>
  <testcase name="getTriggerTasks()" classname="org.springframework.scheduling.config.ScheduledTaskRegistrarTests" time="0.01"/>
  <system-out><![CDATA[]]></system-out>
  <system-err><![CDATA[]]></system-err>
</testsuite>
