<?xml version="1.0" encoding="UTF-8"?>
<testsuite name="org.springframework.context.annotation.Spr16217Tests" tests="3" skipped="1" failures="0" errors="0" timestamp="2023-03-20T07:41:54" hostname="DESKTOP-VGJP1PJ" time="0.005">
  <properties/>
  <testcase name="baseConfigurationIsIncludedWhenFirstSuperclassReferenceIsSkippedInRegisterBeanPhase()" classname="org.springframework.context.annotation.Spr16217Tests" time="0.0">
    <skipped/>
  </testcase>
  <testcase name="baseConfigurationIsIncludedWhenFirstSuperclassReferenceIsSkippedInParseConfigurationPhase()" classname="org.springframework.context.annotation.Spr16217Tests" time="0.002"/>
  <testcase name="baseConfigurationIsIncludedOnceWhenBothConfigurationClassesAreActive()" classname="org.springframework.context.annotation.Spr16217Tests" time="0.002"/>
  <system-out><![CDATA[]]></system-out>
  <system-err><![CDATA[]]></system-err>
</testsuite>
