<?xml version="1.0" encoding="UTF-8"?>
<testsuite name="org.springframework.context.annotation.Spr8954Tests" tests="2" skipped="0" failures="0" errors="0" timestamp="2023-03-20T07:41:54" hostname="DESKTOP-VGJP1PJ" time="0.006">
  <properties/>
  <testcase name="repro()" classname="org.springframework.context.annotation.Spr8954Tests" time="0.003"/>
  <testcase name="findsBeansByTypeIfNotInstantiated()" classname="org.springframework.context.annotation.Spr8954Tests" time="0.002"/>
  <system-out><![CDATA[]]></system-out>
  <system-err><![CDATA[]]></system-err>
</testsuite>
