<?xml version="1.0" encoding="UTF-8"?>
<testsuite name="org.springframework.context.config.ContextNamespaceHandlerTests" tests="9" skipped="0" failures="0" errors="0" timestamp="2023-03-20T07:41:54" hostname="DESKTOP-VGJP1PJ" time="0.5">
  <properties/>
  <testcase name="propertyPlaceholderLocationWithSystemPropertyForMultipleLocations()" classname="org.springframework.context.config.ContextNamespaceHandlerTests" time="0.213"/>
  <testcase name="propertyPlaceholderLocationWithSystemPropertyMissing()" classname="org.springframework.context.config.ContextNamespaceHandlerTests" time="0.014"/>
  <testcase name="propertyPlaceholderLocation()" classname="org.springframework.context.config.ContextNamespaceHandlerTests" time="0.034"/>
  <testcase name="propertyPlaceholderLocationWithSystemPropertyForOneLocation()" classname="org.springframework.context.config.ContextNamespaceHandlerTests" time="0.022"/>
  <testcase name="propertyPlaceholderIgnored()" classname="org.springframework.context.config.ContextNamespaceHandlerTests" time="0.036"/>
  <testcase name="propertyOverride()" classname="org.springframework.context.config.ContextNamespaceHandlerTests" time="0.024"/>
  <testcase name="propertyPlaceholderEnvironmentProperties()" classname="org.springframework.context.config.ContextNamespaceHandlerTests" time="0.078"/>
  <testcase name="propertyPlaceholderSystemProperties()" classname="org.springframework.context.config.ContextNamespaceHandlerTests" time="0.021"/>
  <testcase name="propertyPlaceholder()" classname="org.springframework.context.config.ContextNamespaceHandlerTests" time="0.055"/>
  <system-out><![CDATA[02:41:54.372 [Test worker] WARN  o.s.c.s.ClassPathXmlApplicationContext - Exception encountered during context initialization - cancelling refresh attempt: org.springframework.beans.factory.BeanDefinitionStoreException: Invalid bean definition with name 'foo' defined in class path resource [org/springframework/context/config/contextNamespaceHandlerTests-location-placeholder.xml]: Could not resolve placeholder 'foo' in value "${foo}"; nested exception is java.lang.IllegalArgumentException: Could not resolve placeholder 'foo' in value "${foo}"
]]></system-out>
  <system-err><![CDATA[]]></system-err>
</testsuite>
