<?xml version="1.0" encoding="UTF-8"?>
<testsuite name="org.springframework.jmx.access.RemoteMBeanClientInterceptorTests" tests="14" skipped="0" failures="0" errors="0" timestamp="2023-03-20T07:42:26" hostname="DESKTOP-VGJP1PJ" time="1.435">
  <properties/>
  <testcase name="invokeUnexposedMethodWithException()" classname="org.springframework.jmx.access.RemoteMBeanClientInterceptorTests" time="0.119"/>
  <testcase name="invokeNoArgs()" classname="org.springframework.jmx.access.RemoteMBeanClientInterceptorTests" time="0.123"/>
  <testcase name="differentProxiesSameClass()" classname="org.springframework.jmx.access.RemoteMBeanClientInterceptorTests" time="0.129"/>
  <testcase name="setReadOnlyAttribute()" classname="org.springframework.jmx.access.RemoteMBeanClientInterceptorTests" time="0.123"/>
  <testcase name="proxyClassIsDifferent()" classname="org.springframework.jmx.access.RemoteMBeanClientInterceptorTests" time="0.109"/>
  <testcase name="lazyConnectionToRemote()" classname="org.springframework.jmx.access.RemoteMBeanClientInterceptorTests" time="0.027"/>
  <testcase name="setAttributeValueWithIOException()" classname="org.springframework.jmx.access.RemoteMBeanClientInterceptorTests" time="0.128"/>
  <testcase name="mxBeanOperationAccess()" classname="org.springframework.jmx.access.RemoteMBeanClientInterceptorTests" time="0.007"/>
  <testcase name="setAttributeValue()" classname="org.springframework.jmx.access.RemoteMBeanClientInterceptorTests" time="0.131"/>
  <testcase name="setAttributeValueWithCheckedException()" classname="org.springframework.jmx.access.RemoteMBeanClientInterceptorTests" time="0.122"/>
  <testcase name="mxBeanAttributeAccess()" classname="org.springframework.jmx.access.RemoteMBeanClientInterceptorTests" time="0.008"/>
  <testcase name="invokeArgs()" classname="org.springframework.jmx.access.RemoteMBeanClientInterceptorTests" time="0.117"/>
  <testcase name="setAttributeValueWithRuntimeException()" classname="org.springframework.jmx.access.RemoteMBeanClientInterceptorTests" time="0.126"/>
  <testcase name="getAttributeValue()" classname="org.springframework.jmx.access.RemoteMBeanClientInterceptorTests" time="0.155"/>
  <system-out><![CDATA[]]></system-out>
  <system-err><![CDATA[]]></system-err>
</testsuite>
