<?xml version="1.0" encoding="UTF-8"?>
<testsuite name="org.springframework.scheduling.config.AnnotationDrivenBeanDefinitionParserTests" tests="5" skipped="0" failures="0" errors="0" timestamp="2023-03-20T07:42:38" hostname="DESKTOP-VGJP1PJ" time="0.05">
  <properties/>
  <testcase name="asyncPostProcessorExceptionHandlerReference()" classname="org.springframework.scheduling.config.AnnotationDrivenBeanDefinitionParserTests" time="0.0"/>
  <testcase name="scheduledPostProcessorSchedulerReference()" classname="org.springframework.scheduling.config.AnnotationDrivenBeanDefinitionParserTests" time="0.001"/>
  <testcase name="asyncPostProcessorRegistered()" classname="org.springframework.scheduling.config.AnnotationDrivenBeanDefinitionParserTests" time="0.001"/>
  <testcase name="asyncPostProcessorExecutorReference()" classname="org.springframework.scheduling.config.AnnotationDrivenBeanDefinitionParserTests" time="0.0"/>
  <testcase name="scheduledPostProcessorRegistered()" classname="org.springframework.scheduling.config.AnnotationDrivenBeanDefinitionParserTests" time="0.001"/>
  <system-out><![CDATA[]]></system-out>
  <system-err><![CDATA[]]></system-err>
</testsuite>
