<?xml version="1.0" encoding="UTF-8"?>
<testsuite name="org.springframework.aop.framework.autoproxy.AdvisorAutoProxyCreatorTests" tests="6" skipped="0" failures="0" errors="0" timestamp="2023-03-20T07:41:07" hostname="DESKTOP-VGJP1PJ" time="0.461">
  <properties/>
  <testcase name="testCustomTargetSourceNoMatch()" classname="org.springframework.aop.framework.autoproxy.AdvisorAutoProxyCreatorTests" time="0.055"/>
  <testcase name="testLazyInitTargetSource()" classname="org.springframework.aop.framework.autoproxy.AdvisorAutoProxyCreatorTests" time="0.034"/>
  <testcase name="testQuickTargetSourceCreator()" classname="org.springframework.aop.framework.autoproxy.AdvisorAutoProxyCreatorTests" time="0.261"/>
  <testcase name="testCustomPrototypeTargetSource()" classname="org.springframework.aop.framework.autoproxy.AdvisorAutoProxyCreatorTests" time="0.013"/>
  <testcase name="testCommonInterceptorAndAdvisor()" classname="org.springframework.aop.framework.autoproxy.AdvisorAutoProxyCreatorTests" time="0.046"/>
  <testcase name="testWithOptimizedProxy()" classname="org.springframework.aop.framework.autoproxy.AdvisorAutoProxyCreatorTests" time="0.051"/>
  <system-out><![CDATA[]]></system-out>
  <system-err><![CDATA[]]></system-err>
</testsuite>
