<?xml version="1.0" encoding="UTF-8"?>
<testsuite name="org.springframework.cache.interceptor.CachePutEvaluationTests" tests="2" skipped="0" failures="0" errors="0" timestamp="2023-03-20T07:41:34" hostname="DESKTOP-VGJP1PJ" time="0.035">
  <properties/>
  <testcase name="getAndPut()" classname="org.springframework.cache.interceptor.CachePutEvaluationTests" time="0.026"/>
  <testcase name="mutualGetPutExclusion()" classname="org.springframework.cache.interceptor.CachePutEvaluationTests" time="0.009"/>
  <system-out><![CDATA[]]></system-out>
  <system-err><![CDATA[]]></system-err>
</testsuite>
