<?xml version="1.0" encoding="UTF-8"?>
<testsuite name="org.springframework.aop.config.AopNamespaceHandlerProxyTargetClassTests" tests="6" skipped="0" failures="0" errors="0" timestamp="2023-03-20T07:41:06" hostname="DESKTOP-VGJP1PJ" time="0.512">
  <properties/>
  <testcase name="testAspectAppliedForInitializeBeanWithEmptyName()" classname="org.springframework.aop.config.AopNamespaceHandlerProxyTargetClassTests" time="0.197"/>
  <testcase name="testAdviceInvokedCorrectly()" classname="org.springframework.aop.config.AopNamespaceHandlerProxyTargetClassTests" time="0.065"/>
  <testcase name="testAspectAppliedForInitializeBeanWithNullName()" classname="org.springframework.aop.config.AopNamespaceHandlerProxyTargetClassTests" time="0.064"/>
  <testcase name="testIsProxy()" classname="org.springframework.aop.config.AopNamespaceHandlerProxyTargetClassTests" time="0.067"/>
  <testcase name="testAspectApplied()" classname="org.springframework.aop.config.AopNamespaceHandlerProxyTargetClassTests" time="0.045"/>
  <testcase name="testIsClassProxy()" classname="org.springframework.aop.config.AopNamespaceHandlerProxyTargetClassTests" time="0.065"/>
  <system-out><![CDATA[]]></system-out>
  <system-err><![CDATA[]]></system-err>
</testsuite>
