<?xml version="1.0" encoding="UTF-8"?>
<testsuite name="org.springframework.aop.aspectj.autoproxy.spr3064.SPR3064Tests" tests="1" skipped="0" failures="0" errors="0" timestamp="2023-03-20T07:41:01" hostname="DESKTOP-VGJP1PJ" time="0.074">
  <properties/>
  <testcase name="testServiceIsAdvised()" classname="org.springframework.aop.aspectj.autoproxy.spr3064.SPR3064Tests" time="0.074"/>
  <system-out><![CDATA[]]></system-out>
  <system-err><![CDATA[]]></system-err>
</testsuite>
