<?xml version="1.0" encoding="UTF-8"?>
<testsuite name="org.springframework.aop.aspectj.BeanNamePointcutAtAspectTests" tests="3" skipped="0" failures="0" errors="0" timestamp="2023-03-20T07:41:01" hostname="DESKTOP-VGJP1PJ" time="0.229">
  <properties/>
  <testcase name="testMatchingBeanName()" classname="org.springframework.aop.aspectj.BeanNamePointcutAtAspectTests" time="0.089"/>
  <testcase name="testProgrammaticProxyCreation()" classname="org.springframework.aop.aspectj.BeanNamePointcutAtAspectTests" time="0.11"/>
  <testcase name="testNonMatchingBeanName()" classname="org.springframework.aop.aspectj.BeanNamePointcutAtAspectTests" time="0.028"/>
  <system-out><![CDATA[]]></system-out>
  <system-err><![CDATA[]]></system-err>
</testsuite>
