<?xml version="1.0" encoding="UTF-8"?>
<testsuite name="org.springframework.scripting.support.StandardScriptFactoryTests" tests="3" skipped="0" failures="0" errors="0" timestamp="2023-03-20T07:42:48" hostname="DESKTOP-VGJP1PJ" time="0.593">
  <properties/>
  <testcase name="testRefreshableJsr223FromTagWithInterface()" classname="org.springframework.scripting.support.StandardScriptFactoryTests" time="0.526"/>
  <testcase name="testJsr223FromTagWithInterface()" classname="org.springframework.scripting.support.StandardScriptFactoryTests" time="0.03"/>
  <testcase name="testInlineJsr223FromTagWithInterface()" classname="org.springframework.scripting.support.StandardScriptFactoryTests" time="0.037"/>
  <system-out><![CDATA[]]></system-out>
  <system-err><![CDATA[]]></system-err>
</testsuite>
