<?xml version="1.0" encoding="UTF-8"?>
<testsuite name="org.springframework.aop.aspectj.ProceedTests" tests="4" skipped="0" failures="0" errors="0" timestamp="2023-03-20T07:41:04" hostname="DESKTOP-VGJP1PJ" time="0.15">
  <properties/>
  <testcase name="testProceedWithArgsInSameAspect()" classname="org.springframework.aop.aspectj.ProceedTests" time="0.07"/>
  <testcase name="testGetArgsIsDefensive()" classname="org.springframework.aop.aspectj.ProceedTests" time="0.036"/>
  <testcase name="testProceedWithArgsAcrossAspects()" classname="org.springframework.aop.aspectj.ProceedTests" time="0.021"/>
  <testcase name="testSimpleProceedWithChangedArgs()" classname="org.springframework.aop.aspectj.ProceedTests" time="0.021"/>
  <system-out><![CDATA[]]></system-out>
  <system-err><![CDATA[]]></system-err>
</testsuite>
