<?xml version="1.0" encoding="UTF-8"?>
<testsuite name="org.springframework.aop.aspectj.autoproxy.AnnotationBindingTests" tests="2" skipped="0" failures="0" errors="0" timestamp="2023-03-20T07:40:58" hostname="DESKTOP-VGJP1PJ" time="0.378">
  <properties/>
  <testcase name="testAnnotationBindingInAroundAdvice()" classname="org.springframework.aop.aspectj.autoproxy.AnnotationBindingTests" time="0.319"/>
  <testcase name="testNoMatchingWithoutAnnotationPresent()" classname="org.springframework.aop.aspectj.autoproxy.AnnotationBindingTests" time="0.057"/>
  <system-out><![CDATA[]]></system-out>
  <system-err><![CDATA[]]></system-err>
</testsuite>
