<?xml version="1.0" encoding="UTF-8"?>
<testsuite name="org.springframework.ejb.access.LocalStatelessSessionProxyFactoryBeanTests" tests="4" skipped="0" failures="0" errors="0" timestamp="2023-03-20T07:42:21" hostname="DESKTOP-VGJP1PJ" time="0.115">
  <properties/>
  <testcase name="testInvokesMethodOnEjb3StyleBean()" classname="org.springframework.ejb.access.LocalStatelessSessionProxyFactoryBeanTests" time="0.088"/>
  <testcase name="testNoBusinessInterfaceSpecified()" classname="org.springframework.ejb.access.LocalStatelessSessionProxyFactoryBeanTests" time="0.023"/>
  <testcase name="testCreateException()" classname="org.springframework.ejb.access.LocalStatelessSessionProxyFactoryBeanTests" time="0.002"/>
  <testcase name="testInvokesMethod()" classname="org.springframework.ejb.access.LocalStatelessSessionProxyFactoryBeanTests" time="0.002"/>
  <system-out><![CDATA[]]></system-out>
  <system-err><![CDATA[]]></system-err>
</testsuite>
