<?xml version="1.0" encoding="UTF-8"?>
<testsuite name="org.springframework.cache.interceptor.CacheProxyFactoryBeanTests" tests="1" skipped="0" failures="0" errors="0" timestamp="2023-03-20T07:41:34" hostname="DESKTOP-VGJP1PJ" time="0.035">
  <properties/>
  <testcase name="configurationClassWithCacheProxyFactoryBean()" classname="org.springframework.cache.interceptor.CacheProxyFactoryBeanTests" time="0.035"/>
  <system-out><![CDATA[]]></system-out>
  <system-err><![CDATA[]]></system-err>
</testsuite>
