<?xml version="1.0" encoding="UTF-8"?>
<testsuite name="org.springframework.format.datetime.joda.DateTimeFormatterFactoryBeanTests" tests="4" skipped="0" failures="0" errors="0" timestamp="2023-03-20T07:42:23" hostname="DESKTOP-VGJP1PJ" time="0.001">
  <properties/>
  <testcase name="isSingleton()" classname="org.springframework.format.datetime.joda.DateTimeFormatterFactoryBeanTests" time="0.0"/>
  <testcase name="getObjectIsAlwaysSingleton()" classname="org.springframework.format.datetime.joda.DateTimeFormatterFactoryBeanTests" time="0.001"/>
  <testcase name="getObject()" classname="org.springframework.format.datetime.joda.DateTimeFormatterFactoryBeanTests" time="0.0"/>
  <testcase name="getObjectType()" classname="org.springframework.format.datetime.joda.DateTimeFormatterFactoryBeanTests" time="0.0"/>
  <system-out><![CDATA[]]></system-out>
  <system-err><![CDATA[]]></system-err>
</testsuite>
