<?xml version="1.0" encoding="UTF-8"?>
<testsuite name="org.springframework.validation.beanvalidation.MethodValidationTests" tests="4" skipped="0" failures="0" errors="0" timestamp="2023-03-20T07:42:49" hostname="DESKTOP-VGJP1PJ" time="0.225">
  <properties/>
  <testcase name="testLazyValidatorForMethodValidation()" classname="org.springframework.validation.beanvalidation.MethodValidationTests" time="0.113"/>
  <testcase name="testMethodValidationInterceptor()" classname="org.springframework.validation.beanvalidation.MethodValidationTests" time="0.016"/>
  <testcase name="testLazyValidatorForMethodValidationWithProxyTargetClass()" classname="org.springframework.validation.beanvalidation.MethodValidationTests" time="0.081"/>
  <testcase name="testMethodValidationPostProcessor()" classname="org.springframework.validation.beanvalidation.MethodValidationTests" time="0.014"/>
  <system-out><![CDATA[]]></system-out>
  <system-err><![CDATA[]]></system-err>
</testsuite>
