<?xml version="1.0" encoding="UTF-8"?>
<testsuite name="org.springframework.scheduling.support.BitsCronFieldTests" tests="4" skipped="0" failures="0" errors="0" timestamp="2023-03-20T07:42:39" hostname="DESKTOP-VGJP1PJ" time="0.051">
  <properties/>
  <testcase name="parseWildcards()" classname="org.springframework.scheduling.support.BitsCronFieldTests" time="0.046"/>
  <testcase name="names()" classname="org.springframework.scheduling.support.BitsCronFieldTests" time="0.0"/>
  <testcase name="parse()" classname="org.springframework.scheduling.support.BitsCronFieldTests" time="0.0"/>
  <testcase name="invalidRange()" classname="org.springframework.scheduling.support.BitsCronFieldTests" time="0.004"/>
  <system-out><![CDATA[]]></system-out>
  <system-err><![CDATA[]]></system-err>
</testsuite>
