<?xml version="1.0" encoding="UTF-8"?>
<testsuite name="org.springframework.aop.aspectj.ImplicitJPArgumentMatchingTests" tests="1" skipped="0" failures="0" errors="0" timestamp="2023-03-20T07:41:04" hostname="DESKTOP-VGJP1PJ" time="0.043">
  <properties/>
  <testcase name="testAspect()" classname="org.springframework.aop.aspectj.ImplicitJPArgumentMatchingTests" time="0.043"/>
  <system-out><![CDATA[]]></system-out>
  <system-err><![CDATA[]]></system-err>
</testsuite>
