<?xml version="1.0" encoding="UTF-8"?>
<testsuite name="org.springframework.cache.config.CustomInterceptorTests" tests="3" skipped="0" failures="0" errors="0" timestamp="2023-03-20T07:41:30" hostname="DESKTOP-VGJP1PJ" time="0.098">
  <properties/>
  <testcase name="customInterceptorAppliesWithCheckedException()" classname="org.springframework.cache.config.CustomInterceptorTests" time="0.052"/>
  <testcase name="customInterceptorAppliesWithRuntimeException()" classname="org.springframework.cache.config.CustomInterceptorTests" time="0.024"/>
  <testcase name="onlyOneInterceptorIsAvailable()" classname="org.springframework.cache.config.CustomInterceptorTests" time="0.02"/>
  <system-out><![CDATA[]]></system-out>
  <system-err><![CDATA[]]></system-err>
</testsuite>
