<?xml version="1.0" encoding="UTF-8"?>
<testsuite name="org.springframework.context.annotation.ComponentScanParserScopedProxyTests" tests="5" skipped="0" failures="0" errors="0" timestamp="2023-03-20T07:41:44" hostname="DESKTOP-VGJP1PJ" time="0.126">
  <properties/>
  <testcase name="testDefaultScopedProxy()" classname="org.springframework.context.annotation.ComponentScanParserScopedProxyTests" time="0.011"/>
  <testcase name="testTargetClassScopedProxy()" classname="org.springframework.context.annotation.ComponentScanParserScopedProxyTests" time="0.049"/>
  <testcase name="testInterfacesScopedProxy()" classname="org.springframework.context.annotation.ComponentScanParserScopedProxyTests" time="0.026"/>
  <testcase name="testNoScopedProxy()" classname="org.springframework.context.annotation.ComponentScanParserScopedProxyTests" time="0.023"/>
  <testcase name="testInvalidConfigScopedProxy()" classname="org.springframework.context.annotation.ComponentScanParserScopedProxyTests" time="0.015"/>
  <system-out><![CDATA[]]></system-out>
  <system-err><![CDATA[]]></system-err>
</testsuite>
