<?xml version="1.0" encoding="UTF-8"?>
<testsuite name="org.springframework.context.event.ApplicationListenerMethodAdapterTests" tests="32" skipped="0" failures="0" errors="0" timestamp="2023-03-20T07:42:07" hostname="DESKTOP-VGJP1PJ" time="0.077">
  <properties/>
  <testcase name="invokeListenerCheckedException()" classname="org.springframework.context.event.ApplicationListenerMethodAdapterTests" time="0.002"/>
  <testcase name="listenerWithTooManyParameters()" classname="org.springframework.context.event.ApplicationListenerMethodAdapterTests" time="0.001"/>
  <testcase name="listenerWithPayloadAndGenericInformation()" classname="org.springframework.context.event.ApplicationListenerMethodAdapterTests" time="0.0"/>
  <testcase name="invokeListenerWithSeveralTypes()" classname="org.springframework.context.event.ApplicationListenerMethodAdapterTests" time="0.001"/>
  <testcase name="listenerWithNoParameter()" classname="org.springframework.context.event.ApplicationListenerMethodAdapterTests" time="0.0"/>
  <testcase name="listenerWithSubTypeSeveralGenerics()" classname="org.springframework.context.event.ApplicationListenerMethodAdapterTests" time="0.0"/>
  <testcase name="listenerWithAnnotationValue()" classname="org.springframework.context.event.ApplicationListenerMethodAdapterTests" time="0.0"/>
  <testcase name="invokeListenerRuntimeException()" classname="org.springframework.context.event.ApplicationListenerMethodAdapterTests" time="0.012"/>
  <testcase name="invokeListenerWithPayloadWrongType()" classname="org.springframework.context.event.ApplicationListenerMethodAdapterTests" time="0.001"/>
  <testcase name="invokeListenerWithWrongGenericPayload()" classname="org.springframework.context.event.ApplicationListenerMethodAdapterTests" time="0.002"/>
  <testcase name="listenerWithInvalidPayloadAndGenericInformation()" classname="org.springframework.context.event.ApplicationListenerMethodAdapterTests" time="0.001"/>
  <testcase name="invokeListenerWithAnyGenericPayload()" classname="org.springframework.context.event.ApplicationListenerMethodAdapterTests" time="0.002"/>
  <testcase name="listenerWithAnnotationValueAndParameter()" classname="org.springframework.context.event.ApplicationListenerMethodAdapterTests" time="0.001"/>
  <testcase name="invokeListenerWithGenericPayload()" classname="org.springframework.context.event.ApplicationListenerMethodAdapterTests" time="0.002"/>
  <testcase name="beanInstanceRetrievedAtEveryInvocation()" classname="org.springframework.context.event.ApplicationListenerMethodAdapterTests" time="0.002"/>
  <testcase name="invokeListenerWithAnnotationValue()" classname="org.springframework.context.event.ApplicationListenerMethodAdapterTests" time="0.001"/>
  <testcase name="listenerWithPayloadTypeErasure()" classname="org.springframework.context.event.ApplicationListenerMethodAdapterTests" time="0.001"/>
  <testcase name="invokeListenerWithAnnotationValueAndParameter()" classname="org.springframework.context.event.ApplicationListenerMethodAdapterTests" time="0.002"/>
  <testcase name="genericListenerWrongParameterizedType()" classname="org.springframework.context.event.ApplicationListenerMethodAdapterTests" time="0.001"/>
  <testcase name="defaultOrder()" classname="org.springframework.context.event.ApplicationListenerMethodAdapterTests" time="0.001"/>
  <testcase name="listenerWithAnnotationClasses()" classname="org.springframework.context.event.ApplicationListenerMethodAdapterTests" time="0.001"/>
  <testcase name="specifiedOrder()" classname="org.springframework.context.event.ApplicationListenerMethodAdapterTests" time="0.0"/>
  <testcase name="listenerWithMoreThanOneParameter()" classname="org.springframework.context.event.ApplicationListenerMethodAdapterTests" time="0.002"/>
  <testcase name="genericListener()" classname="org.springframework.context.event.ApplicationListenerMethodAdapterTests" time="0.001"/>
  <testcase name="rawListenerWithGenericEvent()" classname="org.springframework.context.event.ApplicationListenerMethodAdapterTests" time="0.0"/>
  <testcase name="rawListener()" classname="org.springframework.context.event.ApplicationListenerMethodAdapterTests" time="0.001"/>
  <testcase name="invokeListenerInvalidProxy()" classname="org.springframework.context.event.ApplicationListenerMethodAdapterTests" time="0.005"/>
  <testcase name="invokeListenerWithGenericEvent()" classname="org.springframework.context.event.ApplicationListenerMethodAdapterTests" time="0.001"/>
  <testcase name="invokeListener()" classname="org.springframework.context.event.ApplicationListenerMethodAdapterTests" time="0.002"/>
  <testcase name="invokeListenerWithPayload()" classname="org.springframework.context.event.ApplicationListenerMethodAdapterTests" time="0.002"/>
  <testcase name="listenerWithSeveralTypes()" classname="org.springframework.context.event.ApplicationListenerMethodAdapterTests" time="0.004"/>
  <testcase name="listenerWithSubTypeSeveralGenericsResolved()" classname="org.springframework.context.event.ApplicationListenerMethodAdapterTests" time="0.001"/>
  <system-out><![CDATA[]]></system-out>
  <system-err><![CDATA[]]></system-err>
</testsuite>
