<?xml version="1.0" encoding="UTF-8"?>
<testsuite name="org.springframework.jmx.export.PropertyPlaceholderConfigurerTests" tests="2" skipped="0" failures="0" errors="0" timestamp="2023-03-20T07:42:31" hostname="DESKTOP-VGJP1PJ" time="0.029">
  <properties/>
  <testcase name="propertiesReplacedInApplicationContext()" classname="org.springframework.jmx.export.PropertyPlaceholderConfigurerTests" time="0.023"/>
  <testcase name="propertiesCorrectInJmx()" classname="org.springframework.jmx.export.PropertyPlaceholderConfigurerTests" time="0.006"/>
  <system-out><![CDATA[]]></system-out>
  <system-err><![CDATA[]]></system-err>
</testsuite>
