<?xml version="1.0" encoding="UTF-8"?>
<testsuite name="org.springframework.context.support.PropertyResourceConfigurerIntegrationTests" tests="7" skipped="0" failures="0" errors="0" timestamp="2023-03-20T07:42:19" hostname="DESKTOP-VGJP1PJ" time="0.039">
  <properties/>
  <testcase name="testPropertyPlaceholderConfigurerWithSystemPropertyInLocation()" classname="org.springframework.context.support.PropertyResourceConfigurerIntegrationTests" time="0.005"/>
  <testcase name="testPropertyPlaceholderConfigurerWithMultiLevelCircularReference()" classname="org.springframework.context.support.PropertyResourceConfigurerIntegrationTests" time="0.002"/>
  <testcase name="testPropertyPlaceholderConfigurerWithSystemPropertiesInLocation()" classname="org.springframework.context.support.PropertyResourceConfigurerIntegrationTests" time="0.023"/>
  <testcase name="testPropertyPlaceholderConfigurerWithNestedCircularReference()" classname="org.springframework.context.support.PropertyResourceConfigurerIntegrationTests" time="0.002"/>
  <testcase name="testPropertyPlaceholderConfigurerWithNestedUnresolvableReference()" classname="org.springframework.context.support.PropertyResourceConfigurerIntegrationTests" time="0.002"/>
  <testcase name="testPropertyPlaceholderConfigurerWithUnresolvableSystemPropertiesInLocation()" classname="org.springframework.context.support.PropertyResourceConfigurerIntegrationTests" time="0.003"/>
  <testcase name="testPropertyPlaceholderConfigurerWithValueFromSystemProperty()" classname="org.springframework.context.support.PropertyResourceConfigurerIntegrationTests" time="0.001"/>
  <system-out><![CDATA[02:42:19.678 [Test worker] WARN  o.s.c.s.StaticApplicationContext - Exception encountered during context initialization - cancelling refresh attempt: org.springframework.beans.factory.BeanInitializationException: Could not load properties; nested exception is java.io.FileNotFoundException: class path resource [F:/spring-framework-5.3.x/spring-framework-5.3.0-M2/spring-context/test] cannot be opened because it does not exist
02:42:19.680 [Test worker] WARN  o.s.c.s.StaticApplicationContext - Exception encountered during context initialization - cancelling refresh attempt: org.springframework.beans.factory.BeanDefinitionStoreException: Invalid bean definition with name 'tb1' defined in null: Circular placeholder reference 'var' in property definitions; nested exception is java.lang.IllegalArgumentException: Circular placeholder reference 'var' in property definitions
02:42:19.695 [Test worker] WARN  o.s.c.s.StaticApplicationContext - Exception encountered during context initialization - cancelling refresh attempt: org.springframework.beans.factory.BeanInitializationException: Could not load properties; nested exception is java.io.FileNotFoundException: class path resource [F:/spring-framework-5.3.x/spring-framework-5.3.0-M2/spring-context/test/F:/spring-framework-5.3.x/spring-framework-5.3.0-M2/spring-context] cannot be opened because it does not exist
02:42:19.706 [Test worker] WARN  o.s.c.s.StaticApplicationContext - Exception encountered during context initialization - cancelling refresh attempt: org.springframework.beans.factory.BeanDefinitionStoreException: Invalid bean definition with name 'tb1' defined in null: Circular placeholder reference 'm' in property definitions; nested exception is java.lang.IllegalArgumentException: Circular placeholder reference 'm' in property definitions
02:42:19.708 [Test worker] WARN  o.s.c.s.StaticApplicationContext - Exception encountered during context initialization - cancelling refresh attempt: org.springframework.beans.factory.BeanDefinitionStoreException: Invalid bean definition with name 'tb1' defined in null: Could not resolve placeholder 'm2' in value "${m2}"; nested exception is java.lang.IllegalArgumentException: Could not resolve placeholder 'm2' in value "${m2}"
02:42:19.711 [Test worker] WARN  o.s.c.s.StaticApplicationContext - Exception encountered during context initialization - cancelling refresh attempt: org.springframework.beans.factory.BeanInitializationException: Could not load properties; nested exception is java.io.FileNotFoundException: class path resource [${myprop}/test/${myprop}] cannot be opened because it does not exist
]]></system-out>
  <system-err><![CDATA[]]></system-err>
</testsuite>
