<?xml version="1.0" encoding="UTF-8"?>
<testsuite name="org.springframework.aop.config.AopNamespaceHandlerThrowingTests" tests="2" skipped="0" failures="0" errors="0" timestamp="2023-03-20T07:41:07" hostname="DESKTOP-VGJP1PJ" time="0.115">
  <properties/>
  <testcase name="testThrowingOnThrowingAdvice()" classname="org.springframework.aop.config.AopNamespaceHandlerThrowingTests" time="0.097"/>
  <testcase name="testParseThrowingOnOtherAdviceType()" classname="org.springframework.aop.config.AopNamespaceHandlerThrowingTests" time="0.018"/>
  <system-out><![CDATA[]]></system-out>
  <system-err><![CDATA[]]></system-err>
</testsuite>
