<?xml version="1.0" encoding="UTF-8"?>
<testsuite name="org.springframework.context.support.ResourceBundleMessageSourceTests" tests="29" skipped="0" failures="0" errors="0" timestamp="2023-03-20T07:42:19" hostname="DESKTOP-VGJP1PJ" time="0.714">
  <properties/>
  <testcase name="messageAccessWithReloadableMessageSourceAndFallbackTurnedOffAndFallbackToGerman()" classname="org.springframework.context.support.ResourceBundleMessageSourceTests" time="0.078"/>
  <testcase name="messageAccessWithDefaultMessageSource()" classname="org.springframework.context.support.ResourceBundleMessageSourceTests" time="0.018"/>
  <testcase name="reloadableResourceBundleMessageSourceWithCommonMessages()" classname="org.springframework.context.support.ResourceBundleMessageSourceTests" time="0.003"/>
  <testcase name="messageAccessWithDefaultMessageSourceAndMessageFormat()" classname="org.springframework.context.support.ResourceBundleMessageSourceTests" time="0.011"/>
  <testcase name="messageAccessWithDefaultMessageSourceAndFallbackToGerman()" classname="org.springframework.context.support.ResourceBundleMessageSourceTests" time="0.009"/>
  <testcase name="messageAccessWithReloadableMessageSource()" classname="org.springframework.context.support.ResourceBundleMessageSourceTests" time="0.011"/>
  <testcase name="reloadableResourceBundleMessageSourceStandalone()" classname="org.springframework.context.support.ResourceBundleMessageSourceTests" time="0.003"/>
  <testcase name="messageAccessWithDefaultMessageSourceAndFallbackTurnedOffAndFallbackToGerman()" classname="org.springframework.context.support.ResourceBundleMessageSourceTests" time="0.008"/>
  <testcase name="resourceBundleMessageSourceWithDefaultCharset()" classname="org.springframework.context.support.ResourceBundleMessageSourceTests" time="0.003"/>
  <testcase name="defaultApplicationContextMessageSource()" classname="org.springframework.context.support.ResourceBundleMessageSourceTests" time="0.001"/>
  <testcase name="reloadableResourceBundleMessageSourceFileNameCalculation()" classname="org.springframework.context.support.ResourceBundleMessageSourceTests" time="0.001"/>
  <testcase name="reloadableResourceBundleMessageSourceWithCacheSeconds()" classname="org.springframework.context.support.ResourceBundleMessageSourceTests" time="0.221"/>
  <testcase name="reloadableResourceBundleMessageSourceWithInappropriateDefaultCharset()" classname="org.springframework.context.support.ResourceBundleMessageSourceTests" time="0.006"/>
  <testcase name="resourceBundleMessageSourceWithWhitespaceInBasename()" classname="org.springframework.context.support.ResourceBundleMessageSourceTests" time="0.01"/>
  <testcase name="resourceBundleMessageSourceWithInappropriateDefaultCharset()" classname="org.springframework.context.support.ResourceBundleMessageSourceTests" time="0.028"/>
  <testcase name="messageAccessWithReloadableMessageSourceAndMessageFormat()" classname="org.springframework.context.support.ResourceBundleMessageSourceTests" time="0.023"/>
  <testcase name="reloadableResourceBundleMessageSourceWithNonConcurrentRefresh()" classname="org.springframework.context.support.ResourceBundleMessageSourceTests" time="0.226"/>
  <testcase name="reloadableResourceBundleMessageSourceWithWhitespaceInBasename()" classname="org.springframework.context.support.ResourceBundleMessageSourceTests" time="0.002"/>
  <testcase name="staticApplicationContextMessageSourceWithDefaultParent()" classname="org.springframework.context.support.ResourceBundleMessageSourceTests" time="0.001"/>
  <testcase name="messageAccessWithDefaultMessageSourceAndFallbackTurnedOff()" classname="org.springframework.context.support.ResourceBundleMessageSourceTests" time="0.008"/>
  <testcase name="defaultApplicationContextMessageSourceWithParent()" classname="org.springframework.context.support.ResourceBundleMessageSourceTests" time="0.0"/>
  <testcase name="reloadableResourceBundleMessageSourceWithInappropriateGermanCharset()" classname="org.springframework.context.support.ResourceBundleMessageSourceTests" time="0.003"/>
  <testcase name="messageSourceResourceBundle()" classname="org.springframework.context.support.ResourceBundleMessageSourceTests" time="0.004"/>
  <testcase name="messageAccessWithReloadableMessageSourceAndFallbackToGerman()" classname="org.springframework.context.support.ResourceBundleMessageSourceTests" time="0.007"/>
  <testcase name="reloadableResourceBundleMessageSourceWithDefaultCharset()" classname="org.springframework.context.support.ResourceBundleMessageSourceTests" time="0.003"/>
  <testcase name="reloadableResourceBundleMessageSourceWithInappropriateEnglishCharset()" classname="org.springframework.context.support.ResourceBundleMessageSourceTests" time="0.003"/>
  <testcase name="staticApplicationContextMessageSourceWithStaticParent()" classname="org.springframework.context.support.ResourceBundleMessageSourceTests" time="0.0"/>
  <testcase name="resourceBundleMessageSourceStandalone()" classname="org.springframework.context.support.ResourceBundleMessageSourceTests" time="0.003"/>
  <testcase name="messageAccessWithReloadableMessageSourceAndFallbackTurnedOff()" classname="org.springframework.context.support.ResourceBundleMessageSourceTests" time="0.012"/>
  <system-out><![CDATA[02:42:20.186 [Test worker] WARN  o.s.c.s.ResourceBundleMessageSource - ResourceBundle [org/springframework/context/support/messages] not found for MessageSource: Can't find bundle for base name org/springframework/context/support/messages, locale en
]]></system-out>
  <system-err><![CDATA[]]></system-err>
</testsuite>
