<?xml version="1.0" encoding="UTF-8"?>
<testsuite name="org.springframework.scheduling.concurrent.ScheduledExecutorFactoryBeanTests" tests="11" skipped="5" failures="0" errors="0" timestamp="2023-03-20T07:42:33" hostname="DESKTOP-VGJP1PJ" time="0.033">
  <properties/>
  <testcase name="throwsExceptionIfPoolSizeIsLessThanZero()" classname="org.springframework.scheduling.concurrent.ScheduledExecutorFactoryBeanTests" time="0.001"/>
  <testcase name="withInitialDelayRepeatedExecutionIsSetUpAndFiresCorrectly()" classname="org.springframework.scheduling.concurrent.ScheduledExecutorFactoryBeanTests" time="0.0">
    <skipped/>
  </testcase>
  <testcase name="withInitialDelayRepeatedExecutionIsSetUpAndFiresCorrectlyAfterException()" classname="org.springframework.scheduling.concurrent.ScheduledExecutorFactoryBeanTests" time="0.0">
    <skipped/>
  </testcase>
  <testcase name="settingThreadFactoryToNullForcesUseOfDefaultButIsOtherwiseCool()" classname="org.springframework.scheduling.concurrent.ScheduledExecutorFactoryBeanTests" time="0.001"/>
  <testcase name="shutdownIsPropagatedToTheExecutorOnDestroy()" classname="org.springframework.scheduling.concurrent.ScheduledExecutorFactoryBeanTests" time="0.025"/>
  <testcase name="fixedRepeatedExecutionIsSetUpAndFiresCorrectlyAfterException()" classname="org.springframework.scheduling.concurrent.ScheduledExecutorFactoryBeanTests" time="0.0">
    <skipped/>
  </testcase>
  <testcase name="settingRejectedExecutionHandlerToNullForcesUseOfDefaultButIsOtherwiseCool()" classname="org.springframework.scheduling.concurrent.ScheduledExecutorFactoryBeanTests" time="0.001"/>
  <testcase name="fixedRepeatedExecutionIsSetUpAndFiresCorrectly()" classname="org.springframework.scheduling.concurrent.ScheduledExecutorFactoryBeanTests" time="0.001">
    <skipped/>
  </testcase>
  <testcase name="oneTimeExecutionIsSetUpAndFiresCorrectly()" classname="org.springframework.scheduling.concurrent.ScheduledExecutorFactoryBeanTests" time="0.0">
    <skipped/>
  </testcase>
  <testcase name="objectTypeReportsCorrectType()" classname="org.springframework.scheduling.concurrent.ScheduledExecutorFactoryBeanTests" time="0.001"/>
  <testcase name="shutdownNowIsPropagatedToTheExecutorOnDestroy()" classname="org.springframework.scheduling.concurrent.ScheduledExecutorFactoryBeanTests" time="0.001"/>
  <system-out><![CDATA[]]></system-out>
  <system-err><![CDATA[]]></system-err>
</testsuite>
