<?xml version="1.0" encoding="UTF-8"?>
<testsuite name="org.springframework.context.support.ConversionServiceFactoryBeanTests" tests="5" skipped="0" failures="0" errors="0" timestamp="2023-03-20T07:42:18" hostname="DESKTOP-VGJP1PJ" time="0.128">
  <properties/>
  <testcase name="createDefaultConversionService()" classname="org.springframework.context.support.ConversionServiceFactoryBeanTests" time="0.0"/>
  <testcase name="conversionServiceInApplicationContext()" classname="org.springframework.context.support.ConversionServiceFactoryBeanTests" time="0.045"/>
  <testcase name="conversionServiceInApplicationContextWithResourceOverriding()" classname="org.springframework.context.support.ConversionServiceFactoryBeanTests" time="0.026"/>
  <testcase name="createDefaultConversionServiceWithInvalidSupplements()" classname="org.springframework.context.support.ConversionServiceFactoryBeanTests" time="0.001"/>
  <testcase name="createDefaultConversionServiceWithSupplements()" classname="org.springframework.context.support.ConversionServiceFactoryBeanTests" time="0.055"/>
  <system-out><![CDATA[]]></system-out>
  <system-err><![CDATA[]]></system-err>
</testsuite>
