<?xml version="1.0" encoding="UTF-8"?>
<testsuite name="org.springframework.context.annotation.NestedConfigurationClassTests" tests="8" skipped="0" failures="0" errors="0" timestamp="2023-03-20T07:41:52" hostname="DESKTOP-VGJP1PJ" time="0.113">
  <properties/>
  <testcase name="twoLevelsWithNoBeanMethods()" classname="org.springframework.context.annotation.NestedConfigurationClassTests" time="0.021"/>
  <testcase name="twoLevelsDeepWithInheritanceThroughImport()" classname="org.springframework.context.annotation.NestedConfigurationClassTests" time="0.038"/>
  <testcase name="twoLevelsDeep()" classname="org.springframework.context.annotation.NestedConfigurationClassTests" time="0.008"/>
  <testcase name="oneLevelDeep()" classname="org.springframework.context.annotation.NestedConfigurationClassTests" time="0.005"/>
  <testcase name="twoLevelsDeepWithInheritance()" classname="org.springframework.context.annotation.NestedConfigurationClassTests" time="0.007"/>
  <testcase name="twoLevelsInLiteMode()" classname="org.springframework.context.annotation.NestedConfigurationClassTests" time="0.005"/>
  <testcase name="twoLevelsDeepWithInheritanceAndScopedProxy()" classname="org.springframework.context.annotation.NestedConfigurationClassTests" time="0.016"/>
  <testcase name="twoLevelsOnNonAnnotatedBaseClass()" classname="org.springframework.context.annotation.NestedConfigurationClassTests" time="0.009"/>
  <system-out><![CDATA[]]></system-out>
  <system-err><![CDATA[]]></system-err>
</testsuite>
