<?xml version="1.0" encoding="UTF-8"?>
<testsuite name="org.springframework.jmx.export.naming.IdentityNamingStrategyTests" tests="1" skipped="0" failures="0" errors="0" timestamp="2023-03-20T07:42:30" hostname="DESKTOP-VGJP1PJ" time="0.003">
  <properties/>
  <testcase name="naming()" classname="org.springframework.jmx.export.naming.IdentityNamingStrategyTests" time="0.003"/>
  <system-out><![CDATA[]]></system-out>
  <system-err><![CDATA[]]></system-err>
</testsuite>
