<?xml version="1.0" encoding="UTF-8"?>
<testsuite name="org.springframework.context.annotation.configuration.ConfigurationClassWithPlaceholderConfigurerBeanTests" tests="5" skipped="0" failures="0" errors="0" timestamp="2023-03-20T07:41:46" hostname="DESKTOP-VGJP1PJ" time="0.055">
  <properties/>
  <testcase name="valueFieldsAreProcessedWhenStaticPlaceholderConfigurerIsIntegrated()" classname="org.springframework.context.annotation.configuration.ConfigurationClassWithPlaceholderConfigurerBeanTests" time="0.009"/>
  <testcase name="valueFieldsAreProcessedWhenPlaceholderConfigurerIsSegregated()" classname="org.springframework.context.annotation.configuration.ConfigurationClassWithPlaceholderConfigurerBeanTests" time="0.027"/>
  <testcase name="valueFieldsAreNotProcessedWhenPlaceholderConfigurerIsIntegrated()" classname="org.springframework.context.annotation.configuration.ConfigurationClassWithPlaceholderConfigurerBeanTests" time="0.01"/>
  <testcase name="valueFieldsResolveToPlaceholderSpecifiedDefaultValuesWithPlaceholderConfigurer()" classname="org.springframework.context.annotation.configuration.ConfigurationClassWithPlaceholderConfigurerBeanTests" time="0.003"/>
  <testcase name="valueFieldsResolveToPlaceholderSpecifiedDefaultValuesWithoutPlaceholderConfigurer()" classname="org.springframework.context.annotation.configuration.ConfigurationClassWithPlaceholderConfigurerBeanTests" time="0.003"/>
  <system-out><![CDATA[]]></system-out>
  <system-err><![CDATA[]]></system-err>
</testsuite>
