<?xml version="1.0" encoding="UTF-8"?>
<testsuite name="org.springframework.ui.ModelExtensionsTests" tests="1" skipped="0" failures="0" errors="0" timestamp="2023-03-20T07:43:01" hostname="DESKTOP-VGJP1PJ" time="0.024">
  <properties/>
  <testcase name="setAttribute()" classname="org.springframework.ui.ModelExtensionsTests" time="0.024"/>
  <system-out><![CDATA[]]></system-out>
  <system-err><![CDATA[]]></system-err>
</testsuite>
