<?xml version="1.0" encoding="UTF-8"?>
<testsuite name="org.springframework.jmx.export.annotation.EnableMBeanExportConfigurationTests" tests="8" skipped="0" failures="0" errors="0" timestamp="2023-03-20T07:42:29" hostname="DESKTOP-VGJP1PJ" time="0.123">
  <properties/>
  <testcase name="testOnlyTargetClassIsExposed()" classname="org.springframework.jmx.export.annotation.EnableMBeanExportConfigurationTests" time="0.026"/>
  <testcase name="testComponentScan()" classname="org.springframework.jmx.export.annotation.EnableMBeanExportConfigurationTests" time="0.024"/>
  <testcase name="testPackagePrivateClassExtensionCanBeExposed()" classname="org.springframework.jmx.export.annotation.EnableMBeanExportConfigurationTests" time="0.013"/>
  <testcase name="testPackagePrivateExtensionCantBeExposed()" classname="org.springframework.jmx.export.annotation.EnableMBeanExportConfigurationTests" time="0.009"/>
  <testcase name="testLazyNaming()" classname="org.springframework.jmx.export.annotation.EnableMBeanExportConfigurationTests" time="0.011"/>
  <testcase name="testLazyAssembling()" classname="org.springframework.jmx.export.annotation.EnableMBeanExportConfigurationTests" time="0.017"/>
  <testcase name="testPlaceholderBased()" classname="org.springframework.jmx.export.annotation.EnableMBeanExportConfigurationTests" time="0.013"/>
  <testcase name="testPackagePrivateImplementationCantBeExposed()" classname="org.springframework.jmx.export.annotation.EnableMBeanExportConfigurationTests" time="0.01"/>
  <system-out><![CDATA[]]></system-out>
  <system-err><![CDATA[Mar 20, 2023 2:42:29 AM ClientIntermediary close
INFO: java.io.IOException: The connection is not currently established.
java.io.IOException: The connection is not currently established.
	at com.sun.jmx.remote.generic.ClientSynchroMessageConnectionImpl.checkState(ClientSynchroMessageConnectionImpl.java:617)
	at com.sun.jmx.remote.generic.ClientSynchroMessageConnectionImpl.sendOneWay(ClientSynchroMessageConnectionImpl.java:202)
	at javax.management.remote.generic.GenericConnector.close(GenericConnector.java:300)
	at javax.management.remote.generic.GenericConnector.close(GenericConnector.java:271)
	at javax.management.remote.generic.ClientIntermediary$GenericClientCommunicatorAdmin.doStop(ClientIntermediary.java:897)
	at com.sun.jmx.remote.opt.internal.ClientCommunicatorAdmin.restart(ClientCommunicatorAdmin.java:172)
	at com.sun.jmx.remote.opt.internal.ClientCommunicatorAdmin.gotIOException(ClientCommunicatorAdmin.java:73)
	at javax.management.remote.generic.GenericConnector$RequestHandler.execute(GenericConnector.java:662)
	at com.sun.jmx.remote.generic.ClientSynchroMessageConnectionImpl$RemoteJob.run(ClientSynchroMessageConnectionImpl.java:568)
	at com.sun.jmx.remote.opt.util.ThreadService$ThreadServiceJob.run(ThreadService.java:248)
	at com.sun.jmx.remote.opt.util.JobExecutor.run(JobExecutor.java:99)

]]></system-err>
</testsuite>
