<?xml version="1.0" encoding="UTF-8"?>
<testsuite name="org.springframework.context.support.BeanDefinitionDslTests" tests="8" skipped="0" failures="0" errors="0" timestamp="2023-03-20T07:42:59" hostname="DESKTOP-VGJP1PJ" time="2.171">
  <properties/>
  <testcase name="Declare beans leveraging constructor injection()" classname="org.springframework.context.support.BeanDefinitionDslTests" time="0.439"/>
  <testcase name="Declare beans with the functional Kotlin DSL()" classname="org.springframework.context.support.BeanDefinitionDslTests" time="0.173"/>
  <testcase name="Declare beans using profile condition with the functional Kotlin DSL()" classname="org.springframework.context.support.BeanDefinitionDslTests" time="0.177"/>
  <testcase name="Retrieve multiple beans via a bean provider()" classname="org.springframework.context.support.BeanDefinitionDslTests" time="0.255"/>
  <testcase name="Declare beans leveraging callable reference()" classname="org.springframework.context.support.BeanDefinitionDslTests" time="0.169"/>
  <testcase name="Declare beans with accepted profiles()" classname="org.springframework.context.support.BeanDefinitionDslTests" time="0.41"/>
  <testcase name="Declare beans using environment condition with the functional Kotlin DSL()" classname="org.springframework.context.support.BeanDefinitionDslTests" time="0.447"/>
  <testcase name="Declare beans depending on environment properties()" classname="org.springframework.context.support.BeanDefinitionDslTests" time="0.098"/>
  <system-out><![CDATA[]]></system-out>
  <system-err><![CDATA[]]></system-err>
</testsuite>
