<?xml version="1.0" encoding="UTF-8"?>
<testsuite name="org.springframework.context.annotation.RoleAndDescriptionAnnotationTests" tests="3" skipped="0" failures="0" errors="0" timestamp="2023-03-20T07:41:53" hostname="DESKTOP-VGJP1PJ" time="0.015">
  <properties/>
  <testcase name="viaComponentScanning()" classname="org.springframework.context.annotation.RoleAndDescriptionAnnotationTests" time="0.006"/>
  <testcase name="onBeanMethod()" classname="org.springframework.context.annotation.RoleAndDescriptionAnnotationTests" time="0.007"/>
  <testcase name="onComponentClass()" classname="org.springframework.context.annotation.RoleAndDescriptionAnnotationTests" time="0.002"/>
  <system-out><![CDATA[]]></system-out>
  <system-err><![CDATA[]]></system-err>
</testsuite>
