<?xml version="1.0" encoding="UTF-8"?>
<testsuite name="org.springframework.context.annotation.configuration.DuplicateConfigurationClassPostProcessorTests" tests="1" skipped="0" failures="0" errors="0" timestamp="2023-03-20T07:41:47" hostname="DESKTOP-VGJP1PJ" time="0.009">
  <properties/>
  <testcase name="repro()" classname="org.springframework.context.annotation.configuration.DuplicateConfigurationClassPostProcessorTests" time="0.009"/>
  <system-out><![CDATA[]]></system-out>
  <system-err><![CDATA[]]></system-err>
</testsuite>
