<?xml version="1.0" encoding="UTF-8"?>
<testsuite name="org.springframework.aop.framework.ObjenesisProxyTests" tests="1" skipped="0" failures="0" errors="0" timestamp="2023-03-20T07:41:11" hostname="DESKTOP-VGJP1PJ" time="0.444">
  <properties/>
  <testcase name="appliesAspectToClassWithComplexConstructor()" classname="org.springframework.aop.framework.ObjenesisProxyTests" time="0.444"/>
  <system-out><![CDATA[]]></system-out>
  <system-err><![CDATA[]]></system-err>
</testsuite>
