<?xml version="1.0" encoding="UTF-8"?>
<testsuite name="org.springframework.jms.support.destination.DynamicDestinationResolverTests" tests="4" skipped="0" failures="0" errors="0" timestamp="2023-03-20T07:55:01" hostname="DESKTOP-VGJP1PJ" time="0.004">
  <properties/>
  <testcase name="resolveWithPubSubVanillaSession()" classname="org.springframework.jms.support.destination.DynamicDestinationResolverTests" time="0.002"/>
  <testcase name="resolveWithPubSubTopicSession()" classname="org.springframework.jms.support.destination.DynamicDestinationResolverTests" time="0.0"/>
  <testcase name="resolveWithPointToPointVanillaSession()" classname="org.springframework.jms.support.destination.DynamicDestinationResolverTests" time="0.001"/>
  <testcase name="resolveWithPointToPointQueueSession()" classname="org.springframework.jms.support.destination.DynamicDestinationResolverTests" time="0.001"/>
  <system-out><![CDATA[]]></system-out>
  <system-err><![CDATA[]]></system-err>
</testsuite>
