<?xml version="1.0" encoding="UTF-8"?>
<testsuite name="org.springframework.jms.annotation.AnnotationDrivenNamespaceTests" tests="9" skipped="0" failures="0" errors="0" timestamp="2023-03-20T07:54:37" hostname="DESKTOP-VGJP1PJ" time="12.213">
  <properties/>
  <testcase name="jmsListeners()" classname="org.springframework.jms.annotation.AnnotationDrivenNamespaceTests" time="5.904"/>
  <testcase name="sampleConfiguration()" classname="org.springframework.jms.annotation.AnnotationDrivenNamespaceTests" time="0.078"/>
  <testcase name="customConfiguration()" classname="org.springframework.jms.annotation.AnnotationDrivenNamespaceTests" time="0.176"/>
  <testcase name="jmsHandlerMethodFactoryConfiguration()" classname="org.springframework.jms.annotation.AnnotationDrivenNamespaceTests" time="5.486"/>
  <testcase name="explicitContainerFactory()" classname="org.springframework.jms.annotation.AnnotationDrivenNamespaceTests" time="0.072"/>
  <testcase name="fullConfiguration()" classname="org.springframework.jms.annotation.AnnotationDrivenNamespaceTests" time="0.097"/>
  <testcase name="defaultContainerFactory()" classname="org.springframework.jms.annotation.AnnotationDrivenNamespaceTests" time="0.063"/>
  <testcase name="fullConfigurableConfiguration()" classname="org.springframework.jms.annotation.AnnotationDrivenNamespaceTests" time="0.297"/>
  <testcase name="jmsListenerIsRepeatable()" classname="org.springframework.jms.annotation.AnnotationDrivenNamespaceTests" time="0.034"/>
  <system-out><![CDATA[]]></system-out>
  <system-err><![CDATA[]]></system-err>
</testsuite>
