<?xml version="1.0" encoding="UTF-8"?>
<testsuite name="org.springframework.jms.config.JmsListenerEndpointTests" tests="5" skipped="0" failures="0" errors="0" timestamp="2023-03-20T07:54:53" hostname="DESKTOP-VGJP1PJ" time="0.337">
  <properties/>
  <testcase name="setupMessageContainerNoListener()" classname="org.springframework.jms.config.JmsListenerEndpointTests" time="0.004"/>
  <testcase name="setupJcaMessageContainerFullConfig()" classname="org.springframework.jms.config.JmsListenerEndpointTests" time="0.004"/>
  <testcase name="setupMessageContainerUnsupportedContainer()" classname="org.springframework.jms.config.JmsListenerEndpointTests" time="0.321"/>
  <testcase name="setupJmsMessageContainerFullConfig()" classname="org.springframework.jms.config.JmsListenerEndpointTests" time="0.001"/>
  <testcase name="setupConcurrencySimpleContainer()" classname="org.springframework.jms.config.JmsListenerEndpointTests" time="0.001"/>
  <system-out><![CDATA[]]></system-out>
  <system-err><![CDATA[]]></system-err>
</testsuite>
