<?xml version="1.0" encoding="UTF-8"?>
<testsuite name="org.springframework.jms.support.destination.JndiDestinationResolverTests" tests="4" skipped="0" failures="0" errors="0" timestamp="2023-03-20T07:55:01" hostname="DESKTOP-VGJP1PJ" time="0.005">
  <properties/>
  <testcase name="testDoesNotDelegateToFallbackIfNotResolvedInJndi()" classname="org.springframework.jms.support.destination.JndiDestinationResolverTests" time="0.002"/>
  <testcase name="testHitsCacheSecondTimeThrough()" classname="org.springframework.jms.support.destination.JndiDestinationResolverTests" time="0.001"/>
  <testcase name="testDelegatesToFallbackIfNotResolvedInJndi()" classname="org.springframework.jms.support.destination.JndiDestinationResolverTests" time="0.001"/>
  <testcase name="testDoesNotUseCacheIfCachingIsTurnedOff()" classname="org.springframework.jms.support.destination.JndiDestinationResolverTests" time="0.001"/>
  <system-out><![CDATA[]]></system-out>
  <system-err><![CDATA[]]></system-err>
</testsuite>
