<?xml version="1.0" encoding="UTF-8"?>
<testsuite name="org.springframework.jms.support.converter.MessagingMessageConverterTests" tests="3" skipped="0" failures="0" errors="0" timestamp="2023-03-20T07:55:01" hostname="DESKTOP-VGJP1PJ" time="0.011">
  <properties/>
  <testcase name="simpleObject()" classname="org.springframework.jms.support.converter.MessagingMessageConverterTests" time="0.009"/>
  <testcase name="onlyHandlesMessage()" classname="org.springframework.jms.support.converter.MessagingMessageConverterTests" time="0.002"/>
  <testcase name="customPayloadConverter()" classname="org.springframework.jms.support.converter.MessagingMessageConverterTests" time="0.0"/>
  <system-out><![CDATA[]]></system-out>
  <system-err><![CDATA[]]></system-err>
</testsuite>
