<?xml version="1.0" encoding="UTF-8"?>
<testsuite name="org.springframework.jms.remoting.JmsInvokerTests" tests="3" skipped="0" failures="0" errors="0" timestamp="2023-03-20T07:55:00" hostname="DESKTOP-VGJP1PJ" time="0.246">
  <properties/>
  <testcase name="testJmsInvokerProxyFactoryBeanAndServiceExporterWithDynamicQueue()" classname="org.springframework.jms.remoting.JmsInvokerTests" time="0.058"/>
  <testcase name="testJmsInvokerProxyFactoryBeanAndServiceExporter()" classname="org.springframework.jms.remoting.JmsInvokerTests" time="0.018"/>
  <testcase name="receiveTimeoutExpired()" classname="org.springframework.jms.remoting.JmsInvokerTests" time="0.166"/>
  <system-out><![CDATA[]]></system-out>
  <system-err><![CDATA[]]></system-err>
</testsuite>
