<?xml version="1.0" encoding="UTF-8"?>
<testsuite name="org.springframework.jms.core.JmsTemplateTests" tests="48" skipped="0" failures="0" errors="0" timestamp="2023-03-20T07:54:57" hostname="DESKTOP-VGJP1PJ" time="0.468">
  <properties/>
  <testcase name="testMessageNotWriteableException()" classname="org.springframework.jms.core.JmsTemplateTests" time="0.003"/>
  <testcase name="testReceiveAndConvertDefaultDestination()" classname="org.springframework.jms.core.JmsTemplateTests" time="0.003"/>
  <testcase name="testMessageFormatException()" classname="org.springframework.jms.core.JmsTemplateTests" time="0.007"/>
  <testcase name="testTransactionRolledBackException()" classname="org.springframework.jms.core.JmsTemplateTests" time="0.003"/>
  <testcase name="testReceiveDestinationWithSelector()" classname="org.springframework.jms.core.JmsTemplateTests" time="0.049"/>
  <testcase name="testReceiveAndConvertDefaultDestinationName()" classname="org.springframework.jms.core.JmsTemplateTests" time="0.004"/>
  <testcase name="testReceiveDefaultDestinationName()" classname="org.springframework.jms.core.JmsTemplateTests" time="0.007"/>
  <testcase name="testSendDefaultDestination()" classname="org.springframework.jms.core.JmsTemplateTests" time="0.005"/>
  <testcase name="testReceiveAndConvertDefaultDestinationWithSelector()" classname="org.springframework.jms.core.JmsTemplateTests" time="0.002"/>
  <testcase name="testReceiveDestinationWithClientAcknowledge()" classname="org.springframework.jms.core.JmsTemplateTests" time="0.039"/>
  <testcase name="testJmsSecurityException()" classname="org.springframework.jms.core.JmsTemplateTests" time="0.002"/>
  <testcase name="testSendDestinationName()" classname="org.springframework.jms.core.JmsTemplateTests" time="0.005"/>
  <testcase name="testSendDestinationWithQOS()" classname="org.springframework.jms.core.JmsTemplateTests" time="0.002"/>
  <testcase name="testReceiveDefaultDestinationNameWithSelector()" classname="org.springframework.jms.core.JmsTemplateTests" time="0.01"/>
  <testcase name="testSessionCallback()" classname="org.springframework.jms.core.JmsTemplateTests" time="0.001"/>
  <testcase name="testReceiveDestinationName()" classname="org.springframework.jms.core.JmsTemplateTests" time="0.003"/>
  <testcase name="testExceptionStackTrace()" classname="org.springframework.jms.core.JmsTemplateTests" time="0.002"/>
  <testcase name="testReceiveDestinationNameWithSelector()" classname="org.springframework.jms.core.JmsTemplateTests" time="0.002"/>
  <testcase name="testSendDefaultDestinationNameWithQOS()" classname="org.springframework.jms.core.JmsTemplateTests" time="0.006"/>
  <testcase name="testInvalidSelectorException()" classname="org.springframework.jms.core.JmsTemplateTests" time="0.002"/>
  <testcase name="testReceiveAndConvertDestination()" classname="org.springframework.jms.core.JmsTemplateTests" time="0.002"/>
  <testcase name="testTransactionInProgressException()" classname="org.springframework.jms.core.JmsTemplateTests" time="0.004"/>
  <testcase name="testUncategorizedJmsException()" classname="org.springframework.jms.core.JmsTemplateTests" time="0.003"/>
  <testcase name="testMessageEOFException()" classname="org.springframework.jms.core.JmsTemplateTests" time="0.002"/>
  <testcase name="testIllegalStateException()" classname="org.springframework.jms.core.JmsTemplateTests" time="0.005"/>
  <testcase name="testReceiveAndConvertDestinationName()" classname="org.springframework.jms.core.JmsTemplateTests" time="0.006"/>
  <testcase name="testSendAndReceiveDestinationName()" classname="org.springframework.jms.core.JmsTemplateTests" time="0.019"/>
  <testcase name="testSendDestination()" classname="org.springframework.jms.core.JmsTemplateTests" time="0.004"/>
  <testcase name="testSendAndReceiveDefaultDestination()" classname="org.springframework.jms.core.JmsTemplateTests" time="0.003"/>
  <testcase name="testProducerCallback()" classname="org.springframework.jms.core.JmsTemplateTests" time="0.004"/>
  <testcase name="testSendAndReceiveDefaultDestinationName()" classname="org.springframework.jms.core.JmsTemplateTests" time="0.002"/>
  <testcase name="testConverter()" classname="org.springframework.jms.core.JmsTemplateTests" time="0.002"/>
  <testcase name="testResourceAllocationException()" classname="org.springframework.jms.core.JmsTemplateTests" time="0.006"/>
  <testcase name="testSendDefaultDestinationName()" classname="org.springframework.jms.core.JmsTemplateTests" time="0.012"/>
  <testcase name="testInvalidDestinationException()" classname="org.springframework.jms.core.JmsTemplateTests" time="0.003"/>
  <testcase name="testReceiveAndConvertDestinationWithSelector()" classname="org.springframework.jms.core.JmsTemplateTests" time="0.013"/>
  <testcase name="testProducerCallbackWithIdAndTimestampDisabled()" classname="org.springframework.jms.core.JmsTemplateTests" time="0.014"/>
  <testcase name="testInvalidClientIDException()" classname="org.springframework.jms.core.JmsTemplateTests" time="0.006"/>
  <testcase name="testReceiveAndConvertDestinationNameWithSelector()" classname="org.springframework.jms.core.JmsTemplateTests" time="0.004"/>
  <testcase name="testSendAndReceiveDestination()" classname="org.springframework.jms.core.JmsTemplateTests" time="0.007"/>
  <testcase name="testReceiveDefaultDestination()" classname="org.springframework.jms.core.JmsTemplateTests" time="0.005"/>
  <testcase name="testReceiveDefaultDestinationWithSelector()" classname="org.springframework.jms.core.JmsTemplateTests" time="0.002"/>
  <testcase name="testSendDestinationNameWithQOS()" classname="org.springframework.jms.core.JmsTemplateTests" time="0.003"/>
  <testcase name="testReceiveDestination()" classname="org.springframework.jms.core.JmsTemplateTests" time="0.03"/>
  <testcase name="testSendDefaultDestinationWithQOS()" classname="org.springframework.jms.core.JmsTemplateTests" time="0.006"/>
  <testcase name="testSessionCallbackWithinSynchronizedTransaction()" classname="org.springframework.jms.core.JmsTemplateTests" time="0.003"/>
  <testcase name="testReceiveDestinationWithClientAcknowledgeWithSelector()" classname="org.springframework.jms.core.JmsTemplateTests" time="0.003"/>
  <testcase name="testMessageNotReadableException()" classname="org.springframework.jms.core.JmsTemplateTests" time="0.009"/>
  <system-out><![CDATA[]]></system-out>
  <system-err><![CDATA[]]></system-err>
</testsuite>
