<?xml version="1.0" encoding="UTF-8"?>
<testsuite name="org.springframework.jms.core.support.JmsGatewaySupportTests" tests="2" skipped="0" failures="0" errors="0" timestamp="2023-03-20T07:54:58" hostname="DESKTOP-VGJP1PJ" time="0.003">
  <properties/>
  <testcase name="testJmsGatewaySupportWithJmsTemplate()" classname="org.springframework.jms.core.support.JmsGatewaySupportTests" time="0.001"/>
  <testcase name="testJmsGatewaySupportWithConnectionFactory()" classname="org.springframework.jms.core.support.JmsGatewaySupportTests" time="0.001"/>
  <system-out><![CDATA[]]></system-out>
  <system-err><![CDATA[]]></system-err>
</testsuite>
