<?xml version="1.0" encoding="UTF-8"?>
<testsuite name="org.springframework.jms.config.MethodJmsListenerEndpointTests" tests="27" skipped="0" failures="0" errors="0" timestamp="2023-03-20T07:54:55" hostname="DESKTOP-VGJP1PJ" time="0.528">
  <properties/>
  <testcase name="processAndReplyWithCustomReplyQosSettings()" classname="org.springframework.jms.config.MethodJmsListenerEndpointTests" time="0.078"/>
  <testcase name="processAndReplyWithSendToQueue()" classname="org.springframework.jms.config.MethodJmsListenerEndpointTests" time="0.003"/>
  <testcase name="processAndReplyWithSendToTopic()" classname="org.springframework.jms.config.MethodJmsListenerEndpointTests" time="0.003"/>
  <testcase name="resolveHeaders()" classname="org.springframework.jms.config.MethodJmsListenerEndpointTests" time="0.003"/>
  <testcase name="processFromQueueAndReplyWithSendToTopic()" classname="org.springframework.jms.config.MethodJmsListenerEndpointTests" time="0.003"/>
  <testcase name="resolveConvertedPayload()" classname="org.springframework.jms.config.MethodJmsListenerEndpointTests" time="0.005"/>
  <testcase name="invalidSendTo()" classname="org.springframework.jms.config.MethodJmsListenerEndpointTests" time="0.002"/>
  <testcase name="validatePayloadInvalid()" classname="org.springframework.jms.config.MethodJmsListenerEndpointTests" time="0.036"/>
  <testcase name="resolveJmsMessageHeaderAccessor()" classname="org.springframework.jms.config.MethodJmsListenerEndpointTests" time="0.002"/>
  <testcase name="resolveHeaderAndPayload()" classname="org.springframework.jms.config.MethodJmsListenerEndpointTests" time="0.003"/>
  <testcase name="resolveMessageAndSession()" classname="org.springframework.jms.config.MethodJmsListenerEndpointTests" time="0.001"/>
  <testcase name="validatePayloadValid()" classname="org.springframework.jms.config.MethodJmsListenerEndpointTests" time="0.004"/>
  <testcase name="resolveCustomHeaderNameAndPayload()" classname="org.springframework.jms.config.MethodJmsListenerEndpointTests" time="0.002"/>
  <testcase name="resolveCustomHeaderNameAndPayloadWithHeaderNameSet()" classname="org.springframework.jms.config.MethodJmsListenerEndpointTests" time="0.001"/>
  <testcase name="invalidPayloadType()" classname="org.springframework.jms.config.MethodJmsListenerEndpointTests" time="0.002"/>
  <testcase name="createMessageListenerNoFactory()" classname="org.springframework.jms.config.MethodJmsListenerEndpointTests" time="0.002"/>
  <testcase name="processFromTopicAndReplyWithSendToQueue()" classname="org.springframework.jms.config.MethodJmsListenerEndpointTests" time="0.004"/>
  <testcase name="setExtraCollaborators()" classname="org.springframework.jms.config.MethodJmsListenerEndpointTests" time="0.146"/>
  <testcase name="invalidMessagePayloadType()" classname="org.springframework.jms.config.MethodJmsListenerEndpointTests" time="0.004"/>
  <testcase name="processAndReply()" classname="org.springframework.jms.config.MethodJmsListenerEndpointTests" time="0.011"/>
  <testcase name="processAndReplyWithNullReplyQosSettings()" classname="org.springframework.jms.config.MethodJmsListenerEndpointTests" time="0.003"/>
  <testcase name="resolveMessageHeaders()" classname="org.springframework.jms.config.MethodJmsListenerEndpointTests" time="0.001"/>
  <testcase name="resolveGenericMessage()" classname="org.springframework.jms.config.MethodJmsListenerEndpointTests" time="0.001"/>
  <testcase name="emptySendTo()" classname="org.springframework.jms.config.MethodJmsListenerEndpointTests" time="0.003"/>
  <testcase name="resolveObjectPayload()" classname="org.springframework.jms.config.MethodJmsListenerEndpointTests" time="0.156"/>
  <testcase name="createMessageListener()" classname="org.springframework.jms.config.MethodJmsListenerEndpointTests" time="0.004"/>
  <testcase name="processAndReplyWithDefaultSendTo()" classname="org.springframework.jms.config.MethodJmsListenerEndpointTests" time="0.005"/>
  <system-out><![CDATA[]]></system-out>
  <system-err><![CDATA[]]></system-err>
</testsuite>
