<?xml version="1.0" encoding="UTF-8"?>
<testsuite name="org.springframework.core.env.KotlinPropertyResolverExtensionsTests" tests="3" skipped="0" failures="0" errors="0" timestamp="2023-03-20T07:39:05" hostname="DESKTOP-VGJP1PJ" time="7.112">
  <properties/>
  <testcase name="getProperty extension()" classname="org.springframework.core.env.KotlinPropertyResolverExtensionsTests" time="6.551"/>
  <testcase name="get operator()" classname="org.springframework.core.env.KotlinPropertyResolverExtensionsTests" time="0.52"/>
  <testcase name="getRequiredProperty extension()" classname="org.springframework.core.env.KotlinPropertyResolverExtensionsTests" time="0.033"/>
  <system-out><![CDATA[]]></system-out>
  <system-err><![CDATA[]]></system-err>
</testsuite>
