<?xml version="1.0" encoding="UTF-8"?>
<testsuite name="org.springframework.core.annotation.AnnotationAttributesTests" tests="11" skipped="0" failures="0" errors="0" timestamp="2023-03-20T07:37:24" hostname="DESKTOP-VGJP1PJ" time="0.138">
  <properties/>
  <testcase name="nestedAnnotations()" classname="org.springframework.core.annotation.AnnotationAttributesTests" time="0.004"/>
  <testcase name="getEnumWithUnknownAttributeName()" classname="org.springframework.core.annotation.AnnotationAttributesTests" time="0.001"/>
  <testcase name="getAliasedStringArrayWithImplicitAliases()" classname="org.springframework.core.annotation.AnnotationAttributesTests" time="0.11"/>
  <testcase name="typeSafeAttributeAccess()" classname="org.springframework.core.annotation.AnnotationAttributesTests" time="0.001"/>
  <testcase name="singleElementToSingleElementArrayConversionSupport()" classname="org.springframework.core.annotation.AnnotationAttributesTests" time="0.001"/>
  <testcase name="getAliasedStringWithImplicitAliases()" classname="org.springframework.core.annotation.AnnotationAttributesTests" time="0.002"/>
  <testcase name="unresolvableClassWithClassNotFoundException()" classname="org.springframework.core.annotation.AnnotationAttributesTests" time="0.002"/>
  <testcase name="getEnumWithTypeMismatch()" classname="org.springframework.core.annotation.AnnotationAttributesTests" time="0.003"/>
  <testcase name="getEnumWithEmptyAttributeName()" classname="org.springframework.core.annotation.AnnotationAttributesTests" time="0.001"/>
  <testcase name="unresolvableClassWithLinkageError()" classname="org.springframework.core.annotation.AnnotationAttributesTests" time="0.002"/>
  <testcase name="getEnumWithNullAttributeName()" classname="org.springframework.core.annotation.AnnotationAttributesTests" time="0.003"/>
  <system-out><![CDATA[]]></system-out>
  <system-err><![CDATA[]]></system-err>
</testsuite>
