<?xml version="1.0" encoding="UTF-8"?>
<testsuite name="org.springframework.core.style.ToStringCreatorTests" tests="7" skipped="0" failures="0" errors="0" timestamp="2023-03-20T07:38:44" hostname="DESKTOP-VGJP1PJ" time="0.208">
  <properties/>
  <testcase name="appendList()" classname="org.springframework.core.style.ToStringCreatorTests" time="0.118"/>
  <testcase name="appendClass()" classname="org.springframework.core.style.ToStringCreatorTests" time="0.007"/>
  <testcase name="primitiveArrays()" classname="org.springframework.core.style.ToStringCreatorTests" time="0.0"/>
  <testcase name="defaultStyleMap()" classname="org.springframework.core.style.ToStringCreatorTests" time="0.009"/>
  <testcase name="defaultStyleArray()" classname="org.springframework.core.style.ToStringCreatorTests" time="0.001"/>
  <testcase name="appendMethod()" classname="org.springframework.core.style.ToStringCreatorTests" time="0.0"/>
  <testcase name="appendSet()" classname="org.springframework.core.style.ToStringCreatorTests" time="0.001"/>
  <system-out><![CDATA[]]></system-out>
  <system-err><![CDATA[]]></system-err>
</testsuite>
