<?xml version="1.0" encoding="UTF-8"?>
<testsuite name="org.springframework.core.ReactiveAdapterRegistryTests$RxJava1" tests="7" skipped="0" failures="0" errors="0" timestamp="2023-03-20T07:38:34" hostname="DESKTOP-VGJP1PJ" time="0.313">
  <properties/>
  <testcase name="fromSingle()" classname="org.springframework.core.ReactiveAdapterRegistryTests$RxJava1" time="0.079"/>
  <testcase name="toObservable()" classname="org.springframework.core.ReactiveAdapterRegistryTests$RxJava1" time="0.152"/>
  <testcase name="fromCompletable()" classname="org.springframework.core.ReactiveAdapterRegistryTests$RxJava1" time="0.025"/>
  <testcase name="toSingle()" classname="org.springframework.core.ReactiveAdapterRegistryTests$RxJava1" time="0.003"/>
  <testcase name="toCompletable()" classname="org.springframework.core.ReactiveAdapterRegistryTests$RxJava1" time="0.002"/>
  <testcase name="defaultAdapterRegistrations()" classname="org.springframework.core.ReactiveAdapterRegistryTests$RxJava1" time="0.0"/>
  <testcase name="fromObservable()" classname="org.springframework.core.ReactiveAdapterRegistryTests$RxJava1" time="0.049"/>
  <system-out><![CDATA[]]></system-out>
  <system-err><![CDATA[]]></system-err>
</testsuite>
