<?xml version="1.0" encoding="UTF-8"?>
<testsuite name="org.springframework.core.io.support.EncodedResourceTests" tests="6" skipped="0" failures="0" errors="0" timestamp="2023-03-20T07:38:27" hostname="DESKTOP-VGJP1PJ" time="0.202">
  <properties/>
  <testcase name="equalsWithDifferentCharset()" classname="org.springframework.core.io.support.EncodedResourceTests" time="0.2"/>
  <testcase name="equalsWithNullOtherObject()" classname="org.springframework.core.io.support.EncodedResourceTests" time="0.001"/>
  <testcase name="equalsWithSameCharset()" classname="org.springframework.core.io.support.EncodedResourceTests" time="0.0"/>
  <testcase name="equalsWithDifferentEncoding()" classname="org.springframework.core.io.support.EncodedResourceTests" time="0.0"/>
  <testcase name="equalsWithSameEncoding()" classname="org.springframework.core.io.support.EncodedResourceTests" time="0.001"/>
  <testcase name="equalsWithEncodingAndCharset()" classname="org.springframework.core.io.support.EncodedResourceTests" time="0.0"/>
  <system-out><![CDATA[]]></system-out>
  <system-err><![CDATA[]]></system-err>
</testsuite>
