<?xml version="1.0" encoding="UTF-8"?>
<testsuite name="org.springframework.core.type.AssignableTypeFilterTests" tests="4" skipped="0" failures="0" errors="0" timestamp="2023-03-20T07:38:48" hostname="DESKTOP-VGJP1PJ" time="0.15">
  <properties/>
  <testcase name="directMatch()" classname="org.springframework.core.type.AssignableTypeFilterTests" time="0.006"/>
  <testcase name="interfaceThroughSuperClassMatch()" classname="org.springframework.core.type.AssignableTypeFilterTests" time="0.141"/>
  <testcase name="superClassMatch()" classname="org.springframework.core.type.AssignableTypeFilterTests" time="0.001"/>
  <testcase name="interfaceMatch()" classname="org.springframework.core.type.AssignableTypeFilterTests" time="0.0"/>
  <system-out><![CDATA[]]></system-out>
  <system-err><![CDATA[]]></system-err>
</testsuite>
