<?xml version="1.0" encoding="UTF-8"?>
<testsuite name="org.springframework.core.SimpleAliasRegistryTests" tests="2" skipped="0" failures="0" errors="0" timestamp="2023-03-20T07:38:35" hostname="DESKTOP-VGJP1PJ" time="0.053">
  <properties/>
  <testcase name="aliasChainingWithMultipleAliases()" classname="org.springframework.core.SimpleAliasRegistryTests" time="0.053"/>
  <testcase name="aliasChaining()" classname="org.springframework.core.SimpleAliasRegistryTests" time="0.0"/>
  <system-out><![CDATA[]]></system-out>
  <system-err><![CDATA[]]></system-err>
</testsuite>
