<?xml version="1.0" encoding="UTF-8"?>
<testsuite name="org.springframework.core.codec.CharSequenceEncoderTests" tests="3" skipped="0" failures="0" errors="0" timestamp="2023-03-20T07:37:52" hostname="DESKTOP-VGJP1PJ" time="1.038">
  <properties/>
  <testcase name="encode()" classname="org.springframework.core.codec.CharSequenceEncoderTests" time="0.893"/>
  <testcase name="calculateCapacity()" classname="org.springframework.core.codec.CharSequenceEncoderTests" time="0.111"/>
  <testcase name="canEncode()" classname="org.springframework.core.codec.CharSequenceEncoderTests" time="0.009"/>
  <system-out><![CDATA[]]></system-out>
  <system-err><![CDATA[]]></system-err>
</testsuite>
