<?xml version="1.0" encoding="UTF-8"?>
<testsuite name="org.springframework.util.AntPathMatcherTests" tests="24" skipped="0" failures="0" errors="0" timestamp="2023-03-20T07:38:51" hostname="DESKTOP-VGJP1PJ" time="0.609">
  <properties/>
  <testcase name="combineWithTwoFileExtensionPatterns()" classname="org.springframework.util.AntPathMatcherTests" time="0.001"/>
  <testcase name="patternComparator()" classname="org.springframework.util.AntPathMatcherTests" time="0.083"/>
  <testcase name="creatingStringMatchersIfPatternPrefixCannotDetermineIfPathMatch()" classname="org.springframework.util.AntPathMatcherTests" time="0.003"/>
  <testcase name="isPattern()" classname="org.springframework.util.AntPathMatcherTests" time="0.001"/>
  <testcase name="extractUriTemplateVarsRegexQualifiers()" classname="org.springframework.util.AntPathMatcherTests" time="0.011"/>
  <testcase name="uniqueDeliminator()" classname="org.springframework.util.AntPathMatcherTests" time="0.008"/>
  <testcase name="extractPathWithinPattern()" classname="org.springframework.util.AntPathMatcherTests" time="0.001"/>
  <testcase name="extractUriTemplateVarsRegexCapturingGroups()" classname="org.springframework.util.AntPathMatcherTests" time="0.003"/>
  <testcase name="defaultCacheSetting()" classname="org.springframework.util.AntPathMatcherTests" time="0.279"/>
  <testcase name="extractUriTemplateVariables()" classname="org.springframework.util.AntPathMatcherTests" time="0.001"/>
  <testcase name="matchWithNullPath()" classname="org.springframework.util.AntPathMatcherTests" time="0.0"/>
  <testcase name="match()" classname="org.springframework.util.AntPathMatcherTests" time="0.0"/>
  <testcase name="caseInsensitive()" classname="org.springframework.util.AntPathMatcherTests" time="0.0"/>
  <testcase name="patternComparatorSort()" classname="org.springframework.util.AntPathMatcherTests" time="0.0"/>
  <testcase name="cachePatternsSetToTrue()" classname="org.springframework.util.AntPathMatcherTests" time="0.202"/>
  <testcase name="trimTokensOff()" classname="org.springframework.util.AntPathMatcherTests" time="0.001"/>
  <testcase name="cachePatternsSetToFalse()" classname="org.springframework.util.AntPathMatcherTests" time="0.001"/>
  <testcase name="combine()" classname="org.springframework.util.AntPathMatcherTests" time="0.001"/>
  <testcase name="matchWithTrimTokensEnabled()" classname="org.springframework.util.AntPathMatcherTests" time="0.001"/>
  <testcase name="preventCreatingStringMatchersIfPathDoesNotStartsWithPatternPrefix()" classname="org.springframework.util.AntPathMatcherTests" time="0.0"/>
  <testcase name="matchStart()" classname="org.springframework.util.AntPathMatcherTests" time="0.001"/>
  <testcase name="isPatternWithNullPath()" classname="org.springframework.util.AntPathMatcherTests" time="0.001"/>
  <testcase name="extractUriTemplateVariablesRegex()" classname="org.springframework.util.AntPathMatcherTests" time="0.001"/>
  <testcase name="extensionMappingWithDotPathSeparator()" classname="org.springframework.util.AntPathMatcherTests" time="0.0"/>
  <system-out><![CDATA[]]></system-out>
  <system-err><![CDATA[]]></system-err>
</testsuite>
