<?xml version="1.0" encoding="UTF-8"?>
<testsuite name="org.springframework.core.codec.ByteArrayEncoderTests" tests="2" skipped="0" failures="0" errors="0" timestamp="2023-03-20T07:37:52" hostname="DESKTOP-VGJP1PJ" time="0.008">
  <properties/>
  <testcase name="encode()" classname="org.springframework.core.codec.ByteArrayEncoderTests" time="0.007"/>
  <testcase name="canEncode()" classname="org.springframework.core.codec.ByteArrayEncoderTests" time="0.0"/>
  <system-out><![CDATA[]]></system-out>
  <system-err><![CDATA[]]></system-err>
</testsuite>
