<?xml version="1.0" encoding="UTF-8"?>
<testsuite name="org.springframework.util.FixedBackOffTests" tests="6" skipped="0" failures="0" errors="0" timestamp="2023-03-20T07:38:55" hostname="DESKTOP-VGJP1PJ" time="0.075">
  <properties/>
  <testcase name="defaultInstance()" classname="org.springframework.util.FixedBackOffTests" time="0.074"/>
  <testcase name="startReturnDifferentInstances()" classname="org.springframework.util.FixedBackOffTests" time="0.0"/>
  <testcase name="maxAttemptsReached()" classname="org.springframework.util.FixedBackOffTests" time="0.001"/>
  <testcase name="toStringContent()" classname="org.springframework.util.FixedBackOffTests" time="0.0"/>
  <testcase name="liveUpdate()" classname="org.springframework.util.FixedBackOffTests" time="0.0"/>
  <testcase name="noAttemptAtAll()" classname="org.springframework.util.FixedBackOffTests" time="0.0"/>
  <system-out><![CDATA[]]></system-out>
  <system-err><![CDATA[]]></system-err>
</testsuite>
