<?xml version="1.0" encoding="UTF-8"?>
<testsuite name="org.springframework.core.codec.NettyByteBufEncoderTests" tests="2" skipped="0" failures="0" errors="0" timestamp="2023-03-20T07:37:54" hostname="DESKTOP-VGJP1PJ" time="0.003">
  <properties/>
  <testcase name="encode()" classname="org.springframework.core.codec.NettyByteBufEncoderTests" time="0.002"/>
  <testcase name="canEncode()" classname="org.springframework.core.codec.NettyByteBufEncoderTests" time="0.001"/>
  <system-out><![CDATA[]]></system-out>
  <system-err><![CDATA[]]></system-err>
</testsuite>
