<?xml version="1.0" encoding="UTF-8"?>
<testsuite name="org.springframework.core.KotlinReflectionParameterNameDiscovererTests" tests="3" skipped="0" failures="0" errors="0" timestamp="2023-03-20T07:39:15" hostname="DESKTOP-VGJP1PJ" time="0.1">
  <properties/>
  <testcase name="getParameterNamesOnInterface()" classname="org.springframework.core.KotlinReflectionParameterNameDiscovererTests" time="0.006"/>
  <testcase name="getParameterNamesOnExtensionMethod()" classname="org.springframework.core.KotlinReflectionParameterNameDiscovererTests" time="0.081"/>
  <testcase name="getParameterNamesOnClass()" classname="org.springframework.core.KotlinReflectionParameterNameDiscovererTests" time="0.012"/>
  <system-out><![CDATA[]]></system-out>
  <system-err><![CDATA[]]></system-err>
</testsuite>
