<?xml version="1.0" encoding="UTF-8"?>
<testsuite name="org.springframework.core.codec.ByteArrayDecoderTests" tests="3" skipped="0" failures="0" errors="0" timestamp="2023-03-20T07:37:48" hostname="DESKTOP-VGJP1PJ" time="4.15">
  <properties/>
  <testcase name="decodeToMono()" classname="org.springframework.core.codec.ByteArrayDecoderTests" time="4.075"/>
  <testcase name="decode()" classname="org.springframework.core.codec.ByteArrayDecoderTests" time="0.067"/>
  <testcase name="canDecode()" classname="org.springframework.core.codec.ByteArrayDecoderTests" time="0.0"/>
  <system-out><![CDATA[]]></system-out>
  <system-err><![CDATA[]]></system-err>
</testsuite>
