<?xml version="1.0" encoding="UTF-8"?>
<testsuite name="org.springframework.core.annotation.MergedAnnotationClassLoaderTests" tests="1" skipped="0" failures="0" errors="0" timestamp="2023-03-20T07:37:40" hostname="DESKTOP-VGJP1PJ" time="0.193">
  <properties/>
  <testcase name="synthesizedUsesCorrectClassLoader()" classname="org.springframework.core.annotation.MergedAnnotationClassLoaderTests" time="0.193"/>
  <system-out><![CDATA[]]></system-out>
  <system-err><![CDATA[]]></system-err>
</testsuite>
