<?xml version="1.0" encoding="UTF-8"?>
<testsuite name="org.springframework.core.io.support.ResourcePropertySourceTests" tests="8" skipped="0" failures="0" errors="0" timestamp="2023-03-20T07:38:29" hostname="DESKTOP-VGJP1PJ" time="0.204">
  <properties/>
  <testcase name="withLocationAndExplicitName()" classname="org.springframework.core.io.support.ResourcePropertySourceTests" time="0.188"/>
  <testcase name="withLocationAndGeneratedName()" classname="org.springframework.core.io.support.ResourcePropertySourceTests" time="0.001"/>
  <testcase name="withResourceHavingNoDescription()" classname="org.springframework.core.io.support.ResourcePropertySourceTests" time="0.001"/>
  <testcase name="withResourceAndGeneratedName()" classname="org.springframework.core.io.support.ResourcePropertySourceTests" time="0.0"/>
  <testcase name="xmlWithLocationAndGeneratedName()" classname="org.springframework.core.io.support.ResourcePropertySourceTests" time="0.011"/>
  <testcase name="withLocationAndGeneratedNameAndExplicitClassLoader()" classname="org.springframework.core.io.support.ResourcePropertySourceTests" time="0.001"/>
  <testcase name="withLocationAndExplicitNameAndExplicitClassLoader()" classname="org.springframework.core.io.support.ResourcePropertySourceTests" time="0.001"/>
  <testcase name="withResourceAndExplicitName()" classname="org.springframework.core.io.support.ResourcePropertySourceTests" time="0.0"/>
  <system-out><![CDATA[]]></system-out>
  <system-err><![CDATA[]]></system-err>
</testsuite>
