<?xml version="1.0" encoding="UTF-8"?>
<testsuite name="org.springframework.util.comparator.ComparableComparatorTests" tests="2" skipped="0" failures="0" errors="0" timestamp="2023-03-20T07:38:52" hostname="DESKTOP-VGJP1PJ" time="0.017">
  <properties/>
  <testcase name="shouldNeedComparable()" classname="org.springframework.util.comparator.ComparableComparatorTests" time="0.017"/>
  <testcase name="comparableComparator()" classname="org.springframework.util.comparator.ComparableComparatorTests" time="0.0"/>
  <system-out><![CDATA[]]></system-out>
  <system-err><![CDATA[]]></system-err>
</testsuite>
