<?xml version="1.0" encoding="UTF-8"?>
<testsuite name="org.springframework.core.testfixture.TestGroupTests" tests="5" skipped="0" failures="0" errors="0" timestamp="2023-03-20T07:38:44" hostname="DESKTOP-VGJP1PJ" time="0.107">
  <properties/>
  <testcase name="assumeGroupWithBogusActiveTestGroup()" classname="org.springframework.core.testfixture.TestGroupTests" time="0.002"/>
  <testcase name="assumeGroupWithNoMatchingActiveTestGroup()" classname="org.springframework.core.testfixture.TestGroupTests" time="0.004"/>
  <testcase name="assumeGroupWithAllMinusBogusActiveTestGroup()" classname="org.springframework.core.testfixture.TestGroupTests" time="0.002"/>
  <testcase name="assumeGroupWithNoActiveTestGroups()" classname="org.springframework.core.testfixture.TestGroupTests" time="0.072"/>
  <testcase name="assumeGroupWithMatchingActiveTestGroup()" classname="org.springframework.core.testfixture.TestGroupTests" time="0.002"/>
  <system-out><![CDATA[]]></system-out>
  <system-err><![CDATA[]]></system-err>
</testsuite>
