<?xml version="1.0" encoding="UTF-8"?>
<testsuite name="org.springframework.core.ParameterizedTypeReferenceTests" tests="5" skipped="0" failures="0" errors="0" timestamp="2023-03-20T07:38:30" hostname="DESKTOP-VGJP1PJ" time="0.039">
  <properties/>
  <testcase name="mapTypeReference()" classname="org.springframework.core.ParameterizedTypeReferenceTests" time="0.037"/>
  <testcase name="listTypeReference()" classname="org.springframework.core.ParameterizedTypeReferenceTests" time="0.0"/>
  <testcase name="stringTypeReference()" classname="org.springframework.core.ParameterizedTypeReferenceTests" time="0.0"/>
  <testcase name="reflectiveTypeReferenceWithSpecificDeclaration()" classname="org.springframework.core.ParameterizedTypeReferenceTests" time="0.001"/>
  <testcase name="reflectiveTypeReferenceWithGenericDeclaration()" classname="org.springframework.core.ParameterizedTypeReferenceTests" time="0.0"/>
  <system-out><![CDATA[]]></system-out>
  <system-err><![CDATA[]]></system-err>
</testsuite>
