<?xml version="1.0" encoding="UTF-8"?>
<testsuite name="org.springframework.core.io.PathResourceTests" tests="37" skipped="0" failures="0" errors="0" timestamp="2023-03-20T07:38:25" hostname="DESKTOP-VGJP1PJ" time="0.287">
  <properties/>
  <testcase name="nullUri()" classname="org.springframework.core.io.PathResourceTests" time="0.067"/>
  <testcase name="getReadableByteChannelDoesNotExist()" classname="org.springframework.core.io.PathResourceTests" time="0.002"/>
  <testcase name="nullPath()" classname="org.springframework.core.io.PathResourceTests" time="0.001"/>
  <testcase name="dirExists()" classname="org.springframework.core.io.PathResourceTests" time="0.001"/>
  <testcase name="getInputStreamForDir()" classname="org.springframework.core.io.PathResourceTests" time="0.002"/>
  <testcase name="getWritableChannel(Path)" classname="org.springframework.core.io.PathResourceTests" time="0.063"/>
  <testcase name="createRelativeFromFile()" classname="org.springframework.core.io.PathResourceTests" time="0.001"/>
  <testcase name="description()" classname="org.springframework.core.io.PathResourceTests" time="0.0"/>
  <testcase name="fileIsWritable()" classname="org.springframework.core.io.PathResourceTests" time="0.006"/>
  <testcase name="directoryIsNotWritable()" classname="org.springframework.core.io.PathResourceTests" time="0.002"/>
  <testcase name="getUri()" classname="org.springframework.core.io.PathResourceTests" time="0.0"/>
  <testcase name="getUrl()" classname="org.springframework.core.io.PathResourceTests" time="0.0"/>
  <testcase name="directoryOutputStream()" classname="org.springframework.core.io.PathResourceTests" time="0.001"/>
  <testcase name="nullPathString()" classname="org.springframework.core.io.PathResourceTests" time="0.0"/>
  <testcase name="getInputStream()" classname="org.springframework.core.io.PathResourceTests" time="0.001"/>
  <testcase name="filename()" classname="org.springframework.core.io.PathResourceTests" time="0.0"/>
  <testcase name="doesNotExistIsNotReadable()" classname="org.springframework.core.io.PathResourceTests" time="0.001"/>
  <testcase name="createRelativeFromDir()" classname="org.springframework.core.io.PathResourceTests" time="0.001"/>
  <testcase name="contentLength()" classname="org.springframework.core.io.PathResourceTests" time="0.0"/>
  <testcase name="fileIsReadable()" classname="org.springframework.core.io.PathResourceTests" time="0.001"/>
  <testcase name="getInputStreamDoesNotExist()" classname="org.springframework.core.io.PathResourceTests" time="0.001"/>
  <testcase name="directoryIsNotReadable()" classname="org.springframework.core.io.PathResourceTests" time="0.001"/>
  <testcase name="getReadableByteChannel()" classname="org.springframework.core.io.PathResourceTests" time="0.001"/>
  <testcase name="createFromPath()" classname="org.springframework.core.io.PathResourceTests" time="0.0"/>
  <testcase name="createFromString()" classname="org.springframework.core.io.PathResourceTests" time="0.001"/>
  <testcase name="outputStream(Path)" classname="org.springframework.core.io.PathResourceTests" time="0.003"/>
  <testcase name="getFile()" classname="org.springframework.core.io.PathResourceTests" time="0.041"/>
  <testcase name="getPathForDir()" classname="org.springframework.core.io.PathResourceTests" time="0.001"/>
  <testcase name="doesNotExistOutputStream(Path)" classname="org.springframework.core.io.PathResourceTests" time="0.003"/>
  <testcase name="fileDoesNotExist()" classname="org.springframework.core.io.PathResourceTests" time="0.001"/>
  <testcase name="contentLengthForDirectory()" classname="org.springframework.core.io.PathResourceTests" time="0.0"/>
  <testcase name="getPathForFile()" classname="org.springframework.core.io.PathResourceTests" time="0.0"/>
  <testcase name="getReadableByteChannelForDir()" classname="org.springframework.core.io.PathResourceTests" time="0.0"/>
  <testcase name="fileExists()" classname="org.springframework.core.io.PathResourceTests" time="0.001"/>
  <testcase name="createFromUri()" classname="org.springframework.core.io.PathResourceTests" time="0.0"/>
  <testcase name="getFileUnsupported()" classname="org.springframework.core.io.PathResourceTests" time="0.075"/>
  <testcase name="lastModified()" classname="org.springframework.core.io.PathResourceTests" time="0.0"/>
  <system-out><![CDATA[]]></system-out>
  <system-err><![CDATA[]]></system-err>
</testsuite>
