<?xml version="1.0" encoding="UTF-8"?>
<testsuite name="org.springframework.core.convert.support.ByteBufferConverterTests" tests="5" skipped="0" failures="0" errors="0" timestamp="2023-03-20T07:38:11" hostname="DESKTOP-VGJP1PJ" time="0.007">
  <properties/>
  <testcase name="byteBufferToByteBuffer()" classname="org.springframework.core.convert.support.ByteBufferConverterTests" time="0.002"/>
  <testcase name="byteArrayToByteBuffer()" classname="org.springframework.core.convert.support.ByteBufferConverterTests" time="0.001"/>
  <testcase name="byteBufferToByteArray()" classname="org.springframework.core.convert.support.ByteBufferConverterTests" time="0.001"/>
  <testcase name="byteBufferToOtherType()" classname="org.springframework.core.convert.support.ByteBufferConverterTests" time="0.001"/>
  <testcase name="otherTypeToByteBuffer()" classname="org.springframework.core.convert.support.ByteBufferConverterTests" time="0.0"/>
  <system-out><![CDATA[]]></system-out>
  <system-err><![CDATA[]]></system-err>
</testsuite>
