<?xml version="1.0" encoding="UTF-8"?>
<testsuite name="org.springframework.util.ExceptionTypeFilterTests" tests="1" skipped="0" failures="0" errors="0" timestamp="2023-03-20T07:38:54" hostname="DESKTOP-VGJP1PJ" time="0.007">
  <properties/>
  <testcase name="subClassMatch()" classname="org.springframework.util.ExceptionTypeFilterTests" time="0.007"/>
  <system-out><![CDATA[]]></system-out>
  <system-err><![CDATA[]]></system-err>
</testsuite>
