<?xml version="1.0" encoding="UTF-8"?>
<testsuite name="org.springframework.core.ReactiveAdapterRegistryTests$Reactor" tests="5" skipped="0" failures="0" errors="0" timestamp="2023-03-20T07:38:34" hostname="DESKTOP-VGJP1PJ" time="0.042">
  <properties/>
  <testcase name="fromCompletableFuture()" classname="org.springframework.core.ReactiveAdapterRegistryTests$Reactor" time="0.001"/>
  <testcase name="toFlux()" classname="org.springframework.core.ReactiveAdapterRegistryTests$Reactor" time="0.0"/>
  <testcase name="toMono()" classname="org.springframework.core.ReactiveAdapterRegistryTests$Reactor" time="0.039"/>
  <testcase name="toCompletableFuture()" classname="org.springframework.core.ReactiveAdapterRegistryTests$Reactor" time="0.0"/>
  <testcase name="defaultAdapterRegistrations()" classname="org.springframework.core.ReactiveAdapterRegistryTests$Reactor" time="0.0"/>
  <system-out><![CDATA[]]></system-out>
  <system-err><![CDATA[]]></system-err>
</testsuite>
