<?xml version="1.0" encoding="UTF-8"?>
<testsuite name="org.springframework.core.annotation.ComposedRepeatableAnnotationsTests" tests="22" skipped="0" failures="0" errors="0" timestamp="2023-03-20T07:37:40" hostname="DESKTOP-VGJP1PJ" time="0.074">
  <properties/>
  <testcase name="findNonRepeatableAnnotation()" classname="org.springframework.core.annotation.ComposedRepeatableAnnotationsTests" time="0.002"/>
  <testcase name="getNoninheritedComposedRepeatableAnnotationsOnSuperclass()" classname="org.springframework.core.annotation.ComposedRepeatableAnnotationsTests" time="0.008"/>
  <testcase name="getComposedRepeatableAnnotationsOnClass()" classname="org.springframework.core.annotation.ComposedRepeatableAnnotationsTests" time="0.007"/>
  <testcase name="getRepeatableAnnotationsOnSuperclass()" classname="org.springframework.core.annotation.ComposedRepeatableAnnotationsTests" time="0.001"/>
  <testcase name="getNonRepeatableAnnotation()" classname="org.springframework.core.annotation.ComposedRepeatableAnnotationsTests" time="0.001"/>
  <testcase name="getComposedContainerForRepeatableAnnotationsOnClass()" classname="org.springframework.core.annotation.ComposedRepeatableAnnotationsTests" time="0.002"/>
  <testcase name="getNoninheritedComposedRepeatableAnnotationsOnClass()" classname="org.springframework.core.annotation.ComposedRepeatableAnnotationsTests" time="0.003"/>
  <testcase name="findRepeatableAnnotationsOnClass()" classname="org.springframework.core.annotation.ComposedRepeatableAnnotationsTests" time="0.001"/>
  <testcase name="getRepeatableAnnotationsOnClass()" classname="org.springframework.core.annotation.ComposedRepeatableAnnotationsTests" time="0.001"/>
  <testcase name="findInvalidRepeatableAnnotationContainerWithArrayValueAttributeButWrongComponentType()" classname="org.springframework.core.annotation.ComposedRepeatableAnnotationsTests" time="0.001"/>
  <testcase name="getInvalidRepeatableAnnotationContainerMissingValueAttribute()" classname="org.springframework.core.annotation.ComposedRepeatableAnnotationsTests" time="0.02"/>
  <testcase name="findComposedRepeatableAnnotationsMixedWithContainerOnClass()" classname="org.springframework.core.annotation.ComposedRepeatableAnnotationsTests" time="0.001"/>
  <testcase name="findComposedContainerForRepeatableAnnotationsOnClass()" classname="org.springframework.core.annotation.ComposedRepeatableAnnotationsTests" time="0.002"/>
  <testcase name="findNoninheritedComposedRepeatableAnnotationsOnClass()" classname="org.springframework.core.annotation.ComposedRepeatableAnnotationsTests" time="0.002"/>
  <testcase name="findInvalidRepeatableAnnotationContainerMissingValueAttribute()" classname="org.springframework.core.annotation.ComposedRepeatableAnnotationsTests" time="0.002"/>
  <testcase name="findComposedRepeatableAnnotationsOnClass()" classname="org.springframework.core.annotation.ComposedRepeatableAnnotationsTests" time="0.001"/>
  <testcase name="getComposedRepeatableAnnotationsMixedWithContainerOnClass()" classname="org.springframework.core.annotation.ComposedRepeatableAnnotationsTests" time="0.001"/>
  <testcase name="findRepeatableAnnotationsOnSuperclass()" classname="org.springframework.core.annotation.ComposedRepeatableAnnotationsTests" time="0.002"/>
  <testcase name="getInvalidRepeatableAnnotationContainerWithNonArrayValueAttribute()" classname="org.springframework.core.annotation.ComposedRepeatableAnnotationsTests" time="0.001"/>
  <testcase name="findNoninheritedComposedRepeatableAnnotationsOnSuperclass()" classname="org.springframework.core.annotation.ComposedRepeatableAnnotationsTests" time="0.001"/>
  <testcase name="getInvalidRepeatableAnnotationContainerWithArrayValueAttributeButWrongComponentType()" classname="org.springframework.core.annotation.ComposedRepeatableAnnotationsTests" time="0.001"/>
  <testcase name="findInvalidRepeatableAnnotationContainerWithNonArrayValueAttribute()" classname="org.springframework.core.annotation.ComposedRepeatableAnnotationsTests" time="0.001"/>
  <system-out><![CDATA[]]></system-out>
  <system-err><![CDATA[]]></system-err>
</testsuite>
