<?xml version="1.0" encoding="UTF-8"?>
<testsuite name="org.springframework.util.comparator.NullSafeComparatorTests" tests="2" skipped="0" failures="0" errors="0" timestamp="2023-03-20T07:38:53" hostname="DESKTOP-VGJP1PJ" time="0.002">
  <properties/>
  <testcase name="shouldCompareWithNullsLow()" classname="org.springframework.util.comparator.NullSafeComparatorTests" time="0.002"/>
  <testcase name="shouldCompareWithNullsHigh()" classname="org.springframework.util.comparator.NullSafeComparatorTests" time="0.0"/>
  <system-out><![CDATA[]]></system-out>
  <system-err><![CDATA[]]></system-err>
</testsuite>
