<?xml version="1.0" encoding="UTF-8"?>
<testsuite name="org.springframework.util.StopWatchTests" tests="5" skipped="0" failures="0" errors="0" timestamp="2023-03-20T07:38:56" hostname="DESKTOP-VGJP1PJ" time="0.809">
  <properties/>
  <testcase name="failureToStartBeforeStop()" classname="org.springframework.util.StopWatchTests" time="0.002"/>
  <testcase name="validUsageDoesNotKeepTaskList()" classname="org.springframework.util.StopWatchTests" time="0.398"/>
  <testcase name="rejectsStartTwice()" classname="org.springframework.util.StopWatchTests" time="0.002"/>
  <testcase name="validUsage()" classname="org.springframework.util.StopWatchTests" time="0.402"/>
  <testcase name="failureToStartBeforeGettingTimings()" classname="org.springframework.util.StopWatchTests" time="0.001"/>
  <system-out><![CDATA[]]></system-out>
  <system-err><![CDATA[]]></system-err>
</testsuite>
