<?xml version="1.0" encoding="UTF-8"?>
<testsuite name="org.springframework.core.KotlinMethodParameterTests" tests="6" skipped="0" failures="0" errors="0" timestamp="2023-03-20T07:39:13" hostname="DESKTOP-VGJP1PJ" time="0.233">
  <properties/>
  <testcase name="Inner class constructor()" classname="org.springframework.core.KotlinMethodParameterTests" time="0.075"/>
  <testcase name="Regular class constructor()" classname="org.springframework.core.KotlinMethodParameterTests" time="0.002"/>
  <testcase name="Method return type nullability()" classname="org.springframework.core.KotlinMethodParameterTests" time="0.137"/>
  <testcase name="Suspending function return type()" classname="org.springframework.core.KotlinMethodParameterTests" time="0.005"/>
  <testcase name="Method parameter nullability()" classname="org.springframework.core.KotlinMethodParameterTests" time="0.002"/>
  <testcase name="Continuation parameter is optional()" classname="org.springframework.core.KotlinMethodParameterTests" time="0.0"/>
  <system-out><![CDATA[]]></system-out>
  <system-err><![CDATA[]]></system-err>
</testsuite>
