<?xml version="1.0" encoding="UTF-8"?>
<testsuite name="org.springframework.core.ReactiveAdapterRegistryTests" tests="1" skipped="0" failures="0" errors="0" timestamp="2023-03-20T07:38:30" hostname="DESKTOP-VGJP1PJ" time="0.004">
  <properties/>
  <testcase name="getAdapterForReactiveSubType()" classname="org.springframework.core.ReactiveAdapterRegistryTests" time="0.004"/>
  <system-out><![CDATA[]]></system-out>
  <system-err><![CDATA[]]></system-err>
</testsuite>
