<?xml version="1.0" encoding="UTF-8"?>
<testsuite name="org.springframework.util.StreamUtilsTests" tests="8" skipped="0" failures="0" errors="0" timestamp="2023-03-20T07:38:57" hostname="DESKTOP-VGJP1PJ" time="0.42">
  <properties/>
  <testcase name="nonClosingOutputStream()" classname="org.springframework.util.StreamUtilsTests" time="0.172"/>
  <testcase name="copyStream()" classname="org.springframework.util.StreamUtilsTests" time="0.11"/>
  <testcase name="copyString()" classname="org.springframework.util.StreamUtilsTests" time="0.013"/>
  <testcase name="copyToString()" classname="org.springframework.util.StreamUtilsTests" time="0.04"/>
  <testcase name="copyBytes()" classname="org.springframework.util.StreamUtilsTests" time="0.004"/>
  <testcase name="copyRange()" classname="org.springframework.util.StreamUtilsTests" time="0.002"/>
  <testcase name="nonClosingInputStream()" classname="org.springframework.util.StreamUtilsTests" time="0.068"/>
  <testcase name="copyToByteArray()" classname="org.springframework.util.StreamUtilsTests" time="0.009"/>
  <system-out><![CDATA[]]></system-out>
  <system-err><![CDATA[]]></system-err>
</testsuite>
