<?xml version="1.0" encoding="UTF-8"?>
<testsuite name="org.springframework.core.io.buffer.PooledDataBufferTests$PooledByteBufAllocatorWithPreferDirectTrueTests" tests="2" skipped="0" failures="0" errors="0" timestamp="2023-03-20T07:38:25" hostname="DESKTOP-VGJP1PJ" time="0.002">
  <properties/>
  <testcase name="retainAndRelease()" classname="org.springframework.core.io.buffer.PooledDataBufferTests$PooledByteBufAllocatorWithPreferDirectTrueTests" time="0.001"/>
  <testcase name="tooManyReleases()" classname="org.springframework.core.io.buffer.PooledDataBufferTests$PooledByteBufAllocatorWithPreferDirectTrueTests" time="0.0"/>
  <system-out><![CDATA[]]></system-out>
  <system-err><![CDATA[]]></system-err>
</testsuite>
