<?xml version="1.0" encoding="UTF-8"?>
<testsuite name="org.springframework.util.comparator.BooleanComparatorTests" tests="4" skipped="0" failures="0" errors="0" timestamp="2023-03-20T07:38:52" hostname="DESKTOP-VGJP1PJ" time="0.085">
  <properties/>
  <testcase name="shouldCompareFromTrueHigh()" classname="org.springframework.util.comparator.BooleanComparatorTests" time="0.085"/>
  <testcase name="shouldCompareWithTrueHigh()" classname="org.springframework.util.comparator.BooleanComparatorTests" time="0.0"/>
  <testcase name="shouldCompareFromTrueLow()" classname="org.springframework.util.comparator.BooleanComparatorTests" time="0.0"/>
  <testcase name="shouldCompareWithTrueLow()" classname="org.springframework.util.comparator.BooleanComparatorTests" time="0.0"/>
  <system-out><![CDATA[]]></system-out>
  <system-err><![CDATA[]]></system-err>
</testsuite>
