<?xml version="1.0" encoding="UTF-8"?>
<testsuite name="org.springframework.core.env.CustomEnvironmentTests" tests="4" skipped="0" failures="0" errors="0" timestamp="2023-03-20T07:38:13" hostname="DESKTOP-VGJP1PJ" time="0.911">
  <properties/>
  <testcase name="withSingleCustomReservedDefaultProfile()" classname="org.springframework.core.env.CustomEnvironmentTests" time="0.267"/>
  <testcase name="withNoReservedDefaultProfile()" classname="org.springframework.core.env.CustomEnvironmentTests" time="0.013"/>
  <testcase name="control()" classname="org.springframework.core.env.CustomEnvironmentTests" time="0.277"/>
  <testcase name="withMultiCustomReservedDefaultProfile()" classname="org.springframework.core.env.CustomEnvironmentTests" time="0.353"/>
  <system-out><![CDATA[]]></system-out>
  <system-err><![CDATA[]]></system-err>
</testsuite>
