<?xml version="1.0" encoding="UTF-8"?>
<testsuite name="org.springframework.core.annotation.MergedAnnotationsCollectionTests" tests="21" skipped="0" failures="0" errors="0" timestamp="2023-03-20T07:37:40" hostname="DESKTOP-VGJP1PJ" time="0.475">
  <properties/>
  <testcase name="getMetaWhenRootHasNoAttributeValuesShouldAliasAttributes()" classname="org.springframework.core.annotation.MergedAnnotationsCollectionTests" time="0.062"/>
  <testcase name="getWithPredicateReturnsOnlyMatching()" classname="org.springframework.core.annotation.MergedAnnotationsCollectionTests" time="0.007"/>
  <testcase name="getMetaWhenRootHasAttributeValuesShouldAliasAttributes()" classname="org.springframework.core.annotation.MergedAnnotationsCollectionTests" time="0.003"/>
  <testcase name="createWhenAnnotationAggregateIndexIsNotZeroThrowsException()" classname="org.springframework.core.annotation.MergedAnnotationsCollectionTests" time="0.326"/>
  <testcase name="isPresentWhenMetaPresentReturnsTrue()" classname="org.springframework.core.annotation.MergedAnnotationsCollectionTests" time="0.007"/>
  <testcase name="getWithSelectorReturnsSelected()" classname="org.springframework.core.annotation.MergedAnnotationsCollectionTests" time="0.002"/>
  <testcase name="getWhenNotPresentReturnsMissing()" classname="org.springframework.core.annotation.MergedAnnotationsCollectionTests" time="0.0"/>
  <testcase name="isDirectlyPresentWhenMetaPresentReturnsFalse()" classname="org.springframework.core.annotation.MergedAnnotationsCollectionTests" time="0.009"/>
  <testcase name="streamStreamsInCorrectOrder()" classname="org.springframework.core.annotation.MergedAnnotationsCollectionTests" time="0.01"/>
  <testcase name="isPresentWhenNotPresentReturnsFalse()" classname="org.springframework.core.annotation.MergedAnnotationsCollectionTests" time="0.009"/>
  <testcase name="createWhenAnnotationIsNotDirectlyPresentThrowsException()" classname="org.springframework.core.annotation.MergedAnnotationsCollectionTests" time="0.001"/>
  <testcase name="iterateIteratesInCorrectOrder()" classname="org.springframework.core.annotation.MergedAnnotationsCollectionTests" time="0.0"/>
  <testcase name="getReturnsAppropriateAnnotation()" classname="org.springframework.core.annotation.MergedAnnotationsCollectionTests" time="0.0"/>
  <testcase name="streamWithTypeStreamsInCorrectOrder()" classname="org.springframework.core.annotation.MergedAnnotationsCollectionTests" time="0.001"/>
  <testcase name="isPresentWhenDirectlyPresentReturnsTrue()" classname="org.springframework.core.annotation.MergedAnnotationsCollectionTests" time="0.0"/>
  <testcase name="spliteratorEstimatesSize()" classname="org.springframework.core.annotation.MergedAnnotationsCollectionTests" time="0.002"/>
  <testcase name="isDirectlyPresentWhenDirectlyPresentReturnsTrue()" classname="org.springframework.core.annotation.MergedAnnotationsCollectionTests" time="0.0"/>
  <testcase name="ofWhenEmptyReturnsSharedNoneInstance()" classname="org.springframework.core.annotation.MergedAnnotationsCollectionTests" time="0.001"/>
  <testcase name="isDirectlyPresentWhenNotPresentReturnsFalse()" classname="org.springframework.core.annotation.MergedAnnotationsCollectionTests" time="0.0"/>
  <testcase name="ofWhenDirectAnnotationsIsNullThrowsException()" classname="org.springframework.core.annotation.MergedAnnotationsCollectionTests" time="0.0"/>
  <testcase name="spliteratorIteratesInCorrectOrder()" classname="org.springframework.core.annotation.MergedAnnotationsCollectionTests" time="0.001"/>
  <system-out><![CDATA[]]></system-out>
  <system-err><![CDATA[]]></system-err>
</testsuite>
