<?xml version="1.0" encoding="UTF-8"?>
<testsuite name="org.springframework.core.io.buffer.PooledDataBufferTests$PooledByteBufAllocatorWithPreferDirectFalseTests" tests="2" skipped="0" failures="0" errors="0" timestamp="2023-03-20T07:38:25" hostname="DESKTOP-VGJP1PJ" time="0.004">
  <properties/>
  <testcase name="retainAndRelease()" classname="org.springframework.core.io.buffer.PooledDataBufferTests$PooledByteBufAllocatorWithPreferDirectFalseTests" time="0.001"/>
  <testcase name="tooManyReleases()" classname="org.springframework.core.io.buffer.PooledDataBufferTests$PooledByteBufAllocatorWithPreferDirectFalseTests" time="0.003"/>
  <system-out><![CDATA[]]></system-out>
  <system-err><![CDATA[]]></system-err>
</testsuite>
