<?xml version="1.0" encoding="UTF-8"?>
<testsuite name="org.springframework.core.env.PropertySourceTests" tests="2" skipped="0" failures="0" errors="0" timestamp="2023-03-20T07:38:15" hostname="DESKTOP-VGJP1PJ" time="0.237">
  <properties/>
  <testcase name="equals()" classname="org.springframework.core.env.PropertySourceTests" time="0.205"/>
  <testcase name="collectionsOperations()" classname="org.springframework.core.env.PropertySourceTests" time="0.032"/>
  <system-out><![CDATA[]]></system-out>
  <system-err><![CDATA[]]></system-err>
</testsuite>
