<?xml version="1.0" encoding="UTF-8"?>
<testsuite name="org.springframework.core.convert.support.StreamConverterTests" tests="9" skipped="0" failures="0" errors="0" timestamp="2023-03-20T07:38:12" hostname="DESKTOP-VGJP1PJ" time="0.101">
  <properties/>
  <testcase name="shouldFailToConvertIfNoStream()" classname="org.springframework.core.convert.support.StreamConverterTests" time="0.001"/>
  <testcase name="convertFromListToRawStream()" classname="org.springframework.core.convert.support.StreamConverterTests" time="0.002"/>
  <testcase name="doesNotMatchIfNoStream()" classname="org.springframework.core.convert.support.StreamConverterTests" time="0.0"/>
  <testcase name="convertFromStreamToArray()" classname="org.springframework.core.convert.support.StreamConverterTests" time="0.001"/>
  <testcase name="convertFromStreamToList()" classname="org.springframework.core.convert.support.StreamConverterTests" time="0.001"/>
  <testcase name="convertFromStreamToArrayNoConverter()" classname="org.springframework.core.convert.support.StreamConverterTests" time="0.002"/>
  <testcase name="convertFromStreamToRawList()" classname="org.springframework.core.convert.support.StreamConverterTests" time="0.0"/>
  <testcase name="convertFromArrayToStream()" classname="org.springframework.core.convert.support.StreamConverterTests" time="0.092"/>
  <testcase name="convertFromListToStream()" classname="org.springframework.core.convert.support.StreamConverterTests" time="0.001"/>
  <system-out><![CDATA[]]></system-out>
  <system-err><![CDATA[]]></system-err>
</testsuite>
