<?xml version="1.0" encoding="UTF-8"?>
<testsuite name="org.springframework.util.FileSystemUtilsTests" tests="2" skipped="0" failures="0" errors="0" timestamp="2023-03-20T07:38:55" hostname="DESKTOP-VGJP1PJ" time="0.13">
  <properties/>
  <testcase name="deleteRecursively()" classname="org.springframework.util.FileSystemUtilsTests" time="0.099"/>
  <testcase name="copyRecursively()" classname="org.springframework.util.FileSystemUtilsTests" time="0.031"/>
  <system-out><![CDATA[]]></system-out>
  <system-err><![CDATA[]]></system-err>
</testsuite>
