<?xml version="1.0" encoding="UTF-8"?>
<testsuite name="org.springframework.core.io.support.SpringFactoriesLoaderTests" tests="5" skipped="0" failures="0" errors="0" timestamp="2023-03-20T07:38:29" hostname="DESKTOP-VGJP1PJ" time="0.011">
  <properties/>
  <testcase name="loadFactoriesWithNoRegisteredImplementations()" classname="org.springframework.core.io.support.SpringFactoriesLoaderTests" time="0.004"/>
  <testcase name="loadFactoriesInCorrectOrderWithDuplicateRegistrationsPresent()" classname="org.springframework.core.io.support.SpringFactoriesLoaderTests" time="0.002"/>
  <testcase name="loadPackagePrivateFactory()" classname="org.springframework.core.io.support.SpringFactoriesLoaderTests" time="0.002"/>
  <testcase name="attemptToLoadFactoryOfIncompatibleType()" classname="org.springframework.core.io.support.SpringFactoriesLoaderTests" time="0.0"/>
  <testcase name="loadFactoryNames()" classname="org.springframework.core.io.support.SpringFactoriesLoaderTests" time="0.001"/>
  <system-out><![CDATA[]]></system-out>
  <system-err><![CDATA[]]></system-err>
</testsuite>
