<?xml version="1.0" encoding="UTF-8"?>
<testsuite name="org.springframework.util.concurrent.MonoToListenableFutureAdapterTests" tests="4" skipped="0" failures="0" errors="0" timestamp="2023-03-20T07:38:54" hostname="DESKTOP-VGJP1PJ" time="0.146">
  <properties/>
  <testcase name="success()" classname="org.springframework.util.concurrent.MonoToListenableFutureAdapterTests" time="0.141"/>
  <testcase name="cancellation()" classname="org.springframework.util.concurrent.MonoToListenableFutureAdapterTests" time="0.002"/>
  <testcase name="failure()" classname="org.springframework.util.concurrent.MonoToListenableFutureAdapterTests" time="0.001"/>
  <testcase name="cancellationAfterTerminated()" classname="org.springframework.util.concurrent.MonoToListenableFutureAdapterTests" time="0.002"/>
  <system-out><![CDATA[]]></system-out>
  <system-err><![CDATA[]]></system-err>
</testsuite>
