<?xml version="1.0" encoding="UTF-8"?>
<testsuite name="org.springframework.core.StandardReflectionParameterNameDiscoverTests" tests="1" skipped="0" failures="0" errors="0" timestamp="2023-03-20T07:38:43" hostname="DESKTOP-VGJP1PJ" time="0.025">
  <properties/>
  <testcase name="getParameterNamesOnInterface()" classname="org.springframework.core.StandardReflectionParameterNameDiscoverTests" time="0.025"/>
  <system-out><![CDATA[]]></system-out>
  <system-err><![CDATA[]]></system-err>
</testsuite>
