<?xml version="1.0" encoding="UTF-8"?>
<testsuite name="org.springframework.util.xml.StaxResultTests" tests="2" skipped="0" failures="0" errors="0" timestamp="2023-03-20T07:39:01" hostname="DESKTOP-VGJP1PJ" time="0.037">
  <properties/>
  <testcase name="eventWriterSource()" classname="org.springframework.util.xml.StaxResultTests" time="0.022"/>
  <testcase name="streamWriterSource()" classname="org.springframework.util.xml.StaxResultTests" time="0.015"/>
  <system-out><![CDATA[]]></system-out>
  <system-err><![CDATA[]]></system-err>
</testsuite>
