<?xml version="1.0" encoding="UTF-8"?>
<testsuite name="org.springframework.core.style.DefaultValueStylerTests" tests="7" skipped="0" failures="0" errors="0" timestamp="2023-03-20T07:38:44" hostname="DESKTOP-VGJP1PJ" time="0.05">
  <properties/>
  <testcase name="styleMapEntries()" classname="org.springframework.core.style.DefaultValueStylerTests" time="0.001"/>
  <testcase name="stylePrimitiveArrays()" classname="org.springframework.core.style.DefaultValueStylerTests" time="0.005"/>
  <testcase name="styleBasics()" classname="org.springframework.core.style.DefaultValueStylerTests" time="0.001"/>
  <testcase name="styleObjectArrays()" classname="org.springframework.core.style.DefaultValueStylerTests" time="0.005"/>
  <testcase name="stylePlainObject()" classname="org.springframework.core.style.DefaultValueStylerTests" time="0.004"/>
  <testcase name="styleCollections()" classname="org.springframework.core.style.DefaultValueStylerTests" time="0.014"/>
  <testcase name="styleMaps()" classname="org.springframework.core.style.DefaultValueStylerTests" time="0.002"/>
  <system-out><![CDATA[]]></system-out>
  <system-err><![CDATA[]]></system-err>
</testsuite>
