<?xml version="1.0" encoding="UTF-8"?>
<testsuite name="org.springframework.web.socket.server.support.HttpSessionHandshakeInterceptorTests" tests="5" skipped="0" failures="0" errors="0" timestamp="2023-03-20T08:11:30" hostname="DESKTOP-VGJP1PJ" time="0.005">
  <properties/>
  <testcase name="constructorWithAttributeNames()" classname="org.springframework.web.socket.server.support.HttpSessionHandshakeInterceptorTests" time="0.002"/>
  <testcase name="defaultConstructor()" classname="org.springframework.web.socket.server.support.HttpSessionHandshakeInterceptorTests" time="0.001"/>
  <testcase name="doNotCauseSessionCreation()" classname="org.springframework.web.socket.server.support.HttpSessionHandshakeInterceptorTests" time="0.001"/>
  <testcase name="doNotCopyHttpSessionId()" classname="org.springframework.web.socket.server.support.HttpSessionHandshakeInterceptorTests" time="0.0"/>
  <testcase name="doNotCopyAttributes()" classname="org.springframework.web.socket.server.support.HttpSessionHandshakeInterceptorTests" time="0.0"/>
  <system-out><![CDATA[]]></system-out>
  <system-err><![CDATA[]]></system-err>
</testsuite>
