<?xml version="1.0" encoding="UTF-8"?>
<testsuite name="org.springframework.web.socket.config.annotation.WebMvcStompEndpointRegistryTests" tests="3" skipped="0" failures="0" errors="0" timestamp="2023-03-20T08:11:16" hostname="DESKTOP-VGJP1PJ" time="0.362">
  <properties/>
  <testcase name="stompProtocolHandler()" classname="org.springframework.web.socket.config.annotation.WebMvcStompEndpointRegistryTests" time="0.107"/>
  <testcase name="handlerMapping()" classname="org.springframework.web.socket.config.annotation.WebMvcStompEndpointRegistryTests" time="0.228"/>
  <testcase name="errorHandler()" classname="org.springframework.web.socket.config.annotation.WebMvcStompEndpointRegistryTests" time="0.027"/>
  <system-out><![CDATA[03:11:16.518 [Test worker] WARN  o.s.w.HttpLogging - For Jackson Kotlin classes support please add "com.fasterxml.jackson.module:jackson-module-kotlin" to the classpath
]]></system-out>
  <system-err><![CDATA[]]></system-err>
</testsuite>
