<?xml version="1.0" encoding="UTF-8"?>
<testsuite name="org.springframework.web.socket.messaging.WebSocketStompClientIntegrationTests" tests="1" skipped="0" failures="0" errors="0" timestamp="2023-03-20T08:11:28" hostname="DESKTOP-VGJP1PJ" time="1.342">
  <properties/>
  <testcase name="publishSubscribe()" classname="org.springframework.web.socket.messaging.WebSocketStompClientIntegrationTests" time="1.342"/>
  <system-out><![CDATA[03:11:29.667 [WebSocketClient-AsyncIO-2] ERROR o.s.w.s.m.WebSocketStompClientIntegrationTests - org.springframework.messaging.simp.stomp.ConnectionLostException: Connection closed
]]></system-out>
  <system-err><![CDATA[Mar 20, 2023 3:11:28 AM org.apache.coyote.AbstractProtocol init
INFO: Initializing ProtocolHandler ["http-nio-auto-9"]
Mar 20, 2023 3:11:28 AM org.apache.catalina.core.StandardService startInternal
INFO: Starting service [Tomcat]
Mar 20, 2023 3:11:28 AM org.apache.catalina.core.StandardEngine startInternal
INFO: Starting Servlet engine: [Apache Tomcat/9.0.37]
Mar 20, 2023 3:11:28 AM org.apache.coyote.AbstractProtocol start
INFO: Starting ProtocolHandler ["http-nio-auto-9-60932"]
Mar 20, 2023 3:11:28 AM org.apache.catalina.core.ApplicationContext log
INFO: Initializing Spring DispatcherServlet 'dispatcherServlet'
Mar 20, 2023 3:11:29 AM org.apache.catalina.core.ApplicationContext log
INFO: Destroying Spring FrameworkServlet 'dispatcherServlet'
Mar 20, 2023 3:11:29 AM org.apache.catalina.loader.WebappClassLoaderBase clearReferencesThreads
WARNING: The web application [ROOT] appears to have started a thread named [clientInboundChannel-1] but has failed to stop it. This is very likely to create a memory leak. Stack trace of thread:
Mar 20, 2023 3:11:29 AM org.apache.catalina.loader.WebappClassLoaderBase clearReferencesThreads
WARNING: The web application [ROOT] appears to have started a thread named [clientInboundChannel-6] but has failed to stop it. This is very likely to create a memory leak. Stack trace of thread:
Mar 20, 2023 3:11:29 AM org.apache.coyote.AbstractProtocol pause
INFO: Pausing ProtocolHandler ["http-nio-auto-9-60932"]
Mar 20, 2023 3:11:29 AM org.apache.catalina.core.StandardService stopInternal
INFO: Stopping service [Tomcat]
Mar 20, 2023 3:11:29 AM org.apache.coyote.AbstractProtocol stop
INFO: Stopping ProtocolHandler ["http-nio-auto-9-60932"]
]]></system-err>
</testsuite>
