<?xml version="1.0" encoding="UTF-8"?>
<testsuite name="org.springframework.web.socket.sockjs.frame.SockJsFrameTests" tests="6" skipped="0" failures="0" errors="0" timestamp="2023-03-20T08:11:30" hostname="DESKTOP-VGJP1PJ" time="0.005">
  <properties/>
  <testcase name="closeFrame()" classname="org.springframework.web.socket.sockjs.frame.SockJsFrameTests" time="0.0"/>
  <testcase name="messageArrayFrame()" classname="org.springframework.web.socket.sockjs.frame.SockJsFrameTests" time="0.002"/>
  <testcase name="messageArrayFrameEmpty()" classname="org.springframework.web.socket.sockjs.frame.SockJsFrameTests" time="0.0"/>
  <testcase name="closeFrameEmpty()" classname="org.springframework.web.socket.sockjs.frame.SockJsFrameTests" time="0.0"/>
  <testcase name="heartbeatFrame()" classname="org.springframework.web.socket.sockjs.frame.SockJsFrameTests" time="0.001"/>
  <testcase name="openFrame()" classname="org.springframework.web.socket.sockjs.frame.SockJsFrameTests" time="0.0"/>
  <system-out><![CDATA[]]></system-out>
  <system-err><![CDATA[]]></system-err>
</testsuite>
