<?xml version="1.0" encoding="UTF-8"?>
<testsuite name="org.springframework.web.socket.sockjs.transport.TransportTypeTests" tests="1" skipped="0" failures="0" errors="0" timestamp="2023-03-20T08:11:31" hostname="DESKTOP-VGJP1PJ" time="0.0">
  <properties/>
  <testcase name="testFromValue()" classname="org.springframework.web.socket.sockjs.transport.TransportTypeTests" time="0.0"/>
  <system-out><![CDATA[]]></system-out>
  <system-err><![CDATA[]]></system-err>
</testsuite>
