<?xml version="1.0" encoding="UTF-8"?>
<testsuite name="org.springframework.web.socket.client.jetty.JettyWebSocketClientTests" tests="2" skipped="0" failures="0" errors="0" timestamp="2023-03-20T08:11:14" hostname="DESKTOP-VGJP1PJ" time="1.727">
  <properties/>
  <testcase name="doHandshake()" classname="org.springframework.web.socket.client.jetty.JettyWebSocketClientTests" time="1.661"/>
  <testcase name="doHandshakeWithTaskExecutor()" classname="org.springframework.web.socket.client.jetty.JettyWebSocketClientTests" time="0.066"/>
  <system-out><![CDATA[]]></system-out>
  <system-err><![CDATA[]]></system-err>
</testsuite>
