<?xml version="1.0" encoding="UTF-8"?>
<testsuite name="org.springframework.web.socket.messaging.WebSocketAnnotationMethodMessageHandlerTests" tests="1" skipped="0" failures="0" errors="0" timestamp="2023-03-20T08:11:28" hostname="DESKTOP-VGJP1PJ" time="0.014">
  <properties/>
  <testcase name="globalException()" classname="org.springframework.web.socket.messaging.WebSocketAnnotationMethodMessageHandlerTests" time="0.014"/>
  <system-out><![CDATA[]]></system-out>
  <system-err><![CDATA[]]></system-err>
</testsuite>
