<?xml version="1.0" encoding="UTF-8"?>
<testsuite name="org.springframework.web.socket.sockjs.support.SockJsServiceTests" tests="13" skipped="0" failures="0" errors="0" timestamp="2023-03-20T08:11:30" hostname="DESKTOP-VGJP1PJ" time="0.095">
  <properties/>
  <testcase name="handleIframeRequest()" classname="org.springframework.web.socket.sockjs.support.SockJsServiceTests" time="0.003"/>
  <testcase name="handleInfoGetWithOrigin()" classname="org.springframework.web.socket.sockjs.support.SockJsServiceTests" time="0.002"/>
  <testcase name="handleInfoGet()" classname="org.springframework.web.socket.sockjs.support.SockJsServiceTests" time="0.001"/>
  <testcase name="handleInfoOptionsWithAllowedOrigin()" classname="org.springframework.web.socket.sockjs.support.SockJsServiceTests" time="0.01"/>
  <testcase name="handleInfoGetWildflyNPE()" classname="org.springframework.web.socket.sockjs.support.SockJsServiceTests" time="0.068"/>
  <testcase name="handleEmptyContentType()" classname="org.springframework.web.socket.sockjs.support.SockJsServiceTests" time="0.001"/>
  <testcase name="handleInfoOptionsWithForbiddenOrigin()" classname="org.springframework.web.socket.sockjs.support.SockJsServiceTests" time="0.001"/>
  <testcase name="handleInfoOptionsWithOriginAndCorsHeadersDisabled()" classname="org.springframework.web.socket.sockjs.support.SockJsServiceTests" time="0.001"/>
  <testcase name="handleIframeRequestNotModified()" classname="org.springframework.web.socket.sockjs.support.SockJsServiceTests" time="0.0"/>
  <testcase name="handleRawWebSocketRequest()" classname="org.springframework.web.socket.sockjs.support.SockJsServiceTests" time="0.0"/>
  <testcase name="validateRequest()" classname="org.springframework.web.socket.sockjs.support.SockJsServiceTests" time="0.003"/>
  <testcase name="handleInfoOptions()" classname="org.springframework.web.socket.sockjs.support.SockJsServiceTests" time="0.001"/>
  <testcase name="handleInfoGetCorsFilter()" classname="org.springframework.web.socket.sockjs.support.SockJsServiceTests" time="0.0"/>
  <system-out><![CDATA[03:11:30.818 [Test worker] WARN  o.s.w.s.s.s.SockJsServiceTests$TestSockJsService - Origin header value 'http://mydomain2.example' not allowed.
03:11:30.899 [Test worker] WARN  o.s.w.s.s.s.SockJsServiceTests$TestSockJsService - Origin header value 'https://mydomain2.example' not allowed.
03:11:30.900 [Test worker] WARN  o.s.w.s.s.s.SockJsServiceTests$TestSockJsService - Origin header value 'https://mydomain2.example' not allowed.
03:11:30.901 [Test worker] WARN  o.s.w.s.s.s.SockJsServiceTests$TestSockJsService - Origin header value 'https://mydomain2.example' not allowed.
03:11:30.904 [Test worker] WARN  o.s.w.s.s.s.SockJsServiceTests$TestSockJsService - Invalid SockJS path '//' - required to have 3 path segments
03:11:30.904 [Test worker] WARN  o.s.w.s.s.s.SockJsServiceTests$TestSockJsService - Invalid SockJS path '///' - required to have 3 path segments
03:11:30.904 [Test worker] WARN  o.s.w.s.s.s.SockJsServiceTests$TestSockJsService - Invalid SockJS path '/other' - required to have 3 path segments
03:11:30.905 [Test worker] WARN  o.s.w.s.s.s.SockJsServiceTests$TestSockJsService - Invalid SockJS path '//service/websocket' - required to have 3 path segments
03:11:30.905 [Test worker] WARN  o.s.w.s.s.s.SockJsServiceTests$TestSockJsService - Invalid SockJS path '/server//websocket' - required to have 3 path segments
03:11:30.905 [Test worker] WARN  o.s.w.s.s.s.SockJsServiceTests$TestSockJsService - Invalid SockJS path '/server/session/' - required to have 3 path segments
03:11:30.905 [Test worker] WARN  o.s.w.s.s.s.SockJsServiceTests$TestSockJsService - Either server or session contains a "." which is not allowed by SockJS protocol.
03:11:30.905 [Test worker] WARN  o.s.w.s.s.s.SockJsServiceTests$TestSockJsService - Either server or session contains a "." which is not allowed by SockJS protocol.
]]></system-out>
  <system-err><![CDATA[]]></system-err>
</testsuite>
