<?xml version="1.0" encoding="UTF-8"?>
<testsuite name="org.springframework.web.socket.server.standard.ServerEndpointRegistrationTests" tests="2" skipped="0" failures="0" errors="0" timestamp="2023-03-20T08:11:30" hostname="DESKTOP-VGJP1PJ" time="0.012">
  <properties/>
  <testcase name="endpointSingleton()" classname="org.springframework.web.socket.server.standard.ServerEndpointRegistrationTests" time="0.001"/>
  <testcase name="endpointPerConnection()" classname="org.springframework.web.socket.server.standard.ServerEndpointRegistrationTests" time="0.01"/>
  <system-out><![CDATA[]]></system-out>
  <system-err><![CDATA[]]></system-err>
</testsuite>
