<?xml version="1.0" encoding="UTF-8"?>
<testsuite name="org.springframework.web.socket.server.standard.ServerEndpointExporterTests" tests="6" skipped="0" failures="0" errors="0" timestamp="2023-03-20T08:11:30" hostname="DESKTOP-VGJP1PJ" time="0.078">
  <properties/>
  <testcase name="addServerEndpointConfigBeanWithExplicitServerContainer()" classname="org.springframework.web.socket.server.standard.ServerEndpointExporterTests" time="0.04"/>
  <testcase name="addAnnotatedEndpointClassesWithExplicitServerContainerOnly()" classname="org.springframework.web.socket.server.standard.ServerEndpointExporterTests" time="0.006"/>
  <testcase name="addServerEndpointConfigBean()" classname="org.springframework.web.socket.server.standard.ServerEndpointExporterTests" time="0.008"/>
  <testcase name="addAnnotatedEndpointClasses()" classname="org.springframework.web.socket.server.standard.ServerEndpointExporterTests" time="0.007"/>
  <testcase name="addAnnotatedEndpointClassesWithServletContextOnly()" classname="org.springframework.web.socket.server.standard.ServerEndpointExporterTests" time="0.01"/>
  <testcase name="addServerEndpointConfigBeanWithExplicitServletContext()" classname="org.springframework.web.socket.server.standard.ServerEndpointExporterTests" time="0.005"/>
  <system-out><![CDATA[]]></system-out>
  <system-err><![CDATA[]]></system-err>
</testsuite>
