<?xml version="1.0" encoding="UTF-8"?>
<testsuite name="org.springframework.web.socket.adapter.jetty.JettyWebSocketSessionTests" tests="4" skipped="0" failures="0" errors="0" timestamp="2023-03-20T08:11:13" hostname="DESKTOP-VGJP1PJ" time="0.091">
  <properties/>
  <testcase name="getPrincipalWithConstructorArg()" classname="org.springframework.web.socket.adapter.jetty.JettyWebSocketSessionTests" time="0.072"/>
  <testcase name="getPrincipalNotAvailable()" classname="org.springframework.web.socket.adapter.jetty.JettyWebSocketSessionTests" time="0.004"/>
  <testcase name="getPrincipalFromNativeSession()" classname="org.springframework.web.socket.adapter.jetty.JettyWebSocketSessionTests" time="0.005"/>
  <testcase name="getAcceptedProtocol()" classname="org.springframework.web.socket.adapter.jetty.JettyWebSocketSessionTests" time="0.008"/>
  <system-out><![CDATA[]]></system-out>
  <system-err><![CDATA[]]></system-err>
</testsuite>
