<?xml version="1.0" encoding="UTF-8"?>
<testsuite name="org.springframework.web.socket.adapter.jetty.JettyWebSocketHandlerAdapterTests" tests="3" skipped="0" failures="0" errors="0" timestamp="2023-03-20T08:11:11" hostname="DESKTOP-VGJP1PJ" time="1.551">
  <properties/>
  <testcase name="onClose()" classname="org.springframework.web.socket.adapter.jetty.JettyWebSocketHandlerAdapterTests" time="1.523"/>
  <testcase name="onError()" classname="org.springframework.web.socket.adapter.jetty.JettyWebSocketHandlerAdapterTests" time="0.002"/>
  <testcase name="onOpen()" classname="org.springframework.web.socket.adapter.jetty.JettyWebSocketHandlerAdapterTests" time="0.024"/>
  <system-out><![CDATA[]]></system-out>
  <system-err><![CDATA[]]></system-err>
</testsuite>
