<?xml version="1.0" encoding="UTF-8"?>
<testsuite name="org.springframework.web.socket.WebSocketExtensionTests" tests="2" skipped="0" failures="0" errors="0" timestamp="2023-03-20T08:11:31" hostname="DESKTOP-VGJP1PJ" time="0.002">
  <properties/>
  <testcase name="parseHeaderSingle()" classname="org.springframework.web.socket.WebSocketExtensionTests" time="0.001"/>
  <testcase name="parseHeaderMultiple()" classname="org.springframework.web.socket.WebSocketExtensionTests" time="0.001"/>
  <system-out><![CDATA[]]></system-out>
  <system-err><![CDATA[]]></system-err>
</testsuite>
