<?xml version="1.0" encoding="UTF-8"?>
<testsuite name="org.springframework.web.socket.handler.BeanCreatingHandlerProviderTests" tests="3" skipped="0" failures="0" errors="0" timestamp="2023-03-20T08:11:23" hostname="DESKTOP-VGJP1PJ" time="0.043">
  <properties/>
  <testcase name="getHandlerNoBeanFactory()" classname="org.springframework.web.socket.handler.BeanCreatingHandlerProviderTests" time="0.001"/>
  <testcase name="getHandlerWithBeanFactory()" classname="org.springframework.web.socket.handler.BeanCreatingHandlerProviderTests" time="0.039"/>
  <testcase name="getHandlerSimpleInstantiation()" classname="org.springframework.web.socket.handler.BeanCreatingHandlerProviderTests" time="0.002"/>
  <system-out><![CDATA[]]></system-out>
  <system-err><![CDATA[]]></system-err>
</testsuite>
