<?xml version="1.0" encoding="UTF-8"?>
<testsuite name="org.springframework.web.socket.config.HandlersBeanDefinitionParserTests" tests="4" skipped="0" failures="0" errors="0" timestamp="2023-03-20T08:11:20" hostname="DESKTOP-VGJP1PJ" time="0.61">
  <properties/>
  <testcase name="sockJs()" classname="org.springframework.web.socket.config.HandlersBeanDefinitionParserTests" time="0.465"/>
  <testcase name="webSocketHandlersAttributes()" classname="org.springframework.web.socket.config.HandlersBeanDefinitionParserTests" time="0.047"/>
  <testcase name="sockJsAttributes()" classname="org.springframework.web.socket.config.HandlersBeanDefinitionParserTests" time="0.051"/>
  <testcase name="webSocketHandlers()" classname="org.springframework.web.socket.config.HandlersBeanDefinitionParserTests" time="0.046"/>
  <system-out><![CDATA[]]></system-out>
  <system-err><![CDATA[]]></system-err>
</testsuite>
