<?xml version="1.0" encoding="UTF-8"?>
<testsuite name="org.springframework.web.socket.adapter.standard.StandardWebSocketHandlerAdapterTests" tests="3" skipped="0" failures="0" errors="0" timestamp="2023-03-20T08:11:14" hostname="DESKTOP-VGJP1PJ" time="0.089">
  <properties/>
  <testcase name="onClose()" classname="org.springframework.web.socket.adapter.standard.StandardWebSocketHandlerAdapterTests" time="0.065"/>
  <testcase name="onError()" classname="org.springframework.web.socket.adapter.standard.StandardWebSocketHandlerAdapterTests" time="0.001"/>
  <testcase name="onOpen()" classname="org.springframework.web.socket.adapter.standard.StandardWebSocketHandlerAdapterTests" time="0.022"/>
  <system-out><![CDATA[]]></system-out>
  <system-err><![CDATA[]]></system-err>
</testsuite>
