<?xml version="1.0" encoding="UTF-8"?>
<testsuite name="org.springframework.web.socket.messaging.WebSocketStompClientTests" tests="18" skipped="0" failures="0" errors="0" timestamp="2023-03-20T08:11:29" hostname="DESKTOP-VGJP1PJ" time="0.207">
  <properties/>
  <testcase name="sendWebSocketBinary()" classname="org.springframework.web.socket.messaging.WebSocketStompClientTests" time="0.084"/>
  <testcase name="handleWebSocketMessageBinary()" classname="org.springframework.web.socket.messaging.WebSocketStompClientTests" time="0.003"/>
  <testcase name="handleWebSocketMessagePong()" classname="org.springframework.web.socket.messaging.WebSocketStompClientTests" time="0.01"/>
  <testcase name="heartbeatDefaultValue()" classname="org.springframework.web.socket.messaging.WebSocketStompClientTests" time="0.002"/>
  <testcase name="webSocketConnectionClosed()" classname="org.springframework.web.socket.messaging.WebSocketStompClientTests" time="0.002"/>
  <testcase name="webSocketConnectionEstablished()" classname="org.springframework.web.socket.messaging.WebSocketStompClientTests" time="0.004"/>
  <testcase name="heartbeatDefaultValueSetWithoutScheduler()" classname="org.springframework.web.socket.messaging.WebSocketStompClientTests" time="0.001"/>
  <testcase name="writeInactivityAfterDelayHasElapsed()" classname="org.springframework.web.socket.messaging.WebSocketStompClientTests" time="0.022"/>
  <testcase name="writeInactivityBeforeDelayHasElapsed()" classname="org.springframework.web.socket.messaging.WebSocketStompClientTests" time="0.002"/>
  <testcase name="readInactivityAfterDelayHasElapsed()" classname="org.springframework.web.socket.messaging.WebSocketStompClientTests" time="0.027"/>
  <testcase name="heartbeatDefaultValueWithScheduler()" classname="org.springframework.web.socket.messaging.WebSocketStompClientTests" time="0.002"/>
  <testcase name="handleWebSocketMessage()" classname="org.springframework.web.socket.messaging.WebSocketStompClientTests" time="0.002"/>
  <testcase name="readInactivityBeforeDelayHasElapsed()" classname="org.springframework.web.socket.messaging.WebSocketStompClientTests" time="0.002"/>
  <testcase name="sendWebSocketMessage()" classname="org.springframework.web.socket.messaging.WebSocketStompClientTests" time="0.002"/>
  <testcase name="webSocketHandshakeFailure()" classname="org.springframework.web.socket.messaging.WebSocketStompClientTests" time="0.003"/>
  <testcase name="webSocketTransportError()" classname="org.springframework.web.socket.messaging.WebSocketStompClientTests" time="0.004"/>
  <testcase name="handleWebSocketMessageSplitAcrossTwoMessage()" classname="org.springframework.web.socket.messaging.WebSocketStompClientTests" time="0.002"/>
  <testcase name="cancelInactivityTasks()" classname="org.springframework.web.socket.messaging.WebSocketStompClientTests" time="0.02"/>
  <system-out><![CDATA[]]></system-out>
  <system-err><![CDATA[]]></system-err>
</testsuite>
