<?xml version="1.0" encoding="UTF-8"?>
<testsuite name="org.springframework.web.socket.config.annotation.WebMvcStompWebSocketEndpointRegistrationTests" tests="9" skipped="0" failures="0" errors="0" timestamp="2023-03-20T08:11:16" hostname="DESKTOP-VGJP1PJ" time="0.035">
  <properties/>
  <testcase name="minimalRegistration()" classname="org.springframework.web.socket.config.annotation.WebMvcStompWebSocketEndpointRegistrationTests" time="0.013"/>
  <testcase name="sameOrigin()" classname="org.springframework.web.socket.config.annotation.WebMvcStompWebSocketEndpointRegistrationTests" time="0.001"/>
  <testcase name="handshakeHandlerAndInterceptorWithAllowedOrigins()" classname="org.springframework.web.socket.config.annotation.WebMvcStompWebSocketEndpointRegistrationTests" time="0.003"/>
  <testcase name="allowedOrigins()" classname="org.springframework.web.socket.config.annotation.WebMvcStompWebSocketEndpointRegistrationTests" time="0.0"/>
  <testcase name="handshakeHandlerInterceptorWithSockJsServiceAndAllowedOrigins()" classname="org.springframework.web.socket.config.annotation.WebMvcStompWebSocketEndpointRegistrationTests" time="0.004"/>
  <testcase name="allowedOriginsWithSockJsService()" classname="org.springframework.web.socket.config.annotation.WebMvcStompWebSocketEndpointRegistrationTests" time="0.004"/>
  <testcase name="handshakeHandlerAndInterceptor()" classname="org.springframework.web.socket.config.annotation.WebMvcStompWebSocketEndpointRegistrationTests" time="0.001"/>
  <testcase name="disableCorsWithSockJsService()" classname="org.springframework.web.socket.config.annotation.WebMvcStompWebSocketEndpointRegistrationTests" time="0.002"/>
  <testcase name="handshakeHandlerInterceptorWithSockJsService()" classname="org.springframework.web.socket.config.annotation.WebMvcStompWebSocketEndpointRegistrationTests" time="0.002"/>
  <system-out><![CDATA[]]></system-out>
  <system-err><![CDATA[]]></system-err>
</testsuite>
