<?xml version="1.0" encoding="UTF-8"?>
<testsuite name="org.springframework.web.socket.server.support.HandshakeInterceptorChainTests" tests="3" skipped="0" failures="0" errors="0" timestamp="2023-03-20T08:11:30" hostname="DESKTOP-VGJP1PJ" time="0.011">
  <properties/>
  <testcase name="success()" classname="org.springframework.web.socket.server.support.HandshakeInterceptorChainTests" time="0.009"/>
  <testcase name="applyBeforeHandshakeWithFalseReturnValue()" classname="org.springframework.web.socket.server.support.HandshakeInterceptorChainTests" time="0.001"/>
  <testcase name="applyAfterHandshakeOnly()" classname="org.springframework.web.socket.server.support.HandshakeInterceptorChainTests" time="0.0"/>
  <system-out><![CDATA[]]></system-out>
  <system-err><![CDATA[]]></system-err>
</testsuite>
