<?xml version="1.0" encoding="UTF-8"?>
<testsuite name="org.springframework.oxm.xstream.XStreamMarshallerTests" tests="20" skipped="0" failures="0" errors="0" timestamp="2023-03-20T07:56:53" hostname="DESKTOP-VGJP1PJ" time="0.747">
  <properties/>
  <testcase name="aliasesByTypeStringClassMap()" classname="org.springframework.oxm.xstream.XStreamMarshallerTests" time="0.216"/>
  <testcase name="marshalStaxResultXMLStreamWriter()" classname="org.springframework.oxm.xstream.XStreamMarshallerTests" time="0.009"/>
  <testcase name="marshalStreamResultOutputStream()" classname="org.springframework.oxm.xstream.XStreamMarshallerTests" time="0.007"/>
  <testcase name="jettisonDriver()" classname="org.springframework.oxm.xstream.XStreamMarshallerTests" time="0.035"/>
  <testcase name="marshalDOMResultToExistentDocument()" classname="org.springframework.oxm.xstream.XStreamMarshallerTests" time="0.006"/>
  <testcase name="useAttributesForClassStringListMap()" classname="org.springframework.oxm.xstream.XStreamMarshallerTests" time="0.006"/>
  <testcase name="fieldAliases()" classname="org.springframework.oxm.xstream.XStreamMarshallerTests" time="0.007"/>
  <testcase name="implicitCollections()" classname="org.springframework.oxm.xstream.XStreamMarshallerTests" time="0.063"/>
  <testcase name="useAttributesForStringClassMap()" classname="org.springframework.oxm.xstream.XStreamMarshallerTests" time="0.005"/>
  <testcase name="jsonDriver()" classname="org.springframework.oxm.xstream.XStreamMarshallerTests" time="0.011"/>
  <testcase name="annotatedMarshalStreamResultWriter()" classname="org.springframework.oxm.xstream.XStreamMarshallerTests" time="0.012"/>
  <testcase name="useAttributesForClassStringMap()" classname="org.springframework.oxm.xstream.XStreamMarshallerTests" time="0.006"/>
  <testcase name="omitFields()" classname="org.springframework.oxm.xstream.XStreamMarshallerTests" time="0.005"/>
  <testcase name="aliasesByTypeStringStringMap()" classname="org.springframework.oxm.xstream.XStreamMarshallerTests" time="0.006"/>
  <testcase name="marshalStaxResultXMLEventWriter()" classname="org.springframework.oxm.xstream.XStreamMarshallerTests" time="0.013"/>
  <testcase name="marshalSaxResult()" classname="org.springframework.oxm.xstream.XStreamMarshallerTests" time="0.021"/>
  <testcase name="marshalStreamResultWriter()" classname="org.springframework.oxm.xstream.XStreamMarshallerTests" time="0.005"/>
  <testcase name="marshalDOMResult()" classname="org.springframework.oxm.xstream.XStreamMarshallerTests" time="0.007"/>
  <testcase name="useAttributesFor()" classname="org.springframework.oxm.xstream.XStreamMarshallerTests" time="0.007"/>
  <testcase name="converters()" classname="org.springframework.oxm.xstream.XStreamMarshallerTests" time="0.281"/>
  <system-out><![CDATA[]]></system-out>
  <system-err><![CDATA[Security framework of XStream not initialized, XStream is probably vulnerable.
Security framework of XStream not initialized, XStream is probably vulnerable.
]]></system-err>
</testsuite>
