<?xml version="1.0" encoding="UTF-8"?>
<testsuite name="org.springframework.oxm.jaxb.Jaxb2MarshallerTests" tests="22" skipped="0" failures="0" errors="0" timestamp="2023-03-20T07:56:50" hostname="DESKTOP-VGJP1PJ" time="1.712">
  <properties/>
  <testcase name="marshalStreamResultOutputStream()" classname="org.springframework.oxm.jaxb.Jaxb2MarshallerTests" time="0.106"/>
  <testcase name="marshalStaxResultEventWriter()" classname="org.springframework.oxm.jaxb.Jaxb2MarshallerTests" time="0.028"/>
  <testcase name="marshalEmptyDOMResult()" classname="org.springframework.oxm.jaxb.Jaxb2MarshallerTests" time="0.014"/>
  <testcase name="marshalStreamResultWriter()" classname="org.springframework.oxm.jaxb.Jaxb2MarshallerTests" time="0.018"/>
  <testcase name="marshalDOMResult()" classname="org.springframework.oxm.jaxb.Jaxb2MarshallerTests" time="0.014"/>
  <testcase name="marshalJaxp14StaxResultEventWriter()" classname="org.springframework.oxm.jaxb.Jaxb2MarshallerTests" time="0.016"/>
  <testcase name="marshalStaxResultStreamWriter()" classname="org.springframework.oxm.jaxb.Jaxb2MarshallerTests" time="0.015"/>
  <testcase name="marshalJaxp14StaxResultStreamWriter()" classname="org.springframework.oxm.jaxb.Jaxb2MarshallerTests" time="0.019"/>
  <testcase name="unmarshalSaxSourceWithXmlOptions()" classname="org.springframework.oxm.jaxb.Jaxb2MarshallerTests" time="0.814"/>
  <testcase name="marshalAWrappedObjectHoldingAnXmlElementDeclElement()" classname="org.springframework.oxm.jaxb.Jaxb2MarshallerTests" time="0.172"/>
  <testcase name="marshalSAXResult()" classname="org.springframework.oxm.jaxb.Jaxb2MarshallerTests" time="0.064"/>
  <testcase name="supportsContextPath()" classname="org.springframework.oxm.jaxb.Jaxb2MarshallerTests" time="0.185"/>
  <testcase name="supportsXmlRootElement()" classname="org.springframework.oxm.jaxb.Jaxb2MarshallerTests" time="0.009"/>
  <testcase name="marshalAttachments()" classname="org.springframework.oxm.jaxb.Jaxb2MarshallerTests" time="0.041"/>
  <testcase name="lazyInit()" classname="org.springframework.oxm.jaxb.Jaxb2MarshallerTests" time="0.019"/>
  <testcase name="properties()" classname="org.springframework.oxm.jaxb.Jaxb2MarshallerTests" time="0.009"/>
  <testcase name="unmarshalStreamSourceWithXmlOptions()" classname="org.springframework.oxm.jaxb.Jaxb2MarshallerTests" time="0.012"/>
  <testcase name="supportsPackagesToScan()" classname="org.springframework.oxm.jaxb.Jaxb2MarshallerTests" time="0.052"/>
  <testcase name="marshalInvalidClass()" classname="org.springframework.oxm.jaxb.Jaxb2MarshallerTests" time="0.019"/>
  <testcase name="testInvalidContextPath()" classname="org.springframework.oxm.jaxb.Jaxb2MarshallerTests" time="0.015"/>
  <testcase name="noContextPathOrClassesToBeBound()" classname="org.springframework.oxm.jaxb.Jaxb2MarshallerTests" time="0.008"/>
  <testcase name="supportsClassesToBeBound()" classname="org.springframework.oxm.jaxb.Jaxb2MarshallerTests" time="0.042"/>
  <system-out><![CDATA[]]></system-out>
  <system-err><![CDATA[]]></system-err>
</testsuite>
