<?xml version="1.0" encoding="UTF-8"?>
<testsuite name="org.springframework.r2dbc.connection.R2dbcTransactionManagerUnitTests" tests="13" skipped="0" failures="0" errors="0" timestamp="2023-03-20T07:57:22" hostname="DESKTOP-VGJP1PJ" time="0.224">
  <properties/>
  <testcase name="testTransactionSetRollbackOnly()" classname="org.springframework.r2dbc.connection.R2dbcTransactionManagerUnitTests" time="0.065"/>
  <testcase name="doesNotSetIsolationLevelIfMatch()" classname="org.springframework.r2dbc.connection.R2dbcTransactionManagerUnitTests" time="0.014"/>
  <testcase name="restoresAutoCommit()" classname="org.springframework.r2dbc.connection.R2dbcTransactionManagerUnitTests" time="0.007"/>
  <testcase name="testPropagationNeverWithExistingTransaction()" classname="org.springframework.r2dbc.connection.R2dbcTransactionManagerUnitTests" time="0.009"/>
  <testcase name="testSimpleTransaction()" classname="org.springframework.r2dbc.connection.R2dbcTransactionManagerUnitTests" time="0.01"/>
  <testcase name="testBeginFails()" classname="org.springframework.r2dbc.connection.R2dbcTransactionManagerUnitTests" time="0.007"/>
  <testcase name="testRollback()" classname="org.springframework.r2dbc.connection.R2dbcTransactionManagerUnitTests" time="0.006"/>
  <testcase name="testRollbackFails()" classname="org.springframework.r2dbc.connection.R2dbcTransactionManagerUnitTests" time="0.037"/>
  <testcase name="testCommitFails()" classname="org.springframework.r2dbc.connection.R2dbcTransactionManagerUnitTests" time="0.016"/>
  <testcase name="testPropagationSupportsAndRequiresNew()" classname="org.springframework.r2dbc.connection.R2dbcTransactionManagerUnitTests" time="0.008"/>
  <testcase name="appliesIsolationLevel()" classname="org.springframework.r2dbc.connection.R2dbcTransactionManagerUnitTests" time="0.004"/>
  <testcase name="doesNotSetAutoCommitDisabled()" classname="org.springframework.r2dbc.connection.R2dbcTransactionManagerUnitTests" time="0.004"/>
  <testcase name="appliesReadOnly()" classname="org.springframework.r2dbc.connection.R2dbcTransactionManagerUnitTests" time="0.025"/>
  <system-out><![CDATA[02:57:22.609 [Test worker] ERROR org.springframework.transaction.reactive.TransactionalOperatorImpl - Application exception overridden by rollback exception
java.lang.RuntimeException: Async resource cleanup failed after onComplete
	at reactor.core.publisher.FluxUsingWhen$CommitInner.onError(FluxUsingWhen.java:533) ~[reactor-core-3.4.0-M2.jar:?]
	at reactor.core.publisher.MonoFlatMap$FlatMapMain.secondError(MonoFlatMap.java:192) ~[reactor-core-3.4.0-M2.jar:?]
	at reactor.core.publisher.MonoFlatMap$FlatMapInner.onError(MonoFlatMap.java:259) ~[reactor-core-3.4.0-M2.jar:?]
	at reactor.core.publisher.Operators$MonoSubscriber.onError(Operators.java:1829) ~[reactor-core-3.4.0-M2.jar:?]
	at reactor.core.publisher.MonoIgnoreThen$ThenIgnoreInner.onError(MonoIgnoreThen.java:243) ~[reactor-core-3.4.0-M2.jar:?]
	at reactor.core.publisher.FluxOnErrorResume$ResumeSubscriber.onError(FluxOnErrorResume.java:106) ~[reactor-core-3.4.0-M2.jar:?]
	at reactor.core.publisher.MonoIgnoreThen$ThenIgnoreMain.drain(MonoIgnoreThen.java:139) ~[reactor-core-3.4.0-M2.jar:?]
	at reactor.core.publisher.MonoIgnoreThen.subscribe(MonoIgnoreThen.java:56) ~[reactor-core-3.4.0-M2.jar:?]
	at reactor.core.publisher.Mono.subscribe(Mono.java:3892) ~[reactor-core-3.4.0-M2.jar:?]
	at reactor.core.publisher.FluxOnErrorResume$ResumeSubscriber.onError(FluxOnErrorResume.java:103) ~[reactor-core-3.4.0-M2.jar:?]
	at reactor.core.publisher.Operators$MonoSubscriber.onError(Operators.java:1829) ~[reactor-core-3.4.0-M2.jar:?]
	at reactor.core.publisher.MonoIgnoreThen$ThenIgnoreInner.onError(MonoIgnoreThen.java:243) ~[reactor-core-3.4.0-M2.jar:?]
	at reactor.core.publisher.FluxOnErrorResume$ResumeSubscriber.onError(FluxOnErrorResume.java:106) ~[reactor-core-3.4.0-M2.jar:?]
	at reactor.core.publisher.MonoIgnoreThen$ThenIgnoreMain.drain(MonoIgnoreThen.java:139) ~[reactor-core-3.4.0-M2.jar:?]
	at reactor.core.publisher.MonoIgnoreThen.subscribe(MonoIgnoreThen.java:56) ~[reactor-core-3.4.0-M2.jar:?]
	at reactor.core.publisher.Mono.subscribe(Mono.java:3892) ~[reactor-core-3.4.0-M2.jar:?]
	at reactor.core.publisher.FluxOnErrorResume$ResumeSubscriber.onError(FluxOnErrorResume.java:103) ~[reactor-core-3.4.0-M2.jar:?]
	at reactor.core.publisher.Operators$MonoSubscriber.onError(Operators.java:1829) ~[reactor-core-3.4.0-M2.jar:?]
	at reactor.core.publisher.MonoIgnoreThen$ThenAcceptInner.onError(MonoIgnoreThen.java:315) ~[reactor-core-3.4.0-M2.jar:?]
	at reactor.core.publisher.FluxOnErrorResume$ResumeSubscriber.onError(FluxOnErrorResume.java:106) ~[reactor-core-3.4.0-M2.jar:?]
	at reactor.core.publisher.Operators.error(Operators.java:196) ~[reactor-core-3.4.0-M2.jar:?]
	at reactor.core.publisher.MonoError.subscribe(MonoError.java:52) ~[reactor-core-3.4.0-M2.jar:?]
	at reactor.core.publisher.Mono.subscribe(Mono.java:3892) ~[reactor-core-3.4.0-M2.jar:?]
	at reactor.core.publisher.FluxOnErrorResume$ResumeSubscriber.onError(FluxOnErrorResume.java:103) ~[reactor-core-3.4.0-M2.jar:?]
	at reactor.core.publisher.Operators.error(Operators.java:196) ~[reactor-core-3.4.0-M2.jar:?]
	at reactor.core.publisher.MonoError.subscribe(MonoError.java:52) ~[reactor-core-3.4.0-M2.jar:?]
	at reactor.core.publisher.MonoDefer.subscribe(MonoDefer.java:52) ~[reactor-core-3.4.0-M2.jar:?]
	at reactor.core.publisher.InternalMonoOperator.subscribe(InternalMonoOperator.java:64) ~[reactor-core-3.4.0-M2.jar:?]
	at reactor.core.publisher.MonoDefer.subscribe(MonoDefer.java:52) ~[reactor-core-3.4.0-M2.jar:?]
	at reactor.core.publisher.MonoIgnoreThen$ThenIgnoreMain.drain(MonoIgnoreThen.java:154) ~[reactor-core-3.4.0-M2.jar:?]
	at reactor.core.publisher.MonoIgnoreThen.subscribe(MonoIgnoreThen.java:56) ~[reactor-core-3.4.0-M2.jar:?]
	at reactor.core.publisher.Mono.subscribe(Mono.java:3892) ~[reactor-core-3.4.0-M2.jar:?]
	at reactor.core.publisher.MonoIgnoreThen$ThenIgnoreMain.drain(MonoIgnoreThen.java:173) ~[reactor-core-3.4.0-M2.jar:?]
	at reactor.core.publisher.MonoIgnoreThen.subscribe(MonoIgnoreThen.java:56) ~[reactor-core-3.4.0-M2.jar:?]
	at reactor.core.publisher.Mono.subscribe(Mono.java:3892) ~[reactor-core-3.4.0-M2.jar:?]
	at reactor.core.publisher.MonoIgnoreThen$ThenIgnoreMain.drain(MonoIgnoreThen.java:173) ~[reactor-core-3.4.0-M2.jar:?]
	at reactor.core.publisher.MonoIgnoreThen.subscribe(MonoIgnoreThen.java:56) ~[reactor-core-3.4.0-M2.jar:?]
	at reactor.core.publisher.MonoFlatMap$FlatMapMain.onNext(MonoFlatMap.java:157) ~[reactor-core-3.4.0-M2.jar:?]
	at reactor.core.publisher.FluxMap$MapSubscriber.onNext(FluxMap.java:120) ~[reactor-core-3.4.0-M2.jar:?]
	at reactor.core.publisher.Operators$ScalarSubscription.request(Operators.java:2344) ~[reactor-core-3.4.0-M2.jar:?]
	at reactor.core.publisher.FluxMap$MapSubscriber.request(FluxMap.java:162) ~[reactor-core-3.4.0-M2.jar:?]
	at reactor.core.publisher.MonoFlatMap$FlatMapMain.onSubscribe(MonoFlatMap.java:110) ~[reactor-core-3.4.0-M2.jar:?]
	at reactor.core.publisher.FluxMap$MapSubscriber.onSubscribe(FluxMap.java:92) ~[reactor-core-3.4.0-M2.jar:?]
	at reactor.core.publisher.MonoJust.subscribe(MonoJust.java:54) ~[reactor-core-3.4.0-M2.jar:?]
	at reactor.core.publisher.MonoDeferContextual.subscribe(MonoDeferContextual.java:55) ~[reactor-core-3.4.0-M2.jar:?]
	at reactor.core.publisher.Mono.subscribe(Mono.java:3892) ~[reactor-core-3.4.0-M2.jar:?]
	at reactor.core.publisher.FluxUsingWhen$UsingWhenSubscriber.onComplete(FluxUsingWhen.java:397) ~[reactor-core-3.4.0-M2.jar:?]
	at reactor.core.publisher.MonoIgnoreElements$IgnoreElementsSubscriber.onComplete(MonoIgnoreElements.java:88) ~[reactor-core-3.4.0-M2.jar:?]
	at reactor.core.publisher.FluxPeek$PeekSubscriber.onComplete(FluxPeek.java:259) ~[reactor-core-3.4.0-M2.jar:?]
	at reactor.core.publisher.Operators$MultiSubscriptionSubscriber.onComplete(Operators.java:2016) ~[reactor-core-3.4.0-M2.jar:?]
	at reactor.core.publisher.Operators$MultiSubscriptionSubscriber.onComplete(Operators.java:2016) ~[reactor-core-3.4.0-M2.jar:?]
	at reactor.core.publisher.Operators$MonoSubscriber.complete(Operators.java:1783) ~[reactor-core-3.4.0-M2.jar:?]
	at reactor.core.publisher.MonoFlatMap$FlatMapMain.onNext(MonoFlatMap.java:151) ~[reactor-core-3.4.0-M2.jar:?]
	at reactor.core.publisher.FluxMap$MapSubscriber.onNext(FluxMap.java:120) ~[reactor-core-3.4.0-M2.jar:?]
	at reactor.core.publisher.Operators$ScalarSubscription.request(Operators.java:2344) ~[reactor-core-3.4.0-M2.jar:?]
	at reactor.core.publisher.FluxMap$MapSubscriber.request(FluxMap.java:162) ~[reactor-core-3.4.0-M2.jar:?]
	at reactor.core.publisher.MonoFlatMap$FlatMapMain.onSubscribe(MonoFlatMap.java:110) ~[reactor-core-3.4.0-M2.jar:?]
	at reactor.core.publisher.FluxMap$MapSubscriber.onSubscribe(FluxMap.java:92) ~[reactor-core-3.4.0-M2.jar:?]
	at reactor.core.publisher.MonoJust.subscribe(MonoJust.java:54) ~[reactor-core-3.4.0-M2.jar:?]
	at reactor.core.publisher.MonoDeferContextual.subscribe(MonoDeferContextual.java:55) ~[reactor-core-3.4.0-M2.jar:?]
	at reactor.core.publisher.Mono.subscribe(Mono.java:3892) ~[reactor-core-3.4.0-M2.jar:?]
	at reactor.core.publisher.FluxUsingWhen.subscribe(FluxUsingWhen.java:93) ~[reactor-core-3.4.0-M2.jar:?]
	at reactor.core.publisher.Flux.subscribe(Flux.java:7989) ~[reactor-core-3.4.0-M2.jar:?]
	at reactor.core.publisher.MonoFlatMapMany$FlatMapManyMain.onNext(MonoFlatMapMany.java:195) ~[reactor-core-3.4.0-M2.jar:?]
	at reactor.core.publisher.Operators$MonoSubscriber.complete(Operators.java:1782) ~[reactor-core-3.4.0-M2.jar:?]
	at reactor.core.publisher.MonoFlatMap$FlatMapInner.onNext(MonoFlatMap.java:249) ~[reactor-core-3.4.0-M2.jar:?]
	at reactor.core.publisher.Operators$MonoSubscriber.complete(Operators.java:1782) ~[reactor-core-3.4.0-M2.jar:?]
	at reactor.core.publisher.MonoFlatMap$FlatMapInner.onNext(MonoFlatMap.java:249) ~[reactor-core-3.4.0-M2.jar:?]
	at reactor.core.publisher.Operators$MonoSubscriber.complete(Operators.java:1782) ~[reactor-core-3.4.0-M2.jar:?]
	at reactor.core.publisher.MonoFlatMap$FlatMapInner.onNext(MonoFlatMap.java:249) ~[reactor-core-3.4.0-M2.jar:?]
	at reactor.core.publisher.FluxOnErrorResume$ResumeSubscriber.onNext(FluxOnErrorResume.java:79) ~[reactor-core-3.4.0-M2.jar:?]
	at reactor.core.publisher.Operators$MonoSubscriber.complete(Operators.java:1782) ~[reactor-core-3.4.0-M2.jar:?]
	at reactor.core.publisher.MonoIgnoreThen$ThenIgnoreMain.drain(MonoIgnoreThen.java:148) ~[reactor-core-3.4.0-M2.jar:?]
	at reactor.core.publisher.MonoIgnoreThen.subscribe(MonoIgnoreThen.java:56) ~[reactor-core-3.4.0-M2.jar:?]
	at reactor.core.publisher.MonoDefer.subscribe(MonoDefer.java:52) ~[reactor-core-3.4.0-M2.jar:?]
	at reactor.core.publisher.InternalMonoOperator.subscribe(InternalMonoOperator.java:64) ~[reactor-core-3.4.0-M2.jar:?]
	at reactor.core.publisher.MonoFlatMap$FlatMapMain.onNext(MonoFlatMap.java:157) ~[reactor-core-3.4.0-M2.jar:?]
	at reactor.core.publisher.Operators$MonoSubscriber.complete(Operators.java:1782) ~[reactor-core-3.4.0-M2.jar:?]
	at reactor.core.publisher.FluxDefaultIfEmpty$DefaultIfEmptySubscriber.onComplete(FluxDefaultIfEmpty.java:107) ~[reactor-core-3.4.0-M2.jar:?]
	at reactor.core.publisher.FluxMap$MapSubscriber.onComplete(FluxMap.java:142) ~[reactor-core-3.4.0-M2.jar:?]
	at reactor.core.publisher.Operators.complete(Operators.java:135) ~[reactor-core-3.4.0-M2.jar:?]
	at reactor.core.publisher.MonoEmpty.subscribe(MonoEmpty.java:45) ~[reactor-core-3.4.0-M2.jar:?]
	at reactor.core.publisher.InternalMonoOperator.subscribe(InternalMonoOperator.java:64) ~[reactor-core-3.4.0-M2.jar:?]
	at reactor.core.publisher.MonoFlatMap$FlatMapMain.onNext(MonoFlatMap.java:157) ~[reactor-core-3.4.0-M2.jar:?]
	at reactor.core.publisher.FluxMap$MapSubscriber.onNext(FluxMap.java:120) ~[reactor-core-3.4.0-M2.jar:?]
	at reactor.core.publisher.Operators$ScalarSubscription.request(Operators.java:2344) ~[reactor-core-3.4.0-M2.jar:?]
	at reactor.core.publisher.FluxMap$MapSubscriber.request(FluxMap.java:162) ~[reactor-core-3.4.0-M2.jar:?]
	at reactor.core.publisher.MonoFlatMap$FlatMapMain.onSubscribe(MonoFlatMap.java:110) ~[reactor-core-3.4.0-M2.jar:?]
	at reactor.core.publisher.FluxMap$MapSubscriber.onSubscribe(FluxMap.java:92) ~[reactor-core-3.4.0-M2.jar:?]
	at reactor.core.publisher.MonoJust.subscribe(MonoJust.java:54) ~[reactor-core-3.4.0-M2.jar:?]
	at reactor.core.publisher.MonoDeferContextual.subscribe(MonoDeferContextual.java:55) ~[reactor-core-3.4.0-M2.jar:?]
	at reactor.core.publisher.InternalMonoOperator.subscribe(InternalMonoOperator.java:64) ~[reactor-core-3.4.0-M2.jar:?]
	at reactor.core.publisher.MonoFlatMap$FlatMapMain.onNext(MonoFlatMap.java:157) ~[reactor-core-3.4.0-M2.jar:?]
	at reactor.core.publisher.FluxMap$MapSubscriber.onNext(FluxMap.java:120) ~[reactor-core-3.4.0-M2.jar:?]
	at reactor.core.publisher.Operators$ScalarSubscription.request(Operators.java:2344) ~[reactor-core-3.4.0-M2.jar:?]
	at reactor.core.publisher.FluxMap$MapSubscriber.request(FluxMap.java:162) ~[reactor-core-3.4.0-M2.jar:?]
	at reactor.core.publisher.MonoFlatMap$FlatMapMain.onSubscribe(MonoFlatMap.java:110) ~[reactor-core-3.4.0-M2.jar:?]
	at reactor.core.publisher.FluxMap$MapSubscriber.onSubscribe(FluxMap.java:92) ~[reactor-core-3.4.0-M2.jar:?]
	at reactor.core.publisher.MonoJust.subscribe(MonoJust.java:54) ~[reactor-core-3.4.0-M2.jar:?]
	at reactor.core.publisher.MonoDeferContextual.subscribe(MonoDeferContextual.java:55) ~[reactor-core-3.4.0-M2.jar:?]
	at reactor.core.publisher.Flux.subscribe(Flux.java:7989) ~[reactor-core-3.4.0-M2.jar:?]
	at reactor.core.publisher.MonoFlatMapMany$FlatMapManyMain.onNext(MonoFlatMapMany.java:195) ~[reactor-core-3.4.0-M2.jar:?]
	at reactor.core.publisher.Operators$ScalarSubscription.request(Operators.java:2344) ~[reactor-core-3.4.0-M2.jar:?]
	at reactor.core.publisher.MonoFlatMapMany$FlatMapManyMain.onSubscribe(MonoFlatMapMany.java:141) ~[reactor-core-3.4.0-M2.jar:?]
	at reactor.core.publisher.MonoJust.subscribe(MonoJust.java:54) ~[reactor-core-3.4.0-M2.jar:?]
	at reactor.core.publisher.MonoDeferContextual.subscribe(MonoDeferContextual.java:55) ~[reactor-core-3.4.0-M2.jar:?]
	at reactor.core.publisher.Flux.subscribe(Flux.java:7989) ~[reactor-core-3.4.0-M2.jar:?]
	at reactor.test.DefaultStepVerifierBuilder$DefaultStepVerifier.toVerifierAndSubscribe(DefaultStepVerifierBuilder.java:868) ~[reactor-test-3.4.0-M2.jar:3.4.0-M2]
	at reactor.test.DefaultStepVerifierBuilder$DefaultStepVerifier.verify(DefaultStepVerifierBuilder.java:824) ~[reactor-test-3.4.0-M2.jar:3.4.0-M2]
	at reactor.test.DefaultStepVerifierBuilder$DefaultStepVerifier.verify(DefaultStepVerifierBuilder.java:816) ~[reactor-test-3.4.0-M2.jar:3.4.0-M2]
	at reactor.test.DefaultStepVerifierBuilder.verifyError(DefaultStepVerifierBuilder.java:663) ~[reactor-test-3.4.0-M2.jar:3.4.0-M2]
	at org.springframework.r2dbc.connection.R2dbcTransactionManagerUnitTests.testRollbackFails(R2dbcTransactionManagerUnitTests.java:311) ~[test/:?]
	at sun.reflect.NativeMethodAccessorImpl.invoke0(Native Method) ~[?:1.8.0_261]
	at sun.reflect.NativeMethodAccessorImpl.invoke(NativeMethodAccessorImpl.java:62) ~[?:1.8.0_261]
	at sun.reflect.DelegatingMethodAccessorImpl.invoke(DelegatingMethodAccessorImpl.java:43) ~[?:1.8.0_261]
	at java.lang.reflect.Method.invoke(Method.java:498) ~[?:1.8.0_261]
	at org.junit.platform.commons.util.ReflectionUtils.invokeMethod(ReflectionUtils.java:686) ~[junit-platform-commons-1.6.2.jar:1.6.2]
	at org.junit.jupiter.engine.execution.MethodInvocation.proceed(MethodInvocation.java:60) ~[junit-jupiter-engine-5.6.2.jar:5.6.2]
	at org.junit.jupiter.engine.execution.InvocationInterceptorChain$ValidatingInvocation.proceed(InvocationInterceptorChain.java:131) ~[junit-jupiter-engine-5.6.2.jar:5.6.2]
	at org.junit.jupiter.engine.extension.TimeoutExtension.intercept(TimeoutExtension.java:149) ~[junit-jupiter-engine-5.6.2.jar:5.6.2]
	at org.junit.jupiter.engine.extension.TimeoutExtension.interceptTestableMethod(TimeoutExtension.java:140) ~[junit-jupiter-engine-5.6.2.jar:5.6.2]
	at org.junit.jupiter.engine.extension.TimeoutExtension.interceptTestMethod(TimeoutExtension.java:84) ~[junit-jupiter-engine-5.6.2.jar:5.6.2]
	at org.junit.jupiter.engine.execution.ExecutableInvoker$ReflectiveInterceptorCall.lambda$ofVoidMethod$0(ExecutableInvoker.java:115) ~[junit-jupiter-engine-5.6.2.jar:5.6.2]
	at org.junit.jupiter.engine.execution.ExecutableInvoker.lambda$invoke$0(ExecutableInvoker.java:105) ~[junit-jupiter-engine-5.6.2.jar:5.6.2]
	at org.junit.jupiter.engine.execution.InvocationInterceptorChain$InterceptedInvocation.proceed(InvocationInterceptorChain.java:106) ~[junit-jupiter-engine-5.6.2.jar:5.6.2]
	at org.junit.jupiter.engine.execution.InvocationInterceptorChain.proceed(InvocationInterceptorChain.java:64) ~[junit-jupiter-engine-5.6.2.jar:5.6.2]
	at org.junit.jupiter.engine.execution.InvocationInterceptorChain.chainAndInvoke(InvocationInterceptorChain.java:45) ~[junit-jupiter-engine-5.6.2.jar:5.6.2]
	at org.junit.jupiter.engine.execution.InvocationInterceptorChain.invoke(InvocationInterceptorChain.java:37) ~[junit-jupiter-engine-5.6.2.jar:5.6.2]
	at org.junit.jupiter.engine.execution.ExecutableInvoker.invoke(ExecutableInvoker.java:104) ~[junit-jupiter-engine-5.6.2.jar:5.6.2]
	at org.junit.jupiter.engine.execution.ExecutableInvoker.invoke(ExecutableInvoker.java:98) ~[junit-jupiter-engine-5.6.2.jar:5.6.2]
	at org.junit.jupiter.engine.descriptor.TestMethodTestDescriptor.lambda$invokeTestMethod$6(TestMethodTestDescriptor.java:212) ~[junit-jupiter-engine-5.6.2.jar:5.6.2]
	at org.junit.platform.engine.support.hierarchical.ThrowableCollector.execute(ThrowableCollector.java:73) ~[junit-platform-engine-1.6.2.jar:1.6.2]
	at org.junit.jupiter.engine.descriptor.TestMethodTestDescriptor.invokeTestMethod(TestMethodTestDescriptor.java:208) ~[junit-jupiter-engine-5.6.2.jar:5.6.2]
	at org.junit.jupiter.engine.descriptor.TestMethodTestDescriptor.execute(TestMethodTestDescriptor.java:137) ~[junit-jupiter-engine-5.6.2.jar:5.6.2]
	at org.junit.jupiter.engine.descriptor.TestMethodTestDescriptor.execute(TestMethodTestDescriptor.java:71) ~[junit-jupiter-engine-5.6.2.jar:5.6.2]
	at org.junit.platform.engine.support.hierarchical.NodeTestTask.lambda$executeRecursively$5(NodeTestTask.java:135) ~[junit-platform-engine-1.6.2.jar:1.6.2]
	at org.junit.platform.engine.support.hierarchical.ThrowableCollector.execute(ThrowableCollector.java:73) ~[junit-platform-engine-1.6.2.jar:1.6.2]
	at org.junit.platform.engine.support.hierarchical.NodeTestTask.lambda$executeRecursively$7(NodeTestTask.java:125) ~[junit-platform-engine-1.6.2.jar:1.6.2]
	at org.junit.platform.engine.support.hierarchical.Node.around(Node.java:135) ~[junit-platform-engine-1.6.2.jar:1.6.2]
	at org.junit.platform.engine.support.hierarchical.NodeTestTask.lambda$executeRecursively$8(NodeTestTask.java:123) ~[junit-platform-engine-1.6.2.jar:1.6.2]
	at org.junit.platform.engine.support.hierarchical.ThrowableCollector.execute(ThrowableCollector.java:73) ~[junit-platform-engine-1.6.2.jar:1.6.2]
	at org.junit.platform.engine.support.hierarchical.NodeTestTask.executeRecursively(NodeTestTask.java:122) ~[junit-platform-engine-1.6.2.jar:1.6.2]
	at org.junit.platform.engine.support.hierarchical.NodeTestTask.execute(NodeTestTask.java:80) ~[junit-platform-engine-1.6.2.jar:1.6.2]
	at java.util.ArrayList.forEach(ArrayList.java:1259) ~[?:1.8.0_261]
	at org.junit.platform.engine.support.hierarchical.SameThreadHierarchicalTestExecutorService.invokeAll(SameThreadHierarchicalTestExecutorService.java:38) ~[junit-platform-engine-1.6.2.jar:1.6.2]
	at org.junit.platform.engine.support.hierarchical.NodeTestTask.lambda$executeRecursively$5(NodeTestTask.java:139) ~[junit-platform-engine-1.6.2.jar:1.6.2]
	at org.junit.platform.engine.support.hierarchical.ThrowableCollector.execute(ThrowableCollector.java:73) ~[junit-platform-engine-1.6.2.jar:1.6.2]
	at org.junit.platform.engine.support.hierarchical.NodeTestTask.lambda$executeRecursively$7(NodeTestTask.java:125) ~[junit-platform-engine-1.6.2.jar:1.6.2]
	at org.junit.platform.engine.support.hierarchical.Node.around(Node.java:135) ~[junit-platform-engine-1.6.2.jar:1.6.2]
	at org.junit.platform.engine.support.hierarchical.NodeTestTask.lambda$executeRecursively$8(NodeTestTask.java:123) ~[junit-platform-engine-1.6.2.jar:1.6.2]
	at org.junit.platform.engine.support.hierarchical.ThrowableCollector.execute(ThrowableCollector.java:73) ~[junit-platform-engine-1.6.2.jar:1.6.2]
	at org.junit.platform.engine.support.hierarchical.NodeTestTask.executeRecursively(NodeTestTask.java:122) ~[junit-platform-engine-1.6.2.jar:1.6.2]
	at org.junit.platform.engine.support.hierarchical.NodeTestTask.execute(NodeTestTask.java:80) ~[junit-platform-engine-1.6.2.jar:1.6.2]
	at java.util.ArrayList.forEach(ArrayList.java:1259) ~[?:1.8.0_261]
	at org.junit.platform.engine.support.hierarchical.SameThreadHierarchicalTestExecutorService.invokeAll(SameThreadHierarchicalTestExecutorService.java:38) ~[junit-platform-engine-1.6.2.jar:1.6.2]
	at org.junit.platform.engine.support.hierarchical.NodeTestTask.lambda$executeRecursively$5(NodeTestTask.java:139) ~[junit-platform-engine-1.6.2.jar:1.6.2]
	at org.junit.platform.engine.support.hierarchical.ThrowableCollector.execute(ThrowableCollector.java:73) ~[junit-platform-engine-1.6.2.jar:1.6.2]
	at org.junit.platform.engine.support.hierarchical.NodeTestTask.lambda$executeRecursively$7(NodeTestTask.java:125) ~[junit-platform-engine-1.6.2.jar:1.6.2]
	at org.junit.platform.engine.support.hierarchical.Node.around(Node.java:135) ~[junit-platform-engine-1.6.2.jar:1.6.2]
	at org.junit.platform.engine.support.hierarchical.NodeTestTask.lambda$executeRecursively$8(NodeTestTask.java:123) ~[junit-platform-engine-1.6.2.jar:1.6.2]
	at org.junit.platform.engine.support.hierarchical.ThrowableCollector.execute(ThrowableCollector.java:73) ~[junit-platform-engine-1.6.2.jar:1.6.2]
	at org.junit.platform.engine.support.hierarchical.NodeTestTask.executeRecursively(NodeTestTask.java:122) ~[junit-platform-engine-1.6.2.jar:1.6.2]
	at org.junit.platform.engine.support.hierarchical.NodeTestTask.execute(NodeTestTask.java:80) ~[junit-platform-engine-1.6.2.jar:1.6.2]
	at org.junit.platform.engine.support.hierarchical.SameThreadHierarchicalTestExecutorService.submit(SameThreadHierarchicalTestExecutorService.java:32) ~[junit-platform-engine-1.6.2.jar:1.6.2]
	at org.junit.platform.engine.support.hierarchical.HierarchicalTestExecutor.execute(HierarchicalTestExecutor.java:57) ~[junit-platform-engine-1.6.2.jar:1.6.2]
	at org.junit.platform.engine.support.hierarchical.HierarchicalTestEngine.execute(HierarchicalTestEngine.java:51) ~[junit-platform-engine-1.6.2.jar:1.6.2]
	at org.junit.platform.launcher.core.DefaultLauncher.execute(DefaultLauncher.java:248) ~[junit-platform-launcher-1.6.2.jar:1.6.2]
	at org.junit.platform.launcher.core.DefaultLauncher.lambda$execute$5(DefaultLauncher.java:211) ~[junit-platform-launcher-1.6.2.jar:1.6.2]
	at org.junit.platform.launcher.core.DefaultLauncher.withInterceptedStreams(DefaultLauncher.java:226) [junit-platform-launcher-1.6.2.jar:1.6.2]
	at org.junit.platform.launcher.core.DefaultLauncher.execute(DefaultLauncher.java:199) [junit-platform-launcher-1.6.2.jar:1.6.2]
	at org.junit.platform.launcher.core.DefaultLauncher.execute(DefaultLauncher.java:132) [junit-platform-launcher-1.6.2.jar:1.6.2]
	at org.gradle.api.internal.tasks.testing.junitplatform.JUnitPlatformTestClassProcessor$CollectAllTestClassesExecutor.processAllTestClasses(JUnitPlatformTestClassProcessor.java:99) [gradle-testing-junit-platform-6.5.1.jar:6.5.1]
	at org.gradle.api.internal.tasks.testing.junitplatform.JUnitPlatformTestClassProcessor$CollectAllTestClassesExecutor.access$000(JUnitPlatformTestClassProcessor.java:79) [gradle-testing-junit-platform-6.5.1.jar:6.5.1]
	at org.gradle.api.internal.tasks.testing.junitplatform.JUnitPlatformTestClassProcessor.stop(JUnitPlatformTestClassProcessor.java:75) [gradle-testing-junit-platform-6.5.1.jar:6.5.1]
	at org.gradle.api.internal.tasks.testing.SuiteTestClassProcessor.stop(SuiteTestClassProcessor.java:61) [gradle-testing-base-6.5.1.jar:6.5.1]
	at sun.reflect.NativeMethodAccessorImpl.invoke0(Native Method) ~[?:1.8.0_261]
	at sun.reflect.NativeMethodAccessorImpl.invoke(NativeMethodAccessorImpl.java:62) ~[?:1.8.0_261]
	at sun.reflect.DelegatingMethodAccessorImpl.invoke(DelegatingMethodAccessorImpl.java:43) ~[?:1.8.0_261]
	at java.lang.reflect.Method.invoke(Method.java:498) ~[?:1.8.0_261]
	at org.gradle.internal.dispatch.ReflectionDispatch.dispatch(ReflectionDispatch.java:36) [gradle-messaging-6.5.1.jar:6.5.1]
	at org.gradle.internal.dispatch.ReflectionDispatch.dispatch(ReflectionDispatch.java:24) [gradle-messaging-6.5.1.jar:6.5.1]
	at org.gradle.internal.dispatch.ContextClassLoaderDispatch.dispatch(ContextClassLoaderDispatch.java:33) [gradle-messaging-6.5.1.jar:6.5.1]
	at org.gradle.internal.dispatch.ProxyDispatchAdapter$DispatchingInvocationHandler.invoke(ProxyDispatchAdapter.java:94) [gradle-messaging-6.5.1.jar:6.5.1]
	at com.sun.proxy.$Proxy2.stop(Unknown Source) [?:?]
	at org.gradle.api.internal.tasks.testing.worker.TestWorker.stop(TestWorker.java:133) [gradle-testing-base-6.5.1.jar:6.5.1]
	at sun.reflect.NativeMethodAccessorImpl.invoke0(Native Method) ~[?:1.8.0_261]
	at sun.reflect.NativeMethodAccessorImpl.invoke(NativeMethodAccessorImpl.java:62) ~[?:1.8.0_261]
	at sun.reflect.DelegatingMethodAccessorImpl.invoke(DelegatingMethodAccessorImpl.java:43) ~[?:1.8.0_261]
	at java.lang.reflect.Method.invoke(Method.java:498) ~[?:1.8.0_261]
	at org.gradle.internal.dispatch.ReflectionDispatch.dispatch(ReflectionDispatch.java:36) [gradle-messaging-6.5.1.jar:6.5.1]
	at org.gradle.internal.dispatch.ReflectionDispatch.dispatch(ReflectionDispatch.java:24) [gradle-messaging-6.5.1.jar:6.5.1]
	at org.gradle.internal.remote.internal.hub.MessageHubBackedObjectConnection$DispatchWrapper.dispatch(MessageHubBackedObjectConnection.java:182) [gradle-messaging-6.5.1.jar:6.5.1]
	at org.gradle.internal.remote.internal.hub.MessageHubBackedObjectConnection$DispatchWrapper.dispatch(MessageHubBackedObjectConnection.java:164) [gradle-messaging-6.5.1.jar:6.5.1]
	at org.gradle.internal.remote.internal.hub.MessageHub$Handler.run(MessageHub.java:414) [gradle-messaging-6.5.1.jar:6.5.1]
	at org.gradle.internal.concurrent.ExecutorPolicy$CatchAndRecordFailures.onExecute(ExecutorPolicy.java:64) [gradle-base-services-6.5.1.jar:6.5.1]
	at org.gradle.internal.concurrent.ManagedExecutorImpl$1.run(ManagedExecutorImpl.java:48) [gradle-base-services-6.5.1.jar:6.5.1]
	at java.util.concurrent.ThreadPoolExecutor.runWorker(ThreadPoolExecutor.java:1149) [?:1.8.0_261]
	at java.util.concurrent.ThreadPoolExecutor$Worker.run(ThreadPoolExecutor.java:624) [?:1.8.0_261]
	at org.gradle.internal.concurrent.ThreadFactoryImpl$ManagedThreadRunnable.run(ThreadFactoryImpl.java:56) [gradle-base-services-6.5.1.jar:6.5.1]
	at java.lang.Thread.run(Thread.java:748) [?:1.8.0_261]
Caused by: org.springframework.r2dbc.BadSqlGrammarException: R2DBC rollback; bad SQL grammar []; nested exception is io.r2dbc.spi.R2dbcBadGrammarException: Commit should fail
	at org.springframework.r2dbc.connection.ConnectionFactoryUtils.convertR2dbcException(ConnectionFactoryUtils.java:256) ~[spring-r2dbc-5.3.0-M2.jar:?]
	at org.springframework.r2dbc.connection.R2dbcTransactionManager.translateException(R2dbcTransactionManager.java:439) ~[spring-r2dbc-5.3.0-M2.jar:?]
	at org.springframework.r2dbc.connection.R2dbcTransactionManager.lambda$doRollback$10(R2dbcTransactionManager.java:292) ~[spring-r2dbc-5.3.0-M2.jar:?]
	at reactor.core.publisher.Mono.lambda$onErrorMap$29(Mono.java:3212) ~[reactor-core-3.4.0-M2.jar:?]
	at reactor.core.publisher.Mono.lambda$onErrorResume$31(Mono.java:3302) ~[reactor-core-3.4.0-M2.jar:?]
	at reactor.core.publisher.FluxOnErrorResume$ResumeSubscriber.onError(FluxOnErrorResume.java:94) ~[reactor-core-3.4.0-M2.jar:?]
	... 176 more
Caused by: io.r2dbc.spi.R2dbcBadGrammarException: Commit should fail
	at org.springframework.r2dbc.connection.R2dbcTransactionManagerUnitTests.lambda$testRollbackFails$6(R2dbcTransactionManagerUnitTests.java:300) ~[test/:?]
	at reactor.core.publisher.MonoDefer.subscribe(MonoDefer.java:44) ~[reactor-core-3.4.0-M2.jar:?]
	... 173 more
02:57:22.636 [Test worker] ERROR org.springframework.transaction.reactive.TransactionalOperatorImpl - Application exception overridden by rollback exception
java.lang.RuntimeException: Async resource cleanup failed after onComplete
	at reactor.core.publisher.FluxUsingWhen$CommitInner.onError(FluxUsingWhen.java:533) ~[reactor-core-3.4.0-M2.jar:?]
	at reactor.core.publisher.MonoFlatMap$FlatMapMain.secondError(MonoFlatMap.java:192) ~[reactor-core-3.4.0-M2.jar:?]
	at reactor.core.publisher.MonoFlatMap$FlatMapInner.onError(MonoFlatMap.java:259) ~[reactor-core-3.4.0-M2.jar:?]
	at reactor.core.publisher.Operators$MonoSubscriber.onError(Operators.java:1829) ~[reactor-core-3.4.0-M2.jar:?]
	at reactor.core.publisher.MonoIgnoreThen$ThenIgnoreInner.onError(MonoIgnoreThen.java:243) ~[reactor-core-3.4.0-M2.jar:?]
	at reactor.core.publisher.FluxOnErrorResume$ResumeSubscriber.onError(FluxOnErrorResume.java:106) ~[reactor-core-3.4.0-M2.jar:?]
	at reactor.core.publisher.MonoIgnoreThen$ThenIgnoreMain.drain(MonoIgnoreThen.java:139) ~[reactor-core-3.4.0-M2.jar:?]
	at reactor.core.publisher.MonoIgnoreThen.subscribe(MonoIgnoreThen.java:56) ~[reactor-core-3.4.0-M2.jar:?]
	at reactor.core.publisher.Mono.subscribe(Mono.java:3892) ~[reactor-core-3.4.0-M2.jar:?]
	at reactor.core.publisher.FluxOnErrorResume$ResumeSubscriber.onError(FluxOnErrorResume.java:103) ~[reactor-core-3.4.0-M2.jar:?]
	at reactor.core.publisher.Operators$MonoSubscriber.onError(Operators.java:1829) ~[reactor-core-3.4.0-M2.jar:?]
	at reactor.core.publisher.MonoIgnoreThen$ThenIgnoreInner.onError(MonoIgnoreThen.java:243) ~[reactor-core-3.4.0-M2.jar:?]
	at reactor.core.publisher.FluxOnErrorResume$ResumeSubscriber.onError(FluxOnErrorResume.java:106) ~[reactor-core-3.4.0-M2.jar:?]
	at reactor.core.publisher.Operators.error(Operators.java:196) ~[reactor-core-3.4.0-M2.jar:?]
	at reactor.core.publisher.MonoError.subscribe(MonoError.java:52) ~[reactor-core-3.4.0-M2.jar:?]
	at reactor.core.publisher.Mono.subscribe(Mono.java:3892) ~[reactor-core-3.4.0-M2.jar:?]
	at reactor.core.publisher.FluxOnErrorResume$ResumeSubscriber.onError(FluxOnErrorResume.java:103) ~[reactor-core-3.4.0-M2.jar:?]
	at reactor.core.publisher.Operators.error(Operators.java:196) ~[reactor-core-3.4.0-M2.jar:?]
	at reactor.core.publisher.MonoError.subscribe(MonoError.java:52) ~[reactor-core-3.4.0-M2.jar:?]
	at reactor.core.publisher.MonoDefer.subscribe(MonoDefer.java:52) ~[reactor-core-3.4.0-M2.jar:?]
	at reactor.core.publisher.InternalMonoOperator.subscribe(InternalMonoOperator.java:64) ~[reactor-core-3.4.0-M2.jar:?]
	at reactor.core.publisher.MonoDefer.subscribe(MonoDefer.java:52) ~[reactor-core-3.4.0-M2.jar:?]
	at reactor.core.publisher.Mono.subscribe(Mono.java:3892) ~[reactor-core-3.4.0-M2.jar:?]
	at reactor.core.publisher.MonoIgnoreThen$ThenIgnoreMain.drain(MonoIgnoreThen.java:173) ~[reactor-core-3.4.0-M2.jar:?]
	at reactor.core.publisher.MonoIgnoreThen.subscribe(MonoIgnoreThen.java:56) ~[reactor-core-3.4.0-M2.jar:?]
	at reactor.core.publisher.Mono.subscribe(Mono.java:3892) ~[reactor-core-3.4.0-M2.jar:?]
	at reactor.core.publisher.MonoIgnoreThen$ThenIgnoreMain.drain(MonoIgnoreThen.java:173) ~[reactor-core-3.4.0-M2.jar:?]
	at reactor.core.publisher.MonoIgnoreThen.subscribe(MonoIgnoreThen.java:56) ~[reactor-core-3.4.0-M2.jar:?]
	at reactor.core.publisher.MonoFlatMap$FlatMapMain.onNext(MonoFlatMap.java:157) ~[reactor-core-3.4.0-M2.jar:?]
	at reactor.core.publisher.FluxMap$MapSubscriber.onNext(FluxMap.java:120) ~[reactor-core-3.4.0-M2.jar:?]
	at reactor.core.publisher.Operators$ScalarSubscription.request(Operators.java:2344) ~[reactor-core-3.4.0-M2.jar:?]
	at reactor.core.publisher.FluxMap$MapSubscriber.request(FluxMap.java:162) ~[reactor-core-3.4.0-M2.jar:?]
	at reactor.core.publisher.MonoFlatMap$FlatMapMain.onSubscribe(MonoFlatMap.java:110) ~[reactor-core-3.4.0-M2.jar:?]
	at reactor.core.publisher.FluxMap$MapSubscriber.onSubscribe(FluxMap.java:92) ~[reactor-core-3.4.0-M2.jar:?]
	at reactor.core.publisher.MonoJust.subscribe(MonoJust.java:54) ~[reactor-core-3.4.0-M2.jar:?]
	at reactor.core.publisher.MonoDeferContextual.subscribe(MonoDeferContextual.java:55) ~[reactor-core-3.4.0-M2.jar:?]
	at reactor.core.publisher.Mono.subscribe(Mono.java:3892) ~[reactor-core-3.4.0-M2.jar:?]
	at reactor.core.publisher.FluxUsingWhen$UsingWhenSubscriber.onComplete(FluxUsingWhen.java:397) ~[reactor-core-3.4.0-M2.jar:?]
	at reactor.core.publisher.MonoIgnoreElements$IgnoreElementsSubscriber.onComplete(MonoIgnoreElements.java:88) ~[reactor-core-3.4.0-M2.jar:?]
	at reactor.core.publisher.FluxPeek$PeekSubscriber.onComplete(FluxPeek.java:259) ~[reactor-core-3.4.0-M2.jar:?]
	at reactor.core.publisher.Operators$MultiSubscriptionSubscriber.onComplete(Operators.java:2016) ~[reactor-core-3.4.0-M2.jar:?]
	at reactor.core.publisher.Operators$MultiSubscriptionSubscriber.onComplete(Operators.java:2016) ~[reactor-core-3.4.0-M2.jar:?]
	at reactor.core.publisher.Operators$MonoSubscriber.complete(Operators.java:1783) ~[reactor-core-3.4.0-M2.jar:?]
	at reactor.core.publisher.MonoFlatMap$FlatMapMain.onNext(MonoFlatMap.java:151) ~[reactor-core-3.4.0-M2.jar:?]
	at reactor.core.publisher.FluxMap$MapSubscriber.onNext(FluxMap.java:120) ~[reactor-core-3.4.0-M2.jar:?]
	at reactor.core.publisher.Operators$ScalarSubscription.request(Operators.java:2344) ~[reactor-core-3.4.0-M2.jar:?]
	at reactor.core.publisher.FluxMap$MapSubscriber.request(FluxMap.java:162) ~[reactor-core-3.4.0-M2.jar:?]
	at reactor.core.publisher.MonoFlatMap$FlatMapMain.onSubscribe(MonoFlatMap.java:110) ~[reactor-core-3.4.0-M2.jar:?]
	at reactor.core.publisher.FluxMap$MapSubscriber.onSubscribe(FluxMap.java:92) ~[reactor-core-3.4.0-M2.jar:?]
	at reactor.core.publisher.MonoJust.subscribe(MonoJust.java:54) ~[reactor-core-3.4.0-M2.jar:?]
	at reactor.core.publisher.MonoDeferContextual.subscribe(MonoDeferContextual.java:55) ~[reactor-core-3.4.0-M2.jar:?]
	at reactor.core.publisher.Mono.subscribe(Mono.java:3892) ~[reactor-core-3.4.0-M2.jar:?]
	at reactor.core.publisher.MonoIgnorePublisher.subscribe(MonoIgnorePublisher.java:56) ~[reactor-core-3.4.0-M2.jar:?]
	at reactor.core.publisher.MonoUsingWhen.subscribe(MonoUsingWhen.java:87) ~[reactor-core-3.4.0-M2.jar:?]
	at reactor.core.publisher.InternalMonoOperator.subscribe(InternalMonoOperator.java:64) ~[reactor-core-3.4.0-M2.jar:?]
	at reactor.core.publisher.MonoFlatMap$FlatMapMain.onNext(MonoFlatMap.java:157) ~[reactor-core-3.4.0-M2.jar:?]
	at reactor.core.publisher.Operators$MonoSubscriber.complete(Operators.java:1782) ~[reactor-core-3.4.0-M2.jar:?]
	at reactor.core.publisher.MonoFlatMap$FlatMapInner.onNext(MonoFlatMap.java:249) ~[reactor-core-3.4.0-M2.jar:?]
	at reactor.core.publisher.Operators$MonoSubscriber.complete(Operators.java:1782) ~[reactor-core-3.4.0-M2.jar:?]
	at reactor.core.publisher.MonoFlatMap$FlatMapInner.onNext(MonoFlatMap.java:249) ~[reactor-core-3.4.0-M2.jar:?]
	at reactor.core.publisher.Operators$MonoSubscriber.complete(Operators.java:1782) ~[reactor-core-3.4.0-M2.jar:?]
	at reactor.core.publisher.MonoFlatMap$FlatMapInner.onNext(MonoFlatMap.java:249) ~[reactor-core-3.4.0-M2.jar:?]
	at reactor.core.publisher.FluxOnErrorResume$ResumeSubscriber.onNext(FluxOnErrorResume.java:79) ~[reactor-core-3.4.0-M2.jar:?]
	at reactor.core.publisher.Operators$MonoSubscriber.complete(Operators.java:1782) ~[reactor-core-3.4.0-M2.jar:?]
	at reactor.core.publisher.MonoIgnoreThen$ThenIgnoreMain.drain(MonoIgnoreThen.java:148) ~[reactor-core-3.4.0-M2.jar:?]
	at reactor.core.publisher.MonoIgnoreThen.subscribe(MonoIgnoreThen.java:56) ~[reactor-core-3.4.0-M2.jar:?]
	at reactor.core.publisher.MonoDefer.subscribe(MonoDefer.java:52) ~[reactor-core-3.4.0-M2.jar:?]
	at reactor.core.publisher.InternalMonoOperator.subscribe(InternalMonoOperator.java:64) ~[reactor-core-3.4.0-M2.jar:?]
	at reactor.core.publisher.MonoFlatMap$FlatMapMain.onNext(MonoFlatMap.java:157) ~[reactor-core-3.4.0-M2.jar:?]
	at reactor.core.publisher.Operators$MonoSubscriber.complete(Operators.java:1782) ~[reactor-core-3.4.0-M2.jar:?]
	at reactor.core.publisher.FluxDefaultIfEmpty$DefaultIfEmptySubscriber.onComplete(FluxDefaultIfEmpty.java:107) ~[reactor-core-3.4.0-M2.jar:?]
	at reactor.core.publisher.FluxMap$MapSubscriber.onComplete(FluxMap.java:142) ~[reactor-core-3.4.0-M2.jar:?]
	at reactor.core.publisher.Operators.complete(Operators.java:135) ~[reactor-core-3.4.0-M2.jar:?]
	at reactor.core.publisher.MonoEmpty.subscribe(MonoEmpty.java:45) ~[reactor-core-3.4.0-M2.jar:?]
	at reactor.core.publisher.InternalMonoOperator.subscribe(InternalMonoOperator.java:64) ~[reactor-core-3.4.0-M2.jar:?]
	at reactor.core.publisher.MonoFlatMap$FlatMapMain.onNext(MonoFlatMap.java:157) ~[reactor-core-3.4.0-M2.jar:?]
	at reactor.core.publisher.FluxMap$MapSubscriber.onNext(FluxMap.java:120) ~[reactor-core-3.4.0-M2.jar:?]
	at reactor.core.publisher.Operators$ScalarSubscription.request(Operators.java:2344) ~[reactor-core-3.4.0-M2.jar:?]
	at reactor.core.publisher.FluxMap$MapSubscriber.request(FluxMap.java:162) ~[reactor-core-3.4.0-M2.jar:?]
	at reactor.core.publisher.MonoFlatMap$FlatMapMain.onSubscribe(MonoFlatMap.java:110) ~[reactor-core-3.4.0-M2.jar:?]
	at reactor.core.publisher.FluxMap$MapSubscriber.onSubscribe(FluxMap.java:92) ~[reactor-core-3.4.0-M2.jar:?]
	at reactor.core.publisher.MonoJust.subscribe(MonoJust.java:54) ~[reactor-core-3.4.0-M2.jar:?]
	at reactor.core.publisher.MonoDeferContextual.subscribe(MonoDeferContextual.java:55) ~[reactor-core-3.4.0-M2.jar:?]
	at reactor.core.publisher.InternalMonoOperator.subscribe(InternalMonoOperator.java:64) ~[reactor-core-3.4.0-M2.jar:?]
	at reactor.core.publisher.MonoFlatMap$FlatMapMain.onNext(MonoFlatMap.java:157) ~[reactor-core-3.4.0-M2.jar:?]
	at reactor.core.publisher.FluxMap$MapSubscriber.onNext(FluxMap.java:120) ~[reactor-core-3.4.0-M2.jar:?]
	at reactor.core.publisher.Operators$ScalarSubscription.request(Operators.java:2344) ~[reactor-core-3.4.0-M2.jar:?]
	at reactor.core.publisher.FluxMap$MapSubscriber.request(FluxMap.java:162) ~[reactor-core-3.4.0-M2.jar:?]
	at reactor.core.publisher.MonoFlatMap$FlatMapMain.onSubscribe(MonoFlatMap.java:110) ~[reactor-core-3.4.0-M2.jar:?]
	at reactor.core.publisher.FluxMap$MapSubscriber.onSubscribe(FluxMap.java:92) ~[reactor-core-3.4.0-M2.jar:?]
	at reactor.core.publisher.MonoJust.subscribe(MonoJust.java:54) ~[reactor-core-3.4.0-M2.jar:?]
	at reactor.core.publisher.MonoDeferContextual.subscribe(MonoDeferContextual.java:55) ~[reactor-core-3.4.0-M2.jar:?]
	at reactor.core.publisher.InternalMonoOperator.subscribe(InternalMonoOperator.java:64) ~[reactor-core-3.4.0-M2.jar:?]
	at reactor.core.publisher.MonoFlatMap$FlatMapMain.onNext(MonoFlatMap.java:157) ~[reactor-core-3.4.0-M2.jar:?]
	at reactor.core.publisher.Operators$ScalarSubscription.request(Operators.java:2344) ~[reactor-core-3.4.0-M2.jar:?]
	at reactor.core.publisher.MonoFlatMap$FlatMapMain.onSubscribe(MonoFlatMap.java:110) ~[reactor-core-3.4.0-M2.jar:?]
	at reactor.core.publisher.MonoJust.subscribe(MonoJust.java:54) ~[reactor-core-3.4.0-M2.jar:?]
	at reactor.core.publisher.MonoDeferContextual.subscribe(MonoDeferContextual.java:55) ~[reactor-core-3.4.0-M2.jar:?]
	at reactor.core.publisher.Mono.subscribe(Mono.java:3892) ~[reactor-core-3.4.0-M2.jar:?]
	at reactor.test.DefaultStepVerifierBuilder$DefaultStepVerifier.toVerifierAndSubscribe(DefaultStepVerifierBuilder.java:868) ~[reactor-test-3.4.0-M2.jar:3.4.0-M2]
	at reactor.test.DefaultStepVerifierBuilder$DefaultStepVerifier.verify(DefaultStepVerifierBuilder.java:824) ~[reactor-test-3.4.0-M2.jar:3.4.0-M2]
	at reactor.test.DefaultStepVerifierBuilder$DefaultStepVerifier.verify(DefaultStepVerifierBuilder.java:816) ~[reactor-test-3.4.0-M2.jar:3.4.0-M2]
	at reactor.test.DefaultStepVerifierBuilder.verifyError(DefaultStepVerifierBuilder.java:663) ~[reactor-test-3.4.0-M2.jar:3.4.0-M2]
	at org.springframework.r2dbc.connection.R2dbcTransactionManagerUnitTests.testCommitFails(R2dbcTransactionManagerUnitTests.java:258) ~[test/:?]
	at sun.reflect.NativeMethodAccessorImpl.invoke0(Native Method) ~[?:1.8.0_261]
	at sun.reflect.NativeMethodAccessorImpl.invoke(NativeMethodAccessorImpl.java:62) ~[?:1.8.0_261]
	at sun.reflect.DelegatingMethodAccessorImpl.invoke(DelegatingMethodAccessorImpl.java:43) ~[?:1.8.0_261]
	at java.lang.reflect.Method.invoke(Method.java:498) ~[?:1.8.0_261]
	at org.junit.platform.commons.util.ReflectionUtils.invokeMethod(ReflectionUtils.java:686) ~[junit-platform-commons-1.6.2.jar:1.6.2]
	at org.junit.jupiter.engine.execution.MethodInvocation.proceed(MethodInvocation.java:60) ~[junit-jupiter-engine-5.6.2.jar:5.6.2]
	at org.junit.jupiter.engine.execution.InvocationInterceptorChain$ValidatingInvocation.proceed(InvocationInterceptorChain.java:131) ~[junit-jupiter-engine-5.6.2.jar:5.6.2]
	at org.junit.jupiter.engine.extension.TimeoutExtension.intercept(TimeoutExtension.java:149) ~[junit-jupiter-engine-5.6.2.jar:5.6.2]
	at org.junit.jupiter.engine.extension.TimeoutExtension.interceptTestableMethod(TimeoutExtension.java:140) ~[junit-jupiter-engine-5.6.2.jar:5.6.2]
	at org.junit.jupiter.engine.extension.TimeoutExtension.interceptTestMethod(TimeoutExtension.java:84) ~[junit-jupiter-engine-5.6.2.jar:5.6.2]
	at org.junit.jupiter.engine.execution.ExecutableInvoker$ReflectiveInterceptorCall.lambda$ofVoidMethod$0(ExecutableInvoker.java:115) ~[junit-jupiter-engine-5.6.2.jar:5.6.2]
	at org.junit.jupiter.engine.execution.ExecutableInvoker.lambda$invoke$0(ExecutableInvoker.java:105) ~[junit-jupiter-engine-5.6.2.jar:5.6.2]
	at org.junit.jupiter.engine.execution.InvocationInterceptorChain$InterceptedInvocation.proceed(InvocationInterceptorChain.java:106) ~[junit-jupiter-engine-5.6.2.jar:5.6.2]
	at org.junit.jupiter.engine.execution.InvocationInterceptorChain.proceed(InvocationInterceptorChain.java:64) ~[junit-jupiter-engine-5.6.2.jar:5.6.2]
	at org.junit.jupiter.engine.execution.InvocationInterceptorChain.chainAndInvoke(InvocationInterceptorChain.java:45) ~[junit-jupiter-engine-5.6.2.jar:5.6.2]
	at org.junit.jupiter.engine.execution.InvocationInterceptorChain.invoke(InvocationInterceptorChain.java:37) ~[junit-jupiter-engine-5.6.2.jar:5.6.2]
	at org.junit.jupiter.engine.execution.ExecutableInvoker.invoke(ExecutableInvoker.java:104) ~[junit-jupiter-engine-5.6.2.jar:5.6.2]
	at org.junit.jupiter.engine.execution.ExecutableInvoker.invoke(ExecutableInvoker.java:98) ~[junit-jupiter-engine-5.6.2.jar:5.6.2]
	at org.junit.jupiter.engine.descriptor.TestMethodTestDescriptor.lambda$invokeTestMethod$6(TestMethodTestDescriptor.java:212) ~[junit-jupiter-engine-5.6.2.jar:5.6.2]
	at org.junit.platform.engine.support.hierarchical.ThrowableCollector.execute(ThrowableCollector.java:73) ~[junit-platform-engine-1.6.2.jar:1.6.2]
	at org.junit.jupiter.engine.descriptor.TestMethodTestDescriptor.invokeTestMethod(TestMethodTestDescriptor.java:208) ~[junit-jupiter-engine-5.6.2.jar:5.6.2]
	at org.junit.jupiter.engine.descriptor.TestMethodTestDescriptor.execute(TestMethodTestDescriptor.java:137) ~[junit-jupiter-engine-5.6.2.jar:5.6.2]
	at org.junit.jupiter.engine.descriptor.TestMethodTestDescriptor.execute(TestMethodTestDescriptor.java:71) ~[junit-jupiter-engine-5.6.2.jar:5.6.2]
	at org.junit.platform.engine.support.hierarchical.NodeTestTask.lambda$executeRecursively$5(NodeTestTask.java:135) ~[junit-platform-engine-1.6.2.jar:1.6.2]
	at org.junit.platform.engine.support.hierarchical.ThrowableCollector.execute(ThrowableCollector.java:73) ~[junit-platform-engine-1.6.2.jar:1.6.2]
	at org.junit.platform.engine.support.hierarchical.NodeTestTask.lambda$executeRecursively$7(NodeTestTask.java:125) ~[junit-platform-engine-1.6.2.jar:1.6.2]
	at org.junit.platform.engine.support.hierarchical.Node.around(Node.java:135) ~[junit-platform-engine-1.6.2.jar:1.6.2]
	at org.junit.platform.engine.support.hierarchical.NodeTestTask.lambda$executeRecursively$8(NodeTestTask.java:123) ~[junit-platform-engine-1.6.2.jar:1.6.2]
	at org.junit.platform.engine.support.hierarchical.ThrowableCollector.execute(ThrowableCollector.java:73) ~[junit-platform-engine-1.6.2.jar:1.6.2]
	at org.junit.platform.engine.support.hierarchical.NodeTestTask.executeRecursively(NodeTestTask.java:122) ~[junit-platform-engine-1.6.2.jar:1.6.2]
	at org.junit.platform.engine.support.hierarchical.NodeTestTask.execute(NodeTestTask.java:80) ~[junit-platform-engine-1.6.2.jar:1.6.2]
	at java.util.ArrayList.forEach(ArrayList.java:1259) ~[?:1.8.0_261]
	at org.junit.platform.engine.support.hierarchical.SameThreadHierarchicalTestExecutorService.invokeAll(SameThreadHierarchicalTestExecutorService.java:38) ~[junit-platform-engine-1.6.2.jar:1.6.2]
	at org.junit.platform.engine.support.hierarchical.NodeTestTask.lambda$executeRecursively$5(NodeTestTask.java:139) ~[junit-platform-engine-1.6.2.jar:1.6.2]
	at org.junit.platform.engine.support.hierarchical.ThrowableCollector.execute(ThrowableCollector.java:73) ~[junit-platform-engine-1.6.2.jar:1.6.2]
	at org.junit.platform.engine.support.hierarchical.NodeTestTask.lambda$executeRecursively$7(NodeTestTask.java:125) ~[junit-platform-engine-1.6.2.jar:1.6.2]
	at org.junit.platform.engine.support.hierarchical.Node.around(Node.java:135) ~[junit-platform-engine-1.6.2.jar:1.6.2]
	at org.junit.platform.engine.support.hierarchical.NodeTestTask.lambda$executeRecursively$8(NodeTestTask.java:123) ~[junit-platform-engine-1.6.2.jar:1.6.2]
	at org.junit.platform.engine.support.hierarchical.ThrowableCollector.execute(ThrowableCollector.java:73) ~[junit-platform-engine-1.6.2.jar:1.6.2]
	at org.junit.platform.engine.support.hierarchical.NodeTestTask.executeRecursively(NodeTestTask.java:122) ~[junit-platform-engine-1.6.2.jar:1.6.2]
	at org.junit.platform.engine.support.hierarchical.NodeTestTask.execute(NodeTestTask.java:80) ~[junit-platform-engine-1.6.2.jar:1.6.2]
	at java.util.ArrayList.forEach(ArrayList.java:1259) ~[?:1.8.0_261]
	at org.junit.platform.engine.support.hierarchical.SameThreadHierarchicalTestExecutorService.invokeAll(SameThreadHierarchicalTestExecutorService.java:38) ~[junit-platform-engine-1.6.2.jar:1.6.2]
	at org.junit.platform.engine.support.hierarchical.NodeTestTask.lambda$executeRecursively$5(NodeTestTask.java:139) ~[junit-platform-engine-1.6.2.jar:1.6.2]
	at org.junit.platform.engine.support.hierarchical.ThrowableCollector.execute(ThrowableCollector.java:73) ~[junit-platform-engine-1.6.2.jar:1.6.2]
	at org.junit.platform.engine.support.hierarchical.NodeTestTask.lambda$executeRecursively$7(NodeTestTask.java:125) ~[junit-platform-engine-1.6.2.jar:1.6.2]
	at org.junit.platform.engine.support.hierarchical.Node.around(Node.java:135) ~[junit-platform-engine-1.6.2.jar:1.6.2]
	at org.junit.platform.engine.support.hierarchical.NodeTestTask.lambda$executeRecursively$8(NodeTestTask.java:123) ~[junit-platform-engine-1.6.2.jar:1.6.2]
	at org.junit.platform.engine.support.hierarchical.ThrowableCollector.execute(ThrowableCollector.java:73) ~[junit-platform-engine-1.6.2.jar:1.6.2]
	at org.junit.platform.engine.support.hierarchical.NodeTestTask.executeRecursively(NodeTestTask.java:122) ~[junit-platform-engine-1.6.2.jar:1.6.2]
	at org.junit.platform.engine.support.hierarchical.NodeTestTask.execute(NodeTestTask.java:80) ~[junit-platform-engine-1.6.2.jar:1.6.2]
	at org.junit.platform.engine.support.hierarchical.SameThreadHierarchicalTestExecutorService.submit(SameThreadHierarchicalTestExecutorService.java:32) ~[junit-platform-engine-1.6.2.jar:1.6.2]
	at org.junit.platform.engine.support.hierarchical.HierarchicalTestExecutor.execute(HierarchicalTestExecutor.java:57) ~[junit-platform-engine-1.6.2.jar:1.6.2]
	at org.junit.platform.engine.support.hierarchical.HierarchicalTestEngine.execute(HierarchicalTestEngine.java:51) ~[junit-platform-engine-1.6.2.jar:1.6.2]
	at org.junit.platform.launcher.core.DefaultLauncher.execute(DefaultLauncher.java:248) ~[junit-platform-launcher-1.6.2.jar:1.6.2]
	at org.junit.platform.launcher.core.DefaultLauncher.lambda$execute$5(DefaultLauncher.java:211) ~[junit-platform-launcher-1.6.2.jar:1.6.2]
	at org.junit.platform.launcher.core.DefaultLauncher.withInterceptedStreams(DefaultLauncher.java:226) [junit-platform-launcher-1.6.2.jar:1.6.2]
	at org.junit.platform.launcher.core.DefaultLauncher.execute(DefaultLauncher.java:199) [junit-platform-launcher-1.6.2.jar:1.6.2]
	at org.junit.platform.launcher.core.DefaultLauncher.execute(DefaultLauncher.java:132) [junit-platform-launcher-1.6.2.jar:1.6.2]
	at org.gradle.api.internal.tasks.testing.junitplatform.JUnitPlatformTestClassProcessor$CollectAllTestClassesExecutor.processAllTestClasses(JUnitPlatformTestClassProcessor.java:99) [gradle-testing-junit-platform-6.5.1.jar:6.5.1]
	at org.gradle.api.internal.tasks.testing.junitplatform.JUnitPlatformTestClassProcessor$CollectAllTestClassesExecutor.access$000(JUnitPlatformTestClassProcessor.java:79) [gradle-testing-junit-platform-6.5.1.jar:6.5.1]
	at org.gradle.api.internal.tasks.testing.junitplatform.JUnitPlatformTestClassProcessor.stop(JUnitPlatformTestClassProcessor.java:75) [gradle-testing-junit-platform-6.5.1.jar:6.5.1]
	at org.gradle.api.internal.tasks.testing.SuiteTestClassProcessor.stop(SuiteTestClassProcessor.java:61) [gradle-testing-base-6.5.1.jar:6.5.1]
	at sun.reflect.NativeMethodAccessorImpl.invoke0(Native Method) ~[?:1.8.0_261]
	at sun.reflect.NativeMethodAccessorImpl.invoke(NativeMethodAccessorImpl.java:62) ~[?:1.8.0_261]
	at sun.reflect.DelegatingMethodAccessorImpl.invoke(DelegatingMethodAccessorImpl.java:43) ~[?:1.8.0_261]
	at java.lang.reflect.Method.invoke(Method.java:498) ~[?:1.8.0_261]
	at org.gradle.internal.dispatch.ReflectionDispatch.dispatch(ReflectionDispatch.java:36) [gradle-messaging-6.5.1.jar:6.5.1]
	at org.gradle.internal.dispatch.ReflectionDispatch.dispatch(ReflectionDispatch.java:24) [gradle-messaging-6.5.1.jar:6.5.1]
	at org.gradle.internal.dispatch.ContextClassLoaderDispatch.dispatch(ContextClassLoaderDispatch.java:33) [gradle-messaging-6.5.1.jar:6.5.1]
	at org.gradle.internal.dispatch.ProxyDispatchAdapter$DispatchingInvocationHandler.invoke(ProxyDispatchAdapter.java:94) [gradle-messaging-6.5.1.jar:6.5.1]
	at com.sun.proxy.$Proxy2.stop(Unknown Source) [?:?]
	at org.gradle.api.internal.tasks.testing.worker.TestWorker.stop(TestWorker.java:133) [gradle-testing-base-6.5.1.jar:6.5.1]
	at sun.reflect.NativeMethodAccessorImpl.invoke0(Native Method) ~[?:1.8.0_261]
	at sun.reflect.NativeMethodAccessorImpl.invoke(NativeMethodAccessorImpl.java:62) ~[?:1.8.0_261]
	at sun.reflect.DelegatingMethodAccessorImpl.invoke(DelegatingMethodAccessorImpl.java:43) ~[?:1.8.0_261]
	at java.lang.reflect.Method.invoke(Method.java:498) ~[?:1.8.0_261]
	at org.gradle.internal.dispatch.ReflectionDispatch.dispatch(ReflectionDispatch.java:36) [gradle-messaging-6.5.1.jar:6.5.1]
	at org.gradle.internal.dispatch.ReflectionDispatch.dispatch(ReflectionDispatch.java:24) [gradle-messaging-6.5.1.jar:6.5.1]
	at org.gradle.internal.remote.internal.hub.MessageHubBackedObjectConnection$DispatchWrapper.dispatch(MessageHubBackedObjectConnection.java:182) [gradle-messaging-6.5.1.jar:6.5.1]
	at org.gradle.internal.remote.internal.hub.MessageHubBackedObjectConnection$DispatchWrapper.dispatch(MessageHubBackedObjectConnection.java:164) [gradle-messaging-6.5.1.jar:6.5.1]
	at org.gradle.internal.remote.internal.hub.MessageHub$Handler.run(MessageHub.java:414) [gradle-messaging-6.5.1.jar:6.5.1]
	at org.gradle.internal.concurrent.ExecutorPolicy$CatchAndRecordFailures.onExecute(ExecutorPolicy.java:64) [gradle-base-services-6.5.1.jar:6.5.1]
	at org.gradle.internal.concurrent.ManagedExecutorImpl$1.run(ManagedExecutorImpl.java:48) [gradle-base-services-6.5.1.jar:6.5.1]
	at java.util.concurrent.ThreadPoolExecutor.runWorker(ThreadPoolExecutor.java:1149) [?:1.8.0_261]
	at java.util.concurrent.ThreadPoolExecutor$Worker.run(ThreadPoolExecutor.java:624) [?:1.8.0_261]
	at org.gradle.internal.concurrent.ThreadFactoryImpl$ManagedThreadRunnable.run(ThreadFactoryImpl.java:56) [gradle-base-services-6.5.1.jar:6.5.1]
	at java.lang.Thread.run(Thread.java:748) [?:1.8.0_261]
Caused by: org.springframework.r2dbc.BadSqlGrammarException: R2DBC commit; bad SQL grammar []; nested exception is io.r2dbc.spi.R2dbcBadGrammarException: Commit should fail
	at org.springframework.r2dbc.connection.ConnectionFactoryUtils.convertR2dbcException(ConnectionFactoryUtils.java:256) ~[spring-r2dbc-5.3.0-M2.jar:?]
	at org.springframework.r2dbc.connection.R2dbcTransactionManager.translateException(R2dbcTransactionManager.java:439) ~[spring-r2dbc-5.3.0-M2.jar:?]
	at org.springframework.r2dbc.connection.R2dbcTransactionManager.lambda$doCommit$9(R2dbcTransactionManager.java:279) ~[spring-r2dbc-5.3.0-M2.jar:?]
	at reactor.core.publisher.Mono.lambda$onErrorMap$29(Mono.java:3212) ~[reactor-core-3.4.0-M2.jar:?]
	at reactor.core.publisher.Mono.lambda$onErrorResume$31(Mono.java:3302) ~[reactor-core-3.4.0-M2.jar:?]
	at reactor.core.publisher.FluxOnErrorResume$ResumeSubscriber.onError(FluxOnErrorResume.java:94) ~[reactor-core-3.4.0-M2.jar:?]
	... 175 more
Caused by: io.r2dbc.spi.R2dbcBadGrammarException: Commit should fail
	at org.springframework.r2dbc.connection.R2dbcTransactionManagerUnitTests.lambda$testCommitFails$3(R2dbcTransactionManagerUnitTests.java:248) ~[test/:?]
	at reactor.core.publisher.MonoDefer.subscribe(MonoDefer.java:44) ~[reactor-core-3.4.0-M2.jar:?]
	... 172 more
]]></system-out>
  <system-err><![CDATA[]]></system-err>
</testsuite>
