<?xml version="1.0" encoding="UTF-8"?>
<testsuite name="org.springframework.r2dbc.core.H2DatabaseClientIntegrationTests" tests="4" skipped="0" failures="0" errors="0" timestamp="2023-03-20T07:57:23" hostname="DESKTOP-VGJP1PJ" time="0.064">
  <properties/>
  <testcase name="shouldEmitGeneratedKey()" classname="org.springframework.r2dbc.core.H2DatabaseClientIntegrationTests" time="0.027"/>
  <testcase name="executeDeferred()" classname="org.springframework.r2dbc.core.H2DatabaseClientIntegrationTests" time="0.011"/>
  <testcase name="shouldTranslateDuplicateKeyException()" classname="org.springframework.r2dbc.core.H2DatabaseClientIntegrationTests" time="0.015"/>
  <testcase name="executeInsert()" classname="org.springframework.r2dbc.core.H2DatabaseClientIntegrationTests" time="0.01"/>
  <system-out><![CDATA[]]></system-out>
  <system-err><![CDATA[]]></system-err>
</testsuite>
