<?xml version="1.0" encoding="UTF-8"?>
<testsuite name="org.springframework.r2dbc.connection.init.ScriptUtilsUnitTests" tests="11" skipped="0" failures="0" errors="0" timestamp="2023-03-20T07:57:22" hostname="DESKTOP-VGJP1PJ" time="0.047">
  <properties/>
  <testcase name="readAndSplitScriptContainingMultiLineComments()" classname="org.springframework.r2dbc.connection.init.ScriptUtilsUnitTests" time="0.004"/>
  <testcase name="splitSqlScriptDelimitedWithSemicolon()" classname="org.springframework.r2dbc.connection.init.ScriptUtilsUnitTests" time="0.002"/>
  <testcase name="splitSqlScriptDelimitedWithNewLine()" classname="org.springframework.r2dbc.connection.init.ScriptUtilsUnitTests" time="0.002"/>
  <testcase name="readAndSplitScriptContainingCommentsWithWindowsLineEnding()" classname="org.springframework.r2dbc.connection.init.ScriptUtilsUnitTests" time="0.003"/>
  <testcase name="containsDelimiters()" classname="org.springframework.r2dbc.connection.init.ScriptUtilsUnitTests" time="0.001"/>
  <testcase name="readAndSplitScriptContainingMultiLineNestedComments()" classname="org.springframework.r2dbc.connection.init.ScriptUtilsUnitTests" time="0.015"/>
  <testcase name="readAndSplitScriptWithMultipleNewlinesAsSeparator()" classname="org.springframework.r2dbc.connection.init.ScriptUtilsUnitTests" time="0.008"/>
  <testcase name="readAndSplitScriptContainingCommentsWithLeadingTabs()" classname="org.springframework.r2dbc.connection.init.ScriptUtilsUnitTests" time="0.002"/>
  <testcase name="splitScriptWithSingleQuotesNestedInsideDoubleQuotes()" classname="org.springframework.r2dbc.connection.init.ScriptUtilsUnitTests" time="0.001"/>
  <testcase name="readAndSplitScriptContainingComments()" classname="org.springframework.r2dbc.connection.init.ScriptUtilsUnitTests" time="0.002"/>
  <testcase name="splitSqlScriptDelimitedWithNewLineButDefaultDelimiterSpecified()" classname="org.springframework.r2dbc.connection.init.ScriptUtilsUnitTests" time="0.001"/>
  <system-out><![CDATA[]]></system-out>
  <system-err><![CDATA[]]></system-err>
</testsuite>
