<?xml version="1.0" encoding="UTF-8"?>
<testsuite name="org.springframework.r2dbc.connection.DelegatingConnectionFactoryUnitTests" tests="2" skipped="0" failures="0" errors="0" timestamp="2023-03-20T07:57:20" hostname="DESKTOP-VGJP1PJ" time="0.079">
  <properties/>
  <testcase name="shouldDelegateGetConnection()" classname="org.springframework.r2dbc.connection.DelegatingConnectionFactoryUnitTests" time="0.078"/>
  <testcase name="shouldDelegateUnwrapWithoutImplementing()" classname="org.springframework.r2dbc.connection.DelegatingConnectionFactoryUnitTests" time="0.001"/>
  <system-out><![CDATA[]]></system-out>
  <system-err><![CDATA[]]></system-err>
</testsuite>
