<?xml version="1.0" encoding="UTF-8"?>
<testsuite name="org.springframework.r2dbc.connection.TransactionAwareConnectionFactoryProxyUnitTests" tests="8" skipped="0" failures="0" errors="0" timestamp="2023-03-20T07:57:22" hostname="DESKTOP-VGJP1PJ" time="0.026">
  <properties/>
  <testcase name="unwrapShouldReturnTargetConnectionEvenWhenClosed()" classname="org.springframework.r2dbc.connection.TransactionAwareConnectionFactoryProxyUnitTests" time="0.005"/>
  <testcase name="getMetadataShouldThrowsErrorEvenWhenClosed()" classname="org.springframework.r2dbc.connection.TransactionAwareConnectionFactoryProxyUnitTests" time="0.003"/>
  <testcase name="equalsShouldCompareCorrectly()" classname="org.springframework.r2dbc.connection.TransactionAwareConnectionFactoryProxyUnitTests" time="0.003"/>
  <testcase name="hashCodeShouldReturnProxyHash()" classname="org.springframework.r2dbc.connection.TransactionAwareConnectionFactoryProxyUnitTests" time="0.002"/>
  <testcase name="createShouldWrapConnection()" classname="org.springframework.r2dbc.connection.TransactionAwareConnectionFactoryProxyUnitTests" time="0.002"/>
  <testcase name="getTargetConnectionShouldReturnTargetConnection()" classname="org.springframework.r2dbc.connection.TransactionAwareConnectionFactoryProxyUnitTests" time="0.001"/>
  <testcase name="unwrapShouldReturnTargetConnection()" classname="org.springframework.r2dbc.connection.TransactionAwareConnectionFactoryProxyUnitTests" time="0.001"/>
  <testcase name="shouldEmitBoundConnection()" classname="org.springframework.r2dbc.connection.TransactionAwareConnectionFactoryProxyUnitTests" time="0.004"/>
  <system-out><![CDATA[]]></system-out>
  <system-err><![CDATA[]]></system-err>
</testsuite>
