<?xml version="1.0" encoding="UTF-8"?>
<testsuite name="org.springframework.r2dbc.connection.init.H2DatabasePopulatorIntegrationTests" tests="6" skipped="0" failures="0" errors="0" timestamp="2023-03-20T07:57:21" hostname="DESKTOP-VGJP1PJ" time="1.051">
  <properties/>
  <testcase name="scriptWithSingleLineCommentsAndFailedDrop()" classname="org.springframework.r2dbc.connection.init.H2DatabasePopulatorIntegrationTests" time="0.818"/>
  <testcase name="scriptWithMultipleStatementsAndLongSeparator()" classname="org.springframework.r2dbc.connection.init.H2DatabasePopulatorIntegrationTests" time="0.085"/>
  <testcase name="scriptWithMultipleStatements()" classname="org.springframework.r2dbc.connection.init.H2DatabasePopulatorIntegrationTests" time="0.055"/>
  <testcase name="scriptWithStandardEscapedLiteral()" classname="org.springframework.r2dbc.connection.init.H2DatabasePopulatorIntegrationTests" time="0.016"/>
  <testcase name="scriptWithMySqlEscapedLiteral()" classname="org.springframework.r2dbc.connection.init.H2DatabasePopulatorIntegrationTests" time="0.019"/>
  <testcase name="shouldRunScript()" classname="org.springframework.r2dbc.connection.init.H2DatabasePopulatorIntegrationTests" time="0.042"/>
  <system-out><![CDATA[]]></system-out>
  <system-err><![CDATA[]]></system-err>
</testsuite>
