<?xml version="1.0" encoding="UTF-8"?>
<testsuite name="org.springframework.orm.jpa.hibernate.HibernateNativeEntityManagerFactorySpringBeanContainerIntegrationTests" tests="12" skipped="0" failures="0" errors="0" timestamp="2023-03-20T08:06:43" hostname="DESKTOP-VGJP1PJ" time="0.244">
  <properties/>
  <testcase name="testCanRetrieveBeanByTypeWithJpaCompliantOptions()" classname="org.springframework.orm.jpa.hibernate.HibernateNativeEntityManagerFactorySpringBeanContainerIntegrationTests" time="0.18"/>
  <testcase name="testCanRetrieveFallbackBeanByTypeWithNativeOptions()" classname="org.springframework.orm.jpa.hibernate.HibernateNativeEntityManagerFactorySpringBeanContainerIntegrationTests" time="0.003"/>
  <testcase name="testCanRetrieveFallbackBeanByNameWithJpaCompliantOptions()" classname="org.springframework.orm.jpa.hibernate.HibernateNativeEntityManagerFactorySpringBeanContainerIntegrationTests" time="0.009"/>
  <testcase name="testCanRetrieveFallbackBeanByTypeWithJpaCompliantOptions()" classname="org.springframework.orm.jpa.hibernate.HibernateNativeEntityManagerFactorySpringBeanContainerIntegrationTests" time="0.002"/>
  <testcase name="testCanRetrieveBeanByNameWithNativeOptions()" classname="org.springframework.orm.jpa.hibernate.HibernateNativeEntityManagerFactorySpringBeanContainerIntegrationTests" time="0.005"/>
  <testcase name="testOriginalExceptionInCaseOfFallbackProducerFailure()" classname="org.springframework.orm.jpa.hibernate.HibernateNativeEntityManagerFactorySpringBeanContainerIntegrationTests" time="0.003"/>
  <testcase name="testFallbackExceptionInCaseOfNoSpringBeanFound()" classname="org.springframework.orm.jpa.hibernate.HibernateNativeEntityManagerFactorySpringBeanContainerIntegrationTests" time="0.006"/>
  <testcase name="testCanRetrieveFallbackBeanByNameWithNativeOptions()" classname="org.springframework.orm.jpa.hibernate.HibernateNativeEntityManagerFactorySpringBeanContainerIntegrationTests" time="0.008"/>
  <testcase name="testOriginalExceptionInCaseOfFallbackProducerFailureByName()" classname="org.springframework.orm.jpa.hibernate.HibernateNativeEntityManagerFactorySpringBeanContainerIntegrationTests" time="0.007"/>
  <testcase name="testCanRetrieveBeanByTypeWithNativeOptions()" classname="org.springframework.orm.jpa.hibernate.HibernateNativeEntityManagerFactorySpringBeanContainerIntegrationTests" time="0.004"/>
  <testcase name="testCanRetrieveBeanByNameWithJpaCompliantOptions()" classname="org.springframework.orm.jpa.hibernate.HibernateNativeEntityManagerFactorySpringBeanContainerIntegrationTests" time="0.002"/>
  <testcase name="testFallbackExceptionInCaseOfNoSpringBeanFoundByName()" classname="org.springframework.orm.jpa.hibernate.HibernateNativeEntityManagerFactorySpringBeanContainerIntegrationTests" time="0.002"/>
  <system-out><![CDATA[]]></system-out>
  <system-err><![CDATA[]]></system-err>
</testsuite>
