<?xml version="1.0" encoding="UTF-8"?>
<testsuite name="org.springframework.orm.jpa.EntityManagerFactoryBeanSupportTests" tests="1" skipped="0" failures="0" errors="0" timestamp="2023-03-20T08:06:40" hostname="DESKTOP-VGJP1PJ" time="0.081">
  <properties/>
  <testcase name="testHookIsCalled()" classname="org.springframework.orm.jpa.EntityManagerFactoryBeanSupportTests" time="0.081"/>
  <system-out><![CDATA[]]></system-out>
  <system-err><![CDATA[]]></system-err>
</testsuite>
