<?xml version="1.0" encoding="UTF-8"?>
<testsuite name="org.springframework.orm.jpa.persistenceunit.DefaultPersistenceUnitManagerTests" tests="2" skipped="0" failures="0" errors="0" timestamp="2023-03-20T08:06:44" hostname="DESKTOP-VGJP1PJ" time="0.083">
  <properties/>
  <testcase name="defaultDomainWithIndex()" classname="org.springframework.orm.jpa.persistenceunit.DefaultPersistenceUnitManagerTests" time="0.044"/>
  <testcase name="defaultDomainWithScan()" classname="org.springframework.orm.jpa.persistenceunit.DefaultPersistenceUnitManagerTests" time="0.038"/>
  <system-out><![CDATA[]]></system-out>
  <system-err><![CDATA[]]></system-err>
</testsuite>
