<?xml version="1.0" encoding="UTF-8"?>
<testsuite name="org.springframework.orm.jpa.LocalEntityManagerFactoryBeanTests" tests="2" skipped="0" failures="0" errors="0" timestamp="2023-03-20T08:06:44" hostname="DESKTOP-VGJP1PJ" time="0.004">
  <properties/>
  <testcase name="testValidUsageWithExplicitProperties()" classname="org.springframework.orm.jpa.LocalEntityManagerFactoryBeanTests" time="0.002"/>
  <testcase name="testValidUsageWithDefaultProperties()" classname="org.springframework.orm.jpa.LocalEntityManagerFactoryBeanTests" time="0.001"/>
  <system-out><![CDATA[]]></system-out>
  <system-err><![CDATA[]]></system-err>
</testsuite>
