<?xml version="1.0" encoding="UTF-8"?>
<testsuite name="org.springframework.orm.jpa.eclipselink.EclipseLinkEntityManagerFactoryIntegrationTests" tests="20" skipped="0" failures="0" errors="0" timestamp="2023-03-20T08:06:40" hostname="DESKTOP-VGJP1PJ" time="0.401">
  <properties/>
  <testcase name="testJdbcTx2()" classname="org.springframework.orm.jpa.eclipselink.EclipseLinkEntityManagerFactoryIntegrationTests" time="0.171"/>
  <testcase name="testEntityManagerProxyRejectsProgrammaticTxManagement()" classname="org.springframework.orm.jpa.eclipselink.EclipseLinkEntityManagerFactoryIntegrationTests" time="0.002"/>
  <testcase name="testQueryNoPersons()" classname="org.springframework.orm.jpa.eclipselink.EclipseLinkEntityManagerFactoryIntegrationTests" time="0.014"/>
  <testcase name="testEntityManagerFactoryImplementsEntityManagerFactoryInfo()" classname="org.springframework.orm.jpa.eclipselink.EclipseLinkEntityManagerFactoryIntegrationTests" time="0.033"/>
  <testcase name="testMultipleResults()" classname="org.springframework.orm.jpa.eclipselink.EclipseLinkEntityManagerFactoryIntegrationTests" time="0.015"/>
  <testcase name="testStateClean()" classname="org.springframework.orm.jpa.eclipselink.EclipseLinkEntityManagerFactoryIntegrationTests" time="0.003"/>
  <testcase name="testGetReferenceWhenNoRow()" classname="org.springframework.orm.jpa.eclipselink.EclipseLinkEntityManagerFactoryIntegrationTests" time="0.008"/>
  <testcase name="testInstantiateAndSaveWithSharedEmProxy()" classname="org.springframework.orm.jpa.eclipselink.EclipseLinkEntityManagerFactoryIntegrationTests" time="0.006"/>
  <testcase name="testQueryNoPersonsSharedNotTransactional()" classname="org.springframework.orm.jpa.eclipselink.EclipseLinkEntityManagerFactoryIntegrationTests" time="0.01"/>
  <testcase name="testJdbcTx1_1()" classname="org.springframework.orm.jpa.eclipselink.EclipseLinkEntityManagerFactoryIntegrationTests" time="0.003"/>
  <testcase name="testJdbcTx1_2()" classname="org.springframework.orm.jpa.eclipselink.EclipseLinkEntityManagerFactoryIntegrationTests" time="0.003"/>
  <testcase name="testJdbcTx1_3()" classname="org.springframework.orm.jpa.eclipselink.EclipseLinkEntityManagerFactoryIntegrationTests" time="0.004"/>
  <testcase name="testCanSerializeProxies()" classname="org.springframework.orm.jpa.eclipselink.EclipseLinkEntityManagerFactoryIntegrationTests" time="0.09"/>
  <testcase name="testQueryNoPersonsShared()" classname="org.springframework.orm.jpa.eclipselink.EclipseLinkEntityManagerFactoryIntegrationTests" time="0.004"/>
  <testcase name="testQueryNoPersonsNotTransactional()" classname="org.springframework.orm.jpa.eclipselink.EclipseLinkEntityManagerFactoryIntegrationTests" time="0.004"/>
  <testcase name="testEntityManagerProxyIsProxy()" classname="org.springframework.orm.jpa.eclipselink.EclipseLinkEntityManagerFactoryIntegrationTests" time="0.002"/>
  <testcase name="testBogusQuery()" classname="org.springframework.orm.jpa.eclipselink.EclipseLinkEntityManagerFactoryIntegrationTests" time="0.006"/>
  <testcase name="testLazyLoading()" classname="org.springframework.orm.jpa.eclipselink.EclipseLinkEntityManagerFactoryIntegrationTests" time="0.008"/>
  <testcase name="testCanCastSharedEntityManagerProxyToEclipseLinkEntityManager()" classname="org.springframework.orm.jpa.eclipselink.EclipseLinkEntityManagerFactoryIntegrationTests" time="0.002"/>
  <testcase name="testCanCastNativeEntityManagerFactoryToEclipseLinkEntityManagerFactoryImpl()" classname="org.springframework.orm.jpa.eclipselink.EclipseLinkEntityManagerFactoryIntegrationTests" time="0.001"/>
  <system-out><![CDATA[[EL Info]: 2023-03-20 03:06:40.485--ServerSession(587521263)--EclipseLink, version: Eclipse Persistence Services - 2.7.7.v20200504-69f2c2b80d
[EL Warning]: metadata: 2023-03-20 03:06:40.487--ServerSession(587521263)--Reverting the lazy setting on the OneToOne or ManyToOne attribute [driversLicense] for the entity class [class org.springframework.orm.jpa.domain.Person] since weaving was not enabled or did not occur.
[EL Fine]: sql: 2023-03-20 03:06:40.493--ServerSession(587521263)--Connection(485390908)--SELECT * FROM SEQUENCE WHERE SEQ_NAME = 'SEQ_GEN'
[EL Fine]: sql: 2023-03-20 03:06:40.565--ServerSession(587521263)--Connection(40745642)--SELECT ID, FIRST_NAME, LAST_NAME, DRIVERS_LICENSE_ID FROM PERSON
[EL Fine]: sql: 2023-03-20 03:06:40.57--ServerSession(587521263)--Connection(1244394604)--SELECT ID, FIRST_NAME, LAST_NAME, DRIVERS_LICENSE_ID FROM PERSON
[EL Fine]: sql: 2023-03-20 03:06:40.616--ClientSession(492974742)--Connection(753602961)--SELECT ID, FIRST_NAME, LAST_NAME, DRIVERS_LICENSE_ID FROM PERSON
[EL Fine]: sql: 2023-03-20 03:06:40.633--ClientSession(1388398204)--Connection(2103605238)--SELECT ID, FIRST_NAME, LAST_NAME, DRIVERS_LICENSE_ID FROM PERSON WHERE (ID = ?)
	bind => [666]
[EL Fine]: sql: 2023-03-20 03:06:40.639--ClientSession(1812063361)--Connection(622857456)--UPDATE SEQUENCE SET SEQ_COUNT = SEQ_COUNT + ? WHERE SEQ_NAME = ?
	bind => [50, SEQ_GEN]
[EL Fine]: sql: 2023-03-20 03:06:40.64--ClientSession(1812063361)--Connection(622857456)--SELECT SEQ_COUNT FROM SEQUENCE WHERE SEQ_NAME = ?
	bind => [SEQ_GEN]
[EL Fine]: sql: 2023-03-20 03:06:40.641--ClientSession(1812063361)--Connection(622857456)--INSERT INTO PERSON (ID, FIRST_NAME, LAST_NAME, DRIVERS_LICENSE_ID) VALUES (?, ?, ?, ?)
	bind => [101, Tony, Blair, null]
[EL Fine]: sql: 2023-03-20 03:06:40.65--ServerSession(587521263)--Connection(196527810)--SELECT ID, FIRST_NAME, LAST_NAME, DRIVERS_LICENSE_ID FROM PERSON
[EL Fine]: sql: 2023-03-20 03:06:40.652--ServerSession(587521263)--Connection(544754214)--SELECT ID, FIRST_NAME, LAST_NAME, DRIVERS_LICENSE_ID FROM PERSON
[EL Fine]: sql: 2023-03-20 03:06:40.758--ClientSession(1171367125)--Connection(1768959551)--SELECT ID, FIRST_NAME, LAST_NAME, DRIVERS_LICENSE_ID FROM PERSON
[EL Fine]: sql: 2023-03-20 03:06:40.759--ClientSession(1171367125)--Connection(1768959551)--SELECT ID, FIRST_NAME, LAST_NAME, DRIVERS_LICENSE_ID FROM PERSON
[EL Fine]: sql: 2023-03-20 03:06:40.762--ServerSession(587521263)--Connection(1629833384)--SELECT ID, FIRST_NAME, LAST_NAME, DRIVERS_LICENSE_ID FROM PERSON
[EL Fine]: sql: 2023-03-20 03:06:40.763--ServerSession(587521263)--Connection(1304945690)--SELECT ID, FIRST_NAME, LAST_NAME, DRIVERS_LICENSE_ID FROM PERSON
[EL Fine]: sql: 2023-03-20 03:06:40.766--ClientSession(1962271894)--Connection(115353894)--SELECT ID, FIRST_NAME, LAST_NAME, DRIVERS_LICENSE_ID FROM PERSON
[EL Fine]: sql: 2023-03-20 03:06:40.776--ClientSession(1429510012)--Connection(1937663674)--UPDATE SEQUENCE SET SEQ_COUNT = SEQ_COUNT + ? WHERE SEQ_NAME = ?
	bind => [50, SEQ_GEN]
[EL Fine]: sql: 2023-03-20 03:06:40.777--ClientSession(1429510012)--Connection(1937663674)--SELECT SEQ_COUNT FROM SEQUENCE WHERE SEQ_NAME = ?
	bind => [SEQ_GEN]
[EL Fine]: sql: 2023-03-20 03:06:40.779--ClientSession(1429510012)--Connection(1937663674)--INSERT INTO DRIVERS_LICENSE (ID, SERIAL_NUMBER) VALUES (?, ?)
	bind => [0, 8439DK]
[EL Fine]: sql: 2023-03-20 03:06:40.78--ClientSession(1429510012)--Connection(1937663674)--INSERT INTO PERSON (ID, FIRST_NAME, LAST_NAME, DRIVERS_LICENSE_ID) VALUES (?, ?, ?, ?)
	bind => [101, Tony, Blair, 0]
]]></system-out>
  <system-err><![CDATA[]]></system-err>
</testsuite>
