<?xml version="1.0" encoding="UTF-8"?>
<testsuite name="org.springframework.orm.jpa.ApplicationManagedEntityManagerIntegrationTests" tests="8" skipped="0" failures="0" errors="0" timestamp="2023-03-20T08:06:34" hostname="DESKTOP-VGJP1PJ" time="4.469">
  <properties/>
  <testcase name="testEntityManagerProxyAcceptsProgrammaticTxJoining()" classname="org.springframework.orm.jpa.ApplicationManagedEntityManagerIntegrationTests" time="3.917"/>
  <testcase name="testStateClean()" classname="org.springframework.orm.jpa.ApplicationManagedEntityManagerIntegrationTests" time="0.109"/>
  <testcase name="testCommitOccurs()" classname="org.springframework.orm.jpa.ApplicationManagedEntityManagerIntegrationTests" time="0.061"/>
  <testcase name="testEntityManagerProxyIsProxy()" classname="org.springframework.orm.jpa.ApplicationManagedEntityManagerIntegrationTests" time="0.318"/>
  <testcase name="testCannotFlushWithoutGettingTransaction()" classname="org.springframework.orm.jpa.ApplicationManagedEntityManagerIntegrationTests" time="0.021"/>
  <testcase name="testRollbackOccurs()" classname="org.springframework.orm.jpa.ApplicationManagedEntityManagerIntegrationTests" time="0.007"/>
  <testcase name="testReuseInNewTransaction()" classname="org.springframework.orm.jpa.ApplicationManagedEntityManagerIntegrationTests" time="0.02"/>
  <testcase name="testInstantiateAndSave()" classname="org.springframework.orm.jpa.ApplicationManagedEntityManagerIntegrationTests" time="0.008"/>
  <system-out><![CDATA[[EL Info]: 2023-03-20 03:06:37.034--ServerSession(162230179)--EclipseLink, version: Eclipse Persistence Services - 2.7.7.v20200504-69f2c2b80d
[EL Warning]: metadata: 2023-03-20 03:06:37.872--ServerSession(162230179)--Reverting the lazy setting on the OneToOne or ManyToOne attribute [driversLicense] for the entity class [class org.springframework.orm.jpa.domain.Person] since weaving was not enabled or did not occur.
[EL Fine]: sql: 2023-03-20 03:06:37.933--ServerSession(162230179)--Connection(2019695348)--CREATE TABLE PERSON (ID INTEGER NOT NULL, FIRST_NAME VARCHAR(255), LAST_NAME VARCHAR(255), DRIVERS_LICENSE_ID INTEGER, PRIMARY KEY (ID))
[EL Fine]: sql: 2023-03-20 03:06:37.936--ServerSession(162230179)--Connection(1143393547)--CREATE TABLE DRIVERS_LICENSE (ID INTEGER NOT NULL, SERIAL_NUMBER VARCHAR(255), PRIMARY KEY (ID))
[EL Fine]: sql: 2023-03-20 03:06:37.939--ServerSession(162230179)--Connection(1307186779)--ALTER TABLE PERSON ADD CONSTRAINT FK_PERSON_DRIVERS_LICENSE_ID FOREIGN KEY (DRIVERS_LICENSE_ID) REFERENCES DRIVERS_LICENSE (ID)
[EL Fine]: sql: 2023-03-20 03:06:37.942--ServerSession(162230179)--Connection(1949842040)--CREATE TABLE SEQUENCE (SEQ_NAME VARCHAR(50) NOT NULL, SEQ_COUNT NUMERIC(38), PRIMARY KEY (SEQ_NAME))
[EL Fine]: sql: 2023-03-20 03:06:37.944--ServerSession(162230179)--Connection(1807278282)--SELECT * FROM SEQUENCE WHERE SEQ_NAME = 'SEQ_GEN'
[EL Fine]: sql: 2023-03-20 03:06:37.949--ServerSession(162230179)--Connection(1622425075)--INSERT INTO SEQUENCE(SEQ_NAME, SEQ_COUNT) values ('SEQ_GEN', 0)
[EL Fine]: sql: 2023-03-20 03:06:38.679--ClientSession(318996829)--Connection(1516348389)--UPDATE SEQUENCE SET SEQ_COUNT = SEQ_COUNT + ? WHERE SEQ_NAME = ?
	bind => [50, SEQ_GEN]
[EL Fine]: sql: 2023-03-20 03:06:38.685--ClientSession(318996829)--Connection(1516348389)--SELECT SEQ_COUNT FROM SEQUENCE WHERE SEQ_NAME = ?
	bind => [SEQ_GEN]
[EL Fine]: sql: 2023-03-20 03:06:38.703--ClientSession(318996829)--Connection(1042522412)--INSERT INTO PERSON (ID, FIRST_NAME, LAST_NAME, DRIVERS_LICENSE_ID) VALUES (?, ?, ?, ?)
	bind => [1, Tony, Blair, null]
[EL Fine]: sql: 2023-03-20 03:06:38.716--ClientSession(318996829)--Connection(1042522412)--SELECT COUNT(0) FROM person
[EL Fine]: sql: 2023-03-20 03:06:38.729--ServerSession(162230179)--Connection(1922816317)--SELECT COUNT(0) FROM person
[EL Fine]: sql: 2023-03-20 03:06:39.039--ServerSession(162230179)--Connection(708503318)--SELECT ID, FIRST_NAME, LAST_NAME, DRIVERS_LICENSE_ID FROM PERSON
[EL Fine]: sql: 2023-03-20 03:06:39.071--ClientSession(997853203)--Connection(1135022609)--DELETE FROM PERSON
[EL Fine]: sql: 2023-03-20 03:06:39.078--ClientSession(191404438)--Connection(767509860)--INSERT INTO PERSON (ID, FIRST_NAME, LAST_NAME, DRIVERS_LICENSE_ID) VALUES (?, ?, ?, ?)
	bind => [3, Tony, Blair, null]
[EL Fine]: sql: 2023-03-20 03:06:39.08--ClientSession(191404438)--Connection(767509860)--SELECT COUNT(0) FROM person
[EL Fine]: sql: 2023-03-20 03:06:39.081--ServerSession(162230179)--Connection(1163214088)--SELECT COUNT(0) FROM person
[EL Fine]: sql: 2023-03-20 03:06:39.088--ClientSession(1511992125)--Connection(471756976)--INSERT INTO PERSON (ID, FIRST_NAME, LAST_NAME, DRIVERS_LICENSE_ID) VALUES (?, ?, ?, ?)
	bind => [4, Tony, Blair, null]
[EL Fine]: sql: 2023-03-20 03:06:39.09--ClientSession(1511992125)--Connection(471756976)--SELECT COUNT(0) FROM person
[EL Fine]: sql: 2023-03-20 03:06:39.094--ClientSession(1198475797)--Connection(2026116647)--INSERT INTO PERSON (ID, FIRST_NAME, LAST_NAME, DRIVERS_LICENSE_ID) VALUES (?, ?, ?, ?)
	bind => [5, Tony, Blair, null]
[EL Fine]: sql: 2023-03-20 03:06:39.095--ClientSession(1198475797)--Connection(2026116647)--SELECT COUNT(0) FROM person
[EL Fine]: sql: 2023-03-20 03:06:39.098--ServerSession(162230179)--Connection(1181339033)--SELECT COUNT(0) FROM person
[EL Fine]: sql: 2023-03-20 03:06:39.1--ClientSession(1198475797)--Connection(2112810444)--DELETE FROM PERSON
[EL Fine]: sql: 2023-03-20 03:06:39.102--ClientSession(1198475797)--Connection(2112810444)--SELECT COUNT(0) FROM person
[EL Fine]: sql: 2023-03-20 03:06:39.108--ClientSession(396014336)--Connection(1687284605)--INSERT INTO PERSON (ID, FIRST_NAME, LAST_NAME, DRIVERS_LICENSE_ID) VALUES (?, ?, ?, ?)
	bind => [6, Tony, Blair, null]
[EL Fine]: sql: 2023-03-20 03:06:39.11--ClientSession(396014336)--Connection(1687284605)--SELECT COUNT(0) FROM person
]]></system-out>
  <system-err><![CDATA[]]></system-err>
</testsuite>
