<?xml version="1.0" encoding="UTF-8"?>
<testsuite name="org.springframework.orm.jpa.DefaultJpaDialectTests" tests="3" skipped="0" failures="0" errors="0" timestamp="2023-03-20T08:06:39" hostname="DESKTOP-VGJP1PJ" time="1.026">
  <properties/>
  <testcase name="testDefaultTransactionDefinition()" classname="org.springframework.orm.jpa.DefaultJpaDialectTests" time="0.002"/>
  <testcase name="testDefaultBeginTransaction()" classname="org.springframework.orm.jpa.DefaultJpaDialectTests" time="1.021"/>
  <testcase name="testTranslateException()" classname="org.springframework.orm.jpa.DefaultJpaDialectTests" time="0.001"/>
  <system-out><![CDATA[]]></system-out>
  <system-err><![CDATA[]]></system-err>
</testsuite>
