<?xml version="1.0" encoding="UTF-8"?>
<testsuite name="org.springframework.orm.jpa.SharedEntityManagerCreatorTests" tests="13" skipped="0" failures="0" errors="0" timestamp="2023-03-20T08:06:44" hostname="DESKTOP-VGJP1PJ" time="0.259">
  <properties/>
  <testcase name="transactionRequiredExceptionOnRemove()" classname="org.springframework.orm.jpa.SharedEntityManagerCreatorTests" time="0.066"/>
  <testcase name="transactionRequiredExceptionOnJoinTransaction()" classname="org.springframework.orm.jpa.SharedEntityManagerCreatorTests" time="0.001"/>
  <testcase name="proxyingWorksIfInfoReturnsNullEntityManagerInterface()" classname="org.springframework.orm.jpa.SharedEntityManagerCreatorTests" time="0.042"/>
  <testcase name="transactionRequiredExceptionOnRefresh()" classname="org.springframework.orm.jpa.SharedEntityManagerCreatorTests" time="0.001"/>
  <testcase name="transactionRequiredExceptionOnFlush()" classname="org.springframework.orm.jpa.SharedEntityManagerCreatorTests" time="0.001"/>
  <testcase name="transactionRequiredExceptionOnMerge()" classname="org.springframework.orm.jpa.SharedEntityManagerCreatorTests" time="0.002"/>
  <testcase name="deferredQueryWithUpdate()" classname="org.springframework.orm.jpa.SharedEntityManagerCreatorTests" time="0.047"/>
  <testcase name="deferredQueryWithResultStream()" classname="org.springframework.orm.jpa.SharedEntityManagerCreatorTests" time="0.007"/>
  <testcase name="deferredStoredProcedureQueryWithNamedParameters()" classname="org.springframework.orm.jpa.SharedEntityManagerCreatorTests" time="0.079"/>
  <testcase name="deferredQueryWithResultList()" classname="org.springframework.orm.jpa.SharedEntityManagerCreatorTests" time="0.002"/>
  <testcase name="deferredStoredProcedureQueryWithIndexedParameters()" classname="org.springframework.orm.jpa.SharedEntityManagerCreatorTests" time="0.005"/>
  <testcase name="deferredQueryWithSingleResult()" classname="org.springframework.orm.jpa.SharedEntityManagerCreatorTests" time="0.002"/>
  <testcase name="transactionRequiredExceptionOnPersist()" classname="org.springframework.orm.jpa.SharedEntityManagerCreatorTests" time="0.002"/>
  <system-out><![CDATA[]]></system-out>
  <system-err><![CDATA[]]></system-err>
</testsuite>
