<?xml version="1.0" encoding="UTF-8"?>
<testsuite name="org.springframework.beans.factory.support.security.CallbacksSecurityTests" tests="15" skipped="0" failures="0" errors="0" timestamp="2023-03-20T07:37:51" hostname="DESKTOP-VGJP1PJ" time="0.659">
  <properties/>
  <testcase name="testSecuritySanity()" classname="org.springframework.beans.factory.support.security.CallbacksSecurityTests" time="0.176"/>
  <testcase name="testSpringDestroyBean()" classname="org.springframework.beans.factory.support.security.CallbacksSecurityTests" time="0.035"/>
  <testcase name="testCustomFactoryType()" classname="org.springframework.beans.factory.support.security.CallbacksSecurityTests" time="0.039"/>
  <testcase name="testTrustedFactoryMethod()" classname="org.springframework.beans.factory.support.security.CallbacksSecurityTests" time="0.013"/>
  <testcase name="testCustomStaticFactoryMethod()" classname="org.springframework.beans.factory.support.security.CallbacksSecurityTests" time="0.021"/>
  <testcase name="testCustomInstanceFactoryMethod()" classname="org.springframework.beans.factory.support.security.CallbacksSecurityTests" time="0.013"/>
  <testcase name="testSpringInitBean()" classname="org.springframework.beans.factory.support.security.CallbacksSecurityTests" time="0.035"/>
  <testcase name="testContainerPrivileges()" classname="org.springframework.beans.factory.support.security.CallbacksSecurityTests" time="0.021"/>
  <testcase name="testPropertyInjection()" classname="org.springframework.beans.factory.support.security.CallbacksSecurityTests" time="0.057"/>
  <testcase name="testCustomFactoryObject()" classname="org.springframework.beans.factory.support.security.CallbacksSecurityTests" time="0.01"/>
  <testcase name="testCustomDestroyBean()" classname="org.springframework.beans.factory.support.security.CallbacksSecurityTests" time="0.01"/>
  <testcase name="testCustomInitBean()" classname="org.springframework.beans.factory.support.security.CallbacksSecurityTests" time="0.013"/>
  <testcase name="testTrustedExecution()" classname="org.springframework.beans.factory.support.security.CallbacksSecurityTests" time="0.174"/>
  <testcase name="testInitSecurityAwarePrototypeBean()" classname="org.springframework.beans.factory.support.security.CallbacksSecurityTests" time="0.024"/>
  <testcase name="testConstructor()" classname="org.springframework.beans.factory.support.security.CallbacksSecurityTests" time="0.011"/>
  <system-out><![CDATA[02:37:51.583 [Test worker] WARN  o.s.b.f.s.DisposableBeanAdapter - Invocation of destroy method failed on bean with name 'spring-destroy': java.security.AccessControlException: access denied ("java.util.PropertyPermission" "security.destroy" "write")
02:37:51.804 [Test worker] WARN  o.s.b.f.s.DisposableBeanAdapter - Destroy method 'destroy' on bean with name 'custom-destroy' threw an exception: java.security.AccessControlException: access denied ("java.util.PropertyPermission" "security.destroy" "write")
]]></system-out>
  <system-err><![CDATA[]]></system-err>
</testsuite>
