<?xml version="1.0" encoding="UTF-8"?>
<testsuite name="org.springframework.beans.factory.xml.CollectionsWithDefaultTypesTests" tests="5" skipped="0" failures="0" errors="0" timestamp="2023-03-20T07:37:54" hostname="DESKTOP-VGJP1PJ" time="0.792">
  <properties/>
  <testcase name="testMapHasDefaultKeyAndValueType()" classname="org.springframework.beans.factory.xml.CollectionsWithDefaultTypesTests" time="0.026"/>
  <testcase name="testBuildCollectionFromMixtureOfReferencesAndValues()" classname="org.springframework.beans.factory.xml.CollectionsWithDefaultTypesTests" time="0.307"/>
  <testcase name="testSetHasDefaultType()" classname="org.springframework.beans.factory.xml.CollectionsWithDefaultTypesTests" time="0.001"/>
  <testcase name="testMapWithNestedElementsHasDefaultKeyAndValueType()" classname="org.springframework.beans.factory.xml.CollectionsWithDefaultTypesTests" time="0.0"/>
  <testcase name="testListHasDefaultType()" classname="org.springframework.beans.factory.xml.CollectionsWithDefaultTypesTests" time="0.001"/>
  <system-out><![CDATA[]]></system-out>
  <system-err><![CDATA[]]></system-err>
</testsuite>
