<?xml version="1.0" encoding="UTF-8"?>
<testsuite name="org.springframework.beans.KotlinBeanUtilsTests" tests="9" skipped="0" failures="0" errors="0" timestamp="2023-03-20T07:38:23" hostname="DESKTOP-VGJP1PJ" time="0.088">
  <properties/>
  <testcase name="Instantiate class with protected constructor()" classname="org.springframework.beans.KotlinBeanUtilsTests" time="0.059"/>
  <testcase name="Instantiate private class()" classname="org.springframework.beans.KotlinBeanUtilsTests" time="0.002"/>
  <testcase name="Instantiate immutable class with optional parameter and all parameters specified()" classname="org.springframework.beans.KotlinBeanUtilsTests" time="0.004"/>
  <testcase name="Instantiate class with private constructor()" classname="org.springframework.beans.KotlinBeanUtilsTests" time="0.002"/>
  <testcase name="Instantiate immutable class with optional parameter and only mandatory parameters specified by position()" classname="org.springframework.beans.KotlinBeanUtilsTests" time="0.001"/>
  <testcase name="Instantiate immutable class with optional parameter specified with null value()" classname="org.springframework.beans.KotlinBeanUtilsTests" time="0.001"/>
  <testcase name="Instantiate mutable class with declared constructor and default values for all parameters()" classname="org.springframework.beans.KotlinBeanUtilsTests" time="0.002"/>
  <testcase name="Instantiate immutable class()" classname="org.springframework.beans.KotlinBeanUtilsTests" time="0.004"/>
  <testcase name="Instantiate immutable class with nullable parameter()" classname="org.springframework.beans.KotlinBeanUtilsTests" time="0.004"/>
  <system-out><![CDATA[]]></system-out>
  <system-err><![CDATA[]]></system-err>
</testsuite>
