<?xml version="1.0" encoding="UTF-8"?>
<testsuite name="org.springframework.beans.factory.FactoryBeanLookupTests" tests="5" skipped="0" failures="0" errors="0" timestamp="2023-03-20T07:37:49" hostname="DESKTOP-VGJP1PJ" time="0.168">
  <properties/>
  <testcase name="factoryBeanLookupByNameDereferencing()" classname="org.springframework.beans.factory.FactoryBeanLookupTests" time="0.111"/>
  <testcase name="factoryBeanLookupByType()" classname="org.springframework.beans.factory.FactoryBeanLookupTests" time="0.008"/>
  <testcase name="factoryBeanObjectLookupByName()" classname="org.springframework.beans.factory.FactoryBeanLookupTests" time="0.008"/>
  <testcase name="factoryBeanObjectLookupByNameAndType()" classname="org.springframework.beans.factory.FactoryBeanLookupTests" time="0.009"/>
  <testcase name="factoryBeanLookupByTypeAndNameDereference()" classname="org.springframework.beans.factory.FactoryBeanLookupTests" time="0.031"/>
  <system-out><![CDATA[]]></system-out>
  <system-err><![CDATA[]]></system-err>
</testsuite>
