<?xml version="1.0" encoding="UTF-8"?>
<testsuite name="org.springframework.beans.factory.config.YamlMapFactoryBeanTests" tests="8" skipped="0" failures="0" errors="0" timestamp="2023-03-20T07:37:47" hostname="DESKTOP-VGJP1PJ" time="0.603">
  <properties/>
  <testcase name="testMapWithIntegerValue()" classname="org.springframework.beans.factory.config.YamlMapFactoryBeanTests" time="0.255"/>
  <testcase name="testFirstFound()" classname="org.springframework.beans.factory.config.YamlMapFactoryBeanTests" time="0.238"/>
  <testcase name="testSetBarfOnResourceNotFound()" classname="org.springframework.beans.factory.config.YamlMapFactoryBeanTests" time="0.095"/>
  <testcase name="testMapWithPeriodsInKey()" classname="org.springframework.beans.factory.config.YamlMapFactoryBeanTests" time="0.001"/>
  <testcase name="testOverrideAndRemoveDefaults()" classname="org.springframework.beans.factory.config.YamlMapFactoryBeanTests" time="0.004"/>
  <testcase name="testGetObject()" classname="org.springframework.beans.factory.config.YamlMapFactoryBeanTests" time="0.001"/>
  <testcase name="testDuplicateKey()" classname="org.springframework.beans.factory.config.YamlMapFactoryBeanTests" time="0.003"/>
  <testcase name="testSetIgnoreResourceNotFound()" classname="org.springframework.beans.factory.config.YamlMapFactoryBeanTests" time="0.002"/>
  <system-out><![CDATA[02:37:47.508 [Test worker] WARN  o.s.b.f.c.YamlMapFactoryBean - Could not load map from non-existent: planned
02:37:47.650 [Test worker] WARN  o.s.b.f.c.YamlMapFactoryBean - Could not load map from file [F:\spring-framework-5.3.x\spring-framework-5.3.0-M2\spring-beans\non-exsitent-file.yml]: non-exsitent-file.yml
]]></system-out>
  <system-err><![CDATA[]]></system-err>
</testsuite>
