<?xml version="1.0" encoding="UTF-8"?>
<testsuite name="org.springframework.beans.ExtendedBeanInfoTests" tests="39" skipped="0" failures="0" errors="0" timestamp="2023-03-20T07:37:30" hostname="DESKTOP-VGJP1PJ" time="4.03">
  <properties/>
  <testcase name="indexedReadAndIndexedWriteMethods()" classname="org.springframework.beans.ExtendedBeanInfoTests" time="0.128"/>
  <testcase name="nonStandardReadMethodAndStandardWriteMethod()" classname="org.springframework.beans.ExtendedBeanInfoTests" time="0.312"/>
  <testcase name="cornerSpr8949()" classname="org.springframework.beans.ExtendedBeanInfoTests" time="0.208"/>
  <testcase name="cornerSpr9414()" classname="org.springframework.beans.ExtendedBeanInfoTests" time="0.173"/>
  <testcase name="cornerSpr9453()" classname="org.springframework.beans.ExtendedBeanInfoTests" time="0.033"/>
  <testcase name="cornerSpr9702()" classname="org.springframework.beans.ExtendedBeanInfoTests" time="0.086"/>
  <testcase name="nonPublicStandardReadAndWriteMethods()" classname="org.springframework.beans.ExtendedBeanInfoTests" time="0.046"/>
  <testcase name="indexedReadAndNonStandardWriteAndNonStandardIndexedWrite()" classname="org.springframework.beans.ExtendedBeanInfoTests" time="0.051"/>
  <testcase name="standardReadMethodsAndOverloadedNonStandardWriteMethods()" classname="org.springframework.beans.ExtendedBeanInfoTests" time="0.179"/>
  <testcase name="indexedReadMethodReturnsSubtypeOfIndexedWriteMethodParameter()" classname="org.springframework.beans.ExtendedBeanInfoTests" time="0.03"/>
  <testcase name="standardReadAndNonStandardWriteMethods()" classname="org.springframework.beans.ExtendedBeanInfoTests" time="0.043"/>
  <testcase name="indexedWriteMethodOnly()" classname="org.springframework.beans.ExtendedBeanInfoTests" time="0.006"/>
  <testcase name="cornerSpr8937AndSpr12582()" classname="org.springframework.beans.ExtendedBeanInfoTests" time="0.1"/>
  <testcase name="propertyCountsWithNonStandardWriteMethod()" classname="org.springframework.beans.ExtendedBeanInfoTests" time="0.187"/>
  <testcase name="readAndWriteAndIndexedReadAndIndexedWriteMethods()" classname="org.springframework.beans.ExtendedBeanInfoTests" time="0.069"/>
  <testcase name="standardWriteMethodOnly()" classname="org.springframework.beans.ExtendedBeanInfoTests" time="0.006"/>
  <testcase name="indexedReadMethodReturnsSupertypeOfIndexedWriteMethodParameter()" classname="org.springframework.beans.ExtendedBeanInfoTests" time="0.007"/>
  <testcase name="propertyCountsMatch()" classname="org.springframework.beans.ExtendedBeanInfoTests" time="0.002"/>
  <testcase name="standardReadMethodOnly()" classname="org.springframework.beans.ExtendedBeanInfoTests" time="0.096"/>
  <testcase name="shouldDetectValidPropertiesAndIgnoreInvalidProperties()" classname="org.springframework.beans.ExtendedBeanInfoTests" time="0.085"/>
  <testcase name="nonStandardWriteMethodOnly()" classname="org.springframework.beans.ExtendedBeanInfoTests" time="0.005"/>
  <testcase name="reproSpr8522()" classname="org.springframework.beans.ExtendedBeanInfoTests" time="0.399"/>
  <testcase name="reproSpr8806()" classname="org.springframework.beans.ExtendedBeanInfoTests" time="0.017"/>
  <testcase name="standardReadAndWriteMethods()" classname="org.springframework.beans.ExtendedBeanInfoTests" time="0.022"/>
  <testcase name="standardReadAndNonStandardIndexedWriteMethod()" classname="org.springframework.beans.ExtendedBeanInfoTests" time="0.012"/>
  <testcase name="indexedReadAndNonStandardIndexedWrite()" classname="org.springframework.beans.ExtendedBeanInfoTests" time="0.08"/>
  <testcase name="overloadedNonStandardWriteMethodsOnly_orderA()" classname="org.springframework.beans.ExtendedBeanInfoTests" time="0.013"/>
  <testcase name="overloadedNonStandardWriteMethodsOnly_orderB()" classname="org.springframework.beans.ExtendedBeanInfoTests" time="0.197"/>
  <testcase name="propertyDescriptorComparator()" classname="org.springframework.beans.ExtendedBeanInfoTests" time="0.003"/>
  <testcase name="cornerSpr10111()" classname="org.springframework.beans.ExtendedBeanInfoTests" time="0.002"/>
  <testcase name="readMethodReturnsSubtypeOfWriteMethodParameter()" classname="org.springframework.beans.ExtendedBeanInfoTests" time="0.044"/>
  <testcase name="propertyDescriptorOrderIsEqual()" classname="org.springframework.beans.ExtendedBeanInfoTests" time="0.001"/>
  <testcase name="standardReadMethodInSuperclassAndNonStandardWriteMethodInSubclass()" classname="org.springframework.beans.ExtendedBeanInfoTests" time="0.197"/>
  <testcase name="standardReadMethodInSuperAndSubclassesAndGenericBuilderStyleNonStandardWriteMethodInSuperAndSubclasses()" classname="org.springframework.beans.ExtendedBeanInfoTests" time="0.535"/>
  <testcase name="indexedReadMethodOnly()" classname="org.springframework.beans.ExtendedBeanInfoTests" time="0.123"/>
  <testcase name="subclassWriteMethodWithCovariantReturnType()" classname="org.springframework.beans.ExtendedBeanInfoTests" time="0.299"/>
  <testcase name="shouldSupportStaticWriteMethod()" classname="org.springframework.beans.ExtendedBeanInfoTests" time="0.002"/>
  <testcase name="emptyPropertiesIgnored()" classname="org.springframework.beans.ExtendedBeanInfoTests" time="0.19"/>
  <testcase name="readMethodReturnsSupertypeOfWriteMethodParameter()" classname="org.springframework.beans.ExtendedBeanInfoTests" time="0.006"/>
  <system-out><![CDATA[]]></system-out>
  <system-err><![CDATA[]]></system-err>
</testsuite>
