<?xml version="1.0" encoding="UTF-8"?>
<testsuite name="org.springframework.beans.propertyeditors.ZoneIdEditorTests" tests="4" skipped="0" failures="0" errors="0" timestamp="2023-03-20T07:38:05" hostname="DESKTOP-VGJP1PJ" time="0.018">
  <properties/>
  <testcase name="americaLosAngeles()" classname="org.springframework.beans.propertyeditors.ZoneIdEditorTests" time="0.013"/>
  <testcase name="americaChicago()" classname="org.springframework.beans.propertyeditors.ZoneIdEditorTests" time="0.002"/>
  <testcase name="getNullAsText()" classname="org.springframework.beans.propertyeditors.ZoneIdEditorTests" time="0.001"/>
  <testcase name="getValueAsText()" classname="org.springframework.beans.propertyeditors.ZoneIdEditorTests" time="0.001"/>
  <system-out><![CDATA[]]></system-out>
  <system-err><![CDATA[]]></system-err>
</testsuite>
