<?xml version="1.0" encoding="UTF-8"?>
<testsuite name="org.springframework.beans.factory.xml.ProfileXmlBeanDefinitionTests" tests="4" skipped="0" failures="0" errors="0" timestamp="2023-03-20T07:37:58" hostname="DESKTOP-VGJP1PJ" time="1.276">
  <properties/>
  <testcase name="testDefaultAndNonDefaultProfile()" classname="org.springframework.beans.factory.xml.ProfileXmlBeanDefinitionTests" time="0.086"/>
  <testcase name="testDefaultProfile()" classname="org.springframework.beans.factory.xml.ProfileXmlBeanDefinitionTests" time="0.045"/>
  <testcase name="testProfilePermutations()" classname="org.springframework.beans.factory.xml.ProfileXmlBeanDefinitionTests" time="1.143"/>
  <testcase name="testProfileValidation()" classname="org.springframework.beans.factory.xml.ProfileXmlBeanDefinitionTests" time="0.001"/>
  <system-out><![CDATA[]]></system-out>
  <system-err><![CDATA[]]></system-err>
</testsuite>
