<?xml version="1.0" encoding="UTF-8"?>
<testsuite name="org.springframework.beans.support.PagedListHolderTests" tests="1" skipped="0" failures="0" errors="0" timestamp="2023-03-20T07:38:05" hostname="DESKTOP-VGJP1PJ" time="0.039">
  <properties/>
  <testcase name="testPagedListHolder()" classname="org.springframework.beans.support.PagedListHolderTests" time="0.039"/>
  <system-out><![CDATA[]]></system-out>
  <system-err><![CDATA[]]></system-err>
</testsuite>
