<?xml version="1.0" encoding="UTF-8"?>
<testsuite name="org.springframework.beans.factory.annotation.CustomAutowireConfigurerTests" tests="1" skipped="0" failures="0" errors="0" timestamp="2023-03-20T07:37:39" hostname="DESKTOP-VGJP1PJ" time="0.842">
  <properties/>
  <testcase name="testCustomResolver()" classname="org.springframework.beans.factory.annotation.CustomAutowireConfigurerTests" time="0.842"/>
  <system-out><![CDATA[]]></system-out>
  <system-err><![CDATA[]]></system-err>
</testsuite>
