<?xml version="1.0" encoding="UTF-8"?>
<testsuite name="org.springframework.beans.factory.xml.EventPublicationTests" tests="4" skipped="0" failures="0" errors="0" timestamp="2023-03-20T07:37:56" hostname="DESKTOP-VGJP1PJ" time="1.221">
  <properties/>
  <testcase name="beanEventReceived()" classname="org.springframework.beans.factory.xml.EventPublicationTests" time="1.163"/>
  <testcase name="importEventReceived()" classname="org.springframework.beans.factory.xml.EventPublicationTests" time="0.03"/>
  <testcase name="aliasEventReceived()" classname="org.springframework.beans.factory.xml.EventPublicationTests" time="0.01"/>
  <testcase name="defaultsEventReceived()" classname="org.springframework.beans.factory.xml.EventPublicationTests" time="0.011"/>
  <system-out><![CDATA[]]></system-out>
  <system-err><![CDATA[]]></system-err>
</testsuite>
