<?xml version="1.0" encoding="UTF-8"?>
<testsuite name="org.springframework.beans.factory.xml.SimplePropertyNamespaceHandlerTests" tests="4" skipped="0" failures="0" errors="0" timestamp="2023-03-20T07:38:00" hostname="DESKTOP-VGJP1PJ" time="0.41">
  <properties/>
  <testcase name="simpleBeanConfigured()" classname="org.springframework.beans.factory.xml.SimplePropertyNamespaceHandlerTests" time="0.368"/>
  <testcase name="propertyWithNameEndingInRef()" classname="org.springframework.beans.factory.xml.SimplePropertyNamespaceHandlerTests" time="0.018"/>
  <testcase name="withPropertyDefinedTwice()" classname="org.springframework.beans.factory.xml.SimplePropertyNamespaceHandlerTests" time="0.012"/>
  <testcase name="innerBeanConfigured()" classname="org.springframework.beans.factory.xml.SimplePropertyNamespaceHandlerTests" time="0.01"/>
  <system-out><![CDATA[]]></system-out>
  <system-err><![CDATA[]]></system-err>
</testsuite>
