<?xml version="1.0" encoding="UTF-8"?>
<testsuite name="org.springframework.beans.propertyeditors.BeanInfoTests" tests="1" skipped="0" failures="0" errors="0" timestamp="2023-03-20T07:38:04" hostname="DESKTOP-VGJP1PJ" time="0.005">
  <properties/>
  <testcase name="testComplexObject()" classname="org.springframework.beans.propertyeditors.BeanInfoTests" time="0.005"/>
  <system-out><![CDATA[]]></system-out>
  <system-err><![CDATA[]]></system-err>
</testsuite>
