<?xml version="1.0" encoding="UTF-8"?>
<testsuite name="org.springframework.beans.factory.BeanFactoryExtensionsTests" tests="4" skipped="0" failures="0" errors="0" timestamp="2023-03-20T07:38:13" hostname="DESKTOP-VGJP1PJ" time="8.309">
  <properties/>
  <testcase name="getBean with reified type parameters and varargs()" classname="org.springframework.beans.factory.BeanFactoryExtensionsTests" time="7.885"/>
  <testcase name="getBean with reified type parameters()" classname="org.springframework.beans.factory.BeanFactoryExtensionsTests" time="0.046"/>
  <testcase name="getBean with String and reified type parameters()" classname="org.springframework.beans.factory.BeanFactoryExtensionsTests" time="0.014"/>
  <testcase name="getBeanProvider with reified type parameters()" classname="org.springframework.beans.factory.BeanFactoryExtensionsTests" time="0.305"/>
  <system-out><![CDATA[]]></system-out>
  <system-err><![CDATA[]]></system-err>
</testsuite>
