<?xml version="1.0" encoding="UTF-8"?>
<testsuite name="org.springframework.beans.factory.parsing.FailFastProblemReporterTests" tests="2" skipped="0" failures="0" errors="0" timestamp="2023-03-20T07:37:50" hostname="DESKTOP-VGJP1PJ" time="0.032">
  <properties/>
  <testcase name="testError()" classname="org.springframework.beans.factory.parsing.FailFastProblemReporterTests" time="0.001"/>
  <testcase name="testWarn()" classname="org.springframework.beans.factory.parsing.FailFastProblemReporterTests" time="0.031"/>
  <system-out><![CDATA[]]></system-out>
  <system-err><![CDATA[]]></system-err>
</testsuite>
