<?xml version="1.0" encoding="UTF-8"?>
<testsuite name="org.springframework.beans.propertyeditors.ReaderEditorTests" tests="4" skipped="0" failures="0" errors="0" timestamp="2023-03-20T07:38:04" hostname="DESKTOP-VGJP1PJ" time="0.005">
  <properties/>
  <testcase name="testSunnyDay()" classname="org.springframework.beans.propertyeditors.ReaderEditorTests" time="0.001"/>
  <testcase name="testWhenResourceDoesNotExist()" classname="org.springframework.beans.propertyeditors.ReaderEditorTests" time="0.001"/>
  <testcase name="testCtorWithNullResourceEditor()" classname="org.springframework.beans.propertyeditors.ReaderEditorTests" time="0.001"/>
  <testcase name="testGetAsTextReturnsNullByDefault()" classname="org.springframework.beans.propertyeditors.ReaderEditorTests" time="0.001"/>
  <system-out><![CDATA[]]></system-out>
  <system-err><![CDATA[]]></system-err>
</testsuite>
