<?xml version="1.0" encoding="UTF-8"?>
<testsuite name="org.springframework.beans.ExtendedBeanInfoFactoryTests" tests="6" skipped="0" failures="0" errors="0" timestamp="2023-03-20T07:37:29" hostname="DESKTOP-VGJP1PJ" time="0.271">
  <properties/>
  <testcase name="shouldNotSupportClassHavingNonPublicNonVoidReturningIndexedSetter()" classname="org.springframework.beans.ExtendedBeanInfoFactoryTests" time="0.017"/>
  <testcase name="shouldSupportClassHavingNonVoidReturningIndexedSetter()" classname="org.springframework.beans.ExtendedBeanInfoFactoryTests" time="0.008"/>
  <testcase name="shouldNotSupportClassHavingNonVoidReturningMethodNamedSet()" classname="org.springframework.beans.ExtendedBeanInfoFactoryTests" time="0.081"/>
  <testcase name="shouldSupportClassHavingNonVoidReturningSetter()" classname="org.springframework.beans.ExtendedBeanInfoFactoryTests" time="0.075"/>
  <testcase name="shouldNotSupportClassHavingNonVoidReturningParameterlessSetter()" classname="org.springframework.beans.ExtendedBeanInfoFactoryTests" time="0.005"/>
  <testcase name="shouldNotSupportClassHavingOnlyVoidReturningSetter()" classname="org.springframework.beans.ExtendedBeanInfoFactoryTests" time="0.081"/>
  <system-out><![CDATA[]]></system-out>
  <system-err><![CDATA[]]></system-err>
</testsuite>
