<?xml version="1.0" encoding="UTF-8"?>
<testsuite name="org.springframework.beans.BeanWrapperAutoGrowingTests" tests="15" skipped="0" failures="0" errors="0" timestamp="2023-03-20T07:37:24" hostname="DESKTOP-VGJP1PJ" time="0.071">
  <properties/>
  <testcase name="getPropertyValueAutoGrowArrayBySeveralElements()" classname="org.springframework.beans.BeanWrapperAutoGrowingTests" time="0.016"/>
  <testcase name="getPropertyValueAutoGrowListNotParameterized()" classname="org.springframework.beans.BeanWrapperAutoGrowingTests" time="0.004"/>
  <testcase name="getPropertyValueAutoGrowListBySeveralElements()" classname="org.springframework.beans.BeanWrapperAutoGrowingTests" time="0.001"/>
  <testcase name="setNestedPropertyValueAutoGrowMap()" classname="org.springframework.beans.BeanWrapperAutoGrowingTests" time="0.002"/>
  <testcase name="getPropertyValueAutoGrowListFailsAgainstLimit()" classname="org.springframework.beans.BeanWrapperAutoGrowingTests" time="0.024"/>
  <testcase name="getPropertyValueAutoGrowList()" classname="org.springframework.beans.BeanWrapperAutoGrowingTests" time="0.002"/>
  <testcase name="setPropertyValueAutoGrowArray()" classname="org.springframework.beans.BeanWrapperAutoGrowingTests" time="0.001"/>
  <testcase name="setPropertyValueNullValueInNestedPath()" classname="org.springframework.beans.BeanWrapperAutoGrowingTests" time="0.001"/>
  <testcase name="getPropertyValueAutoGrowArray()" classname="org.springframework.beans.BeanWrapperAutoGrowingTests" time="0.001"/>
  <testcase name="getPropertyValueAutoGrowMultiDimensionalArray()" classname="org.springframework.beans.BeanWrapperAutoGrowingTests" time="0.002"/>
  <testcase name="getPropertyValueNullValueInNestedPath()" classname="org.springframework.beans.BeanWrapperAutoGrowingTests" time="0.001"/>
  <testcase name="setPropertyValueAutoGrowList()" classname="org.springframework.beans.BeanWrapperAutoGrowingTests" time="0.001"/>
  <testcase name="getPropertyValueAutoGrowMultiDimensionalList()" classname="org.springframework.beans.BeanWrapperAutoGrowingTests" time="0.0"/>
  <testcase name="setPropertyValueAutoGrowMap()" classname="org.springframework.beans.BeanWrapperAutoGrowingTests" time="0.002"/>
  <testcase name="getPropertyValueNullValueInNestedPathNoDefaultConstructor()" classname="org.springframework.beans.BeanWrapperAutoGrowingTests" time="0.003"/>
  <system-out><![CDATA[]]></system-out>
  <system-err><![CDATA[]]></system-err>
</testsuite>
