<?xml version="1.0" encoding="UTF-8"?>
<testsuite name="org.springframework.beans.factory.ConcurrentBeanFactoryTests" tests="2" skipped="2" failures="0" errors="0" timestamp="2023-03-20T07:37:46" hostname="DESKTOP-VGJP1PJ" time="0.001">
  <properties/>
  <testcase name="testSingleThread()" classname="org.springframework.beans.factory.ConcurrentBeanFactoryTests" time="0.0">
    <skipped/>
  </testcase>
  <testcase name="testConcurrent()" classname="org.springframework.beans.factory.ConcurrentBeanFactoryTests" time="0.001">
    <skipped/>
  </testcase>
  <system-out><![CDATA[]]></system-out>
  <system-err><![CDATA[]]></system-err>
</testsuite>
