<?xml version="1.0" encoding="UTF-8"?>
<testsuite name="org.springframework.beans.factory.xml.DelegatingEntityResolverTests" tests="3" skipped="0" failures="0" errors="0" timestamp="2023-03-20T07:37:55" hostname="DESKTOP-VGJP1PJ" time="0.004">
  <properties/>
  <testcase name="testCtorWhereEntityResolversAreBothNull()" classname="org.springframework.beans.factory.xml.DelegatingEntityResolverTests" time="0.001"/>
  <testcase name="testCtorWhereDtdEntityResolverIsNull()" classname="org.springframework.beans.factory.xml.DelegatingEntityResolverTests" time="0.001"/>
  <testcase name="testCtorWhereSchemaEntityResolverIsNull()" classname="org.springframework.beans.factory.xml.DelegatingEntityResolverTests" time="0.001"/>
  <system-out><![CDATA[]]></system-out>
  <system-err><![CDATA[]]></system-err>
</testsuite>
