<?xml version="1.0" encoding="UTF-8"?>
<testsuite name="org.springframework.beans.factory.support.DefinitionMetadataEqualsHashCodeTests" tests="4" skipped="0" failures="0" errors="0" timestamp="2023-03-20T07:37:51" hostname="DESKTOP-VGJP1PJ" time="0.034">
  <properties/>
  <testcase name="childBeanDefinition()" classname="org.springframework.beans.factory.support.DefinitionMetadataEqualsHashCodeTests" time="0.001"/>
  <testcase name="runtimeBeanReference()" classname="org.springframework.beans.factory.support.DefinitionMetadataEqualsHashCodeTests" time="0.032"/>
  <testcase name="rootBeanDefinitionAndMethodOverridesWithDifferentOverloadedValues()" classname="org.springframework.beans.factory.support.DefinitionMetadataEqualsHashCodeTests" time="0.001"/>
  <testcase name="rootBeanDefinition()" classname="org.springframework.beans.factory.support.DefinitionMetadataEqualsHashCodeTests" time="0.0"/>
  <system-out><![CDATA[]]></system-out>
  <system-err><![CDATA[]]></system-err>
</testsuite>
