<?xml version="1.0" encoding="UTF-8"?>
<testsuite name="org.springframework.beans.factory.support.PropertiesBeanDefinitionReaderTests" tests="3" skipped="0" failures="0" errors="0" timestamp="2023-03-20T07:37:51" hostname="DESKTOP-VGJP1PJ" time="0.053">
  <properties/>
  <testcase name="withMultipleConstructorsArgs()" classname="org.springframework.beans.factory.support.PropertiesBeanDefinitionReaderTests" time="0.004"/>
  <testcase name="withSimpleConstructorArg()" classname="org.springframework.beans.factory.support.PropertiesBeanDefinitionReaderTests" time="0.042"/>
  <testcase name="withConstructorArgRef()" classname="org.springframework.beans.factory.support.PropertiesBeanDefinitionReaderTests" time="0.004"/>
  <system-out><![CDATA[]]></system-out>
  <system-err><![CDATA[]]></system-err>
</testsuite>
