<?xml version="1.0" encoding="UTF-8"?>
<testsuite name="org.springframework.beans.factory.Spr5475Tests" tests="4" skipped="0" failures="0" errors="0" timestamp="2023-03-20T07:37:50" hostname="DESKTOP-VGJP1PJ" time="0.003">
  <properties/>
  <testcase name="noArgFactoryMethodInvokedWithTwoArgs()" classname="org.springframework.beans.factory.Spr5475Tests" time="0.001"/>
  <testcase name="noArgFactoryMethodInvokedWithOneArg()" classname="org.springframework.beans.factory.Spr5475Tests" time="0.001"/>
  <testcase name="singleArgFactoryMethodInvokedWithNoArgs()" classname="org.springframework.beans.factory.Spr5475Tests" time="0.001"/>
  <testcase name="noArgFactoryMethodInvokedWithTwoArgsAndTypesSpecified()" classname="org.springframework.beans.factory.Spr5475Tests" time="0.0"/>
  <system-out><![CDATA[]]></system-out>
  <system-err><![CDATA[]]></system-err>
</testsuite>
