<?xml version="1.0" encoding="UTF-8"?>
<testsuite name="org.springframework.beans.factory.parsing.PropertyEntryTests" tests="3" skipped="0" failures="0" errors="0" timestamp="2023-03-20T07:37:50" hostname="DESKTOP-VGJP1PJ" time="0.002">
  <properties/>
  <testcase name="testCtorBailsOnEmptyPropertyNameArgument()" classname="org.springframework.beans.factory.parsing.PropertyEntryTests" time="0.0"/>
  <testcase name="testCtorBailsOnWhitespacedPropertyNameArgument()" classname="org.springframework.beans.factory.parsing.PropertyEntryTests" time="0.001"/>
  <testcase name="testCtorBailsOnNullPropertyNameArgument()" classname="org.springframework.beans.factory.parsing.PropertyEntryTests" time="0.001"/>
  <system-out><![CDATA[]]></system-out>
  <system-err><![CDATA[]]></system-err>
</testsuite>
