<?xml version="1.0" encoding="UTF-8"?>
<testsuite name="org.springframework.beans.factory.annotation.RequiredAnnotationBeanPostProcessorTests" tests="7" skipped="0" failures="0" errors="0" timestamp="2023-03-20T07:37:43" hostname="DESKTOP-VGJP1PJ" time="0.015">
  <properties/>
  <testcase name="testWithStaticFactoryMethod()" classname="org.springframework.beans.factory.annotation.RequiredAnnotationBeanPostProcessorTests" time="0.006"/>
  <testcase name="testWithThreeRequiredPropertiesOmitted()" classname="org.springframework.beans.factory.annotation.RequiredAnnotationBeanPostProcessorTests" time="0.001"/>
  <testcase name="testWithFactoryBean()" classname="org.springframework.beans.factory.annotation.RequiredAnnotationBeanPostProcessorTests" time="0.003"/>
  <testcase name="testWithCustomAnnotation()" classname="org.springframework.beans.factory.annotation.RequiredAnnotationBeanPostProcessorTests" time="0.001"/>
  <testcase name="testWithAllRequiredPropertiesSpecified()" classname="org.springframework.beans.factory.annotation.RequiredAnnotationBeanPostProcessorTests" time="0.001"/>
  <testcase name="testWithStaticFactoryMethodAndRequiredPropertiesSpecified()" classname="org.springframework.beans.factory.annotation.RequiredAnnotationBeanPostProcessorTests" time="0.001"/>
  <testcase name="testWithRequiredPropertyOmitted()" classname="org.springframework.beans.factory.annotation.RequiredAnnotationBeanPostProcessorTests" time="0.002"/>
  <system-out><![CDATA[]]></system-out>
  <system-err><![CDATA[]]></system-err>
</testsuite>
