<?xml version="1.0" encoding="UTF-8"?>
<testsuite name="org.springframework.test.context.testng.transaction.ejb.RollbackForRequiredEjbTxDaoTestNGTests" tests="3" skipped="0" failures="0" errors="0" timestamp="2023-03-20T08:10:52" hostname="DESKTOP-VGJP1PJ" time="0.016">
  <properties/>
  <testcase name="test1InitialState" classname="org.springframework.test.context.testng.transaction.ejb.RollbackForRequiredEjbTxDaoTestNGTests" time="0.002"/>
  <testcase name="test2IncrementCount1" classname="org.springframework.test.context.testng.transaction.ejb.RollbackForRequiredEjbTxDaoTestNGTests" time="0.002"/>
  <testcase name="test3IncrementCount2" classname="org.springframework.test.context.testng.transaction.ejb.RollbackForRequiredEjbTxDaoTestNGTests" time="0.002"/>
  <system-out><![CDATA[]]></system-out>
  <system-err><![CDATA[]]></system-err>
</testsuite>
