<?xml version="1.0" encoding="UTF-8"?>
<testsuite name="org.springframework.test.context.testng.ConcreteTransactionalTestNGSpringContextTests" tests="8" skipped="0" failures="0" errors="0" timestamp="2023-03-20T08:10:48" hostname="DESKTOP-VGJP1PJ" time="0.036">
  <properties/>
  <testcase name="modifyTestDataWithinTransaction" classname="org.springframework.test.context.testng.ConcreteTransactionalTestNGSpringContextTests" time="0.001"/>
  <testcase name="verifyAnnotationAutowiredFields" classname="org.springframework.test.context.testng.ConcreteTransactionalTestNGSpringContextTests" time="0.001"/>
  <testcase name="verifyAnnotationAutowiredMethods" classname="org.springframework.test.context.testng.ConcreteTransactionalTestNGSpringContextTests" time="0.0"/>
  <testcase name="verifyApplicationContextSet" classname="org.springframework.test.context.testng.ConcreteTransactionalTestNGSpringContextTests" time="0.001"/>
  <testcase name="verifyBeanInitialized" classname="org.springframework.test.context.testng.ConcreteTransactionalTestNGSpringContextTests" time="0.0"/>
  <testcase name="verifyBeanNameSet" classname="org.springframework.test.context.testng.ConcreteTransactionalTestNGSpringContextTests" time="0.0"/>
  <testcase name="verifyResourceAnnotationInjectedFields" classname="org.springframework.test.context.testng.ConcreteTransactionalTestNGSpringContextTests" time="0.0"/>
  <testcase name="verifyResourceAnnotationInjectedMethods" classname="org.springframework.test.context.testng.ConcreteTransactionalTestNGSpringContextTests" time="0.002"/>
  <system-out><![CDATA[]]></system-out>
  <system-err><![CDATA[]]></system-err>
</testsuite>
