<?xml version="1.0" encoding="UTF-8"?>
<testsuite name="org.springframework.test.context.junit.jupiter.defaultmethods.DogInterfaceDefaultMethodsTests" tests="2" skipped="0" failures="0" errors="0" timestamp="2023-03-20T08:09:43" hostname="DESKTOP-VGJP1PJ" time="0.012">
  <properties/>
  <testcase name="autowiredParameterWithGenericBean(Character)" classname="org.springframework.test.context.junit.jupiter.defaultmethods.DogInterfaceDefaultMethodsTests" time="0.007"/>
  <testcase name="autowiredParameterWithParameterizedList(List)" classname="org.springframework.test.context.junit.jupiter.defaultmethods.DogInterfaceDefaultMethodsTests" time="0.005"/>
  <system-out><![CDATA[]]></system-out>
  <system-err><![CDATA[]]></system-err>
</testsuite>
