<?xml version="1.0" encoding="UTF-8"?>
<testsuite name="org.springframework.mock.web.MockFilterChainTests" tests="7" skipped="0" failures="0" errors="0" timestamp="2023-03-20T08:09:30" hostname="DESKTOP-VGJP1PJ" time="0.944">
  <properties/>
  <testcase name="doFilterNullResponse()" classname="org.springframework.mock.web.MockFilterChainTests" time="0.022"/>
  <testcase name="constructorNullServlet()" classname="org.springframework.mock.web.MockFilterChainTests" time="0.003"/>
  <testcase name="constructorNullFilter()" classname="org.springframework.mock.web.MockFilterChainTests" time="0.872"/>
  <testcase name="doFilterNullRequest()" classname="org.springframework.mock.web.MockFilterChainTests" time="0.001"/>
  <testcase name="doFilterWithServlet()" classname="org.springframework.mock.web.MockFilterChainTests" time="0.036"/>
  <testcase name="doFilterEmptyChain()" classname="org.springframework.mock.web.MockFilterChainTests" time="0.001"/>
  <testcase name="doFilterWithServletAndFilters()" classname="org.springframework.mock.web.MockFilterChainTests" time="0.002"/>
  <system-out><![CDATA[]]></system-out>
  <system-err><![CDATA[]]></system-err>
</testsuite>
