<?xml version="1.0" encoding="UTF-8"?>
<testsuite name="org.springframework.test.context.jdbc.TransactionalAfterTestMethodSqlScriptsTests" tests="2" skipped="0" failures="0" errors="0" timestamp="2023-03-20T08:09:43" hostname="DESKTOP-VGJP1PJ" time="0.098">
  <properties/>
  <testcase name="test01()" classname="org.springframework.test.context.jdbc.TransactionalAfterTestMethodSqlScriptsTests" time="0.093"/>
  <testcase name="test02()" classname="org.springframework.test.context.jdbc.TransactionalAfterTestMethodSqlScriptsTests" time="0.005"/>
  <system-out><![CDATA[]]></system-out>
  <system-err><![CDATA[]]></system-err>
</testsuite>
