<?xml version="1.0" encoding="UTF-8"?>
<testsuite name="org.springframework.test.web.reactive.server.WebTestClientExtensionsTests" tests="9" skipped="0" failures="0" errors="0" timestamp="2023-03-20T08:10:20" hostname="DESKTOP-VGJP1PJ" time="3.443">
  <properties/>
  <testcase name="ResponseSpec#expectBody with reified type parameters()" classname="org.springframework.test.web.reactive.server.WebTestClientExtensionsTests" time="1.901"/>
  <testcase name="RequestBodySpec#body with CompletableFuture and reified type parameters()" classname="org.springframework.test.web.reactive.server.WebTestClientExtensionsTests" time="1.012"/>
  <testcase name="ResponseSpec#expectBodyList with reified type parameters()" classname="org.springframework.test.web.reactive.server.WebTestClientExtensionsTests" time="0.096"/>
  <testcase name="KotlinBodySpec#isEqualTo()" classname="org.springframework.test.web.reactive.server.WebTestClientExtensionsTests" time="0.075"/>
  <testcase name="RequestBodySpec#body with Publisher and reified type parameters()" classname="org.springframework.test.web.reactive.server.WebTestClientExtensionsTests" time="0.081"/>
  <testcase name="ResponseSpec#returnResult with reified type parameters()" classname="org.springframework.test.web.reactive.server.WebTestClientExtensionsTests" time="0.058"/>
  <testcase name="RequestBodySpec#body with Flow and reified type parameters()" classname="org.springframework.test.web.reactive.server.WebTestClientExtensionsTests" time="0.135"/>
  <testcase name="KotlinBodySpec#consumeWith()" classname="org.springframework.test.web.reactive.server.WebTestClientExtensionsTests" time="0.043"/>
  <testcase name="KotlinBodySpec#returnResult()" classname="org.springframework.test.web.reactive.server.WebTestClientExtensionsTests" time="0.022"/>
  <system-out><![CDATA[]]></system-out>
  <system-err><![CDATA[]]></system-err>
</testsuite>
