<?xml version="1.0" encoding="UTF-8"?>
<testsuite name="org.springframework.test.context.junit4.rules.ParameterizedSpringRuleTests" tests="2" skipped="0" failures="0" errors="0" timestamp="2023-03-20T08:10:36" hostname="DESKTOP-VGJP1PJ" time="0.021">
  <properties/>
  <testcase name="verifyPetAndEmployee[bean [employee1], employee [John Smith]]" classname="org.springframework.test.context.junit4.rules.ParameterizedSpringRuleTests" time="0.02"/>
  <testcase name="verifyPetAndEmployee[bean [employee2], employee [Jane Smith]]" classname="org.springframework.test.context.junit4.rules.ParameterizedSpringRuleTests" time="0.001"/>
  <system-out><![CDATA[]]></system-out>
  <system-err><![CDATA[]]></system-err>
</testsuite>
