<?xml version="1.0" encoding="UTF-8"?>
<testsuite name="org.springframework.test.context.junit.jupiter.TestConstructorIntegrationTests" tests="3" skipped="0" failures="0" errors="0" timestamp="2023-03-20T08:09:51" hostname="DESKTOP-VGJP1PJ" time="0.039">
  <properties/>
  <testcase name="autowireModeNotSetToAll()" classname="org.springframework.test.context.junit.jupiter.TestConstructorIntegrationTests" time="0.011"/>
  <testcase name="autowireModeSetToAllViaSpringProperties()" classname="org.springframework.test.context.junit.jupiter.TestConstructorIntegrationTests" time="0.016"/>
  <testcase name="autowireModeSetToAllViaJUnitPlatformConfigurationParameter()" classname="org.springframework.test.context.junit.jupiter.TestConstructorIntegrationTests" time="0.012"/>
  <system-out><![CDATA[]]></system-out>
  <system-err><![CDATA[]]></system-err>
</testsuite>
