<?xml version="1.0" encoding="UTF-8"?>
<testsuite name="org.springframework.test.context.hierarchies.web.RootWacEarTests" tests="2" skipped="1" failures="0" errors="0" timestamp="2023-03-20T08:09:41" hostname="DESKTOP-VGJP1PJ" time="0.001">
  <properties/>
  <testcase name="verifyRootWacConfig()" classname="org.springframework.test.context.hierarchies.web.RootWacEarTests" time="0.0"/>
  <testcase name="verifyEarConfig()" classname="org.springframework.test.context.hierarchies.web.RootWacEarTests" time="0.0">
    <skipped/>
  </testcase>
  <system-out><![CDATA[]]></system-out>
  <system-err><![CDATA[]]></system-err>
</testsuite>
