<?xml version="1.0" encoding="UTF-8"?>
<testsuite name="org.springframework.mock.http.server.reactive.MockServerHttpResponseTests" tests="1" skipped="0" failures="0" errors="0" timestamp="2023-03-20T08:09:30" hostname="DESKTOP-VGJP1PJ" time="0.137">
  <properties/>
  <testcase name="cookieHeaderSet()" classname="org.springframework.mock.http.server.reactive.MockServerHttpResponseTests" time="0.137"/>
  <system-out><![CDATA[]]></system-out>
  <system-err><![CDATA[]]></system-err>
</testsuite>
