<?xml version="1.0" encoding="UTF-8"?>
<testsuite name="org.springframework.test.context.junit4.MethodLevelTransactionalSpringRunnerTests" tests="2" skipped="0" failures="0" errors="0" timestamp="2023-03-20T08:10:26" hostname="DESKTOP-VGJP1PJ" time="0.012">
  <properties/>
  <testcase name="modifyTestDataWithinTransaction" classname="org.springframework.test.context.junit4.MethodLevelTransactionalSpringRunnerTests" time="0.008"/>
  <testcase name="modifyTestDataWithoutTransaction" classname="org.springframework.test.context.junit4.MethodLevelTransactionalSpringRunnerTests" time="0.004"/>
  <system-out><![CDATA[]]></system-out>
  <system-err><![CDATA[]]></system-err>
</testsuite>
