<?xml version="1.0" encoding="UTF-8"?>
<testsuite name="org.springframework.test.web.servlet.samples.spr.CustomRequestAttributesRequestContextHolderTests" tests="1" skipped="0" failures="0" errors="0" timestamp="2023-03-20T08:10:11" hostname="DESKTOP-VGJP1PJ" time="0.047">
  <properties/>
  <testcase name="singletonController()" classname="org.springframework.test.web.servlet.samples.spr.CustomRequestAttributesRequestContextHolderTests" time="0.047"/>
  <system-out><![CDATA[]]></system-out>
  <system-err><![CDATA[]]></system-err>
</testsuite>
