<?xml version="1.0" encoding="UTF-8"?>
<testsuite name="org.springframework.test.context.env.MergedPropertiesFilesOverriddenByInlinedPropertiesTestPropertySourceTests" tests="2" skipped="0" failures="0" errors="0" timestamp="2023-03-20T08:09:37" hostname="DESKTOP-VGJP1PJ" time="0.004">
  <properties/>
  <testcase name="verifyPropertiesAreAvailableInEnvironment()" classname="org.springframework.test.context.env.MergedPropertiesFilesOverriddenByInlinedPropertiesTestPropertySourceTests" time="0.002"/>
  <testcase name="verifyExtendedPropertiesAreAvailableInEnvironment()" classname="org.springframework.test.context.env.MergedPropertiesFilesOverriddenByInlinedPropertiesTestPropertySourceTests" time="0.001"/>
  <system-out><![CDATA[]]></system-out>
  <system-err><![CDATA[]]></system-err>
</testsuite>
