<?xml version="1.0" encoding="UTF-8"?>
<testsuite name="org.springframework.test.context.cache.ContextCacheTests" tests="9" skipped="0" failures="0" errors="0" timestamp="2023-03-20T08:09:35" hostname="DESKTOP-VGJP1PJ" time="0.278">
  <properties/>
  <testcase name="removeContextHierarchyCacheLevel3Then2()" classname="org.springframework.test.context.cache.ContextCacheTests" time="0.07"/>
  <testcase name="verifyCacheKeyIsBasedOnActiveProfiles()" classname="org.springframework.test.context.cache.ContextCacheTests" time="0.017"/>
  <testcase name="removeContextHierarchyCacheLevel1WithExhaustiveMode()" classname="org.springframework.test.context.cache.ContextCacheTests" time="0.033"/>
  <testcase name="removeContextHierarchyCacheLevel3Then2WithExhaustiveMode()" classname="org.springframework.test.context.cache.ContextCacheTests" time="0.025"/>
  <testcase name="removeContextHierarchyCacheLevel1()" classname="org.springframework.test.context.cache.ContextCacheTests" time="0.033"/>
  <testcase name="removeContextHierarchyCacheLevel2()" classname="org.springframework.test.context.cache.ContextCacheTests" time="0.025"/>
  <testcase name="verifyCacheKeyIsBasedOnContextLoader()" classname="org.springframework.test.context.cache.ContextCacheTests" time="0.009"/>
  <testcase name="removeContextHierarchyCacheLevel2WithExhaustiveMode()" classname="org.springframework.test.context.cache.ContextCacheTests" time="0.021"/>
  <testcase name="verifyCacheBehaviorForContextHierarchies()" classname="org.springframework.test.context.cache.ContextCacheTests" time="0.04"/>
  <system-out><![CDATA[03:09:35.357 [Test worker] DEBUG o.s.t.u.ReflectionTestUtils - Getting field 'mergedContextConfiguration' from target object [[DefaultTestContext@45b999ac testClass = ContextCacheTests.ClassHierarchyContextHierarchyLevel3aTestCase, testInstance = [null], testMethod = [null], testException = [null], mergedContextConfiguration = [MergedContextConfiguration@6b9e092f testClass = ContextCacheTests.ClassHierarchyContextHierarchyLevel3aTestCase, locations = '{}', classes = '{class org.springframework.test.context.cache.ContextCacheTests$ClassHierarchyContextHierarchyLevel3aTestCase$Level3aConfig}', contextInitializerClasses = '[]', activeProfiles = '{}', propertySourceLocations = '{}', propertySourceProperties = '{}', contextCustomizers = set[[empty]], contextLoader = 'org.springframework.test.context.support.DelegatingSmartContextLoader', parent = [MergedContextConfiguration@670e4fca testClass = ContextCacheTests.ClassHierarchyContextHierarchyLevel2TestCase, locations = '{}', classes = '{class org.springframework.test.context.cache.ContextCacheTests$ClassHierarchyContextHierarchyLevel2TestCase$Level2Config}', contextInitializerClasses = '[]', activeProfiles = '{}', propertySourceLocations = '{}', propertySourceProperties = '{}', contextCustomizers = set[[empty]], contextLoader = 'org.springframework.test.context.support.DelegatingSmartContextLoader', parent = [MergedContextConfiguration@3bea549b testClass = ContextCacheTests.ClassHierarchyContextHierarchyLevel1TestCase, locations = '{}', classes = '{class org.springframework.test.context.cache.ContextCacheTests$ClassHierarchyContextHierarchyLevel1TestCase$Level1Config}', contextInitializerClasses = '[]', activeProfiles = '{}', propertySourceLocations = '{}', propertySourceProperties = '{}', contextCustomizers = set[[empty]], contextLoader = 'org.springframework.test.context.support.DelegatingSmartContextLoader', parent = [null]]]], attributes = map[[empty]]]] or target class [class org.springframework.test.context.support.DefaultTestContext]
03:09:35.375 [Test worker] DEBUG o.s.t.u.ReflectionTestUtils - Getting field 'mergedContextConfiguration' from target object [[DefaultTestContext@3a251fc6 testClass = ContextCacheTests.ClassHierarchyContextHierarchyLevel3bTestCase, testInstance = [null], testMethod = [null], testException = [null], mergedContextConfiguration = [MergedContextConfiguration@7bcb2441 testClass = ContextCacheTests.ClassHierarchyContextHierarchyLevel3bTestCase, locations = '{}', classes = '{class org.springframework.test.context.cache.ContextCacheTests$ClassHierarchyContextHierarchyLevel3bTestCase$Level3bConfig}', contextInitializerClasses = '[]', activeProfiles = '{}', propertySourceLocations = '{}', propertySourceProperties = '{}', contextCustomizers = set[[empty]], contextLoader = 'org.springframework.test.context.support.DelegatingSmartContextLoader', parent = [MergedContextConfiguration@6a2f5206 testClass = ContextCacheTests.ClassHierarchyContextHierarchyLevel2TestCase, locations = '{}', classes = '{class org.springframework.test.context.cache.ContextCacheTests$ClassHierarchyContextHierarchyLevel2TestCase$Level2Config}', contextInitializerClasses = '[]', activeProfiles = '{}', propertySourceLocations = '{}', propertySourceProperties = '{}', contextCustomizers = set[[empty]], contextLoader = 'org.springframework.test.context.support.DelegatingSmartContextLoader', parent = [MergedContextConfiguration@5e6060fe testClass = ContextCacheTests.ClassHierarchyContextHierarchyLevel1TestCase, locations = '{}', classes = '{class org.springframework.test.context.cache.ContextCacheTests$ClassHierarchyContextHierarchyLevel1TestCase$Level1Config}', contextInitializerClasses = '[]', activeProfiles = '{}', propertySourceLocations = '{}', propertySourceProperties = '{}', contextCustomizers = set[[empty]], contextLoader = 'org.springframework.test.context.support.DelegatingSmartContextLoader', parent = [null]]]], attributes = map[[empty]]]] or target class [class org.springframework.test.context.support.DefaultTestContext]
03:09:35.420 [Test worker] DEBUG o.s.t.u.ReflectionTestUtils - Getting field 'mergedContextConfiguration' from target object [[DefaultTestContext@69f50a2b testClass = ContextCacheTests.ClassHierarchyContextHierarchyLevel3aTestCase, testInstance = [null], testMethod = [null], testException = [null], mergedContextConfiguration = [MergedContextConfiguration@70fc5461 testClass = ContextCacheTests.ClassHierarchyContextHierarchyLevel3aTestCase, locations = '{}', classes = '{class org.springframework.test.context.cache.ContextCacheTests$ClassHierarchyContextHierarchyLevel3aTestCase$Level3aConfig}', contextInitializerClasses = '[]', activeProfiles = '{}', propertySourceLocations = '{}', propertySourceProperties = '{}', contextCustomizers = set[[empty]], contextLoader = 'org.springframework.test.context.support.DelegatingSmartContextLoader', parent = [MergedContextConfiguration@43f0b962 testClass = ContextCacheTests.ClassHierarchyContextHierarchyLevel2TestCase, locations = '{}', classes = '{class org.springframework.test.context.cache.ContextCacheTests$ClassHierarchyContextHierarchyLevel2TestCase$Level2Config}', contextInitializerClasses = '[]', activeProfiles = '{}', propertySourceLocations = '{}', propertySourceProperties = '{}', contextCustomizers = set[[empty]], contextLoader = 'org.springframework.test.context.support.DelegatingSmartContextLoader', parent = [MergedContextConfiguration@3b6ea274 testClass = ContextCacheTests.ClassHierarchyContextHierarchyLevel1TestCase, locations = '{}', classes = '{class org.springframework.test.context.cache.ContextCacheTests$ClassHierarchyContextHierarchyLevel1TestCase$Level1Config}', contextInitializerClasses = '[]', activeProfiles = '{}', propertySourceLocations = '{}', propertySourceProperties = '{}', contextCustomizers = set[[empty]], contextLoader = 'org.springframework.test.context.support.DelegatingSmartContextLoader', parent = [null]]]], attributes = map[[empty]]]] or target class [class org.springframework.test.context.support.DefaultTestContext]
03:09:35.452 [Test worker] DEBUG o.s.t.u.ReflectionTestUtils - Getting field 'mergedContextConfiguration' from target object [[DefaultTestContext@3a2e5190 testClass = ContextCacheTests.ClassHierarchyContextHierarchyLevel3aTestCase, testInstance = [null], testMethod = [null], testException = [null], mergedContextConfiguration = [MergedContextConfiguration@1b8a530 testClass = ContextCacheTests.ClassHierarchyContextHierarchyLevel3aTestCase, locations = '{}', classes = '{class org.springframework.test.context.cache.ContextCacheTests$ClassHierarchyContextHierarchyLevel3aTestCase$Level3aConfig}', contextInitializerClasses = '[]', activeProfiles = '{}', propertySourceLocations = '{}', propertySourceProperties = '{}', contextCustomizers = set[[empty]], contextLoader = 'org.springframework.test.context.support.DelegatingSmartContextLoader', parent = [MergedContextConfiguration@1d5f3cbb testClass = ContextCacheTests.ClassHierarchyContextHierarchyLevel2TestCase, locations = '{}', classes = '{class org.springframework.test.context.cache.ContextCacheTests$ClassHierarchyContextHierarchyLevel2TestCase$Level2Config}', contextInitializerClasses = '[]', activeProfiles = '{}', propertySourceLocations = '{}', propertySourceProperties = '{}', contextCustomizers = set[[empty]], contextLoader = 'org.springframework.test.context.support.DelegatingSmartContextLoader', parent = [MergedContextConfiguration@5e1b3e96 testClass = ContextCacheTests.ClassHierarchyContextHierarchyLevel1TestCase, locations = '{}', classes = '{class org.springframework.test.context.cache.ContextCacheTests$ClassHierarchyContextHierarchyLevel1TestCase$Level1Config}', contextInitializerClasses = '[]', activeProfiles = '{}', propertySourceLocations = '{}', propertySourceProperties = '{}', contextCustomizers = set[[empty]], contextLoader = 'org.springframework.test.context.support.DelegatingSmartContextLoader', parent = [null]]]], attributes = map[[empty]]]] or target class [class org.springframework.test.context.support.DefaultTestContext]
03:09:35.453 [Test worker] DEBUG o.s.t.u.ReflectionTestUtils - Getting field 'mergedContextConfiguration' from target object [[DefaultTestContext@16715614 testClass = ContextCacheTests.ClassHierarchyContextHierarchyLevel3bTestCase, testInstance = [null], testMethod = [null], testException = [null], mergedContextConfiguration = [MergedContextConfiguration@5224e0cf testClass = ContextCacheTests.ClassHierarchyContextHierarchyLevel3bTestCase, locations = '{}', classes = '{class org.springframework.test.context.cache.ContextCacheTests$ClassHierarchyContextHierarchyLevel3bTestCase$Level3bConfig}', contextInitializerClasses = '[]', activeProfiles = '{}', propertySourceLocations = '{}', propertySourceProperties = '{}', contextCustomizers = set[[empty]], contextLoader = 'org.springframework.test.context.support.DelegatingSmartContextLoader', parent = [MergedContextConfiguration@367aa4d4 testClass = ContextCacheTests.ClassHierarchyContextHierarchyLevel2TestCase, locations = '{}', classes = '{class org.springframework.test.context.cache.ContextCacheTests$ClassHierarchyContextHierarchyLevel2TestCase$Level2Config}', contextInitializerClasses = '[]', activeProfiles = '{}', propertySourceLocations = '{}', propertySourceProperties = '{}', contextCustomizers = set[[empty]], contextLoader = 'org.springframework.test.context.support.DelegatingSmartContextLoader', parent = [MergedContextConfiguration@3192c303 testClass = ContextCacheTests.ClassHierarchyContextHierarchyLevel1TestCase, locations = '{}', classes = '{class org.springframework.test.context.cache.ContextCacheTests$ClassHierarchyContextHierarchyLevel1TestCase$Level1Config}', contextInitializerClasses = '[]', activeProfiles = '{}', propertySourceLocations = '{}', propertySourceProperties = '{}', contextCustomizers = set[[empty]], contextLoader = 'org.springframework.test.context.support.DelegatingSmartContextLoader', parent = [null]]]], attributes = map[[empty]]]] or target class [class org.springframework.test.context.support.DefaultTestContext]
03:09:35.487 [Test worker] DEBUG o.s.t.u.ReflectionTestUtils - Getting field 'mergedContextConfiguration' from target object [[DefaultTestContext@6de6dffe testClass = ContextCacheTests.ClassHierarchyContextHierarchyLevel3aTestCase, testInstance = [null], testMethod = [null], testException = [null], mergedContextConfiguration = [MergedContextConfiguration@766363be testClass = ContextCacheTests.ClassHierarchyContextHierarchyLevel3aTestCase, locations = '{}', classes = '{class org.springframework.test.context.cache.ContextCacheTests$ClassHierarchyContextHierarchyLevel3aTestCase$Level3aConfig}', contextInitializerClasses = '[]', activeProfiles = '{}', propertySourceLocations = '{}', propertySourceProperties = '{}', contextCustomizers = set[[empty]], contextLoader = 'org.springframework.test.context.support.DelegatingSmartContextLoader', parent = [MergedContextConfiguration@504c0669 testClass = ContextCacheTests.ClassHierarchyContextHierarchyLevel2TestCase, locations = '{}', classes = '{class org.springframework.test.context.cache.ContextCacheTests$ClassHierarchyContextHierarchyLevel2TestCase$Level2Config}', contextInitializerClasses = '[]', activeProfiles = '{}', propertySourceLocations = '{}', propertySourceProperties = '{}', contextCustomizers = set[[empty]], contextLoader = 'org.springframework.test.context.support.DelegatingSmartContextLoader', parent = [MergedContextConfiguration@64dd69a4 testClass = ContextCacheTests.ClassHierarchyContextHierarchyLevel1TestCase, locations = '{}', classes = '{class org.springframework.test.context.cache.ContextCacheTests$ClassHierarchyContextHierarchyLevel1TestCase$Level1Config}', contextInitializerClasses = '[]', activeProfiles = '{}', propertySourceLocations = '{}', propertySourceProperties = '{}', contextCustomizers = set[[empty]], contextLoader = 'org.springframework.test.context.support.DelegatingSmartContextLoader', parent = [null]]]], attributes = map[[empty]]]] or target class [class org.springframework.test.context.support.DefaultTestContext]
03:09:35.512 [Test worker] DEBUG o.s.t.u.ReflectionTestUtils - Getting field 'mergedContextConfiguration' from target object [[DefaultTestContext@12161dd1 testClass = ContextCacheTests.ClassHierarchyContextHierarchyLevel3aTestCase, testInstance = [null], testMethod = [null], testException = [null], mergedContextConfiguration = [MergedContextConfiguration@52e7be9f testClass = ContextCacheTests.ClassHierarchyContextHierarchyLevel3aTestCase, locations = '{}', classes = '{class org.springframework.test.context.cache.ContextCacheTests$ClassHierarchyContextHierarchyLevel3aTestCase$Level3aConfig}', contextInitializerClasses = '[]', activeProfiles = '{}', propertySourceLocations = '{}', propertySourceProperties = '{}', contextCustomizers = set[[empty]], contextLoader = 'org.springframework.test.context.support.DelegatingSmartContextLoader', parent = [MergedContextConfiguration@77857334 testClass = ContextCacheTests.ClassHierarchyContextHierarchyLevel2TestCase, locations = '{}', classes = '{class org.springframework.test.context.cache.ContextCacheTests$ClassHierarchyContextHierarchyLevel2TestCase$Level2Config}', contextInitializerClasses = '[]', activeProfiles = '{}', propertySourceLocations = '{}', propertySourceProperties = '{}', contextCustomizers = set[[empty]], contextLoader = 'org.springframework.test.context.support.DelegatingSmartContextLoader', parent = [MergedContextConfiguration@73dd9601 testClass = ContextCacheTests.ClassHierarchyContextHierarchyLevel1TestCase, locations = '{}', classes = '{class org.springframework.test.context.cache.ContextCacheTests$ClassHierarchyContextHierarchyLevel1TestCase$Level1Config}', contextInitializerClasses = '[]', activeProfiles = '{}', propertySourceLocations = '{}', propertySourceProperties = '{}', contextCustomizers = set[[empty]], contextLoader = 'org.springframework.test.context.support.DelegatingSmartContextLoader', parent = [null]]]], attributes = map[[empty]]]] or target class [class org.springframework.test.context.support.DefaultTestContext]
03:09:35.542 [Test worker] DEBUG o.s.t.u.ReflectionTestUtils - Getting field 'mergedContextConfiguration' from target object [[DefaultTestContext@2463fcb5 testClass = ContextCacheTests.ClassHierarchyContextHierarchyLevel3aTestCase, testInstance = [null], testMethod = [null], testException = [null], mergedContextConfiguration = [MergedContextConfiguration@5b6ba29 testClass = ContextCacheTests.ClassHierarchyContextHierarchyLevel3aTestCase, locations = '{}', classes = '{class org.springframework.test.context.cache.ContextCacheTests$ClassHierarchyContextHierarchyLevel3aTestCase$Level3aConfig}', contextInitializerClasses = '[]', activeProfiles = '{}', propertySourceLocations = '{}', propertySourceProperties = '{}', contextCustomizers = set[[empty]], contextLoader = 'org.springframework.test.context.support.DelegatingSmartContextLoader', parent = [MergedContextConfiguration@9af6689 testClass = ContextCacheTests.ClassHierarchyContextHierarchyLevel2TestCase, locations = '{}', classes = '{class org.springframework.test.context.cache.ContextCacheTests$ClassHierarchyContextHierarchyLevel2TestCase$Level2Config}', contextInitializerClasses = '[]', activeProfiles = '{}', propertySourceLocations = '{}', propertySourceProperties = '{}', contextCustomizers = set[[empty]], contextLoader = 'org.springframework.test.context.support.DelegatingSmartContextLoader', parent = [MergedContextConfiguration@1837a745 testClass = ContextCacheTests.ClassHierarchyContextHierarchyLevel1TestCase, locations = '{}', classes = '{class org.springframework.test.context.cache.ContextCacheTests$ClassHierarchyContextHierarchyLevel1TestCase$Level1Config}', contextInitializerClasses = '[]', activeProfiles = '{}', propertySourceLocations = '{}', propertySourceProperties = '{}', contextCustomizers = set[[empty]], contextLoader = 'org.springframework.test.context.support.DelegatingSmartContextLoader', parent = [null]]]], attributes = map[[empty]]]] or target class [class org.springframework.test.context.support.DefaultTestContext]
]]></system-out>
  <system-err><![CDATA[]]></system-err>
</testsuite>
