<?xml version="1.0" encoding="UTF-8"?>
<testsuite name="org.springframework.test.context.hierarchies.web.ControllerIntegrationTests" tests="1" skipped="0" failures="0" errors="0" timestamp="2023-03-20T08:09:41" hostname="DESKTOP-VGJP1PJ" time="0.001">
  <properties/>
  <testcase name="verifyRootWacSupport()" classname="org.springframework.test.context.hierarchies.web.ControllerIntegrationTests" time="0.001"/>
  <system-out><![CDATA[]]></system-out>
  <system-err><![CDATA[]]></system-err>
</testsuite>
