<?xml version="1.0" encoding="UTF-8"?>
<testsuite name="org.springframework.test.web.servlet.samples.context.WebAppResourceTests" tests="3" skipped="0" failures="0" errors="0" timestamp="2023-03-20T08:10:11" hostname="DESKTOP-VGJP1PJ" time="0.05">
  <properties/>
  <testcase name="resourcesViaDefaultServlet()" classname="org.springframework.test.web.servlet.samples.context.WebAppResourceTests" time="0.006"/>
  <testcase name="tilesDefinitions()" classname="org.springframework.test.web.servlet.samples.context.WebAppResourceTests" time="0.01"/>
  <testcase name="resourceRequest()" classname="org.springframework.test.web.servlet.samples.context.WebAppResourceTests" time="0.032"/>
  <system-out><![CDATA[]]></system-out>
  <system-err><![CDATA[]]></system-err>
</testsuite>
