<?xml version="1.0" encoding="UTF-8"?>
<testsuite name="org.springframework.test.web.reactive.server.samples.ErrorTests" tests="3" skipped="0" failures="0" errors="0" timestamp="2023-03-20T08:10:04" hostname="DESKTOP-VGJP1PJ" time="0.126">
  <properties/>
  <testcase name="serverException()" classname="org.springframework.test.web.reactive.server.samples.ErrorTests" time="0.027"/>
  <testcase name="badRequestBeforeRequestBodyConsumed()" classname="org.springframework.test.web.reactive.server.samples.ErrorTests" time="0.015"/>
  <testcase name="notFound()" classname="org.springframework.test.web.reactive.server.samples.ErrorTests" time="0.003"/>
  <system-out><![CDATA[03:10:04.949 [parallel-1] ERROR o.s.w.s.a.HttpWebHandlerAdapter - [580fa66c] 500 Server Error for HTTP GET "/server-error"
java.lang.IllegalStateException: server error
	at org.springframework.test.web.reactive.server.samples.ErrorTests$TestController.handleAndThrowException(ErrorTests.java:82) ~[test/:?]
	Suppressed: reactor.core.publisher.FluxOnAssembly$OnAssemblyException: 
Error has been observed at the following site(s):
	|_ checkpoint ? HTTP GET "/server-error" [ExceptionHandlingWebHandler]
Stack trace:
		at org.springframework.test.web.reactive.server.samples.ErrorTests$TestController.handleAndThrowException(ErrorTests.java:82) ~[test/:?]
		at sun.reflect.NativeMethodAccessorImpl.invoke0(Native Method) ~[?:1.8.0_261]
		at sun.reflect.NativeMethodAccessorImpl.invoke(NativeMethodAccessorImpl.java:62) ~[?:1.8.0_261]
		at sun.reflect.DelegatingMethodAccessorImpl.invoke(DelegatingMethodAccessorImpl.java:43) ~[?:1.8.0_261]
		at java.lang.reflect.Method.invoke(Method.java:498) ~[?:1.8.0_261]
		at org.springframework.web.reactive.result.method.InvocableHandlerMethod.lambda$invoke$0(InvocableHandlerMethod.java:147) ~[spring-webflux-5.3.0-M2.jar:5.3.0-M2]
		at reactor.core.publisher.FluxFlatMap.trySubscribeScalarMap(FluxFlatMap.java:151) ~[reactor-core-3.4.0-M2.jar:?]
		at reactor.core.publisher.MonoFlatMap.subscribeOrReturn(MonoFlatMap.java:53) ~[reactor-core-3.4.0-M2.jar:?]
		at reactor.core.publisher.InternalMonoOperator.subscribe(InternalMonoOperator.java:57) ~[reactor-core-3.4.0-M2.jar:?]
		at reactor.core.publisher.MonoDefer.subscribe(MonoDefer.java:52) ~[reactor-core-3.4.0-M2.jar:?]
		at reactor.core.publisher.MonoIgnoreThen$ThenIgnoreMain.drain(MonoIgnoreThen.java:154) ~[reactor-core-3.4.0-M2.jar:?]
		at reactor.core.publisher.MonoIgnoreThen.subscribe(MonoIgnoreThen.java:56) ~[reactor-core-3.4.0-M2.jar:?]
		at reactor.core.publisher.InternalMonoOperator.subscribe(InternalMonoOperator.java:64) ~[reactor-core-3.4.0-M2.jar:?]
		at reactor.core.publisher.MonoFlatMap$FlatMapMain.onNext(MonoFlatMap.java:157) ~[reactor-core-3.4.0-M2.jar:?]
		at reactor.core.publisher.FluxSwitchIfEmpty$SwitchIfEmptySubscriber.onNext(FluxSwitchIfEmpty.java:73) ~[reactor-core-3.4.0-M2.jar:?]
		at reactor.core.publisher.MonoNext$NextSubscriber.onNext(MonoNext.java:82) ~[reactor-core-3.4.0-M2.jar:?]
		at reactor.core.publisher.FluxConcatMap$ConcatMapImmediate.innerNext(FluxConcatMap.java:281) ~[reactor-core-3.4.0-M2.jar:?]
		at reactor.core.publisher.FluxConcatMap$ConcatMapInner.onNext(FluxConcatMap.java:860) ~[reactor-core-3.4.0-M2.jar:?]
		at reactor.core.publisher.FluxMapFuseable$MapFuseableSubscriber.onNext(FluxMapFuseable.java:127) ~[reactor-core-3.4.0-M2.jar:?]
		at reactor.core.publisher.MonoPeekTerminal$MonoTerminalPeekSubscriber.onNext(MonoPeekTerminal.java:180) ~[reactor-core-3.4.0-M2.jar:?]
		at reactor.core.publisher.Operators$ScalarSubscription.request(Operators.java:2344) ~[reactor-core-3.4.0-M2.jar:?]
		at reactor.core.publisher.MonoPeekTerminal$MonoTerminalPeekSubscriber.request(MonoPeekTerminal.java:139) ~[reactor-core-3.4.0-M2.jar:?]
		at reactor.core.publisher.FluxMapFuseable$MapFuseableSubscriber.request(FluxMapFuseable.java:169) ~[reactor-core-3.4.0-M2.jar:?]
		at reactor.core.publisher.Operators$MultiSubscriptionSubscriber.set(Operators.java:2152) ~[reactor-core-3.4.0-M2.jar:?]
		at reactor.core.publisher.Operators$MultiSubscriptionSubscriber.onSubscribe(Operators.java:2026) ~[reactor-core-3.4.0-M2.jar:?]
		at reactor.core.publisher.FluxMapFuseable$MapFuseableSubscriber.onSubscribe(FluxMapFuseable.java:96) ~[reactor-core-3.4.0-M2.jar:?]
		at reactor.core.publisher.MonoPeekTerminal$MonoTerminalPeekSubscriber.onSubscribe(MonoPeekTerminal.java:152) ~[reactor-core-3.4.0-M2.jar:?]
		at reactor.core.publisher.MonoJust.subscribe(MonoJust.java:54) ~[reactor-core-3.4.0-M2.jar:?]
		at reactor.core.publisher.Mono.subscribe(Mono.java:3892) ~[reactor-core-3.4.0-M2.jar:?]
		at reactor.core.publisher.FluxConcatMap$ConcatMapImmediate.drain(FluxConcatMap.java:448) ~[reactor-core-3.4.0-M2.jar:?]
		at reactor.core.publisher.FluxConcatMap$ConcatMapImmediate.onSubscribe(FluxConcatMap.java:218) ~[reactor-core-3.4.0-M2.jar:?]
		at reactor.core.publisher.FluxIterable.subscribe(FluxIterable.java:164) ~[reactor-core-3.4.0-M2.jar:?]
		at reactor.core.publisher.FluxIterable.subscribe(FluxIterable.java:86) ~[reactor-core-3.4.0-M2.jar:?]
		at reactor.core.publisher.InternalMonoOperator.subscribe(InternalMonoOperator.java:64) ~[reactor-core-3.4.0-M2.jar:?]
		at reactor.core.publisher.MonoDefer.subscribe(MonoDefer.java:52) ~[reactor-core-3.4.0-M2.jar:?]
		at reactor.core.publisher.Mono.subscribe(Mono.java:3892) ~[reactor-core-3.4.0-M2.jar:?]
		at reactor.core.publisher.MonoIgnoreThen$ThenIgnoreMain.drain(MonoIgnoreThen.java:173) ~[reactor-core-3.4.0-M2.jar:?]
		at reactor.core.publisher.MonoIgnoreThen.subscribe(MonoIgnoreThen.java:56) ~[reactor-core-3.4.0-M2.jar:?]
		at org.springframework.test.web.reactive.server.HttpHandlerConnector.lambda$doConnect$1(HttpHandlerConnector.java:98) ~[spring-test-5.3.0-M2.jar:?]
		at org.springframework.mock.http.client.reactive.MockClientHttpRequest.lambda$null$2(MockClientHttpRequest.java:119) ~[spring-test-5.3.0-M2.jar:5.3.0-M2]
		at reactor.core.publisher.MonoDefer.subscribe(MonoDefer.java:44) ~[reactor-core-3.4.0-M2.jar:?]
		at reactor.core.publisher.Mono.subscribe(Mono.java:3892) ~[reactor-core-3.4.0-M2.jar:?]
		at reactor.core.publisher.FluxConcatIterable$ConcatIterableSubscriber.onComplete(FluxConcatIterable.java:147) ~[reactor-core-3.4.0-M2.jar:?]
		at reactor.core.publisher.FluxConcatIterable.subscribe(FluxConcatIterable.java:60) ~[reactor-core-3.4.0-M2.jar:?]
		at reactor.core.publisher.MonoFromFluxOperator.subscribe(MonoFromFluxOperator.java:81) ~[reactor-core-3.4.0-M2.jar:?]
		at org.springframework.test.web.reactive.server.HttpHandlerConnector.doConnect(HttpHandlerConnector.java:109) ~[spring-test-5.3.0-M2.jar:?]
		at org.springframework.test.web.reactive.server.HttpHandlerConnector.lambda$connect$0(HttpHandlerConnector.java:80) ~[spring-test-5.3.0-M2.jar:?]
		at reactor.core.publisher.MonoDefer.subscribe(MonoDefer.java:44) [reactor-core-3.4.0-M2.jar:?]
		at reactor.core.publisher.Mono.subscribe(Mono.java:3892) [reactor-core-3.4.0-M2.jar:?]
		at reactor.core.publisher.MonoSubscribeOn$SubscribeOnSubscriber.run(MonoSubscribeOn.java:126) [reactor-core-3.4.0-M2.jar:?]
		at reactor.core.scheduler.WorkerTask.call(WorkerTask.java:84) [reactor-core-3.4.0-M2.jar:?]
		at reactor.core.scheduler.WorkerTask.call(WorkerTask.java:37) [reactor-core-3.4.0-M2.jar:?]
		at java.util.concurrent.FutureTask.run(FutureTask.java:266) [?:1.8.0_261]
		at java.util.concurrent.ScheduledThreadPoolExecutor$ScheduledFutureTask.access$201(ScheduledThreadPoolExecutor.java:180) [?:1.8.0_261]
		at java.util.concurrent.ScheduledThreadPoolExecutor$ScheduledFutureTask.run(ScheduledThreadPoolExecutor.java:293) [?:1.8.0_261]
		at java.util.concurrent.ThreadPoolExecutor.runWorker(ThreadPoolExecutor.java:1149) [?:1.8.0_261]
		at java.util.concurrent.ThreadPoolExecutor$Worker.run(ThreadPoolExecutor.java:624) [?:1.8.0_261]
		at java.lang.Thread.run(Thread.java:748) [?:1.8.0_261]
]]></system-out>
  <system-err><![CDATA[]]></system-err>
</testsuite>
