<?xml version="1.0" encoding="UTF-8"?>
<testsuite name="org.springframework.test.web.client.match.XpathRequestMatchersTests" tests="14" skipped="0" failures="0" errors="0" timestamp="2023-03-20T08:10:00" hostname="DESKTOP-VGJP1PJ" time="0.069">
  <properties/>
  <testcase name="testExistsNoMatch()" classname="org.springframework.test.web.client.match.XpathRequestMatchersTests" time="0.008"/>
  <testcase name="testBooleanNoMatch()" classname="org.springframework.test.web.client.match.XpathRequestMatchersTests" time="0.009"/>
  <testcase name="testNodeCountNoMatch()" classname="org.springframework.test.web.client.match.XpathRequestMatchersTests" time="0.007"/>
  <testcase name="testNodeMatcherNoMatch()" classname="org.springframework.test.web.client.match.XpathRequestMatchersTests" time="0.005"/>
  <testcase name="testBoolean()" classname="org.springframework.test.web.client.match.XpathRequestMatchersTests" time="0.002"/>
  <testcase name="testStringNoMatch()" classname="org.springframework.test.web.client.match.XpathRequestMatchersTests" time="0.004"/>
  <testcase name="testNumberNoMatch()" classname="org.springframework.test.web.client.match.XpathRequestMatchersTests" time="0.007"/>
  <testcase name="testDoesNotExist()" classname="org.springframework.test.web.client.match.XpathRequestMatchersTests" time="0.004"/>
  <testcase name="testNodeMatcher()" classname="org.springframework.test.web.client.match.XpathRequestMatchersTests" time="0.004"/>
  <testcase name="testNodeCount()" classname="org.springframework.test.web.client.match.XpathRequestMatchersTests" time="0.002"/>
  <testcase name="testExists()" classname="org.springframework.test.web.client.match.XpathRequestMatchersTests" time="0.003"/>
  <testcase name="testDoesNotExistNoMatch()" classname="org.springframework.test.web.client.match.XpathRequestMatchersTests" time="0.004"/>
  <testcase name="testNumber()" classname="org.springframework.test.web.client.match.XpathRequestMatchersTests" time="0.003"/>
  <testcase name="testString()" classname="org.springframework.test.web.client.match.XpathRequestMatchersTests" time="0.003"/>
  <system-out><![CDATA[]]></system-out>
  <system-err><![CDATA[]]></system-err>
</testsuite>
