<?xml version="1.0" encoding="UTF-8"?>
<testsuite name="org.springframework.test.web.servlet.result.MockMvcResultMatchersTests" tests="15" skipped="0" failures="0" errors="0" timestamp="2023-03-20T08:10:10" hostname="DESKTOP-VGJP1PJ" time="0.016">
  <properties/>
  <testcase name="forwardWithMatchingPattern()" classname="org.springframework.test.web.servlet.result.MockMvcResultMatchersTests" time="0.001"/>
  <testcase name="redirectWithNonMatchingPatternBecauseNotRedirect()" classname="org.springframework.test.web.servlet.result.MockMvcResultMatchersTests" time="0.002"/>
  <testcase name="redirectNonMatchingBecauseNotRedirect()" classname="org.springframework.test.web.servlet.result.MockMvcResultMatchersTests" time="0.001"/>
  <testcase name="forwardWithNonMatchingPattern()" classname="org.springframework.test.web.servlet.result.MockMvcResultMatchersTests" time="0.001"/>
  <testcase name="forwardWithQueryString()" classname="org.springframework.test.web.servlet.result.MockMvcResultMatchersTests" time="0.002"/>
  <testcase name="redirect()" classname="org.springframework.test.web.servlet.result.MockMvcResultMatchersTests" time="0.001"/>
  <testcase name="forwardWithNonMatchingPatternBecauseNotForward()" classname="org.springframework.test.web.servlet.result.MockMvcResultMatchersTests" time="0.001"/>
  <testcase name="forward()" classname="org.springframework.test.web.servlet.result.MockMvcResultMatchersTests" time="0.0"/>
  <testcase name="redirectWithMatchingPattern()" classname="org.springframework.test.web.servlet.result.MockMvcResultMatchersTests" time="0.001"/>
  <testcase name="forwardNonMatchingBecauseNotForward()" classname="org.springframework.test.web.servlet.result.MockMvcResultMatchersTests" time="0.001"/>
  <testcase name="redirectNonMatching()" classname="org.springframework.test.web.servlet.result.MockMvcResultMatchersTests" time="0.0"/>
  <testcase name="forwardWithUrlTemplate()" classname="org.springframework.test.web.servlet.result.MockMvcResultMatchersTests" time="0.001"/>
  <testcase name="forwardNonMatching()" classname="org.springframework.test.web.servlet.result.MockMvcResultMatchersTests" time="0.001"/>
  <testcase name="redirectWithUrlTemplate()" classname="org.springframework.test.web.servlet.result.MockMvcResultMatchersTests" time="0.001"/>
  <testcase name="redirectWithNonMatchingPattern()" classname="org.springframework.test.web.servlet.result.MockMvcResultMatchersTests" time="0.0"/>
  <system-out><![CDATA[]]></system-out>
  <system-err><![CDATA[]]></system-err>
</testsuite>
