<?xml version="1.0" encoding="UTF-8"?>
<testsuite name="org.springframework.test.web.client.samples.matchers.JsonPathRequestMatchersIntegrationTests" tests="9" skipped="0" failures="0" errors="0" timestamp="2023-03-20T08:10:01" hostname="DESKTOP-VGJP1PJ" time="0.055">
  <properties/>
  <testcase name="exists()" classname="org.springframework.test.web.client.samples.matchers.JsonPathRequestMatchersIntegrationTests" time="0.011"/>
  <testcase name="isBoolean()" classname="org.springframework.test.web.client.samples.matchers.JsonPathRequestMatchersIntegrationTests" time="0.002"/>
  <testcase name="isNumber()" classname="org.springframework.test.web.client.samples.matchers.JsonPathRequestMatchersIntegrationTests" time="0.002"/>
  <testcase name="doesNotExist()" classname="org.springframework.test.web.client.samples.matchers.JsonPathRequestMatchersIntegrationTests" time="0.002"/>
  <testcase name="isString()" classname="org.springframework.test.web.client.samples.matchers.JsonPathRequestMatchersIntegrationTests" time="0.002"/>
  <testcase name="value()" classname="org.springframework.test.web.client.samples.matchers.JsonPathRequestMatchersIntegrationTests" time="0.003"/>
  <testcase name="hamcrestMatchersWithParameterizedJsonPaths()" classname="org.springframework.test.web.client.samples.matchers.JsonPathRequestMatchersIntegrationTests" time="0.004"/>
  <testcase name="hamcrestMatchers()" classname="org.springframework.test.web.client.samples.matchers.JsonPathRequestMatchersIntegrationTests" time="0.006"/>
  <testcase name="isArray()" classname="org.springframework.test.web.client.samples.matchers.JsonPathRequestMatchersIntegrationTests" time="0.003"/>
  <system-out><![CDATA[]]></system-out>
  <system-err><![CDATA[]]></system-err>
</testsuite>
