<?xml version="1.0" encoding="UTF-8"?>
<testsuite name="org.springframework.test.context.web.RequestAndSessionScopedBeansWacTests" tests="2" skipped="0" failures="0" errors="0" timestamp="2023-03-20T08:09:58" hostname="DESKTOP-VGJP1PJ" time="0.007">
  <properties/>
  <testcase name="sessionScope()" classname="org.springframework.test.context.web.RequestAndSessionScopedBeansWacTests" time="0.002"/>
  <testcase name="requestScope()" classname="org.springframework.test.context.web.RequestAndSessionScopedBeansWacTests" time="0.004"/>
  <system-out><![CDATA[]]></system-out>
  <system-err><![CDATA[]]></system-err>
</testsuite>
