<?xml version="1.0" encoding="UTF-8"?>
<testsuite name="org.springframework.test.context.transaction.ejb.CommitForRequiredEjbTxDaoTests" tests="3" skipped="0" failures="0" errors="0" timestamp="2023-03-20T08:09:56" hostname="DESKTOP-VGJP1PJ" time="0.181">
  <properties/>
  <testcase name="test1InitialState()" classname="org.springframework.test.context.transaction.ejb.CommitForRequiredEjbTxDaoTests" time="0.164"/>
  <testcase name="test2IncrementCount1()" classname="org.springframework.test.context.transaction.ejb.CommitForRequiredEjbTxDaoTests" time="0.012"/>
  <testcase name="test3IncrementCount2()" classname="org.springframework.test.context.transaction.ejb.CommitForRequiredEjbTxDaoTests" time="0.004"/>
  <system-out><![CDATA[]]></system-out>
  <system-err><![CDATA[]]></system-err>
</testsuite>
