<?xml version="1.0" encoding="UTF-8"?>
<testsuite name="org.springframework.test.context.junit.jupiter.SpringManagedJupiterExtensionTests" tests="2" skipped="0" failures="0" errors="0" timestamp="2023-03-20T08:09:51" hostname="DESKTOP-VGJP1PJ" time="0.002">
  <properties/>
  <testcase name="testTemplate(String)[1]" classname="org.springframework.test.context.junit.jupiter.SpringManagedJupiterExtensionTests" time="0.001"/>
  <testcase name="testTemplate(String)[2]" classname="org.springframework.test.context.junit.jupiter.SpringManagedJupiterExtensionTests" time="0.001"/>
  <system-out><![CDATA[]]></system-out>
  <system-err><![CDATA[]]></system-err>
</testsuite>
