<?xml version="1.0" encoding="UTF-8"?>
<testsuite name="org.springframework.test.web.reactive.server.HttpHandlerConnectorTests" tests="3" skipped="0" failures="0" errors="0" timestamp="2023-03-20T08:10:03" hostname="DESKTOP-VGJP1PJ" time="0.008">
  <properties/>
  <testcase name="adaptResponse()" classname="org.springframework.test.web.reactive.server.HttpHandlerConnectorTests" time="0.004"/>
  <testcase name="handlerOnNonBlockingThread()" classname="org.springframework.test.web.reactive.server.HttpHandlerConnectorTests" time="0.002"/>
  <testcase name="adaptRequest()" classname="org.springframework.test.web.reactive.server.HttpHandlerConnectorTests" time="0.002"/>
  <system-out><![CDATA[]]></system-out>
  <system-err><![CDATA[]]></system-err>
</testsuite>
