<?xml version="1.0" encoding="UTF-8"?>
<testsuite name="org.springframework.test.context.transaction.TransactionalTestExecutionListenerTests" tests="22" skipped="0" failures="0" errors="0" timestamp="2023-03-20T08:09:58" hostname="DESKTOP-VGJP1PJ" time="0.052">
  <properties/>
  <testcase name="beforeTestMethodWithTransactionalDeclaredOnClassViaMetaAnnotationWithOverride()" classname="org.springframework.test.context.transaction.TransactionalTestExecutionListenerTests" time="0.003"/>
  <testcase name="isRollbackWithClassLevelRollbackViaMetaAnnotation()" classname="org.springframework.test.context.transaction.TransactionalTestExecutionListenerTests" time="0.001"/>
  <testcase name="isRollbackWithEmptyMethodLevelRollback()" classname="org.springframework.test.context.transaction.TransactionalTestExecutionListenerTests" time="0.001"/>
  <testcase name="beforeTestMethodWithTransactionalDeclaredOnMethodViaMetaAnnotationWithOverride()" classname="org.springframework.test.context.transaction.TransactionalTestExecutionListenerTests" time="0.002"/>
  <testcase name="beforeTestMethodWithTransactionalDeclaredOnMethodLocally()" classname="org.springframework.test.context.transaction.TransactionalTestExecutionListenerTests" time="0.001"/>
  <testcase name="isRollbackWithEmptyClassLevelRollback()" classname="org.springframework.test.context.transaction.TransactionalTestExecutionListenerTests" time="0.0"/>
  <testcase name="isRollbackWithClassLevelRollbackWithExplicitValue()" classname="org.springframework.test.context.transaction.TransactionalTestExecutionListenerTests" time="0.001"/>
  <testcase name="afterTestMethodWithAfterTransactionDeclaredViaMetaAnnotation()" classname="org.springframework.test.context.transaction.TransactionalTestExecutionListenerTests" time="0.003"/>
  <testcase name="afterTestMethodWithAfterTransactionDeclaredAsInterfaceDefaultMethod()" classname="org.springframework.test.context.transaction.TransactionalTestExecutionListenerTests" time="0.002"/>
  <testcase name="beforeTestMethodWithBeforeTransactionDeclaredLocally()" classname="org.springframework.test.context.transaction.TransactionalTestExecutionListenerTests" time="0.002"/>
  <testcase name="beforeTestMethodWithBeforeTransactionDeclaredAsInterfaceDefaultMethod()" classname="org.springframework.test.context.transaction.TransactionalTestExecutionListenerTests" time="0.003"/>
  <testcase name="isRollbackWithClassLevelRollbackWithExplicitValueOnTestInterface()" classname="org.springframework.test.context.transaction.TransactionalTestExecutionListenerTests" time="0.002"/>
  <testcase name="isRollbackWithMissingRollback()" classname="org.springframework.test.context.transaction.TransactionalTestExecutionListenerTests" time="0.001"/>
  <testcase name="beforeTestMethodWithTransactionalDeclaredOnMethodViaMetaAnnotation()" classname="org.springframework.test.context.transaction.TransactionalTestExecutionListenerTests" time="0.004"/>
  <testcase name="beforeTestMethodWithTransactionalDeclaredOnClassViaMetaAnnotation()" classname="org.springframework.test.context.transaction.TransactionalTestExecutionListenerTests" time="0.002"/>
  <testcase name="beforeTestMethodWithBeforeTransactionDeclaredViaMetaAnnotation()" classname="org.springframework.test.context.transaction.TransactionalTestExecutionListenerTests" time="0.003"/>
  <testcase name="transactionalTestWithoutTransactionManager()" classname="org.springframework.test.context.transaction.TransactionalTestExecutionListenerTests" time="0.002"/>
  <testcase name="isRollbackWithClassLevelRollbackViaMetaAnnotationOnTestInterface()" classname="org.springframework.test.context.transaction.TransactionalTestExecutionListenerTests" time="0.002"/>
  <testcase name="isRollbackWithMethodLevelRollbackViaMetaAnnotation()" classname="org.springframework.test.context.transaction.TransactionalTestExecutionListenerTests" time="0.0"/>
  <testcase name="afterTestMethodWithAfterTransactionDeclaredLocally()" classname="org.springframework.test.context.transaction.TransactionalTestExecutionListenerTests" time="0.002"/>
  <testcase name="beforeTestMethodWithTransactionalDeclaredOnClassLocally()" classname="org.springframework.test.context.transaction.TransactionalTestExecutionListenerTests" time="0.001"/>
  <testcase name="isRollbackWithMethodLevelRollbackWithExplicitValue()" classname="org.springframework.test.context.transaction.TransactionalTestExecutionListenerTests" time="0.001"/>
  <system-out><![CDATA[]]></system-out>
  <system-err><![CDATA[]]></system-err>
</testsuite>
