<?xml version="1.0" encoding="UTF-8"?>
<testsuite name="org.springframework.mock.jndi.SimpleNamingContextTests" tests="2" skipped="0" failures="0" errors="0" timestamp="2023-03-20T08:09:30" hostname="DESKTOP-VGJP1PJ" time="0.03">
  <properties/>
  <testcase name="namingContextBuilder()" classname="org.springframework.mock.jndi.SimpleNamingContextTests" time="0.023"/>
  <testcase name="createInitialContext()" classname="org.springframework.mock.jndi.SimpleNamingContextTests" time="0.006"/>
  <system-out><![CDATA[]]></system-out>
  <system-err><![CDATA[]]></system-err>
</testsuite>
