<?xml version="1.0" encoding="UTF-8"?>
<testsuite name="org.springframework.test.context.jdbc.ComposedAnnotationSqlScriptsTests" tests="1" skipped="0" failures="0" errors="0" timestamp="2023-03-20T08:09:41" hostname="DESKTOP-VGJP1PJ" time="0.011">
  <properties/>
  <testcase name="composedSqlAnnotation()" classname="org.springframework.test.context.jdbc.ComposedAnnotationSqlScriptsTests" time="0.011"/>
  <system-out><![CDATA[]]></system-out>
  <system-err><![CDATA[]]></system-err>
</testsuite>
