<?xml version="1.0" encoding="UTF-8"?>
<testsuite name="org.springframework.test.context.junit.jupiter.EnabledIfTests$EnabledIfOnClassTests" tests="2" skipped="2" failures="0" errors="0" timestamp="2023-03-20T08:09:43" hostname="DESKTOP-VGJP1PJ" time="0.0">
  <properties/>
  <testcase name="bar()" classname="org.springframework.test.context.junit.jupiter.EnabledIfTests$EnabledIfOnClassTests" time="0.0">
    <skipped/>
  </testcase>
  <testcase name="foo()" classname="org.springframework.test.context.junit.jupiter.EnabledIfTests$EnabledIfOnClassTests" time="0.0">
    <skipped/>
  </testcase>
  <system-out><![CDATA[]]></system-out>
  <system-err><![CDATA[]]></system-err>
</testsuite>
