<?xml version="1.0" encoding="UTF-8"?>
<testsuite name="org.springframework.test.context.jdbc.TransactionalSqlScriptsTests" tests="2" skipped="0" failures="0" errors="0" timestamp="2023-03-20T08:09:43" hostname="DESKTOP-VGJP1PJ" time="0.01">
  <properties/>
  <testcase name="classLevelScripts()" classname="org.springframework.test.context.jdbc.TransactionalSqlScriptsTests" time="0.006"/>
  <testcase name="methodLevelScripts()" classname="org.springframework.test.context.jdbc.TransactionalSqlScriptsTests" time="0.004"/>
  <system-out><![CDATA[]]></system-out>
  <system-err><![CDATA[]]></system-err>
</testsuite>
