<?xml version="1.0" encoding="UTF-8"?>
<testsuite name="org.springframework.test.web.servlet.samples.standalone.MultipartControllerTests" tests="16" skipped="0" failures="0" errors="0" timestamp="2023-03-20T08:10:13" hostname="DESKTOP-VGJP1PJ" time="0.399">
  <properties/>
  <testcase name="multipartRequestWithFileListNotPresent()" classname="org.springframework.test.web.servlet.samples.standalone.MultipartControllerTests" time="0.025"/>
  <testcase name="multipartRequestWithFileListNoMultipart()" classname="org.springframework.test.web.servlet.samples.standalone.MultipartControllerTests" time="0.023"/>
  <testcase name="multipartRequestWithFileArray()" classname="org.springframework.test.web.servlet.samples.standalone.MultipartControllerTests" time="0.036"/>
  <testcase name="multipartRequestWithOptionalFile()" classname="org.springframework.test.web.servlet.samples.standalone.MultipartControllerTests" time="0.025"/>
  <testcase name="multipartRequestWithOptionalFileNotPresent()" classname="org.springframework.test.web.servlet.samples.standalone.MultipartControllerTests" time="0.017"/>
  <testcase name="multipartRequestWithSingleFileNotPresent()" classname="org.springframework.test.web.servlet.samples.standalone.MultipartControllerTests" time="0.023"/>
  <testcase name="multipartRequestWithOptionalFileListNotPresent()" classname="org.springframework.test.web.servlet.samples.standalone.MultipartControllerTests" time="0.019"/>
  <testcase name="multipartRequestWithSingleFile()" classname="org.springframework.test.web.servlet.samples.standalone.MultipartControllerTests" time="0.018"/>
  <testcase name="multipartRequestWithServletParts()" classname="org.springframework.test.web.servlet.samples.standalone.MultipartControllerTests" time="0.018"/>
  <testcase name="multipartRequestWithOptionalFileArray()" classname="org.springframework.test.web.servlet.samples.standalone.MultipartControllerTests" time="0.019"/>
  <testcase name="multipartRequestWithFileArrayNoMultipart()" classname="org.springframework.test.web.servlet.samples.standalone.MultipartControllerTests" time="0.038"/>
  <testcase name="multipartRequestWrapped()" classname="org.springframework.test.web.servlet.samples.standalone.MultipartControllerTests" time="0.021"/>
  <testcase name="multipartRequestWithFileArrayNotPresent()" classname="org.springframework.test.web.servlet.samples.standalone.MultipartControllerTests" time="0.022"/>
  <testcase name="multipartRequestWithFileList()" classname="org.springframework.test.web.servlet.samples.standalone.MultipartControllerTests" time="0.025"/>
  <testcase name="multipartRequestWithOptionalFileList()" classname="org.springframework.test.web.servlet.samples.standalone.MultipartControllerTests" time="0.032"/>
  <testcase name="multipartRequestWithOptionalFileArrayNotPresent()" classname="org.springframework.test.web.servlet.samples.standalone.MultipartControllerTests" time="0.036"/>
  <system-out><![CDATA[]]></system-out>
  <system-err><![CDATA[]]></system-err>
</testsuite>
