<?xml version="1.0" encoding="UTF-8"?>
<testsuite name="org.springframework.test.context.jdbc.MetaAnnotationSqlScriptsTests" tests="2" skipped="0" failures="0" errors="0" timestamp="2023-03-20T08:09:42" hostname="DESKTOP-VGJP1PJ" time="0.015">
  <properties/>
  <testcase name="metaSqlAnnotation()" classname="org.springframework.test.context.jdbc.MetaAnnotationSqlScriptsTests" time="0.007"/>
  <testcase name="metaSqlGroupAnnotation()" classname="org.springframework.test.context.jdbc.MetaAnnotationSqlScriptsTests" time="0.007"/>
  <system-out><![CDATA[]]></system-out>
  <system-err><![CDATA[]]></system-err>
</testsuite>
