<?xml version="1.0" encoding="UTF-8"?>
<testsuite name="org.springframework.test.context.support.DirtiesContextTestExecutionListenerTests" tests="19" skipped="0" failures="0" errors="0" timestamp="2023-03-20T08:09:54" hostname="DESKTOP-VGJP1PJ" time="0.037">
  <properties/>
  <testcase name="beforeAndAfterTestClassForDirtiesContextDeclaredLocallyOnClassAfterEachTestMethod()" classname="org.springframework.test.context.support.DirtiesContextTestExecutionListenerTests" time="0.003"/>
  <testcase name="beforeAndAfterTestClassForDirtiesContextDeclaredViaMetaAnnotationWithOverriddenAttributes()" classname="org.springframework.test.context.support.DirtiesContextTestExecutionListenerTests" time="0.006"/>
  <testcase name="beforeAndAfterTestMethodForDirtiesContextDeclaredLocallyOnClassBeforeClass()" classname="org.springframework.test.context.support.DirtiesContextTestExecutionListenerTests" time="0.002"/>
  <testcase name="beforeAndAfterTestClassForDirtiesContextDeclaredViaMetaAnnotationOnClassAfterEachTestMethod()" classname="org.springframework.test.context.support.DirtiesContextTestExecutionListenerTests" time="0.002"/>
  <testcase name="beforeAndAfterTestMethodForDirtiesContextDeclaredLocallyOnMethodWithBeforeMethodMode()" classname="org.springframework.test.context.support.DirtiesContextTestExecutionListenerTests" time="0.001"/>
  <testcase name="beforeAndAfterTestMethodForDirtiesContextViaMetaAnnotationWithOverrides()" classname="org.springframework.test.context.support.DirtiesContextTestExecutionListenerTests" time="0.002"/>
  <testcase name="beforeAndAfterTestMethodForDirtiesContextDeclaredLocallyOnClassAfterClass()" classname="org.springframework.test.context.support.DirtiesContextTestExecutionListenerTests" time="0.001"/>
  <testcase name="beforeAndAfterTestClassForDirtiesContextDeclaredViaMetaAnnotationOnClassAfterClass()" classname="org.springframework.test.context.support.DirtiesContextTestExecutionListenerTests" time="0.002"/>
  <testcase name="beforeAndAfterTestClassForDirtiesContextDeclaredLocallyOnMethod()" classname="org.springframework.test.context.support.DirtiesContextTestExecutionListenerTests" time="0.001"/>
  <testcase name="beforeAndAfterTestMethodForDirtiesContextDeclaredOnMethodViaMetaAnnotationWithAfterMethodMode()" classname="org.springframework.test.context.support.DirtiesContextTestExecutionListenerTests" time="0.002"/>
  <testcase name="beforeAndAfterTestClassForDirtiesContextDeclaredLocallyOnClassBeforeEachTestMethod()" classname="org.springframework.test.context.support.DirtiesContextTestExecutionListenerTests" time="0.001"/>
  <testcase name="beforeAndAfterTestClassForDirtiesContextDeclaredLocallyOnClassAfterClass()" classname="org.springframework.test.context.support.DirtiesContextTestExecutionListenerTests" time="0.001"/>
  <testcase name="beforeAndAfterTestMethodForDirtiesContextDeclaredViaMetaAnnotationOnClassAfterClass()" classname="org.springframework.test.context.support.DirtiesContextTestExecutionListenerTests" time="0.001"/>
  <testcase name="beforeAndAfterTestMethodForDirtiesContextDeclaredLocallyOnClassAfterEachTestMethod()" classname="org.springframework.test.context.support.DirtiesContextTestExecutionListenerTests" time="0.001"/>
  <testcase name="beforeAndAfterTestClassForDirtiesContextDeclaredViaMetaAnnotationWithOverrides()" classname="org.springframework.test.context.support.DirtiesContextTestExecutionListenerTests" time="0.001"/>
  <testcase name="beforeAndAfterTestMethodForDirtiesContextDeclaredLocallyOnMethodWithAfterMethodMode()" classname="org.springframework.test.context.support.DirtiesContextTestExecutionListenerTests" time="0.002"/>
  <testcase name="beforeAndAfterTestMethodForDirtiesContextDeclaredViaMetaAnnotationOnClassAfterEachTestMethod()" classname="org.springframework.test.context.support.DirtiesContextTestExecutionListenerTests" time="0.002"/>
  <testcase name="beforeAndAfterTestClassForDirtiesContextDeclaredLocallyOnClassBeforeClass()" classname="org.springframework.test.context.support.DirtiesContextTestExecutionListenerTests" time="0.001"/>
  <testcase name="beforeAndAfterTestMethodForDirtiesContextDeclaredLocallyOnClassBeforeEachTestMethod()" classname="org.springframework.test.context.support.DirtiesContextTestExecutionListenerTests" time="0.001"/>
  <system-out><![CDATA[]]></system-out>
  <system-err><![CDATA[]]></system-err>
</testsuite>
