<?xml version="1.0" encoding="UTF-8"?>
<testsuite name="org.springframework.test.context.support.DynamicValuesPropertySourceTests" tests="5" skipped="0" failures="0" errors="0" timestamp="2023-03-20T08:09:54" hostname="DESKTOP-VGJP1PJ" time="0.0">
  <properties/>
  <testcase name="getPropertyWhenMissingReturnsNull()" classname="org.springframework.test.context.support.DynamicValuesPropertySourceTests" time="0.0"/>
  <testcase name="containsPropertyWhenMissingReturnsFalse()" classname="org.springframework.test.context.support.DynamicValuesPropertySourceTests" time="0.0"/>
  <testcase name="containsPropertyWhenPresentReturnsTrue()" classname="org.springframework.test.context.support.DynamicValuesPropertySourceTests" time="0.0"/>
  <testcase name="getPropertyReturnsSuppliedProperty()" classname="org.springframework.test.context.support.DynamicValuesPropertySourceTests" time="0.0"/>
  <testcase name="getPropertyNamesReturnsNames()" classname="org.springframework.test.context.support.DynamicValuesPropertySourceTests" time="0.0"/>
  <system-out><![CDATA[]]></system-out>
  <system-err><![CDATA[]]></system-err>
</testsuite>
