<?xml version="1.0" encoding="UTF-8"?>
<testsuite name="org.springframework.test.context.env.SystemPropertyOverridePropertiesFileTestPropertySourceTests" tests="1" skipped="0" failures="0" errors="0" timestamp="2023-03-20T08:09:38" hostname="DESKTOP-VGJP1PJ" time="0.002">
  <properties/>
  <testcase name="verifyPropertiesAreAvailableInEnvironment()" classname="org.springframework.test.context.env.SystemPropertyOverridePropertiesFileTestPropertySourceTests" time="0.002"/>
  <system-out><![CDATA[]]></system-out>
  <system-err><![CDATA[]]></system-err>
</testsuite>
