<?xml version="1.0" encoding="UTF-8"?>
<testsuite name="org.springframework.test.context.junit.jupiter.nested.NestedTestsWithConstructorInjectionWithSpringAndJUnitJupiterTests" tests="1" skipped="0" failures="0" errors="0" timestamp="2023-03-20T08:09:43" hostname="DESKTOP-VGJP1PJ" time="0.0">
  <properties/>
  <testcase name="topLevelTest()" classname="org.springframework.test.context.junit.jupiter.nested.NestedTestsWithConstructorInjectionWithSpringAndJUnitJupiterTests" time="0.0"/>
  <system-out><![CDATA[]]></system-out>
  <system-err><![CDATA[]]></system-err>
</testsuite>
