<?xml version="1.0" encoding="UTF-8"?>
<testsuite name="org.springframework.test.context.junit4.SpringJUnit4ClassRunnerTests" tests="3" skipped="0" failures="0" errors="0" timestamp="2023-03-20T08:10:38" hostname="DESKTOP-VGJP1PJ" time="0.061">
  <properties/>
  <testcase name="getSpringTimeoutViaMetaAnnotationWithOverride" classname="org.springframework.test.context.junit4.SpringJUnit4ClassRunnerTests" time="0.006"/>
  <testcase name="checkThatExceptionsAreNotSilentlySwallowed" classname="org.springframework.test.context.junit4.SpringJUnit4ClassRunnerTests" time="0.008"/>
  <testcase name="getSpringTimeoutViaMetaAnnotation" classname="org.springframework.test.context.junit4.SpringJUnit4ClassRunnerTests" time="0.045"/>
  <system-out><![CDATA[]]></system-out>
  <system-err><![CDATA[]]></system-err>
</testsuite>
