<?xml version="1.0" encoding="UTF-8"?>
<testsuite name="org.springframework.test.web.servlet.samples.spr.RequestContextHolderTests" tests="4" skipped="0" failures="0" errors="0" timestamp="2023-03-20T08:10:11" hostname="DESKTOP-VGJP1PJ" time="0.021">
  <properties/>
  <testcase name="requestScopedController()" classname="org.springframework.test.web.servlet.samples.spr.RequestContextHolderTests" time="0.012"/>
  <testcase name="sessionScopedService()" classname="org.springframework.test.web.servlet.samples.spr.RequestContextHolderTests" time="0.003"/>
  <testcase name="requestScopedService()" classname="org.springframework.test.web.servlet.samples.spr.RequestContextHolderTests" time="0.003"/>
  <testcase name="singletonController()" classname="org.springframework.test.web.servlet.samples.spr.RequestContextHolderTests" time="0.002"/>
  <system-out><![CDATA[]]></system-out>
  <system-err><![CDATA[]]></system-err>
</testsuite>
