<?xml version="1.0" encoding="UTF-8"?>
<testsuite name="org.springframework.test.context.junit4.EnabledAndIgnoredSpringRunnerTests" tests="5" skipped="2" failures="0" errors="0" timestamp="2023-03-20T08:10:26" hostname="DESKTOP-VGJP1PJ" time="0.0">
  <properties/>
  <testcase name="testIfProfileValueEnabledViaMultipleValues" classname="org.springframework.test.context.junit4.EnabledAndIgnoredSpringRunnerTests" time="0.0"/>
  <testcase name="testIfProfileValueNotConfigured" classname="org.springframework.test.context.junit4.EnabledAndIgnoredSpringRunnerTests" time="0.0"/>
  <testcase name="testJUnitIgnoreAnnotation" classname="org.springframework.test.context.junit4.EnabledAndIgnoredSpringRunnerTests" time="0.0">
    <skipped/>
  </testcase>
  <testcase name="testIfProfileValueEnabledViaSingleValue" classname="org.springframework.test.context.junit4.EnabledAndIgnoredSpringRunnerTests" time="0.0"/>
  <testcase name="testIfProfileValueDisabled" classname="org.springframework.test.context.junit4.EnabledAndIgnoredSpringRunnerTests" time="0.0">
    <skipped/>
  </testcase>
  <system-out><![CDATA[]]></system-out>
  <system-err><![CDATA[]]></system-err>
</testsuite>
