<?xml version="1.0" encoding="UTF-8"?>
<testsuite name="org.springframework.test.context.junit4.ContextCustomizerSpringRunnerTests" tests="1" skipped="0" failures="0" errors="0" timestamp="2023-03-20T08:10:26" hostname="DESKTOP-VGJP1PJ" time="0.001">
  <properties/>
  <testcase name="injectedBean" classname="org.springframework.test.context.junit4.ContextCustomizerSpringRunnerTests" time="0.001"/>
  <system-out><![CDATA[]]></system-out>
  <system-err><![CDATA[]]></system-err>
</testsuite>
