<?xml version="1.0" encoding="UTF-8"?>
<testsuite name="org.springframework.test.context.configuration.ContextConfigurationWithPropertiesExtendingPropertiesAndInheritedLoaderTests" tests="2" skipped="0" failures="0" errors="0" timestamp="2023-03-20T08:10:25" hostname="DESKTOP-VGJP1PJ" time="0.01">
  <properties/>
  <testcase name="verifyExtendedAnnotationAutowiredFields" classname="org.springframework.test.context.configuration.ContextConfigurationWithPropertiesExtendingPropertiesAndInheritedLoaderTests" time="0.007"/>
  <testcase name="verifyAnnotationAutowiredFields" classname="org.springframework.test.context.configuration.ContextConfigurationWithPropertiesExtendingPropertiesAndInheritedLoaderTests" time="0.001"/>
  <system-out><![CDATA[]]></system-out>
  <system-err><![CDATA[]]></system-err>
</testsuite>
