<?xml version="1.0" encoding="UTF-8"?>
<testsuite name="org.springframework.test.context.junit4.concurrency.SpringJUnit4ConcurrencyTests" tests="1" skipped="1" failures="0" errors="0" timestamp="2023-03-20T08:10:26" hostname="DESKTOP-VGJP1PJ" time="0.0">
  <properties/>
  <testcase name="runAllTestsConcurrently" classname="org.springframework.test.context.junit4.concurrency.SpringJUnit4ConcurrencyTests" time="0.0">
    <skipped/>
  </testcase>
  <system-out><![CDATA[]]></system-out>
  <system-err><![CDATA[]]></system-err>
</testsuite>
