<?xml version="1.0" encoding="UTF-8"?>
<testsuite name="org.springframework.test.web.servlet.setup.SharedHttpSessionTests" tests="2" skipped="0" failures="0" errors="0" timestamp="2023-03-20T08:10:18" hostname="DESKTOP-VGJP1PJ" time="0.033">
  <properties/>
  <testcase name="httpSession()" classname="org.springframework.test.web.servlet.setup.SharedHttpSessionTests" time="0.019"/>
  <testcase name="noHttpSession()" classname="org.springframework.test.web.servlet.setup.SharedHttpSessionTests" time="0.014"/>
  <system-out><![CDATA[]]></system-out>
  <system-err><![CDATA[]]></system-err>
</testsuite>
