<?xml version="1.0" encoding="UTF-8"?>
<testsuite name="org.springframework.test.context.junit4.statements.SpringFailOnTimeoutTests" tests="5" skipped="0" failures="0" errors="0" timestamp="2023-03-20T08:10:38" hostname="DESKTOP-VGJP1PJ" time="0.076">
  <properties/>
  <testcase name="negativeTimeout" classname="org.springframework.test.context.junit4.statements.SpringFailOnTimeoutTests" time="0.014"/>
  <testcase name="timeoutExceptionThrownIfNoUserException" classname="org.springframework.test.context.junit4.statements.SpringFailOnTimeoutTests" time="0.051"/>
  <testcase name="nullNextStatement" classname="org.springframework.test.context.junit4.statements.SpringFailOnTimeoutTests" time="0.002"/>
  <testcase name="userExceptionPropagates" classname="org.springframework.test.context.junit4.statements.SpringFailOnTimeoutTests" time="0.006"/>
  <testcase name="noExceptionThrownIfNoUserExceptionAndTimeoutDoesNotOccur" classname="org.springframework.test.context.junit4.statements.SpringFailOnTimeoutTests" time="0.002"/>
  <system-out><![CDATA[]]></system-out>
  <system-err><![CDATA[]]></system-err>
</testsuite>
