<?xml version="1.0" encoding="UTF-8"?>
<testsuite name="org.springframework.test.context.jdbc.InferredDataSourceTransactionalSqlScriptsTests" tests="2" skipped="0" failures="0" errors="0" timestamp="2023-03-20T08:09:42" hostname="DESKTOP-VGJP1PJ" time="0.01">
  <properties/>
  <testcase name="database1()" classname="org.springframework.test.context.jdbc.InferredDataSourceTransactionalSqlScriptsTests" time="0.006"/>
  <testcase name="database2()" classname="org.springframework.test.context.jdbc.InferredDataSourceTransactionalSqlScriptsTests" time="0.003"/>
  <system-out><![CDATA[]]></system-out>
  <system-err><![CDATA[]]></system-err>
</testsuite>
