<?xml version="1.0" encoding="UTF-8"?>
<testsuite name="org.springframework.test.web.servlet.samples.standalone.FrameworkExtensionTests" tests="2" skipped="0" failures="0" errors="0" timestamp="2023-03-20T08:10:13" hostname="DESKTOP-VGJP1PJ" time="0.057">
  <properties/>
  <testcase name="fooHeader()" classname="org.springframework.test.web.servlet.samples.standalone.FrameworkExtensionTests" time="0.036"/>
  <testcase name="barHeader()" classname="org.springframework.test.web.servlet.samples.standalone.FrameworkExtensionTests" time="0.02"/>
  <system-out><![CDATA[]]></system-out>
  <system-err><![CDATA[]]></system-err>
</testsuite>
