<?xml version="1.0" encoding="UTF-8"?>
<testsuite name="org.springframework.test.web.reactive.server.samples.ResponseEntityTests" tests="8" skipped="0" failures="0" errors="0" timestamp="2023-03-20T08:10:05" hostname="DESKTOP-VGJP1PJ" time="1.182">
  <properties/>
  <testcase name="entityList()" classname="org.springframework.test.web.reactive.server.samples.ResponseEntityTests" time="0.029"/>
  <testcase name="entity()" classname="org.springframework.test.web.reactive.server.samples.ResponseEntityTests" time="0.005"/>
  <testcase name="entityMap()" classname="org.springframework.test.web.reactive.server.samples.ResponseEntityTests" time="0.036"/>
  <testcase name="entityListWithConsumer()" classname="org.springframework.test.web.reactive.server.samples.ResponseEntityTests" time="0.007"/>
  <testcase name="entityWithConsumer()" classname="org.springframework.test.web.reactive.server.samples.ResponseEntityTests" time="0.006"/>
  <testcase name="entityMatcher()" classname="org.springframework.test.web.reactive.server.samples.ResponseEntityTests" time="0.007"/>
  <testcase name="entityStream()" classname="org.springframework.test.web.reactive.server.samples.ResponseEntityTests" time="0.817"/>
  <testcase name="postEntity()" classname="org.springframework.test.web.reactive.server.samples.ResponseEntityTests" time="0.004"/>
  <system-out><![CDATA[]]></system-out>
  <system-err><![CDATA[]]></system-err>
</testsuite>
