<?xml version="1.0" encoding="UTF-8"?>
<testsuite name="org.springframework.test.context.configuration.interfaces.SqlConfigInterfaceTests" tests="1" skipped="0" failures="0" errors="0" timestamp="2023-03-20T08:09:37" hostname="DESKTOP-VGJP1PJ" time="0.05">
  <properties/>
  <testcase name="methodLevelScripts()" classname="org.springframework.test.context.configuration.interfaces.SqlConfigInterfaceTests" time="0.05"/>
  <system-out><![CDATA[]]></system-out>
  <system-err><![CDATA[]]></system-err>
</testsuite>
