<?xml version="1.0" encoding="UTF-8"?>
<testsuite name="org.springframework.test.web.client.samples.matchers.HeaderRequestMatchersIntegrationTests" tests="2" skipped="0" failures="0" errors="0" timestamp="2023-03-20T08:10:01" hostname="DESKTOP-VGJP1PJ" time="0.058">
  <properties/>
  <testcase name="testStringContains()" classname="org.springframework.test.web.client.samples.matchers.HeaderRequestMatchersIntegrationTests" time="0.049"/>
  <testcase name="testString()" classname="org.springframework.test.web.client.samples.matchers.HeaderRequestMatchersIntegrationTests" time="0.009"/>
  <system-out><![CDATA[]]></system-out>
  <system-err><![CDATA[]]></system-err>
</testsuite>
