<?xml version="1.0" encoding="UTF-8"?>
<testsuite name="org.springframework.test.context.jdbc.DefaultScriptDetectionSqlScriptsTests" tests="2" skipped="0" failures="0" errors="0" timestamp="2023-03-20T08:09:41" hostname="DESKTOP-VGJP1PJ" time="0.011">
  <properties/>
  <testcase name="methodLevel()" classname="org.springframework.test.context.jdbc.DefaultScriptDetectionSqlScriptsTests" time="0.005"/>
  <testcase name="classLevel()" classname="org.springframework.test.context.jdbc.DefaultScriptDetectionSqlScriptsTests" time="0.005"/>
  <system-out><![CDATA[]]></system-out>
  <system-err><![CDATA[]]></system-err>
</testsuite>
