<?xml version="1.0" encoding="UTF-8"?>
<testsuite name="org.springframework.test.context.junit4.RollbackOverrideDefaultRollbackFalseRollbackAnnotationTransactionalTests" tests="1" skipped="0" failures="0" errors="0" timestamp="2023-03-20T08:10:36" hostname="DESKTOP-VGJP1PJ" time="0.004">
  <properties/>
  <testcase name="modifyTestDataWithinTransaction" classname="org.springframework.test.context.junit4.RollbackOverrideDefaultRollbackFalseRollbackAnnotationTransactionalTests" time="0.004"/>
  <system-out><![CDATA[]]></system-out>
  <system-err><![CDATA[]]></system-err>
</testsuite>
