<?xml version="1.0" encoding="UTF-8"?>
<testsuite name="org.springframework.test.context.support.AnnotationConfigContextLoaderUtilsTests" tests="4" skipped="0" failures="0" errors="0" timestamp="2023-03-20T08:09:53" hostname="DESKTOP-VGJP1PJ" time="0.003">
  <properties/>
  <testcase name="detectDefaultConfigurationClassesWithExplicitConfigurationAnnotation()" classname="org.springframework.test.context.support.AnnotationConfigContextLoaderUtilsTests" time="0.0"/>
  <testcase name="detectDefaultConfigurationClassesWithoutConfigurationClass()" classname="org.springframework.test.context.support.AnnotationConfigContextLoaderUtilsTests" time="0.0"/>
  <testcase name="detectDefaultConfigurationClassesWithConfigurationMetaAnnotation()" classname="org.springframework.test.context.support.AnnotationConfigContextLoaderUtilsTests" time="0.002"/>
  <testcase name="detectDefaultConfigurationClassesWithNullDeclaringClass()" classname="org.springframework.test.context.support.AnnotationConfigContextLoaderUtilsTests" time="0.0"/>
  <system-out><![CDATA[]]></system-out>
  <system-err><![CDATA[]]></system-err>
</testsuite>
