<?xml version="1.0" encoding="UTF-8"?>
<testsuite name="org.springframework.test.web.servlet.result.PrintingResultHandlerTests" tests="18" skipped="0" failures="0" errors="0" timestamp="2023-03-20T08:10:10" hostname="DESKTOP-VGJP1PJ" time="0.038">
  <properties/>
  <testcase name="resolvedExceptionNull()" classname="org.springframework.test.web.servlet.result.PrintingResultHandlerTests" time="0.002"/>
  <testcase name="modelAndViewNull()" classname="org.springframework.test.web.servlet.result.PrintingResultHandlerTests" time="0.0"/>
  <testcase name="printResponseWithDefaultCharacterEncoding()" classname="org.springframework.test.web.servlet.result.PrintingResultHandlerTests" time="0.0"/>
  <testcase name="modelAndView()" classname="org.springframework.test.web.servlet.result.PrintingResultHandlerTests" time="0.004"/>
  <testcase name="printRequestWithoutCharacterEncoding()" classname="org.springframework.test.web.servlet.result.PrintingResultHandlerTests" time="0.0"/>
  <testcase name="printResponseWithoutCharacterEncoding()" classname="org.springframework.test.web.servlet.result.PrintingResultHandlerTests" time="0.0"/>
  <testcase name="flashMapNull()" classname="org.springframework.test.web.servlet.result.PrintingResultHandlerTests" time="0.0"/>
  <testcase name="printResponse()" classname="org.springframework.test.web.servlet.result.PrintingResultHandlerTests" time="0.001"/>
  <testcase name="printRequestWithEmptySessionMock()" classname="org.springframework.test.web.servlet.result.PrintingResultHandlerTests" time="0.017"/>
  <testcase name="printRequestWithoutSession()" classname="org.springframework.test.web.servlet.result.PrintingResultHandlerTests" time="0.0"/>
  <testcase name="printHandlerNull()" classname="org.springframework.test.web.servlet.result.PrintingResultHandlerTests" time="0.0"/>
  <testcase name="printResponseWithCharacterEncoding()" classname="org.springframework.test.web.servlet.result.PrintingResultHandlerTests" time="0.0"/>
  <testcase name="printHandler()" classname="org.springframework.test.web.servlet.result.PrintingResultHandlerTests" time="0.001"/>
  <testcase name="printRequest()" classname="org.springframework.test.web.servlet.result.PrintingResultHandlerTests" time="0.002"/>
  <testcase name="printRequestWithCharacterEncoding()" classname="org.springframework.test.web.servlet.result.PrintingResultHandlerTests" time="0.0"/>
  <testcase name="resolvedException()" classname="org.springframework.test.web.servlet.result.PrintingResultHandlerTests" time="0.001"/>
  <testcase name="flashMap()" classname="org.springframework.test.web.servlet.result.PrintingResultHandlerTests" time="0.001"/>
  <testcase name="printHandlerMethod()" classname="org.springframework.test.web.servlet.result.PrintingResultHandlerTests" time="0.001"/>
  <system-out><![CDATA[]]></system-out>
  <system-err><![CDATA[]]></system-err>
</testsuite>
