<?xml version="1.0" encoding="UTF-8"?>
<testsuite name="org.springframework.test.web.servlet.samples.standalone.ReactiveReturnTypeTests" tests="1" skipped="0" failures="0" errors="0" timestamp="2023-03-20T08:10:13" hostname="DESKTOP-VGJP1PJ" time="3.076">
  <properties/>
  <testcase name="sseWithFlux()" classname="org.springframework.test.web.servlet.samples.standalone.ReactiveReturnTypeTests" time="3.076"/>
  <system-out><![CDATA[]]></system-out>
  <system-err><![CDATA[]]></system-err>
</testsuite>
