<?xml version="1.0" encoding="UTF-8"?>
<testsuite name="org.springframework.test.context.junit4.spr8849.TestClass1" tests="1" skipped="0" failures="0" errors="0" timestamp="2023-03-20T08:10:38" hostname="DESKTOP-VGJP1PJ" time="0.0">
  <properties/>
  <testcase name="dummyTest" classname="org.springframework.test.context.junit4.spr8849.TestClass1" time="0.0"/>
  <system-out><![CDATA[]]></system-out>
  <system-err><![CDATA[]]></system-err>
</testsuite>
