<?xml version="1.0" encoding="UTF-8"?>
<testsuite name="org.springframework.test.context.junit4.annotation.DefaultConfigClassesInheritedTests" tests="2" skipped="0" failures="0" errors="0" timestamp="2023-03-20T08:10:25" hostname="DESKTOP-VGJP1PJ" time="0.005">
  <properties/>
  <testcase name="verifyPetSetFromExtendedContextConfig" classname="org.springframework.test.context.junit4.annotation.DefaultConfigClassesInheritedTests" time="0.003"/>
  <testcase name="verifyEmployeeSetFromBaseContextConfig" classname="org.springframework.test.context.junit4.annotation.DefaultConfigClassesInheritedTests" time="0.001"/>
  <system-out><![CDATA[]]></system-out>
  <system-err><![CDATA[]]></system-err>
</testsuite>
