<?xml version="1.0" encoding="UTF-8"?>
<testsuite name="org.springframework.test.context.jdbc.merging.ClassLevelMergeSqlMergeModeTests" tests="3" skipped="0" failures="0" errors="0" timestamp="2023-03-20T08:09:42" hostname="DESKTOP-VGJP1PJ" time="0.018">
  <properties/>
  <testcase name="overridden()" classname="org.springframework.test.context.jdbc.merging.ClassLevelMergeSqlMergeModeTests" time="0.007"/>
  <testcase name="merged()" classname="org.springframework.test.context.jdbc.merging.ClassLevelMergeSqlMergeModeTests" time="0.005"/>
  <testcase name="classLevelScripts()" classname="org.springframework.test.context.jdbc.merging.ClassLevelMergeSqlMergeModeTests" time="0.004"/>
  <system-out><![CDATA[]]></system-out>
  <system-err><![CDATA[]]></system-err>
</testsuite>
