<?xml version="1.0" encoding="UTF-8"?>
<testsuite name="org.springframework.test.context.ContextHierarchyDirtiesContextTests" tests="4" skipped="0" failures="0" errors="0" timestamp="2023-03-20T08:09:37" hostname="DESKTOP-VGJP1PJ" time="0.136">
  <properties/>
  <testcase name="classLevelDirtiesContextWithCurrentLevelHierarchyMode()" classname="org.springframework.test.context.ContextHierarchyDirtiesContextTests" time="0.055"/>
  <testcase name="classLevelDirtiesContextWithExhaustiveHierarchyMode()" classname="org.springframework.test.context.ContextHierarchyDirtiesContextTests" time="0.029"/>
  <testcase name="methodLevelDirtiesContextWithCurrentLevelHierarchyMode()" classname="org.springframework.test.context.ContextHierarchyDirtiesContextTests" time="0.035"/>
  <testcase name="methodLevelDirtiesContextWithExhaustiveHierarchyMode()" classname="org.springframework.test.context.ContextHierarchyDirtiesContextTests" time="0.014"/>
  <system-out><![CDATA[]]></system-out>
  <system-err><![CDATA[]]></system-err>
</testsuite>
