<?xml version="1.0" encoding="UTF-8"?>
<testsuite name="org.springframework.test.util.XmlExpectationsHelperTests" tests="5" skipped="0" failures="0" errors="0" timestamp="2023-03-20T08:09:59" hostname="DESKTOP-VGJP1PJ" time="0.794">
  <properties/>
  <testcase name="assertXmlEqualForEqual()" classname="org.springframework.test.util.XmlExpectationsHelperTests" time="0.634"/>
  <testcase name="assertXmlEqualExceptionForIncorrectValue()" classname="org.springframework.test.util.XmlExpectationsHelperTests" time="0.032"/>
  <testcase name="assertXmlEqualForOutOfOrder()" classname="org.springframework.test.util.XmlExpectationsHelperTests" time="0.04"/>
  <testcase name="assertXmlEqualExceptionForMoreEntries()" classname="org.springframework.test.util.XmlExpectationsHelperTests" time="0.05"/>
  <testcase name="assertXmlEqualExceptionForLessEntries()" classname="org.springframework.test.util.XmlExpectationsHelperTests" time="0.038"/>
  <system-out><![CDATA[]]></system-out>
  <system-err><![CDATA[]]></system-err>
</testsuite>
