<?xml version="1.0" encoding="UTF-8"?>
<testsuite name="org.springframework.test.web.servlet.samples.standalone.resultmatchers.XmlContentAssertionTests" tests="2" skipped="0" failures="0" errors="0" timestamp="2023-03-20T08:10:18" hostname="DESKTOP-VGJP1PJ" time="0.088">
  <properties/>
  <testcase name="testNodeHamcrestMatcher()" classname="org.springframework.test.web.servlet.samples.standalone.resultmatchers.XmlContentAssertionTests" time="0.027"/>
  <testcase name="testXmlEqualTo()" classname="org.springframework.test.web.servlet.samples.standalone.resultmatchers.XmlContentAssertionTests" time="0.061"/>
  <system-out><![CDATA[]]></system-out>
  <system-err><![CDATA[]]></system-err>
</testsuite>
