<?xml version="1.0" encoding="UTF-8"?>
<testsuite name="org.springframework.test.web.reactive.server.MockServerSpecTests" tests="2" skipped="0" failures="0" errors="0" timestamp="2023-03-20T08:10:03" hostname="DESKTOP-VGJP1PJ" time="0.013">
  <properties/>
  <testcase name="applyFiltersAfterConfigurerAdded()" classname="org.springframework.test.web.reactive.server.MockServerSpecTests" time="0.009"/>
  <testcase name="applyFiltersBeforeServerCreated()" classname="org.springframework.test.web.reactive.server.MockServerSpecTests" time="0.004"/>
  <system-out><![CDATA[]]></system-out>
  <system-err><![CDATA[]]></system-err>
</testsuite>
