<?xml version="1.0" encoding="UTF-8"?>
<testsuite name="org.springframework.test.web.servlet.result.JsonPathResultMatchersTests" tests="43" skipped="0" failures="0" errors="0" timestamp="2023-03-20T08:10:10" hostname="DESKTOP-VGJP1PJ" time="0.041">
  <properties/>
  <testcase name="valueWithJsonPrefixNotConfigured()" classname="org.springframework.test.web.servlet.result.JsonPathResultMatchersTests" time="0.001"/>
  <testcase name="valueWithNumberConversion()" classname="org.springframework.test.web.servlet.result.JsonPathResultMatchersTests" time="0.0"/>
  <testcase name="exists()" classname="org.springframework.test.web.servlet.result.JsonPathResultMatchersTests" time="0.001"/>
  <testcase name="isNotEmptyForAnEmptyMap()" classname="org.springframework.test.web.servlet.result.JsonPathResultMatchersTests" time="0.001"/>
  <testcase name="doesNotExistNoMatch()" classname="org.springframework.test.web.servlet.result.JsonPathResultMatchersTests" time="0.001"/>
  <testcase name="isBooleanNoMatch()" classname="org.springframework.test.web.servlet.result.JsonPathResultMatchersTests" time="0.001"/>
  <testcase name="valueWithTypeMismatch()" classname="org.springframework.test.web.servlet.result.JsonPathResultMatchersTests" time="0.002"/>
  <testcase name="valueWithMatcherAndNumberConversion()" classname="org.springframework.test.web.servlet.result.JsonPathResultMatchersTests" time="0.0"/>
  <testcase name="existsForAnEmptyMap()" classname="org.springframework.test.web.servlet.result.JsonPathResultMatchersTests" time="0.0"/>
  <testcase name="isEmptyForAnEmptyMap()" classname="org.springframework.test.web.servlet.result.JsonPathResultMatchersTests" time="0.0"/>
  <testcase name="isArrayForAnEmptyArray()" classname="org.springframework.test.web.servlet.result.JsonPathResultMatchersTests" time="0.0"/>
  <testcase name="isEmptyForAnEmptyString()" classname="org.springframework.test.web.servlet.result.JsonPathResultMatchersTests" time="0.001"/>
  <testcase name="isNotEmptyForBoolean()" classname="org.springframework.test.web.servlet.result.JsonPathResultMatchersTests" time="0.0"/>
  <testcase name="isEmptyForAnEmptyArray()" classname="org.springframework.test.web.servlet.result.JsonPathResultMatchersTests" time="0.0"/>
  <testcase name="valueWithDirectMatch()" classname="org.springframework.test.web.servlet.result.JsonPathResultMatchersTests" time="0.0"/>
  <testcase name="isBoolean()" classname="org.springframework.test.web.servlet.result.JsonPathResultMatchersTests" time="0.0"/>
  <testcase name="isNumber()" classname="org.springframework.test.web.servlet.result.JsonPathResultMatchersTests" time="0.001"/>
  <testcase name="doesNotExist()" classname="org.springframework.test.web.servlet.result.JsonPathResultMatchersTests" time="0.0"/>
  <testcase name="existsForAnEmptyArray()" classname="org.springframework.test.web.servlet.result.JsonPathResultMatchersTests" time="0.0"/>
  <testcase name="isString()" classname="org.springframework.test.web.servlet.result.JsonPathResultMatchersTests" time="0.0"/>
  <testcase name="doesNotExistForAnEmptyArray()" classname="org.springframework.test.web.servlet.result.JsonPathResultMatchersTests" time="0.004"/>
  <testcase name="valueWithJsonPrefix()" classname="org.springframework.test.web.servlet.result.JsonPathResultMatchersTests" time="0.001"/>
  <testcase name="isArrayNoMatch()" classname="org.springframework.test.web.servlet.result.JsonPathResultMatchersTests" time="0.001"/>
  <testcase name="doesNotExistForAnEmptyMap()" classname="org.springframework.test.web.servlet.result.JsonPathResultMatchersTests" time="0.001"/>
  <testcase name="isNotEmptyForAnEmptyString()" classname="org.springframework.test.web.servlet.result.JsonPathResultMatchersTests" time="0.001"/>
  <testcase name="isStringNoMatch()" classname="org.springframework.test.web.servlet.result.JsonPathResultMatchersTests" time="0.002"/>
  <testcase name="isMapNoMatch()" classname="org.springframework.test.web.servlet.result.JsonPathResultMatchersTests" time="0.002"/>
  <testcase name="isMap()" classname="org.springframework.test.web.servlet.result.JsonPathResultMatchersTests" time="0.0"/>
  <testcase name="isNumberNoMatch()" classname="org.springframework.test.web.servlet.result.JsonPathResultMatchersTests" time="0.001"/>
  <testcase name="utf8ValueWithDirectMatch()" classname="org.springframework.test.web.servlet.result.JsonPathResultMatchersTests" time="0.0"/>
  <testcase name="valueWithMatcherAndMismatch()" classname="org.springframework.test.web.servlet.result.JsonPathResultMatchersTests" time="0.002"/>
  <testcase name="isNotEmptyForAnEmptyArray()" classname="org.springframework.test.web.servlet.result.JsonPathResultMatchersTests" time="0.001"/>
  <testcase name="valueWithMatcher()" classname="org.springframework.test.web.servlet.result.JsonPathResultMatchersTests" time="0.0"/>
  <testcase name="isNotEmptyForNumber()" classname="org.springframework.test.web.servlet.result.JsonPathResultMatchersTests" time="0.0"/>
  <testcase name="isNotEmptyForMap()" classname="org.springframework.test.web.servlet.result.JsonPathResultMatchersTests" time="0.0"/>
  <testcase name="valueWithJsonWrongPrefix()" classname="org.springframework.test.web.servlet.result.JsonPathResultMatchersTests" time="0.001"/>
  <testcase name="valueWithValueMismatch()" classname="org.springframework.test.web.servlet.result.JsonPathResultMatchersTests" time="0.0"/>
  <testcase name="isNotEmptyForString()" classname="org.springframework.test.web.servlet.result.JsonPathResultMatchersTests" time="0.001"/>
  <testcase name="existsNoMatch()" classname="org.springframework.test.web.servlet.result.JsonPathResultMatchersTests" time="0.001"/>
  <testcase name="prefixWithPayloadNotLongEnough()" classname="org.springframework.test.web.servlet.result.JsonPathResultMatchersTests" time="0.001"/>
  <testcase name="isMapForAnEmptyMap()" classname="org.springframework.test.web.servlet.result.JsonPathResultMatchersTests" time="0.0"/>
  <testcase name="isArray()" classname="org.springframework.test.web.servlet.result.JsonPathResultMatchersTests" time="0.002"/>
  <testcase name="isNotEmptyForArray()" classname="org.springframework.test.web.servlet.result.JsonPathResultMatchersTests" time="0.001"/>
  <system-out><![CDATA[]]></system-out>
  <system-err><![CDATA[]]></system-err>
</testsuite>
