<?xml version="1.0" encoding="UTF-8"?>
<testsuite name="org.springframework.test.context.junit.jupiter.generics.DogTests" tests="2" skipped="0" failures="0" errors="0" timestamp="2023-03-20T08:09:43" hostname="DESKTOP-VGJP1PJ" time="0.006">
  <properties/>
  <testcase name="autowiredParameterByTypeForSingleGenericBean(Character)" classname="org.springframework.test.context.junit.jupiter.generics.DogTests" time="0.002"/>
  <testcase name="autowiredFields()" classname="org.springframework.test.context.junit.jupiter.generics.DogTests" time="0.002"/>
  <system-out><![CDATA[]]></system-out>
  <system-err><![CDATA[]]></system-err>
</testsuite>
