<?xml version="1.0" encoding="UTF-8"?>
<testsuite name="org.springframework.test.context.junit4.TimedTransactionalSpringRunnerTests" tests="4" skipped="0" failures="0" errors="0" timestamp="2023-03-20T08:10:39" hostname="DESKTOP-VGJP1PJ" time="0.01">
  <properties/>
  <testcase name="notTransactionalWithJUnitTimeout" classname="org.springframework.test.context.junit4.TimedTransactionalSpringRunnerTests" time="0.002"/>
  <testcase name="transactionalWithSpringTimeout" classname="org.springframework.test.context.junit4.TimedTransactionalSpringRunnerTests" time="0.003"/>
  <testcase name="transactionalWithJUnitTimeout" classname="org.springframework.test.context.junit4.TimedTransactionalSpringRunnerTests" time="0.004"/>
  <testcase name="notTransactionalWithSpringTimeout" classname="org.springframework.test.context.junit4.TimedTransactionalSpringRunnerTests" time="0.0"/>
  <system-out><![CDATA[]]></system-out>
  <system-err><![CDATA[]]></system-err>
</testsuite>
