<?xml version="1.0" encoding="UTF-8"?>
<testsuite name="org.springframework.test.web.reactive.server.samples.bind.RouterFunctionTests" tests="1" skipped="0" failures="0" errors="0" timestamp="2023-03-20T08:10:04" hostname="DESKTOP-VGJP1PJ" time="0.008">
  <properties/>
  <testcase name="test()" classname="org.springframework.test.web.reactive.server.samples.bind.RouterFunctionTests" time="0.008"/>
  <system-out><![CDATA[]]></system-out>
  <system-err><![CDATA[]]></system-err>
</testsuite>
