<?xml version="1.0" encoding="UTF-8"?>
<testsuite name="org.springframework.test.web.servlet.setup.ConditionalDelegatingFilterProxyTests" tests="32" skipped="0" failures="0" errors="0" timestamp="2023-03-20T08:10:18" hostname="DESKTOP-VGJP1PJ" time="0.014">
  <properties/>
  <testcase name="matchPathMappingMissingSlash()" classname="org.springframework.test.web.servlet.setup.ConditionalDelegatingFilterProxyTests" time="0.001"/>
  <testcase name="noMatchPathMappingMissingSlash()" classname="org.springframework.test.web.servlet.setup.ConditionalDelegatingFilterProxyTests" time="0.0"/>
  <testcase name="specPathMappingMultiFolderPatternAlternate()" classname="org.springframework.test.web.servlet.setup.ConditionalDelegatingFilterProxyTests" time="0.0"/>
  <testcase name="noMatchExtensionSlashEnd()" classname="org.springframework.test.web.servlet.setup.ConditionalDelegatingFilterProxyTests" time="0.001"/>
  <testcase name="specExtensionMappingSingleFolder()" classname="org.springframework.test.web.servlet.setup.ConditionalDelegatingFilterProxyTests" time="0.0"/>
  <testcase name="specPathMappingMultiFolderPattern()" classname="org.springframework.test.web.servlet.setup.ConditionalDelegatingFilterProxyTests" time="0.001"/>
  <testcase name="matchPathMappingContextRootAndSlash()" classname="org.springframework.test.web.servlet.setup.ConditionalDelegatingFilterProxyTests" time="0.001"/>
  <testcase name="noMatchExtensionLarger()" classname="org.springframework.test.web.servlet.setup.ConditionalDelegatingFilterProxyTests" time="0.0"/>
  <testcase name="matchPathMappingFolderPattern()" classname="org.springframework.test.web.servlet.setup.ConditionalDelegatingFilterProxyTests" time="0.0"/>
  <testcase name="noMatchPathMappingEndSuffix()" classname="org.springframework.test.web.servlet.setup.ConditionalDelegatingFilterProxyTests" time="0.001"/>
  <testcase name="matchPathMappingFolderPatternWithMultiFolderPath()" classname="org.springframework.test.web.servlet.setup.ConditionalDelegatingFilterProxyTests" time="0.0"/>
  <testcase name="specPathMappingNoSlash()" classname="org.springframework.test.web.servlet.setup.ConditionalDelegatingFilterProxyTests" time="0.0"/>
  <testcase name="noMatchInvalidPattern()" classname="org.springframework.test.web.servlet.setup.ConditionalDelegatingFilterProxyTests" time="0.001"/>
  <testcase name="init()" classname="org.springframework.test.web.servlet.setup.ConditionalDelegatingFilterProxyTests" time="0.001"/>
  <testcase name="noMatchPathMappingMulti()" classname="org.springframework.test.web.servlet.setup.ConditionalDelegatingFilterProxyTests" time="0.0"/>
  <testcase name="specExtensionMapping()" classname="org.springframework.test.web.servlet.setup.ConditionalDelegatingFilterProxyTests" time="0.001"/>
  <testcase name="matchExtensionMulti()" classname="org.springframework.test.web.servlet.setup.ConditionalDelegatingFilterProxyTests" time="0.0"/>
  <testcase name="noMatchExtensionPeriodEnd()" classname="org.springframework.test.web.servlet.setup.ConditionalDelegatingFilterProxyTests" time="0.0"/>
  <testcase name="matchExtension()" classname="org.springframework.test.web.servlet.setup.ConditionalDelegatingFilterProxyTests" time="0.0"/>
  <testcase name="matchPathMappingAll()" classname="org.springframework.test.web.servlet.setup.ConditionalDelegatingFilterProxyTests" time="0.0"/>
  <testcase name="noMatchExtensionNoSlash()" classname="org.springframework.test.web.servlet.setup.ConditionalDelegatingFilterProxyTests" time="0.0"/>
  <testcase name="specPathMapping()" classname="org.springframework.test.web.servlet.setup.ConditionalDelegatingFilterProxyTests" time="0.0"/>
  <testcase name="matchPathMappingAllContextRoot()" classname="org.springframework.test.web.servlet.setup.ConditionalDelegatingFilterProxyTests" time="0.0"/>
  <testcase name="matchExactEmpty()" classname="org.springframework.test.web.servlet.setup.ConditionalDelegatingFilterProxyTests" time="0.001"/>
  <testcase name="destroy()" classname="org.springframework.test.web.servlet.setup.ConditionalDelegatingFilterProxyTests" time="0.0"/>
  <testcase name="noMatchPathMappingEnd()" classname="org.springframework.test.web.servlet.setup.ConditionalDelegatingFilterProxyTests" time="0.0"/>
  <testcase name="specExactMatch()" classname="org.springframework.test.web.servlet.setup.ConditionalDelegatingFilterProxyTests" time="0.001"/>
  <testcase name="matchExtensionNoFolder()" classname="org.springframework.test.web.servlet.setup.ConditionalDelegatingFilterProxyTests" time="0.0"/>
  <testcase name="matchExact()" classname="org.springframework.test.web.servlet.setup.ConditionalDelegatingFilterProxyTests" time="0.0"/>
  <testcase name="matchPathMappingAllFolder()" classname="org.springframework.test.web.servlet.setup.ConditionalDelegatingFilterProxyTests" time="0.0"/>
  <testcase name="matchPathMappingNoSuffix()" classname="org.springframework.test.web.servlet.setup.ConditionalDelegatingFilterProxyTests" time="0.0"/>
  <testcase name="matchExtensionNoPrefix()" classname="org.springframework.test.web.servlet.setup.ConditionalDelegatingFilterProxyTests" time="0.001"/>
  <system-out><![CDATA[]]></system-out>
  <system-err><![CDATA[]]></system-err>
</testsuite>
