<?xml version="1.0" encoding="UTF-8"?>
<testsuite name="org.springframework.test.context.TestContextConcurrencyTests" tests="1" skipped="0" failures="0" errors="0" timestamp="2023-03-20T08:09:54" hostname="DESKTOP-VGJP1PJ" time="0.01">
  <properties/>
  <testcase name="invokeTestContextManagerFromConcurrentThreads()" classname="org.springframework.test.context.TestContextConcurrencyTests" time="0.01"/>
  <system-out><![CDATA[]]></system-out>
  <system-err><![CDATA[]]></system-err>
</testsuite>
