<?xml version="1.0" encoding="UTF-8"?>
<testsuite name="org.springframework.mock.web.MockServletContextTests$MockServletContextWithFileSystemResourceLoaderTests" tests="4" skipped="0" failures="0" errors="0" timestamp="2023-03-20T08:09:33" hostname="DESKTOP-VGJP1PJ" time="0.007">
  <properties/>
  <testcase name="getResourceWithRelativePathToWindowsCDrive()" classname="org.springframework.mock.web.MockServletContextTests$MockServletContextWithFileSystemResourceLoaderTests" time="0.003"/>
  <testcase name="getResourcePathsWithRelativePathToWindowsCDrive()" classname="org.springframework.mock.web.MockServletContextTests$MockServletContextWithFileSystemResourceLoaderTests" time="0.0"/>
  <testcase name="getRealPathWithRelativePathToWindowsCDrive()" classname="org.springframework.mock.web.MockServletContextTests$MockServletContextWithFileSystemResourceLoaderTests" time="0.002"/>
  <testcase name="getResourceAsStreamWithRelativePathToWindowsCDrive()" classname="org.springframework.mock.web.MockServletContextTests$MockServletContextWithFileSystemResourceLoaderTests" time="0.0"/>
  <system-out><![CDATA[]]></system-out>
  <system-err><![CDATA[]]></system-err>
</testsuite>
