<?xml version="1.0" encoding="UTF-8"?>
<testsuite name="org.springframework.test.context.cache.SpringExtensionContextCacheTests" tests="3" skipped="0" failures="0" errors="0" timestamp="2023-03-20T08:09:36" hostname="DESKTOP-VGJP1PJ" time="0.049">
  <properties/>
  <testcase name="dirtyContext()" classname="org.springframework.test.context.cache.SpringExtensionContextCacheTests" time="0.002"/>
  <testcase name="verifyContextDirty()" classname="org.springframework.test.context.cache.SpringExtensionContextCacheTests" time="0.001"/>
  <testcase name="verifyContextNotDirty()" classname="org.springframework.test.context.cache.SpringExtensionContextCacheTests" time="0.001"/>
  <system-out><![CDATA[]]></system-out>
  <system-err><![CDATA[]]></system-err>
</testsuite>
