<?xml version="1.0" encoding="UTF-8"?>
<testsuite name="org.springframework.test.web.servlet.samples.standalone.resultmatchers.ModelAssertionTests" tests="5" skipped="0" failures="0" errors="0" timestamp="2023-03-20T08:10:18" hostname="DESKTOP-VGJP1PJ" time="0.087">
  <properties/>
  <testcase name="attributeHamcrestMatchers()" classname="org.springframework.test.web.servlet.samples.standalone.resultmatchers.ModelAssertionTests" time="0.019"/>
  <testcase name="attributeExists()" classname="org.springframework.test.web.servlet.samples.standalone.resultmatchers.ModelAssertionTests" time="0.016"/>
  <testcase name="hasNoErrors()" classname="org.springframework.test.web.servlet.samples.standalone.resultmatchers.ModelAssertionTests" time="0.017"/>
  <testcase name="attributeEqualTo()" classname="org.springframework.test.web.servlet.samples.standalone.resultmatchers.ModelAssertionTests" time="0.017"/>
  <testcase name="hasErrors()" classname="org.springframework.test.web.servlet.samples.standalone.resultmatchers.ModelAssertionTests" time="0.018"/>
  <system-out><![CDATA[]]></system-out>
  <system-err><![CDATA[]]></system-err>
</testsuite>
