<?xml version="1.0" encoding="UTF-8"?>
<testsuite name="org.springframework.test.web.reactive.server.DefaultControllerSpecTests" tests="4" skipped="0" failures="0" errors="0" timestamp="2023-03-20T08:10:02" hostname="DESKTOP-VGJP1PJ" time="0.288">
  <properties/>
  <testcase name="controllerAdvice()" classname="org.springframework.test.web.reactive.server.DefaultControllerSpecTests" time="0.125"/>
  <testcase name="controllerAdviceWithClassArgument()" classname="org.springframework.test.web.reactive.server.DefaultControllerSpecTests" time="0.079"/>
  <testcase name="controller()" classname="org.springframework.test.web.reactive.server.DefaultControllerSpecTests" time="0.047"/>
  <testcase name="configurerConsumers()" classname="org.springframework.test.web.reactive.server.DefaultControllerSpecTests" time="0.037"/>
  <system-out><![CDATA[]]></system-out>
  <system-err><![CDATA[]]></system-err>
</testsuite>
