<?xml version="1.0" encoding="UTF-8"?>
<testsuite name="org.springframework.test.jdbc.JdbcTestUtilsTests" tests="3" skipped="0" failures="0" errors="0" timestamp="2023-03-20T08:09:58" hostname="DESKTOP-VGJP1PJ" time="0.32">
  <properties/>
  <testcase name="deleteWithoutWhereClause()" classname="org.springframework.test.jdbc.JdbcTestUtilsTests" time="0.316"/>
  <testcase name="deleteWithWhereClauseAndArguments()" classname="org.springframework.test.jdbc.JdbcTestUtilsTests" time="0.002"/>
  <testcase name="deleteWithWhereClause()" classname="org.springframework.test.jdbc.JdbcTestUtilsTests" time="0.002"/>
  <system-out><![CDATA[]]></system-out>
  <system-err><![CDATA[]]></system-err>
</testsuite>
