<?xml version="1.0" encoding="UTF-8"?>
<testsuite name="org.springframework.web.reactive.function.client.ExchangeFilterFunctionsTests" tests="9" skipped="0" failures="0" errors="0" timestamp="2023-03-20T08:19:53" hostname="DESKTOP-VGJP1PJ" time="0.398">
  <properties/>
  <testcase name="basicAuthenticationInvalidCharacters()" classname="org.springframework.web.reactive.function.client.ExchangeFilterFunctionsTests" time="0.009"/>
  <testcase name="basicAuthenticationUsernamePassword()" classname="org.springframework.web.reactive.function.client.ExchangeFilterFunctionsTests" time="0.036"/>
  <testcase name="statusHandlerNoMatch()" classname="org.springframework.web.reactive.function.client.ExchangeFilterFunctionsTests" time="0.004"/>
  <testcase name="andThen()" classname="org.springframework.web.reactive.function.client.ExchangeFilterFunctionsTests" time="0.001"/>
  <testcase name="basicAuthenticationAttributes()" classname="org.springframework.web.reactive.function.client.ExchangeFilterFunctionsTests" time="0.002"/>
  <testcase name="limitResponseSize()" classname="org.springframework.web.reactive.function.client.ExchangeFilterFunctionsTests" time="0.332"/>
  <testcase name="apply()" classname="org.springframework.web.reactive.function.client.ExchangeFilterFunctionsTests" time="0.001"/>
  <testcase name="basicAuthenticationAbsentAttributes()" classname="org.springframework.web.reactive.function.client.ExchangeFilterFunctionsTests" time="0.001"/>
  <testcase name="statusHandlerMatch()" classname="org.springframework.web.reactive.function.client.ExchangeFilterFunctionsTests" time="0.006"/>
  <system-out><![CDATA[03:19:53.335 [Test worker] WARN  o.s.h.c.j.Jackson2ObjectMapperBuilder - For Jackson Kotlin classes support please add "com.fasterxml.jackson.module:jackson-module-kotlin" to the classpath
]]></system-out>
  <system-err><![CDATA[]]></system-err>
</testsuite>
