<?xml version="1.0" encoding="UTF-8"?>
<testsuite name="org.springframework.web.reactive.result.view.LocaleContextResolverIntegrationTests" tests="4" skipped="0" failures="0" errors="0" timestamp="2023-03-20T08:17:32" hostname="DESKTOP-VGJP1PJ" time="2.257">
  <properties/>
  <testcase name="fixedLocale(HttpServer)[1]" classname="org.springframework.web.reactive.result.view.LocaleContextResolverIntegrationTests" time="1.755"/>
  <testcase name="fixedLocale(HttpServer)[2]" classname="org.springframework.web.reactive.result.view.LocaleContextResolverIntegrationTests" time="0.109"/>
  <testcase name="fixedLocale(HttpServer)[3]" classname="org.springframework.web.reactive.result.view.LocaleContextResolverIntegrationTests" time="0.288"/>
  <testcase name="fixedLocale(HttpServer)[4]" classname="org.springframework.web.reactive.result.view.LocaleContextResolverIntegrationTests" time="0.061"/>
  <system-out><![CDATA[03:17:33.794 [Test worker] DEBUG o.s.w.r.r.m.a.RequestMappingHandlerMapping - 1 mappings in 'requestMappingHandlerMapping'
03:17:33.911 [Test worker] DEBUG o.s.w.r.r.m.a.ControllerMethodResolver - ControllerAdvice beans: none
03:17:33.954 [Test worker] DEBUG o.s.w.s.a.HttpWebHandlerAdapter - enableLoggingRequestDetails='false': form data and headers will be masked to prevent unsafe logging of potentially sensitive data
03:17:33.955 [Test worker] WARN  o.e.j.s.h.ContextHandler - Empty contextPath
03:17:33.958 [Test worker] INFO  o.e.j.s.h.ContextHandler - Started o.e.j.s.ServletContextHandler@7f21cac0{/,null,AVAILABLE}
03:17:33.958 [Test worker] DEBUG o.s.w.t.h.s.r.b.JettyHttpServer - Starting JettyHttpServer...
03:17:33.959 [Test worker] INFO  o.e.j.s.Server - jetty-9.4.31.v20200723; built: 2020-07-23T17:57:36.812Z; git: 450ba27947e13e66baa8cd1ce7e85a4461cacc1d; jvm 1.8.0_261-b12
03:17:34.034 [Test worker] INFO  o.e.j.s.AbstractConnector - Started ServerConnector@71f9987b{HTTP/1.1, (http/1.1)}{0.0.0.0:49362}
03:17:34.034 [Test worker] INFO  o.e.j.s.Server - Started @155257ms
03:17:34.034 [Test worker] DEBUG o.s.w.t.h.s.r.b.JettyHttpServer - Server started on port 49362(0 millis).
03:17:34.035 [Test worker] DEBUG o.s.w.r.f.c.ExchangeFunctions - [69c16232] HTTP GET http://localhost:49362/
03:17:34.111 [qtp318237917-2722] DEBUG o.s.w.s.a.HttpWebHandlerAdapter - [23597c80] HTTP GET "/"
03:17:34.112 [qtp318237917-2722] DEBUG o.s.w.r.r.m.a.RequestMappingHandlerMapping - [23597c80] Mapped to org.springframework.web.reactive.result.view.LocaleContextResolverIntegrationTests$TestController#foo()
03:17:34.117 [qtp318237917-2722] DEBUG o.s.w.r.r.v.ViewResolutionResultHandler - Using 'text/html' given [*/*] and supported [text/html]
03:17:34.118 [qtp318237917-2722] DEBUG o.s.w.s.a.HttpWebHandlerAdapter - [23597c80] Completed 200 OK
03:17:34.119 [reactor-http-nio-4] DEBUG o.s.w.r.f.c.ExchangeFunctions - [69c16232] Response 200 OK
03:17:34.131 [Test worker] DEBUG o.s.w.t.h.s.r.b.JettyHttpServer - Stopping JettyHttpServer...
03:17:34.131 [Test worker] INFO  o.e.j.s.h.ContextHandler - Stopped o.e.j.s.ServletContextHandler@7f21cac0{/,null,UNAVAILABLE}
03:17:34.133 [Test worker] INFO  o.e.j.s.AbstractConnector - Stopped ServerConnector@71f9987b{HTTP/1.1, (http/1.1)}{0.0.0.0:0}
03:17:34.143 [Test worker] DEBUG o.s.w.t.h.s.r.b.JettyHttpServer - Server stopped (0 millis).
03:17:34.221 [Test worker] DEBUG o.s.w.r.r.m.a.RequestMappingHandlerMapping - 1 mappings in 'requestMappingHandlerMapping'
03:17:34.252 [Test worker] DEBUG o.s.w.r.r.m.a.ControllerMethodResolver - ControllerAdvice beans: none
03:17:34.265 [Test worker] DEBUG o.s.w.s.a.HttpWebHandlerAdapter - enableLoggingRequestDetails='false': form data and headers will be masked to prevent unsafe logging of potentially sensitive data
03:17:34.266 [Test worker] DEBUG o.s.w.t.h.s.r.b.ReactorHttpServer - Starting ReactorHttpServer...
03:17:34.266 [Test worker] DEBUG o.s.w.t.h.s.r.b.ReactorHttpServer - Server started on port 49368(0 millis).
03:17:34.267 [Test worker] DEBUG o.s.w.r.f.c.ExchangeFunctions - [3f2e61eb] HTTP GET http://localhost:49368/
03:17:34.271 [reactor-http-nio-3] DEBUG o.s.w.s.a.HttpWebHandlerAdapter - [15f93eeb-45] HTTP GET "/"
03:17:34.272 [reactor-http-nio-3] DEBUG o.s.w.r.r.m.a.RequestMappingHandlerMapping - [15f93eeb-45] Mapped to org.springframework.web.reactive.result.view.LocaleContextResolverIntegrationTests$TestController#foo()
03:17:34.272 [reactor-http-nio-3] DEBUG o.s.w.r.r.v.ViewResolutionResultHandler - Using 'text/html' given [*/*] and supported [text/html]
03:17:34.273 [reactor-http-nio-3] DEBUG o.s.w.s.a.HttpWebHandlerAdapter - [15f93eeb-45] Completed 200 OK
03:17:34.273 [reactor-http-nio-2] DEBUG o.s.w.r.f.c.ExchangeFunctions - [3f2e61eb] Response 200 OK
03:17:34.274 [Test worker] DEBUG o.s.w.t.h.s.r.b.ReactorHttpServer - Stopping ReactorHttpServer...
03:17:34.274 [Test worker] DEBUG o.s.w.t.h.s.r.b.ReactorHttpServer - Server stopped (0 millis).
03:17:34.305 [Test worker] DEBUG o.s.w.r.r.m.a.RequestMappingHandlerMapping - 1 mappings in 'requestMappingHandlerMapping'
03:17:34.333 [Test worker] DEBUG o.s.w.r.r.m.a.ControllerMethodResolver - ControllerAdvice beans: none
03:17:34.367 [Test worker] DEBUG o.s.w.s.a.HttpWebHandlerAdapter - enableLoggingRequestDetails='false': form data and headers will be masked to prevent unsafe logging of potentially sensitive data
03:17:34.372 [Test worker] DEBUG o.s.w.t.h.s.r.b.TomcatHttpServer - Starting TomcatHttpServer...
03:17:34.388 [Test worker] DEBUG o.s.w.t.h.s.r.b.TomcatHttpServer - Server started on port 49370(0 millis).
03:17:34.388 [Test worker] DEBUG o.s.w.r.f.c.ExchangeFunctions - [402b5dc4] HTTP GET http://localhost:49370/
03:17:34.399 [http-nio-auto-44-exec-1] DEBUG o.s.w.s.a.HttpWebHandlerAdapter - [66db3b75] HTTP GET "/"
03:17:34.400 [http-nio-auto-44-exec-1] DEBUG o.s.w.r.r.m.a.RequestMappingHandlerMapping - [66db3b75] Mapped to org.springframework.web.reactive.result.view.LocaleContextResolverIntegrationTests$TestController#foo()
03:17:34.400 [http-nio-auto-44-exec-1] DEBUG o.s.w.r.r.v.ViewResolutionResultHandler - Using 'text/html' given [*/*] and supported [text/html]
03:17:34.400 [http-nio-auto-44-exec-1] DEBUG o.s.w.s.a.HttpWebHandlerAdapter - [66db3b75] Completed 200 OK
03:17:34.401 [reactor-http-nio-4] DEBUG o.s.w.r.f.c.ExchangeFunctions - [402b5dc4] Response 200 OK
03:17:34.401 [Test worker] DEBUG o.s.w.t.h.s.r.b.TomcatHttpServer - Stopping TomcatHttpServer...
03:17:34.575 [Test worker] DEBUG o.s.w.t.h.s.r.b.TomcatHttpServer - Server stopped (0 millis).
03:17:34.604 [Test worker] DEBUG o.s.w.r.r.m.a.RequestMappingHandlerMapping - 1 mappings in 'requestMappingHandlerMapping'
03:17:34.618 [Test worker] DEBUG o.s.w.r.r.m.a.ControllerMethodResolver - ControllerAdvice beans: none
03:17:34.631 [Test worker] DEBUG o.s.w.s.a.HttpWebHandlerAdapter - enableLoggingRequestDetails='false': form data and headers will be masked to prevent unsafe logging of potentially sensitive data
03:17:34.631 [Test worker] DEBUG o.s.w.t.h.s.r.b.UndertowHttpServer - Starting UndertowHttpServer...
03:17:34.631 [Test worker] INFO  i.undertow - starting server: Undertow - 2.1.3.Final
03:17:34.637 [Test worker] DEBUG o.s.w.t.h.s.r.b.UndertowHttpServer - Server started on port 49387(0 millis).
03:17:34.637 [Test worker] DEBUG o.s.w.r.f.c.ExchangeFunctions - [55451832] HTTP GET http://localhost:49387/
03:17:34.641 [XNIO-42 I/O-3] DEBUG o.s.w.s.a.HttpWebHandlerAdapter - [4a980a2f] HTTP GET "/"
03:17:34.642 [XNIO-42 I/O-3] DEBUG o.s.w.r.r.m.a.RequestMappingHandlerMapping - [4a980a2f] Mapped to org.springframework.web.reactive.result.view.LocaleContextResolverIntegrationTests$TestController#foo()
03:17:34.643 [XNIO-42 I/O-3] DEBUG o.s.w.r.r.v.ViewResolutionResultHandler - Using 'text/html' given [*/*] and supported [text/html]
03:17:34.643 [XNIO-42 I/O-3] DEBUG o.s.w.s.a.HttpWebHandlerAdapter - [4a980a2f] Completed 200 OK
03:17:34.643 [reactor-http-nio-1] DEBUG o.s.w.r.f.c.ExchangeFunctions - [55451832] Response 200 OK
03:17:34.643 [Test worker] DEBUG o.s.w.t.h.s.r.b.UndertowHttpServer - Stopping UndertowHttpServer...
03:17:34.643 [Test worker] INFO  i.undertow - stopping server: Undertow - 2.1.3.Final
03:17:34.645 [Test worker] DEBUG o.s.w.t.h.s.r.b.UndertowHttpServer - Server stopped (0 millis).
]]></system-out>
  <system-err><![CDATA[]]></system-err>
</testsuite>
