<?xml version="1.0" encoding="UTF-8"?>
<testsuite name="org.springframework.web.reactive.result.method.annotation.CrossOriginAnnotationIntegrationTests" tests="64" skipped="0" failures="0" errors="0" timestamp="2023-03-20T08:14:27" hostname="DESKTOP-VGJP1PJ" time="33.594">
  <properties/>
  <testcase name="customOriginDefinedViaPlaceholder(HttpServer)[1]" classname="org.springframework.web.reactive.result.method.annotation.CrossOriginAnnotationIntegrationTests" time="4.119"/>
  <testcase name="customOriginDefinedViaPlaceholder(HttpServer)[2]" classname="org.springframework.web.reactive.result.method.annotation.CrossOriginAnnotationIntegrationTests" time="0.217"/>
  <testcase name="customOriginDefinedViaPlaceholder(HttpServer)[3]" classname="org.springframework.web.reactive.result.method.annotation.CrossOriginAnnotationIntegrationTests" time="1.252"/>
  <testcase name="customOriginDefinedViaPlaceholder(HttpServer)[4]" classname="org.springframework.web.reactive.result.method.annotation.CrossOriginAnnotationIntegrationTests" time="0.303"/>
  <testcase name="customOriginPatternDefinedViaPlaceholder(HttpServer)[1]" classname="org.springframework.web.reactive.result.method.annotation.CrossOriginAnnotationIntegrationTests" time="0.148"/>
  <testcase name="customOriginPatternDefinedViaPlaceholder(HttpServer)[2]" classname="org.springframework.web.reactive.result.method.annotation.CrossOriginAnnotationIntegrationTests" time="0.3"/>
  <testcase name="customOriginPatternDefinedViaPlaceholder(HttpServer)[3]" classname="org.springframework.web.reactive.result.method.annotation.CrossOriginAnnotationIntegrationTests" time="1.354"/>
  <testcase name="customOriginPatternDefinedViaPlaceholder(HttpServer)[4]" classname="org.springframework.web.reactive.result.method.annotation.CrossOriginAnnotationIntegrationTests" time="0.214"/>
  <testcase name="actualGetRequestWithoutAnnotation(HttpServer)[1]" classname="org.springframework.web.reactive.result.method.annotation.CrossOriginAnnotationIntegrationTests" time="0.239"/>
  <testcase name="actualGetRequestWithoutAnnotation(HttpServer)[2]" classname="org.springframework.web.reactive.result.method.annotation.CrossOriginAnnotationIntegrationTests" time="0.09"/>
  <testcase name="actualGetRequestWithoutAnnotation(HttpServer)[3]" classname="org.springframework.web.reactive.result.method.annotation.CrossOriginAnnotationIntegrationTests" time="0.906"/>
  <testcase name="actualGetRequestWithoutAnnotation(HttpServer)[4]" classname="org.springframework.web.reactive.result.method.annotation.CrossOriginAnnotationIntegrationTests" time="0.329"/>
  <testcase name="customOriginDefinedViaValueAttribute(HttpServer)[1]" classname="org.springframework.web.reactive.result.method.annotation.CrossOriginAnnotationIntegrationTests" time="0.109"/>
  <testcase name="customOriginDefinedViaValueAttribute(HttpServer)[2]" classname="org.springframework.web.reactive.result.method.annotation.CrossOriginAnnotationIntegrationTests" time="0.12"/>
  <testcase name="customOriginDefinedViaValueAttribute(HttpServer)[3]" classname="org.springframework.web.reactive.result.method.annotation.CrossOriginAnnotationIntegrationTests" time="0.587"/>
  <testcase name="customOriginDefinedViaValueAttribute(HttpServer)[4]" classname="org.springframework.web.reactive.result.method.annotation.CrossOriginAnnotationIntegrationTests" time="0.329"/>
  <testcase name="classLevel(HttpServer)[1]" classname="org.springframework.web.reactive.result.method.annotation.CrossOriginAnnotationIntegrationTests" time="0.279"/>
  <testcase name="classLevel(HttpServer)[2]" classname="org.springframework.web.reactive.result.method.annotation.CrossOriginAnnotationIntegrationTests" time="0.231"/>
  <testcase name="classLevel(HttpServer)[3]" classname="org.springframework.web.reactive.result.method.annotation.CrossOriginAnnotationIntegrationTests" time="0.722"/>
  <testcase name="classLevel(HttpServer)[4]" classname="org.springframework.web.reactive.result.method.annotation.CrossOriginAnnotationIntegrationTests" time="0.54"/>
  <testcase name="actualRequestWithDefaultAnnotationAndNoOrigin(HttpServer)[1]" classname="org.springframework.web.reactive.result.method.annotation.CrossOriginAnnotationIntegrationTests" time="0.3"/>
  <testcase name="actualRequestWithDefaultAnnotationAndNoOrigin(HttpServer)[2]" classname="org.springframework.web.reactive.result.method.annotation.CrossOriginAnnotationIntegrationTests" time="0.157"/>
  <testcase name="actualRequestWithDefaultAnnotationAndNoOrigin(HttpServer)[3]" classname="org.springframework.web.reactive.result.method.annotation.CrossOriginAnnotationIntegrationTests" time="1.13"/>
  <testcase name="actualRequestWithDefaultAnnotationAndNoOrigin(HttpServer)[4]" classname="org.springframework.web.reactive.result.method.annotation.CrossOriginAnnotationIntegrationTests" time="0.409"/>
  <testcase name="actualRequestWithCustomizedAnnotation(HttpServer)[1]" classname="org.springframework.web.reactive.result.method.annotation.CrossOriginAnnotationIntegrationTests" time="0.327"/>
  <testcase name="actualRequestWithCustomizedAnnotation(HttpServer)[2]" classname="org.springframework.web.reactive.result.method.annotation.CrossOriginAnnotationIntegrationTests" time="0.121"/>
  <testcase name="actualRequestWithCustomizedAnnotation(HttpServer)[3]" classname="org.springframework.web.reactive.result.method.annotation.CrossOriginAnnotationIntegrationTests" time="0.585"/>
  <testcase name="actualRequestWithCustomizedAnnotation(HttpServer)[4]" classname="org.springframework.web.reactive.result.method.annotation.CrossOriginAnnotationIntegrationTests" time="0.262"/>
  <testcase name="preflightRequestWithoutAnnotation(HttpServer)[1]" classname="org.springframework.web.reactive.result.method.annotation.CrossOriginAnnotationIntegrationTests" time="0.505"/>
  <testcase name="preflightRequestWithoutAnnotation(HttpServer)[2]" classname="org.springframework.web.reactive.result.method.annotation.CrossOriginAnnotationIntegrationTests" time="0.401"/>
  <testcase name="preflightRequestWithoutAnnotation(HttpServer)[3]" classname="org.springframework.web.reactive.result.method.annotation.CrossOriginAnnotationIntegrationTests" time="0.858"/>
  <testcase name="preflightRequestWithoutAnnotation(HttpServer)[4]" classname="org.springframework.web.reactive.result.method.annotation.CrossOriginAnnotationIntegrationTests" time="0.15"/>
  <testcase name="ambiguousHeaderPreflightRequest(HttpServer)[1]" classname="org.springframework.web.reactive.result.method.annotation.CrossOriginAnnotationIntegrationTests" time="0.145"/>
  <testcase name="ambiguousHeaderPreflightRequest(HttpServer)[2]" classname="org.springframework.web.reactive.result.method.annotation.CrossOriginAnnotationIntegrationTests" time="0.143"/>
  <testcase name="ambiguousHeaderPreflightRequest(HttpServer)[3]" classname="org.springframework.web.reactive.result.method.annotation.CrossOriginAnnotationIntegrationTests" time="2.273"/>
  <testcase name="ambiguousHeaderPreflightRequest(HttpServer)[4]" classname="org.springframework.web.reactive.result.method.annotation.CrossOriginAnnotationIntegrationTests" time="0.205"/>
  <testcase name="ambiguousProducesPreflightRequest(HttpServer)[1]" classname="org.springframework.web.reactive.result.method.annotation.CrossOriginAnnotationIntegrationTests" time="0.208"/>
  <testcase name="ambiguousProducesPreflightRequest(HttpServer)[2]" classname="org.springframework.web.reactive.result.method.annotation.CrossOriginAnnotationIntegrationTests" time="0.16"/>
  <testcase name="ambiguousProducesPreflightRequest(HttpServer)[3]" classname="org.springframework.web.reactive.result.method.annotation.CrossOriginAnnotationIntegrationTests" time="0.564"/>
  <testcase name="ambiguousProducesPreflightRequest(HttpServer)[4]" classname="org.springframework.web.reactive.result.method.annotation.CrossOriginAnnotationIntegrationTests" time="0.157"/>
  <testcase name="preflightRequestWithDefaultAnnotation(HttpServer)[1]" classname="org.springframework.web.reactive.result.method.annotation.CrossOriginAnnotationIntegrationTests" time="0.115"/>
  <testcase name="preflightRequestWithDefaultAnnotation(HttpServer)[2]" classname="org.springframework.web.reactive.result.method.annotation.CrossOriginAnnotationIntegrationTests" time="0.224"/>
  <testcase name="preflightRequestWithDefaultAnnotation(HttpServer)[3]" classname="org.springframework.web.reactive.result.method.annotation.CrossOriginAnnotationIntegrationTests" time="0.405"/>
  <testcase name="preflightRequestWithDefaultAnnotation(HttpServer)[4]" classname="org.springframework.web.reactive.result.method.annotation.CrossOriginAnnotationIntegrationTests" time="0.529"/>
  <testcase name="customOriginPatternDefinedViaValueAttribute(HttpServer)[1]" classname="org.springframework.web.reactive.result.method.annotation.CrossOriginAnnotationIntegrationTests" time="0.127"/>
  <testcase name="customOriginPatternDefinedViaValueAttribute(HttpServer)[2]" classname="org.springframework.web.reactive.result.method.annotation.CrossOriginAnnotationIntegrationTests" time="0.401"/>
  <testcase name="customOriginPatternDefinedViaValueAttribute(HttpServer)[3]" classname="org.springframework.web.reactive.result.method.annotation.CrossOriginAnnotationIntegrationTests" time="3.098"/>
  <testcase name="customOriginPatternDefinedViaValueAttribute(HttpServer)[4]" classname="org.springframework.web.reactive.result.method.annotation.CrossOriginAnnotationIntegrationTests" time="1.239"/>
  <testcase name="preflightRequestWithCustomizedAnnotation(HttpServer)[1]" classname="org.springframework.web.reactive.result.method.annotation.CrossOriginAnnotationIntegrationTests" time="0.128"/>
  <testcase name="preflightRequestWithCustomizedAnnotation(HttpServer)[2]" classname="org.springframework.web.reactive.result.method.annotation.CrossOriginAnnotationIntegrationTests" time="0.08"/>
  <testcase name="preflightRequestWithCustomizedAnnotation(HttpServer)[3]" classname="org.springframework.web.reactive.result.method.annotation.CrossOriginAnnotationIntegrationTests" time="0.944"/>
  <testcase name="preflightRequestWithCustomizedAnnotation(HttpServer)[4]" classname="org.springframework.web.reactive.result.method.annotation.CrossOriginAnnotationIntegrationTests" time="0.263"/>
  <testcase name="actualRequestWithDefaultAnnotation(HttpServer)[1]" classname="org.springframework.web.reactive.result.method.annotation.CrossOriginAnnotationIntegrationTests" time="0.338"/>
  <testcase name="actualRequestWithDefaultAnnotation(HttpServer)[2]" classname="org.springframework.web.reactive.result.method.annotation.CrossOriginAnnotationIntegrationTests" time="0.224"/>
  <testcase name="actualRequestWithDefaultAnnotation(HttpServer)[3]" classname="org.springframework.web.reactive.result.method.annotation.CrossOriginAnnotationIntegrationTests" time="0.471"/>
  <testcase name="actualRequestWithDefaultAnnotation(HttpServer)[4]" classname="org.springframework.web.reactive.result.method.annotation.CrossOriginAnnotationIntegrationTests" time="0.157"/>
  <testcase name="optionsRequestWithAccessControlRequestMethod(HttpServer)[1]" classname="org.springframework.web.reactive.result.method.annotation.CrossOriginAnnotationIntegrationTests" time="0.097"/>
  <testcase name="optionsRequestWithAccessControlRequestMethod(HttpServer)[2]" classname="org.springframework.web.reactive.result.method.annotation.CrossOriginAnnotationIntegrationTests" time="0.266"/>
  <testcase name="optionsRequestWithAccessControlRequestMethod(HttpServer)[3]" classname="org.springframework.web.reactive.result.method.annotation.CrossOriginAnnotationIntegrationTests" time="0.5"/>
  <testcase name="optionsRequestWithAccessControlRequestMethod(HttpServer)[4]" classname="org.springframework.web.reactive.result.method.annotation.CrossOriginAnnotationIntegrationTests" time="0.226"/>
  <testcase name="actualPostRequestWithoutAnnotation(HttpServer)[1]" classname="org.springframework.web.reactive.result.method.annotation.CrossOriginAnnotationIntegrationTests" time="0.187"/>
  <testcase name="actualPostRequestWithoutAnnotation(HttpServer)[2]" classname="org.springframework.web.reactive.result.method.annotation.CrossOriginAnnotationIntegrationTests" time="0.179"/>
  <testcase name="actualPostRequestWithoutAnnotation(HttpServer)[3]" classname="org.springframework.web.reactive.result.method.annotation.CrossOriginAnnotationIntegrationTests" time="0.383"/>
  <testcase name="actualPostRequestWithoutAnnotation(HttpServer)[4]" classname="org.springframework.web.reactive.result.method.annotation.CrossOriginAnnotationIntegrationTests" time="0.196"/>
  <system-out><![CDATA[03:14:30.701 [Test worker] DEBUG o.s.w.r.r.m.a.RequestMappingHandlerMapping - 16 mappings in 'requestMappingHandlerMapping'
03:14:30.775 [Test worker] DEBUG o.s.w.r.r.m.a.ControllerMethodResolver - ControllerAdvice beans: none
03:14:30.869 [Test worker] DEBUG o.s.w.s.a.HttpWebHandlerAdapter - enableLoggingRequestDetails='false': form data and headers will be masked to prevent unsafe logging of potentially sensitive data
03:14:30.870 [Test worker] WARN  o.e.j.s.h.ContextHandler - Empty contextPath
03:14:30.870 [Test worker] INFO  o.e.j.s.h.ContextHandler - Started o.e.j.s.ServletContextHandler@13f96787{/,null,AVAILABLE}
03:14:30.871 [Test worker] DEBUG o.s.w.t.h.s.r.b.JettyHttpServer - Starting JettyHttpServer...
03:14:30.871 [Test worker] INFO  o.e.j.s.Server - jetty-9.4.31.v20200723; built: 2020-07-23T17:57:36.812Z; git: 450ba27947e13e66baa8cd1ce7e85a4461cacc1d; jvm 1.8.0_261-b12
03:14:30.877 [Test worker] INFO  o.e.j.s.AbstractConnector - Started ServerConnector@534940d6{HTTP/1.1, (http/1.1)}{0.0.0.0:61920}
03:14:30.877 [Test worker] INFO  o.e.j.s.Server - Started @102489ms
03:14:30.877 [Test worker] DEBUG o.s.w.t.h.s.r.b.JettyHttpServer - Server started on port 61920(0 millis).
03:14:31.427 [Test worker] DEBUG o.s.w.c.RestTemplate - HTTP GET http://localhost:61920/origin-placeholder
03:14:31.427 [Test worker] DEBUG o.s.w.c.RestTemplate - Accept=[text/plain, application/json, application/x-jackson-smile, application/*+json, */*]
03:14:31.607 [qtp1680439888-550] DEBUG o.s.w.s.a.HttpWebHandlerAdapter - [46996b0d] HTTP GET "/origin-placeholder"
03:14:31.608 [qtp1680439888-550] DEBUG o.s.w.r.r.m.a.RequestMappingHandlerMapping - [46996b0d] Mapped to org.springframework.web.reactive.result.method.annotation.CrossOriginAnnotationIntegrationTests$MethodLevelController#customOriginDefinedViaPlaceholder()
03:14:31.616 [qtp1680439888-550] DEBUG o.s.w.r.r.m.a.ResponseBodyResultHandler - Using 'text/plain;charset=UTF-8' given [text/plain, application/json, application/x-jackson-smile, application/*+json, */*] and supported [text/plain;charset=UTF-8, text/event-stream, text/plain;charset=UTF-8, */*]
03:14:31.616 [qtp1680439888-550] DEBUG o.s.w.r.r.m.a.ResponseBodyResultHandler - [46996b0d] 0..1 [java.lang.String]
03:14:31.618 [qtp1680439888-550] DEBUG o.s.c.c.CharSequenceEncoder - [46996b0d] Writing "placeholder"
03:14:31.620 [qtp1680439888-550] DEBUG o.s.w.s.a.HttpWebHandlerAdapter - [46996b0d] Completed 200 OK
03:14:31.639 [Test worker] DEBUG o.s.w.c.RestTemplate - Response 200 OK
03:14:31.640 [Test worker] DEBUG o.s.w.c.RestTemplate - Reading to [java.lang.String] as "text/plain;charset=utf-8"
03:14:31.642 [Test worker] DEBUG o.s.w.t.h.s.r.b.JettyHttpServer - Stopping JettyHttpServer...
03:14:31.642 [Test worker] INFO  o.e.j.s.h.ContextHandler - Stopped o.e.j.s.ServletContextHandler@13f96787{/,null,UNAVAILABLE}
03:14:31.655 [Test worker] INFO  o.e.j.s.AbstractConnector - Stopped ServerConnector@534940d6{HTTP/1.1, (http/1.1)}{0.0.0.0:0}
03:14:31.656 [Test worker] DEBUG o.s.w.t.h.s.r.b.JettyHttpServer - Server stopped (0 millis).
03:14:31.795 [Test worker] DEBUG o.s.w.r.r.m.a.RequestMappingHandlerMapping - 16 mappings in 'requestMappingHandlerMapping'
03:14:31.837 [Test worker] DEBUG o.s.w.r.r.m.a.ControllerMethodResolver - ControllerAdvice beans: none
03:14:31.861 [Test worker] DEBUG o.s.w.s.a.HttpWebHandlerAdapter - enableLoggingRequestDetails='false': form data and headers will be masked to prevent unsafe logging of potentially sensitive data
03:14:31.861 [Test worker] DEBUG o.s.w.t.h.s.r.b.ReactorHttpServer - Starting ReactorHttpServer...
03:14:31.863 [Test worker] DEBUG o.s.w.t.h.s.r.b.ReactorHttpServer - Server started on port 61926(0 millis).
03:14:31.863 [Test worker] DEBUG o.s.w.c.RestTemplate - HTTP GET http://localhost:61926/origin-placeholder
03:14:31.863 [Test worker] DEBUG o.s.w.c.RestTemplate - Accept=[text/plain, application/json, application/x-jackson-smile, application/*+json, */*]
03:14:31.888 [reactor-http-nio-4] DEBUG o.s.w.s.a.HttpWebHandlerAdapter - [d2001e6e-14] HTTP GET "/origin-placeholder"
03:14:31.888 [reactor-http-nio-4] DEBUG o.s.w.r.r.m.a.RequestMappingHandlerMapping - [d2001e6e-14] Mapped to org.springframework.web.reactive.result.method.annotation.CrossOriginAnnotationIntegrationTests$MethodLevelController#customOriginDefinedViaPlaceholder()
03:14:31.893 [reactor-http-nio-4] DEBUG o.s.w.r.r.m.a.ResponseBodyResultHandler - Using 'text/plain;charset=UTF-8' given [text/plain, application/json, application/x-jackson-smile, application/*+json, */*] and supported [text/plain;charset=UTF-8, text/event-stream, text/plain;charset=UTF-8, */*]
03:14:31.893 [reactor-http-nio-4] DEBUG o.s.w.r.r.m.a.ResponseBodyResultHandler - [d2001e6e-14] 0..1 [java.lang.String]
03:14:31.893 [reactor-http-nio-4] DEBUG o.s.c.c.CharSequenceEncoder - [d2001e6e-14] Writing "placeholder"
03:14:31.895 [reactor-http-nio-4] DEBUG o.s.w.s.a.HttpWebHandlerAdapter - [d2001e6e-14] Completed 200 OK
03:14:31.895 [Test worker] DEBUG o.s.w.c.RestTemplate - Response 200 OK
03:14:31.895 [Test worker] DEBUG o.s.w.c.RestTemplate - Reading to [java.lang.String] as "text/plain;charset=UTF-8"
03:14:31.895 [Test worker] DEBUG o.s.w.t.h.s.r.b.ReactorHttpServer - Stopping ReactorHttpServer...
03:14:31.897 [Test worker] DEBUG o.s.w.t.h.s.r.b.ReactorHttpServer - Server stopped (0 millis).
03:14:31.994 [Test worker] DEBUG o.s.w.r.r.m.a.RequestMappingHandlerMapping - 16 mappings in 'requestMappingHandlerMapping'
03:14:32.037 [Test worker] DEBUG o.s.w.r.r.m.a.ControllerMethodResolver - ControllerAdvice beans: none
03:14:32.098 [Test worker] DEBUG o.s.w.s.a.HttpWebHandlerAdapter - enableLoggingRequestDetails='false': form data and headers will be masked to prevent unsafe logging of potentially sensitive data
03:14:32.099 [Test worker] DEBUG o.s.w.t.h.s.r.b.TomcatHttpServer - Starting TomcatHttpServer...
03:14:32.143 [Test worker] DEBUG o.s.w.t.h.s.r.b.TomcatHttpServer - Server started on port 61929(0 millis).
03:14:32.144 [Test worker] DEBUG o.s.w.c.RestTemplate - HTTP GET http://localhost:61929/origin-placeholder
03:14:32.144 [Test worker] DEBUG o.s.w.c.RestTemplate - Accept=[text/plain, application/json, application/x-jackson-smile, application/*+json, */*]
03:14:32.154 [http-nio-auto-14-exec-1] DEBUG o.s.w.s.a.HttpWebHandlerAdapter - [2ba3fad1] HTTP GET "/origin-placeholder"
03:14:32.154 [http-nio-auto-14-exec-1] DEBUG o.s.w.r.r.m.a.RequestMappingHandlerMapping - [2ba3fad1] Mapped to org.springframework.web.reactive.result.method.annotation.CrossOriginAnnotationIntegrationTests$MethodLevelController#customOriginDefinedViaPlaceholder()
03:14:32.248 [http-nio-auto-14-exec-1] DEBUG o.s.w.r.r.m.a.ResponseBodyResultHandler - Using 'text/plain;charset=UTF-8' given [text/plain, application/json, application/x-jackson-smile, application/*+json, */*] and supported [text/plain;charset=UTF-8, text/event-stream, text/plain;charset=UTF-8, */*]
03:14:32.248 [http-nio-auto-14-exec-1] DEBUG o.s.w.r.r.m.a.ResponseBodyResultHandler - [2ba3fad1] 0..1 [java.lang.String]
03:14:32.249 [http-nio-auto-14-exec-1] DEBUG o.s.c.c.CharSequenceEncoder - [2ba3fad1] Writing "placeholder"
03:14:32.251 [http-nio-auto-14-exec-1] DEBUG o.s.w.s.a.HttpWebHandlerAdapter - [2ba3fad1] Completed 200 OK
03:14:32.258 [Test worker] DEBUG o.s.w.c.RestTemplate - Response 200 OK
03:14:32.258 [Test worker] DEBUG o.s.w.c.RestTemplate - Reading to [java.lang.String] as "text/plain;charset=UTF-8"
03:14:32.259 [Test worker] DEBUG o.s.w.t.h.s.r.b.TomcatHttpServer - Stopping TomcatHttpServer...
03:14:33.167 [Test worker] DEBUG o.s.w.t.h.s.r.b.TomcatHttpServer - Server stopped (0 millis).
03:14:33.304 [Test worker] DEBUG o.s.w.r.r.m.a.RequestMappingHandlerMapping - 16 mappings in 'requestMappingHandlerMapping'
03:14:33.339 [Test worker] DEBUG o.s.w.r.r.m.a.ControllerMethodResolver - ControllerAdvice beans: none
03:14:33.377 [Test worker] DEBUG o.s.w.s.a.HttpWebHandlerAdapter - enableLoggingRequestDetails='false': form data and headers will be masked to prevent unsafe logging of potentially sensitive data
03:14:33.377 [Test worker] DEBUG o.s.w.t.h.s.r.b.UndertowHttpServer - Starting UndertowHttpServer...
03:14:33.377 [Test worker] INFO  i.undertow - starting server: Undertow - 2.1.3.Final
03:14:33.390 [Test worker] DEBUG o.s.w.t.h.s.r.b.UndertowHttpServer - Server started on port 61972(0 millis).
03:14:33.391 [Test worker] DEBUG o.s.w.c.RestTemplate - HTTP GET http://localhost:61972/origin-placeholder
03:14:33.392 [Test worker] DEBUG o.s.w.c.RestTemplate - Accept=[text/plain, application/json, application/x-jackson-smile, application/*+json, */*]
03:14:33.433 [XNIO-13 I/O-3] DEBUG o.s.w.s.a.HttpWebHandlerAdapter - [3ff7d3a2] HTTP GET "/origin-placeholder"
03:14:33.433 [XNIO-13 I/O-3] DEBUG o.s.w.r.r.m.a.RequestMappingHandlerMapping - [3ff7d3a2] Mapped to org.springframework.web.reactive.result.method.annotation.CrossOriginAnnotationIntegrationTests$MethodLevelController#customOriginDefinedViaPlaceholder()
03:14:33.486 [XNIO-13 I/O-3] DEBUG o.s.w.r.r.m.a.ResponseBodyResultHandler - Using 'text/plain;charset=UTF-8' given [text/plain, application/json, application/x-jackson-smile, application/*+json, */*] and supported [text/plain;charset=UTF-8, text/event-stream, text/plain;charset=UTF-8, */*]
03:14:33.486 [XNIO-13 I/O-3] DEBUG o.s.w.r.r.m.a.ResponseBodyResultHandler - [3ff7d3a2] 0..1 [java.lang.String]
03:14:33.486 [XNIO-13 I/O-3] DEBUG o.s.c.c.CharSequenceEncoder - [3ff7d3a2] Writing "placeholder"
03:14:33.487 [Test worker] DEBUG o.s.w.c.RestTemplate - Response 200 OK
03:14:33.487 [Test worker] DEBUG o.s.w.c.RestTemplate - Reading to [java.lang.String] as "text/plain;charset=UTF-8"
03:14:33.488 [Test worker] DEBUG o.s.w.t.h.s.r.b.UndertowHttpServer - Stopping UndertowHttpServer...
03:14:33.488 [Test worker] INFO  i.undertow - stopping server: Undertow - 2.1.3.Final
03:14:33.492 [XNIO-13 I/O-3] DEBUG o.s.w.s.a.HttpWebHandlerAdapter - [3ff7d3a2] Completed 200 OK
03:14:33.492 [Test worker] DEBUG o.s.w.t.h.s.r.b.UndertowHttpServer - Server stopped (0 millis).
03:14:33.561 [Test worker] DEBUG o.s.w.r.r.m.a.RequestMappingHandlerMapping - 16 mappings in 'requestMappingHandlerMapping'
03:14:33.595 [Test worker] DEBUG o.s.w.r.r.m.a.ControllerMethodResolver - ControllerAdvice beans: none
03:14:33.628 [Test worker] DEBUG o.s.w.s.a.HttpWebHandlerAdapter - enableLoggingRequestDetails='false': form data and headers will be masked to prevent unsafe logging of potentially sensitive data
03:14:33.629 [Test worker] WARN  o.e.j.s.h.ContextHandler - Empty contextPath
03:14:33.629 [Test worker] INFO  o.e.j.s.h.ContextHandler - Started o.e.j.s.ServletContextHandler@6ea41910{/,null,AVAILABLE}
03:14:33.630 [Test worker] DEBUG o.s.w.t.h.s.r.b.JettyHttpServer - Starting JettyHttpServer...
03:14:33.630 [Test worker] INFO  o.e.j.s.Server - jetty-9.4.31.v20200723; built: 2020-07-23T17:57:36.812Z; git: 450ba27947e13e66baa8cd1ce7e85a4461cacc1d; jvm 1.8.0_261-b12
03:14:33.647 [Test worker] INFO  o.e.j.s.AbstractConnector - Started ServerConnector@5a970b6f{HTTP/1.1, (http/1.1)}{0.0.0.0:61974}
03:14:33.648 [Test worker] INFO  o.e.j.s.Server - Started @105259ms
03:14:33.648 [Test worker] DEBUG o.s.w.t.h.s.r.b.JettyHttpServer - Server started on port 61974(0 millis).
03:14:33.648 [Test worker] DEBUG o.s.w.c.RestTemplate - HTTP GET http://localhost:61974/origin-pattern-placeholder
03:14:33.648 [Test worker] DEBUG o.s.w.c.RestTemplate - Accept=[text/plain, application/json, application/x-jackson-smile, application/*+json, */*]
03:14:33.652 [qtp784400752-589] DEBUG o.s.w.s.a.HttpWebHandlerAdapter - [1a6d87b9] HTTP GET "/origin-pattern-placeholder"
03:14:33.652 [qtp784400752-589] DEBUG o.s.w.r.r.m.a.RequestMappingHandlerMapping - [1a6d87b9] Mapped to org.springframework.web.reactive.result.method.annotation.CrossOriginAnnotationIntegrationTests$MethodLevelController#customOriginPatternDefinedViaPlaceholder()
03:14:33.654 [qtp784400752-589] DEBUG o.s.w.r.r.m.a.ResponseBodyResultHandler - Using 'text/plain;charset=UTF-8' given [text/plain, application/json, application/x-jackson-smile, application/*+json, */*] and supported [text/plain;charset=UTF-8, text/event-stream, text/plain;charset=UTF-8, */*]
03:14:33.654 [qtp784400752-589] DEBUG o.s.w.r.r.m.a.ResponseBodyResultHandler - [1a6d87b9] 0..1 [java.lang.String]
03:14:33.654 [qtp784400752-589] DEBUG o.s.c.c.CharSequenceEncoder - [1a6d87b9] Writing "pattern-placeholder"
03:14:33.655 [Test worker] DEBUG o.s.w.c.RestTemplate - Response 200 OK
03:14:33.655 [Test worker] DEBUG o.s.w.c.RestTemplate - Reading to [java.lang.String] as "text/plain;charset=utf-8"
03:14:33.655 [qtp784400752-589] DEBUG o.s.w.s.a.HttpWebHandlerAdapter - [1a6d87b9] Completed 200 OK
03:14:33.655 [Test worker] DEBUG o.s.w.t.h.s.r.b.JettyHttpServer - Stopping JettyHttpServer...
03:14:33.656 [Test worker] INFO  o.e.j.s.h.ContextHandler - Stopped o.e.j.s.ServletContextHandler@6ea41910{/,null,UNAVAILABLE}
03:14:33.658 [Test worker] INFO  o.e.j.s.AbstractConnector - Stopped ServerConnector@5a970b6f{HTTP/1.1, (http/1.1)}{0.0.0.0:0}
03:14:33.658 [Test worker] DEBUG o.s.w.t.h.s.r.b.JettyHttpServer - Server stopped (0 millis).
03:14:33.758 [Test worker] DEBUG o.s.w.r.r.m.a.RequestMappingHandlerMapping - 16 mappings in 'requestMappingHandlerMapping'
03:14:33.791 [Test worker] DEBUG o.s.w.r.r.m.a.ControllerMethodResolver - ControllerAdvice beans: none
03:14:33.834 [Test worker] DEBUG o.s.w.s.a.HttpWebHandlerAdapter - enableLoggingRequestDetails='false': form data and headers will be masked to prevent unsafe logging of potentially sensitive data
03:14:33.835 [Test worker] DEBUG o.s.w.t.h.s.r.b.ReactorHttpServer - Starting ReactorHttpServer...
03:14:33.836 [Test worker] DEBUG o.s.w.t.h.s.r.b.ReactorHttpServer - Server started on port 61980(0 millis).
03:14:33.851 [Test worker] DEBUG o.s.w.c.RestTemplate - HTTP GET http://localhost:61980/origin-pattern-placeholder
03:14:33.852 [Test worker] DEBUG o.s.w.c.RestTemplate - Accept=[text/plain, application/json, application/x-jackson-smile, application/*+json, */*]
03:14:33.967 [reactor-http-nio-2] DEBUG o.s.w.s.a.HttpWebHandlerAdapter - [2dd931e7-15] HTTP GET "/origin-pattern-placeholder"
03:14:33.967 [reactor-http-nio-2] DEBUG o.s.w.r.r.m.a.RequestMappingHandlerMapping - [2dd931e7-15] Mapped to org.springframework.web.reactive.result.method.annotation.CrossOriginAnnotationIntegrationTests$MethodLevelController#customOriginPatternDefinedViaPlaceholder()
03:14:33.968 [reactor-http-nio-2] DEBUG o.s.w.r.r.m.a.ResponseBodyResultHandler - Using 'text/plain;charset=UTF-8' given [text/plain, application/json, application/x-jackson-smile, application/*+json, */*] and supported [text/plain;charset=UTF-8, text/event-stream, text/plain;charset=UTF-8, */*]
03:14:33.968 [reactor-http-nio-2] DEBUG o.s.w.r.r.m.a.ResponseBodyResultHandler - [2dd931e7-15] 0..1 [java.lang.String]
03:14:33.968 [reactor-http-nio-2] DEBUG o.s.c.c.CharSequenceEncoder - [2dd931e7-15] Writing "pattern-placeholder"
03:14:33.970 [reactor-http-nio-2] DEBUG o.s.w.s.a.HttpWebHandlerAdapter - [2dd931e7-15] Completed 200 OK
03:14:33.972 [Test worker] DEBUG o.s.w.c.RestTemplate - Response 200 OK
03:14:33.972 [Test worker] DEBUG o.s.w.c.RestTemplate - Reading to [java.lang.String] as "text/plain;charset=UTF-8"
03:14:33.975 [Test worker] DEBUG o.s.w.t.h.s.r.b.ReactorHttpServer - Stopping ReactorHttpServer...
03:14:33.976 [Test worker] DEBUG o.s.w.t.h.s.r.b.ReactorHttpServer - Server stopped (0 millis).
03:14:34.310 [Test worker] DEBUG o.s.w.r.r.m.a.RequestMappingHandlerMapping - 16 mappings in 'requestMappingHandlerMapping'
03:14:34.363 [Test worker] DEBUG o.s.w.r.r.m.a.ControllerMethodResolver - ControllerAdvice beans: none
03:14:34.438 [Test worker] DEBUG o.s.w.s.a.HttpWebHandlerAdapter - enableLoggingRequestDetails='false': form data and headers will be masked to prevent unsafe logging of potentially sensitive data
03:14:34.441 [Test worker] DEBUG o.s.w.t.h.s.r.b.TomcatHttpServer - Starting TomcatHttpServer...
03:14:34.458 [Test worker] DEBUG o.s.w.t.h.s.r.b.TomcatHttpServer - Server started on port 61983(0 millis).
03:14:34.459 [Test worker] DEBUG o.s.w.c.RestTemplate - HTTP GET http://localhost:61983/origin-pattern-placeholder
03:14:34.461 [Test worker] DEBUG o.s.w.c.RestTemplate - Accept=[text/plain, application/json, application/x-jackson-smile, application/*+json, */*]
03:14:34.642 [http-nio-auto-15-exec-1] DEBUG o.s.w.s.a.HttpWebHandlerAdapter - [49b6e555] HTTP GET "/origin-pattern-placeholder"
03:14:34.643 [http-nio-auto-15-exec-1] DEBUG o.s.w.r.r.m.a.RequestMappingHandlerMapping - [49b6e555] Mapped to org.springframework.web.reactive.result.method.annotation.CrossOriginAnnotationIntegrationTests$MethodLevelController#customOriginPatternDefinedViaPlaceholder()
03:14:34.664 [http-nio-auto-15-exec-1] DEBUG o.s.w.r.r.m.a.ResponseBodyResultHandler - Using 'text/plain;charset=UTF-8' given [text/plain, application/json, application/x-jackson-smile, application/*+json, */*] and supported [text/plain;charset=UTF-8, text/event-stream, text/plain;charset=UTF-8, */*]
03:14:34.664 [http-nio-auto-15-exec-1] DEBUG o.s.w.r.r.m.a.ResponseBodyResultHandler - [49b6e555] 0..1 [java.lang.String]
03:14:34.664 [http-nio-auto-15-exec-1] DEBUG o.s.c.c.CharSequenceEncoder - [49b6e555] Writing "pattern-placeholder"
03:14:34.669 [Test worker] DEBUG o.s.w.c.RestTemplate - Response 200 OK
03:14:34.669 [Test worker] DEBUG o.s.w.c.RestTemplate - Reading to [java.lang.String] as "text/plain;charset=UTF-8"
03:14:34.669 [Test worker] DEBUG o.s.w.t.h.s.r.b.TomcatHttpServer - Stopping TomcatHttpServer...
03:14:34.672 [http-nio-auto-15-exec-1] DEBUG o.s.w.s.a.HttpWebHandlerAdapter - [49b6e555] Completed 200 OK
03:14:35.347 [Test worker] DEBUG o.s.w.t.h.s.r.b.TomcatHttpServer - Server stopped (0 millis).
03:14:35.464 [Test worker] DEBUG o.s.w.r.r.m.a.RequestMappingHandlerMapping - 16 mappings in 'requestMappingHandlerMapping'
03:14:35.505 [Test worker] DEBUG o.s.w.r.r.m.a.ControllerMethodResolver - ControllerAdvice beans: none
03:14:35.536 [Test worker] DEBUG o.s.w.s.a.HttpWebHandlerAdapter - enableLoggingRequestDetails='false': form data and headers will be masked to prevent unsafe logging of potentially sensitive data
03:14:35.536 [Test worker] DEBUG o.s.w.t.h.s.r.b.UndertowHttpServer - Starting UndertowHttpServer...
03:14:35.536 [Test worker] INFO  i.undertow - starting server: Undertow - 2.1.3.Final
03:14:35.546 [Test worker] DEBUG o.s.w.t.h.s.r.b.UndertowHttpServer - Server started on port 62012(0 millis).
03:14:35.546 [Test worker] DEBUG o.s.w.c.RestTemplate - HTTP GET http://localhost:62012/origin-pattern-placeholder
03:14:35.547 [Test worker] DEBUG o.s.w.c.RestTemplate - Accept=[text/plain, application/json, application/x-jackson-smile, application/*+json, */*]
03:14:35.573 [XNIO-14 I/O-3] DEBUG o.s.w.s.a.HttpWebHandlerAdapter - [66e16865] HTTP GET "/origin-pattern-placeholder"
03:14:35.574 [XNIO-14 I/O-3] DEBUG o.s.w.r.r.m.a.RequestMappingHandlerMapping - [66e16865] Mapped to org.springframework.web.reactive.result.method.annotation.CrossOriginAnnotationIntegrationTests$MethodLevelController#customOriginPatternDefinedViaPlaceholder()
03:14:35.575 [XNIO-14 I/O-3] DEBUG o.s.w.r.r.m.a.ResponseBodyResultHandler - Using 'text/plain;charset=UTF-8' given [text/plain, application/json, application/x-jackson-smile, application/*+json, */*] and supported [text/plain;charset=UTF-8, text/event-stream, text/plain;charset=UTF-8, */*]
03:14:35.575 [XNIO-14 I/O-3] DEBUG o.s.w.r.r.m.a.ResponseBodyResultHandler - [66e16865] 0..1 [java.lang.String]
03:14:35.575 [XNIO-14 I/O-3] DEBUG o.s.c.c.CharSequenceEncoder - [66e16865] Writing "pattern-placeholder"
03:14:35.576 [XNIO-14 I/O-3] DEBUG o.s.w.s.a.HttpWebHandlerAdapter - [66e16865] Completed 200 OK
03:14:35.576 [Test worker] DEBUG o.s.w.c.RestTemplate - Response 200 OK
03:14:35.576 [Test worker] DEBUG o.s.w.c.RestTemplate - Reading to [java.lang.String] as "text/plain;charset=UTF-8"
03:14:35.577 [Test worker] DEBUG o.s.w.t.h.s.r.b.UndertowHttpServer - Stopping UndertowHttpServer...
03:14:35.577 [Test worker] INFO  i.undertow - stopping server: Undertow - 2.1.3.Final
03:14:35.579 [Test worker] DEBUG o.s.w.t.h.s.r.b.UndertowHttpServer - Server stopped (0 millis).
03:14:35.672 [Test worker] DEBUG o.s.w.r.r.m.a.RequestMappingHandlerMapping - 16 mappings in 'requestMappingHandlerMapping'
03:14:35.745 [Test worker] DEBUG o.s.w.r.r.m.a.ControllerMethodResolver - ControllerAdvice beans: none
03:14:35.786 [Test worker] DEBUG o.s.w.s.a.HttpWebHandlerAdapter - enableLoggingRequestDetails='false': form data and headers will be masked to prevent unsafe logging of potentially sensitive data
03:14:35.790 [Test worker] WARN  o.e.j.s.h.ContextHandler - Empty contextPath
03:14:35.800 [Test worker] INFO  o.e.j.s.h.ContextHandler - Started o.e.j.s.ServletContextHandler@65053f41{/,null,AVAILABLE}
03:14:35.802 [Test worker] DEBUG o.s.w.t.h.s.r.b.JettyHttpServer - Starting JettyHttpServer...
03:14:35.802 [Test worker] INFO  o.e.j.s.Server - jetty-9.4.31.v20200723; built: 2020-07-23T17:57:36.812Z; git: 450ba27947e13e66baa8cd1ce7e85a4461cacc1d; jvm 1.8.0_261-b12
03:14:35.818 [Test worker] INFO  o.e.j.s.AbstractConnector - Started ServerConnector@21db8e10{HTTP/1.1, (http/1.1)}{0.0.0.0:62014}
03:14:35.818 [Test worker] INFO  o.e.j.s.Server - Started @107430ms
03:14:35.819 [Test worker] DEBUG o.s.w.t.h.s.r.b.JettyHttpServer - Server started on port 62014(0 millis).
03:14:35.819 [Test worker] DEBUG o.s.w.c.RestTemplate - HTTP GET http://localhost:62014/no
03:14:35.819 [Test worker] DEBUG o.s.w.c.RestTemplate - Accept=[text/plain, application/json, application/x-jackson-smile, application/*+json, */*]
03:14:35.823 [qtp434062299-630] DEBUG o.s.w.s.a.HttpWebHandlerAdapter - [19c69164] HTTP GET "/no"
03:14:35.824 [qtp434062299-630] DEBUG o.s.w.r.r.m.a.RequestMappingHandlerMapping - [19c69164] Mapped to org.springframework.web.reactive.result.method.annotation.CrossOriginAnnotationIntegrationTests$MethodLevelController#noAnnotation()
03:14:35.831 [qtp434062299-630] DEBUG o.s.w.r.r.m.a.ResponseBodyResultHandler - Using 'text/plain;charset=UTF-8' given [text/plain, application/json, application/x-jackson-smile, application/*+json, */*] and supported [text/plain;charset=UTF-8, text/event-stream, text/plain;charset=UTF-8, */*]
03:14:35.831 [qtp434062299-630] DEBUG o.s.w.r.r.m.a.ResponseBodyResultHandler - [19c69164] 0..1 [java.lang.String]
03:14:35.831 [qtp434062299-630] DEBUG o.s.c.c.CharSequenceEncoder - [19c69164] Writing "no"
03:14:35.832 [qtp434062299-630] DEBUG o.s.w.s.a.HttpWebHandlerAdapter - [19c69164] Completed 200 OK
03:14:35.832 [Test worker] DEBUG o.s.w.c.RestTemplate - Response 200 OK
03:14:35.832 [Test worker] DEBUG o.s.w.c.RestTemplate - Reading to [java.lang.String] as "text/plain;charset=utf-8"
03:14:35.833 [Test worker] DEBUG o.s.w.t.h.s.r.b.JettyHttpServer - Stopping JettyHttpServer...
03:14:35.833 [Test worker] INFO  o.e.j.s.h.ContextHandler - Stopped o.e.j.s.ServletContextHandler@65053f41{/,null,UNAVAILABLE}
03:14:35.834 [Test worker] INFO  o.e.j.s.AbstractConnector - Stopped ServerConnector@21db8e10{HTTP/1.1, (http/1.1)}{0.0.0.0:0}
03:14:35.834 [Test worker] DEBUG o.s.w.t.h.s.r.b.JettyHttpServer - Server stopped (0 millis).
03:14:35.906 [Test worker] DEBUG o.s.w.r.r.m.a.RequestMappingHandlerMapping - 16 mappings in 'requestMappingHandlerMapping'
03:14:35.922 [Test worker] DEBUG o.s.w.r.r.m.a.ControllerMethodResolver - ControllerAdvice beans: none
03:14:35.937 [Test worker] DEBUG o.s.w.s.a.HttpWebHandlerAdapter - enableLoggingRequestDetails='false': form data and headers will be masked to prevent unsafe logging of potentially sensitive data
03:14:35.937 [Test worker] DEBUG o.s.w.t.h.s.r.b.ReactorHttpServer - Starting ReactorHttpServer...
03:14:35.938 [Test worker] DEBUG o.s.w.t.h.s.r.b.ReactorHttpServer - Server started on port 62020(0 millis).
03:14:35.938 [Test worker] DEBUG o.s.w.c.RestTemplate - HTTP GET http://localhost:62020/no
03:14:35.939 [Test worker] DEBUG o.s.w.c.RestTemplate - Accept=[text/plain, application/json, application/x-jackson-smile, application/*+json, */*]
03:14:35.942 [reactor-http-nio-4] DEBUG o.s.w.s.a.HttpWebHandlerAdapter - [4c126115-16] HTTP GET "/no"
03:14:35.942 [reactor-http-nio-4] DEBUG o.s.w.r.r.m.a.RequestMappingHandlerMapping - [4c126115-16] Mapped to org.springframework.web.reactive.result.method.annotation.CrossOriginAnnotationIntegrationTests$MethodLevelController#noAnnotation()
03:14:35.943 [reactor-http-nio-4] DEBUG o.s.w.r.r.m.a.ResponseBodyResultHandler - Using 'text/plain;charset=UTF-8' given [text/plain, application/json, application/x-jackson-smile, application/*+json, */*] and supported [text/plain;charset=UTF-8, text/event-stream, text/plain;charset=UTF-8, */*]
03:14:35.943 [reactor-http-nio-4] DEBUG o.s.w.r.r.m.a.ResponseBodyResultHandler - [4c126115-16] 0..1 [java.lang.String]
03:14:35.943 [reactor-http-nio-4] DEBUG o.s.c.c.CharSequenceEncoder - [4c126115-16] Writing "no"
03:14:35.944 [reactor-http-nio-4] DEBUG o.s.w.s.a.HttpWebHandlerAdapter - [4c126115-16] Completed 200 OK
03:14:35.944 [Test worker] DEBUG o.s.w.c.RestTemplate - Response 200 OK
03:14:35.945 [Test worker] DEBUG o.s.w.c.RestTemplate - Reading to [java.lang.String] as "text/plain;charset=UTF-8"
03:14:35.945 [Test worker] DEBUG o.s.w.t.h.s.r.b.ReactorHttpServer - Stopping ReactorHttpServer...
03:14:35.945 [Test worker] DEBUG o.s.w.t.h.s.r.b.ReactorHttpServer - Server stopped (0 millis).
03:14:36.034 [Test worker] DEBUG o.s.w.r.r.m.a.RequestMappingHandlerMapping - 16 mappings in 'requestMappingHandlerMapping'
03:14:36.104 [Test worker] DEBUG o.s.w.r.r.m.a.ControllerMethodResolver - ControllerAdvice beans: none
03:14:36.130 [Test worker] DEBUG o.s.w.s.a.HttpWebHandlerAdapter - enableLoggingRequestDetails='false': form data and headers will be masked to prevent unsafe logging of potentially sensitive data
03:14:36.131 [Test worker] DEBUG o.s.w.t.h.s.r.b.TomcatHttpServer - Starting TomcatHttpServer...
03:14:36.152 [Test worker] DEBUG o.s.w.t.h.s.r.b.TomcatHttpServer - Server started on port 62022(0 millis).
03:14:36.152 [Test worker] DEBUG o.s.w.c.RestTemplate - HTTP GET http://localhost:62022/no
03:14:36.152 [Test worker] DEBUG o.s.w.c.RestTemplate - Accept=[text/plain, application/json, application/x-jackson-smile, application/*+json, */*]
03:14:36.172 [http-nio-auto-16-exec-1] DEBUG o.s.w.s.a.HttpWebHandlerAdapter - [6b9d7d48] HTTP GET "/no"
03:14:36.173 [http-nio-auto-16-exec-1] DEBUG o.s.w.r.r.m.a.RequestMappingHandlerMapping - [6b9d7d48] Mapped to org.springframework.web.reactive.result.method.annotation.CrossOriginAnnotationIntegrationTests$MethodLevelController#noAnnotation()
03:14:36.174 [http-nio-auto-16-exec-1] DEBUG o.s.w.r.r.m.a.ResponseBodyResultHandler - Using 'text/plain;charset=UTF-8' given [text/plain, application/json, application/x-jackson-smile, application/*+json, */*] and supported [text/plain;charset=UTF-8, text/event-stream, text/plain;charset=UTF-8, */*]
03:14:36.174 [http-nio-auto-16-exec-1] DEBUG o.s.w.r.r.m.a.ResponseBodyResultHandler - [6b9d7d48] 0..1 [java.lang.String]
03:14:36.174 [http-nio-auto-16-exec-1] DEBUG o.s.c.c.CharSequenceEncoder - [6b9d7d48] Writing "no"
03:14:36.176 [http-nio-auto-16-exec-1] DEBUG o.s.w.s.a.HttpWebHandlerAdapter - [6b9d7d48] Completed 200 OK
03:14:36.176 [Test worker] DEBUG o.s.w.c.RestTemplate - Response 200 OK
03:14:36.177 [Test worker] DEBUG o.s.w.c.RestTemplate - Reading to [java.lang.String] as "text/plain;charset=UTF-8"
03:14:36.177 [Test worker] DEBUG o.s.w.t.h.s.r.b.TomcatHttpServer - Stopping TomcatHttpServer...
03:14:36.867 [Test worker] DEBUG o.s.w.t.h.s.r.b.TomcatHttpServer - Server stopped (0 millis).
03:14:36.981 [Test worker] DEBUG o.s.w.r.r.m.a.RequestMappingHandlerMapping - 16 mappings in 'requestMappingHandlerMapping'
03:14:37.037 [Test worker] DEBUG o.s.w.r.r.m.a.ControllerMethodResolver - ControllerAdvice beans: none
03:14:37.158 [Test worker] DEBUG o.s.w.s.a.HttpWebHandlerAdapter - enableLoggingRequestDetails='false': form data and headers will be masked to prevent unsafe logging of potentially sensitive data
03:14:37.159 [Test worker] DEBUG o.s.w.t.h.s.r.b.UndertowHttpServer - Starting UndertowHttpServer...
03:14:37.159 [Test worker] INFO  i.undertow - starting server: Undertow - 2.1.3.Final
03:14:37.176 [Test worker] DEBUG o.s.w.t.h.s.r.b.UndertowHttpServer - Server started on port 62047(0 millis).
03:14:37.176 [Test worker] DEBUG o.s.w.c.RestTemplate - HTTP GET http://localhost:62047/no
03:14:37.177 [Test worker] DEBUG o.s.w.c.RestTemplate - Accept=[text/plain, application/json, application/x-jackson-smile, application/*+json, */*]
03:14:37.205 [XNIO-15 I/O-3] DEBUG o.s.w.s.a.HttpWebHandlerAdapter - [43484aa] HTTP GET "/no"
03:14:37.205 [XNIO-15 I/O-3] DEBUG o.s.w.r.r.m.a.RequestMappingHandlerMapping - [43484aa] Mapped to org.springframework.web.reactive.result.method.annotation.CrossOriginAnnotationIntegrationTests$MethodLevelController#noAnnotation()
03:14:37.206 [XNIO-15 I/O-3] DEBUG o.s.w.r.r.m.a.ResponseBodyResultHandler - Using 'text/plain;charset=UTF-8' given [text/plain, application/json, application/x-jackson-smile, application/*+json, */*] and supported [text/plain;charset=UTF-8, text/event-stream, text/plain;charset=UTF-8, */*]
03:14:37.206 [XNIO-15 I/O-3] DEBUG o.s.w.r.r.m.a.ResponseBodyResultHandler - [43484aa] 0..1 [java.lang.String]
03:14:37.207 [XNIO-15 I/O-3] DEBUG o.s.c.c.CharSequenceEncoder - [43484aa] Writing "no"
03:14:37.207 [XNIO-15 I/O-3] DEBUG o.s.w.s.a.HttpWebHandlerAdapter - [43484aa] Completed 200 OK
03:14:37.208 [Test worker] DEBUG o.s.w.c.RestTemplate - Response 200 OK
03:14:37.208 [Test worker] DEBUG o.s.w.c.RestTemplate - Reading to [java.lang.String] as "text/plain;charset=UTF-8"
03:14:37.208 [Test worker] DEBUG o.s.w.t.h.s.r.b.UndertowHttpServer - Stopping UndertowHttpServer...
03:14:37.208 [Test worker] INFO  i.undertow - stopping server: Undertow - 2.1.3.Final
03:14:37.212 [Test worker] DEBUG o.s.w.t.h.s.r.b.UndertowHttpServer - Server stopped (0 millis).
03:14:37.278 [Test worker] DEBUG o.s.w.r.r.m.a.RequestMappingHandlerMapping - 16 mappings in 'requestMappingHandlerMapping'
03:14:37.303 [Test worker] DEBUG o.s.w.r.r.m.a.ControllerMethodResolver - ControllerAdvice beans: none
03:14:37.321 [Test worker] DEBUG o.s.w.s.a.HttpWebHandlerAdapter - enableLoggingRequestDetails='false': form data and headers will be masked to prevent unsafe logging of potentially sensitive data
03:14:37.322 [Test worker] WARN  o.e.j.s.h.ContextHandler - Empty contextPath
03:14:37.322 [Test worker] INFO  o.e.j.s.h.ContextHandler - Started o.e.j.s.ServletContextHandler@743261bc{/,null,AVAILABLE}
03:14:37.323 [Test worker] DEBUG o.s.w.t.h.s.r.b.JettyHttpServer - Starting JettyHttpServer...
03:14:37.323 [Test worker] INFO  o.e.j.s.Server - jetty-9.4.31.v20200723; built: 2020-07-23T17:57:36.812Z; git: 450ba27947e13e66baa8cd1ce7e85a4461cacc1d; jvm 1.8.0_261-b12
03:14:37.329 [Test worker] INFO  o.e.j.s.AbstractConnector - Started ServerConnector@6b8a051b{HTTP/1.1, (http/1.1)}{0.0.0.0:62055}
03:14:37.329 [Test worker] INFO  o.e.j.s.Server - Started @108941ms
03:14:37.329 [Test worker] DEBUG o.s.w.t.h.s.r.b.JettyHttpServer - Server started on port 62055(0 millis).
03:14:37.329 [Test worker] DEBUG o.s.w.c.RestTemplate - HTTP GET http://localhost:62055/origin-value-attribute
03:14:37.329 [Test worker] DEBUG o.s.w.c.RestTemplate - Accept=[text/plain, application/json, application/x-jackson-smile, application/*+json, */*]
03:14:37.333 [qtp1196459458-675] DEBUG o.s.w.s.a.HttpWebHandlerAdapter - [32f1e0d5] HTTP GET "/origin-value-attribute"
03:14:37.333 [qtp1196459458-675] DEBUG o.s.w.r.r.m.a.RequestMappingHandlerMapping - [32f1e0d5] Mapped to org.springframework.web.reactive.result.method.annotation.CrossOriginAnnotationIntegrationTests$MethodLevelController#customOriginDefinedViaValueAttribute()
03:14:37.334 [qtp1196459458-675] DEBUG o.s.w.r.r.m.a.ResponseBodyResultHandler - Using 'text/plain;charset=UTF-8' given [text/plain, application/json, application/x-jackson-smile, application/*+json, */*] and supported [text/plain;charset=UTF-8, text/event-stream, text/plain;charset=UTF-8, */*]
03:14:37.335 [qtp1196459458-675] DEBUG o.s.w.r.r.m.a.ResponseBodyResultHandler - [32f1e0d5] 0..1 [java.lang.String]
03:14:37.335 [qtp1196459458-675] DEBUG o.s.c.c.CharSequenceEncoder - [32f1e0d5] Writing "value-attribute"
03:14:37.335 [qtp1196459458-675] DEBUG o.s.w.s.a.HttpWebHandlerAdapter - [32f1e0d5] Completed 200 OK
03:14:37.335 [Test worker] DEBUG o.s.w.c.RestTemplate - Response 200 OK
03:14:37.336 [Test worker] DEBUG o.s.w.c.RestTemplate - Reading to [java.lang.String] as "text/plain;charset=utf-8"
03:14:37.336 [Test worker] DEBUG o.s.w.t.h.s.r.b.JettyHttpServer - Stopping JettyHttpServer...
03:14:37.336 [Test worker] INFO  o.e.j.s.h.ContextHandler - Stopped o.e.j.s.ServletContextHandler@743261bc{/,null,UNAVAILABLE}
03:14:37.338 [Test worker] INFO  o.e.j.s.AbstractConnector - Stopped ServerConnector@6b8a051b{HTTP/1.1, (http/1.1)}{0.0.0.0:0}
03:14:37.339 [Test worker] DEBUG o.s.w.t.h.s.r.b.JettyHttpServer - Server stopped (0 millis).
03:14:37.406 [Test worker] DEBUG o.s.w.r.r.m.a.RequestMappingHandlerMapping - 16 mappings in 'requestMappingHandlerMapping'
03:14:37.436 [Test worker] DEBUG o.s.w.r.r.m.a.ControllerMethodResolver - ControllerAdvice beans: none
03:14:37.458 [Test worker] DEBUG o.s.w.s.a.HttpWebHandlerAdapter - enableLoggingRequestDetails='false': form data and headers will be masked to prevent unsafe logging of potentially sensitive data
03:14:37.458 [Test worker] DEBUG o.s.w.t.h.s.r.b.ReactorHttpServer - Starting ReactorHttpServer...
03:14:37.459 [Test worker] DEBUG o.s.w.t.h.s.r.b.ReactorHttpServer - Server started on port 62061(0 millis).
03:14:37.460 [Test worker] DEBUG o.s.w.c.RestTemplate - HTTP GET http://localhost:62061/origin-value-attribute
03:14:37.460 [Test worker] DEBUG o.s.w.c.RestTemplate - Accept=[text/plain, application/json, application/x-jackson-smile, application/*+json, */*]
03:14:37.464 [reactor-http-nio-2] DEBUG o.s.w.s.a.HttpWebHandlerAdapter - [ea37d4ce-17] HTTP GET "/origin-value-attribute"
03:14:37.464 [reactor-http-nio-2] DEBUG o.s.w.r.r.m.a.RequestMappingHandlerMapping - [ea37d4ce-17] Mapped to org.springframework.web.reactive.result.method.annotation.CrossOriginAnnotationIntegrationTests$MethodLevelController#customOriginDefinedViaValueAttribute()
03:14:37.465 [reactor-http-nio-2] DEBUG o.s.w.r.r.m.a.ResponseBodyResultHandler - Using 'text/plain;charset=UTF-8' given [text/plain, application/json, application/x-jackson-smile, application/*+json, */*] and supported [text/plain;charset=UTF-8, text/event-stream, text/plain;charset=UTF-8, */*]
03:14:37.465 [reactor-http-nio-2] DEBUG o.s.w.r.r.m.a.ResponseBodyResultHandler - [ea37d4ce-17] 0..1 [java.lang.String]
03:14:37.465 [reactor-http-nio-2] DEBUG o.s.c.c.CharSequenceEncoder - [ea37d4ce-17] Writing "value-attribute"
03:14:37.467 [reactor-http-nio-2] DEBUG o.s.w.s.a.HttpWebHandlerAdapter - [ea37d4ce-17] Completed 200 OK
03:14:37.467 [Test worker] DEBUG o.s.w.c.RestTemplate - Response 200 OK
03:14:37.467 [Test worker] DEBUG o.s.w.c.RestTemplate - Reading to [java.lang.String] as "text/plain;charset=UTF-8"
03:14:37.468 [Test worker] DEBUG o.s.w.t.h.s.r.b.ReactorHttpServer - Stopping ReactorHttpServer...
03:14:37.468 [Test worker] DEBUG o.s.w.t.h.s.r.b.ReactorHttpServer - Server stopped (0 millis).
03:14:37.546 [Test worker] DEBUG o.s.w.r.r.m.a.RequestMappingHandlerMapping - 16 mappings in 'requestMappingHandlerMapping'
03:14:37.617 [Test worker] DEBUG o.s.w.r.r.m.a.ControllerMethodResolver - ControllerAdvice beans: none
03:14:37.645 [Test worker] DEBUG o.s.w.s.a.HttpWebHandlerAdapter - enableLoggingRequestDetails='false': form data and headers will be masked to prevent unsafe logging of potentially sensitive data
03:14:37.647 [Test worker] DEBUG o.s.w.t.h.s.r.b.TomcatHttpServer - Starting TomcatHttpServer...
03:14:37.660 [Test worker] DEBUG o.s.w.t.h.s.r.b.TomcatHttpServer - Server started on port 62064(0 millis).
03:14:37.661 [Test worker] DEBUG o.s.w.c.RestTemplate - HTTP GET http://localhost:62064/origin-value-attribute
03:14:37.661 [Test worker] DEBUG o.s.w.c.RestTemplate - Accept=[text/plain, application/json, application/x-jackson-smile, application/*+json, */*]
03:14:37.676 [http-nio-auto-17-exec-1] DEBUG o.s.w.s.a.HttpWebHandlerAdapter - [3c3af2f1] HTTP GET "/origin-value-attribute"
03:14:37.677 [http-nio-auto-17-exec-1] DEBUG o.s.w.r.r.m.a.RequestMappingHandlerMapping - [3c3af2f1] Mapped to org.springframework.web.reactive.result.method.annotation.CrossOriginAnnotationIntegrationTests$MethodLevelController#customOriginDefinedViaValueAttribute()
03:14:37.678 [http-nio-auto-17-exec-1] DEBUG o.s.w.r.r.m.a.ResponseBodyResultHandler - Using 'text/plain;charset=UTF-8' given [text/plain, application/json, application/x-jackson-smile, application/*+json, */*] and supported [text/plain;charset=UTF-8, text/event-stream, text/plain;charset=UTF-8, */*]
03:14:37.678 [http-nio-auto-17-exec-1] DEBUG o.s.w.r.r.m.a.ResponseBodyResultHandler - [3c3af2f1] 0..1 [java.lang.String]
03:14:37.678 [http-nio-auto-17-exec-1] DEBUG o.s.c.c.CharSequenceEncoder - [3c3af2f1] Writing "value-attribute"
03:14:37.679 [http-nio-auto-17-exec-1] DEBUG o.s.w.s.a.HttpWebHandlerAdapter - [3c3af2f1] Completed 200 OK
03:14:37.680 [Test worker] DEBUG o.s.w.c.RestTemplate - Response 200 OK
03:14:37.680 [Test worker] DEBUG o.s.w.c.RestTemplate - Reading to [java.lang.String] as "text/plain;charset=UTF-8"
03:14:37.685 [Test worker] DEBUG o.s.w.t.h.s.r.b.TomcatHttpServer - Stopping TomcatHttpServer...
03:14:38.074 [Test worker] DEBUG o.s.w.t.h.s.r.b.TomcatHttpServer - Server stopped (0 millis).
03:14:38.179 [Test worker] DEBUG o.s.w.r.r.m.a.RequestMappingHandlerMapping - 16 mappings in 'requestMappingHandlerMapping'
03:14:38.294 [Test worker] DEBUG o.s.w.r.r.m.a.ControllerMethodResolver - ControllerAdvice beans: none
03:14:38.321 [Test worker] DEBUG o.s.w.s.a.HttpWebHandlerAdapter - enableLoggingRequestDetails='false': form data and headers will be masked to prevent unsafe logging of potentially sensitive data
03:14:38.321 [Test worker] DEBUG o.s.w.t.h.s.r.b.UndertowHttpServer - Starting UndertowHttpServer...
03:14:38.321 [Test worker] INFO  i.undertow - starting server: Undertow - 2.1.3.Final
03:14:38.354 [Test worker] DEBUG o.s.w.t.h.s.r.b.UndertowHttpServer - Server started on port 62099(0 millis).
03:14:38.354 [Test worker] DEBUG o.s.w.c.RestTemplate - HTTP GET http://localhost:62099/origin-value-attribute
03:14:38.354 [Test worker] DEBUG o.s.w.c.RestTemplate - Accept=[text/plain, application/json, application/x-jackson-smile, application/*+json, */*]
03:14:38.417 [XNIO-16 I/O-4] DEBUG o.s.w.s.a.HttpWebHandlerAdapter - [792ecac6] HTTP GET "/origin-value-attribute"
03:14:38.417 [XNIO-16 I/O-4] DEBUG o.s.w.r.r.m.a.RequestMappingHandlerMapping - [792ecac6] Mapped to org.springframework.web.reactive.result.method.annotation.CrossOriginAnnotationIntegrationTests$MethodLevelController#customOriginDefinedViaValueAttribute()
03:14:38.419 [XNIO-16 I/O-4] DEBUG o.s.w.r.r.m.a.ResponseBodyResultHandler - Using 'text/plain;charset=UTF-8' given [text/plain, application/json, application/x-jackson-smile, application/*+json, */*] and supported [text/plain;charset=UTF-8, text/event-stream, text/plain;charset=UTF-8, */*]
03:14:38.419 [XNIO-16 I/O-4] DEBUG o.s.w.r.r.m.a.ResponseBodyResultHandler - [792ecac6] 0..1 [java.lang.String]
03:14:38.419 [XNIO-16 I/O-4] DEBUG o.s.c.c.CharSequenceEncoder - [792ecac6] Writing "value-attribute"
03:14:38.420 [XNIO-16 I/O-4] DEBUG o.s.w.s.a.HttpWebHandlerAdapter - [792ecac6] Completed 200 OK
03:14:38.420 [Test worker] DEBUG o.s.w.c.RestTemplate - Response 200 OK
03:14:38.420 [Test worker] DEBUG o.s.w.c.RestTemplate - Reading to [java.lang.String] as "text/plain;charset=UTF-8"
03:14:38.421 [Test worker] DEBUG o.s.w.t.h.s.r.b.UndertowHttpServer - Stopping UndertowHttpServer...
03:14:38.421 [Test worker] INFO  i.undertow - stopping server: Undertow - 2.1.3.Final
03:14:38.423 [Test worker] DEBUG o.s.w.t.h.s.r.b.UndertowHttpServer - Server stopped (0 millis).
03:14:38.515 [Test worker] DEBUG o.s.w.r.r.m.a.RequestMappingHandlerMapping - 16 mappings in 'requestMappingHandlerMapping'
03:14:38.553 [Test worker] DEBUG o.s.w.r.r.m.a.ControllerMethodResolver - ControllerAdvice beans: none
03:14:38.581 [Test worker] DEBUG o.s.w.s.a.HttpWebHandlerAdapter - enableLoggingRequestDetails='false': form data and headers will be masked to prevent unsafe logging of potentially sensitive data
03:14:38.581 [Test worker] WARN  o.e.j.s.h.ContextHandler - Empty contextPath
03:14:38.582 [Test worker] INFO  o.e.j.s.h.ContextHandler - Started o.e.j.s.ServletContextHandler@772c0ca0{/,null,AVAILABLE}
03:14:38.582 [Test worker] DEBUG o.s.w.t.h.s.r.b.JettyHttpServer - Starting JettyHttpServer...
03:14:38.582 [Test worker] INFO  o.e.j.s.Server - jetty-9.4.31.v20200723; built: 2020-07-23T17:57:36.812Z; git: 450ba27947e13e66baa8cd1ce7e85a4461cacc1d; jvm 1.8.0_261-b12
03:14:38.662 [Test worker] INFO  o.e.j.s.AbstractConnector - Started ServerConnector@738a3001{HTTP/1.1, (http/1.1)}{0.0.0.0:62101}
03:14:38.665 [Test worker] INFO  o.e.j.s.Server - Started @110274ms
03:14:38.665 [Test worker] DEBUG o.s.w.t.h.s.r.b.JettyHttpServer - Server started on port 62101(0 millis).
03:14:38.665 [Test worker] DEBUG o.s.w.c.RestTemplate - HTTP GET http://localhost:62101/foo
03:14:38.665 [Test worker] DEBUG o.s.w.c.RestTemplate - Accept=[text/plain, application/json, application/x-jackson-smile, application/*+json, */*]
03:14:38.703 [qtp1371141726-713] DEBUG o.s.w.s.a.HttpWebHandlerAdapter - [6e6ac7e2] HTTP GET "/foo"
03:14:38.703 [qtp1371141726-713] DEBUG o.s.w.r.r.m.a.RequestMappingHandlerMapping - [6e6ac7e2] Mapped to org.springframework.web.reactive.result.method.annotation.CrossOriginAnnotationIntegrationTests$ClassLevelController#foo()
03:14:38.706 [qtp1371141726-713] DEBUG o.s.w.r.r.m.a.ResponseBodyResultHandler - Using 'text/plain;charset=UTF-8' given [text/plain, application/json, application/x-jackson-smile, application/*+json, */*] and supported [text/plain;charset=UTF-8, text/event-stream, text/plain;charset=UTF-8, */*]
03:14:38.706 [qtp1371141726-713] DEBUG o.s.w.r.r.m.a.ResponseBodyResultHandler - [6e6ac7e2] 0..1 [java.lang.String]
03:14:38.706 [qtp1371141726-713] DEBUG o.s.c.c.CharSequenceEncoder - [6e6ac7e2] Writing "foo"
03:14:38.707 [Test worker] DEBUG o.s.w.c.RestTemplate - Response 200 OK
03:14:38.707 [Test worker] DEBUG o.s.w.c.RestTemplate - Reading to [java.lang.String] as "text/plain;charset=utf-8"
03:14:38.708 [Test worker] DEBUG o.s.w.c.RestTemplate - HTTP GET http://localhost:62101/bar
03:14:38.708 [Test worker] DEBUG o.s.w.c.RestTemplate - Accept=[text/plain, application/json, application/x-jackson-smile, application/*+json, */*]
03:14:38.708 [qtp1371141726-713] DEBUG o.s.w.s.a.HttpWebHandlerAdapter - [6e6ac7e2] Completed 200 OK
03:14:38.710 [qtp1371141726-713] DEBUG o.s.w.s.a.HttpWebHandlerAdapter - [7e037cae] HTTP GET "/bar"
03:14:38.710 [qtp1371141726-713] DEBUG o.s.w.r.r.m.a.RequestMappingHandlerMapping - [7e037cae] Mapped to org.springframework.web.reactive.result.method.annotation.CrossOriginAnnotationIntegrationTests$ClassLevelController#bar()
03:14:38.711 [qtp1371141726-713] DEBUG o.s.w.r.r.m.a.ResponseBodyResultHandler - Using 'text/plain;charset=UTF-8' given [text/plain, application/json, application/x-jackson-smile, application/*+json, */*] and supported [text/plain;charset=UTF-8, text/event-stream, text/plain;charset=UTF-8, */*]
03:14:38.711 [qtp1371141726-713] DEBUG o.s.w.r.r.m.a.ResponseBodyResultHandler - [7e037cae] 0..1 [java.lang.String]
03:14:38.712 [qtp1371141726-713] DEBUG o.s.c.c.CharSequenceEncoder - [7e037cae] Writing "bar"
03:14:38.713 [Test worker] DEBUG o.s.w.c.RestTemplate - Response 200 OK
03:14:38.713 [Test worker] DEBUG o.s.w.c.RestTemplate - Reading to [java.lang.String] as "text/plain;charset=utf-8"
03:14:38.714 [Test worker] DEBUG o.s.w.c.RestTemplate - HTTP GET http://localhost:62101/baz
03:14:38.714 [Test worker] DEBUG o.s.w.c.RestTemplate - Accept=[text/plain, application/json, application/x-jackson-smile, application/*+json, */*]
03:14:38.714 [qtp1371141726-713] DEBUG o.s.w.s.a.HttpWebHandlerAdapter - [7e037cae] Completed 200 OK
03:14:38.715 [qtp1371141726-713] DEBUG o.s.w.s.a.HttpWebHandlerAdapter - [7af8dcc0] HTTP GET "/baz"
03:14:38.715 [qtp1371141726-713] DEBUG o.s.w.r.r.m.a.RequestMappingHandlerMapping - [7af8dcc0] Mapped to org.springframework.web.reactive.result.method.annotation.CrossOriginAnnotationIntegrationTests$ClassLevelController#baz()
03:14:38.716 [qtp1371141726-713] DEBUG o.s.w.r.r.m.a.ResponseBodyResultHandler - Using 'text/plain;charset=UTF-8' given [text/plain, application/json, application/x-jackson-smile, application/*+json, */*] and supported [text/plain;charset=UTF-8, text/event-stream, text/plain;charset=UTF-8, */*]
03:14:38.716 [qtp1371141726-713] DEBUG o.s.w.r.r.m.a.ResponseBodyResultHandler - [7af8dcc0] 0..1 [java.lang.String]
03:14:38.716 [qtp1371141726-713] DEBUG o.s.c.c.CharSequenceEncoder - [7af8dcc0] Writing "baz"
03:14:38.717 [Test worker] DEBUG o.s.w.c.RestTemplate - Response 200 OK
03:14:38.718 [Test worker] DEBUG o.s.w.c.RestTemplate - Reading to [java.lang.String] as "text/plain;charset=utf-8"
03:14:38.718 [Test worker] DEBUG o.s.w.t.h.s.r.b.JettyHttpServer - Stopping JettyHttpServer...
03:14:38.718 [Test worker] INFO  o.e.j.s.h.ContextHandler - Stopped o.e.j.s.ServletContextHandler@772c0ca0{/,null,UNAVAILABLE}
03:14:38.719 [qtp1371141726-713] DEBUG o.s.w.s.a.HttpWebHandlerAdapter - [7af8dcc0] Completed 200 OK
03:14:38.722 [Test worker] INFO  o.e.j.s.AbstractConnector - Stopped ServerConnector@738a3001{HTTP/1.1, (http/1.1)}{0.0.0.0:0}
03:14:38.723 [Test worker] DEBUG o.s.w.t.h.s.r.b.JettyHttpServer - Server stopped (0 millis).
03:14:38.794 [Test worker] DEBUG o.s.w.r.r.m.a.RequestMappingHandlerMapping - 16 mappings in 'requestMappingHandlerMapping'
03:14:38.857 [Test worker] DEBUG o.s.w.r.r.m.a.ControllerMethodResolver - ControllerAdvice beans: none
03:14:38.892 [Test worker] DEBUG o.s.w.s.a.HttpWebHandlerAdapter - enableLoggingRequestDetails='false': form data and headers will be masked to prevent unsafe logging of potentially sensitive data
03:14:38.893 [Test worker] DEBUG o.s.w.t.h.s.r.b.ReactorHttpServer - Starting ReactorHttpServer...
03:14:38.894 [Test worker] DEBUG o.s.w.t.h.s.r.b.ReactorHttpServer - Server started on port 62109(0 millis).
03:14:38.894 [Test worker] DEBUG o.s.w.c.RestTemplate - HTTP GET http://localhost:62109/foo
03:14:38.894 [Test worker] DEBUG o.s.w.c.RestTemplate - Accept=[text/plain, application/json, application/x-jackson-smile, application/*+json, */*]
03:14:38.955 [reactor-http-nio-4] DEBUG o.s.w.s.a.HttpWebHandlerAdapter - [734ac096-18] HTTP GET "/foo"
03:14:38.955 [reactor-http-nio-4] DEBUG o.s.w.r.r.m.a.RequestMappingHandlerMapping - [734ac096-18] Mapped to org.springframework.web.reactive.result.method.annotation.CrossOriginAnnotationIntegrationTests$ClassLevelController#foo()
03:14:38.956 [reactor-http-nio-4] DEBUG o.s.w.r.r.m.a.ResponseBodyResultHandler - Using 'text/plain;charset=UTF-8' given [text/plain, application/json, application/x-jackson-smile, application/*+json, */*] and supported [text/plain;charset=UTF-8, text/event-stream, text/plain;charset=UTF-8, */*]
03:14:38.956 [reactor-http-nio-4] DEBUG o.s.w.r.r.m.a.ResponseBodyResultHandler - [734ac096-18] 0..1 [java.lang.String]
03:14:38.956 [reactor-http-nio-4] DEBUG o.s.c.c.CharSequenceEncoder - [734ac096-18] Writing "foo"
03:14:38.958 [reactor-http-nio-4] DEBUG o.s.w.s.a.HttpWebHandlerAdapter - [734ac096-18] Completed 200 OK
03:14:38.959 [Test worker] DEBUG o.s.w.c.RestTemplate - Response 200 OK
03:14:38.959 [Test worker] DEBUG o.s.w.c.RestTemplate - Reading to [java.lang.String] as "text/plain;charset=UTF-8"
03:14:38.959 [Test worker] DEBUG o.s.w.c.RestTemplate - HTTP GET http://localhost:62109/bar
03:14:38.960 [Test worker] DEBUG o.s.w.c.RestTemplate - Accept=[text/plain, application/json, application/x-jackson-smile, application/*+json, */*]
03:14:38.961 [reactor-http-nio-4] DEBUG o.s.w.s.a.HttpWebHandlerAdapter - [734ac096-19] HTTP GET "/bar"
03:14:38.961 [reactor-http-nio-4] DEBUG o.s.w.r.r.m.a.RequestMappingHandlerMapping - [734ac096-19] Mapped to org.springframework.web.reactive.result.method.annotation.CrossOriginAnnotationIntegrationTests$ClassLevelController#bar()
03:14:38.962 [reactor-http-nio-4] DEBUG o.s.w.r.r.m.a.ResponseBodyResultHandler - Using 'text/plain;charset=UTF-8' given [text/plain, application/json, application/x-jackson-smile, application/*+json, */*] and supported [text/plain;charset=UTF-8, text/event-stream, text/plain;charset=UTF-8, */*]
03:14:38.962 [reactor-http-nio-4] DEBUG o.s.w.r.r.m.a.ResponseBodyResultHandler - [734ac096-19] 0..1 [java.lang.String]
03:14:38.962 [reactor-http-nio-4] DEBUG o.s.c.c.CharSequenceEncoder - [734ac096-19] Writing "bar"
03:14:38.963 [reactor-http-nio-4] DEBUG o.s.w.s.a.HttpWebHandlerAdapter - [734ac096-19] Completed 200 OK
03:14:38.964 [Test worker] DEBUG o.s.w.c.RestTemplate - Response 200 OK
03:14:38.964 [Test worker] DEBUG o.s.w.c.RestTemplate - Reading to [java.lang.String] as "text/plain;charset=UTF-8"
03:14:38.964 [Test worker] DEBUG o.s.w.c.RestTemplate - HTTP GET http://localhost:62109/baz
03:14:38.964 [Test worker] DEBUG o.s.w.c.RestTemplate - Accept=[text/plain, application/json, application/x-jackson-smile, application/*+json, */*]
03:14:38.966 [reactor-http-nio-4] DEBUG o.s.w.s.a.HttpWebHandlerAdapter - [734ac096-20] HTTP GET "/baz"
03:14:38.966 [reactor-http-nio-4] DEBUG o.s.w.r.r.m.a.RequestMappingHandlerMapping - [734ac096-20] Mapped to org.springframework.web.reactive.result.method.annotation.CrossOriginAnnotationIntegrationTests$ClassLevelController#baz()
03:14:38.966 [reactor-http-nio-4] DEBUG o.s.w.r.r.m.a.ResponseBodyResultHandler - Using 'text/plain;charset=UTF-8' given [text/plain, application/json, application/x-jackson-smile, application/*+json, */*] and supported [text/plain;charset=UTF-8, text/event-stream, text/plain;charset=UTF-8, */*]
03:14:38.967 [reactor-http-nio-4] DEBUG o.s.w.r.r.m.a.ResponseBodyResultHandler - [734ac096-20] 0..1 [java.lang.String]
03:14:38.967 [reactor-http-nio-4] DEBUG o.s.c.c.CharSequenceEncoder - [734ac096-20] Writing "baz"
03:14:38.968 [reactor-http-nio-4] DEBUG o.s.w.s.a.HttpWebHandlerAdapter - [734ac096-20] Completed 200 OK
03:14:38.969 [Test worker] DEBUG o.s.w.c.RestTemplate - Response 200 OK
03:14:38.969 [Test worker] DEBUG o.s.w.c.RestTemplate - Reading to [java.lang.String] as "text/plain;charset=UTF-8"
03:14:38.969 [Test worker] DEBUG o.s.w.t.h.s.r.b.ReactorHttpServer - Stopping ReactorHttpServer...
03:14:38.970 [Test worker] DEBUG o.s.w.t.h.s.r.b.ReactorHttpServer - Server stopped (0 millis).
03:14:39.033 [Test worker] DEBUG o.s.w.r.r.m.a.RequestMappingHandlerMapping - 16 mappings in 'requestMappingHandlerMapping'
03:14:39.124 [Test worker] DEBUG o.s.w.r.r.m.a.ControllerMethodResolver - ControllerAdvice beans: none
03:14:39.188 [Test worker] DEBUG o.s.w.s.a.HttpWebHandlerAdapter - enableLoggingRequestDetails='false': form data and headers will be masked to prevent unsafe logging of potentially sensitive data
03:14:39.188 [Test worker] DEBUG o.s.w.t.h.s.r.b.TomcatHttpServer - Starting TomcatHttpServer...
03:14:39.203 [Test worker] DEBUG o.s.w.t.h.s.r.b.TomcatHttpServer - Server started on port 62122(0 millis).
03:14:39.204 [Test worker] DEBUG o.s.w.c.RestTemplate - HTTP GET http://localhost:62122/foo
03:14:39.209 [Test worker] DEBUG o.s.w.c.RestTemplate - Accept=[text/plain, application/json, application/x-jackson-smile, application/*+json, */*]
03:14:39.401 [http-nio-auto-18-exec-1] DEBUG o.s.w.s.a.HttpWebHandlerAdapter - [6a57d359] HTTP GET "/foo"
03:14:39.401 [http-nio-auto-18-exec-1] DEBUG o.s.w.r.r.m.a.RequestMappingHandlerMapping - [6a57d359] Mapped to org.springframework.web.reactive.result.method.annotation.CrossOriginAnnotationIntegrationTests$ClassLevelController#foo()
03:14:39.403 [http-nio-auto-18-exec-1] DEBUG o.s.w.r.r.m.a.ResponseBodyResultHandler - Using 'text/plain;charset=UTF-8' given [text/plain, application/json, application/x-jackson-smile, application/*+json, */*] and supported [text/plain;charset=UTF-8, text/event-stream, text/plain;charset=UTF-8, */*]
03:14:39.403 [http-nio-auto-18-exec-1] DEBUG o.s.w.r.r.m.a.ResponseBodyResultHandler - [6a57d359] 0..1 [java.lang.String]
03:14:39.403 [http-nio-auto-18-exec-1] DEBUG o.s.c.c.CharSequenceEncoder - [6a57d359] Writing "foo"
03:14:39.404 [http-nio-auto-18-exec-1] DEBUG o.s.w.s.a.HttpWebHandlerAdapter - [6a57d359] Completed 200 OK
03:14:39.404 [Test worker] DEBUG o.s.w.c.RestTemplate - Response 200 OK
03:14:39.406 [Test worker] DEBUG o.s.w.c.RestTemplate - Reading to [java.lang.String] as "text/plain;charset=UTF-8"
03:14:39.407 [Test worker] DEBUG o.s.w.c.RestTemplate - HTTP GET http://localhost:62122/bar
03:14:39.407 [Test worker] DEBUG o.s.w.c.RestTemplate - Accept=[text/plain, application/json, application/x-jackson-smile, application/*+json, */*]
03:14:39.421 [http-nio-auto-18-exec-2] DEBUG o.s.w.s.a.HttpWebHandlerAdapter - [32b7eac1] HTTP GET "/bar"
03:14:39.422 [http-nio-auto-18-exec-2] DEBUG o.s.w.r.r.m.a.RequestMappingHandlerMapping - [32b7eac1] Mapped to org.springframework.web.reactive.result.method.annotation.CrossOriginAnnotationIntegrationTests$ClassLevelController#bar()
03:14:39.422 [http-nio-auto-18-exec-2] DEBUG o.s.w.r.r.m.a.ResponseBodyResultHandler - Using 'text/plain;charset=UTF-8' given [text/plain, application/json, application/x-jackson-smile, application/*+json, */*] and supported [text/plain;charset=UTF-8, text/event-stream, text/plain;charset=UTF-8, */*]
03:14:39.423 [http-nio-auto-18-exec-2] DEBUG o.s.w.r.r.m.a.ResponseBodyResultHandler - [32b7eac1] 0..1 [java.lang.String]
03:14:39.423 [http-nio-auto-18-exec-2] DEBUG o.s.c.c.CharSequenceEncoder - [32b7eac1] Writing "bar"
03:14:39.424 [Test worker] DEBUG o.s.w.c.RestTemplate - Response 200 OK
03:14:39.424 [Test worker] DEBUG o.s.w.c.RestTemplate - Reading to [java.lang.String] as "text/plain;charset=UTF-8"
03:14:39.424 [Test worker] DEBUG o.s.w.c.RestTemplate - HTTP GET http://localhost:62122/baz
03:14:39.424 [Test worker] DEBUG o.s.w.c.RestTemplate - Accept=[text/plain, application/json, application/x-jackson-smile, application/*+json, */*]
03:14:39.425 [http-nio-auto-18-exec-2] DEBUG o.s.w.s.a.HttpWebHandlerAdapter - [32b7eac1] Completed 200 OK
03:14:39.426 [http-nio-auto-18-exec-2] DEBUG o.s.w.s.a.HttpWebHandlerAdapter - [3c7012e7] HTTP GET "/baz"
03:14:39.426 [http-nio-auto-18-exec-2] DEBUG o.s.w.r.r.m.a.RequestMappingHandlerMapping - [3c7012e7] Mapped to org.springframework.web.reactive.result.method.annotation.CrossOriginAnnotationIntegrationTests$ClassLevelController#baz()
03:14:39.426 [http-nio-auto-18-exec-2] DEBUG o.s.w.r.r.m.a.ResponseBodyResultHandler - Using 'text/plain;charset=UTF-8' given [text/plain, application/json, application/x-jackson-smile, application/*+json, */*] and supported [text/plain;charset=UTF-8, text/event-stream, text/plain;charset=UTF-8, */*]
03:14:39.427 [http-nio-auto-18-exec-2] DEBUG o.s.w.r.r.m.a.ResponseBodyResultHandler - [3c7012e7] 0..1 [java.lang.String]
03:14:39.427 [http-nio-auto-18-exec-2] DEBUG o.s.c.c.CharSequenceEncoder - [3c7012e7] Writing "baz"
03:14:39.428 [Test worker] DEBUG o.s.w.c.RestTemplate - Response 200 OK
03:14:39.428 [Test worker] DEBUG o.s.w.c.RestTemplate - Reading to [java.lang.String] as "text/plain;charset=UTF-8"
03:14:39.428 [Test worker] DEBUG o.s.w.t.h.s.r.b.TomcatHttpServer - Stopping TomcatHttpServer...
03:14:39.428 [http-nio-auto-18-exec-2] DEBUG o.s.w.s.a.HttpWebHandlerAdapter - [3c7012e7] Completed 200 OK
03:14:39.707 [Test worker] DEBUG o.s.w.t.h.s.r.b.TomcatHttpServer - Server stopped (0 millis).
03:14:39.984 [Test worker] DEBUG o.s.w.r.r.m.a.RequestMappingHandlerMapping - 16 mappings in 'requestMappingHandlerMapping'
03:14:40.100 [Test worker] DEBUG o.s.w.r.r.m.a.ControllerMethodResolver - ControllerAdvice beans: none
03:14:40.211 [Test worker] DEBUG o.s.w.s.a.HttpWebHandlerAdapter - enableLoggingRequestDetails='false': form data and headers will be masked to prevent unsafe logging of potentially sensitive data
03:14:40.211 [Test worker] DEBUG o.s.w.t.h.s.r.b.UndertowHttpServer - Starting UndertowHttpServer...
03:14:40.211 [Test worker] INFO  i.undertow - starting server: Undertow - 2.1.3.Final
03:14:40.221 [Test worker] DEBUG o.s.w.t.h.s.r.b.UndertowHttpServer - Server started on port 62140(0 millis).
03:14:40.221 [Test worker] DEBUG o.s.w.c.RestTemplate - HTTP GET http://localhost:62140/foo
03:14:40.222 [Test worker] DEBUG o.s.w.c.RestTemplate - Accept=[text/plain, application/json, application/x-jackson-smile, application/*+json, */*]
03:14:40.251 [XNIO-17 I/O-1] DEBUG o.s.w.s.a.HttpWebHandlerAdapter - [582c5ad7] HTTP GET "/foo"
03:14:40.252 [XNIO-17 I/O-1] DEBUG o.s.w.r.r.m.a.RequestMappingHandlerMapping - [582c5ad7] Mapped to org.springframework.web.reactive.result.method.annotation.CrossOriginAnnotationIntegrationTests$ClassLevelController#foo()
03:14:40.253 [XNIO-17 I/O-1] DEBUG o.s.w.r.r.m.a.ResponseBodyResultHandler - Using 'text/plain;charset=UTF-8' given [text/plain, application/json, application/x-jackson-smile, application/*+json, */*] and supported [text/plain;charset=UTF-8, text/event-stream, text/plain;charset=UTF-8, */*]
03:14:40.253 [XNIO-17 I/O-1] DEBUG o.s.w.r.r.m.a.ResponseBodyResultHandler - [582c5ad7] 0..1 [java.lang.String]
03:14:40.253 [XNIO-17 I/O-1] DEBUG o.s.c.c.CharSequenceEncoder - [582c5ad7] Writing "foo"
03:14:40.254 [XNIO-17 I/O-1] DEBUG o.s.w.s.a.HttpWebHandlerAdapter - [582c5ad7] Completed 200 OK
03:14:40.254 [Test worker] DEBUG o.s.w.c.RestTemplate - Response 200 OK
03:14:40.254 [Test worker] DEBUG o.s.w.c.RestTemplate - Reading to [java.lang.String] as "text/plain;charset=UTF-8"
03:14:40.254 [Test worker] DEBUG o.s.w.c.RestTemplate - HTTP GET http://localhost:62140/bar
03:14:40.255 [Test worker] DEBUG o.s.w.c.RestTemplate - Accept=[text/plain, application/json, application/x-jackson-smile, application/*+json, */*]
03:14:40.256 [XNIO-17 I/O-1] DEBUG o.s.w.s.a.HttpWebHandlerAdapter - [582c5ad7] HTTP GET "/bar"
03:14:40.256 [XNIO-17 I/O-1] DEBUG o.s.w.r.r.m.a.RequestMappingHandlerMapping - [582c5ad7] Mapped to org.springframework.web.reactive.result.method.annotation.CrossOriginAnnotationIntegrationTests$ClassLevelController#bar()
03:14:40.256 [XNIO-17 I/O-1] DEBUG o.s.w.r.r.m.a.ResponseBodyResultHandler - Using 'text/plain;charset=UTF-8' given [text/plain, application/json, application/x-jackson-smile, application/*+json, */*] and supported [text/plain;charset=UTF-8, text/event-stream, text/plain;charset=UTF-8, */*]
03:14:40.256 [XNIO-17 I/O-1] DEBUG o.s.w.r.r.m.a.ResponseBodyResultHandler - [582c5ad7] 0..1 [java.lang.String]
03:14:40.257 [XNIO-17 I/O-1] DEBUG o.s.c.c.CharSequenceEncoder - [582c5ad7] Writing "bar"
03:14:40.257 [XNIO-17 I/O-1] DEBUG o.s.w.s.a.HttpWebHandlerAdapter - [582c5ad7] Completed 200 OK
03:14:40.258 [Test worker] DEBUG o.s.w.c.RestTemplate - Response 200 OK
03:14:40.258 [Test worker] DEBUG o.s.w.c.RestTemplate - Reading to [java.lang.String] as "text/plain;charset=UTF-8"
03:14:40.258 [Test worker] DEBUG o.s.w.c.RestTemplate - HTTP GET http://localhost:62140/baz
03:14:40.258 [Test worker] DEBUG o.s.w.c.RestTemplate - Accept=[text/plain, application/json, application/x-jackson-smile, application/*+json, */*]
03:14:40.259 [XNIO-17 I/O-1] DEBUG o.s.w.s.a.HttpWebHandlerAdapter - [582c5ad7] HTTP GET "/baz"
03:14:40.260 [XNIO-17 I/O-1] DEBUG o.s.w.r.r.m.a.RequestMappingHandlerMapping - [582c5ad7] Mapped to org.springframework.web.reactive.result.method.annotation.CrossOriginAnnotationIntegrationTests$ClassLevelController#baz()
03:14:40.260 [XNIO-17 I/O-1] DEBUG o.s.w.r.r.m.a.ResponseBodyResultHandler - Using 'text/plain;charset=UTF-8' given [text/plain, application/json, application/x-jackson-smile, application/*+json, */*] and supported [text/plain;charset=UTF-8, text/event-stream, text/plain;charset=UTF-8, */*]
03:14:40.260 [XNIO-17 I/O-1] DEBUG o.s.w.r.r.m.a.ResponseBodyResultHandler - [582c5ad7] 0..1 [java.lang.String]
03:14:40.260 [XNIO-17 I/O-1] DEBUG o.s.c.c.CharSequenceEncoder - [582c5ad7] Writing "baz"
03:14:40.261 [XNIO-17 I/O-1] DEBUG o.s.w.s.a.HttpWebHandlerAdapter - [582c5ad7] Completed 200 OK
03:14:40.262 [Test worker] DEBUG o.s.w.c.RestTemplate - Response 200 OK
03:14:40.262 [Test worker] DEBUG o.s.w.c.RestTemplate - Reading to [java.lang.String] as "text/plain;charset=UTF-8"
03:14:40.262 [Test worker] DEBUG o.s.w.t.h.s.r.b.UndertowHttpServer - Stopping UndertowHttpServer...
03:14:40.262 [Test worker] INFO  i.undertow - stopping server: Undertow - 2.1.3.Final
03:14:40.266 [Test worker] DEBUG o.s.w.t.h.s.r.b.UndertowHttpServer - Server stopped (0 millis).
03:14:40.402 [Test worker] DEBUG o.s.w.r.r.m.a.RequestMappingHandlerMapping - 16 mappings in 'requestMappingHandlerMapping'
03:14:40.433 [Test worker] DEBUG o.s.w.r.r.m.a.ControllerMethodResolver - ControllerAdvice beans: none
03:14:40.504 [Test worker] DEBUG o.s.w.s.a.HttpWebHandlerAdapter - enableLoggingRequestDetails='false': form data and headers will be masked to prevent unsafe logging of potentially sensitive data
03:14:40.505 [Test worker] WARN  o.e.j.s.h.ContextHandler - Empty contextPath
03:14:40.505 [Test worker] INFO  o.e.j.s.h.ContextHandler - Started o.e.j.s.ServletContextHandler@24c0b76b{/,null,AVAILABLE}
03:14:40.505 [Test worker] DEBUG o.s.w.t.h.s.r.b.JettyHttpServer - Starting JettyHttpServer...
03:14:40.505 [Test worker] INFO  o.e.j.s.Server - jetty-9.4.31.v20200723; built: 2020-07-23T17:57:36.812Z; git: 450ba27947e13e66baa8cd1ce7e85a4461cacc1d; jvm 1.8.0_261-b12
03:14:40.569 [Test worker] INFO  o.e.j.s.AbstractConnector - Started ServerConnector@50ea65c1{HTTP/1.1, (http/1.1)}{0.0.0.0:62160}
03:14:40.569 [Test worker] INFO  o.e.j.s.Server - Started @112181ms
03:14:40.570 [Test worker] DEBUG o.s.w.t.h.s.r.b.JettyHttpServer - Server started on port 62160(0 millis).
03:14:40.570 [Test worker] DEBUG o.s.w.c.RestTemplate - HTTP GET http://localhost:62160/default
03:14:40.570 [Test worker] DEBUG o.s.w.c.RestTemplate - Accept=[text/plain, application/json, application/x-jackson-smile, application/*+json, */*]
03:14:40.577 [qtp684307196-753] DEBUG o.s.w.s.a.HttpWebHandlerAdapter - [7dbb77ff] HTTP GET "/default"
03:14:40.577 [qtp684307196-753] DEBUG o.s.w.r.r.m.a.RequestMappingHandlerMapping - [7dbb77ff] Mapped to org.springframework.web.reactive.result.method.annotation.CrossOriginAnnotationIntegrationTests$MethodLevelController#defaultAnnotation()
03:14:40.578 [qtp684307196-753] DEBUG o.s.w.r.r.m.a.ResponseBodyResultHandler - Using 'text/plain;charset=UTF-8' given [text/plain, application/json, application/x-jackson-smile, application/*+json, */*] and supported [text/plain;charset=UTF-8, text/event-stream, text/plain;charset=UTF-8, */*]
03:14:40.578 [qtp684307196-753] DEBUG o.s.w.r.r.m.a.ResponseBodyResultHandler - [7dbb77ff] 0..1 [java.lang.String]
03:14:40.578 [qtp684307196-753] DEBUG o.s.c.c.CharSequenceEncoder - [7dbb77ff] Writing "default"
03:14:40.579 [Test worker] DEBUG o.s.w.c.RestTemplate - Response 200 OK
03:14:40.579 [Test worker] DEBUG o.s.w.c.RestTemplate - Reading to [java.lang.String] as "text/plain;charset=utf-8"
03:14:40.580 [Test worker] DEBUG o.s.w.t.h.s.r.b.JettyHttpServer - Stopping JettyHttpServer...
03:14:40.580 [Test worker] INFO  o.e.j.s.h.ContextHandler - Stopped o.e.j.s.ServletContextHandler@24c0b76b{/,null,UNAVAILABLE}
03:14:40.580 [qtp684307196-753] DEBUG o.s.w.s.a.HttpWebHandlerAdapter - [7dbb77ff] Completed 200 OK
03:14:40.582 [Test worker] INFO  o.e.j.s.AbstractConnector - Stopped ServerConnector@50ea65c1{HTTP/1.1, (http/1.1)}{0.0.0.0:0}
03:14:40.583 [Test worker] DEBUG o.s.w.t.h.s.r.b.JettyHttpServer - Server stopped (0 millis).
03:14:40.681 [Test worker] DEBUG o.s.w.r.r.m.a.RequestMappingHandlerMapping - 16 mappings in 'requestMappingHandlerMapping'
03:14:40.716 [Test worker] DEBUG o.s.w.r.r.m.a.ControllerMethodResolver - ControllerAdvice beans: none
03:14:40.741 [Test worker] DEBUG o.s.w.s.a.HttpWebHandlerAdapter - enableLoggingRequestDetails='false': form data and headers will be masked to prevent unsafe logging of potentially sensitive data
03:14:40.741 [Test worker] DEBUG o.s.w.t.h.s.r.b.ReactorHttpServer - Starting ReactorHttpServer...
03:14:40.742 [Test worker] DEBUG o.s.w.t.h.s.r.b.ReactorHttpServer - Server started on port 62168(0 millis).
03:14:40.742 [Test worker] DEBUG o.s.w.c.RestTemplate - HTTP GET http://localhost:62168/default
03:14:40.742 [Test worker] DEBUG o.s.w.c.RestTemplate - Accept=[text/plain, application/json, application/x-jackson-smile, application/*+json, */*]
03:14:40.756 [reactor-http-nio-2] DEBUG o.s.w.s.a.HttpWebHandlerAdapter - [7ba78c5a-21] HTTP GET "/default"
03:14:40.756 [reactor-http-nio-2] DEBUG o.s.w.r.r.m.a.RequestMappingHandlerMapping - [7ba78c5a-21] Mapped to org.springframework.web.reactive.result.method.annotation.CrossOriginAnnotationIntegrationTests$MethodLevelController#defaultAnnotation()
03:14:40.757 [reactor-http-nio-2] DEBUG o.s.w.r.r.m.a.ResponseBodyResultHandler - Using 'text/plain;charset=UTF-8' given [text/plain, application/json, application/x-jackson-smile, application/*+json, */*] and supported [text/plain;charset=UTF-8, text/event-stream, text/plain;charset=UTF-8, */*]
03:14:40.757 [reactor-http-nio-2] DEBUG o.s.w.r.r.m.a.ResponseBodyResultHandler - [7ba78c5a-21] 0..1 [java.lang.String]
03:14:40.757 [reactor-http-nio-2] DEBUG o.s.c.c.CharSequenceEncoder - [7ba78c5a-21] Writing "default"
03:14:40.759 [reactor-http-nio-2] DEBUG o.s.w.s.a.HttpWebHandlerAdapter - [7ba78c5a-21] Completed 200 OK
03:14:40.759 [Test worker] DEBUG o.s.w.c.RestTemplate - Response 200 OK
03:14:40.760 [Test worker] DEBUG o.s.w.c.RestTemplate - Reading to [java.lang.String] as "text/plain;charset=UTF-8"
03:14:40.760 [Test worker] DEBUG o.s.w.t.h.s.r.b.ReactorHttpServer - Stopping ReactorHttpServer...
03:14:40.760 [Test worker] DEBUG o.s.w.t.h.s.r.b.ReactorHttpServer - Server stopped (0 millis).
03:14:40.842 [Test worker] DEBUG o.s.w.r.r.m.a.RequestMappingHandlerMapping - 16 mappings in 'requestMappingHandlerMapping'
03:14:40.871 [Test worker] DEBUG o.s.w.r.r.m.a.ControllerMethodResolver - ControllerAdvice beans: none
03:14:40.922 [Test worker] DEBUG o.s.w.s.a.HttpWebHandlerAdapter - enableLoggingRequestDetails='false': form data and headers will be masked to prevent unsafe logging of potentially sensitive data
03:14:40.924 [Test worker] DEBUG o.s.w.t.h.s.r.b.TomcatHttpServer - Starting TomcatHttpServer...
03:14:40.939 [Test worker] DEBUG o.s.w.t.h.s.r.b.TomcatHttpServer - Server started on port 62174(0 millis).
03:14:40.939 [Test worker] DEBUG o.s.w.c.RestTemplate - HTTP GET http://localhost:62174/default
03:14:40.939 [Test worker] DEBUG o.s.w.c.RestTemplate - Accept=[text/plain, application/json, application/x-jackson-smile, application/*+json, */*]
03:14:41.308 [http-nio-auto-19-exec-1] DEBUG o.s.w.s.a.HttpWebHandlerAdapter - [71f3e4e9] HTTP GET "/default"
03:14:41.309 [http-nio-auto-19-exec-1] DEBUG o.s.w.r.r.m.a.RequestMappingHandlerMapping - [71f3e4e9] Mapped to org.springframework.web.reactive.result.method.annotation.CrossOriginAnnotationIntegrationTests$MethodLevelController#defaultAnnotation()
03:14:41.321 [http-nio-auto-19-exec-1] DEBUG o.s.w.r.r.m.a.ResponseBodyResultHandler - Using 'text/plain;charset=UTF-8' given [text/plain, application/json, application/x-jackson-smile, application/*+json, */*] and supported [text/plain;charset=UTF-8, text/event-stream, text/plain;charset=UTF-8, */*]
03:14:41.321 [http-nio-auto-19-exec-1] DEBUG o.s.w.r.r.m.a.ResponseBodyResultHandler - [71f3e4e9] 0..1 [java.lang.String]
03:14:41.321 [http-nio-auto-19-exec-1] DEBUG o.s.c.c.CharSequenceEncoder - [71f3e4e9] Writing "default"
03:14:41.322 [Test worker] DEBUG o.s.w.c.RestTemplate - Response 200 OK
03:14:41.322 [Test worker] DEBUG o.s.w.c.RestTemplate - Reading to [java.lang.String] as "text/plain;charset=UTF-8"
03:14:41.323 [Test worker] DEBUG o.s.w.t.h.s.r.b.TomcatHttpServer - Stopping TomcatHttpServer...
03:14:41.342 [http-nio-auto-19-exec-1] DEBUG o.s.w.s.a.HttpWebHandlerAdapter - [71f3e4e9] Completed 200 OK
03:14:41.909 [Test worker] DEBUG o.s.w.t.h.s.r.b.TomcatHttpServer - Server stopped (0 millis).
03:14:42.149 [Test worker] DEBUG o.s.w.r.r.m.a.RequestMappingHandlerMapping - 16 mappings in 'requestMappingHandlerMapping'
03:14:42.240 [Test worker] DEBUG o.s.w.r.r.m.a.ControllerMethodResolver - ControllerAdvice beans: none
03:14:42.276 [Test worker] DEBUG o.s.w.s.a.HttpWebHandlerAdapter - enableLoggingRequestDetails='false': form data and headers will be masked to prevent unsafe logging of potentially sensitive data
03:14:42.277 [Test worker] DEBUG o.s.w.t.h.s.r.b.UndertowHttpServer - Starting UndertowHttpServer...
03:14:42.277 [Test worker] INFO  i.undertow - starting server: Undertow - 2.1.3.Final
03:14:42.290 [Test worker] DEBUG o.s.w.t.h.s.r.b.UndertowHttpServer - Server started on port 62197(0 millis).
03:14:42.290 [Test worker] DEBUG o.s.w.c.RestTemplate - HTTP GET http://localhost:62197/default
03:14:42.291 [Test worker] DEBUG o.s.w.c.RestTemplate - Accept=[text/plain, application/json, application/x-jackson-smile, application/*+json, */*]
03:14:42.338 [XNIO-18 I/O-2] DEBUG o.s.w.s.a.HttpWebHandlerAdapter - [1e68133d] HTTP GET "/default"
03:14:42.338 [XNIO-18 I/O-2] DEBUG o.s.w.r.r.m.a.RequestMappingHandlerMapping - [1e68133d] Mapped to org.springframework.web.reactive.result.method.annotation.CrossOriginAnnotationIntegrationTests$MethodLevelController#defaultAnnotation()
03:14:42.339 [XNIO-18 I/O-2] DEBUG o.s.w.r.r.m.a.ResponseBodyResultHandler - Using 'text/plain;charset=UTF-8' given [text/plain, application/json, application/x-jackson-smile, application/*+json, */*] and supported [text/plain;charset=UTF-8, text/event-stream, text/plain;charset=UTF-8, */*]
03:14:42.339 [XNIO-18 I/O-2] DEBUG o.s.w.r.r.m.a.ResponseBodyResultHandler - [1e68133d] 0..1 [java.lang.String]
03:14:42.339 [XNIO-18 I/O-2] DEBUG o.s.c.c.CharSequenceEncoder - [1e68133d] Writing "default"
03:14:42.340 [XNIO-18 I/O-2] DEBUG o.s.w.s.a.HttpWebHandlerAdapter - [1e68133d] Completed 200 OK
03:14:42.341 [Test worker] DEBUG o.s.w.c.RestTemplate - Response 200 OK
03:14:42.341 [Test worker] DEBUG o.s.w.c.RestTemplate - Reading to [java.lang.String] as "text/plain;charset=UTF-8"
03:14:42.341 [Test worker] DEBUG o.s.w.t.h.s.r.b.UndertowHttpServer - Stopping UndertowHttpServer...
03:14:42.341 [Test worker] INFO  i.undertow - stopping server: Undertow - 2.1.3.Final
03:14:42.347 [Test worker] DEBUG o.s.w.t.h.s.r.b.UndertowHttpServer - Server stopped (0 millis).
03:14:42.411 [Test worker] DEBUG o.s.w.r.r.m.a.RequestMappingHandlerMapping - 16 mappings in 'requestMappingHandlerMapping'
03:14:42.478 [Test worker] DEBUG o.s.w.r.r.m.a.ControllerMethodResolver - ControllerAdvice beans: none
03:14:42.547 [Test worker] DEBUG o.s.w.s.a.HttpWebHandlerAdapter - enableLoggingRequestDetails='false': form data and headers will be masked to prevent unsafe logging of potentially sensitive data
03:14:42.600 [Test worker] WARN  o.e.j.s.h.ContextHandler - Empty contextPath
03:14:42.601 [Test worker] INFO  o.e.j.s.h.ContextHandler - Started o.e.j.s.ServletContextHandler@64475b6e{/,null,AVAILABLE}
03:14:42.601 [Test worker] DEBUG o.s.w.t.h.s.r.b.JettyHttpServer - Starting JettyHttpServer...
03:14:42.602 [Test worker] INFO  o.e.j.s.Server - jetty-9.4.31.v20200723; built: 2020-07-23T17:57:36.812Z; git: 450ba27947e13e66baa8cd1ce7e85a4461cacc1d; jvm 1.8.0_261-b12
03:14:42.650 [Test worker] INFO  o.e.j.s.AbstractConnector - Started ServerConnector@6767dffa{HTTP/1.1, (http/1.1)}{0.0.0.0:62211}
03:14:42.651 [Test worker] INFO  o.e.j.s.Server - Started @114262ms
03:14:42.651 [Test worker] DEBUG o.s.w.t.h.s.r.b.JettyHttpServer - Server started on port 62211(0 millis).
03:14:42.651 [Test worker] DEBUG o.s.w.c.RestTemplate - HTTP GET http://localhost:62211/customized
03:14:42.651 [Test worker] DEBUG o.s.w.c.RestTemplate - Accept=[text/plain, application/json, application/x-jackson-smile, application/*+json, */*]
03:14:42.682 [qtp833025062-795] DEBUG o.s.w.s.a.HttpWebHandlerAdapter - [5bce7045] HTTP GET "/customized"
03:14:42.683 [qtp833025062-795] DEBUG o.s.w.r.r.m.a.RequestMappingHandlerMapping - [5bce7045] Mapped to org.springframework.web.reactive.result.method.annotation.CrossOriginAnnotationIntegrationTests$MethodLevelController#customized()
03:14:42.684 [qtp833025062-795] DEBUG o.s.w.r.r.m.a.ResponseBodyResultHandler - Using 'text/plain;charset=UTF-8' given [text/plain, application/json, application/x-jackson-smile, application/*+json, */*] and supported [text/plain;charset=UTF-8, text/event-stream, text/plain;charset=UTF-8, */*]
03:14:42.685 [qtp833025062-795] DEBUG o.s.w.r.r.m.a.ResponseBodyResultHandler - [5bce7045] 0..1 [java.lang.String]
03:14:42.685 [qtp833025062-795] DEBUG o.s.c.c.CharSequenceEncoder - [5bce7045] Writing "customized"
03:14:42.686 [Test worker] DEBUG o.s.w.c.RestTemplate - Response 200 OK
03:14:42.686 [qtp833025062-795] DEBUG o.s.w.s.a.HttpWebHandlerAdapter - [5bce7045] Completed 200 OK
03:14:42.686 [Test worker] DEBUG o.s.w.c.RestTemplate - Reading to [java.lang.String] as "text/plain;charset=utf-8"
03:14:42.686 [Test worker] DEBUG o.s.w.t.h.s.r.b.JettyHttpServer - Stopping JettyHttpServer...
03:14:42.686 [Test worker] INFO  o.e.j.s.h.ContextHandler - Stopped o.e.j.s.ServletContextHandler@64475b6e{/,null,UNAVAILABLE}
03:14:42.689 [Test worker] INFO  o.e.j.s.AbstractConnector - Stopped ServerConnector@6767dffa{HTTP/1.1, (http/1.1)}{0.0.0.0:0}
03:14:42.691 [Test worker] DEBUG o.s.w.t.h.s.r.b.JettyHttpServer - Server stopped (0 millis).
03:14:42.761 [Test worker] DEBUG o.s.w.r.r.m.a.RequestMappingHandlerMapping - 16 mappings in 'requestMappingHandlerMapping'
03:14:42.791 [Test worker] DEBUG o.s.w.r.r.m.a.ControllerMethodResolver - ControllerAdvice beans: none
03:14:42.824 [Test worker] DEBUG o.s.w.s.a.HttpWebHandlerAdapter - enableLoggingRequestDetails='false': form data and headers will be masked to prevent unsafe logging of potentially sensitive data
03:14:42.824 [Test worker] DEBUG o.s.w.t.h.s.r.b.ReactorHttpServer - Starting ReactorHttpServer...
03:14:42.825 [Test worker] DEBUG o.s.w.t.h.s.r.b.ReactorHttpServer - Server started on port 62217(0 millis).
03:14:42.825 [Test worker] DEBUG o.s.w.c.RestTemplate - HTTP GET http://localhost:62217/customized
03:14:42.826 [Test worker] DEBUG o.s.w.c.RestTemplate - Accept=[text/plain, application/json, application/x-jackson-smile, application/*+json, */*]
03:14:42.829 [reactor-http-nio-4] DEBUG o.s.w.s.a.HttpWebHandlerAdapter - [d11257d8-22] HTTP GET "/customized"
03:14:42.830 [reactor-http-nio-4] DEBUG o.s.w.r.r.m.a.RequestMappingHandlerMapping - [d11257d8-22] Mapped to org.springframework.web.reactive.result.method.annotation.CrossOriginAnnotationIntegrationTests$MethodLevelController#customized()
03:14:42.830 [reactor-http-nio-4] DEBUG o.s.w.r.r.m.a.ResponseBodyResultHandler - Using 'text/plain;charset=UTF-8' given [text/plain, application/json, application/x-jackson-smile, application/*+json, */*] and supported [text/plain;charset=UTF-8, text/event-stream, text/plain;charset=UTF-8, */*]
03:14:42.830 [reactor-http-nio-4] DEBUG o.s.w.r.r.m.a.ResponseBodyResultHandler - [d11257d8-22] 0..1 [java.lang.String]
03:14:42.830 [reactor-http-nio-4] DEBUG o.s.c.c.CharSequenceEncoder - [d11257d8-22] Writing "customized"
03:14:42.832 [reactor-http-nio-4] DEBUG o.s.w.s.a.HttpWebHandlerAdapter - [d11257d8-22] Completed 200 OK
03:14:42.832 [Test worker] DEBUG o.s.w.c.RestTemplate - Response 200 OK
03:14:42.832 [Test worker] DEBUG o.s.w.c.RestTemplate - Reading to [java.lang.String] as "text/plain;charset=UTF-8"
03:14:42.833 [Test worker] DEBUG o.s.w.t.h.s.r.b.ReactorHttpServer - Stopping ReactorHttpServer...
03:14:42.833 [Test worker] DEBUG o.s.w.t.h.s.r.b.ReactorHttpServer - Server stopped (0 millis).
03:14:42.876 [Test worker] DEBUG o.s.w.r.r.m.a.RequestMappingHandlerMapping - 16 mappings in 'requestMappingHandlerMapping'
03:14:42.901 [Test worker] DEBUG o.s.w.r.r.m.a.ControllerMethodResolver - ControllerAdvice beans: none
03:14:42.919 [Test worker] DEBUG o.s.w.s.a.HttpWebHandlerAdapter - enableLoggingRequestDetails='false': form data and headers will be masked to prevent unsafe logging of potentially sensitive data
03:14:42.920 [Test worker] DEBUG o.s.w.t.h.s.r.b.TomcatHttpServer - Starting TomcatHttpServer...
03:14:42.937 [Test worker] DEBUG o.s.w.t.h.s.r.b.TomcatHttpServer - Server started on port 62219(0 millis).
03:14:42.938 [Test worker] DEBUG o.s.w.c.RestTemplate - HTTP GET http://localhost:62219/customized
03:14:42.938 [Test worker] DEBUG o.s.w.c.RestTemplate - Accept=[text/plain, application/json, application/x-jackson-smile, application/*+json, */*]
03:14:42.969 [http-nio-auto-20-exec-1] DEBUG o.s.w.s.a.HttpWebHandlerAdapter - [6ad0d961] HTTP GET "/customized"
03:14:42.969 [http-nio-auto-20-exec-1] DEBUG o.s.w.r.r.m.a.RequestMappingHandlerMapping - [6ad0d961] Mapped to org.springframework.web.reactive.result.method.annotation.CrossOriginAnnotationIntegrationTests$MethodLevelController#customized()
03:14:42.970 [http-nio-auto-20-exec-1] DEBUG o.s.w.r.r.m.a.ResponseBodyResultHandler - Using 'text/plain;charset=UTF-8' given [text/plain, application/json, application/x-jackson-smile, application/*+json, */*] and supported [text/plain;charset=UTF-8, text/event-stream, text/plain;charset=UTF-8, */*]
03:14:42.970 [http-nio-auto-20-exec-1] DEBUG o.s.w.r.r.m.a.ResponseBodyResultHandler - [6ad0d961] 0..1 [java.lang.String]
03:14:42.971 [http-nio-auto-20-exec-1] DEBUG o.s.c.c.CharSequenceEncoder - [6ad0d961] Writing "customized"
03:14:42.972 [http-nio-auto-20-exec-1] DEBUG o.s.w.s.a.HttpWebHandlerAdapter - [6ad0d961] Completed 200 OK
03:14:42.972 [Test worker] DEBUG o.s.w.c.RestTemplate - Response 200 OK
03:14:42.973 [Test worker] DEBUG o.s.w.c.RestTemplate - Reading to [java.lang.String] as "text/plain;charset=UTF-8"
03:14:42.973 [Test worker] DEBUG o.s.w.t.h.s.r.b.TomcatHttpServer - Stopping TomcatHttpServer...
03:14:43.432 [Test worker] DEBUG o.s.w.t.h.s.r.b.TomcatHttpServer - Server stopped (0 millis).
03:14:43.566 [Test worker] DEBUG o.s.w.r.r.m.a.RequestMappingHandlerMapping - 16 mappings in 'requestMappingHandlerMapping'
03:14:43.643 [Test worker] DEBUG o.s.w.r.r.m.a.ControllerMethodResolver - ControllerAdvice beans: none
03:14:43.685 [Test worker] DEBUG o.s.w.s.a.HttpWebHandlerAdapter - enableLoggingRequestDetails='false': form data and headers will be masked to prevent unsafe logging of potentially sensitive data
03:14:43.685 [Test worker] DEBUG o.s.w.t.h.s.r.b.UndertowHttpServer - Starting UndertowHttpServer...
03:14:43.685 [Test worker] INFO  i.undertow - starting server: Undertow - 2.1.3.Final
03:14:43.704 [Test worker] DEBUG o.s.w.t.h.s.r.b.UndertowHttpServer - Server started on port 62236(0 millis).
03:14:43.704 [Test worker] DEBUG o.s.w.c.RestTemplate - HTTP GET http://localhost:62236/customized
03:14:43.705 [Test worker] DEBUG o.s.w.c.RestTemplate - Accept=[text/plain, application/json, application/x-jackson-smile, application/*+json, */*]
03:14:43.710 [XNIO-19 I/O-1] DEBUG o.s.w.s.a.HttpWebHandlerAdapter - [5ae55402] HTTP GET "/customized"
03:14:43.711 [XNIO-19 I/O-1] DEBUG o.s.w.r.r.m.a.RequestMappingHandlerMapping - [5ae55402] Mapped to org.springframework.web.reactive.result.method.annotation.CrossOriginAnnotationIntegrationTests$MethodLevelController#customized()
03:14:43.712 [XNIO-19 I/O-1] DEBUG o.s.w.r.r.m.a.ResponseBodyResultHandler - Using 'text/plain;charset=UTF-8' given [text/plain, application/json, application/x-jackson-smile, application/*+json, */*] and supported [text/plain;charset=UTF-8, text/event-stream, text/plain;charset=UTF-8, */*]
03:14:43.712 [XNIO-19 I/O-1] DEBUG o.s.w.r.r.m.a.ResponseBodyResultHandler - [5ae55402] 0..1 [java.lang.String]
03:14:43.712 [XNIO-19 I/O-1] DEBUG o.s.c.c.CharSequenceEncoder - [5ae55402] Writing "customized"
03:14:43.713 [XNIO-19 I/O-1] DEBUG o.s.w.s.a.HttpWebHandlerAdapter - [5ae55402] Completed 200 OK
03:14:43.713 [Test worker] DEBUG o.s.w.c.RestTemplate - Response 200 OK
03:14:43.713 [Test worker] DEBUG o.s.w.c.RestTemplate - Reading to [java.lang.String] as "text/plain;charset=UTF-8"
03:14:43.714 [Test worker] DEBUG o.s.w.t.h.s.r.b.UndertowHttpServer - Stopping UndertowHttpServer...
03:14:43.714 [Test worker] INFO  i.undertow - stopping server: Undertow - 2.1.3.Final
03:14:43.715 [Test worker] DEBUG o.s.w.t.h.s.r.b.UndertowHttpServer - Server stopped (0 millis).
03:14:43.800 [Test worker] DEBUG o.s.w.r.r.m.a.RequestMappingHandlerMapping - 16 mappings in 'requestMappingHandlerMapping'
03:14:43.862 [Test worker] DEBUG o.s.w.r.r.m.a.ControllerMethodResolver - ControllerAdvice beans: none
03:14:43.936 [Test worker] DEBUG o.s.w.s.a.HttpWebHandlerAdapter - enableLoggingRequestDetails='false': form data and headers will be masked to prevent unsafe logging of potentially sensitive data
03:14:43.938 [Test worker] WARN  o.e.j.s.h.ContextHandler - Empty contextPath
03:14:43.939 [Test worker] INFO  o.e.j.s.h.ContextHandler - Started o.e.j.s.ServletContextHandler@22e323f2{/,null,AVAILABLE}
03:14:43.939 [Test worker] DEBUG o.s.w.t.h.s.r.b.JettyHttpServer - Starting JettyHttpServer...
03:14:43.939 [Test worker] INFO  o.e.j.s.Server - jetty-9.4.31.v20200723; built: 2020-07-23T17:57:36.812Z; git: 450ba27947e13e66baa8cd1ce7e85a4461cacc1d; jvm 1.8.0_261-b12
03:14:44.181 [Test worker] INFO  o.e.j.s.AbstractConnector - Started ServerConnector@29e9e77c{HTTP/1.1, (http/1.1)}{0.0.0.0:62238}
03:14:44.181 [Test worker] INFO  o.e.j.s.Server - Started @115792ms
03:14:44.181 [Test worker] DEBUG o.s.w.t.h.s.r.b.JettyHttpServer - Server started on port 62238(0 millis).
03:14:44.183 [Test worker] DEBUG o.s.w.c.RestTemplate - HTTP OPTIONS http://localhost:62238/no
03:14:44.202 [Test worker] DEBUG o.s.w.c.RestTemplate - Accept=[application/json, application/x-jackson-smile, application/*+json]
03:14:44.205 [qtp669576657-835] DEBUG o.s.w.s.a.HttpWebHandlerAdapter - [26a30bba] HTTP OPTIONS "/no"
03:14:44.206 [qtp669576657-835] DEBUG o.s.w.r.r.m.a.RequestMappingHandlerMapping - [26a30bba] Mapped to org.springframework.web.reactive.result.method.annotation.CrossOriginAnnotationIntegrationTests$MethodLevelController#noAnnotation()
03:14:44.206 [qtp669576657-835] DEBUG o.s.w.s.a.HttpWebHandlerAdapter - [26a30bba] Completed 403 FORBIDDEN
03:14:44.207 [Test worker] DEBUG o.s.w.c.RestTemplate - Response 403 FORBIDDEN
03:14:44.231 [Test worker] DEBUG o.s.w.t.h.s.r.b.JettyHttpServer - Stopping JettyHttpServer...
03:14:44.233 [Test worker] INFO  o.e.j.s.h.ContextHandler - Stopped o.e.j.s.ServletContextHandler@22e323f2{/,null,UNAVAILABLE}
03:14:44.240 [Test worker] INFO  o.e.j.s.AbstractConnector - Stopped ServerConnector@29e9e77c{HTTP/1.1, (http/1.1)}{0.0.0.0:0}
03:14:44.242 [Test worker] DEBUG o.s.w.t.h.s.r.b.JettyHttpServer - Server stopped (0 millis).
03:14:44.597 [Test worker] DEBUG o.s.w.r.r.m.a.RequestMappingHandlerMapping - 16 mappings in 'requestMappingHandlerMapping'
03:14:44.664 [Test worker] DEBUG o.s.w.r.r.m.a.ControllerMethodResolver - ControllerAdvice beans: none
03:14:44.695 [Test worker] DEBUG o.s.w.s.a.HttpWebHandlerAdapter - enableLoggingRequestDetails='false': form data and headers will be masked to prevent unsafe logging of potentially sensitive data
03:14:44.695 [Test worker] DEBUG o.s.w.t.h.s.r.b.ReactorHttpServer - Starting ReactorHttpServer...
03:14:44.697 [Test worker] DEBUG o.s.w.t.h.s.r.b.ReactorHttpServer - Server started on port 62244(0 millis).
03:14:44.697 [Test worker] DEBUG o.s.w.c.RestTemplate - HTTP OPTIONS http://localhost:62244/no
03:14:44.697 [Test worker] DEBUG o.s.w.c.RestTemplate - Accept=[application/json, application/x-jackson-smile, application/*+json]
03:14:44.701 [reactor-http-nio-2] DEBUG o.s.w.s.a.HttpWebHandlerAdapter - [e96db79f-23] HTTP OPTIONS "/no"
03:14:44.701 [reactor-http-nio-2] DEBUG o.s.w.r.r.m.a.RequestMappingHandlerMapping - [e96db79f-23] Mapped to org.springframework.web.reactive.result.method.annotation.CrossOriginAnnotationIntegrationTests$MethodLevelController#noAnnotation()
03:14:44.702 [reactor-http-nio-2] DEBUG o.s.w.s.a.HttpWebHandlerAdapter - [e96db79f-23] Completed 403 FORBIDDEN
03:14:44.703 [Test worker] DEBUG o.s.w.c.RestTemplate - Response 403 FORBIDDEN
03:14:44.703 [Test worker] DEBUG o.s.w.t.h.s.r.b.ReactorHttpServer - Stopping ReactorHttpServer...
03:14:44.704 [Test worker] DEBUG o.s.w.t.h.s.r.b.ReactorHttpServer - Server stopped (0 millis).
03:14:44.770 [Test worker] DEBUG o.s.w.r.r.m.a.RequestMappingHandlerMapping - 16 mappings in 'requestMappingHandlerMapping'
03:14:44.815 [Test worker] DEBUG o.s.w.r.r.m.a.ControllerMethodResolver - ControllerAdvice beans: none
03:14:44.889 [Test worker] DEBUG o.s.w.s.a.HttpWebHandlerAdapter - enableLoggingRequestDetails='false': form data and headers will be masked to prevent unsafe logging of potentially sensitive data
03:14:44.896 [Test worker] DEBUG o.s.w.t.h.s.r.b.TomcatHttpServer - Starting TomcatHttpServer...
03:14:44.923 [Test worker] DEBUG o.s.w.t.h.s.r.b.TomcatHttpServer - Server started on port 62246(0 millis).
03:14:44.923 [Test worker] DEBUG o.s.w.c.RestTemplate - HTTP OPTIONS http://localhost:62246/no
03:14:44.924 [Test worker] DEBUG o.s.w.c.RestTemplate - Accept=[application/json, application/x-jackson-smile, application/*+json]
03:14:44.971 [http-nio-auto-21-exec-1] DEBUG o.s.w.s.a.HttpWebHandlerAdapter - [22bf5766] HTTP OPTIONS "/no"
03:14:44.972 [http-nio-auto-21-exec-1] DEBUG o.s.w.r.r.m.a.RequestMappingHandlerMapping - [22bf5766] Mapped to org.springframework.web.reactive.result.method.annotation.CrossOriginAnnotationIntegrationTests$MethodLevelController#noAnnotation()
03:14:44.972 [http-nio-auto-21-exec-1] DEBUG o.s.w.s.a.HttpWebHandlerAdapter - [22bf5766] Completed 403 FORBIDDEN
03:14:44.974 [Test worker] DEBUG o.s.w.c.RestTemplate - Response 403 FORBIDDEN
03:14:44.974 [Test worker] DEBUG o.s.w.t.h.s.r.b.TomcatHttpServer - Stopping TomcatHttpServer...
03:14:45.565 [Test worker] DEBUG o.s.w.t.h.s.r.b.TomcatHttpServer - Server stopped (0 millis).
03:14:45.643 [Test worker] DEBUG o.s.w.r.r.m.a.RequestMappingHandlerMapping - 16 mappings in 'requestMappingHandlerMapping'
03:14:45.687 [Test worker] DEBUG o.s.w.r.r.m.a.ControllerMethodResolver - ControllerAdvice beans: none
03:14:45.724 [Test worker] DEBUG o.s.w.s.a.HttpWebHandlerAdapter - enableLoggingRequestDetails='false': form data and headers will be masked to prevent unsafe logging of potentially sensitive data
03:14:45.724 [Test worker] DEBUG o.s.w.t.h.s.r.b.UndertowHttpServer - Starting UndertowHttpServer...
03:14:45.724 [Test worker] INFO  i.undertow - starting server: Undertow - 2.1.3.Final
03:14:45.738 [Test worker] DEBUG o.s.w.t.h.s.r.b.UndertowHttpServer - Server started on port 62263(0 millis).
03:14:45.738 [Test worker] DEBUG o.s.w.c.RestTemplate - HTTP OPTIONS http://localhost:62263/no
03:14:45.739 [Test worker] DEBUG o.s.w.c.RestTemplate - Accept=[application/json, application/x-jackson-smile, application/*+json]
03:14:45.744 [XNIO-20 I/O-2] DEBUG o.s.w.s.a.HttpWebHandlerAdapter - [48533051] HTTP OPTIONS "/no"
03:14:45.745 [XNIO-20 I/O-2] DEBUG o.s.w.r.r.m.a.RequestMappingHandlerMapping - [48533051] Mapped to org.springframework.web.reactive.result.method.annotation.CrossOriginAnnotationIntegrationTests$MethodLevelController#noAnnotation()
03:14:45.745 [XNIO-20 I/O-2] DEBUG o.s.w.s.a.HttpWebHandlerAdapter - [48533051] Completed 403 FORBIDDEN
03:14:45.745 [Test worker] DEBUG o.s.w.c.RestTemplate - Response 403 FORBIDDEN
03:14:45.746 [Test worker] DEBUG o.s.w.t.h.s.r.b.UndertowHttpServer - Stopping UndertowHttpServer...
03:14:45.746 [Test worker] INFO  i.undertow - stopping server: Undertow - 2.1.3.Final
03:14:45.748 [Test worker] DEBUG o.s.w.t.h.s.r.b.UndertowHttpServer - Server stopped (0 millis).
03:14:45.814 [Test worker] DEBUG o.s.w.r.r.m.a.RequestMappingHandlerMapping - 16 mappings in 'requestMappingHandlerMapping'
03:14:45.844 [Test worker] DEBUG o.s.w.r.r.m.a.ControllerMethodResolver - ControllerAdvice beans: none
03:14:45.881 [Test worker] DEBUG o.s.w.s.a.HttpWebHandlerAdapter - enableLoggingRequestDetails='false': form data and headers will be masked to prevent unsafe logging of potentially sensitive data
03:14:45.882 [Test worker] WARN  o.e.j.s.h.ContextHandler - Empty contextPath
03:14:45.883 [Test worker] INFO  o.e.j.s.h.ContextHandler - Started o.e.j.s.ServletContextHandler@3b049edb{/,null,AVAILABLE}
03:14:45.884 [Test worker] DEBUG o.s.w.t.h.s.r.b.JettyHttpServer - Starting JettyHttpServer...
03:14:45.884 [Test worker] INFO  o.e.j.s.Server - jetty-9.4.31.v20200723; built: 2020-07-23T17:57:36.812Z; git: 450ba27947e13e66baa8cd1ce7e85a4461cacc1d; jvm 1.8.0_261-b12
03:14:45.893 [Test worker] INFO  o.e.j.s.AbstractConnector - Started ServerConnector@1dcf62ca{HTTP/1.1, (http/1.1)}{0.0.0.0:62265}
03:14:45.893 [Test worker] INFO  o.e.j.s.Server - Started @117505ms
03:14:45.893 [Test worker] DEBUG o.s.w.t.h.s.r.b.JettyHttpServer - Server started on port 62265(0 millis).
03:14:45.893 [Test worker] DEBUG o.s.w.c.RestTemplate - HTTP OPTIONS http://localhost:62265/ambiguous-header
03:14:45.893 [Test worker] DEBUG o.s.w.c.RestTemplate - Accept=[text/plain, application/json, application/x-jackson-smile, application/*+json, */*]
03:14:45.896 [qtp1518309842-877] DEBUG o.s.w.s.a.HttpWebHandlerAdapter - [6e9af835] HTTP OPTIONS "/ambiguous-header"
03:14:45.897 [qtp1518309842-877] DEBUG o.s.w.r.r.m.a.RequestMappingHandlerMapping - [6e9af835] Mapped to org.springframework.web.reactive.result.method.AbstractHandlerMethodMapping$PreFlightAmbiguousMatchHandler#handle()
03:14:45.898 [qtp1518309842-877] DEBUG o.s.w.s.a.HttpWebHandlerAdapter - [6e9af835] Completed 200 OK
03:14:45.899 [Test worker] DEBUG o.s.w.c.RestTemplate - Response 200 OK
03:14:45.908 [Test worker] DEBUG o.s.w.t.h.s.r.b.JettyHttpServer - Stopping JettyHttpServer...
03:14:45.908 [Test worker] INFO  o.e.j.s.h.ContextHandler - Stopped o.e.j.s.ServletContextHandler@3b049edb{/,null,UNAVAILABLE}
03:14:45.910 [Test worker] INFO  o.e.j.s.AbstractConnector - Stopped ServerConnector@1dcf62ca{HTTP/1.1, (http/1.1)}{0.0.0.0:0}
03:14:45.911 [Test worker] DEBUG o.s.w.t.h.s.r.b.JettyHttpServer - Server stopped (0 millis).
03:14:46.000 [Test worker] DEBUG o.s.w.r.r.m.a.RequestMappingHandlerMapping - 16 mappings in 'requestMappingHandlerMapping'
03:14:46.034 [Test worker] DEBUG o.s.w.r.r.m.a.ControllerMethodResolver - ControllerAdvice beans: none
03:14:46.057 [Test worker] DEBUG o.s.w.s.a.HttpWebHandlerAdapter - enableLoggingRequestDetails='false': form data and headers will be masked to prevent unsafe logging of potentially sensitive data
03:14:46.057 [Test worker] DEBUG o.s.w.t.h.s.r.b.ReactorHttpServer - Starting ReactorHttpServer...
03:14:46.059 [Test worker] DEBUG o.s.w.t.h.s.r.b.ReactorHttpServer - Server started on port 62271(0 millis).
03:14:46.059 [Test worker] DEBUG o.s.w.c.RestTemplate - HTTP OPTIONS http://localhost:62271/ambiguous-header
03:14:46.059 [Test worker] DEBUG o.s.w.c.RestTemplate - Accept=[text/plain, application/json, application/x-jackson-smile, application/*+json, */*]
03:14:46.066 [reactor-http-nio-4] DEBUG o.s.w.s.a.HttpWebHandlerAdapter - [c1e95d42-24] HTTP OPTIONS "/ambiguous-header"
03:14:46.067 [reactor-http-nio-4] DEBUG o.s.w.r.r.m.a.RequestMappingHandlerMapping - [c1e95d42-24] Mapped to org.springframework.web.reactive.result.method.AbstractHandlerMethodMapping$PreFlightAmbiguousMatchHandler#handle()
03:14:46.067 [reactor-http-nio-4] DEBUG o.s.w.s.a.HttpWebHandlerAdapter - [c1e95d42-24] Completed 200 OK
03:14:46.069 [Test worker] DEBUG o.s.w.c.RestTemplate - Response 200 OK
03:14:46.070 [Test worker] DEBUG o.s.w.t.h.s.r.b.ReactorHttpServer - Stopping ReactorHttpServer...
03:14:46.071 [Test worker] DEBUG o.s.w.t.h.s.r.b.ReactorHttpServer - Server stopped (0 millis).
03:14:46.175 [Test worker] DEBUG o.s.w.r.r.m.a.RequestMappingHandlerMapping - 16 mappings in 'requestMappingHandlerMapping'
03:14:46.257 [Test worker] DEBUG o.s.w.r.r.m.a.ControllerMethodResolver - ControllerAdvice beans: none
03:14:46.709 [Test worker] DEBUG o.s.w.s.a.HttpWebHandlerAdapter - enableLoggingRequestDetails='false': form data and headers will be masked to prevent unsafe logging of potentially sensitive data
03:14:46.710 [Test worker] DEBUG o.s.w.t.h.s.r.b.TomcatHttpServer - Starting TomcatHttpServer...
03:14:46.732 [Test worker] DEBUG o.s.w.t.h.s.r.b.TomcatHttpServer - Server started on port 62273(0 millis).
03:14:46.732 [Test worker] DEBUG o.s.w.c.RestTemplate - HTTP OPTIONS http://localhost:62273/ambiguous-header
03:14:46.733 [Test worker] DEBUG o.s.w.c.RestTemplate - Accept=[text/plain, application/json, application/x-jackson-smile, application/*+json, */*]
03:14:47.361 [http-nio-auto-22-exec-10] DEBUG o.s.w.s.a.HttpWebHandlerAdapter - [24843d11] HTTP OPTIONS "/ambiguous-header"
03:14:47.362 [http-nio-auto-22-exec-10] DEBUG o.s.w.r.r.m.a.RequestMappingHandlerMapping - [24843d11] Mapped to org.springframework.web.reactive.result.method.AbstractHandlerMethodMapping$PreFlightAmbiguousMatchHandler#handle()
03:14:47.363 [http-nio-auto-22-exec-10] DEBUG o.s.w.s.a.HttpWebHandlerAdapter - [24843d11] Completed 200 OK
03:14:47.364 [Test worker] DEBUG o.s.w.c.RestTemplate - Response 200 OK
03:14:47.364 [Test worker] DEBUG o.s.w.t.h.s.r.b.TomcatHttpServer - Stopping TomcatHttpServer...
03:14:48.363 [Test worker] DEBUG o.s.w.t.h.s.r.b.TomcatHttpServer - Server stopped (0 millis).
03:14:48.466 [Test worker] DEBUG o.s.w.r.r.m.a.RequestMappingHandlerMapping - 16 mappings in 'requestMappingHandlerMapping'
03:14:48.519 [Test worker] DEBUG o.s.w.r.r.m.a.ControllerMethodResolver - ControllerAdvice beans: none
03:14:48.548 [Test worker] DEBUG o.s.w.s.a.HttpWebHandlerAdapter - enableLoggingRequestDetails='false': form data and headers will be masked to prevent unsafe logging of potentially sensitive data
03:14:48.548 [Test worker] DEBUG o.s.w.t.h.s.r.b.UndertowHttpServer - Starting UndertowHttpServer...
03:14:48.548 [Test worker] INFO  i.undertow - starting server: Undertow - 2.1.3.Final
03:14:48.575 [Test worker] DEBUG o.s.w.t.h.s.r.b.UndertowHttpServer - Server started on port 62290(0 millis).
03:14:48.575 [Test worker] DEBUG o.s.w.c.RestTemplate - HTTP OPTIONS http://localhost:62290/ambiguous-header
03:14:48.576 [Test worker] DEBUG o.s.w.c.RestTemplate - Accept=[text/plain, application/json, application/x-jackson-smile, application/*+json, */*]
03:14:48.581 [XNIO-21 I/O-3] DEBUG o.s.w.s.a.HttpWebHandlerAdapter - [368b52a5] HTTP OPTIONS "/ambiguous-header"
03:14:48.582 [XNIO-21 I/O-3] DEBUG o.s.w.r.r.m.a.RequestMappingHandlerMapping - [368b52a5] Mapped to org.springframework.web.reactive.result.method.AbstractHandlerMethodMapping$PreFlightAmbiguousMatchHandler#handle()
03:14:48.583 [XNIO-21 I/O-3] DEBUG o.s.w.s.a.HttpWebHandlerAdapter - [368b52a5] Completed 200 OK
03:14:48.583 [Test worker] DEBUG o.s.w.c.RestTemplate - Response 200 OK
03:14:48.584 [Test worker] DEBUG o.s.w.t.h.s.r.b.UndertowHttpServer - Stopping UndertowHttpServer...
03:14:48.584 [Test worker] INFO  i.undertow - stopping server: Undertow - 2.1.3.Final
03:14:48.586 [Test worker] DEBUG o.s.w.t.h.s.r.b.UndertowHttpServer - Server stopped (0 millis).
03:14:48.672 [Test worker] DEBUG o.s.w.r.r.m.a.RequestMappingHandlerMapping - 16 mappings in 'requestMappingHandlerMapping'
03:14:48.720 [Test worker] DEBUG o.s.w.r.r.m.a.ControllerMethodResolver - ControllerAdvice beans: none
03:14:48.753 [Test worker] DEBUG o.s.w.s.a.HttpWebHandlerAdapter - enableLoggingRequestDetails='false': form data and headers will be masked to prevent unsafe logging of potentially sensitive data
03:14:48.753 [Test worker] WARN  o.e.j.s.h.ContextHandler - Empty contextPath
03:14:48.755 [Test worker] INFO  o.e.j.s.h.ContextHandler - Started o.e.j.s.ServletContextHandler@7a5b088b{/,null,AVAILABLE}
03:14:48.755 [Test worker] DEBUG o.s.w.t.h.s.r.b.JettyHttpServer - Starting JettyHttpServer...
03:14:48.755 [Test worker] INFO  o.e.j.s.Server - jetty-9.4.31.v20200723; built: 2020-07-23T17:57:36.812Z; git: 450ba27947e13e66baa8cd1ce7e85a4461cacc1d; jvm 1.8.0_261-b12
03:14:48.804 [Test worker] INFO  o.e.j.s.AbstractConnector - Started ServerConnector@35ee14e7{HTTP/1.1, (http/1.1)}{0.0.0.0:62292}
03:14:48.804 [Test worker] INFO  o.e.j.s.Server - Started @120416ms
03:14:48.804 [Test worker] DEBUG o.s.w.t.h.s.r.b.JettyHttpServer - Server started on port 62292(0 millis).
03:14:48.805 [Test worker] DEBUG o.s.w.c.RestTemplate - HTTP OPTIONS http://localhost:62292/ambiguous-produces
03:14:48.805 [Test worker] DEBUG o.s.w.c.RestTemplate - Accept=[text/plain, application/json, application/x-jackson-smile, application/*+json, */*]
03:14:48.808 [qtp736746163-917] DEBUG o.s.w.s.a.HttpWebHandlerAdapter - [4c3e0be8] HTTP OPTIONS "/ambiguous-produces"
03:14:48.809 [qtp736746163-917] DEBUG o.s.w.r.r.m.a.RequestMappingHandlerMapping - [4c3e0be8] Mapped to org.springframework.web.reactive.result.method.AbstractHandlerMethodMapping$PreFlightAmbiguousMatchHandler#handle()
03:14:48.809 [qtp736746163-917] DEBUG o.s.w.s.a.HttpWebHandlerAdapter - [4c3e0be8] Completed 200 OK
03:14:48.809 [Test worker] DEBUG o.s.w.c.RestTemplate - Response 200 OK
03:14:48.810 [Test worker] DEBUG o.s.w.t.h.s.r.b.JettyHttpServer - Stopping JettyHttpServer...
03:14:48.810 [Test worker] INFO  o.e.j.s.h.ContextHandler - Stopped o.e.j.s.ServletContextHandler@7a5b088b{/,null,UNAVAILABLE}
03:14:48.812 [Test worker] INFO  o.e.j.s.AbstractConnector - Stopped ServerConnector@35ee14e7{HTTP/1.1, (http/1.1)}{0.0.0.0:0}
03:14:48.813 [Test worker] DEBUG o.s.w.t.h.s.r.b.JettyHttpServer - Server stopped (0 millis).
03:14:48.900 [Test worker] DEBUG o.s.w.r.r.m.a.RequestMappingHandlerMapping - 16 mappings in 'requestMappingHandlerMapping'
03:14:48.935 [Test worker] DEBUG o.s.w.r.r.m.a.ControllerMethodResolver - ControllerAdvice beans: none
03:14:48.981 [Test worker] DEBUG o.s.w.s.a.HttpWebHandlerAdapter - enableLoggingRequestDetails='false': form data and headers will be masked to prevent unsafe logging of potentially sensitive data
03:14:48.981 [Test worker] DEBUG o.s.w.t.h.s.r.b.ReactorHttpServer - Starting ReactorHttpServer...
03:14:48.982 [Test worker] DEBUG o.s.w.t.h.s.r.b.ReactorHttpServer - Server started on port 62298(0 millis).
03:14:48.982 [Test worker] DEBUG o.s.w.c.RestTemplate - HTTP OPTIONS http://localhost:62298/ambiguous-produces
03:14:48.983 [Test worker] DEBUG o.s.w.c.RestTemplate - Accept=[text/plain, application/json, application/x-jackson-smile, application/*+json, */*]
03:14:48.986 [reactor-http-nio-2] DEBUG o.s.w.s.a.HttpWebHandlerAdapter - [49d958bd-25] HTTP OPTIONS "/ambiguous-produces"
03:14:48.987 [reactor-http-nio-2] DEBUG o.s.w.r.r.m.a.RequestMappingHandlerMapping - [49d958bd-25] Mapped to org.springframework.web.reactive.result.method.AbstractHandlerMethodMapping$PreFlightAmbiguousMatchHandler#handle()
03:14:48.987 [reactor-http-nio-2] DEBUG o.s.w.s.a.HttpWebHandlerAdapter - [49d958bd-25] Completed 200 OK
03:14:48.988 [Test worker] DEBUG o.s.w.c.RestTemplate - Response 200 OK
03:14:48.989 [Test worker] DEBUG o.s.w.t.h.s.r.b.ReactorHttpServer - Stopping ReactorHttpServer...
03:14:48.989 [Test worker] DEBUG o.s.w.t.h.s.r.b.ReactorHttpServer - Server stopped (0 millis).
03:14:49.046 [Test worker] DEBUG o.s.w.r.r.m.a.RequestMappingHandlerMapping - 16 mappings in 'requestMappingHandlerMapping'
03:14:49.107 [Test worker] DEBUG o.s.w.r.r.m.a.ControllerMethodResolver - ControllerAdvice beans: none
03:14:49.135 [Test worker] DEBUG o.s.w.s.a.HttpWebHandlerAdapter - enableLoggingRequestDetails='false': form data and headers will be masked to prevent unsafe logging of potentially sensitive data
03:14:49.136 [Test worker] DEBUG o.s.w.t.h.s.r.b.TomcatHttpServer - Starting TomcatHttpServer...
03:14:49.148 [Test worker] DEBUG o.s.w.t.h.s.r.b.TomcatHttpServer - Server started on port 62300(0 millis).
03:14:49.148 [Test worker] DEBUG o.s.w.c.RestTemplate - HTTP OPTIONS http://localhost:62300/ambiguous-produces
03:14:49.149 [Test worker] DEBUG o.s.w.c.RestTemplate - Accept=[text/plain, application/json, application/x-jackson-smile, application/*+json, */*]
03:14:49.158 [http-nio-auto-23-exec-1] DEBUG o.s.w.s.a.HttpWebHandlerAdapter - [734b955a] HTTP OPTIONS "/ambiguous-produces"
03:14:49.159 [http-nio-auto-23-exec-1] DEBUG o.s.w.r.r.m.a.RequestMappingHandlerMapping - [734b955a] Mapped to org.springframework.web.reactive.result.method.AbstractHandlerMethodMapping$PreFlightAmbiguousMatchHandler#handle()
03:14:49.159 [http-nio-auto-23-exec-1] DEBUG o.s.w.s.a.HttpWebHandlerAdapter - [734b955a] Completed 200 OK
03:14:49.161 [Test worker] DEBUG o.s.w.c.RestTemplate - Response 200 OK
03:14:49.161 [Test worker] DEBUG o.s.w.t.h.s.r.b.TomcatHttpServer - Stopping TomcatHttpServer...
03:14:49.571 [Test worker] DEBUG o.s.w.t.h.s.r.b.TomcatHttpServer - Server stopped (0 millis).
03:14:49.665 [Test worker] DEBUG o.s.w.r.r.m.a.RequestMappingHandlerMapping - 16 mappings in 'requestMappingHandlerMapping'
03:14:49.696 [Test worker] DEBUG o.s.w.r.r.m.a.ControllerMethodResolver - ControllerAdvice beans: none
03:14:49.720 [Test worker] DEBUG o.s.w.s.a.HttpWebHandlerAdapter - enableLoggingRequestDetails='false': form data and headers will be masked to prevent unsafe logging of potentially sensitive data
03:14:49.720 [Test worker] DEBUG o.s.w.t.h.s.r.b.UndertowHttpServer - Starting UndertowHttpServer...
03:14:49.720 [Test worker] INFO  i.undertow - starting server: Undertow - 2.1.3.Final
03:14:49.734 [Test worker] DEBUG o.s.w.t.h.s.r.b.UndertowHttpServer - Server started on port 62317(0 millis).
03:14:49.734 [Test worker] DEBUG o.s.w.c.RestTemplate - HTTP OPTIONS http://localhost:62317/ambiguous-produces
03:14:49.734 [Test worker] DEBUG o.s.w.c.RestTemplate - Accept=[text/plain, application/json, application/x-jackson-smile, application/*+json, */*]
03:14:49.739 [XNIO-22 I/O-2] DEBUG o.s.w.s.a.HttpWebHandlerAdapter - [25ef78ef] HTTP OPTIONS "/ambiguous-produces"
03:14:49.740 [XNIO-22 I/O-2] DEBUG o.s.w.r.r.m.a.RequestMappingHandlerMapping - [25ef78ef] Mapped to org.springframework.web.reactive.result.method.AbstractHandlerMethodMapping$PreFlightAmbiguousMatchHandler#handle()
03:14:49.740 [XNIO-22 I/O-2] DEBUG o.s.w.s.a.HttpWebHandlerAdapter - [25ef78ef] Completed 200 OK
03:14:49.741 [Test worker] DEBUG o.s.w.c.RestTemplate - Response 200 OK
03:14:49.741 [Test worker] DEBUG o.s.w.t.h.s.r.b.UndertowHttpServer - Stopping UndertowHttpServer...
03:14:49.741 [Test worker] INFO  i.undertow - stopping server: Undertow - 2.1.3.Final
03:14:49.743 [Test worker] DEBUG o.s.w.t.h.s.r.b.UndertowHttpServer - Server stopped (0 millis).
03:14:49.806 [Test worker] DEBUG o.s.w.r.r.m.a.RequestMappingHandlerMapping - 16 mappings in 'requestMappingHandlerMapping'
03:14:49.834 [Test worker] DEBUG o.s.w.r.r.m.a.ControllerMethodResolver - ControllerAdvice beans: none
03:14:49.860 [Test worker] DEBUG o.s.w.s.a.HttpWebHandlerAdapter - enableLoggingRequestDetails='false': form data and headers will be masked to prevent unsafe logging of potentially sensitive data
03:14:49.861 [Test worker] WARN  o.e.j.s.h.ContextHandler - Empty contextPath
03:14:49.861 [Test worker] INFO  o.e.j.s.h.ContextHandler - Started o.e.j.s.ServletContextHandler@3a410607{/,null,AVAILABLE}
03:14:49.861 [Test worker] DEBUG o.s.w.t.h.s.r.b.JettyHttpServer - Starting JettyHttpServer...
03:14:49.861 [Test worker] INFO  o.e.j.s.Server - jetty-9.4.31.v20200723; built: 2020-07-23T17:57:36.812Z; git: 450ba27947e13e66baa8cd1ce7e85a4461cacc1d; jvm 1.8.0_261-b12
03:14:49.870 [Test worker] INFO  o.e.j.s.AbstractConnector - Started ServerConnector@5754115f{HTTP/1.1, (http/1.1)}{0.0.0.0:62319}
03:14:49.870 [Test worker] INFO  o.e.j.s.Server - Started @121482ms
03:14:49.870 [Test worker] DEBUG o.s.w.t.h.s.r.b.JettyHttpServer - Server started on port 62319(0 millis).
03:14:49.870 [Test worker] DEBUG o.s.w.c.RestTemplate - HTTP OPTIONS http://localhost:62319/default
03:14:49.871 [Test worker] DEBUG o.s.w.c.RestTemplate - Accept=[application/json, application/x-jackson-smile, application/*+json]
03:14:49.874 [qtp1200080654-961] DEBUG o.s.w.s.a.HttpWebHandlerAdapter - [7aca4fe7] HTTP OPTIONS "/default"
03:14:49.874 [qtp1200080654-961] DEBUG o.s.w.r.r.m.a.RequestMappingHandlerMapping - [7aca4fe7] Mapped to org.springframework.web.reactive.result.method.annotation.CrossOriginAnnotationIntegrationTests$MethodLevelController#defaultAnnotation()
03:14:49.875 [qtp1200080654-961] DEBUG o.s.w.s.a.HttpWebHandlerAdapter - [7aca4fe7] Completed 200 OK
03:14:49.875 [Test worker] DEBUG o.s.w.c.RestTemplate - Response 200 OK
03:14:49.876 [Test worker] DEBUG o.s.w.t.h.s.r.b.JettyHttpServer - Stopping JettyHttpServer...
03:14:49.876 [Test worker] INFO  o.e.j.s.h.ContextHandler - Stopped o.e.j.s.ServletContextHandler@3a410607{/,null,UNAVAILABLE}
03:14:49.878 [Test worker] INFO  o.e.j.s.AbstractConnector - Stopped ServerConnector@5754115f{HTTP/1.1, (http/1.1)}{0.0.0.0:0}
03:14:49.878 [Test worker] DEBUG o.s.w.t.h.s.r.b.JettyHttpServer - Server stopped (0 millis).
03:14:49.939 [Test worker] DEBUG o.s.w.r.r.m.a.RequestMappingHandlerMapping - 16 mappings in 'requestMappingHandlerMapping'
03:14:50.008 [Test worker] DEBUG o.s.w.r.r.m.a.ControllerMethodResolver - ControllerAdvice beans: none
03:14:50.073 [Test worker] DEBUG o.s.w.s.a.HttpWebHandlerAdapter - enableLoggingRequestDetails='false': form data and headers will be masked to prevent unsafe logging of potentially sensitive data
03:14:50.073 [Test worker] DEBUG o.s.w.t.h.s.r.b.ReactorHttpServer - Starting ReactorHttpServer...
03:14:50.074 [Test worker] DEBUG o.s.w.t.h.s.r.b.ReactorHttpServer - Server started on port 62325(0 millis).
03:14:50.074 [Test worker] DEBUG o.s.w.c.RestTemplate - HTTP OPTIONS http://localhost:62325/default
03:14:50.079 [Test worker] DEBUG o.s.w.c.RestTemplate - Accept=[application/json, application/x-jackson-smile, application/*+json]
03:14:50.116 [reactor-http-nio-4] DEBUG o.s.w.s.a.HttpWebHandlerAdapter - [c01aa900-26] HTTP OPTIONS "/default"
03:14:50.117 [reactor-http-nio-4] DEBUG o.s.w.r.r.m.a.RequestMappingHandlerMapping - [c01aa900-26] Mapped to org.springframework.web.reactive.result.method.annotation.CrossOriginAnnotationIntegrationTests$MethodLevelController#defaultAnnotation()
03:14:50.117 [reactor-http-nio-4] DEBUG o.s.w.s.a.HttpWebHandlerAdapter - [c01aa900-26] Completed 200 OK
03:14:50.119 [Test worker] DEBUG o.s.w.c.RestTemplate - Response 200 OK
03:14:50.120 [Test worker] DEBUG o.s.w.t.h.s.r.b.ReactorHttpServer - Stopping ReactorHttpServer...
03:14:50.120 [Test worker] DEBUG o.s.w.t.h.s.r.b.ReactorHttpServer - Server stopped (0 millis).
03:14:50.187 [Test worker] DEBUG o.s.w.r.r.m.a.RequestMappingHandlerMapping - 16 mappings in 'requestMappingHandlerMapping'
03:14:50.225 [Test worker] DEBUG o.s.w.r.r.m.a.ControllerMethodResolver - ControllerAdvice beans: none
03:14:50.243 [Test worker] DEBUG o.s.w.s.a.HttpWebHandlerAdapter - enableLoggingRequestDetails='false': form data and headers will be masked to prevent unsafe logging of potentially sensitive data
03:14:50.243 [Test worker] DEBUG o.s.w.t.h.s.r.b.TomcatHttpServer - Starting TomcatHttpServer...
03:14:50.255 [Test worker] DEBUG o.s.w.t.h.s.r.b.TomcatHttpServer - Server started on port 62327(0 millis).
03:14:50.255 [Test worker] DEBUG o.s.w.c.RestTemplate - HTTP OPTIONS http://localhost:62327/default
03:14:50.256 [Test worker] DEBUG o.s.w.c.RestTemplate - Accept=[application/json, application/x-jackson-smile, application/*+json]
03:14:50.259 [http-nio-auto-24-exec-1] DEBUG o.s.w.s.a.HttpWebHandlerAdapter - [77df6282] HTTP OPTIONS "/default"
03:14:50.259 [http-nio-auto-24-exec-1] DEBUG o.s.w.r.r.m.a.RequestMappingHandlerMapping - [77df6282] Mapped to org.springframework.web.reactive.result.method.annotation.CrossOriginAnnotationIntegrationTests$MethodLevelController#defaultAnnotation()
03:14:50.259 [http-nio-auto-24-exec-1] DEBUG o.s.w.s.a.HttpWebHandlerAdapter - [77df6282] Completed 200 OK
03:14:50.259 [Test worker] DEBUG o.s.w.c.RestTemplate - Response 200 OK
03:14:50.259 [Test worker] DEBUG o.s.w.t.h.s.r.b.TomcatHttpServer - Stopping TomcatHttpServer...
03:14:50.543 [Test worker] DEBUG o.s.w.t.h.s.r.b.TomcatHttpServer - Server stopped (0 millis).
03:14:50.794 [Test worker] DEBUG o.s.w.r.r.m.a.RequestMappingHandlerMapping - 16 mappings in 'requestMappingHandlerMapping'
03:14:50.944 [Test worker] DEBUG o.s.w.r.r.m.a.ControllerMethodResolver - ControllerAdvice beans: none
03:14:51.128 [Test worker] DEBUG o.s.w.s.a.HttpWebHandlerAdapter - enableLoggingRequestDetails='false': form data and headers will be masked to prevent unsafe logging of potentially sensitive data
03:14:51.129 [Test worker] DEBUG o.s.w.t.h.s.r.b.UndertowHttpServer - Starting UndertowHttpServer...
03:14:51.129 [Test worker] INFO  i.undertow - starting server: Undertow - 2.1.3.Final
03:14:51.162 [Test worker] DEBUG o.s.w.t.h.s.r.b.UndertowHttpServer - Server started on port 62344(0 millis).
03:14:51.162 [Test worker] DEBUG o.s.w.c.RestTemplate - HTTP OPTIONS http://localhost:62344/default
03:14:51.163 [Test worker] DEBUG o.s.w.c.RestTemplate - Accept=[application/json, application/x-jackson-smile, application/*+json]
03:14:51.193 [XNIO-23 I/O-3] DEBUG o.s.w.s.a.HttpWebHandlerAdapter - [31c2d787] HTTP OPTIONS "/default"
03:14:51.194 [XNIO-23 I/O-3] DEBUG o.s.w.r.r.m.a.RequestMappingHandlerMapping - [31c2d787] Mapped to org.springframework.web.reactive.result.method.annotation.CrossOriginAnnotationIntegrationTests$MethodLevelController#defaultAnnotation()
03:14:51.194 [XNIO-23 I/O-3] DEBUG o.s.w.s.a.HttpWebHandlerAdapter - [31c2d787] Completed 200 OK
03:14:51.195 [Test worker] DEBUG o.s.w.c.RestTemplate - Response 200 OK
03:14:51.195 [Test worker] DEBUG o.s.w.t.h.s.r.b.UndertowHttpServer - Stopping UndertowHttpServer...
03:14:51.195 [Test worker] INFO  i.undertow - stopping server: Undertow - 2.1.3.Final
03:14:51.199 [Test worker] DEBUG o.s.w.t.h.s.r.b.UndertowHttpServer - Server stopped (0 millis).
03:14:51.266 [Test worker] DEBUG o.s.w.r.r.m.a.RequestMappingHandlerMapping - 16 mappings in 'requestMappingHandlerMapping'
03:14:51.300 [Test worker] DEBUG o.s.w.r.r.m.a.ControllerMethodResolver - ControllerAdvice beans: none
03:14:51.328 [Test worker] DEBUG o.s.w.s.a.HttpWebHandlerAdapter - enableLoggingRequestDetails='false': form data and headers will be masked to prevent unsafe logging of potentially sensitive data
03:14:51.329 [Test worker] WARN  o.e.j.s.h.ContextHandler - Empty contextPath
03:14:51.329 [Test worker] INFO  o.e.j.s.h.ContextHandler - Started o.e.j.s.ServletContextHandler@590fe158{/,null,AVAILABLE}
03:14:51.330 [Test worker] DEBUG o.s.w.t.h.s.r.b.JettyHttpServer - Starting JettyHttpServer...
03:14:51.330 [Test worker] INFO  o.e.j.s.Server - jetty-9.4.31.v20200723; built: 2020-07-23T17:57:36.812Z; git: 450ba27947e13e66baa8cd1ce7e85a4461cacc1d; jvm 1.8.0_261-b12
03:14:51.335 [Test worker] INFO  o.e.j.s.AbstractConnector - Started ServerConnector@62770286{HTTP/1.1, (http/1.1)}{0.0.0.0:62346}
03:14:51.335 [Test worker] INFO  o.e.j.s.Server - Started @122947ms
03:14:51.335 [Test worker] DEBUG o.s.w.t.h.s.r.b.JettyHttpServer - Server started on port 62346(0 millis).
03:14:51.335 [Test worker] DEBUG o.s.w.c.RestTemplate - HTTP GET http://localhost:62346/origin-pattern-value-attribute
03:14:51.335 [Test worker] DEBUG o.s.w.c.RestTemplate - Accept=[text/plain, application/json, application/x-jackson-smile, application/*+json, */*]
03:14:51.338 [qtp1457962455-1001] DEBUG o.s.w.s.a.HttpWebHandlerAdapter - [62fca6d6] HTTP GET "/origin-pattern-value-attribute"
03:14:51.339 [qtp1457962455-1001] DEBUG o.s.w.r.r.m.a.RequestMappingHandlerMapping - [62fca6d6] Mapped to org.springframework.web.reactive.result.method.annotation.CrossOriginAnnotationIntegrationTests$MethodLevelController#customOriginPatternDefinedViaValueAttribute()
03:14:51.339 [qtp1457962455-1001] DEBUG o.s.w.r.r.m.a.ResponseBodyResultHandler - Using 'text/plain;charset=UTF-8' given [text/plain, application/json, application/x-jackson-smile, application/*+json, */*] and supported [text/plain;charset=UTF-8, text/event-stream, text/plain;charset=UTF-8, */*]
03:14:51.340 [qtp1457962455-1001] DEBUG o.s.w.r.r.m.a.ResponseBodyResultHandler - [62fca6d6] 0..1 [java.lang.String]
03:14:51.340 [qtp1457962455-1001] DEBUG o.s.c.c.CharSequenceEncoder - [62fca6d6] Writing "pattern-value-attribute"
03:14:51.341 [qtp1457962455-1001] DEBUG o.s.w.s.a.HttpWebHandlerAdapter - [62fca6d6] Completed 200 OK
03:14:51.341 [Test worker] DEBUG o.s.w.c.RestTemplate - Response 200 OK
03:14:51.341 [Test worker] DEBUG o.s.w.c.RestTemplate - Reading to [java.lang.String] as "text/plain;charset=utf-8"
03:14:51.341 [Test worker] DEBUG o.s.w.t.h.s.r.b.JettyHttpServer - Stopping JettyHttpServer...
03:14:51.341 [Test worker] INFO  o.e.j.s.h.ContextHandler - Stopped o.e.j.s.ServletContextHandler@590fe158{/,null,UNAVAILABLE}
03:14:51.343 [Test worker] INFO  o.e.j.s.AbstractConnector - Stopped ServerConnector@62770286{HTTP/1.1, (http/1.1)}{0.0.0.0:0}
03:14:51.344 [Test worker] DEBUG o.s.w.t.h.s.r.b.JettyHttpServer - Server stopped (0 millis).
03:14:51.393 [Test worker] DEBUG o.s.w.r.r.m.a.RequestMappingHandlerMapping - 16 mappings in 'requestMappingHandlerMapping'
03:14:51.638 [Test worker] DEBUG o.s.w.r.r.m.a.ControllerMethodResolver - ControllerAdvice beans: none
03:14:51.713 [Test worker] DEBUG o.s.w.s.a.HttpWebHandlerAdapter - enableLoggingRequestDetails='false': form data and headers will be masked to prevent unsafe logging of potentially sensitive data
03:14:51.714 [Test worker] DEBUG o.s.w.t.h.s.r.b.ReactorHttpServer - Starting ReactorHttpServer...
03:14:51.715 [Test worker] DEBUG o.s.w.t.h.s.r.b.ReactorHttpServer - Server started on port 62352(0 millis).
03:14:51.716 [Test worker] DEBUG o.s.w.c.RestTemplate - HTTP GET http://localhost:62352/origin-pattern-value-attribute
03:14:51.716 [Test worker] DEBUG o.s.w.c.RestTemplate - Accept=[text/plain, application/json, application/x-jackson-smile, application/*+json, */*]
03:14:51.752 [reactor-http-nio-2] DEBUG o.s.w.s.a.HttpWebHandlerAdapter - [40db7c59-27] HTTP GET "/origin-pattern-value-attribute"
03:14:51.753 [reactor-http-nio-2] DEBUG o.s.w.r.r.m.a.RequestMappingHandlerMapping - [40db7c59-27] Mapped to org.springframework.web.reactive.result.method.annotation.CrossOriginAnnotationIntegrationTests$MethodLevelController#customOriginPatternDefinedViaValueAttribute()
03:14:51.755 [reactor-http-nio-2] DEBUG o.s.w.r.r.m.a.ResponseBodyResultHandler - Using 'text/plain;charset=UTF-8' given [text/plain, application/json, application/x-jackson-smile, application/*+json, */*] and supported [text/plain;charset=UTF-8, text/event-stream, text/plain;charset=UTF-8, */*]
03:14:51.755 [reactor-http-nio-2] DEBUG o.s.w.r.r.m.a.ResponseBodyResultHandler - [40db7c59-27] 0..1 [java.lang.String]
03:14:51.755 [reactor-http-nio-2] DEBUG o.s.c.c.CharSequenceEncoder - [40db7c59-27] Writing "pattern-value-attribute"
03:14:51.757 [reactor-http-nio-2] DEBUG o.s.w.s.a.HttpWebHandlerAdapter - [40db7c59-27] Completed 200 OK
03:14:51.759 [Test worker] DEBUG o.s.w.c.RestTemplate - Response 200 OK
03:14:51.759 [Test worker] DEBUG o.s.w.c.RestTemplate - Reading to [java.lang.String] as "text/plain;charset=UTF-8"
03:14:51.759 [Test worker] DEBUG o.s.w.t.h.s.r.b.ReactorHttpServer - Stopping ReactorHttpServer...
03:14:51.760 [Test worker] DEBUG o.s.w.t.h.s.r.b.ReactorHttpServer - Server stopped (0 millis).
03:14:51.868 [Test worker] DEBUG o.s.w.r.r.m.a.RequestMappingHandlerMapping - 16 mappings in 'requestMappingHandlerMapping'
03:14:51.938 [Test worker] DEBUG o.s.w.r.r.m.a.ControllerMethodResolver - ControllerAdvice beans: none
03:14:51.978 [Test worker] DEBUG o.s.w.s.a.HttpWebHandlerAdapter - enableLoggingRequestDetails='false': form data and headers will be masked to prevent unsafe logging of potentially sensitive data
03:14:51.979 [Test worker] DEBUG o.s.w.t.h.s.r.b.TomcatHttpServer - Starting TomcatHttpServer...
03:14:52.023 [Test worker] DEBUG o.s.w.t.h.s.r.b.TomcatHttpServer - Server started on port 62354(0 millis).
03:14:52.023 [Test worker] DEBUG o.s.w.c.RestTemplate - HTTP GET http://localhost:62354/origin-pattern-value-attribute
03:14:52.024 [Test worker] DEBUG o.s.w.c.RestTemplate - Accept=[text/plain, application/json, application/x-jackson-smile, application/*+json, */*]
03:14:53.755 [http-nio-auto-25-exec-1] DEBUG o.s.w.s.a.HttpWebHandlerAdapter - [4ba0fc8d] HTTP GET "/origin-pattern-value-attribute"
03:14:53.755 [http-nio-auto-25-exec-1] DEBUG o.s.w.r.r.m.a.RequestMappingHandlerMapping - [4ba0fc8d] Mapped to org.springframework.web.reactive.result.method.annotation.CrossOriginAnnotationIntegrationTests$MethodLevelController#customOriginPatternDefinedViaValueAttribute()
03:14:53.755 [http-nio-auto-25-exec-1] DEBUG o.s.w.r.r.m.a.ResponseBodyResultHandler - Using 'text/plain;charset=UTF-8' given [text/plain, application/json, application/x-jackson-smile, application/*+json, */*] and supported [text/plain;charset=UTF-8, text/event-stream, text/plain;charset=UTF-8, */*]
03:14:53.755 [http-nio-auto-25-exec-1] DEBUG o.s.w.r.r.m.a.ResponseBodyResultHandler - [4ba0fc8d] 0..1 [java.lang.String]
03:14:53.755 [http-nio-auto-25-exec-1] DEBUG o.s.c.c.CharSequenceEncoder - [4ba0fc8d] Writing "pattern-value-attribute"
03:14:53.755 [Test worker] DEBUG o.s.w.c.RestTemplate - Response 200 OK
03:14:53.755 [Test worker] DEBUG o.s.w.c.RestTemplate - Reading to [java.lang.String] as "text/plain;charset=UTF-8"
03:14:53.755 [Test worker] DEBUG o.s.w.t.h.s.r.b.TomcatHttpServer - Stopping TomcatHttpServer...
03:14:53.755 [http-nio-auto-25-exec-1] DEBUG o.s.w.s.a.HttpWebHandlerAdapter - [4ba0fc8d] Completed 200 OK
03:14:54.879 [Test worker] DEBUG o.s.w.t.h.s.r.b.TomcatHttpServer - Server stopped (0 millis).
03:14:55.175 [Test worker] DEBUG o.s.w.r.r.m.a.RequestMappingHandlerMapping - 16 mappings in 'requestMappingHandlerMapping'
03:14:55.388 [Test worker] DEBUG o.s.w.r.r.m.a.ControllerMethodResolver - ControllerAdvice beans: none
03:14:55.588 [Test worker] DEBUG o.s.w.s.a.HttpWebHandlerAdapter - enableLoggingRequestDetails='false': form data and headers will be masked to prevent unsafe logging of potentially sensitive data
03:14:55.588 [Test worker] DEBUG o.s.w.t.h.s.r.b.UndertowHttpServer - Starting UndertowHttpServer...
03:14:55.588 [Test worker] INFO  i.undertow - starting server: Undertow - 2.1.3.Final
03:14:55.601 [Test worker] DEBUG o.s.w.t.h.s.r.b.UndertowHttpServer - Server started on port 62371(0 millis).
03:14:55.601 [Test worker] DEBUG o.s.w.c.RestTemplate - HTTP GET http://localhost:62371/origin-pattern-value-attribute
03:14:55.684 [Test worker] DEBUG o.s.w.c.RestTemplate - Accept=[text/plain, application/json, application/x-jackson-smile, application/*+json, */*]
03:14:56.190 [XNIO-24 I/O-1] DEBUG o.s.w.s.a.HttpWebHandlerAdapter - [b03bf04] HTTP GET "/origin-pattern-value-attribute"
03:14:56.190 [XNIO-24 I/O-1] DEBUG o.s.w.r.r.m.a.RequestMappingHandlerMapping - [b03bf04] Mapped to org.springframework.web.reactive.result.method.annotation.CrossOriginAnnotationIntegrationTests$MethodLevelController#customOriginPatternDefinedViaValueAttribute()
03:14:56.190 [XNIO-24 I/O-1] DEBUG o.s.w.r.r.m.a.ResponseBodyResultHandler - Using 'text/plain;charset=UTF-8' given [text/plain, application/json, application/x-jackson-smile, application/*+json, */*] and supported [text/plain;charset=UTF-8, text/event-stream, text/plain;charset=UTF-8, */*]
03:14:56.190 [XNIO-24 I/O-1] DEBUG o.s.w.r.r.m.a.ResponseBodyResultHandler - [b03bf04] 0..1 [java.lang.String]
03:14:56.190 [XNIO-24 I/O-1] DEBUG o.s.c.c.CharSequenceEncoder - [b03bf04] Writing "pattern-value-attribute"
03:14:56.190 [XNIO-24 I/O-1] DEBUG o.s.w.s.a.HttpWebHandlerAdapter - [b03bf04] Completed 200 OK
03:14:56.190 [Test worker] DEBUG o.s.w.c.RestTemplate - Response 200 OK
03:14:56.190 [Test worker] DEBUG o.s.w.c.RestTemplate - Reading to [java.lang.String] as "text/plain;charset=UTF-8"
03:14:56.190 [Test worker] DEBUG o.s.w.t.h.s.r.b.UndertowHttpServer - Stopping UndertowHttpServer...
03:14:56.190 [Test worker] INFO  i.undertow - stopping server: Undertow - 2.1.3.Final
03:14:56.201 [Test worker] DEBUG o.s.w.t.h.s.r.b.UndertowHttpServer - Server stopped (0 millis).
03:14:56.257 [Test worker] DEBUG o.s.w.r.r.m.a.RequestMappingHandlerMapping - 16 mappings in 'requestMappingHandlerMapping'
03:14:56.288 [Test worker] DEBUG o.s.w.r.r.m.a.ControllerMethodResolver - ControllerAdvice beans: none
03:14:56.328 [Test worker] DEBUG o.s.w.s.a.HttpWebHandlerAdapter - enableLoggingRequestDetails='false': form data and headers will be masked to prevent unsafe logging of potentially sensitive data
03:14:56.329 [Test worker] WARN  o.e.j.s.h.ContextHandler - Empty contextPath
03:14:56.329 [Test worker] INFO  o.e.j.s.h.ContextHandler - Started o.e.j.s.ServletContextHandler@218de727{/,null,AVAILABLE}
03:14:56.330 [Test worker] DEBUG o.s.w.t.h.s.r.b.JettyHttpServer - Starting JettyHttpServer...
03:14:56.330 [Test worker] INFO  o.e.j.s.Server - jetty-9.4.31.v20200723; built: 2020-07-23T17:57:36.812Z; git: 450ba27947e13e66baa8cd1ce7e85a4461cacc1d; jvm 1.8.0_261-b12
03:14:56.342 [Test worker] INFO  o.e.j.s.AbstractConnector - Started ServerConnector@3f081d69{HTTP/1.1, (http/1.1)}{0.0.0.0:62376}
03:14:56.342 [Test worker] INFO  o.e.j.s.Server - Started @127954ms
03:14:56.342 [Test worker] DEBUG o.s.w.t.h.s.r.b.JettyHttpServer - Server started on port 62376(0 millis).
03:14:56.342 [Test worker] DEBUG o.s.w.c.RestTemplate - HTTP OPTIONS http://localhost:62376/customized
03:14:56.342 [Test worker] DEBUG o.s.w.c.RestTemplate - Accept=[text/plain, application/json, application/x-jackson-smile, application/*+json, */*]
03:14:56.346 [qtp680211769-1044] DEBUG o.s.w.s.a.HttpWebHandlerAdapter - [219585f1] HTTP OPTIONS "/customized"
03:14:56.346 [qtp680211769-1044] DEBUG o.s.w.r.r.m.a.RequestMappingHandlerMapping - [219585f1] Mapped to org.springframework.web.reactive.result.method.annotation.CrossOriginAnnotationIntegrationTests$MethodLevelController#customized()
03:14:56.347 [qtp680211769-1044] DEBUG o.s.w.s.a.HttpWebHandlerAdapter - [219585f1] Completed 200 OK
03:14:56.347 [Test worker] DEBUG o.s.w.c.RestTemplate - Response 200 OK
03:14:56.348 [Test worker] DEBUG o.s.w.t.h.s.r.b.JettyHttpServer - Stopping JettyHttpServer...
03:14:56.348 [Test worker] INFO  o.e.j.s.h.ContextHandler - Stopped o.e.j.s.ServletContextHandler@218de727{/,null,UNAVAILABLE}
03:14:56.350 [Test worker] INFO  o.e.j.s.AbstractConnector - Stopped ServerConnector@3f081d69{HTTP/1.1, (http/1.1)}{0.0.0.0:0}
03:14:56.351 [Test worker] DEBUG o.s.w.t.h.s.r.b.JettyHttpServer - Server stopped (0 millis).
03:14:56.407 [Test worker] DEBUG o.s.w.r.r.m.a.RequestMappingHandlerMapping - 16 mappings in 'requestMappingHandlerMapping'
03:14:56.425 [Test worker] DEBUG o.s.w.r.r.m.a.ControllerMethodResolver - ControllerAdvice beans: none
03:14:56.442 [Test worker] DEBUG o.s.w.s.a.HttpWebHandlerAdapter - enableLoggingRequestDetails='false': form data and headers will be masked to prevent unsafe logging of potentially sensitive data
03:14:56.442 [Test worker] DEBUG o.s.w.t.h.s.r.b.ReactorHttpServer - Starting ReactorHttpServer...
03:14:56.443 [Test worker] DEBUG o.s.w.t.h.s.r.b.ReactorHttpServer - Server started on port 62382(0 millis).
03:14:56.443 [Test worker] DEBUG o.s.w.c.RestTemplate - HTTP OPTIONS http://localhost:62382/customized
03:14:56.443 [Test worker] DEBUG o.s.w.c.RestTemplate - Accept=[text/plain, application/json, application/x-jackson-smile, application/*+json, */*]
03:14:56.446 [reactor-http-nio-4] DEBUG o.s.w.s.a.HttpWebHandlerAdapter - [c5dee048-28] HTTP OPTIONS "/customized"
03:14:56.448 [reactor-http-nio-4] DEBUG o.s.w.r.r.m.a.RequestMappingHandlerMapping - [c5dee048-28] Mapped to org.springframework.web.reactive.result.method.annotation.CrossOriginAnnotationIntegrationTests$MethodLevelController#customized()
03:14:56.448 [reactor-http-nio-4] DEBUG o.s.w.s.a.HttpWebHandlerAdapter - [c5dee048-28] Completed 200 OK
03:14:56.449 [Test worker] DEBUG o.s.w.c.RestTemplate - Response 200 OK
03:14:56.449 [Test worker] DEBUG o.s.w.t.h.s.r.b.ReactorHttpServer - Stopping ReactorHttpServer...
03:14:56.450 [Test worker] DEBUG o.s.w.t.h.s.r.b.ReactorHttpServer - Server stopped (0 millis).
03:14:56.547 [Test worker] DEBUG o.s.w.r.r.m.a.RequestMappingHandlerMapping - 16 mappings in 'requestMappingHandlerMapping'
03:14:56.609 [Test worker] DEBUG o.s.w.r.r.m.a.ControllerMethodResolver - ControllerAdvice beans: none
03:14:56.658 [Test worker] DEBUG o.s.w.s.a.HttpWebHandlerAdapter - enableLoggingRequestDetails='false': form data and headers will be masked to prevent unsafe logging of potentially sensitive data
03:14:56.659 [Test worker] DEBUG o.s.w.t.h.s.r.b.TomcatHttpServer - Starting TomcatHttpServer...
03:14:56.677 [Test worker] DEBUG o.s.w.t.h.s.r.b.TomcatHttpServer - Server started on port 62384(0 millis).
03:14:56.677 [Test worker] DEBUG o.s.w.c.RestTemplate - HTTP OPTIONS http://localhost:62384/customized
03:14:56.677 [Test worker] DEBUG o.s.w.c.RestTemplate - Accept=[text/plain, application/json, application/x-jackson-smile, application/*+json, */*]
03:14:56.703 [http-nio-auto-26-exec-1] DEBUG o.s.w.s.a.HttpWebHandlerAdapter - [7b200fc6] HTTP OPTIONS "/customized"
03:14:56.705 [http-nio-auto-26-exec-1] DEBUG o.s.w.r.r.m.a.RequestMappingHandlerMapping - [7b200fc6] Mapped to org.springframework.web.reactive.result.method.annotation.CrossOriginAnnotationIntegrationTests$MethodLevelController#customized()
03:14:56.705 [http-nio-auto-26-exec-1] DEBUG o.s.w.s.a.HttpWebHandlerAdapter - [7b200fc6] Completed 200 OK
03:14:56.706 [Test worker] DEBUG o.s.w.c.RestTemplate - Response 200 OK
03:14:56.706 [Test worker] DEBUG o.s.w.t.h.s.r.b.TomcatHttpServer - Stopping TomcatHttpServer...
03:14:57.407 [Test worker] DEBUG o.s.w.t.h.s.r.b.TomcatHttpServer - Server stopped (0 millis).
03:14:57.529 [Test worker] DEBUG o.s.w.r.r.m.a.RequestMappingHandlerMapping - 16 mappings in 'requestMappingHandlerMapping'
03:14:57.563 [Test worker] DEBUG o.s.w.r.r.m.a.ControllerMethodResolver - ControllerAdvice beans: none
03:14:57.610 [Test worker] DEBUG o.s.w.s.a.HttpWebHandlerAdapter - enableLoggingRequestDetails='false': form data and headers will be masked to prevent unsafe logging of potentially sensitive data
03:14:57.610 [Test worker] DEBUG o.s.w.t.h.s.r.b.UndertowHttpServer - Starting UndertowHttpServer...
03:14:57.610 [Test worker] INFO  i.undertow - starting server: Undertow - 2.1.3.Final
03:14:57.622 [Test worker] DEBUG o.s.w.t.h.s.r.b.UndertowHttpServer - Server started on port 62402(0 millis).
03:14:57.622 [Test worker] DEBUG o.s.w.c.RestTemplate - HTTP OPTIONS http://localhost:62402/customized
03:14:57.623 [Test worker] DEBUG o.s.w.c.RestTemplate - Accept=[text/plain, application/json, application/x-jackson-smile, application/*+json, */*]
03:14:57.690 [XNIO-25 I/O-4] DEBUG o.s.w.s.a.HttpWebHandlerAdapter - [3caf51a3] HTTP OPTIONS "/customized"
03:14:57.690 [XNIO-25 I/O-4] DEBUG o.s.w.r.r.m.a.RequestMappingHandlerMapping - [3caf51a3] Mapped to org.springframework.web.reactive.result.method.annotation.CrossOriginAnnotationIntegrationTests$MethodLevelController#customized()
03:14:57.691 [XNIO-25 I/O-4] DEBUG o.s.w.s.a.HttpWebHandlerAdapter - [3caf51a3] Completed 200 OK
03:14:57.691 [Test worker] DEBUG o.s.w.c.RestTemplate - Response 200 OK
03:14:57.692 [Test worker] DEBUG o.s.w.t.h.s.r.b.UndertowHttpServer - Stopping UndertowHttpServer...
03:14:57.692 [Test worker] INFO  i.undertow - stopping server: Undertow - 2.1.3.Final
03:14:57.695 [Test worker] DEBUG o.s.w.t.h.s.r.b.UndertowHttpServer - Server stopped (0 millis).
03:14:57.799 [Test worker] DEBUG o.s.w.r.r.m.a.RequestMappingHandlerMapping - 16 mappings in 'requestMappingHandlerMapping'
03:14:57.924 [Test worker] DEBUG o.s.w.r.r.m.a.ControllerMethodResolver - ControllerAdvice beans: none
03:14:58.010 [Test worker] DEBUG o.s.w.s.a.HttpWebHandlerAdapter - enableLoggingRequestDetails='false': form data and headers will be masked to prevent unsafe logging of potentially sensitive data
03:14:58.010 [Test worker] WARN  o.e.j.s.h.ContextHandler - Empty contextPath
03:14:58.010 [Test worker] INFO  o.e.j.s.h.ContextHandler - Started o.e.j.s.ServletContextHandler@1a9a4978{/,null,AVAILABLE}
03:14:58.010 [Test worker] DEBUG o.s.w.t.h.s.r.b.JettyHttpServer - Starting JettyHttpServer...
03:14:58.010 [Test worker] INFO  o.e.j.s.Server - jetty-9.4.31.v20200723; built: 2020-07-23T17:57:36.812Z; git: 450ba27947e13e66baa8cd1ce7e85a4461cacc1d; jvm 1.8.0_261-b12
03:14:58.026 [Test worker] INFO  o.e.j.s.AbstractConnector - Started ServerConnector@6be22427{HTTP/1.1, (http/1.1)}{0.0.0.0:62404}
03:14:58.026 [Test worker] INFO  o.e.j.s.Server - Started @129651ms
03:14:58.026 [Test worker] DEBUG o.s.w.t.h.s.r.b.JettyHttpServer - Server started on port 62404(0 millis).
03:14:58.026 [Test worker] DEBUG o.s.w.c.RestTemplate - HTTP GET http://localhost:62404/default
03:14:58.026 [Test worker] DEBUG o.s.w.c.RestTemplate - Accept=[text/plain, application/json, application/x-jackson-smile, application/*+json, */*]
03:14:58.042 [qtp1656109536-1081] DEBUG o.s.w.s.a.HttpWebHandlerAdapter - [3ddbcd8] HTTP GET "/default"
03:14:58.042 [qtp1656109536-1081] DEBUG o.s.w.r.r.m.a.RequestMappingHandlerMapping - [3ddbcd8] Mapped to org.springframework.web.reactive.result.method.annotation.CrossOriginAnnotationIntegrationTests$MethodLevelController#defaultAnnotation()
03:14:58.042 [qtp1656109536-1081] DEBUG o.s.w.r.r.m.a.ResponseBodyResultHandler - Using 'text/plain;charset=UTF-8' given [text/plain, application/json, application/x-jackson-smile, application/*+json, */*] and supported [text/plain;charset=UTF-8, text/event-stream, text/plain;charset=UTF-8, */*]
03:14:58.042 [qtp1656109536-1081] DEBUG o.s.w.r.r.m.a.ResponseBodyResultHandler - [3ddbcd8] 0..1 [java.lang.String]
03:14:58.042 [qtp1656109536-1081] DEBUG o.s.c.c.CharSequenceEncoder - [3ddbcd8] Writing "default"
03:14:58.042 [qtp1656109536-1081] DEBUG o.s.w.s.a.HttpWebHandlerAdapter - [3ddbcd8] Completed 200 OK
03:14:58.042 [Test worker] DEBUG o.s.w.c.RestTemplate - Response 200 OK
03:14:58.042 [Test worker] DEBUG o.s.w.c.RestTemplate - Reading to [java.lang.String] as "text/plain;charset=utf-8"
03:14:58.042 [Test worker] DEBUG o.s.w.t.h.s.r.b.JettyHttpServer - Stopping JettyHttpServer...
03:14:58.042 [Test worker] INFO  o.e.j.s.h.ContextHandler - Stopped o.e.j.s.ServletContextHandler@1a9a4978{/,null,UNAVAILABLE}
03:14:58.042 [Test worker] INFO  o.e.j.s.AbstractConnector - Stopped ServerConnector@6be22427{HTTP/1.1, (http/1.1)}{0.0.0.0:0}
03:14:58.042 [Test worker] DEBUG o.s.w.t.h.s.r.b.JettyHttpServer - Server stopped (0 millis).
03:14:58.174 [Test worker] DEBUG o.s.w.r.r.m.a.RequestMappingHandlerMapping - 16 mappings in 'requestMappingHandlerMapping'
03:14:58.227 [Test worker] DEBUG o.s.w.r.r.m.a.ControllerMethodResolver - ControllerAdvice beans: none
03:14:58.292 [Test worker] DEBUG o.s.w.s.a.HttpWebHandlerAdapter - enableLoggingRequestDetails='false': form data and headers will be masked to prevent unsafe logging of potentially sensitive data
03:14:58.292 [Test worker] DEBUG o.s.w.t.h.s.r.b.ReactorHttpServer - Starting ReactorHttpServer...
03:14:58.293 [Test worker] DEBUG o.s.w.t.h.s.r.b.ReactorHttpServer - Server started on port 62410(0 millis).
03:14:58.293 [Test worker] DEBUG o.s.w.c.RestTemplate - HTTP GET http://localhost:62410/default
03:14:58.294 [Test worker] DEBUG o.s.w.c.RestTemplate - Accept=[text/plain, application/json, application/x-jackson-smile, application/*+json, */*]
03:14:58.298 [reactor-http-nio-2] DEBUG o.s.w.s.a.HttpWebHandlerAdapter - [a66ed6b7-29] HTTP GET "/default"
03:14:58.298 [reactor-http-nio-2] DEBUG o.s.w.r.r.m.a.RequestMappingHandlerMapping - [a66ed6b7-29] Mapped to org.springframework.web.reactive.result.method.annotation.CrossOriginAnnotationIntegrationTests$MethodLevelController#defaultAnnotation()
03:14:58.299 [reactor-http-nio-2] DEBUG o.s.w.r.r.m.a.ResponseBodyResultHandler - Using 'text/plain;charset=UTF-8' given [text/plain, application/json, application/x-jackson-smile, application/*+json, */*] and supported [text/plain;charset=UTF-8, text/event-stream, text/plain;charset=UTF-8, */*]
03:14:58.299 [reactor-http-nio-2] DEBUG o.s.w.r.r.m.a.ResponseBodyResultHandler - [a66ed6b7-29] 0..1 [java.lang.String]
03:14:58.299 [reactor-http-nio-2] DEBUG o.s.c.c.CharSequenceEncoder - [a66ed6b7-29] Writing "default"
03:14:58.301 [reactor-http-nio-2] DEBUG o.s.w.s.a.HttpWebHandlerAdapter - [a66ed6b7-29] Completed 200 OK
03:14:58.301 [Test worker] DEBUG o.s.w.c.RestTemplate - Response 200 OK
03:14:58.301 [Test worker] DEBUG o.s.w.c.RestTemplate - Reading to [java.lang.String] as "text/plain;charset=UTF-8"
03:14:58.302 [Test worker] DEBUG o.s.w.t.h.s.r.b.ReactorHttpServer - Stopping ReactorHttpServer...
03:14:58.302 [Test worker] DEBUG o.s.w.t.h.s.r.b.ReactorHttpServer - Server stopped (0 millis).
03:14:58.375 [Test worker] DEBUG o.s.w.r.r.m.a.RequestMappingHandlerMapping - 16 mappings in 'requestMappingHandlerMapping'
03:14:58.407 [Test worker] DEBUG o.s.w.r.r.m.a.ControllerMethodResolver - ControllerAdvice beans: none
03:14:58.432 [Test worker] DEBUG o.s.w.s.a.HttpWebHandlerAdapter - enableLoggingRequestDetails='false': form data and headers will be masked to prevent unsafe logging of potentially sensitive data
03:14:58.432 [Test worker] DEBUG o.s.w.t.h.s.r.b.TomcatHttpServer - Starting TomcatHttpServer...
03:14:58.446 [Test worker] DEBUG o.s.w.t.h.s.r.b.TomcatHttpServer - Server started on port 62412(0 millis).
03:14:58.446 [Test worker] DEBUG o.s.w.c.RestTemplate - HTTP GET http://localhost:62412/default
03:14:58.446 [Test worker] DEBUG o.s.w.c.RestTemplate - Accept=[text/plain, application/json, application/x-jackson-smile, application/*+json, */*]
03:14:58.458 [http-nio-auto-27-exec-1] DEBUG o.s.w.s.a.HttpWebHandlerAdapter - [5cd3db85] HTTP GET "/default"
03:14:58.459 [http-nio-auto-27-exec-1] DEBUG o.s.w.r.r.m.a.RequestMappingHandlerMapping - [5cd3db85] Mapped to org.springframework.web.reactive.result.method.annotation.CrossOriginAnnotationIntegrationTests$MethodLevelController#defaultAnnotation()
03:14:58.460 [http-nio-auto-27-exec-1] DEBUG o.s.w.r.r.m.a.ResponseBodyResultHandler - Using 'text/plain;charset=UTF-8' given [text/plain, application/json, application/x-jackson-smile, application/*+json, */*] and supported [text/plain;charset=UTF-8, text/event-stream, text/plain;charset=UTF-8, */*]
03:14:58.460 [http-nio-auto-27-exec-1] DEBUG o.s.w.r.r.m.a.ResponseBodyResultHandler - [5cd3db85] 0..1 [java.lang.String]
03:14:58.460 [http-nio-auto-27-exec-1] DEBUG o.s.c.c.CharSequenceEncoder - [5cd3db85] Writing "default"
03:14:58.461 [http-nio-auto-27-exec-1] DEBUG o.s.w.s.a.HttpWebHandlerAdapter - [5cd3db85] Completed 200 OK
03:14:58.462 [Test worker] DEBUG o.s.w.c.RestTemplate - Response 200 OK
03:14:58.462 [Test worker] DEBUG o.s.w.c.RestTemplate - Reading to [java.lang.String] as "text/plain;charset=UTF-8"
03:14:58.463 [Test worker] DEBUG o.s.w.t.h.s.r.b.TomcatHttpServer - Stopping TomcatHttpServer...
03:14:58.793 [Test worker] DEBUG o.s.w.t.h.s.r.b.TomcatHttpServer - Server stopped (0 millis).
03:14:58.872 [Test worker] DEBUG o.s.w.r.r.m.a.RequestMappingHandlerMapping - 16 mappings in 'requestMappingHandlerMapping'
03:14:58.914 [Test worker] DEBUG o.s.w.r.r.m.a.ControllerMethodResolver - ControllerAdvice beans: none
03:14:58.937 [Test worker] DEBUG o.s.w.s.a.HttpWebHandlerAdapter - enableLoggingRequestDetails='false': form data and headers will be masked to prevent unsafe logging of potentially sensitive data
03:14:58.937 [Test worker] DEBUG o.s.w.t.h.s.r.b.UndertowHttpServer - Starting UndertowHttpServer...
03:14:58.938 [Test worker] INFO  i.undertow - starting server: Undertow - 2.1.3.Final
03:14:58.957 [Test worker] DEBUG o.s.w.t.h.s.r.b.UndertowHttpServer - Server started on port 62429(0 millis).
03:14:58.958 [Test worker] DEBUG o.s.w.c.RestTemplate - HTTP GET http://localhost:62429/default
03:14:58.958 [Test worker] DEBUG o.s.w.c.RestTemplate - Accept=[text/plain, application/json, application/x-jackson-smile, application/*+json, */*]
03:14:58.965 [XNIO-26 I/O-1] DEBUG o.s.w.s.a.HttpWebHandlerAdapter - [313ccca7] HTTP GET "/default"
03:14:58.965 [XNIO-26 I/O-1] DEBUG o.s.w.r.r.m.a.RequestMappingHandlerMapping - [313ccca7] Mapped to org.springframework.web.reactive.result.method.annotation.CrossOriginAnnotationIntegrationTests$MethodLevelController#defaultAnnotation()
03:14:58.966 [XNIO-26 I/O-1] DEBUG o.s.w.r.r.m.a.ResponseBodyResultHandler - Using 'text/plain;charset=UTF-8' given [text/plain, application/json, application/x-jackson-smile, application/*+json, */*] and supported [text/plain;charset=UTF-8, text/event-stream, text/plain;charset=UTF-8, */*]
03:14:58.967 [XNIO-26 I/O-1] DEBUG o.s.w.r.r.m.a.ResponseBodyResultHandler - [313ccca7] 0..1 [java.lang.String]
03:14:58.967 [XNIO-26 I/O-1] DEBUG o.s.c.c.CharSequenceEncoder - [313ccca7] Writing "default"
03:14:58.968 [XNIO-26 I/O-1] DEBUG o.s.w.s.a.HttpWebHandlerAdapter - [313ccca7] Completed 200 OK
03:14:58.968 [Test worker] DEBUG o.s.w.c.RestTemplate - Response 200 OK
03:14:58.968 [Test worker] DEBUG o.s.w.c.RestTemplate - Reading to [java.lang.String] as "text/plain;charset=UTF-8"
03:14:58.968 [Test worker] DEBUG o.s.w.t.h.s.r.b.UndertowHttpServer - Stopping UndertowHttpServer...
03:14:58.968 [Test worker] INFO  i.undertow - stopping server: Undertow - 2.1.3.Final
03:14:58.971 [Test worker] DEBUG o.s.w.t.h.s.r.b.UndertowHttpServer - Server stopped (0 millis).
03:14:59.020 [Test worker] DEBUG o.s.w.r.r.m.a.RequestMappingHandlerMapping - 16 mappings in 'requestMappingHandlerMapping'
03:14:59.039 [Test worker] DEBUG o.s.w.r.r.m.a.ControllerMethodResolver - ControllerAdvice beans: none
03:14:59.056 [Test worker] DEBUG o.s.w.s.a.HttpWebHandlerAdapter - enableLoggingRequestDetails='false': form data and headers will be masked to prevent unsafe logging of potentially sensitive data
03:14:59.056 [Test worker] WARN  o.e.j.s.h.ContextHandler - Empty contextPath
03:14:59.057 [Test worker] INFO  o.e.j.s.h.ContextHandler - Started o.e.j.s.ServletContextHandler@1a169bdc{/,null,AVAILABLE}
03:14:59.057 [Test worker] DEBUG o.s.w.t.h.s.r.b.JettyHttpServer - Starting JettyHttpServer...
03:14:59.057 [Test worker] INFO  o.e.j.s.Server - jetty-9.4.31.v20200723; built: 2020-07-23T17:57:36.812Z; git: 450ba27947e13e66baa8cd1ce7e85a4461cacc1d; jvm 1.8.0_261-b12
03:14:59.064 [Test worker] INFO  o.e.j.s.AbstractConnector - Started ServerConnector@79ba4a45{HTTP/1.1, (http/1.1)}{0.0.0.0:62431}
03:14:59.064 [Test worker] INFO  o.e.j.s.Server - Started @130676ms
03:14:59.064 [Test worker] DEBUG o.s.w.t.h.s.r.b.JettyHttpServer - Server started on port 62431(0 millis).
03:14:59.064 [Test worker] DEBUG o.s.w.c.RestTemplate - HTTP OPTIONS http://localhost:62431/no
03:14:59.064 [Test worker] DEBUG o.s.w.c.RestTemplate - Accept=[text/plain, application/json, application/x-jackson-smile, application/*+json, */*]
03:14:59.067 [qtp484759476-1124] DEBUG o.s.w.s.a.HttpWebHandlerAdapter - [3a71e76a] HTTP OPTIONS "/no"
03:14:59.075 [qtp484759476-1124] DEBUG o.s.w.r.r.m.a.RequestMappingHandlerMapping - [3a71e76a] Mapped to org.springframework.web.reactive.result.method.RequestMappingInfoHandlerMapping$HttpOptionsHandler#handle()
03:14:59.079 [qtp484759476-1124] DEBUG o.s.w.s.a.HttpWebHandlerAdapter - [3a71e76a] Completed 200 OK
03:14:59.080 [Test worker] DEBUG o.s.w.c.RestTemplate - Response 200 OK
03:14:59.080 [Test worker] DEBUG o.s.w.t.h.s.r.b.JettyHttpServer - Stopping JettyHttpServer...
03:14:59.081 [Test worker] INFO  o.e.j.s.h.ContextHandler - Stopped o.e.j.s.ServletContextHandler@1a169bdc{/,null,UNAVAILABLE}
03:14:59.083 [Test worker] INFO  o.e.j.s.AbstractConnector - Stopped ServerConnector@79ba4a45{HTTP/1.1, (http/1.1)}{0.0.0.0:0}
03:14:59.083 [Test worker] DEBUG o.s.w.t.h.s.r.b.JettyHttpServer - Server stopped (0 millis).
03:14:59.156 [Test worker] DEBUG o.s.w.r.r.m.a.RequestMappingHandlerMapping - 16 mappings in 'requestMappingHandlerMapping'
03:14:59.283 [Test worker] DEBUG o.s.w.r.r.m.a.ControllerMethodResolver - ControllerAdvice beans: none
03:14:59.314 [Test worker] DEBUG o.s.w.s.a.HttpWebHandlerAdapter - enableLoggingRequestDetails='false': form data and headers will be masked to prevent unsafe logging of potentially sensitive data
03:14:59.314 [Test worker] DEBUG o.s.w.t.h.s.r.b.ReactorHttpServer - Starting ReactorHttpServer...
03:14:59.314 [Test worker] DEBUG o.s.w.t.h.s.r.b.ReactorHttpServer - Server started on port 62437(0 millis).
03:14:59.314 [Test worker] DEBUG o.s.w.c.RestTemplate - HTTP OPTIONS http://localhost:62437/no
03:14:59.314 [Test worker] DEBUG o.s.w.c.RestTemplate - Accept=[text/plain, application/json, application/x-jackson-smile, application/*+json, */*]
03:14:59.364 [reactor-http-nio-4] DEBUG o.s.w.s.a.HttpWebHandlerAdapter - [e5870781-30] HTTP OPTIONS "/no"
03:14:59.364 [reactor-http-nio-4] DEBUG o.s.w.r.r.m.a.RequestMappingHandlerMapping - [e5870781-30] Mapped to org.springframework.web.reactive.result.method.RequestMappingInfoHandlerMapping$HttpOptionsHandler#handle()
03:14:59.365 [reactor-http-nio-4] DEBUG o.s.w.s.a.HttpWebHandlerAdapter - [e5870781-30] Completed 200 OK
03:14:59.366 [Test worker] DEBUG o.s.w.c.RestTemplate - Response 200 OK
03:14:59.366 [Test worker] DEBUG o.s.w.t.h.s.r.b.ReactorHttpServer - Stopping ReactorHttpServer...
03:14:59.366 [Test worker] DEBUG o.s.w.t.h.s.r.b.ReactorHttpServer - Server stopped (0 millis).
03:14:59.434 [Test worker] DEBUG o.s.w.r.r.m.a.RequestMappingHandlerMapping - 16 mappings in 'requestMappingHandlerMapping'
03:14:59.464 [Test worker] DEBUG o.s.w.r.r.m.a.ControllerMethodResolver - ControllerAdvice beans: none
03:14:59.506 [Test worker] DEBUG o.s.w.s.a.HttpWebHandlerAdapter - enableLoggingRequestDetails='false': form data and headers will be masked to prevent unsafe logging of potentially sensitive data
03:14:59.506 [Test worker] DEBUG o.s.w.t.h.s.r.b.TomcatHttpServer - Starting TomcatHttpServer...
03:14:59.522 [Test worker] DEBUG o.s.w.t.h.s.r.b.TomcatHttpServer - Server started on port 62439(0 millis).
03:14:59.523 [Test worker] DEBUG o.s.w.c.RestTemplate - HTTP OPTIONS http://localhost:62439/no
03:14:59.523 [Test worker] DEBUG o.s.w.c.RestTemplate - Accept=[text/plain, application/json, application/x-jackson-smile, application/*+json, */*]
03:14:59.533 [http-nio-auto-28-exec-1] DEBUG o.s.w.s.a.HttpWebHandlerAdapter - [17f46e25] HTTP OPTIONS "/no"
03:14:59.535 [http-nio-auto-28-exec-1] DEBUG o.s.w.r.r.m.a.RequestMappingHandlerMapping - [17f46e25] Mapped to org.springframework.web.reactive.result.method.RequestMappingInfoHandlerMapping$HttpOptionsHandler#handle()
03:14:59.537 [http-nio-auto-28-exec-1] DEBUG o.s.w.s.a.HttpWebHandlerAdapter - [17f46e25] Completed 200 OK
03:14:59.556 [Test worker] DEBUG o.s.w.c.RestTemplate - Response 200 OK
03:14:59.556 [Test worker] DEBUG o.s.w.t.h.s.r.b.TomcatHttpServer - Stopping TomcatHttpServer...
03:14:59.881 [Test worker] DEBUG o.s.w.t.h.s.r.b.TomcatHttpServer - Server stopped (0 millis).
03:14:59.953 [Test worker] DEBUG o.s.w.r.r.m.a.RequestMappingHandlerMapping - 16 mappings in 'requestMappingHandlerMapping'
03:15:00.015 [Test worker] DEBUG o.s.w.r.r.m.a.ControllerMethodResolver - ControllerAdvice beans: none
03:15:00.057 [Test worker] DEBUG o.s.w.s.a.HttpWebHandlerAdapter - enableLoggingRequestDetails='false': form data and headers will be masked to prevent unsafe logging of potentially sensitive data
03:15:00.057 [Test worker] DEBUG o.s.w.t.h.s.r.b.UndertowHttpServer - Starting UndertowHttpServer...
03:15:00.057 [Test worker] INFO  i.undertow - starting server: Undertow - 2.1.3.Final
03:15:00.073 [Test worker] DEBUG o.s.w.t.h.s.r.b.UndertowHttpServer - Server started on port 62456(0 millis).
03:15:00.074 [Test worker] DEBUG o.s.w.c.RestTemplate - HTTP OPTIONS http://localhost:62456/no
03:15:00.074 [Test worker] DEBUG o.s.w.c.RestTemplate - Accept=[text/plain, application/json, application/x-jackson-smile, application/*+json, */*]
03:15:00.113 [XNIO-27 I/O-1] DEBUG o.s.w.s.a.HttpWebHandlerAdapter - [381d19ad] HTTP OPTIONS "/no"
03:15:00.114 [XNIO-27 I/O-1] DEBUG o.s.w.r.r.m.a.RequestMappingHandlerMapping - [381d19ad] Mapped to org.springframework.web.reactive.result.method.RequestMappingInfoHandlerMapping$HttpOptionsHandler#handle()
03:15:00.115 [XNIO-27 I/O-1] DEBUG o.s.w.s.a.HttpWebHandlerAdapter - [381d19ad] Completed 200 OK
03:15:00.115 [Test worker] DEBUG o.s.w.c.RestTemplate - Response 200 OK
03:15:00.115 [Test worker] DEBUG o.s.w.t.h.s.r.b.UndertowHttpServer - Stopping UndertowHttpServer...
03:15:00.116 [Test worker] INFO  i.undertow - stopping server: Undertow - 2.1.3.Final
03:15:00.119 [Test worker] DEBUG o.s.w.t.h.s.r.b.UndertowHttpServer - Server stopped (0 millis).
03:15:00.217 [Test worker] DEBUG o.s.w.r.r.m.a.RequestMappingHandlerMapping - 16 mappings in 'requestMappingHandlerMapping'
03:15:00.267 [Test worker] DEBUG o.s.w.r.r.m.a.ControllerMethodResolver - ControllerAdvice beans: none
03:15:00.301 [Test worker] DEBUG o.s.w.s.a.HttpWebHandlerAdapter - enableLoggingRequestDetails='false': form data and headers will be masked to prevent unsafe logging of potentially sensitive data
03:15:00.302 [Test worker] WARN  o.e.j.s.h.ContextHandler - Empty contextPath
03:15:00.302 [Test worker] INFO  o.e.j.s.h.ContextHandler - Started o.e.j.s.ServletContextHandler@3b806068{/,null,AVAILABLE}
03:15:00.302 [Test worker] DEBUG o.s.w.t.h.s.r.b.JettyHttpServer - Starting JettyHttpServer...
03:15:00.302 [Test worker] INFO  o.e.j.s.Server - jetty-9.4.31.v20200723; built: 2020-07-23T17:57:36.812Z; git: 450ba27947e13e66baa8cd1ce7e85a4461cacc1d; jvm 1.8.0_261-b12
03:15:00.311 [Test worker] INFO  o.e.j.s.AbstractConnector - Started ServerConnector@4436294a{HTTP/1.1, (http/1.1)}{0.0.0.0:62463}
03:15:00.311 [Test worker] INFO  o.e.j.s.Server - Started @131923ms
03:15:00.311 [Test worker] DEBUG o.s.w.t.h.s.r.b.JettyHttpServer - Server started on port 62463(0 millis).
03:15:00.313 [Test worker] DEBUG o.s.w.c.RestTemplate - HTTP POST http://localhost:62463/no
03:15:00.314 [Test worker] DEBUG o.s.w.c.RestTemplate - Accept=[text/plain, application/json, application/x-jackson-smile, application/*+json, */*]
03:15:00.320 [qtp1208103377-1165] DEBUG o.s.w.s.a.HttpWebHandlerAdapter - [4088fad2] HTTP POST "/no"
03:15:00.321 [qtp1208103377-1165] DEBUG o.s.w.r.r.m.a.RequestMappingHandlerMapping - [4088fad2] Mapped to org.springframework.web.reactive.result.method.annotation.CrossOriginAnnotationIntegrationTests$MethodLevelController#noAnnotationPost()
03:15:00.322 [qtp1208103377-1165] DEBUG o.s.w.r.r.m.a.ResponseBodyResultHandler - Using 'text/plain;charset=UTF-8' given [text/plain, application/json, application/x-jackson-smile, application/*+json, */*] and supported [text/plain;charset=UTF-8, text/event-stream, text/plain;charset=UTF-8, */*]
03:15:00.322 [qtp1208103377-1165] DEBUG o.s.w.r.r.m.a.ResponseBodyResultHandler - [4088fad2] 0..1 [java.lang.String]
03:15:00.322 [qtp1208103377-1165] DEBUG o.s.c.c.CharSequenceEncoder - [4088fad2] Writing "no-post"
03:15:00.322 [Test worker] DEBUG o.s.w.c.RestTemplate - Response 200 OK
03:15:00.322 [qtp1208103377-1165] DEBUG o.s.w.s.a.HttpWebHandlerAdapter - [4088fad2] Completed 200 OK
03:15:00.322 [Test worker] DEBUG o.s.w.c.RestTemplate - Reading to [java.lang.String] as "text/plain;charset=utf-8"
03:15:00.323 [Test worker] DEBUG o.s.w.t.h.s.r.b.JettyHttpServer - Stopping JettyHttpServer...
03:15:00.323 [Test worker] INFO  o.e.j.s.h.ContextHandler - Stopped o.e.j.s.ServletContextHandler@3b806068{/,null,UNAVAILABLE}
03:15:00.325 [Test worker] INFO  o.e.j.s.AbstractConnector - Stopped ServerConnector@4436294a{HTTP/1.1, (http/1.1)}{0.0.0.0:0}
03:15:00.326 [Test worker] DEBUG o.s.w.t.h.s.r.b.JettyHttpServer - Server stopped (0 millis).
03:15:00.387 [Test worker] DEBUG o.s.w.r.r.m.a.RequestMappingHandlerMapping - 16 mappings in 'requestMappingHandlerMapping'
03:15:00.427 [Test worker] DEBUG o.s.w.r.r.m.a.ControllerMethodResolver - ControllerAdvice beans: none
03:15:00.480 [Test worker] DEBUG o.s.w.s.a.HttpWebHandlerAdapter - enableLoggingRequestDetails='false': form data and headers will be masked to prevent unsafe logging of potentially sensitive data
03:15:00.481 [Test worker] DEBUG o.s.w.t.h.s.r.b.ReactorHttpServer - Starting ReactorHttpServer...
03:15:00.482 [Test worker] DEBUG o.s.w.t.h.s.r.b.ReactorHttpServer - Server started on port 62469(0 millis).
03:15:00.483 [Test worker] DEBUG o.s.w.c.RestTemplate - HTTP POST http://localhost:62469/no
03:15:00.483 [Test worker] DEBUG o.s.w.c.RestTemplate - Accept=[text/plain, application/json, application/x-jackson-smile, application/*+json, */*]
03:15:00.516 [reactor-http-nio-2] DEBUG o.s.w.s.a.HttpWebHandlerAdapter - [e7fd7086-31] HTTP POST "/no"
03:15:00.516 [reactor-http-nio-2] DEBUG o.s.w.r.r.m.a.RequestMappingHandlerMapping - [e7fd7086-31] Mapped to org.springframework.web.reactive.result.method.annotation.CrossOriginAnnotationIntegrationTests$MethodLevelController#noAnnotationPost()
03:15:00.517 [reactor-http-nio-2] DEBUG o.s.w.r.r.m.a.ResponseBodyResultHandler - Using 'text/plain;charset=UTF-8' given [text/plain, application/json, application/x-jackson-smile, application/*+json, */*] and supported [text/plain;charset=UTF-8, text/event-stream, text/plain;charset=UTF-8, */*]
03:15:00.517 [reactor-http-nio-2] DEBUG o.s.w.r.r.m.a.ResponseBodyResultHandler - [e7fd7086-31] 0..1 [java.lang.String]
03:15:00.518 [reactor-http-nio-2] DEBUG o.s.c.c.CharSequenceEncoder - [e7fd7086-31] Writing "no-post"
03:15:00.519 [reactor-http-nio-2] DEBUG o.s.w.s.a.HttpWebHandlerAdapter - [e7fd7086-31] Completed 200 OK
03:15:00.519 [Test worker] DEBUG o.s.w.c.RestTemplate - Response 200 OK
03:15:00.520 [Test worker] DEBUG o.s.w.c.RestTemplate - Reading to [java.lang.String] as "text/plain;charset=UTF-8"
03:15:00.520 [Test worker] DEBUG o.s.w.t.h.s.r.b.ReactorHttpServer - Stopping ReactorHttpServer...
03:15:00.521 [Test worker] DEBUG o.s.w.t.h.s.r.b.ReactorHttpServer - Server stopped (0 millis).
03:15:00.591 [Test worker] DEBUG o.s.w.r.r.m.a.RequestMappingHandlerMapping - 16 mappings in 'requestMappingHandlerMapping'
03:15:00.621 [Test worker] DEBUG o.s.w.r.r.m.a.ControllerMethodResolver - ControllerAdvice beans: none
03:15:00.643 [Test worker] DEBUG o.s.w.s.a.HttpWebHandlerAdapter - enableLoggingRequestDetails='false': form data and headers will be masked to prevent unsafe logging of potentially sensitive data
03:15:00.644 [Test worker] DEBUG o.s.w.t.h.s.r.b.TomcatHttpServer - Starting TomcatHttpServer...
03:15:00.658 [Test worker] DEBUG o.s.w.t.h.s.r.b.TomcatHttpServer - Server started on port 62471(0 millis).
03:15:00.658 [Test worker] DEBUG o.s.w.c.RestTemplate - HTTP POST http://localhost:62471/no
03:15:00.659 [Test worker] DEBUG o.s.w.c.RestTemplate - Accept=[text/plain, application/json, application/x-jackson-smile, application/*+json, */*]
03:15:00.665 [http-nio-auto-29-exec-1] DEBUG o.s.w.s.a.HttpWebHandlerAdapter - [2f102032] HTTP POST "/no"
03:15:00.666 [http-nio-auto-29-exec-1] DEBUG o.s.w.r.r.m.a.RequestMappingHandlerMapping - [2f102032] Mapped to org.springframework.web.reactive.result.method.annotation.CrossOriginAnnotationIntegrationTests$MethodLevelController#noAnnotationPost()
03:15:00.667 [http-nio-auto-29-exec-1] DEBUG o.s.w.r.r.m.a.ResponseBodyResultHandler - Using 'text/plain;charset=UTF-8' given [text/plain, application/json, application/x-jackson-smile, application/*+json, */*] and supported [text/plain;charset=UTF-8, text/event-stream, text/plain;charset=UTF-8, */*]
03:15:00.667 [http-nio-auto-29-exec-1] DEBUG o.s.w.r.r.m.a.ResponseBodyResultHandler - [2f102032] 0..1 [java.lang.String]
03:15:00.667 [http-nio-auto-29-exec-1] DEBUG o.s.c.c.CharSequenceEncoder - [2f102032] Writing "no-post"
03:15:00.668 [http-nio-auto-29-exec-1] DEBUG o.s.w.s.a.HttpWebHandlerAdapter - [2f102032] Completed 200 OK
03:15:00.668 [Test worker] DEBUG o.s.w.c.RestTemplate - Response 200 OK
03:15:00.668 [Test worker] DEBUG o.s.w.c.RestTemplate - Reading to [java.lang.String] as "text/plain;charset=UTF-8"
03:15:00.669 [Test worker] DEBUG o.s.w.t.h.s.r.b.TomcatHttpServer - Stopping TomcatHttpServer...
03:15:00.926 [Test worker] DEBUG o.s.w.t.h.s.r.b.TomcatHttpServer - Server stopped (0 millis).
03:15:01.020 [Test worker] DEBUG o.s.w.r.r.m.a.RequestMappingHandlerMapping - 16 mappings in 'requestMappingHandlerMapping'
03:15:01.052 [Test worker] DEBUG o.s.w.r.r.m.a.ControllerMethodResolver - ControllerAdvice beans: none
03:15:01.111 [Test worker] DEBUG o.s.w.s.a.HttpWebHandlerAdapter - enableLoggingRequestDetails='false': form data and headers will be masked to prevent unsafe logging of potentially sensitive data
03:15:01.111 [Test worker] DEBUG o.s.w.t.h.s.r.b.UndertowHttpServer - Starting UndertowHttpServer...
03:15:01.111 [Test worker] INFO  i.undertow - starting server: Undertow - 2.1.3.Final
03:15:01.120 [Test worker] DEBUG o.s.w.t.h.s.r.b.UndertowHttpServer - Server started on port 62488(0 millis).
03:15:01.120 [Test worker] DEBUG o.s.w.c.RestTemplate - HTTP POST http://localhost:62488/no
03:15:01.120 [Test worker] DEBUG o.s.w.c.RestTemplate - Accept=[text/plain, application/json, application/x-jackson-smile, application/*+json, */*]
03:15:01.126 [XNIO-28 I/O-1] DEBUG o.s.w.s.a.HttpWebHandlerAdapter - [4ed9816e] HTTP POST "/no"
03:15:01.126 [XNIO-28 I/O-1] DEBUG o.s.w.r.r.m.a.RequestMappingHandlerMapping - [4ed9816e] Mapped to org.springframework.web.reactive.result.method.annotation.CrossOriginAnnotationIntegrationTests$MethodLevelController#noAnnotationPost()
03:15:01.127 [XNIO-28 I/O-1] DEBUG o.s.w.r.r.m.a.ResponseBodyResultHandler - Using 'text/plain;charset=UTF-8' given [text/plain, application/json, application/x-jackson-smile, application/*+json, */*] and supported [text/plain;charset=UTF-8, text/event-stream, text/plain;charset=UTF-8, */*]
03:15:01.127 [XNIO-28 I/O-1] DEBUG o.s.w.r.r.m.a.ResponseBodyResultHandler - [4ed9816e] 0..1 [java.lang.String]
03:15:01.127 [XNIO-28 I/O-1] DEBUG o.s.c.c.CharSequenceEncoder - [4ed9816e] Writing "no-post"
03:15:01.128 [XNIO-28 I/O-1] DEBUG o.s.w.s.a.HttpWebHandlerAdapter - [4ed9816e] Completed 200 OK
03:15:01.128 [Test worker] DEBUG o.s.w.c.RestTemplate - Response 200 OK
03:15:01.128 [Test worker] DEBUG o.s.w.c.RestTemplate - Reading to [java.lang.String] as "text/plain;charset=UTF-8"
03:15:01.129 [Test worker] DEBUG o.s.w.t.h.s.r.b.UndertowHttpServer - Stopping UndertowHttpServer...
03:15:01.129 [Test worker] INFO  i.undertow - stopping server: Undertow - 2.1.3.Final
03:15:01.131 [Test worker] DEBUG o.s.w.t.h.s.r.b.UndertowHttpServer - Server stopped (0 millis).
]]></system-out>
  <system-err><![CDATA[]]></system-err>
</testsuite>
