<?xml version="1.0" encoding="UTF-8"?>
<testsuite name="org.springframework.web.reactive.result.view.script.NashornScriptTemplateTests" tests="3" skipped="0" failures="0" errors="0" timestamp="2023-03-20T08:14:42" hostname="DESKTOP-VGJP1PJ" time="1.405">
  <properties/>
  <testcase name="renderTemplateWithUrl()" classname="org.springframework.web.reactive.result.view.script.NashornScriptTemplateTests" time="1.207"/>
  <testcase name="renderTemplate()" classname="org.springframework.web.reactive.result.view.script.NashornScriptTemplateTests" time="0.14"/>
  <testcase name="subscribeWithoutDemand()" classname="org.springframework.web.reactive.result.view.script.NashornScriptTemplateTests" time="0.057"/>
  <system-out><![CDATA[03:14:44.343 [Test worker] DEBUG o.s.w.r.r.v.s.ScriptTemplateView - [7163beab] View [ScriptTemplateView], model {title=Layout example, body=This is the body}
]]></system-out>
  <system-err><![CDATA[]]></system-err>
</testsuite>
