<?xml version="1.0" encoding="UTF-8"?>
<testsuite name="org.springframework.web.reactive.function.server.ResourceHandlerFunctionTests" tests="3" skipped="0" failures="0" errors="0" timestamp="2023-03-20T08:14:17" hostname="DESKTOP-VGJP1PJ" time="0.581">
  <properties/>
  <testcase name="options()" classname="org.springframework.web.reactive.function.server.ResourceHandlerFunctionTests" time="0.41"/>
  <testcase name="get()" classname="org.springframework.web.reactive.function.server.ResourceHandlerFunctionTests" time="0.136"/>
  <testcase name="head()" classname="org.springframework.web.reactive.function.server.ResourceHandlerFunctionTests" time="0.033"/>
  <system-out><![CDATA[03:14:18.077 [Test worker] DEBUG o.s.h.c.ResourceHttpMessageWriter - [43a52150] Resource associated with 'text/plain'
03:14:18.079 [Test worker] DEBUG o.s.c.c.ResourceEncoder - [43a52150] Writing [class path resource [org/springframework/web/reactive/function/server/response.txt]]
03:14:18.169 [Test worker] DEBUG o.s.h.c.ResourceHttpMessageWriter - [9f75df4] Resource associated with 'text/plain'
03:14:18.170 [Test worker] DEBUG o.s.c.c.ResourceEncoder - [9f75df4] Writing [org.springframework.web.reactive.function.server.ResourceHandlerFunction$HeadMethodResource@15141f37]
]]></system-out>
  <system-err><![CDATA[]]></system-err>
</testsuite>
