<?xml version="1.0" encoding="UTF-8"?>
<testsuite name="org.springframework.web.reactive.function.server.CoRouterFunctionDslTests" tests="12" skipped="0" failures="0" errors="0" timestamp="2023-03-20T08:14:44" hostname="DESKTOP-VGJP1PJ" time="0.434">
  <properties/>
  <testcase name="accept()" classname="org.springframework.web.reactive.function.server.CoRouterFunctionDslTests" time="0.152"/>
  <testcase name="header()" classname="org.springframework.web.reactive.function.server.CoRouterFunctionDslTests" time="0.001"/>
  <testcase name="method()" classname="org.springframework.web.reactive.function.server.CoRouterFunctionDslTests" time="0.001"/>
  <testcase name="resourceByPath()" classname="org.springframework.web.reactive.function.server.CoRouterFunctionDslTests" time="0.003"/>
  <testcase name="contentType()" classname="org.springframework.web.reactive.function.server.CoRouterFunctionDslTests" time="0.002"/>
  <testcase name="resource()" classname="org.springframework.web.reactive.function.server.CoRouterFunctionDslTests" time="0.16"/>
  <testcase name="path()" classname="org.springframework.web.reactive.function.server.CoRouterFunctionDslTests" time="0.002"/>
  <testcase name="emptyRouter()" classname="org.springframework.web.reactive.function.server.CoRouterFunctionDslTests" time="0.022"/>
  <testcase name="acceptAndPOSTWithRequestPredicate()" classname="org.springframework.web.reactive.function.server.CoRouterFunctionDslTests" time="0.002"/>
  <testcase name="rendering()" classname="org.springframework.web.reactive.function.server.CoRouterFunctionDslTests" time="0.068"/>
  <testcase name="acceptAndPOST()" classname="org.springframework.web.reactive.function.server.CoRouterFunctionDslTests" time="0.016"/>
  <testcase name="noRoute()" classname="org.springframework.web.reactive.function.server.CoRouterFunctionDslTests" time="0.002"/>
  <system-out><![CDATA[]]></system-out>
  <system-err><![CDATA[]]></system-err>
</testsuite>
