<?xml version="1.0" encoding="UTF-8"?>
<testsuite name="org.springframework.web.reactive.function.server.RenderingResponseExtensionsTests" tests="1" skipped="0" failures="0" errors="0" timestamp="2023-03-20T08:20:22" hostname="DESKTOP-VGJP1PJ" time="3.311">
  <properties/>
  <testcase name="buildAndAwait()" classname="org.springframework.web.reactive.function.server.RenderingResponseExtensionsTests" time="3.311"/>
  <system-out><![CDATA[]]></system-out>
  <system-err><![CDATA[]]></system-err>
</testsuite>
