<?xml version="1.0" encoding="UTF-8"?>
<testsuite name="org.springframework.web.reactive.result.method.annotation.RequestMappingIntegrationTests" tests="12" skipped="0" failures="0" errors="0" timestamp="2023-03-20T08:16:46" hostname="DESKTOP-VGJP1PJ" time="3.366">
  <properties/>
  <testcase name="forwardedHeaders(HttpServer)[1]" classname="org.springframework.web.reactive.result.method.annotation.RequestMappingIntegrationTests" time="0.071"/>
  <testcase name="forwardedHeaders(HttpServer)[2]" classname="org.springframework.web.reactive.result.method.annotation.RequestMappingIntegrationTests" time="0.05"/>
  <testcase name="forwardedHeaders(HttpServer)[3]" classname="org.springframework.web.reactive.result.method.annotation.RequestMappingIntegrationTests" time="0.256"/>
  <testcase name="forwardedHeaders(HttpServer)[4]" classname="org.springframework.web.reactive.result.method.annotation.RequestMappingIntegrationTests" time="0.061"/>
  <testcase name="stream(HttpServer)[1]" classname="org.springframework.web.reactive.result.method.annotation.RequestMappingIntegrationTests" time="0.326"/>
  <testcase name="stream(HttpServer)[2]" classname="org.springframework.web.reactive.result.method.annotation.RequestMappingIntegrationTests" time="0.337"/>
  <testcase name="stream(HttpServer)[3]" classname="org.springframework.web.reactive.result.method.annotation.RequestMappingIntegrationTests" time="0.496"/>
  <testcase name="stream(HttpServer)[4]" classname="org.springframework.web.reactive.result.method.annotation.RequestMappingIntegrationTests" time="0.343"/>
  <testcase name="httpHead(HttpServer)[1]" classname="org.springframework.web.reactive.result.method.annotation.RequestMappingIntegrationTests" time="0.083"/>
  <testcase name="httpHead(HttpServer)[2]" classname="org.springframework.web.reactive.result.method.annotation.RequestMappingIntegrationTests" time="0.052"/>
  <testcase name="httpHead(HttpServer)[3]" classname="org.springframework.web.reactive.result.method.annotation.RequestMappingIntegrationTests" time="0.715"/>
  <testcase name="httpHead(HttpServer)[4]" classname="org.springframework.web.reactive.result.method.annotation.RequestMappingIntegrationTests" time="0.425"/>
  <system-out><![CDATA[03:16:46.560 [Test worker] DEBUG o.s.w.r.r.m.a.RequestMappingHandlerMapping - 4 mappings in 'requestMappingHandlerMapping'
03:16:46.574 [Test worker] DEBUG o.s.w.r.r.m.a.ControllerMethodResolver - ControllerAdvice beans: none
03:16:46.591 [Test worker] DEBUG o.s.w.s.a.HttpWebHandlerAdapter - enableLoggingRequestDetails='false': form data and headers will be masked to prevent unsafe logging of potentially sensitive data
03:16:46.591 [Test worker] WARN  o.e.j.s.h.ContextHandler - Empty contextPath
03:16:46.591 [Test worker] INFO  o.e.j.s.h.ContextHandler - Started o.e.j.s.ServletContextHandler@2ad876f4{/,null,AVAILABLE}
03:16:46.591 [Test worker] DEBUG o.s.w.t.h.s.r.b.JettyHttpServer - Starting JettyHttpServer...
03:16:46.591 [Test worker] INFO  o.e.j.s.Server - jetty-9.4.31.v20200723; built: 2020-07-23T17:57:36.812Z; git: 450ba27947e13e66baa8cd1ce7e85a4461cacc1d; jvm 1.8.0_261-b12
03:16:46.596 [Test worker] INFO  o.e.j.s.AbstractConnector - Started ServerConnector@f55638{HTTP/1.1, (http/1.1)}{0.0.0.0:65209}
03:16:46.596 [Test worker] INFO  o.e.j.s.Server - Started @107819ms
03:16:46.596 [Test worker] DEBUG o.s.w.t.h.s.r.b.JettyHttpServer - Server started on port 65209(0 millis).
03:16:46.596 [Test worker] DEBUG o.s.w.c.RestTemplate - HTTP GET http://localhost:65209/uri
03:16:46.596 [Test worker] DEBUG o.s.w.c.RestTemplate - Accept=[text/plain, application/json, application/x-jackson-smile, application/*+json, */*]
03:16:46.602 [qtp483023747-2036] DEBUG o.s.w.s.a.HttpWebHandlerAdapter - [635322cf] HTTP GET "/uri"
03:16:46.602 [qtp483023747-2036] DEBUG o.s.w.r.r.m.a.RequestMappingHandlerMapping - [635322cf] Mapped to org.springframework.web.reactive.result.method.annotation.RequestMappingIntegrationTests$TestRestController#uri(ServerHttpRequest)
03:16:46.603 [qtp483023747-2036] DEBUG o.s.w.r.r.m.a.ResponseBodyResultHandler - Using 'text/plain;charset=UTF-8' given [text/plain, application/json, application/x-jackson-smile, application/*+json, */*] and supported [text/plain;charset=UTF-8, text/event-stream, text/plain;charset=UTF-8, */*]
03:16:46.603 [qtp483023747-2036] DEBUG o.s.w.r.r.m.a.ResponseBodyResultHandler - [635322cf] 0..1 [java.lang.String]
03:16:46.603 [qtp483023747-2036] DEBUG o.s.c.c.CharSequenceEncoder - [635322cf] Writing "https://84.198.58.199/uri"
03:16:46.604 [Test worker] DEBUG o.s.w.c.RestTemplate - Response 200 OK
03:16:46.604 [qtp483023747-2036] DEBUG o.s.w.s.a.HttpWebHandlerAdapter - [635322cf] Completed 200 OK
03:16:46.604 [Test worker] DEBUG o.s.w.c.RestTemplate - Reading to [java.lang.String] as "text/plain;charset=utf-8"
03:16:46.604 [Test worker] DEBUG o.s.w.t.h.s.r.b.JettyHttpServer - Stopping JettyHttpServer...
03:16:46.604 [Test worker] INFO  o.e.j.s.h.ContextHandler - Stopped o.e.j.s.ServletContextHandler@2ad876f4{/,null,UNAVAILABLE}
03:16:46.606 [Test worker] INFO  o.e.j.s.AbstractConnector - Stopped ServerConnector@f55638{HTTP/1.1, (http/1.1)}{0.0.0.0:0}
03:16:46.607 [Test worker] DEBUG o.s.w.t.h.s.r.b.JettyHttpServer - Server stopped (0 millis).
03:16:46.629 [Test worker] DEBUG o.s.w.r.r.m.a.RequestMappingHandlerMapping - 4 mappings in 'requestMappingHandlerMapping'
03:16:46.645 [Test worker] DEBUG o.s.w.r.r.m.a.ControllerMethodResolver - ControllerAdvice beans: none
03:16:46.657 [Test worker] DEBUG o.s.w.s.a.HttpWebHandlerAdapter - enableLoggingRequestDetails='false': form data and headers will be masked to prevent unsafe logging of potentially sensitive data
03:16:46.657 [Test worker] DEBUG o.s.w.t.h.s.r.b.ReactorHttpServer - Starting ReactorHttpServer...
03:16:46.658 [Test worker] DEBUG o.s.w.t.h.s.r.b.ReactorHttpServer - Server started on port 65215(0 millis).
03:16:46.658 [Test worker] DEBUG o.s.w.c.RestTemplate - HTTP GET http://localhost:65215/uri
03:16:46.658 [Test worker] DEBUG o.s.w.c.RestTemplate - Accept=[text/plain, application/json, application/x-jackson-smile, application/*+json, */*]
03:16:46.662 [reactor-http-nio-4] DEBUG o.s.w.s.a.HttpWebHandlerAdapter - [5a9ea10e-33] HTTP GET "/uri"
03:16:46.662 [reactor-http-nio-4] DEBUG o.s.w.r.r.m.a.RequestMappingHandlerMapping - [5a9ea10e-33] Mapped to org.springframework.web.reactive.result.method.annotation.RequestMappingIntegrationTests$TestRestController#uri(ServerHttpRequest)
03:16:46.662 [reactor-http-nio-4] DEBUG o.s.w.r.r.m.a.ResponseBodyResultHandler - Using 'text/plain;charset=UTF-8' given [text/plain, application/json, application/x-jackson-smile, application/*+json, */*] and supported [text/plain;charset=UTF-8, text/event-stream, text/plain;charset=UTF-8, */*]
03:16:46.662 [reactor-http-nio-4] DEBUG o.s.w.r.r.m.a.ResponseBodyResultHandler - [5a9ea10e-33] 0..1 [java.lang.String]
03:16:46.662 [reactor-http-nio-4] DEBUG o.s.c.c.CharSequenceEncoder - [5a9ea10e-33] Writing "https://84.198.58.199/uri"
03:16:46.664 [reactor-http-nio-4] DEBUG o.s.w.s.a.HttpWebHandlerAdapter - [5a9ea10e-33] Completed 200 OK
03:16:46.664 [Test worker] DEBUG o.s.w.c.RestTemplate - Response 200 OK
03:16:46.664 [Test worker] DEBUG o.s.w.c.RestTemplate - Reading to [java.lang.String] as "text/plain;charset=UTF-8"
03:16:46.664 [Test worker] DEBUG o.s.w.t.h.s.r.b.ReactorHttpServer - Stopping ReactorHttpServer...
03:16:46.665 [Test worker] DEBUG o.s.w.t.h.s.r.b.ReactorHttpServer - Server stopped (0 millis).
03:16:46.724 [Test worker] DEBUG o.s.w.r.r.m.a.RequestMappingHandlerMapping - 4 mappings in 'requestMappingHandlerMapping'
03:16:46.745 [Test worker] DEBUG o.s.w.r.r.m.a.ControllerMethodResolver - ControllerAdvice beans: none
03:16:46.757 [Test worker] DEBUG o.s.w.s.a.HttpWebHandlerAdapter - enableLoggingRequestDetails='false': form data and headers will be masked to prevent unsafe logging of potentially sensitive data
03:16:46.758 [Test worker] DEBUG o.s.w.t.h.s.r.b.TomcatHttpServer - Starting TomcatHttpServer...
03:16:46.767 [Test worker] DEBUG o.s.w.t.h.s.r.b.TomcatHttpServer - Server started on port 65217(0 millis).
03:16:46.767 [Test worker] DEBUG o.s.w.c.RestTemplate - HTTP GET http://localhost:65217/uri
03:16:46.768 [Test worker] DEBUG o.s.w.c.RestTemplate - Accept=[text/plain, application/json, application/x-jackson-smile, application/*+json, */*]
03:16:46.773 [http-nio-auto-32-exec-2] DEBUG o.s.w.s.a.HttpWebHandlerAdapter - [1470cb9c] HTTP GET "/uri"
03:16:46.773 [http-nio-auto-32-exec-2] DEBUG o.s.w.r.r.m.a.RequestMappingHandlerMapping - [1470cb9c] Mapped to org.springframework.web.reactive.result.method.annotation.RequestMappingIntegrationTests$TestRestController#uri(ServerHttpRequest)
03:16:46.774 [http-nio-auto-32-exec-2] DEBUG o.s.w.r.r.m.a.ResponseBodyResultHandler - Using 'text/plain;charset=UTF-8' given [text/plain, application/json, application/x-jackson-smile, application/*+json, */*] and supported [text/plain;charset=UTF-8, text/event-stream, text/plain;charset=UTF-8, */*]
03:16:46.774 [http-nio-auto-32-exec-2] DEBUG o.s.w.r.r.m.a.ResponseBodyResultHandler - [1470cb9c] 0..1 [java.lang.String]
03:16:46.774 [http-nio-auto-32-exec-2] DEBUG o.s.c.c.CharSequenceEncoder - [1470cb9c] Writing "https://84.198.58.199/uri"
03:16:46.775 [http-nio-auto-32-exec-2] DEBUG o.s.w.s.a.HttpWebHandlerAdapter - [1470cb9c] Completed 200 OK
03:16:46.775 [Test worker] DEBUG o.s.w.c.RestTemplate - Response 200 OK
03:16:46.775 [Test worker] DEBUG o.s.w.c.RestTemplate - Reading to [java.lang.String] as "text/plain;charset=UTF-8"
03:16:46.775 [Test worker] DEBUG o.s.w.t.h.s.r.b.TomcatHttpServer - Stopping TomcatHttpServer...
03:16:46.947 [Test worker] DEBUG o.s.w.t.h.s.r.b.TomcatHttpServer - Server stopped (0 millis).
03:16:46.978 [Test worker] DEBUG o.s.w.r.r.m.a.RequestMappingHandlerMapping - 4 mappings in 'requestMappingHandlerMapping'
03:16:46.993 [Test worker] DEBUG o.s.w.r.r.m.a.ControllerMethodResolver - ControllerAdvice beans: none
03:16:47.006 [Test worker] DEBUG o.s.w.s.a.HttpWebHandlerAdapter - enableLoggingRequestDetails='false': form data and headers will be masked to prevent unsafe logging of potentially sensitive data
03:16:47.006 [Test worker] DEBUG o.s.w.t.h.s.r.b.UndertowHttpServer - Starting UndertowHttpServer...
03:16:47.006 [Test worker] INFO  i.undertow - starting server: Undertow - 2.1.3.Final
03:16:47.012 [Test worker] DEBUG o.s.w.t.h.s.r.b.UndertowHttpServer - Server started on port 65234(0 millis).
03:16:47.013 [Test worker] DEBUG o.s.w.c.RestTemplate - HTTP GET http://localhost:65234/uri
03:16:47.013 [Test worker] DEBUG o.s.w.c.RestTemplate - Accept=[text/plain, application/json, application/x-jackson-smile, application/*+json, */*]
03:16:47.016 [XNIO-30 I/O-4] DEBUG o.s.w.s.a.HttpWebHandlerAdapter - [2cba3f5c] HTTP GET "/uri"
03:16:47.016 [XNIO-30 I/O-4] DEBUG o.s.w.r.r.m.a.RequestMappingHandlerMapping - [2cba3f5c] Mapped to org.springframework.web.reactive.result.method.annotation.RequestMappingIntegrationTests$TestRestController#uri(ServerHttpRequest)
03:16:47.017 [XNIO-30 I/O-4] DEBUG o.s.w.r.r.m.a.ResponseBodyResultHandler - Using 'text/plain;charset=UTF-8' given [text/plain, application/json, application/x-jackson-smile, application/*+json, */*] and supported [text/plain;charset=UTF-8, text/event-stream, text/plain;charset=UTF-8, */*]
03:16:47.017 [XNIO-30 I/O-4] DEBUG o.s.w.r.r.m.a.ResponseBodyResultHandler - [2cba3f5c] 0..1 [java.lang.String]
03:16:47.017 [XNIO-30 I/O-4] DEBUG o.s.c.c.CharSequenceEncoder - [2cba3f5c] Writing "https://84.198.58.199/uri"
03:16:47.018 [XNIO-30 I/O-4] DEBUG o.s.w.s.a.HttpWebHandlerAdapter - [2cba3f5c] Completed 200 OK
03:16:47.018 [Test worker] DEBUG o.s.w.c.RestTemplate - Response 200 OK
03:16:47.018 [Test worker] DEBUG o.s.w.c.RestTemplate - Reading to [java.lang.String] as "text/plain;charset=UTF-8"
03:16:47.018 [Test worker] DEBUG o.s.w.t.h.s.r.b.UndertowHttpServer - Stopping UndertowHttpServer...
03:16:47.018 [Test worker] INFO  i.undertow - stopping server: Undertow - 2.1.3.Final
03:16:47.020 [Test worker] DEBUG o.s.w.t.h.s.r.b.UndertowHttpServer - Server stopped (0 millis).
03:16:47.045 [Test worker] DEBUG o.s.w.r.r.m.a.RequestMappingHandlerMapping - 4 mappings in 'requestMappingHandlerMapping'
03:16:47.059 [Test worker] DEBUG o.s.w.r.r.m.a.ControllerMethodResolver - ControllerAdvice beans: none
03:16:47.071 [Test worker] DEBUG o.s.w.s.a.HttpWebHandlerAdapter - enableLoggingRequestDetails='false': form data and headers will be masked to prevent unsafe logging of potentially sensitive data
03:16:47.071 [Test worker] WARN  o.e.j.s.h.ContextHandler - Empty contextPath
03:16:47.071 [Test worker] INFO  o.e.j.s.h.ContextHandler - Started o.e.j.s.ServletContextHandler@7472ebe8{/,null,AVAILABLE}
03:16:47.071 [Test worker] DEBUG o.s.w.t.h.s.r.b.JettyHttpServer - Starting JettyHttpServer...
03:16:47.071 [Test worker] INFO  o.e.j.s.Server - jetty-9.4.31.v20200723; built: 2020-07-23T17:57:36.812Z; git: 450ba27947e13e66baa8cd1ce7e85a4461cacc1d; jvm 1.8.0_261-b12
03:16:47.075 [Test worker] INFO  o.e.j.s.AbstractConnector - Started ServerConnector@1010cc62{HTTP/1.1, (http/1.1)}{0.0.0.0:65236}
03:16:47.075 [Test worker] INFO  o.e.j.s.Server - Started @108298ms
03:16:47.075 [Test worker] DEBUG o.s.w.t.h.s.r.b.JettyHttpServer - Server started on port 65236(0 millis).
03:16:47.075 [Test worker] DEBUG o.s.w.c.RestTemplate - HTTP GET http://localhost:65236/stream
03:16:47.076 [Test worker] DEBUG o.s.w.c.RestTemplate - Accept=[application/json, application/x-jackson-smile, application/*+json]
03:16:47.079 [qtp373356672-2074] DEBUG o.s.w.s.a.HttpWebHandlerAdapter - [6020360c] HTTP GET "/stream"
03:16:47.080 [qtp373356672-2074] DEBUG o.s.w.r.r.m.a.RequestMappingHandlerMapping - [6020360c] Mapped to org.springframework.web.reactive.result.method.annotation.RequestMappingIntegrationTests$TestRestController#stream()
03:16:47.080 [qtp373356672-2074] DEBUG o.s.w.r.r.m.a.ResponseBodyResultHandler - Using 'application/json' given [application/json, application/x-jackson-smile, application/*+json] and supported [application/json, application/*+json, application/x-ndjson, application/x-jackson-smile, application/*+x-jackson-smile, text/event-stream]
03:16:47.080 [qtp373356672-2074] DEBUG o.s.w.r.r.m.a.ResponseBodyResultHandler - [6020360c] 0..N [java.lang.Long]
03:16:47.350 [parallel-1] DEBUG o.s.h.c.j.Jackson2JsonEncoder - [6020360c] Encoding [[0, 1, 2, 3, 4]]
03:16:47.352 [parallel-1] DEBUG o.s.w.s.a.HttpWebHandlerAdapter - [6020360c] Completed 200 OK
03:16:47.352 [Test worker] DEBUG o.s.w.c.RestTemplate - Response 200 OK
03:16:47.353 [Test worker] DEBUG o.s.w.c.RestTemplate - Reading to [java.lang.String[]]
03:16:47.355 [Test worker] DEBUG o.s.w.t.h.s.r.b.JettyHttpServer - Stopping JettyHttpServer...
03:16:47.355 [Test worker] INFO  o.e.j.s.h.ContextHandler - Stopped o.e.j.s.ServletContextHandler@7472ebe8{/,null,UNAVAILABLE}
03:16:47.356 [Test worker] INFO  o.e.j.s.AbstractConnector - Stopped ServerConnector@1010cc62{HTTP/1.1, (http/1.1)}{0.0.0.0:0}
03:16:47.357 [Test worker] DEBUG o.s.w.t.h.s.r.b.JettyHttpServer - Server stopped (0 millis).
03:16:47.381 [Test worker] DEBUG o.s.w.r.r.m.a.RequestMappingHandlerMapping - 4 mappings in 'requestMappingHandlerMapping'
03:16:47.395 [Test worker] DEBUG o.s.w.r.r.m.a.ControllerMethodResolver - ControllerAdvice beans: none
03:16:47.407 [Test worker] DEBUG o.s.w.s.a.HttpWebHandlerAdapter - enableLoggingRequestDetails='false': form data and headers will be masked to prevent unsafe logging of potentially sensitive data
03:16:47.407 [Test worker] DEBUG o.s.w.t.h.s.r.b.ReactorHttpServer - Starting ReactorHttpServer...
03:16:47.409 [Test worker] DEBUG o.s.w.t.h.s.r.b.ReactorHttpServer - Server started on port 65242(0 millis).
03:16:47.409 [Test worker] DEBUG o.s.w.c.RestTemplate - HTTP GET http://localhost:65242/stream
03:16:47.409 [Test worker] DEBUG o.s.w.c.RestTemplate - Accept=[application/json, application/x-jackson-smile, application/*+json]
03:16:47.413 [reactor-http-nio-2] DEBUG o.s.w.s.a.HttpWebHandlerAdapter - [87a395ff-34] HTTP GET "/stream"
03:16:47.413 [reactor-http-nio-2] DEBUG o.s.w.r.r.m.a.RequestMappingHandlerMapping - [87a395ff-34] Mapped to org.springframework.web.reactive.result.method.annotation.RequestMappingIntegrationTests$TestRestController#stream()
03:16:47.414 [reactor-http-nio-2] DEBUG o.s.w.r.r.m.a.ResponseBodyResultHandler - Using 'application/json' given [application/json, application/x-jackson-smile, application/*+json] and supported [application/json, application/*+json, application/x-ndjson, application/x-jackson-smile, application/*+x-jackson-smile, text/event-stream]
03:16:47.414 [reactor-http-nio-2] DEBUG o.s.w.r.r.m.a.ResponseBodyResultHandler - [87a395ff-34] 0..N [java.lang.Long]
03:16:47.688 [parallel-2] DEBUG o.s.h.c.j.Jackson2JsonEncoder - [87a395ff-34] Encoding [[0, 1, 2, 3, 4]]
03:16:47.699 [Test worker] DEBUG o.s.w.c.RestTemplate - Response 200 OK
03:16:47.700 [reactor-http-nio-2] DEBUG o.s.w.s.a.HttpWebHandlerAdapter - [87a395ff-34] Completed 200 OK
03:16:47.700 [Test worker] DEBUG o.s.w.c.RestTemplate - Reading to [java.lang.String[]]
03:16:47.702 [Test worker] DEBUG o.s.w.t.h.s.r.b.ReactorHttpServer - Stopping ReactorHttpServer...
03:16:47.703 [Test worker] DEBUG o.s.w.t.h.s.r.b.ReactorHttpServer - Server stopped (0 millis).
03:16:47.749 [Test worker] DEBUG o.s.w.r.r.m.a.RequestMappingHandlerMapping - 4 mappings in 'requestMappingHandlerMapping'
03:16:47.763 [Test worker] DEBUG o.s.w.r.r.m.a.ControllerMethodResolver - ControllerAdvice beans: none
03:16:47.775 [Test worker] DEBUG o.s.w.s.a.HttpWebHandlerAdapter - enableLoggingRequestDetails='false': form data and headers will be masked to prevent unsafe logging of potentially sensitive data
03:16:47.776 [Test worker] DEBUG o.s.w.t.h.s.r.b.TomcatHttpServer - Starting TomcatHttpServer...
03:16:47.784 [Test worker] DEBUG o.s.w.t.h.s.r.b.TomcatHttpServer - Server started on port 65244(0 millis).
03:16:47.784 [Test worker] DEBUG o.s.w.c.RestTemplate - HTTP GET http://localhost:65244/stream
03:16:47.784 [Test worker] DEBUG o.s.w.c.RestTemplate - Accept=[application/json, application/x-jackson-smile, application/*+json]
03:16:47.790 [http-nio-auto-33-exec-1] DEBUG o.s.w.s.a.HttpWebHandlerAdapter - [2cb96e87] HTTP GET "/stream"
03:16:47.790 [http-nio-auto-33-exec-1] DEBUG o.s.w.r.r.m.a.RequestMappingHandlerMapping - [2cb96e87] Mapped to org.springframework.web.reactive.result.method.annotation.RequestMappingIntegrationTests$TestRestController#stream()
03:16:47.791 [http-nio-auto-33-exec-1] DEBUG o.s.w.r.r.m.a.ResponseBodyResultHandler - Using 'application/json' given [application/json, application/x-jackson-smile, application/*+json] and supported [application/json, application/*+json, application/x-ndjson, application/x-jackson-smile, application/*+x-jackson-smile, text/event-stream]
03:16:47.791 [http-nio-auto-33-exec-1] DEBUG o.s.w.r.r.m.a.ResponseBodyResultHandler - [2cb96e87] 0..N [java.lang.Long]
03:16:48.049 [parallel-3] DEBUG o.s.h.c.j.Jackson2JsonEncoder - [2cb96e87] Encoding [[0, 1, 2, 3, 4]]
03:16:48.049 [parallel-3] DEBUG o.s.w.s.a.HttpWebHandlerAdapter - [2cb96e87] Completed 200 OK
03:16:48.053 [Test worker] DEBUG o.s.w.c.RestTemplate - Response 200 OK
03:16:48.056 [Test worker] DEBUG o.s.w.c.RestTemplate - Reading to [java.lang.String[]]
03:16:48.058 [Test worker] DEBUG o.s.w.t.h.s.r.b.TomcatHttpServer - Stopping TomcatHttpServer...
03:16:48.222 [Test worker] DEBUG o.s.w.t.h.s.r.b.TomcatHttpServer - Server stopped (0 millis).
03:16:48.250 [Test worker] DEBUG o.s.w.r.r.m.a.RequestMappingHandlerMapping - 4 mappings in 'requestMappingHandlerMapping'
03:16:48.266 [Test worker] DEBUG o.s.w.r.r.m.a.ControllerMethodResolver - ControllerAdvice beans: none
03:16:48.288 [Test worker] DEBUG o.s.w.s.a.HttpWebHandlerAdapter - enableLoggingRequestDetails='false': form data and headers will be masked to prevent unsafe logging of potentially sensitive data
03:16:48.288 [Test worker] DEBUG o.s.w.t.h.s.r.b.UndertowHttpServer - Starting UndertowHttpServer...
03:16:48.288 [Test worker] INFO  i.undertow - starting server: Undertow - 2.1.3.Final
03:16:48.294 [Test worker] DEBUG o.s.w.t.h.s.r.b.UndertowHttpServer - Server started on port 65261(0 millis).
03:16:48.294 [Test worker] DEBUG o.s.w.c.RestTemplate - HTTP GET http://localhost:65261/stream
03:16:48.294 [Test worker] DEBUG o.s.w.c.RestTemplate - Accept=[application/json, application/x-jackson-smile, application/*+json]
03:16:48.297 [XNIO-31 I/O-1] DEBUG o.s.w.s.a.HttpWebHandlerAdapter - [6e1a2755] HTTP GET "/stream"
03:16:48.297 [XNIO-31 I/O-1] DEBUG o.s.w.r.r.m.a.RequestMappingHandlerMapping - [6e1a2755] Mapped to org.springframework.web.reactive.result.method.annotation.RequestMappingIntegrationTests$TestRestController#stream()
03:16:48.298 [XNIO-31 I/O-1] DEBUG o.s.w.r.r.m.a.ResponseBodyResultHandler - Using 'application/json' given [application/json, application/x-jackson-smile, application/*+json] and supported [application/json, application/*+json, application/x-ndjson, application/x-jackson-smile, application/*+x-jackson-smile, text/event-stream]
03:16:48.298 [XNIO-31 I/O-1] DEBUG o.s.w.r.r.m.a.ResponseBodyResultHandler - [6e1a2755] 0..N [java.lang.Long]
03:16:48.569 [parallel-4] DEBUG o.s.h.c.j.Jackson2JsonEncoder - [6e1a2755] Encoding [[0, 1, 2, 3, 4]]
03:16:48.570 [XNIO-31 I/O-1] DEBUG o.s.w.s.a.HttpWebHandlerAdapter - [6e1a2755] Completed 200 OK
03:16:48.570 [Test worker] DEBUG o.s.w.c.RestTemplate - Response 200 OK
03:16:48.570 [Test worker] DEBUG o.s.w.c.RestTemplate - Reading to [java.lang.String[]]
03:16:48.571 [Test worker] DEBUG o.s.w.t.h.s.r.b.UndertowHttpServer - Stopping UndertowHttpServer...
03:16:48.571 [Test worker] INFO  i.undertow - stopping server: Undertow - 2.1.3.Final
03:16:48.573 [Test worker] DEBUG o.s.w.t.h.s.r.b.UndertowHttpServer - Server stopped (0 millis).
03:16:48.631 [Test worker] DEBUG o.s.w.r.r.m.a.RequestMappingHandlerMapping - 4 mappings in 'requestMappingHandlerMapping'
03:16:48.645 [Test worker] DEBUG o.s.w.r.r.m.a.ControllerMethodResolver - ControllerAdvice beans: none
03:16:48.659 [Test worker] DEBUG o.s.w.s.a.HttpWebHandlerAdapter - enableLoggingRequestDetails='false': form data and headers will be masked to prevent unsafe logging of potentially sensitive data
03:16:48.659 [Test worker] WARN  o.e.j.s.h.ContextHandler - Empty contextPath
03:16:48.659 [Test worker] INFO  o.e.j.s.h.ContextHandler - Started o.e.j.s.ServletContextHandler@57364bd6{/,null,AVAILABLE}
03:16:48.659 [Test worker] DEBUG o.s.w.t.h.s.r.b.JettyHttpServer - Starting JettyHttpServer...
03:16:48.659 [Test worker] INFO  o.e.j.s.Server - jetty-9.4.31.v20200723; built: 2020-07-23T17:57:36.812Z; git: 450ba27947e13e66baa8cd1ce7e85a4461cacc1d; jvm 1.8.0_261-b12
03:16:48.664 [Test worker] INFO  o.e.j.s.AbstractConnector - Started ServerConnector@49f5a072{HTTP/1.1, (http/1.1)}{0.0.0.0:65263}
03:16:48.664 [Test worker] INFO  o.e.j.s.Server - Started @109886ms
03:16:48.664 [Test worker] DEBUG o.s.w.t.h.s.r.b.JettyHttpServer - Server started on port 65263(0 millis).
03:16:48.664 [Test worker] DEBUG o.s.w.c.RestTemplate - HTTP HEAD http://localhost:65263/text
03:16:48.667 [qtp1775653842-2120] DEBUG o.s.w.s.a.HttpWebHandlerAdapter - [5728b0a2] HTTP HEAD "/text"
03:16:48.668 [qtp1775653842-2120] DEBUG o.s.w.r.r.m.a.RequestMappingHandlerMapping - [5728b0a2] Mapped to org.springframework.web.reactive.result.method.annotation.RequestMappingIntegrationTests$TestRestController#textHead()
03:16:48.669 [qtp1775653842-2120] DEBUG o.s.w.r.r.m.a.ResponseBodyResultHandler - Using 'text/html' given [text/html, image/gif, image/jpeg, */*;q=.2, */*;q=.2] and supported [text/plain;charset=UTF-8, text/event-stream, text/plain;charset=UTF-8, */*]
03:16:48.669 [qtp1775653842-2120] DEBUG o.s.w.r.r.m.a.ResponseBodyResultHandler - [5728b0a2] 0..1 [java.lang.String]
03:16:48.669 [qtp1775653842-2120] DEBUG o.s.c.c.CharSequenceEncoder - [5728b0a2] Writing "Foo"
03:16:48.670 [qtp1775653842-2120] DEBUG o.s.w.s.a.HttpWebHandlerAdapter - [5728b0a2] Completed 200 OK
03:16:48.673 [Test worker] DEBUG o.s.w.c.RestTemplate - Response 200 OK
03:16:48.673 [Test worker] DEBUG o.s.w.t.h.s.r.b.JettyHttpServer - Stopping JettyHttpServer...
03:16:48.673 [Test worker] INFO  o.e.j.s.h.ContextHandler - Stopped o.e.j.s.ServletContextHandler@57364bd6{/,null,UNAVAILABLE}
03:16:48.675 [Test worker] INFO  o.e.j.s.AbstractConnector - Stopped ServerConnector@49f5a072{HTTP/1.1, (http/1.1)}{0.0.0.0:0}
03:16:48.676 [Test worker] DEBUG o.s.w.t.h.s.r.b.JettyHttpServer - Server stopped (0 millis).
03:16:48.698 [Test worker] DEBUG o.s.w.r.r.m.a.RequestMappingHandlerMapping - 4 mappings in 'requestMappingHandlerMapping'
03:16:48.715 [Test worker] DEBUG o.s.w.r.r.m.a.ControllerMethodResolver - ControllerAdvice beans: none
03:16:48.727 [Test worker] DEBUG o.s.w.s.a.HttpWebHandlerAdapter - enableLoggingRequestDetails='false': form data and headers will be masked to prevent unsafe logging of potentially sensitive data
03:16:48.727 [Test worker] DEBUG o.s.w.t.h.s.r.b.ReactorHttpServer - Starting ReactorHttpServer...
03:16:48.728 [Test worker] DEBUG o.s.w.t.h.s.r.b.ReactorHttpServer - Server started on port 65269(0 millis).
03:16:48.728 [Test worker] DEBUG o.s.w.c.RestTemplate - HTTP HEAD http://localhost:65269/text
03:16:48.732 [reactor-http-nio-4] DEBUG o.s.w.s.a.HttpWebHandlerAdapter - [e7f9ddb2-35] HTTP HEAD "/text"
03:16:48.733 [reactor-http-nio-4] DEBUG o.s.w.r.r.m.a.RequestMappingHandlerMapping - [e7f9ddb2-35] Mapped to org.springframework.web.reactive.result.method.annotation.RequestMappingIntegrationTests$TestRestController#textHead()
03:16:48.733 [reactor-http-nio-4] DEBUG o.s.w.r.r.m.a.ResponseBodyResultHandler - Using 'text/html' given [text/html, image/gif, image/jpeg, */*;q=.2, */*;q=.2] and supported [text/plain;charset=UTF-8, text/event-stream, text/plain;charset=UTF-8, */*]
03:16:48.734 [reactor-http-nio-4] DEBUG o.s.w.r.r.m.a.ResponseBodyResultHandler - [e7f9ddb2-35] 0..1 [java.lang.String]
03:16:48.734 [reactor-http-nio-4] DEBUG o.s.c.c.CharSequenceEncoder - [e7f9ddb2-35] Writing "Foo"
03:16:48.734 [reactor-http-nio-4] DEBUG o.s.w.s.a.HttpWebHandlerAdapter - [e7f9ddb2-35] Completed 200 OK
03:16:48.735 [Test worker] DEBUG o.s.w.c.RestTemplate - Response 200 OK
03:16:48.735 [Test worker] DEBUG o.s.w.t.h.s.r.b.ReactorHttpServer - Stopping ReactorHttpServer...
03:16:48.735 [Test worker] DEBUG o.s.w.t.h.s.r.b.ReactorHttpServer - Server stopped (0 millis).
03:16:48.764 [Test worker] DEBUG o.s.w.r.r.m.a.RequestMappingHandlerMapping - 4 mappings in 'requestMappingHandlerMapping'
03:16:48.782 [Test worker] DEBUG o.s.w.r.r.m.a.ControllerMethodResolver - ControllerAdvice beans: none
03:16:48.803 [Test worker] DEBUG o.s.w.s.a.HttpWebHandlerAdapter - enableLoggingRequestDetails='false': form data and headers will be masked to prevent unsafe logging of potentially sensitive data
03:16:48.804 [Test worker] DEBUG o.s.w.t.h.s.r.b.TomcatHttpServer - Starting TomcatHttpServer...
03:16:49.267 [Test worker] DEBUG o.s.w.t.h.s.r.b.TomcatHttpServer - Server started on port 65271(0 millis).
03:16:49.267 [Test worker] DEBUG o.s.w.c.RestTemplate - HTTP HEAD http://localhost:65271/text
03:16:49.277 [http-nio-auto-34-exec-1] DEBUG o.s.w.s.a.HttpWebHandlerAdapter - [30d956b1] HTTP HEAD "/text"
03:16:49.278 [http-nio-auto-34-exec-1] DEBUG o.s.w.r.r.m.a.RequestMappingHandlerMapping - [30d956b1] Mapped to org.springframework.web.reactive.result.method.annotation.RequestMappingIntegrationTests$TestRestController#textHead()
03:16:49.279 [http-nio-auto-34-exec-1] DEBUG o.s.w.r.r.m.a.ResponseBodyResultHandler - Using 'text/html' given [text/html, image/gif, image/jpeg, */*;q=.2, */*;q=.2] and supported [text/plain;charset=UTF-8, text/event-stream, text/plain;charset=UTF-8, */*]
03:16:49.279 [http-nio-auto-34-exec-1] DEBUG o.s.w.r.r.m.a.ResponseBodyResultHandler - [30d956b1] 0..1 [java.lang.String]
03:16:49.279 [http-nio-auto-34-exec-1] DEBUG o.s.c.c.CharSequenceEncoder - [30d956b1] Writing "Foo"
03:16:49.279 [http-nio-auto-34-exec-1] DEBUG o.s.w.s.a.HttpWebHandlerAdapter - [30d956b1] Completed 200 OK
03:16:49.280 [Test worker] DEBUG o.s.w.c.RestTemplate - Response 200 OK
03:16:49.280 [Test worker] DEBUG o.s.w.t.h.s.r.b.TomcatHttpServer - Stopping TomcatHttpServer...
03:16:49.461 [Test worker] DEBUG o.s.w.t.h.s.r.b.TomcatHttpServer - Server stopped (0 millis).
03:16:49.505 [Test worker] DEBUG o.s.w.r.r.m.a.RequestMappingHandlerMapping - 4 mappings in 'requestMappingHandlerMapping'
03:16:49.522 [Test worker] DEBUG o.s.w.r.r.m.a.ControllerMethodResolver - ControllerAdvice beans: none
03:16:49.535 [Test worker] DEBUG o.s.w.s.a.HttpWebHandlerAdapter - enableLoggingRequestDetails='false': form data and headers will be masked to prevent unsafe logging of potentially sensitive data
03:16:49.535 [Test worker] DEBUG o.s.w.t.h.s.r.b.UndertowHttpServer - Starting UndertowHttpServer...
03:16:49.535 [Test worker] INFO  i.undertow - starting server: Undertow - 2.1.3.Final
03:16:49.542 [Test worker] DEBUG o.s.w.t.h.s.r.b.UndertowHttpServer - Server started on port 65288(0 millis).
03:16:49.542 [Test worker] DEBUG o.s.w.c.RestTemplate - HTTP HEAD http://localhost:65288/text
03:16:49.545 [XNIO-32 I/O-4] DEBUG o.s.w.s.a.HttpWebHandlerAdapter - [3e1a7c67] HTTP HEAD "/text"
03:16:49.545 [XNIO-32 I/O-4] DEBUG o.s.w.r.r.m.a.RequestMappingHandlerMapping - [3e1a7c67] Mapped to org.springframework.web.reactive.result.method.annotation.RequestMappingIntegrationTests$TestRestController#textHead()
03:16:49.546 [XNIO-32 I/O-4] DEBUG o.s.w.r.r.m.a.ResponseBodyResultHandler - Using 'text/html' given [text/html, image/gif, image/jpeg, */*;q=.2, */*;q=.2] and supported [text/plain;charset=UTF-8, text/event-stream, text/plain;charset=UTF-8, */*]
03:16:49.546 [XNIO-32 I/O-4] DEBUG o.s.w.r.r.m.a.ResponseBodyResultHandler - [3e1a7c67] 0..1 [java.lang.String]
03:16:49.546 [XNIO-32 I/O-4] DEBUG o.s.c.c.CharSequenceEncoder - [3e1a7c67] Writing "Foo"
03:16:49.547 [XNIO-32 I/O-4] DEBUG o.s.w.s.a.HttpWebHandlerAdapter - [3e1a7c67] Completed 200 OK
03:16:49.896 [Test worker] DEBUG o.s.w.c.RestTemplate - Response 200 OK
03:16:49.897 [Test worker] DEBUG o.s.w.t.h.s.r.b.UndertowHttpServer - Stopping UndertowHttpServer...
03:16:49.897 [Test worker] INFO  i.undertow - stopping server: Undertow - 2.1.3.Final
03:16:49.900 [Test worker] DEBUG o.s.w.t.h.s.r.b.UndertowHttpServer - Server stopped (0 millis).
]]></system-out>
  <system-err><![CDATA[]]></system-err>
</testsuite>
