<?xml version="1.0" encoding="UTF-8"?>
<testsuite name="org.springframework.web.reactive.result.method.InvocableHandlerMethodTests" tests="15" skipped="0" failures="0" errors="0" timestamp="2023-03-20T08:20:11" hostname="DESKTOP-VGJP1PJ" time="0.277">
  <properties/>
  <testcase name="voidMonoMethodWithExchangeArg()" classname="org.springframework.web.reactive.result.method.InvocableHandlerMethodTests" time="0.139"/>
  <testcase name="resolveArg()" classname="org.springframework.web.reactive.result.method.InvocableHandlerMethodTests" time="0.002"/>
  <testcase name="checkNotModified()" classname="org.springframework.web.reactive.result.method.InvocableHandlerMethodTests" time="0.002"/>
  <testcase name="voidMethodWithResponseArg()" classname="org.springframework.web.reactive.result.method.InvocableHandlerMethodTests" time="0.002"/>
  <testcase name="cannotResolveArg()" classname="org.springframework.web.reactive.result.method.InvocableHandlerMethodTests" time="0.002"/>
  <testcase name="resolveProvidedArg()" classname="org.springframework.web.reactive.result.method.InvocableHandlerMethodTests" time="0.0"/>
  <testcase name="illegalArgumentException()" classname="org.springframework.web.reactive.result.method.InvocableHandlerMethodTests" time="0.003"/>
  <testcase name="voidMethodWithExchangeArg()" classname="org.springframework.web.reactive.result.method.InvocableHandlerMethodTests" time="0.002"/>
  <testcase name="resolveNoArgs()" classname="org.springframework.web.reactive.result.method.InvocableHandlerMethodTests" time="0.001"/>
  <testcase name="invocationTargetException()" classname="org.springframework.web.reactive.result.method.InvocableHandlerMethodTests" time="0.002"/>
  <testcase name="resolveProvidedArgFirst()" classname="org.springframework.web.reactive.result.method.InvocableHandlerMethodTests" time="0.002"/>
  <testcase name="exceptionInResolvingArg()" classname="org.springframework.web.reactive.result.method.InvocableHandlerMethodTests" time="0.002"/>
  <testcase name="responseStatusAnnotation()" classname="org.springframework.web.reactive.result.method.InvocableHandlerMethodTests" time="0.003"/>
  <testcase name="voidMonoMethodWithResponseArg()" classname="org.springframework.web.reactive.result.method.InvocableHandlerMethodTests" time="0.103"/>
  <testcase name="resolveNoArgValue()" classname="org.springframework.web.reactive.result.method.InvocableHandlerMethodTests" time="0.002"/>
  <system-out><![CDATA[03:20:11.434 [Test worker] DEBUG o.s.w.r.r.m.InvocableHandlerMethod - [5dae893c] Could not resolve parameter [0] in java.lang.String org.springframework.web.reactive.result.method.InvocableHandlerMethodTests$TestController.singleArg(java.lang.String): 415 UNSUPPORTED_MEDIA_TYPE "boo"
]]></system-out>
  <system-err><![CDATA[]]></system-err>
</testsuite>
