<?xml version="1.0" encoding="UTF-8"?>
<testsuite name="org.springframework.web.reactive.result.method.annotation.PathVariableMethodArgumentResolverTests" tests="7" skipped="0" failures="0" errors="0" timestamp="2023-03-20T08:14:19" hostname="DESKTOP-VGJP1PJ" time="0.018">
  <properties/>
  <testcase name="handleMissingValue()" classname="org.springframework.web.reactive.result.method.annotation.PathVariableMethodArgumentResolverTests" time="0.005"/>
  <testcase name="wrapEmptyWithOptional()" classname="org.springframework.web.reactive.result.method.annotation.PathVariableMethodArgumentResolverTests" time="0.001"/>
  <testcase name="resolveArgumentWrappedAsOptional()" classname="org.springframework.web.reactive.result.method.annotation.PathVariableMethodArgumentResolverTests" time="0.002"/>
  <testcase name="resolveArgument()" classname="org.springframework.web.reactive.result.method.annotation.PathVariableMethodArgumentResolverTests" time="0.001"/>
  <testcase name="resolveArgumentNotRequired()" classname="org.springframework.web.reactive.result.method.annotation.PathVariableMethodArgumentResolverTests" time="0.0"/>
  <testcase name="nullIfNotRequired()" classname="org.springframework.web.reactive.result.method.annotation.PathVariableMethodArgumentResolverTests" time="0.0"/>
  <testcase name="supportsParameter()" classname="org.springframework.web.reactive.result.method.annotation.PathVariableMethodArgumentResolverTests" time="0.005"/>
  <system-out><![CDATA[]]></system-out>
  <system-err><![CDATA[]]></system-err>
</testsuite>
