<?xml version="1.0" encoding="UTF-8"?>
<testsuite name="org.springframework.web.reactive.result.method.annotation.WebSessionMethodArgumentResolverTests" tests="2" skipped="0" failures="0" errors="0" timestamp="2023-03-20T08:15:48" hostname="DESKTOP-VGJP1PJ" time="0.003">
  <properties/>
  <testcase name="resolverArgument()" classname="org.springframework.web.reactive.result.method.annotation.WebSessionMethodArgumentResolverTests" time="0.002"/>
  <testcase name="supportsParameter()" classname="org.springframework.web.reactive.result.method.annotation.WebSessionMethodArgumentResolverTests" time="0.001"/>
  <system-out><![CDATA[]]></system-out>
  <system-err><![CDATA[]]></system-err>
</testsuite>
