<?xml version="1.0" encoding="UTF-8"?>
<testsuite name="org.springframework.web.reactive.result.condition.RequestMethodsRequestConditionTests" tests="7" skipped="2" failures="0" errors="0" timestamp="2023-03-20T08:14:27" hostname="DESKTOP-VGJP1PJ" time="0.011">
  <properties/>
  <testcase name="getMatchingConditionWithCustomMethod()" classname="org.springframework.web.reactive.result.condition.RequestMethodsRequestConditionTests" time="0.0">
    <skipped/>
  </testcase>
  <testcase name="compareTo()" classname="org.springframework.web.reactive.result.condition.RequestMethodsRequestConditionTests" time="0.001"/>
  <testcase name="getMatchingConditionWithCorsPreFlight()" classname="org.springframework.web.reactive.result.condition.RequestMethodsRequestConditionTests" time="0.0">
    <skipped/>
  </testcase>
  <testcase name="getMatchingCondition()" classname="org.springframework.web.reactive.result.condition.RequestMethodsRequestConditionTests" time="0.001"/>
  <testcase name="getMatchingConditionWithHttpHead()" classname="org.springframework.web.reactive.result.condition.RequestMethodsRequestConditionTests" time="0.0"/>
  <testcase name="combine()" classname="org.springframework.web.reactive.result.condition.RequestMethodsRequestConditionTests" time="0.001"/>
  <testcase name="getMatchingConditionWithEmptyConditions()" classname="org.springframework.web.reactive.result.condition.RequestMethodsRequestConditionTests" time="0.006"/>
  <system-out><![CDATA[]]></system-out>
  <system-err><![CDATA[]]></system-err>
</testsuite>
