<?xml version="1.0" encoding="UTF-8"?>
<testsuite name="org.springframework.web.reactive.function.server.ToStringVisitorTests" tests="2" skipped="0" failures="0" errors="0" timestamp="2023-03-20T08:14:26" hostname="DESKTOP-VGJP1PJ" time="0.012">
  <properties/>
  <testcase name="nested()" classname="org.springframework.web.reactive.function.server.ToStringVisitorTests" time="0.003"/>
  <testcase name="predicates()" classname="org.springframework.web.reactive.function.server.ToStringVisitorTests" time="0.008"/>
  <system-out><![CDATA[]]></system-out>
  <system-err><![CDATA[]]></system-err>
</testsuite>
