<?xml version="1.0" encoding="UTF-8"?>
<testsuite name="org.springframework.web.reactive.config.CorsRegistryTests" tests="4" skipped="0" failures="0" errors="0" timestamp="2023-03-20T08:15:07" hostname="DESKTOP-VGJP1PJ" time="2.805">
  <properties/>
  <testcase name="customizedMapping()" classname="org.springframework.web.reactive.config.CorsRegistryTests" time="2.793"/>
  <testcase name="allowCredentials()" classname="org.springframework.web.reactive.config.CorsRegistryTests" time="0.005"/>
  <testcase name="noMapping()" classname="org.springframework.web.reactive.config.CorsRegistryTests" time="0.002"/>
  <testcase name="multipleMappings()" classname="org.springframework.web.reactive.config.CorsRegistryTests" time="0.001"/>
  <system-out><![CDATA[]]></system-out>
  <system-err><![CDATA[]]></system-err>
</testsuite>
