<?xml version="1.0" encoding="UTF-8"?>
<testsuite name="org.springframework.web.reactive.function.server.SseHandlerFunctionIntegrationTests" tests="12" skipped="0" failures="0" errors="0" timestamp="2023-03-20T08:14:18" hostname="DESKTOP-VGJP1PJ" time="8.369">
  <properties/>
  <testcase name="sseAsEvent(HttpServer)[1]" classname="org.springframework.web.reactive.function.server.SseHandlerFunctionIntegrationTests" time="0.375"/>
  <testcase name="sseAsEvent(HttpServer)[2]" classname="org.springframework.web.reactive.function.server.SseHandlerFunctionIntegrationTests" time="0.296"/>
  <testcase name="sseAsEvent(HttpServer)[3]" classname="org.springframework.web.reactive.function.server.SseHandlerFunctionIntegrationTests" time="1.155"/>
  <testcase name="sseAsEvent(HttpServer)[4]" classname="org.springframework.web.reactive.function.server.SseHandlerFunctionIntegrationTests" time="0.436"/>
  <testcase name="sseAsPerson(HttpServer)[1]" classname="org.springframework.web.reactive.function.server.SseHandlerFunctionIntegrationTests" time="0.559"/>
  <testcase name="sseAsPerson(HttpServer)[2]" classname="org.springframework.web.reactive.function.server.SseHandlerFunctionIntegrationTests" time="0.499"/>
  <testcase name="sseAsPerson(HttpServer)[3]" classname="org.springframework.web.reactive.function.server.SseHandlerFunctionIntegrationTests" time="1.313"/>
  <testcase name="sseAsPerson(HttpServer)[4]" classname="org.springframework.web.reactive.function.server.SseHandlerFunctionIntegrationTests" time="0.491"/>
  <testcase name="sseAsString(HttpServer)[1]" classname="org.springframework.web.reactive.function.server.SseHandlerFunctionIntegrationTests" time="0.559"/>
  <testcase name="sseAsString(HttpServer)[2]" classname="org.springframework.web.reactive.function.server.SseHandlerFunctionIntegrationTests" time="0.272"/>
  <testcase name="sseAsString(HttpServer)[3]" classname="org.springframework.web.reactive.function.server.SseHandlerFunctionIntegrationTests" time="2.143"/>
  <testcase name="sseAsString(HttpServer)[4]" classname="org.springframework.web.reactive.function.server.SseHandlerFunctionIntegrationTests" time="0.263"/>
  <system-out><![CDATA[03:14:18.199 [Test worker] DEBUG o.s.w.s.a.HttpWebHandlerAdapter - enableLoggingRequestDetails='false': form data and headers will be masked to prevent unsafe logging of potentially sensitive data
03:14:18.199 [Test worker] WARN  o.e.j.s.h.ContextHandler - Empty contextPath
03:14:18.200 [Test worker] INFO  o.e.j.s.h.ContextHandler - Started o.e.j.s.ServletContextHandler@2714c887{/,null,AVAILABLE}
03:14:18.200 [Test worker] DEBUG o.s.w.t.h.s.r.b.JettyHttpServer - Starting JettyHttpServer...
03:14:18.200 [Test worker] INFO  o.e.j.s.Server - jetty-9.4.31.v20200723; built: 2020-07-23T17:57:36.812Z; git: 450ba27947e13e66baa8cd1ce7e85a4461cacc1d; jvm 1.8.0_261-b12
03:14:18.211 [Test worker] INFO  o.e.j.s.AbstractConnector - Started ServerConnector@3c72a1dd{HTTP/1.1, (http/1.1)}{0.0.0.0:61704}
03:14:18.211 [Test worker] INFO  o.e.j.s.Server - Started @89823ms
03:14:18.211 [Test worker] DEBUG o.s.w.t.h.s.r.b.JettyHttpServer - Server started on port 61704(0 millis).
03:14:18.213 [Test worker] DEBUG o.s.w.r.f.c.ExchangeFunctions - [f2900bf] HTTP GET http://localhost:61704/event
03:14:18.251 [qtp1549382449-437] DEBUG o.s.w.s.a.HttpWebHandlerAdapter - [1523095f] HTTP GET "/event"
03:14:18.447 [reactor-http-nio-1] DEBUG o.s.w.r.f.c.ExchangeFunctions - [f2900bf] Response 200 OK
03:14:18.459 [reactor-http-nio-1] DEBUG o.s.c.c.StringDecoder - [f2900bf] Decoded "id:0"
03:14:18.460 [reactor-http-nio-1] DEBUG o.s.c.c.StringDecoder - [f2900bf] Decoded ":bar"
03:14:18.460 [reactor-http-nio-1] DEBUG o.s.c.c.StringDecoder - [f2900bf] Decoded "data:foo"
03:14:18.460 [reactor-http-nio-1] DEBUG o.s.c.c.StringDecoder - [f2900bf] Decoded ""
03:14:18.547 [parallel-1] DEBUG o.s.w.s.a.HttpWebHandlerAdapter - [1523095f] Completed 200 OK
03:14:18.548 [reactor-http-nio-1] DEBUG o.s.c.c.StringDecoder - [f2900bf] Decoded "id:1"
03:14:18.548 [reactor-http-nio-1] DEBUG o.s.c.c.StringDecoder - [f2900bf] Decoded ":bar"
03:14:18.548 [reactor-http-nio-1] DEBUG o.s.c.c.StringDecoder - [f2900bf] Decoded "data:foo"
03:14:18.548 [reactor-http-nio-1] DEBUG o.s.c.c.StringDecoder - [f2900bf] Decoded ""
03:14:18.549 [Test worker] DEBUG o.s.w.t.h.s.r.b.JettyHttpServer - Stopping JettyHttpServer...
03:14:18.549 [Test worker] INFO  o.e.j.s.h.ContextHandler - Stopped o.e.j.s.ServletContextHandler@2714c887{/,null,UNAVAILABLE}
03:14:18.551 [Test worker] INFO  o.e.j.s.AbstractConnector - Stopped ServerConnector@3c72a1dd{HTTP/1.1, (http/1.1)}{0.0.0.0:0}
03:14:18.552 [Test worker] DEBUG o.s.w.t.h.s.r.b.JettyHttpServer - Server stopped (0 millis).
03:14:18.577 [Test worker] DEBUG o.s.w.s.a.HttpWebHandlerAdapter - enableLoggingRequestDetails='false': form data and headers will be masked to prevent unsafe logging of potentially sensitive data
03:14:18.577 [Test worker] DEBUG o.s.w.t.h.s.r.b.ReactorHttpServer - Starting ReactorHttpServer...
03:14:18.577 [Test worker] DEBUG o.s.w.t.h.s.r.b.ReactorHttpServer - Server started on port 61723(0 millis).
03:14:18.577 [Test worker] DEBUG o.s.w.r.f.c.ExchangeFunctions - [63258d69] HTTP GET http://localhost:61723/event
03:14:18.577 [reactor-http-nio-4] DEBUG o.s.w.s.a.HttpWebHandlerAdapter - [5c3500d6-11] HTTP GET "/event"
03:14:18.699 [reactor-http-nio-3] DEBUG o.s.w.r.f.c.ExchangeFunctions - [63258d69] Response 200 OK
03:14:18.701 [reactor-http-nio-3] DEBUG o.s.c.c.StringDecoder - [63258d69] Decoded "id:0"
03:14:18.701 [reactor-http-nio-3] DEBUG o.s.c.c.StringDecoder - [63258d69] Decoded ":bar"
03:14:18.701 [reactor-http-nio-3] DEBUG o.s.c.c.StringDecoder - [63258d69] Decoded "data:foo"
03:14:18.701 [reactor-http-nio-3] DEBUG o.s.c.c.StringDecoder - [63258d69] Decoded ""
03:14:18.835 [reactor-http-nio-3] DEBUG o.s.c.c.StringDecoder - [63258d69] Decoded "id:1"
03:14:18.835 [reactor-http-nio-3] DEBUG o.s.c.c.StringDecoder - [63258d69] Decoded ":bar"
03:14:18.835 [reactor-http-nio-3] DEBUG o.s.c.c.StringDecoder - [63258d69] Decoded "data:foo"
03:14:18.836 [reactor-http-nio-3] DEBUG o.s.c.c.StringDecoder - [63258d69] Decoded ""
03:14:18.848 [reactor-http-nio-4] DEBUG o.s.w.s.a.HttpWebHandlerAdapter - [5c3500d6-11] Completed 200 OK
03:14:18.849 [Test worker] DEBUG o.s.w.t.h.s.r.b.ReactorHttpServer - Stopping ReactorHttpServer...
03:14:18.849 [Test worker] DEBUG o.s.w.t.h.s.r.b.ReactorHttpServer - Server stopped (0 millis).
03:14:18.913 [Test worker] DEBUG o.s.w.s.a.HttpWebHandlerAdapter - enableLoggingRequestDetails='false': form data and headers will be masked to prevent unsafe logging of potentially sensitive data
03:14:18.914 [Test worker] DEBUG o.s.w.t.h.s.r.b.TomcatHttpServer - Starting TomcatHttpServer...
03:14:19.034 [Test worker] DEBUG o.s.w.t.h.s.r.b.TomcatHttpServer - Server started on port 61725(0 millis).
03:14:19.034 [Test worker] DEBUG o.s.w.r.f.c.ExchangeFunctions - [34fd1d73] HTTP GET http://localhost:61725/event
03:14:19.297 [http-nio-auto-11-exec-1] DEBUG o.s.w.s.a.HttpWebHandlerAdapter - [5da932d4] HTTP GET "/event"
03:14:19.447 [reactor-http-nio-1] DEBUG o.s.w.r.f.c.ExchangeFunctions - [34fd1d73] Response 200 OK
03:14:19.448 [reactor-http-nio-1] DEBUG o.s.c.c.StringDecoder - [34fd1d73] Decoded "id:0"
03:14:19.448 [reactor-http-nio-1] DEBUG o.s.c.c.StringDecoder - [34fd1d73] Decoded ":bar"
03:14:19.448 [reactor-http-nio-1] DEBUG o.s.c.c.StringDecoder - [34fd1d73] Decoded "data:foo"
03:14:19.448 [reactor-http-nio-1] DEBUG o.s.c.c.StringDecoder - [34fd1d73] Decoded ""
03:14:19.505 [reactor-http-nio-1] DEBUG o.s.c.c.StringDecoder - [34fd1d73] Decoded "id:1"
03:14:19.505 [reactor-http-nio-1] DEBUG o.s.c.c.StringDecoder - [34fd1d73] Decoded ":bar"
03:14:19.505 [reactor-http-nio-1] DEBUG o.s.c.c.StringDecoder - [34fd1d73] Decoded "data:foo"
03:14:19.505 [reactor-http-nio-1] DEBUG o.s.c.c.StringDecoder - [34fd1d73] Decoded ""
03:14:19.506 [parallel-3] DEBUG o.s.w.s.a.HttpWebHandlerAdapter - [5da932d4] Completed 200 OK
03:14:19.511 [Test worker] DEBUG o.s.w.t.h.s.r.b.TomcatHttpServer - Stopping TomcatHttpServer...
03:14:20.004 [Test worker] DEBUG o.s.w.t.h.s.r.b.TomcatHttpServer - Server stopped (0 millis).
03:14:20.039 [Test worker] DEBUG o.s.w.s.a.HttpWebHandlerAdapter - enableLoggingRequestDetails='false': form data and headers will be masked to prevent unsafe logging of potentially sensitive data
03:14:20.039 [Test worker] DEBUG o.s.w.t.h.s.r.b.UndertowHttpServer - Starting UndertowHttpServer...
03:14:20.042 [Test worker] INFO  i.undertow - starting server: Undertow - 2.1.3.Final
03:14:20.093 [Test worker] DEBUG o.s.w.t.h.s.r.b.UndertowHttpServer - Server started on port 61742(0 millis).
03:14:20.094 [Test worker] DEBUG o.s.w.r.f.c.ExchangeFunctions - [1ce8f95a] HTTP GET http://localhost:61742/event
03:14:20.151 [XNIO-10 I/O-4] DEBUG o.s.w.s.a.HttpWebHandlerAdapter - [7e234e9a] HTTP GET "/event"
03:14:20.263 [reactor-http-nio-2] DEBUG o.s.w.r.f.c.ExchangeFunctions - [1ce8f95a] Response 200 OK
03:14:20.264 [reactor-http-nio-2] DEBUG o.s.c.c.StringDecoder - [1ce8f95a] Decoded "id:0"
03:14:20.265 [reactor-http-nio-2] DEBUG o.s.c.c.StringDecoder - [1ce8f95a] Decoded ":bar"
03:14:20.265 [reactor-http-nio-2] DEBUG o.s.c.c.StringDecoder - [1ce8f95a] Decoded "data:foo"
03:14:20.265 [reactor-http-nio-2] DEBUG o.s.c.c.StringDecoder - [1ce8f95a] Decoded ""
03:14:20.381 [reactor-http-nio-2] DEBUG o.s.c.c.StringDecoder - [1ce8f95a] Decoded "id:1"
03:14:20.381 [reactor-http-nio-2] DEBUG o.s.c.c.StringDecoder - [1ce8f95a] Decoded ":bar"
03:14:20.381 [reactor-http-nio-2] DEBUG o.s.c.c.StringDecoder - [1ce8f95a] Decoded "data:foo"
03:14:20.381 [reactor-http-nio-2] DEBUG o.s.c.c.StringDecoder - [1ce8f95a] Decoded ""
03:14:20.437 [parallel-4] DEBUG o.s.w.s.a.HttpWebHandlerAdapter - [7e234e9a] Completed 200 OK
03:14:20.439 [Test worker] DEBUG o.s.w.t.h.s.r.b.UndertowHttpServer - Stopping UndertowHttpServer...
03:14:20.439 [Test worker] INFO  i.undertow - stopping server: Undertow - 2.1.3.Final
03:14:20.441 [Test worker] DEBUG o.s.w.t.h.s.r.b.UndertowHttpServer - Server stopped (0 millis).
03:14:20.476 [Test worker] DEBUG o.s.w.s.a.HttpWebHandlerAdapter - enableLoggingRequestDetails='false': form data and headers will be masked to prevent unsafe logging of potentially sensitive data
03:14:20.477 [Test worker] WARN  o.e.j.s.h.ContextHandler - Empty contextPath
03:14:20.477 [Test worker] INFO  o.e.j.s.h.ContextHandler - Started o.e.j.s.ServletContextHandler@3af65514{/,null,AVAILABLE}
03:14:20.478 [Test worker] DEBUG o.s.w.t.h.s.r.b.JettyHttpServer - Starting JettyHttpServer...
03:14:20.478 [Test worker] INFO  o.e.j.s.Server - jetty-9.4.31.v20200723; built: 2020-07-23T17:57:36.812Z; git: 450ba27947e13e66baa8cd1ce7e85a4461cacc1d; jvm 1.8.0_261-b12
03:14:20.484 [Test worker] INFO  o.e.j.s.AbstractConnector - Started ServerConnector@748a0540{HTTP/1.1, (http/1.1)}{0.0.0.0:61750}
03:14:20.485 [Test worker] INFO  o.e.j.s.Server - Started @92096ms
03:14:20.485 [Test worker] DEBUG o.s.w.t.h.s.r.b.JettyHttpServer - Server started on port 61750(0 millis).
03:14:20.486 [Test worker] DEBUG o.s.w.r.f.c.ExchangeFunctions - [55bb3be5] HTTP GET http://localhost:61750/person
03:14:20.492 [qtp1913817223-474] DEBUG o.s.w.s.a.HttpWebHandlerAdapter - [630e6607] HTTP GET "/person"
03:14:20.619 [parallel-1] DEBUG o.s.h.c.j.Jackson2JsonEncoder - [630e6607] Encoding [Person{name='foo 0'}]
03:14:20.624 [reactor-http-nio-3] DEBUG o.s.w.r.f.c.ExchangeFunctions - [55bb3be5] Response 200 OK
03:14:20.628 [reactor-http-nio-3] DEBUG o.s.c.c.StringDecoder - [55bb3be5] Decoded "data:{"name":"foo 0"}"
03:14:20.628 [reactor-http-nio-3] DEBUG o.s.c.c.StringDecoder - [55bb3be5] Decoded ""
03:14:20.628 [reactor-http-nio-3] DEBUG o.s.h.c.j.Jackson2JsonDecoder - [55bb3be5] Decoded [Person{name='foo 0'}]
03:14:20.843 [parallel-1] DEBUG o.s.h.c.j.Jackson2JsonEncoder - [630e6607] Encoding [Person{name='foo 1'}]
03:14:20.846 [reactor-http-nio-3] DEBUG o.s.c.c.StringDecoder - [55bb3be5] Decoded "data:{"name":"foo 1"}"
03:14:20.846 [reactor-http-nio-3] DEBUG o.s.c.c.StringDecoder - [55bb3be5] Decoded ""
03:14:20.846 [reactor-http-nio-3] DEBUG o.s.h.c.j.Jackson2JsonDecoder - [55bb3be5] Decoded [Person{name='foo 1'}]
03:14:20.941 [parallel-1] DEBUG o.s.w.s.a.HttpWebHandlerAdapter - [630e6607] Completed 200 OK
03:14:20.944 [Test worker] DEBUG o.s.w.t.h.s.r.b.JettyHttpServer - Stopping JettyHttpServer...
03:14:20.946 [Test worker] INFO  o.e.j.s.h.ContextHandler - Stopped o.e.j.s.ServletContextHandler@3af65514{/,null,UNAVAILABLE}
03:14:20.957 [Test worker] INFO  o.e.j.s.AbstractConnector - Stopped ServerConnector@748a0540{HTTP/1.1, (http/1.1)}{0.0.0.0:0}
03:14:21.001 [Test worker] DEBUG o.s.w.t.h.s.r.b.JettyHttpServer - Server stopped (0 millis).
03:14:21.019 [Test worker] DEBUG o.s.w.s.a.HttpWebHandlerAdapter - enableLoggingRequestDetails='false': form data and headers will be masked to prevent unsafe logging of potentially sensitive data
03:14:21.019 [Test worker] DEBUG o.s.w.t.h.s.r.b.ReactorHttpServer - Starting ReactorHttpServer...
03:14:21.022 [Test worker] DEBUG o.s.w.t.h.s.r.b.ReactorHttpServer - Server started on port 61764(0 millis).
03:14:21.023 [Test worker] DEBUG o.s.w.r.f.c.ExchangeFunctions - [74871f8a] HTTP GET http://localhost:61764/person
03:14:21.103 [reactor-http-nio-2] DEBUG o.s.w.s.a.HttpWebHandlerAdapter - [7cb4be53-12] HTTP GET "/person"
03:14:21.429 [parallel-2] DEBUG o.s.h.c.j.Jackson2JsonEncoder - [7cb4be53-12] Encoding [Person{name='foo 0'}]
03:14:21.491 [reactor-http-nio-1] DEBUG o.s.w.r.f.c.ExchangeFunctions - [74871f8a] Response 200 OK
03:14:21.494 [reactor-http-nio-1] DEBUG o.s.c.c.StringDecoder - [74871f8a] Decoded "data:{"name":"foo 0"}"
03:14:21.495 [reactor-http-nio-1] DEBUG o.s.c.c.StringDecoder - [74871f8a] Decoded ""
03:14:21.495 [reactor-http-nio-1] DEBUG o.s.h.c.j.Jackson2JsonDecoder - [74871f8a] Decoded [Person{name='foo 0'}]
03:14:21.495 [parallel-2] DEBUG o.s.h.c.j.Jackson2JsonEncoder - [7cb4be53-12] Encoding [Person{name='foo 1'}]
03:14:21.498 [reactor-http-nio-1] DEBUG o.s.c.c.StringDecoder - [74871f8a] Decoded "data:{"name":"foo 1"}"
03:14:21.498 [reactor-http-nio-1] DEBUG o.s.c.c.StringDecoder - [74871f8a] Decoded ""
03:14:21.498 [reactor-http-nio-1] DEBUG o.s.h.c.j.Jackson2JsonDecoder - [74871f8a] Decoded [Person{name='foo 1'}]
03:14:21.499 [reactor-http-nio-2] DEBUG o.s.w.s.a.HttpWebHandlerAdapter - [7cb4be53-12] Completed 200 OK
03:14:21.500 [Test worker] DEBUG o.s.w.t.h.s.r.b.ReactorHttpServer - Stopping ReactorHttpServer...
03:14:21.501 [Test worker] DEBUG o.s.w.t.h.s.r.b.ReactorHttpServer - Server stopped (0 millis).
03:14:21.516 [Test worker] DEBUG o.s.w.s.a.HttpWebHandlerAdapter - enableLoggingRequestDetails='false': form data and headers will be masked to prevent unsafe logging of potentially sensitive data
03:14:21.517 [Test worker] DEBUG o.s.w.t.h.s.r.b.TomcatHttpServer - Starting TomcatHttpServer...
03:14:21.548 [Test worker] DEBUG o.s.w.t.h.s.r.b.TomcatHttpServer - Server started on port 61766(0 millis).
03:14:21.550 [Test worker] DEBUG o.s.w.r.f.c.ExchangeFunctions - [5f50afaf] HTTP GET http://localhost:61766/person
03:14:21.585 [http-nio-auto-12-exec-1] DEBUG o.s.w.s.a.HttpWebHandlerAdapter - [4fa12d34] HTTP GET "/person"
03:14:21.742 [parallel-3] DEBUG o.s.h.c.j.Jackson2JsonEncoder - [4fa12d34] Encoding [Person{name='foo 0'}]
03:14:21.754 [reactor-http-nio-3] DEBUG o.s.w.r.f.c.ExchangeFunctions - [5f50afaf] Response 200 OK
03:14:21.755 [reactor-http-nio-3] DEBUG o.s.c.c.StringDecoder - [5f50afaf] Decoded "data:{"name":"foo 0"}"
03:14:21.756 [reactor-http-nio-3] DEBUG o.s.c.c.StringDecoder - [5f50afaf] Decoded ""
03:14:21.756 [reactor-http-nio-3] DEBUG o.s.h.c.j.Jackson2JsonDecoder - [5f50afaf] Decoded [Person{name='foo 0'}]
03:14:21.817 [parallel-3] DEBUG o.s.h.c.j.Jackson2JsonEncoder - [4fa12d34] Encoding [Person{name='foo 1'}]
03:14:21.819 [reactor-http-nio-3] DEBUG o.s.c.c.StringDecoder - [5f50afaf] Decoded "data:{"name":"foo 1"}"
03:14:21.820 [reactor-http-nio-3] DEBUG o.s.c.c.StringDecoder - [5f50afaf] Decoded ""
03:14:21.820 [reactor-http-nio-3] DEBUG o.s.h.c.j.Jackson2JsonDecoder - [5f50afaf] Decoded [Person{name='foo 1'}]
03:14:21.822 [parallel-3] DEBUG o.s.w.s.a.HttpWebHandlerAdapter - [4fa12d34] Completed 200 OK
03:14:21.825 [Test worker] DEBUG o.s.w.t.h.s.r.b.TomcatHttpServer - Stopping TomcatHttpServer...
03:14:22.816 [Test worker] DEBUG o.s.w.t.h.s.r.b.TomcatHttpServer - Server stopped (0 millis).
03:14:22.831 [Test worker] DEBUG o.s.w.s.a.HttpWebHandlerAdapter - enableLoggingRequestDetails='false': form data and headers will be masked to prevent unsafe logging of potentially sensitive data
03:14:22.831 [Test worker] DEBUG o.s.w.t.h.s.r.b.UndertowHttpServer - Starting UndertowHttpServer...
03:14:22.831 [Test worker] INFO  i.undertow - starting server: Undertow - 2.1.3.Final
03:14:22.840 [Test worker] DEBUG o.s.w.t.h.s.r.b.UndertowHttpServer - Server started on port 61784(0 millis).
03:14:22.841 [Test worker] DEBUG o.s.w.r.f.c.ExchangeFunctions - [35e20f41] HTTP GET http://localhost:61784/person
03:14:23.021 [XNIO-11 I/O-4] DEBUG o.s.w.s.a.HttpWebHandlerAdapter - [20157055] HTTP GET "/person"
03:14:23.123 [parallel-4] DEBUG o.s.h.c.j.Jackson2JsonEncoder - [20157055] Encoding [Person{name='foo 0'}]
03:14:23.126 [reactor-http-nio-4] DEBUG o.s.w.r.f.c.ExchangeFunctions - [35e20f41] Response 200 OK
03:14:23.127 [reactor-http-nio-4] DEBUG o.s.c.c.StringDecoder - [35e20f41] Decoded "data:{"name":"foo 0"}"
03:14:23.127 [reactor-http-nio-4] DEBUG o.s.c.c.StringDecoder - [35e20f41] Decoded ""
03:14:23.127 [reactor-http-nio-4] DEBUG o.s.h.c.j.Jackson2JsonDecoder - [35e20f41] Decoded [Person{name='foo 0'}]
03:14:23.245 [parallel-4] DEBUG o.s.h.c.j.Jackson2JsonEncoder - [20157055] Encoding [Person{name='foo 1'}]
03:14:23.247 [reactor-http-nio-4] DEBUG o.s.c.c.StringDecoder - [35e20f41] Decoded "data:{"name":"foo 1"}"
03:14:23.247 [reactor-http-nio-4] DEBUG o.s.c.c.StringDecoder - [35e20f41] Decoded ""
03:14:23.247 [reactor-http-nio-4] DEBUG o.s.h.c.j.Jackson2JsonDecoder - [35e20f41] Decoded [Person{name='foo 1'}]
03:14:23.303 [parallel-4] DEBUG o.s.w.s.a.HttpWebHandlerAdapter - [20157055] Completed 200 OK
03:14:23.304 [Test worker] DEBUG o.s.w.t.h.s.r.b.UndertowHttpServer - Stopping UndertowHttpServer...
03:14:23.304 [Test worker] INFO  i.undertow - stopping server: Undertow - 2.1.3.Final
03:14:23.307 [Test worker] DEBUG o.s.w.t.h.s.r.b.UndertowHttpServer - Server stopped (0 millis).
03:14:23.325 [Test worker] DEBUG o.s.w.s.a.HttpWebHandlerAdapter - enableLoggingRequestDetails='false': form data and headers will be masked to prevent unsafe logging of potentially sensitive data
03:14:23.326 [Test worker] WARN  o.e.j.s.h.ContextHandler - Empty contextPath
03:14:23.326 [Test worker] INFO  o.e.j.s.h.ContextHandler - Started o.e.j.s.ServletContextHandler@47d99dea{/,null,AVAILABLE}
03:14:23.326 [Test worker] DEBUG o.s.w.t.h.s.r.b.JettyHttpServer - Starting JettyHttpServer...
03:14:23.326 [Test worker] INFO  o.e.j.s.Server - jetty-9.4.31.v20200723; built: 2020-07-23T17:57:36.812Z; git: 450ba27947e13e66baa8cd1ce7e85a4461cacc1d; jvm 1.8.0_261-b12
03:14:23.525 [Test worker] INFO  o.e.j.s.AbstractConnector - Started ServerConnector@27eb9dcf{HTTP/1.1, (http/1.1)}{0.0.0.0:61804}
03:14:23.525 [Test worker] INFO  o.e.j.s.Server - Started @95137ms
03:14:23.525 [Test worker] DEBUG o.s.w.t.h.s.r.b.JettyHttpServer - Server started on port 61804(0 millis).
03:14:23.526 [Test worker] DEBUG o.s.w.r.f.c.ExchangeFunctions - [1d8611d6] HTTP GET http://localhost:61804/string
03:14:23.532 [qtp670951855-506] DEBUG o.s.w.s.a.HttpWebHandlerAdapter - [2c3126c5] HTTP GET "/string"
03:14:23.810 [reactor-http-nio-1] DEBUG o.s.w.r.f.c.ExchangeFunctions - [1d8611d6] Response 200 OK
03:14:23.817 [parallel-1] DEBUG o.s.w.s.a.HttpWebHandlerAdapter - [2c3126c5] Completed 200 OK
03:14:23.820 [reactor-http-nio-1] DEBUG o.s.c.c.StringDecoder - [1d8611d6] Decoded "data:foo 0"
03:14:23.820 [reactor-http-nio-1] DEBUG o.s.c.c.StringDecoder - [1d8611d6] Decoded ""
03:14:23.821 [reactor-http-nio-1] DEBUG o.s.c.c.StringDecoder - [1d8611d6] Decoded "data:foo 1"
03:14:23.821 [reactor-http-nio-1] DEBUG o.s.c.c.StringDecoder - [1d8611d6] Decoded ""
03:14:23.823 [Test worker] DEBUG o.s.w.t.h.s.r.b.JettyHttpServer - Stopping JettyHttpServer...
03:14:23.824 [Test worker] INFO  o.e.j.s.h.ContextHandler - Stopped o.e.j.s.ServletContextHandler@47d99dea{/,null,UNAVAILABLE}
03:14:23.827 [Test worker] INFO  o.e.j.s.AbstractConnector - Stopped ServerConnector@27eb9dcf{HTTP/1.1, (http/1.1)}{0.0.0.0:0}
03:14:23.866 [Test worker] DEBUG o.s.w.t.h.s.r.b.JettyHttpServer - Server stopped (0 millis).
03:14:23.893 [Test worker] DEBUG o.s.w.s.a.HttpWebHandlerAdapter - enableLoggingRequestDetails='false': form data and headers will be masked to prevent unsafe logging of potentially sensitive data
03:14:23.894 [Test worker] DEBUG o.s.w.t.h.s.r.b.ReactorHttpServer - Starting ReactorHttpServer...
03:14:23.898 [Test worker] DEBUG o.s.w.t.h.s.r.b.ReactorHttpServer - Server started on port 61818(0 millis).
03:14:23.899 [Test worker] DEBUG o.s.w.r.f.c.ExchangeFunctions - [31d79f93] HTTP GET http://localhost:61818/string
03:14:23.919 [reactor-http-nio-4] DEBUG o.s.w.s.a.HttpWebHandlerAdapter - [c213154c-13] HTTP GET "/string"
03:14:24.023 [reactor-http-nio-3] DEBUG o.s.w.r.f.c.ExchangeFunctions - [31d79f93] Response 200 OK
03:14:24.023 [reactor-http-nio-3] DEBUG o.s.c.c.StringDecoder - [31d79f93] Decoded "data:foo 0"
03:14:24.023 [reactor-http-nio-3] DEBUG o.s.c.c.StringDecoder - [31d79f93] Decoded ""
03:14:24.138 [reactor-http-nio-4] DEBUG o.s.w.s.a.HttpWebHandlerAdapter - [c213154c-13] Completed 200 OK
03:14:24.138 [reactor-http-nio-3] DEBUG o.s.c.c.StringDecoder - [31d79f93] Decoded "data:foo 1"
03:14:24.138 [reactor-http-nio-3] DEBUG o.s.c.c.StringDecoder - [31d79f93] Decoded ""
03:14:24.138 [Test worker] DEBUG o.s.w.t.h.s.r.b.ReactorHttpServer - Stopping ReactorHttpServer...
03:14:24.138 [Test worker] DEBUG o.s.w.t.h.s.r.b.ReactorHttpServer - Server stopped (0 millis).
03:14:24.169 [Test worker] DEBUG o.s.w.s.a.HttpWebHandlerAdapter - enableLoggingRequestDetails='false': form data and headers will be masked to prevent unsafe logging of potentially sensitive data
03:14:24.169 [Test worker] DEBUG o.s.w.t.h.s.r.b.TomcatHttpServer - Starting TomcatHttpServer...
03:14:24.200 [Test worker] DEBUG o.s.w.t.h.s.r.b.TomcatHttpServer - Server started on port 61820(0 millis).
03:14:24.216 [Test worker] DEBUG o.s.w.r.f.c.ExchangeFunctions - [6d7ef983] HTTP GET http://localhost:61820/string
03:14:25.509 [http-nio-auto-13-exec-1] DEBUG o.s.w.s.a.HttpWebHandlerAdapter - [24512361] HTTP GET "/string"
03:14:25.619 [reactor-http-nio-1] DEBUG o.s.w.r.f.c.ExchangeFunctions - [6d7ef983] Response 200 OK
03:14:25.619 [reactor-http-nio-1] DEBUG o.s.c.c.StringDecoder - [6d7ef983] Decoded "data:foo 0"
03:14:25.619 [reactor-http-nio-1] DEBUG o.s.c.c.StringDecoder - [6d7ef983] Decoded ""
03:14:25.712 [reactor-http-nio-1] DEBUG o.s.c.c.StringDecoder - [6d7ef983] Decoded "data:foo 1"
03:14:25.712 [reactor-http-nio-1] DEBUG o.s.c.c.StringDecoder - [6d7ef983] Decoded ""
03:14:25.728 [parallel-3] DEBUG o.s.w.s.a.HttpWebHandlerAdapter - [24512361] Completed 200 OK
03:14:25.728 [Test worker] DEBUG o.s.w.t.h.s.r.b.TomcatHttpServer - Stopping TomcatHttpServer...
03:14:26.290 [Test worker] DEBUG o.s.w.t.h.s.r.b.TomcatHttpServer - Server stopped (0 millis).
03:14:26.306 [Test worker] DEBUG o.s.w.s.a.HttpWebHandlerAdapter - enableLoggingRequestDetails='false': form data and headers will be masked to prevent unsafe logging of potentially sensitive data
03:14:26.306 [Test worker] DEBUG o.s.w.t.h.s.r.b.UndertowHttpServer - Starting UndertowHttpServer...
03:14:26.306 [Test worker] INFO  i.undertow - starting server: Undertow - 2.1.3.Final
03:14:26.315 [Test worker] DEBUG o.s.w.t.h.s.r.b.UndertowHttpServer - Server started on port 61864(0 millis).
03:14:26.316 [Test worker] DEBUG o.s.w.r.f.c.ExchangeFunctions - [31cc30f2] HTTP GET http://localhost:61864/string
03:14:26.333 [XNIO-12 I/O-3] DEBUG o.s.w.s.a.HttpWebHandlerAdapter - [2c449441] HTTP GET "/string"
03:14:26.449 [reactor-http-nio-2] DEBUG o.s.w.r.f.c.ExchangeFunctions - [31cc30f2] Response 200 OK
03:14:26.450 [reactor-http-nio-2] DEBUG o.s.c.c.StringDecoder - [31cc30f2] Decoded "data:foo 0"
03:14:26.450 [reactor-http-nio-2] DEBUG o.s.c.c.StringDecoder - [31cc30f2] Decoded ""
03:14:26.543 [reactor-http-nio-2] DEBUG o.s.c.c.StringDecoder - [31cc30f2] Decoded "data:foo 1"
03:14:26.543 [reactor-http-nio-2] DEBUG o.s.c.c.StringDecoder - [31cc30f2] Decoded ""
03:14:26.548 [parallel-4] DEBUG o.s.w.s.a.HttpWebHandlerAdapter - [2c449441] Completed 200 OK
03:14:26.548 [Test worker] DEBUG o.s.w.t.h.s.r.b.UndertowHttpServer - Stopping UndertowHttpServer...
03:14:26.549 [Test worker] INFO  i.undertow - stopping server: Undertow - 2.1.3.Final
03:14:26.553 [Test worker] DEBUG o.s.w.t.h.s.r.b.UndertowHttpServer - Server stopped (0 millis).
]]></system-out>
  <system-err><![CDATA[]]></system-err>
</testsuite>
