<?xml version="1.0" encoding="UTF-8"?>
<testsuite name="org.springframework.web.reactive.function.server.support.ServerRequestWrapperTests" tests="16" skipped="0" failures="0" errors="0" timestamp="2023-03-20T08:16:00" hostname="DESKTOP-VGJP1PJ" time="0.251">
  <properties/>
  <testcase name="bodyToFluxParameterizedTypeReference()" classname="org.springframework.web.reactive.function.server.support.ServerRequestWrapperTests" time="0.003"/>
  <testcase name="bodyExtractor()" classname="org.springframework.web.reactive.function.server.support.ServerRequestWrapperTests" time="0.013"/>
  <testcase name="queryParams()" classname="org.springframework.web.reactive.function.server.support.ServerRequestWrapperTests" time="0.001"/>
  <testcase name="method()" classname="org.springframework.web.reactive.function.server.support.ServerRequestWrapperTests" time="0.003"/>
  <testcase name="queryParam()" classname="org.springframework.web.reactive.function.server.support.ServerRequestWrapperTests" time="0.018"/>
  <testcase name="uri()" classname="org.springframework.web.reactive.function.server.support.ServerRequestWrapperTests" time="0.002"/>
  <testcase name="path()" classname="org.springframework.web.reactive.function.server.support.ServerRequestWrapperTests" time="0.001"/>
  <testcase name="attribute()" classname="org.springframework.web.reactive.function.server.support.ServerRequestWrapperTests" time="0.001"/>
  <testcase name="bodyToMonoClass()" classname="org.springframework.web.reactive.function.server.support.ServerRequestWrapperTests" time="0.001"/>
  <testcase name="headers()" classname="org.springframework.web.reactive.function.server.support.ServerRequestWrapperTests" time="0.029"/>
  <testcase name="cookies()" classname="org.springframework.web.reactive.function.server.support.ServerRequestWrapperTests" time="0.161"/>
  <testcase name="request()" classname="org.springframework.web.reactive.function.server.support.ServerRequestWrapperTests" time="0.0"/>
  <testcase name="bodyToFluxClass()" classname="org.springframework.web.reactive.function.server.support.ServerRequestWrapperTests" time="0.001"/>
  <testcase name="pathVariables()" classname="org.springframework.web.reactive.function.server.support.ServerRequestWrapperTests" time="0.001"/>
  <testcase name="pathVariable()" classname="org.springframework.web.reactive.function.server.support.ServerRequestWrapperTests" time="0.001"/>
  <testcase name="bodyToMonoParameterizedTypeReference()" classname="org.springframework.web.reactive.function.server.support.ServerRequestWrapperTests" time="0.001"/>
  <system-out><![CDATA[]]></system-out>
  <system-err><![CDATA[]]></system-err>
</testsuite>
