<?xml version="1.0" encoding="UTF-8"?>
<testsuite name="org.springframework.web.reactive.function.server.RequestPredicateAttributesTests" tests="10" skipped="0" failures="0" errors="0" timestamp="2023-03-20T08:14:04" hostname="DESKTOP-VGJP1PJ" time="0.016">
  <properties/>
  <testcase name="orLeftSucceed()" classname="org.springframework.web.reactive.function.server.RequestPredicateAttributesTests" time="0.002"/>
  <testcase name="andBothSucceed()" classname="org.springframework.web.reactive.function.server.RequestPredicateAttributesTests" time="0.001"/>
  <testcase name="andLeftSucceed()" classname="org.springframework.web.reactive.function.server.RequestPredicateAttributesTests" time="0.001"/>
  <testcase name="andBothFail()" classname="org.springframework.web.reactive.function.server.RequestPredicateAttributesTests" time="0.001"/>
  <testcase name="negateFail()" classname="org.springframework.web.reactive.function.server.RequestPredicateAttributesTests" time="0.003"/>
  <testcase name="negateSucceed()" classname="org.springframework.web.reactive.function.server.RequestPredicateAttributesTests" time="0.001"/>
  <testcase name="orRightSucceed()" classname="org.springframework.web.reactive.function.server.RequestPredicateAttributesTests" time="0.002"/>
  <testcase name="andRightSucceed()" classname="org.springframework.web.reactive.function.server.RequestPredicateAttributesTests" time="0.001"/>
  <testcase name="orBothFail()" classname="org.springframework.web.reactive.function.server.RequestPredicateAttributesTests" time="0.002"/>
  <testcase name="orBothSucceed()" classname="org.springframework.web.reactive.function.server.RequestPredicateAttributesTests" time="0.001"/>
  <system-out><![CDATA[]]></system-out>
  <system-err><![CDATA[]]></system-err>
</testsuite>
