<?xml version="1.0" encoding="UTF-8"?>
<testsuite name="org.springframework.web.reactive.result.method.annotation.ControllerMethodResolverTests" tests="5" skipped="0" failures="0" errors="0" timestamp="2023-03-20T08:19:55" hostname="DESKTOP-VGJP1PJ" time="0.128">
  <properties/>
  <testcase name="requestMappingArgumentResolvers()" classname="org.springframework.web.reactive.result.method.annotation.ControllerMethodResolverTests" time="0.064"/>
  <testcase name="exceptionHandlerArgumentResolvers()" classname="org.springframework.web.reactive.result.method.annotation.ControllerMethodResolverTests" time="0.015"/>
  <testcase name="initBinderArgumentResolvers()" classname="org.springframework.web.reactive.result.method.annotation.ControllerMethodResolverTests" time="0.018"/>
  <testcase name="modelAttributeArgumentResolvers()" classname="org.springframework.web.reactive.result.method.annotation.ControllerMethodResolverTests" time="0.015"/>
  <testcase name="exceptionHandlerFromControllerAdvice()" classname="org.springframework.web.reactive.result.method.annotation.ControllerMethodResolverTests" time="0.014"/>
  <system-out><![CDATA[03:19:55.728 [Test worker] DEBUG o.s.w.r.r.m.a.ControllerMethodResolver - ControllerAdvice beans: 1 @ModelAttribute, 1 @InitBinder, 1 @ExceptionHandler
03:19:55.760 [Test worker] DEBUG o.s.w.r.r.m.a.ControllerMethodResolver - ControllerAdvice beans: 1 @ModelAttribute, 1 @InitBinder, 1 @ExceptionHandler
03:19:55.778 [Test worker] DEBUG o.s.w.r.r.m.a.ControllerMethodResolver - ControllerAdvice beans: 1 @ModelAttribute, 1 @InitBinder, 1 @ExceptionHandler
03:19:55.795 [Test worker] DEBUG o.s.w.r.r.m.a.ControllerMethodResolver - ControllerAdvice beans: 1 @ModelAttribute, 1 @InitBinder, 1 @ExceptionHandler
03:19:55.810 [Test worker] DEBUG o.s.w.r.r.m.a.ControllerMethodResolver - ControllerAdvice beans: 1 @ModelAttribute, 1 @InitBinder, 1 @ExceptionHandler
]]></system-out>
  <system-err><![CDATA[]]></system-err>
</testsuite>
