<?xml version="1.0" encoding="UTF-8"?>
<testsuite name="org.springframework.web.reactive.result.method.annotation.SessionAttributeMethodArgumentResolverTests" tests="5" skipped="0" failures="0" errors="0" timestamp="2023-03-20T08:15:48" hostname="DESKTOP-VGJP1PJ" time="0.072">
  <properties/>
  <testcase name="resolveOptional()" classname="org.springframework.web.reactive.result.method.annotation.SessionAttributeMethodArgumentResolverTests" time="0.045"/>
  <testcase name="resolve()" classname="org.springframework.web.reactive.result.method.annotation.SessionAttributeMethodArgumentResolverTests" time="0.007"/>
  <testcase name="resolveNotRequired()" classname="org.springframework.web.reactive.result.method.annotation.SessionAttributeMethodArgumentResolverTests" time="0.007"/>
  <testcase name="resolveWithName()" classname="org.springframework.web.reactive.result.method.annotation.SessionAttributeMethodArgumentResolverTests" time="0.006"/>
  <testcase name="supportsParameter()" classname="org.springframework.web.reactive.result.method.annotation.SessionAttributeMethodArgumentResolverTests" time="0.005"/>
  <system-out><![CDATA[]]></system-out>
  <system-err><![CDATA[]]></system-err>
</testsuite>
