<?xml version="1.0" encoding="UTF-8"?>
<testsuite name="org.springframework.web.reactive.result.method.annotation.MatrixVariablesMethodArgumentResolverTests" tests="7" skipped="0" failures="0" errors="0" timestamp="2023-03-20T08:14:18" hostname="DESKTOP-VGJP1PJ" time="0.076">
  <properties/>
  <testcase name="resolveArgumentNoMatch()" classname="org.springframework.web.reactive.result.method.annotation.MatrixVariablesMethodArgumentResolverTests" time="0.003"/>
  <testcase name="resolveArgumentPathVariable()" classname="org.springframework.web.reactive.result.method.annotation.MatrixVariablesMethodArgumentResolverTests" time="0.001"/>
  <testcase name="resolveArgumentRequired()" classname="org.springframework.web.reactive.result.method.annotation.MatrixVariablesMethodArgumentResolverTests" time="0.043"/>
  <testcase name="resolveArgumentMultipleMatches()" classname="org.springframework.web.reactive.result.method.annotation.MatrixVariablesMethodArgumentResolverTests" time="0.002"/>
  <testcase name="resolveArgumentDefaultValue()" classname="org.springframework.web.reactive.result.method.annotation.MatrixVariablesMethodArgumentResolverTests" time="0.001"/>
  <testcase name="resolveArgument()" classname="org.springframework.web.reactive.result.method.annotation.MatrixVariablesMethodArgumentResolverTests" time="0.011"/>
  <testcase name="supportsParameter()" classname="org.springframework.web.reactive.result.method.annotation.MatrixVariablesMethodArgumentResolverTests" time="0.009"/>
  <system-out><![CDATA[]]></system-out>
  <system-err><![CDATA[]]></system-err>
</testsuite>
