<?xml version="1.0" encoding="UTF-8"?>
<testsuite name="org.springframework.web.reactive.result.method.annotation.RequestMappingMessageConversionIntegrationTests" tests="156" skipped="0" failures="0" errors="0" timestamp="2023-03-20T08:15:04" hostname="DESKTOP-VGJP1PJ" time="42.477">
  <properties/>
  <testcase name="personResponseBodyWithMonoDeclaredAsObject(HttpServer)[1]" classname="org.springframework.web.reactive.result.method.annotation.RequestMappingMessageConversionIntegrationTests" time="0.338"/>
  <testcase name="personResponseBodyWithMonoDeclaredAsObject(HttpServer)[2]" classname="org.springframework.web.reactive.result.method.annotation.RequestMappingMessageConversionIntegrationTests" time="0.124"/>
  <testcase name="personResponseBodyWithMonoDeclaredAsObject(HttpServer)[3]" classname="org.springframework.web.reactive.result.method.annotation.RequestMappingMessageConversionIntegrationTests" time="0.405"/>
  <testcase name="personResponseBodyWithMonoDeclaredAsObject(HttpServer)[4]" classname="org.springframework.web.reactive.result.method.annotation.RequestMappingMessageConversionIntegrationTests" time="0.481"/>
  <testcase name="byteBufferResponseBodyWithPublisher(HttpServer)[1]" classname="org.springframework.web.reactive.result.method.annotation.RequestMappingMessageConversionIntegrationTests" time="1.38"/>
  <testcase name="byteBufferResponseBodyWithPublisher(HttpServer)[2]" classname="org.springframework.web.reactive.result.method.annotation.RequestMappingMessageConversionIntegrationTests" time="0.536"/>
  <testcase name="byteBufferResponseBodyWithPublisher(HttpServer)[3]" classname="org.springframework.web.reactive.result.method.annotation.RequestMappingMessageConversionIntegrationTests" time="0.995"/>
  <testcase name="byteBufferResponseBodyWithPublisher(HttpServer)[4]" classname="org.springframework.web.reactive.result.method.annotation.RequestMappingMessageConversionIntegrationTests" time="0.317"/>
  <testcase name="personResponseBodyWithCompletableFuture(HttpServer)[1]" classname="org.springframework.web.reactive.result.method.annotation.RequestMappingMessageConversionIntegrationTests" time="0.145"/>
  <testcase name="personResponseBodyWithCompletableFuture(HttpServer)[2]" classname="org.springframework.web.reactive.result.method.annotation.RequestMappingMessageConversionIntegrationTests" time="0.232"/>
  <testcase name="personResponseBodyWithCompletableFuture(HttpServer)[3]" classname="org.springframework.web.reactive.result.method.annotation.RequestMappingMessageConversionIntegrationTests" time="1.975"/>
  <testcase name="personResponseBodyWithCompletableFuture(HttpServer)[4]" classname="org.springframework.web.reactive.result.method.annotation.RequestMappingMessageConversionIntegrationTests" time="0.205"/>
  <testcase name="personCreateWithObservableXml(HttpServer)[1]" classname="org.springframework.web.reactive.result.method.annotation.RequestMappingMessageConversionIntegrationTests" time="1.585"/>
  <testcase name="personCreateWithObservableXml(HttpServer)[2]" classname="org.springframework.web.reactive.result.method.annotation.RequestMappingMessageConversionIntegrationTests" time="0.326"/>
  <testcase name="personCreateWithObservableXml(HttpServer)[3]" classname="org.springframework.web.reactive.result.method.annotation.RequestMappingMessageConversionIntegrationTests" time="1.236"/>
  <testcase name="personCreateWithObservableXml(HttpServer)[4]" classname="org.springframework.web.reactive.result.method.annotation.RequestMappingMessageConversionIntegrationTests" time="0.286"/>
  <testcase name="personResponseBodyWithPublisher(HttpServer)[1]" classname="org.springframework.web.reactive.result.method.annotation.RequestMappingMessageConversionIntegrationTests" time="0.137"/>
  <testcase name="personResponseBodyWithPublisher(HttpServer)[2]" classname="org.springframework.web.reactive.result.method.annotation.RequestMappingMessageConversionIntegrationTests" time="0.121"/>
  <testcase name="personResponseBodyWithPublisher(HttpServer)[3]" classname="org.springframework.web.reactive.result.method.annotation.RequestMappingMessageConversionIntegrationTests" time="0.36"/>
  <testcase name="personResponseBodyWithPublisher(HttpServer)[4]" classname="org.springframework.web.reactive.result.method.annotation.RequestMappingMessageConversionIntegrationTests" time="0.523"/>
  <testcase name="personCreateWithPublisherXml(HttpServer)[1]" classname="org.springframework.web.reactive.result.method.annotation.RequestMappingMessageConversionIntegrationTests" time="0.242"/>
  <testcase name="personCreateWithPublisherXml(HttpServer)[2]" classname="org.springframework.web.reactive.result.method.annotation.RequestMappingMessageConversionIntegrationTests" time="0.123"/>
  <testcase name="personCreateWithPublisherXml(HttpServer)[3]" classname="org.springframework.web.reactive.result.method.annotation.RequestMappingMessageConversionIntegrationTests" time="0.26"/>
  <testcase name="personCreateWithPublisherXml(HttpServer)[4]" classname="org.springframework.web.reactive.result.method.annotation.RequestMappingMessageConversionIntegrationTests" time="0.093"/>
  <testcase name="personTransformWithCompletableFuture(HttpServer)[1]" classname="org.springframework.web.reactive.result.method.annotation.RequestMappingMessageConversionIntegrationTests" time="0.156"/>
  <testcase name="personTransformWithCompletableFuture(HttpServer)[2]" classname="org.springframework.web.reactive.result.method.annotation.RequestMappingMessageConversionIntegrationTests" time="0.288"/>
  <testcase name="personTransformWithCompletableFuture(HttpServer)[3]" classname="org.springframework.web.reactive.result.method.annotation.RequestMappingMessageConversionIntegrationTests" time="1.009"/>
  <testcase name="personTransformWithCompletableFuture(HttpServer)[4]" classname="org.springframework.web.reactive.result.method.annotation.RequestMappingMessageConversionIntegrationTests" time="0.219"/>
  <testcase name="personTransformWithSingle(HttpServer)[1]" classname="org.springframework.web.reactive.result.method.annotation.RequestMappingMessageConversionIntegrationTests" time="0.3"/>
  <testcase name="personTransformWithSingle(HttpServer)[2]" classname="org.springframework.web.reactive.result.method.annotation.RequestMappingMessageConversionIntegrationTests" time="0.25"/>
  <testcase name="personTransformWithSingle(HttpServer)[3]" classname="org.springframework.web.reactive.result.method.annotation.RequestMappingMessageConversionIntegrationTests" time="0.687"/>
  <testcase name="personTransformWithSingle(HttpServer)[4]" classname="org.springframework.web.reactive.result.method.annotation.RequestMappingMessageConversionIntegrationTests" time="0.257"/>
  <testcase name="personResponseBodyWithMonoResponseEntityXml(HttpServer)[1]" classname="org.springframework.web.reactive.result.method.annotation.RequestMappingMessageConversionIntegrationTests" time="0.187"/>
  <testcase name="personResponseBodyWithMonoResponseEntityXml(HttpServer)[2]" classname="org.springframework.web.reactive.result.method.annotation.RequestMappingMessageConversionIntegrationTests" time="0.095"/>
  <testcase name="personResponseBodyWithMonoResponseEntityXml(HttpServer)[3]" classname="org.springframework.web.reactive.result.method.annotation.RequestMappingMessageConversionIntegrationTests" time="0.399"/>
  <testcase name="personResponseBodyWithMonoResponseEntityXml(HttpServer)[4]" classname="org.springframework.web.reactive.result.method.annotation.RequestMappingMessageConversionIntegrationTests" time="0.112"/>
  <testcase name="byteBufferResponseBodyWithFlux(HttpServer)[1]" classname="org.springframework.web.reactive.result.method.annotation.RequestMappingMessageConversionIntegrationTests" time="0.116"/>
  <testcase name="byteBufferResponseBodyWithFlux(HttpServer)[2]" classname="org.springframework.web.reactive.result.method.annotation.RequestMappingMessageConversionIntegrationTests" time="0.084"/>
  <testcase name="byteBufferResponseBodyWithFlux(HttpServer)[3]" classname="org.springframework.web.reactive.result.method.annotation.RequestMappingMessageConversionIntegrationTests" time="0.285"/>
  <testcase name="byteBufferResponseBodyWithFlux(HttpServer)[4]" classname="org.springframework.web.reactive.result.method.annotation.RequestMappingMessageConversionIntegrationTests" time="0.076"/>
  <testcase name="byteBufferResponseBodyWithMono(HttpServer)[1]" classname="org.springframework.web.reactive.result.method.annotation.RequestMappingMessageConversionIntegrationTests" time="0.065"/>
  <testcase name="byteBufferResponseBodyWithMono(HttpServer)[2]" classname="org.springframework.web.reactive.result.method.annotation.RequestMappingMessageConversionIntegrationTests" time="0.063"/>
  <testcase name="byteBufferResponseBodyWithMono(HttpServer)[3]" classname="org.springframework.web.reactive.result.method.annotation.RequestMappingMessageConversionIntegrationTests" time="0.363"/>
  <testcase name="byteBufferResponseBodyWithMono(HttpServer)[4]" classname="org.springframework.web.reactive.result.method.annotation.RequestMappingMessageConversionIntegrationTests" time="0.091"/>
  <testcase name="personTransformWithFlowable(HttpServer)[1]" classname="org.springframework.web.reactive.result.method.annotation.RequestMappingMessageConversionIntegrationTests" time="0.248"/>
  <testcase name="personTransformWithFlowable(HttpServer)[2]" classname="org.springframework.web.reactive.result.method.annotation.RequestMappingMessageConversionIntegrationTests" time="0.104"/>
  <testcase name="personTransformWithFlowable(HttpServer)[3]" classname="org.springframework.web.reactive.result.method.annotation.RequestMappingMessageConversionIntegrationTests" time="0.273"/>
  <testcase name="personTransformWithFlowable(HttpServer)[4]" classname="org.springframework.web.reactive.result.method.annotation.RequestMappingMessageConversionIntegrationTests" time="0.109"/>
  <testcase name="personCreateWithFluxJson(HttpServer)[1]" classname="org.springframework.web.reactive.result.method.annotation.RequestMappingMessageConversionIntegrationTests" time="0.16"/>
  <testcase name="personCreateWithFluxJson(HttpServer)[2]" classname="org.springframework.web.reactive.result.method.annotation.RequestMappingMessageConversionIntegrationTests" time="0.071"/>
  <testcase name="personCreateWithFluxJson(HttpServer)[3]" classname="org.springframework.web.reactive.result.method.annotation.RequestMappingMessageConversionIntegrationTests" time="0.596"/>
  <testcase name="personCreateWithFluxJson(HttpServer)[4]" classname="org.springframework.web.reactive.result.method.annotation.RequestMappingMessageConversionIntegrationTests" time="0.122"/>
  <testcase name="personCreateWithFlowableXml(HttpServer)[1]" classname="org.springframework.web.reactive.result.method.annotation.RequestMappingMessageConversionIntegrationTests" time="0.215"/>
  <testcase name="personCreateWithFlowableXml(HttpServer)[2]" classname="org.springframework.web.reactive.result.method.annotation.RequestMappingMessageConversionIntegrationTests" time="0.156"/>
  <testcase name="personCreateWithFlowableXml(HttpServer)[3]" classname="org.springframework.web.reactive.result.method.annotation.RequestMappingMessageConversionIntegrationTests" time="0.668"/>
  <testcase name="personCreateWithFlowableXml(HttpServer)[4]" classname="org.springframework.web.reactive.result.method.annotation.RequestMappingMessageConversionIntegrationTests" time="0.318"/>
  <testcase name="resource(HttpServer)[1]" classname="org.springframework.web.reactive.result.method.annotation.RequestMappingMessageConversionIntegrationTests" time="0.49"/>
  <testcase name="resource(HttpServer)[2]" classname="org.springframework.web.reactive.result.method.annotation.RequestMappingMessageConversionIntegrationTests" time="0.098"/>
  <testcase name="resource(HttpServer)[3]" classname="org.springframework.web.reactive.result.method.annotation.RequestMappingMessageConversionIntegrationTests" time="0.273"/>
  <testcase name="resource(HttpServer)[4]" classname="org.springframework.web.reactive.result.method.annotation.RequestMappingMessageConversionIntegrationTests" time="0.078"/>
  <testcase name="personCreateWithFluxXml(HttpServer)[1]" classname="org.springframework.web.reactive.result.method.annotation.RequestMappingMessageConversionIntegrationTests" time="0.068"/>
  <testcase name="personCreateWithFluxXml(HttpServer)[2]" classname="org.springframework.web.reactive.result.method.annotation.RequestMappingMessageConversionIntegrationTests" time="0.073"/>
  <testcase name="personCreateWithFluxXml(HttpServer)[3]" classname="org.springframework.web.reactive.result.method.annotation.RequestMappingMessageConversionIntegrationTests" time="0.258"/>
  <testcase name="personCreateWithFluxXml(HttpServer)[4]" classname="org.springframework.web.reactive.result.method.annotation.RequestMappingMessageConversionIntegrationTests" time="0.1"/>
  <testcase name="personResponseBodyWithMonoResponseEntity(HttpServer)[1]" classname="org.springframework.web.reactive.result.method.annotation.RequestMappingMessageConversionIntegrationTests" time="0.114"/>
  <testcase name="personResponseBodyWithMonoResponseEntity(HttpServer)[2]" classname="org.springframework.web.reactive.result.method.annotation.RequestMappingMessageConversionIntegrationTests" time="0.073"/>
  <testcase name="personResponseBodyWithMonoResponseEntity(HttpServer)[3]" classname="org.springframework.web.reactive.result.method.annotation.RequestMappingMessageConversionIntegrationTests" time="0.245"/>
  <testcase name="personResponseBodyWithMonoResponseEntity(HttpServer)[4]" classname="org.springframework.web.reactive.result.method.annotation.RequestMappingMessageConversionIntegrationTests" time="0.076"/>
  <testcase name="personCreateWithSingle(HttpServer)[1]" classname="org.springframework.web.reactive.result.method.annotation.RequestMappingMessageConversionIntegrationTests" time="0.092"/>
  <testcase name="personCreateWithSingle(HttpServer)[2]" classname="org.springframework.web.reactive.result.method.annotation.RequestMappingMessageConversionIntegrationTests" time="0.091"/>
  <testcase name="personCreateWithSingle(HttpServer)[3]" classname="org.springframework.web.reactive.result.method.annotation.RequestMappingMessageConversionIntegrationTests" time="0.331"/>
  <testcase name="personCreateWithSingle(HttpServer)[4]" classname="org.springframework.web.reactive.result.method.annotation.RequestMappingMessageConversionIntegrationTests" time="0.11"/>
  <testcase name="byteBufferResponseBodyWithObservable(HttpServer)[1]" classname="org.springframework.web.reactive.result.method.annotation.RequestMappingMessageConversionIntegrationTests" time="0.147"/>
  <testcase name="byteBufferResponseBodyWithObservable(HttpServer)[2]" classname="org.springframework.web.reactive.result.method.annotation.RequestMappingMessageConversionIntegrationTests" time="0.074"/>
  <testcase name="byteBufferResponseBodyWithObservable(HttpServer)[3]" classname="org.springframework.web.reactive.result.method.annotation.RequestMappingMessageConversionIntegrationTests" time="0.448"/>
  <testcase name="byteBufferResponseBodyWithObservable(HttpServer)[4]" classname="org.springframework.web.reactive.result.method.annotation.RequestMappingMessageConversionIntegrationTests" time="0.148"/>
  <testcase name="personResponseBodyWithFlux(HttpServer)[1]" classname="org.springframework.web.reactive.result.method.annotation.RequestMappingMessageConversionIntegrationTests" time="0.105"/>
  <testcase name="personResponseBodyWithFlux(HttpServer)[2]" classname="org.springframework.web.reactive.result.method.annotation.RequestMappingMessageConversionIntegrationTests" time="0.164"/>
  <testcase name="personResponseBodyWithFlux(HttpServer)[3]" classname="org.springframework.web.reactive.result.method.annotation.RequestMappingMessageConversionIntegrationTests" time="0.272"/>
  <testcase name="personResponseBodyWithFlux(HttpServer)[4]" classname="org.springframework.web.reactive.result.method.annotation.RequestMappingMessageConversionIntegrationTests" time="0.086"/>
  <testcase name="personResponseBodyWithList(HttpServer)[1]" classname="org.springframework.web.reactive.result.method.annotation.RequestMappingMessageConversionIntegrationTests" time="0.079"/>
  <testcase name="personResponseBodyWithList(HttpServer)[2]" classname="org.springframework.web.reactive.result.method.annotation.RequestMappingMessageConversionIntegrationTests" time="0.072"/>
  <testcase name="personResponseBodyWithList(HttpServer)[3]" classname="org.springframework.web.reactive.result.method.annotation.RequestMappingMessageConversionIntegrationTests" time="0.951"/>
  <testcase name="personResponseBodyWithList(HttpServer)[4]" classname="org.springframework.web.reactive.result.method.annotation.RequestMappingMessageConversionIntegrationTests" time="0.081"/>
  <testcase name="personResponseBodyWithMono(HttpServer)[1]" classname="org.springframework.web.reactive.result.method.annotation.RequestMappingMessageConversionIntegrationTests" time="0.08"/>
  <testcase name="personResponseBodyWithMono(HttpServer)[2]" classname="org.springframework.web.reactive.result.method.annotation.RequestMappingMessageConversionIntegrationTests" time="0.063"/>
  <testcase name="personResponseBodyWithMono(HttpServer)[3]" classname="org.springframework.web.reactive.result.method.annotation.RequestMappingMessageConversionIntegrationTests" time="0.251"/>
  <testcase name="personResponseBodyWithMono(HttpServer)[4]" classname="org.springframework.web.reactive.result.method.annotation.RequestMappingMessageConversionIntegrationTests" time="0.081"/>
  <testcase name="personTransformWithObservable(HttpServer)[1]" classname="org.springframework.web.reactive.result.method.annotation.RequestMappingMessageConversionIntegrationTests" time="0.071"/>
  <testcase name="personTransformWithObservable(HttpServer)[2]" classname="org.springframework.web.reactive.result.method.annotation.RequestMappingMessageConversionIntegrationTests" time="0.064"/>
  <testcase name="personTransformWithObservable(HttpServer)[3]" classname="org.springframework.web.reactive.result.method.annotation.RequestMappingMessageConversionIntegrationTests" time="0.276"/>
  <testcase name="personTransformWithObservable(HttpServer)[4]" classname="org.springframework.web.reactive.result.method.annotation.RequestMappingMessageConversionIntegrationTests" time="0.13"/>
  <testcase name="personCreateWithPublisherJson(HttpServer)[1]" classname="org.springframework.web.reactive.result.method.annotation.RequestMappingMessageConversionIntegrationTests" time="0.062"/>
  <testcase name="personCreateWithPublisherJson(HttpServer)[2]" classname="org.springframework.web.reactive.result.method.annotation.RequestMappingMessageConversionIntegrationTests" time="0.065"/>
  <testcase name="personCreateWithPublisherJson(HttpServer)[3]" classname="org.springframework.web.reactive.result.method.annotation.RequestMappingMessageConversionIntegrationTests" time="0.291"/>
  <testcase name="personCreateWithPublisherJson(HttpServer)[4]" classname="org.springframework.web.reactive.result.method.annotation.RequestMappingMessageConversionIntegrationTests" time="0.093"/>
  <testcase name="personResponseBodyWithEmptyMono(HttpServer)[1]" classname="org.springframework.web.reactive.result.method.annotation.RequestMappingMessageConversionIntegrationTests" time="0.1"/>
  <testcase name="personResponseBodyWithEmptyMono(HttpServer)[2]" classname="org.springframework.web.reactive.result.method.annotation.RequestMappingMessageConversionIntegrationTests" time="0.079"/>
  <testcase name="personResponseBodyWithEmptyMono(HttpServer)[3]" classname="org.springframework.web.reactive.result.method.annotation.RequestMappingMessageConversionIntegrationTests" time="0.39"/>
  <testcase name="personResponseBodyWithEmptyMono(HttpServer)[4]" classname="org.springframework.web.reactive.result.method.annotation.RequestMappingMessageConversionIntegrationTests" time="0.087"/>
  <testcase name="personResponseBodyWithSingle(HttpServer)[1]" classname="org.springframework.web.reactive.result.method.annotation.RequestMappingMessageConversionIntegrationTests" time="0.099"/>
  <testcase name="personResponseBodyWithSingle(HttpServer)[2]" classname="org.springframework.web.reactive.result.method.annotation.RequestMappingMessageConversionIntegrationTests" time="0.088"/>
  <testcase name="personResponseBodyWithSingle(HttpServer)[3]" classname="org.springframework.web.reactive.result.method.annotation.RequestMappingMessageConversionIntegrationTests" time="0.262"/>
  <testcase name="personResponseBodyWithSingle(HttpServer)[4]" classname="org.springframework.web.reactive.result.method.annotation.RequestMappingMessageConversionIntegrationTests" time="0.095"/>
  <testcase name="personCreateViaDefaultMethodWithGenerics(HttpServer)[1]" classname="org.springframework.web.reactive.result.method.annotation.RequestMappingMessageConversionIntegrationTests" time="0.132"/>
  <testcase name="personCreateViaDefaultMethodWithGenerics(HttpServer)[2]" classname="org.springframework.web.reactive.result.method.annotation.RequestMappingMessageConversionIntegrationTests" time="0.077"/>
  <testcase name="personCreateViaDefaultMethodWithGenerics(HttpServer)[3]" classname="org.springframework.web.reactive.result.method.annotation.RequestMappingMessageConversionIntegrationTests" time="0.301"/>
  <testcase name="personCreateViaDefaultMethodWithGenerics(HttpServer)[4]" classname="org.springframework.web.reactive.result.method.annotation.RequestMappingMessageConversionIntegrationTests" time="0.09"/>
  <testcase name="personTransformWithMaybe(HttpServer)[1]" classname="org.springframework.web.reactive.result.method.annotation.RequestMappingMessageConversionIntegrationTests" time="0.072"/>
  <testcase name="personTransformWithMaybe(HttpServer)[2]" classname="org.springframework.web.reactive.result.method.annotation.RequestMappingMessageConversionIntegrationTests" time="0.069"/>
  <testcase name="personTransformWithMaybe(HttpServer)[3]" classname="org.springframework.web.reactive.result.method.annotation.RequestMappingMessageConversionIntegrationTests" time="0.388"/>
  <testcase name="personTransformWithMaybe(HttpServer)[4]" classname="org.springframework.web.reactive.result.method.annotation.RequestMappingMessageConversionIntegrationTests" time="0.088"/>
  <testcase name="personCreateWithFlowableJson(HttpServer)[1]" classname="org.springframework.web.reactive.result.method.annotation.RequestMappingMessageConversionIntegrationTests" time="0.075"/>
  <testcase name="personCreateWithFlowableJson(HttpServer)[2]" classname="org.springframework.web.reactive.result.method.annotation.RequestMappingMessageConversionIntegrationTests" time="0.082"/>
  <testcase name="personCreateWithFlowableJson(HttpServer)[3]" classname="org.springframework.web.reactive.result.method.annotation.RequestMappingMessageConversionIntegrationTests" time="0.245"/>
  <testcase name="personCreateWithFlowableJson(HttpServer)[4]" classname="org.springframework.web.reactive.result.method.annotation.RequestMappingMessageConversionIntegrationTests" time="0.066"/>
  <testcase name="byteBufferResponseBodyWithFlowable(HttpServer)[1]" classname="org.springframework.web.reactive.result.method.annotation.RequestMappingMessageConversionIntegrationTests" time="0.058"/>
  <testcase name="byteBufferResponseBodyWithFlowable(HttpServer)[2]" classname="org.springframework.web.reactive.result.method.annotation.RequestMappingMessageConversionIntegrationTests" time="0.061"/>
  <testcase name="byteBufferResponseBodyWithFlowable(HttpServer)[3]" classname="org.springframework.web.reactive.result.method.annotation.RequestMappingMessageConversionIntegrationTests" time="0.255"/>
  <testcase name="byteBufferResponseBodyWithFlowable(HttpServer)[4]" classname="org.springframework.web.reactive.result.method.annotation.RequestMappingMessageConversionIntegrationTests" time="0.1"/>
  <testcase name="personTransformWithFlux(HttpServer)[1]" classname="org.springframework.web.reactive.result.method.annotation.RequestMappingMessageConversionIntegrationTests" time="0.1"/>
  <testcase name="personTransformWithFlux(HttpServer)[2]" classname="org.springframework.web.reactive.result.method.annotation.RequestMappingMessageConversionIntegrationTests" time="0.082"/>
  <testcase name="personTransformWithFlux(HttpServer)[3]" classname="org.springframework.web.reactive.result.method.annotation.RequestMappingMessageConversionIntegrationTests" time="0.34"/>
  <testcase name="personTransformWithFlux(HttpServer)[4]" classname="org.springframework.web.reactive.result.method.annotation.RequestMappingMessageConversionIntegrationTests" time="0.094"/>
  <testcase name="personTransformWithMono(HttpServer)[1]" classname="org.springframework.web.reactive.result.method.annotation.RequestMappingMessageConversionIntegrationTests" time="0.085"/>
  <testcase name="personTransformWithMono(HttpServer)[2]" classname="org.springframework.web.reactive.result.method.annotation.RequestMappingMessageConversionIntegrationTests" time="0.062"/>
  <testcase name="personTransformWithMono(HttpServer)[3]" classname="org.springframework.web.reactive.result.method.annotation.RequestMappingMessageConversionIntegrationTests" time="0.261"/>
  <testcase name="personTransformWithMono(HttpServer)[4]" classname="org.springframework.web.reactive.result.method.annotation.RequestMappingMessageConversionIntegrationTests" time="0.076"/>
  <testcase name="personTransform(HttpServer)[1]" classname="org.springframework.web.reactive.result.method.annotation.RequestMappingMessageConversionIntegrationTests" time="0.082"/>
  <testcase name="personTransform(HttpServer)[2]" classname="org.springframework.web.reactive.result.method.annotation.RequestMappingMessageConversionIntegrationTests" time="0.145"/>
  <testcase name="personTransform(HttpServer)[3]" classname="org.springframework.web.reactive.result.method.annotation.RequestMappingMessageConversionIntegrationTests" time="0.688"/>
  <testcase name="personTransform(HttpServer)[4]" classname="org.springframework.web.reactive.result.method.annotation.RequestMappingMessageConversionIntegrationTests" time="0.069"/>
  <testcase name="personTransformWithMonoAndXml(HttpServer)[1]" classname="org.springframework.web.reactive.result.method.annotation.RequestMappingMessageConversionIntegrationTests" time="0.19"/>
  <testcase name="personTransformWithMonoAndXml(HttpServer)[2]" classname="org.springframework.web.reactive.result.method.annotation.RequestMappingMessageConversionIntegrationTests" time="0.09"/>
  <testcase name="personTransformWithMonoAndXml(HttpServer)[3]" classname="org.springframework.web.reactive.result.method.annotation.RequestMappingMessageConversionIntegrationTests" time="0.314"/>
  <testcase name="personTransformWithMonoAndXml(HttpServer)[4]" classname="org.springframework.web.reactive.result.method.annotation.RequestMappingMessageConversionIntegrationTests" time="0.135"/>
  <testcase name="personResponseBodyWithObservable(HttpServer)[1]" classname="org.springframework.web.reactive.result.method.annotation.RequestMappingMessageConversionIntegrationTests" time="0.091"/>
  <testcase name="personResponseBodyWithObservable(HttpServer)[2]" classname="org.springframework.web.reactive.result.method.annotation.RequestMappingMessageConversionIntegrationTests" time="0.104"/>
  <testcase name="personResponseBodyWithObservable(HttpServer)[3]" classname="org.springframework.web.reactive.result.method.annotation.RequestMappingMessageConversionIntegrationTests" time="0.562"/>
  <testcase name="personResponseBodyWithObservable(HttpServer)[4]" classname="org.springframework.web.reactive.result.method.annotation.RequestMappingMessageConversionIntegrationTests" time="0.186"/>
  <testcase name="personTransformWithPublisher(HttpServer)[1]" classname="org.springframework.web.reactive.result.method.annotation.RequestMappingMessageConversionIntegrationTests" time="0.228"/>
  <testcase name="personTransformWithPublisher(HttpServer)[2]" classname="org.springframework.web.reactive.result.method.annotation.RequestMappingMessageConversionIntegrationTests" time="0.25"/>
  <testcase name="personTransformWithPublisher(HttpServer)[3]" classname="org.springframework.web.reactive.result.method.annotation.RequestMappingMessageConversionIntegrationTests" time="0.719"/>
  <testcase name="personTransformWithPublisher(HttpServer)[4]" classname="org.springframework.web.reactive.result.method.annotation.RequestMappingMessageConversionIntegrationTests" time="0.218"/>
  <testcase name="personCreateWithObservableJson(HttpServer)[1]" classname="org.springframework.web.reactive.result.method.annotation.RequestMappingMessageConversionIntegrationTests" time="0.292"/>
  <testcase name="personCreateWithObservableJson(HttpServer)[2]" classname="org.springframework.web.reactive.result.method.annotation.RequestMappingMessageConversionIntegrationTests" time="0.431"/>
  <testcase name="personCreateWithObservableJson(HttpServer)[3]" classname="org.springframework.web.reactive.result.method.annotation.RequestMappingMessageConversionIntegrationTests" time="0.958"/>
  <testcase name="personCreateWithObservableJson(HttpServer)[4]" classname="org.springframework.web.reactive.result.method.annotation.RequestMappingMessageConversionIntegrationTests" time="0.168"/>
  <testcase name="personCreateWithMono(HttpServer)[1]" classname="org.springframework.web.reactive.result.method.annotation.RequestMappingMessageConversionIntegrationTests" time="0.152"/>
  <testcase name="personCreateWithMono(HttpServer)[2]" classname="org.springframework.web.reactive.result.method.annotation.RequestMappingMessageConversionIntegrationTests" time="0.19"/>
  <testcase name="personCreateWithMono(HttpServer)[3]" classname="org.springframework.web.reactive.result.method.annotation.RequestMappingMessageConversionIntegrationTests" time="0.647"/>
  <testcase name="personCreateWithMono(HttpServer)[4]" classname="org.springframework.web.reactive.result.method.annotation.RequestMappingMessageConversionIntegrationTests" time="0.307"/>
  <testcase name="personResponseBody(HttpServer)[1]" classname="org.springframework.web.reactive.result.method.annotation.RequestMappingMessageConversionIntegrationTests" time="0.211"/>
  <testcase name="personResponseBody(HttpServer)[2]" classname="org.springframework.web.reactive.result.method.annotation.RequestMappingMessageConversionIntegrationTests" time="0.146"/>
  <testcase name="personResponseBody(HttpServer)[3]" classname="org.springframework.web.reactive.result.method.annotation.RequestMappingMessageConversionIntegrationTests" time="0.366"/>
  <testcase name="personResponseBody(HttpServer)[4]" classname="org.springframework.web.reactive.result.method.annotation.RequestMappingMessageConversionIntegrationTests" time="0.223"/>
  <system-out><![CDATA[03:15:05.102 [Test worker] DEBUG o.s.w.r.r.m.a.RequestMappingHandlerMapping - 34 mappings in 'requestMappingHandlerMapping'
03:15:05.131 [Test worker] DEBUG o.s.w.r.r.m.a.ControllerMethodResolver - ControllerAdvice beans: none
03:15:05.144 [Test worker] DEBUG o.s.w.s.a.HttpWebHandlerAdapter - enableLoggingRequestDetails='false': form data and headers will be masked to prevent unsafe logging of potentially sensitive data
03:15:05.145 [Test worker] WARN  o.e.j.s.h.ContextHandler - Empty contextPath
03:15:05.145 [Test worker] INFO  o.e.j.s.h.ContextHandler - Started o.e.j.s.ServletContextHandler@3ba248bb{/,null,AVAILABLE}
03:15:05.145 [Test worker] DEBUG o.s.w.t.h.s.r.b.JettyHttpServer - Starting JettyHttpServer...
03:15:05.146 [Test worker] INFO  o.e.j.s.Server - jetty-9.4.31.v20200723; built: 2020-07-23T17:57:36.812Z; git: 450ba27947e13e66baa8cd1ce7e85a4461cacc1d; jvm 1.8.0_261-b12
03:15:05.151 [Test worker] INFO  o.e.j.s.AbstractConnector - Started ServerConnector@6bd0808f{HTTP/1.1, (http/1.1)}{0.0.0.0:62544}
03:15:05.151 [Test worker] INFO  o.e.j.s.Server - Started @136762ms
03:15:05.151 [Test worker] DEBUG o.s.w.t.h.s.r.b.JettyHttpServer - Server started on port 62544(0 millis).
03:15:05.151 [Test worker] DEBUG o.s.w.c.RestTemplate - HTTP GET http://localhost:62544/person-response/mono-declared-as-object
03:15:05.153 [Test worker] DEBUG o.s.w.c.RestTemplate - Accept=[application/xml, text/xml, application/json, application/x-jackson-smile, application/*+xml, application/*+json]
03:15:05.155 [qtp1048383483-1307] DEBUG o.s.w.s.a.HttpWebHandlerAdapter - [611235ec] HTTP GET "/person-response/mono-declared-as-object"
03:15:05.155 [qtp1048383483-1307] DEBUG o.s.w.r.r.m.a.RequestMappingHandlerMapping - [611235ec] Mapped to org.springframework.web.reactive.result.method.annotation.RequestMappingMessageConversionIntegrationTests$PersonResponseBodyController#getMonoDeclaredAsObject()
03:15:05.156 [qtp1048383483-1307] DEBUG o.s.w.r.r.m.a.ResponseBodyResultHandler - Using 'application/json' given [application/json] and supported [application/json, application/*+json, application/x-ndjson, application/x-jackson-smile, application/*+x-jackson-smile, text/event-stream]
03:15:05.156 [qtp1048383483-1307] DEBUG o.s.w.r.r.m.a.ResponseBodyResultHandler - [611235ec] 0..1 [java.lang.Object]
03:15:05.156 [qtp1048383483-1307] DEBUG o.s.h.c.j.Jackson2JsonEncoder - [611235ec] Encoding [Person{name='Robert'}]
03:15:05.159 [Test worker] DEBUG o.s.w.c.RestTemplate - Response 200 OK
03:15:05.159 [qtp1048383483-1307] DEBUG o.s.w.s.a.HttpWebHandlerAdapter - [611235ec] Completed 200 OK
03:15:05.159 [Test worker] DEBUG o.s.w.c.RestTemplate - Reading to [org.springframework.web.reactive.result.method.annotation.RequestMappingMessageConversionIntegrationTests$Person]
03:15:05.160 [Test worker] DEBUG o.s.w.t.h.s.r.b.JettyHttpServer - Stopping JettyHttpServer...
03:15:05.160 [Test worker] INFO  o.e.j.s.h.ContextHandler - Stopped o.e.j.s.ServletContextHandler@3ba248bb{/,null,UNAVAILABLE}
03:15:05.162 [Test worker] INFO  o.e.j.s.AbstractConnector - Stopped ServerConnector@6bd0808f{HTTP/1.1, (http/1.1)}{0.0.0.0:0}
03:15:05.162 [Test worker] DEBUG o.s.w.t.h.s.r.b.JettyHttpServer - Server stopped (0 millis).
03:15:05.199 [Test worker] DEBUG o.s.w.r.r.m.a.RequestMappingHandlerMapping - 34 mappings in 'requestMappingHandlerMapping'
03:15:05.232 [Test worker] DEBUG o.s.w.r.r.m.a.ControllerMethodResolver - ControllerAdvice beans: none
03:15:05.282 [Test worker] DEBUG o.s.w.s.a.HttpWebHandlerAdapter - enableLoggingRequestDetails='false': form data and headers will be masked to prevent unsafe logging of potentially sensitive data
03:15:05.282 [Test worker] DEBUG o.s.w.t.h.s.r.b.ReactorHttpServer - Starting ReactorHttpServer...
03:15:05.284 [Test worker] DEBUG o.s.w.t.h.s.r.b.ReactorHttpServer - Server started on port 62550(0 millis).
03:15:05.284 [Test worker] DEBUG o.s.w.c.RestTemplate - HTTP GET http://localhost:62550/person-response/mono-declared-as-object
03:15:05.286 [Test worker] DEBUG o.s.w.c.RestTemplate - Accept=[application/xml, text/xml, application/json, application/x-jackson-smile, application/*+xml, application/*+json]
03:15:05.291 [reactor-http-nio-4] DEBUG o.s.w.s.a.HttpWebHandlerAdapter - [680c25a1-34] HTTP GET "/person-response/mono-declared-as-object"
03:15:05.291 [reactor-http-nio-4] DEBUG o.s.w.r.r.m.a.RequestMappingHandlerMapping - [680c25a1-34] Mapped to org.springframework.web.reactive.result.method.annotation.RequestMappingMessageConversionIntegrationTests$PersonResponseBodyController#getMonoDeclaredAsObject()
03:15:05.292 [reactor-http-nio-4] DEBUG o.s.w.r.r.m.a.ResponseBodyResultHandler - Using 'application/json' given [application/json] and supported [application/json, application/*+json, application/x-ndjson, application/x-jackson-smile, application/*+x-jackson-smile, text/event-stream]
03:15:05.292 [reactor-http-nio-4] DEBUG o.s.w.r.r.m.a.ResponseBodyResultHandler - [680c25a1-34] 0..1 [java.lang.Object]
03:15:05.292 [reactor-http-nio-4] DEBUG o.s.h.c.j.Jackson2JsonEncoder - [680c25a1-34] Encoding [Person{name='Robert'}]
03:15:05.295 [reactor-http-nio-4] DEBUG o.s.w.s.a.HttpWebHandlerAdapter - [680c25a1-34] Completed 200 OK
03:15:05.295 [Test worker] DEBUG o.s.w.c.RestTemplate - Response 200 OK
03:15:05.295 [Test worker] DEBUG o.s.w.c.RestTemplate - Reading to [org.springframework.web.reactive.result.method.annotation.RequestMappingMessageConversionIntegrationTests$Person]
03:15:05.296 [Test worker] DEBUG o.s.w.t.h.s.r.b.ReactorHttpServer - Stopping ReactorHttpServer...
03:15:05.296 [Test worker] DEBUG o.s.w.t.h.s.r.b.ReactorHttpServer - Server stopped (0 millis).
03:15:05.359 [Test worker] DEBUG o.s.w.r.r.m.a.RequestMappingHandlerMapping - 34 mappings in 'requestMappingHandlerMapping'
03:15:05.377 [Test worker] DEBUG o.s.w.r.r.m.a.ControllerMethodResolver - ControllerAdvice beans: none
03:15:05.391 [Test worker] DEBUG o.s.w.s.a.HttpWebHandlerAdapter - enableLoggingRequestDetails='false': form data and headers will be masked to prevent unsafe logging of potentially sensitive data
03:15:05.392 [Test worker] DEBUG o.s.w.t.h.s.r.b.TomcatHttpServer - Starting TomcatHttpServer...
03:15:05.401 [Test worker] DEBUG o.s.w.t.h.s.r.b.TomcatHttpServer - Server started on port 62552(0 millis).
03:15:05.401 [Test worker] DEBUG o.s.w.c.RestTemplate - HTTP GET http://localhost:62552/person-response/mono-declared-as-object
03:15:05.402 [Test worker] DEBUG o.s.w.c.RestTemplate - Accept=[application/xml, text/xml, application/json, application/x-jackson-smile, application/*+xml, application/*+json]
03:15:05.406 [http-nio-auto-32-exec-1] DEBUG o.s.w.s.a.HttpWebHandlerAdapter - [41be94cf] HTTP GET "/person-response/mono-declared-as-object"
03:15:05.407 [http-nio-auto-32-exec-1] DEBUG o.s.w.r.r.m.a.RequestMappingHandlerMapping - [41be94cf] Mapped to org.springframework.web.reactive.result.method.annotation.RequestMappingMessageConversionIntegrationTests$PersonResponseBodyController#getMonoDeclaredAsObject()
03:15:05.408 [http-nio-auto-32-exec-1] DEBUG o.s.w.r.r.m.a.ResponseBodyResultHandler - Using 'application/json' given [application/json] and supported [application/json, application/*+json, application/x-ndjson, application/x-jackson-smile, application/*+x-jackson-smile, text/event-stream]
03:15:05.408 [http-nio-auto-32-exec-1] DEBUG o.s.w.r.r.m.a.ResponseBodyResultHandler - [41be94cf] 0..1 [java.lang.Object]
03:15:05.408 [http-nio-auto-32-exec-1] DEBUG o.s.h.c.j.Jackson2JsonEncoder - [41be94cf] Encoding [Person{name='Robert'}]
03:15:05.409 [http-nio-auto-32-exec-1] DEBUG o.s.w.s.a.HttpWebHandlerAdapter - [41be94cf] Completed 200 OK
03:15:05.409 [Test worker] DEBUG o.s.w.c.RestTemplate - Response 200 OK
03:15:05.409 [Test worker] DEBUG o.s.w.c.RestTemplate - Reading to [org.springframework.web.reactive.result.method.annotation.RequestMappingMessageConversionIntegrationTests$Person]
03:15:05.411 [Test worker] DEBUG o.s.w.t.h.s.r.b.TomcatHttpServer - Stopping TomcatHttpServer...
03:15:05.730 [Test worker] DEBUG o.s.w.t.h.s.r.b.TomcatHttpServer - Server stopped (0 millis).
03:15:05.904 [Test worker] DEBUG o.s.w.r.r.m.a.RequestMappingHandlerMapping - 34 mappings in 'requestMappingHandlerMapping'
03:15:06.005 [Test worker] DEBUG o.s.w.r.r.m.a.ControllerMethodResolver - ControllerAdvice beans: none
03:15:06.158 [Test worker] DEBUG o.s.w.s.a.HttpWebHandlerAdapter - enableLoggingRequestDetails='false': form data and headers will be masked to prevent unsafe logging of potentially sensitive data
03:15:06.158 [Test worker] DEBUG o.s.w.t.h.s.r.b.UndertowHttpServer - Starting UndertowHttpServer...
03:15:06.158 [Test worker] INFO  i.undertow - starting server: Undertow - 2.1.3.Final
03:15:06.190 [Test worker] DEBUG o.s.w.t.h.s.r.b.UndertowHttpServer - Server started on port 62569(0 millis).
03:15:06.192 [Test worker] DEBUG o.s.w.c.RestTemplate - HTTP GET http://localhost:62569/person-response/mono-declared-as-object
03:15:06.209 [Test worker] DEBUG o.s.w.c.RestTemplate - Accept=[application/xml, text/xml, application/json, application/x-jackson-smile, application/*+xml, application/*+json]
03:15:06.220 [XNIO-31 I/O-2] DEBUG o.s.w.s.a.HttpWebHandlerAdapter - [6d9b61a2] HTTP GET "/person-response/mono-declared-as-object"
03:15:06.221 [XNIO-31 I/O-2] DEBUG o.s.w.r.r.m.a.RequestMappingHandlerMapping - [6d9b61a2] Mapped to org.springframework.web.reactive.result.method.annotation.RequestMappingMessageConversionIntegrationTests$PersonResponseBodyController#getMonoDeclaredAsObject()
03:15:06.222 [XNIO-31 I/O-2] DEBUG o.s.w.r.r.m.a.ResponseBodyResultHandler - Using 'application/json' given [application/json] and supported [application/json, application/*+json, application/x-ndjson, application/x-jackson-smile, application/*+x-jackson-smile, text/event-stream]
03:15:06.222 [XNIO-31 I/O-2] DEBUG o.s.w.r.r.m.a.ResponseBodyResultHandler - [6d9b61a2] 0..1 [java.lang.Object]
03:15:06.223 [XNIO-31 I/O-2] DEBUG o.s.h.c.j.Jackson2JsonEncoder - [6d9b61a2] Encoding [Person{name='Robert'}]
03:15:06.224 [XNIO-31 I/O-2] DEBUG o.s.w.s.a.HttpWebHandlerAdapter - [6d9b61a2] Completed 200 OK
03:15:06.225 [Test worker] DEBUG o.s.w.c.RestTemplate - Response 200 OK
03:15:06.225 [Test worker] DEBUG o.s.w.c.RestTemplate - Reading to [org.springframework.web.reactive.result.method.annotation.RequestMappingMessageConversionIntegrationTests$Person]
03:15:06.225 [Test worker] DEBUG o.s.w.t.h.s.r.b.UndertowHttpServer - Stopping UndertowHttpServer...
03:15:06.225 [Test worker] INFO  i.undertow - stopping server: Undertow - 2.1.3.Final
03:15:06.231 [Test worker] DEBUG o.s.w.t.h.s.r.b.UndertowHttpServer - Server stopped (0 millis).
03:15:06.683 [Test worker] DEBUG o.s.w.r.r.m.a.RequestMappingHandlerMapping - 34 mappings in 'requestMappingHandlerMapping'
03:15:06.781 [Test worker] DEBUG o.s.w.r.r.m.a.ControllerMethodResolver - ControllerAdvice beans: none
03:15:06.810 [Test worker] DEBUG o.s.w.s.a.HttpWebHandlerAdapter - enableLoggingRequestDetails='false': form data and headers will be masked to prevent unsafe logging of potentially sensitive data
03:15:06.810 [Test worker] WARN  o.e.j.s.h.ContextHandler - Empty contextPath
03:15:06.811 [Test worker] INFO  o.e.j.s.h.ContextHandler - Started o.e.j.s.ServletContextHandler@7fae4389{/,null,AVAILABLE}
03:15:06.815 [Test worker] DEBUG o.s.w.t.h.s.r.b.JettyHttpServer - Starting JettyHttpServer...
03:15:06.819 [Test worker] INFO  o.e.j.s.Server - jetty-9.4.31.v20200723; built: 2020-07-23T17:57:36.812Z; git: 450ba27947e13e66baa8cd1ce7e85a4461cacc1d; jvm 1.8.0_261-b12
03:15:07.232 [Test worker] INFO  o.e.j.s.AbstractConnector - Started ServerConnector@199e8cfe{HTTP/1.1, (http/1.1)}{0.0.0.0:62571}
03:15:07.232 [Test worker] INFO  o.e.j.s.Server - Started @138843ms
03:15:07.232 [Test worker] DEBUG o.s.w.t.h.s.r.b.JettyHttpServer - Server started on port 62571(0 millis).
03:15:07.232 [Test worker] DEBUG o.s.w.c.RestTemplate - HTTP GET http://localhost:62571/raw-response/publisher
03:15:07.237 [Test worker] DEBUG o.s.w.c.RestTemplate - Accept=[application/xml, text/xml, application/json, application/x-jackson-smile, application/*+xml, application/*+json]
03:15:07.305 [qtp291301052-1348] DEBUG o.s.w.s.a.HttpWebHandlerAdapter - [47a106f] HTTP GET "/raw-response/publisher"
03:15:07.305 [qtp291301052-1348] DEBUG o.s.w.r.r.m.a.RequestMappingHandlerMapping - [47a106f] Mapped to org.springframework.web.reactive.result.method.annotation.RequestMappingMessageConversionIntegrationTests$RawResponseBodyController#getPublisher()
03:15:07.326 [qtp291301052-1348] DEBUG o.s.w.r.r.m.a.ResponseBodyResultHandler - Using 'application/json' given [application/json] and supported [*/*, application/json, application/*+json, application/x-ndjson, application/x-jackson-smile, application/*+x-jackson-smile, text/event-stream]
03:15:07.326 [qtp291301052-1348] DEBUG o.s.w.r.r.m.a.ResponseBodyResultHandler - [47a106f] 0..N [java.nio.ByteBuffer]
03:15:07.327 [qtp291301052-1348] DEBUG o.s.h.c.j.Jackson2JsonEncoder - Encoding [Person{name='Robert'}]
03:15:07.328 [qtp291301052-1348] DEBUG o.s.c.c.ByteBufferEncoder - [47a106f] Writing 17 bytes
03:15:07.329 [Test worker] DEBUG o.s.w.c.RestTemplate - Response 200 OK
03:15:07.329 [Test worker] DEBUG o.s.w.c.RestTemplate - Reading to [org.springframework.web.reactive.result.method.annotation.RequestMappingMessageConversionIntegrationTests$Person]
03:15:07.330 [Test worker] DEBUG o.s.w.t.h.s.r.b.JettyHttpServer - Stopping JettyHttpServer...
03:15:07.330 [Test worker] INFO  o.e.j.s.h.ContextHandler - Stopped o.e.j.s.ServletContextHandler@7fae4389{/,null,UNAVAILABLE}
03:15:07.330 [qtp291301052-1348] DEBUG o.s.w.s.a.HttpWebHandlerAdapter - [47a106f] Completed 200 OK
03:15:07.621 [Test worker] INFO  o.e.j.s.AbstractConnector - Stopped ServerConnector@199e8cfe{HTTP/1.1, (http/1.1)}{0.0.0.0:0}
03:15:07.635 [Test worker] DEBUG o.s.w.t.h.s.r.b.JettyHttpServer - Server stopped (0 millis).
03:15:07.862 [Test worker] DEBUG o.s.w.r.r.m.a.RequestMappingHandlerMapping - 34 mappings in 'requestMappingHandlerMapping'
03:15:07.925 [Test worker] DEBUG o.s.w.r.r.m.a.ControllerMethodResolver - ControllerAdvice beans: none
03:15:08.017 [Test worker] DEBUG o.s.w.s.a.HttpWebHandlerAdapter - enableLoggingRequestDetails='false': form data and headers will be masked to prevent unsafe logging of potentially sensitive data
03:15:08.017 [Test worker] DEBUG o.s.w.t.h.s.r.b.ReactorHttpServer - Starting ReactorHttpServer...
03:15:08.019 [Test worker] DEBUG o.s.w.t.h.s.r.b.ReactorHttpServer - Server started on port 62577(0 millis).
03:15:08.020 [Test worker] DEBUG o.s.w.c.RestTemplate - HTTP GET http://localhost:62577/raw-response/publisher
03:15:08.031 [Test worker] DEBUG o.s.w.c.RestTemplate - Accept=[application/xml, text/xml, application/json, application/x-jackson-smile, application/*+xml, application/*+json]
03:15:08.060 [reactor-http-nio-2] DEBUG o.s.w.s.a.HttpWebHandlerAdapter - [3c568b6e-35] HTTP GET "/raw-response/publisher"
03:15:08.060 [reactor-http-nio-2] DEBUG o.s.w.r.r.m.a.RequestMappingHandlerMapping - [3c568b6e-35] Mapped to org.springframework.web.reactive.result.method.annotation.RequestMappingMessageConversionIntegrationTests$RawResponseBodyController#getPublisher()
03:15:08.199 [reactor-http-nio-2] DEBUG o.s.w.r.r.m.a.ResponseBodyResultHandler - Using 'application/json' given [application/json] and supported [*/*, application/json, application/*+json, application/x-ndjson, application/x-jackson-smile, application/*+x-jackson-smile, text/event-stream]
03:15:08.199 [reactor-http-nio-2] DEBUG o.s.w.r.r.m.a.ResponseBodyResultHandler - [3c568b6e-35] 0..N [java.nio.ByteBuffer]
03:15:08.199 [reactor-http-nio-2] DEBUG o.s.h.c.j.Jackson2JsonEncoder - Encoding [Person{name='Robert'}]
03:15:08.203 [reactor-http-nio-2] DEBUG o.s.c.c.ByteBufferEncoder - [3c568b6e-35] Writing 17 bytes
03:15:08.204 [Test worker] DEBUG o.s.w.c.RestTemplate - Response 200 OK
03:15:08.205 [Test worker] DEBUG o.s.w.c.RestTemplate - Reading to [org.springframework.web.reactive.result.method.annotation.RequestMappingMessageConversionIntegrationTests$Person]
03:15:08.207 [Test worker] DEBUG o.s.w.t.h.s.r.b.ReactorHttpServer - Stopping ReactorHttpServer...
03:15:08.208 [Test worker] DEBUG o.s.w.t.h.s.r.b.ReactorHttpServer - Server stopped (0 millis).
03:15:08.209 [reactor-http-nio-2] DEBUG o.s.w.s.a.HttpWebHandlerAdapter - [3c568b6e-35] Completed 200 OK
03:15:08.339 [Test worker] DEBUG o.s.w.r.r.m.a.RequestMappingHandlerMapping - 34 mappings in 'requestMappingHandlerMapping'
03:15:08.390 [Test worker] DEBUG o.s.w.r.r.m.a.ControllerMethodResolver - ControllerAdvice beans: none
03:15:08.415 [Test worker] DEBUG o.s.w.s.a.HttpWebHandlerAdapter - enableLoggingRequestDetails='false': form data and headers will be masked to prevent unsafe logging of potentially sensitive data
03:15:08.416 [Test worker] DEBUG o.s.w.t.h.s.r.b.TomcatHttpServer - Starting TomcatHttpServer...
03:15:08.440 [Test worker] DEBUG o.s.w.t.h.s.r.b.TomcatHttpServer - Server started on port 62579(0 millis).
03:15:08.440 [Test worker] DEBUG o.s.w.c.RestTemplate - HTTP GET http://localhost:62579/raw-response/publisher
03:15:08.441 [Test worker] DEBUG o.s.w.c.RestTemplate - Accept=[application/xml, text/xml, application/json, application/x-jackson-smile, application/*+xml, application/*+json]
03:15:08.450 [http-nio-auto-33-exec-1] DEBUG o.s.w.s.a.HttpWebHandlerAdapter - [4877f515] HTTP GET "/raw-response/publisher"
03:15:08.450 [http-nio-auto-33-exec-1] DEBUG o.s.w.r.r.m.a.RequestMappingHandlerMapping - [4877f515] Mapped to org.springframework.web.reactive.result.method.annotation.RequestMappingMessageConversionIntegrationTests$RawResponseBodyController#getPublisher()
03:15:08.456 [http-nio-auto-33-exec-1] DEBUG o.s.w.r.r.m.a.ResponseBodyResultHandler - Using 'application/json' given [application/json] and supported [*/*, application/json, application/*+json, application/x-ndjson, application/x-jackson-smile, application/*+x-jackson-smile, text/event-stream]
03:15:08.456 [http-nio-auto-33-exec-1] DEBUG o.s.w.r.r.m.a.ResponseBodyResultHandler - [4877f515] 0..N [java.nio.ByteBuffer]
03:15:08.456 [http-nio-auto-33-exec-1] DEBUG o.s.h.c.j.Jackson2JsonEncoder - Encoding [Person{name='Robert'}]
03:15:08.457 [http-nio-auto-33-exec-1] DEBUG o.s.c.c.ByteBufferEncoder - [4877f515] Writing 17 bytes
03:15:08.458 [http-nio-auto-33-exec-1] DEBUG o.s.w.s.a.HttpWebHandlerAdapter - [4877f515] Completed 200 OK
03:15:08.458 [Test worker] DEBUG o.s.w.c.RestTemplate - Response 200 OK
03:15:08.458 [Test worker] DEBUG o.s.w.c.RestTemplate - Reading to [org.springframework.web.reactive.result.method.annotation.RequestMappingMessageConversionIntegrationTests$Person]
03:15:08.459 [Test worker] DEBUG o.s.w.t.h.s.r.b.TomcatHttpServer - Stopping TomcatHttpServer...
03:15:09.224 [Test worker] DEBUG o.s.w.t.h.s.r.b.TomcatHttpServer - Server stopped (0 millis).
03:15:09.357 [Test worker] DEBUG o.s.w.r.r.m.a.RequestMappingHandlerMapping - 34 mappings in 'requestMappingHandlerMapping'
03:15:09.407 [Test worker] DEBUG o.s.w.r.r.m.a.ControllerMethodResolver - ControllerAdvice beans: none
03:15:09.485 [Test worker] DEBUG o.s.w.s.a.HttpWebHandlerAdapter - enableLoggingRequestDetails='false': form data and headers will be masked to prevent unsafe logging of potentially sensitive data
03:15:09.485 [Test worker] DEBUG o.s.w.t.h.s.r.b.UndertowHttpServer - Starting UndertowHttpServer...
03:15:09.485 [Test worker] INFO  i.undertow - starting server: Undertow - 2.1.3.Final
03:15:09.497 [Test worker] DEBUG o.s.w.t.h.s.r.b.UndertowHttpServer - Server started on port 62598(0 millis).
03:15:09.497 [Test worker] DEBUG o.s.w.c.RestTemplate - HTTP GET http://localhost:62598/raw-response/publisher
03:15:09.511 [Test worker] DEBUG o.s.w.c.RestTemplate - Accept=[application/xml, text/xml, application/json, application/x-jackson-smile, application/*+xml, application/*+json]
03:15:09.540 [XNIO-32 I/O-1] DEBUG o.s.w.s.a.HttpWebHandlerAdapter - [301cf1f0] HTTP GET "/raw-response/publisher"
03:15:09.540 [XNIO-32 I/O-1] DEBUG o.s.w.r.r.m.a.RequestMappingHandlerMapping - [301cf1f0] Mapped to org.springframework.web.reactive.result.method.annotation.RequestMappingMessageConversionIntegrationTests$RawResponseBodyController#getPublisher()
03:15:09.546 [XNIO-32 I/O-1] DEBUG o.s.w.r.r.m.a.ResponseBodyResultHandler - Using 'application/json' given [application/json] and supported [*/*, application/json, application/*+json, application/x-ndjson, application/x-jackson-smile, application/*+x-jackson-smile, text/event-stream]
03:15:09.547 [XNIO-32 I/O-1] DEBUG o.s.w.r.r.m.a.ResponseBodyResultHandler - [301cf1f0] 0..N [java.nio.ByteBuffer]
03:15:09.547 [XNIO-32 I/O-1] DEBUG o.s.h.c.j.Jackson2JsonEncoder - Encoding [Person{name='Robert'}]
03:15:09.547 [XNIO-32 I/O-1] DEBUG o.s.c.c.ByteBufferEncoder - [301cf1f0] Writing 17 bytes
03:15:09.548 [XNIO-32 I/O-1] DEBUG o.s.w.s.a.HttpWebHandlerAdapter - [301cf1f0] Completed 200 OK
03:15:09.548 [Test worker] DEBUG o.s.w.c.RestTemplate - Response 200 OK
03:15:09.549 [Test worker] DEBUG o.s.w.c.RestTemplate - Reading to [org.springframework.web.reactive.result.method.annotation.RequestMappingMessageConversionIntegrationTests$Person]
03:15:09.549 [Test worker] DEBUG o.s.w.t.h.s.r.b.UndertowHttpServer - Stopping UndertowHttpServer...
03:15:09.549 [Test worker] INFO  i.undertow - stopping server: Undertow - 2.1.3.Final
03:15:09.553 [Test worker] DEBUG o.s.w.t.h.s.r.b.UndertowHttpServer - Server stopped (0 millis).
03:15:09.634 [Test worker] DEBUG o.s.w.r.r.m.a.RequestMappingHandlerMapping - 34 mappings in 'requestMappingHandlerMapping'
03:15:09.667 [Test worker] DEBUG o.s.w.r.r.m.a.ControllerMethodResolver - ControllerAdvice beans: none
03:15:09.688 [Test worker] DEBUG o.s.w.s.a.HttpWebHandlerAdapter - enableLoggingRequestDetails='false': form data and headers will be masked to prevent unsafe logging of potentially sensitive data
03:15:09.689 [Test worker] WARN  o.e.j.s.h.ContextHandler - Empty contextPath
03:15:09.692 [Test worker] INFO  o.e.j.s.h.ContextHandler - Started o.e.j.s.ServletContextHandler@377142e6{/,null,AVAILABLE}
03:15:09.692 [Test worker] DEBUG o.s.w.t.h.s.r.b.JettyHttpServer - Starting JettyHttpServer...
03:15:09.692 [Test worker] INFO  o.e.j.s.Server - jetty-9.4.31.v20200723; built: 2020-07-23T17:57:36.812Z; git: 450ba27947e13e66baa8cd1ce7e85a4461cacc1d; jvm 1.8.0_261-b12
03:15:09.699 [Test worker] INFO  o.e.j.s.AbstractConnector - Started ServerConnector@1e40c649{HTTP/1.1, (http/1.1)}{0.0.0.0:62600}
03:15:09.699 [Test worker] INFO  o.e.j.s.Server - Started @141311ms
03:15:09.699 [Test worker] DEBUG o.s.w.t.h.s.r.b.JettyHttpServer - Server started on port 62600(0 millis).
03:15:09.699 [Test worker] DEBUG o.s.w.c.RestTemplate - HTTP GET http://localhost:62600/person-response/completable-future
03:15:09.701 [Test worker] DEBUG o.s.w.c.RestTemplate - Accept=[application/xml, text/xml, application/json, application/x-jackson-smile, application/*+xml, application/*+json]
03:15:09.706 [qtp564804404-1388] DEBUG o.s.w.s.a.HttpWebHandlerAdapter - [4bd5c255] HTTP GET "/person-response/completable-future"
03:15:09.706 [qtp564804404-1388] DEBUG o.s.w.r.r.m.a.RequestMappingHandlerMapping - [4bd5c255] Mapped to org.springframework.web.reactive.result.method.annotation.RequestMappingMessageConversionIntegrationTests$PersonResponseBodyController#getCompletableFuture()
03:15:09.709 [qtp564804404-1388] DEBUG o.s.w.r.r.m.a.ResponseBodyResultHandler - Using 'application/json' given [application/json] and supported [application/json, application/*+json, application/x-ndjson, application/x-jackson-smile, application/*+x-jackson-smile, application/xml, text/xml, text/event-stream]
03:15:09.709 [qtp564804404-1388] DEBUG o.s.w.r.r.m.a.ResponseBodyResultHandler - [4bd5c255] 0..1 [org.springframework.web.reactive.result.method.annotation.RequestMappingMessageConversionIntegrationTests$Person]
03:15:09.710 [qtp564804404-1388] DEBUG o.s.h.c.j.Jackson2JsonEncoder - [4bd5c255] Encoding [Person{name='Robert'}]
03:15:09.711 [Test worker] DEBUG o.s.w.c.RestTemplate - Response 200 OK
03:15:09.712 [qtp564804404-1388] DEBUG o.s.w.s.a.HttpWebHandlerAdapter - [4bd5c255] Completed 200 OK
03:15:09.713 [Test worker] DEBUG o.s.w.c.RestTemplate - Reading to [org.springframework.web.reactive.result.method.annotation.RequestMappingMessageConversionIntegrationTests$Person]
03:15:09.714 [Test worker] DEBUG o.s.w.t.h.s.r.b.JettyHttpServer - Stopping JettyHttpServer...
03:15:09.714 [Test worker] INFO  o.e.j.s.h.ContextHandler - Stopped o.e.j.s.ServletContextHandler@377142e6{/,null,UNAVAILABLE}
03:15:09.718 [Test worker] INFO  o.e.j.s.AbstractConnector - Stopped ServerConnector@1e40c649{HTTP/1.1, (http/1.1)}{0.0.0.0:0}
03:15:09.720 [Test worker] DEBUG o.s.w.t.h.s.r.b.JettyHttpServer - Server stopped (0 millis).
03:15:09.769 [Test worker] DEBUG o.s.w.r.r.m.a.RequestMappingHandlerMapping - 34 mappings in 'requestMappingHandlerMapping'
03:15:09.870 [Test worker] DEBUG o.s.w.r.r.m.a.ControllerMethodResolver - ControllerAdvice beans: none
03:15:09.916 [Test worker] DEBUG o.s.w.s.a.HttpWebHandlerAdapter - enableLoggingRequestDetails='false': form data and headers will be masked to prevent unsafe logging of potentially sensitive data
03:15:09.916 [Test worker] DEBUG o.s.w.t.h.s.r.b.ReactorHttpServer - Starting ReactorHttpServer...
03:15:09.918 [Test worker] DEBUG o.s.w.t.h.s.r.b.ReactorHttpServer - Server started on port 62607(0 millis).
03:15:09.919 [Test worker] DEBUG o.s.w.c.RestTemplate - HTTP GET http://localhost:62607/person-response/completable-future
03:15:09.921 [Test worker] DEBUG o.s.w.c.RestTemplate - Accept=[application/xml, text/xml, application/json, application/x-jackson-smile, application/*+xml, application/*+json]
03:15:09.961 [reactor-http-nio-4] DEBUG o.s.w.s.a.HttpWebHandlerAdapter - [8fd60110-36] HTTP GET "/person-response/completable-future"
03:15:09.961 [reactor-http-nio-4] DEBUG o.s.w.r.r.m.a.RequestMappingHandlerMapping - [8fd60110-36] Mapped to org.springframework.web.reactive.result.method.annotation.RequestMappingMessageConversionIntegrationTests$PersonResponseBodyController#getCompletableFuture()
03:15:09.963 [reactor-http-nio-4] DEBUG o.s.w.r.r.m.a.ResponseBodyResultHandler - Using 'application/json' given [application/json] and supported [application/json, application/*+json, application/x-ndjson, application/x-jackson-smile, application/*+x-jackson-smile, application/xml, text/xml, text/event-stream]
03:15:09.963 [reactor-http-nio-4] DEBUG o.s.w.r.r.m.a.ResponseBodyResultHandler - [8fd60110-36] 0..1 [org.springframework.web.reactive.result.method.annotation.RequestMappingMessageConversionIntegrationTests$Person]
03:15:09.963 [reactor-http-nio-4] DEBUG o.s.h.c.j.Jackson2JsonEncoder - [8fd60110-36] Encoding [Person{name='Robert'}]
03:15:09.964 [Test worker] DEBUG o.s.w.c.RestTemplate - Response 200 OK
03:15:09.964 [reactor-http-nio-4] DEBUG o.s.w.s.a.HttpWebHandlerAdapter - [8fd60110-36] Completed 200 OK
03:15:09.965 [Test worker] DEBUG o.s.w.c.RestTemplate - Reading to [org.springframework.web.reactive.result.method.annotation.RequestMappingMessageConversionIntegrationTests$Person]
03:15:09.965 [Test worker] DEBUG o.s.w.t.h.s.r.b.ReactorHttpServer - Stopping ReactorHttpServer...
03:15:09.965 [Test worker] DEBUG o.s.w.t.h.s.r.b.ReactorHttpServer - Server stopped (0 millis).
03:15:10.148 [Test worker] DEBUG o.s.w.r.r.m.a.RequestMappingHandlerMapping - 34 mappings in 'requestMappingHandlerMapping'
03:15:10.243 [Test worker] DEBUG o.s.w.r.r.m.a.ControllerMethodResolver - ControllerAdvice beans: none
03:15:10.311 [Test worker] DEBUG o.s.w.s.a.HttpWebHandlerAdapter - enableLoggingRequestDetails='false': form data and headers will be masked to prevent unsafe logging of potentially sensitive data
03:15:10.313 [Test worker] DEBUG o.s.w.t.h.s.r.b.TomcatHttpServer - Starting TomcatHttpServer...
03:15:10.332 [Test worker] DEBUG o.s.w.t.h.s.r.b.TomcatHttpServer - Server started on port 62609(0 millis).
03:15:10.332 [Test worker] DEBUG o.s.w.c.RestTemplate - HTTP GET http://localhost:62609/person-response/completable-future
03:15:10.334 [Test worker] DEBUG o.s.w.c.RestTemplate - Accept=[application/xml, text/xml, application/json, application/x-jackson-smile, application/*+xml, application/*+json]
03:15:10.941 [http-nio-auto-34-exec-1] DEBUG o.s.w.s.a.HttpWebHandlerAdapter - [4d83430f] HTTP GET "/person-response/completable-future"
03:15:10.941 [http-nio-auto-34-exec-1] DEBUG o.s.w.r.r.m.a.RequestMappingHandlerMapping - [4d83430f] Mapped to org.springframework.web.reactive.result.method.annotation.RequestMappingMessageConversionIntegrationTests$PersonResponseBodyController#getCompletableFuture()
03:15:10.942 [http-nio-auto-34-exec-1] DEBUG o.s.w.r.r.m.a.ResponseBodyResultHandler - Using 'application/json' given [application/json] and supported [application/json, application/*+json, application/x-ndjson, application/x-jackson-smile, application/*+x-jackson-smile, application/xml, text/xml, text/event-stream]
03:15:10.942 [http-nio-auto-34-exec-1] DEBUG o.s.w.r.r.m.a.ResponseBodyResultHandler - [4d83430f] 0..1 [org.springframework.web.reactive.result.method.annotation.RequestMappingMessageConversionIntegrationTests$Person]
03:15:10.943 [http-nio-auto-34-exec-1] DEBUG o.s.h.c.j.Jackson2JsonEncoder - [4d83430f] Encoding [Person{name='Robert'}]
03:15:10.944 [Test worker] DEBUG o.s.w.c.RestTemplate - Response 200 OK
03:15:10.944 [Test worker] DEBUG o.s.w.c.RestTemplate - Reading to [org.springframework.web.reactive.result.method.annotation.RequestMappingMessageConversionIntegrationTests$Person]
03:15:10.944 [http-nio-auto-34-exec-1] DEBUG o.s.w.s.a.HttpWebHandlerAdapter - [4d83430f] Completed 200 OK
03:15:10.944 [Test worker] DEBUG o.s.w.t.h.s.r.b.TomcatHttpServer - Stopping TomcatHttpServer...
03:15:11.954 [Test worker] DEBUG o.s.w.t.h.s.r.b.TomcatHttpServer - Server stopped (0 millis).
03:15:12.186 [Test worker] DEBUG o.s.w.r.r.m.a.RequestMappingHandlerMapping - 34 mappings in 'requestMappingHandlerMapping'
03:15:12.213 [Test worker] DEBUG o.s.w.r.r.m.a.ControllerMethodResolver - ControllerAdvice beans: none
03:15:12.268 [Test worker] DEBUG o.s.w.s.a.HttpWebHandlerAdapter - enableLoggingRequestDetails='false': form data and headers will be masked to prevent unsafe logging of potentially sensitive data
03:15:12.268 [Test worker] DEBUG o.s.w.t.h.s.r.b.UndertowHttpServer - Starting UndertowHttpServer...
03:15:12.268 [Test worker] INFO  i.undertow - starting server: Undertow - 2.1.3.Final
03:15:12.276 [Test worker] DEBUG o.s.w.t.h.s.r.b.UndertowHttpServer - Server started on port 62626(0 millis).
03:15:12.276 [Test worker] DEBUG o.s.w.c.RestTemplate - HTTP GET http://localhost:62626/person-response/completable-future
03:15:12.277 [Test worker] DEBUG o.s.w.c.RestTemplate - Accept=[application/xml, text/xml, application/json, application/x-jackson-smile, application/*+xml, application/*+json]
03:15:12.288 [XNIO-33 I/O-1] DEBUG o.s.w.s.a.HttpWebHandlerAdapter - [44230af6] HTTP GET "/person-response/completable-future"
03:15:12.289 [XNIO-33 I/O-1] DEBUG o.s.w.r.r.m.a.RequestMappingHandlerMapping - [44230af6] Mapped to org.springframework.web.reactive.result.method.annotation.RequestMappingMessageConversionIntegrationTests$PersonResponseBodyController#getCompletableFuture()
03:15:12.290 [XNIO-33 I/O-1] DEBUG o.s.w.r.r.m.a.ResponseBodyResultHandler - Using 'application/json' given [application/json] and supported [application/json, application/*+json, application/x-ndjson, application/x-jackson-smile, application/*+x-jackson-smile, application/xml, text/xml, text/event-stream]
03:15:12.290 [XNIO-33 I/O-1] DEBUG o.s.w.r.r.m.a.ResponseBodyResultHandler - [44230af6] 0..1 [org.springframework.web.reactive.result.method.annotation.RequestMappingMessageConversionIntegrationTests$Person]
03:15:12.291 [XNIO-33 I/O-1] DEBUG o.s.h.c.j.Jackson2JsonEncoder - [44230af6] Encoding [Person{name='Robert'}]
03:15:12.292 [XNIO-33 I/O-1] DEBUG o.s.w.s.a.HttpWebHandlerAdapter - [44230af6] Completed 200 OK
03:15:12.292 [Test worker] DEBUG o.s.w.c.RestTemplate - Response 200 OK
03:15:12.292 [Test worker] DEBUG o.s.w.c.RestTemplate - Reading to [org.springframework.web.reactive.result.method.annotation.RequestMappingMessageConversionIntegrationTests$Person]
03:15:12.292 [Test worker] DEBUG o.s.w.t.h.s.r.b.UndertowHttpServer - Stopping UndertowHttpServer...
03:15:12.292 [Test worker] INFO  i.undertow - stopping server: Undertow - 2.1.3.Final
03:15:12.295 [Test worker] DEBUG o.s.w.t.h.s.r.b.UndertowHttpServer - Server stopped (0 millis).
03:15:12.412 [Test worker] DEBUG o.s.w.r.r.m.a.RequestMappingHandlerMapping - 34 mappings in 'requestMappingHandlerMapping'
03:15:12.466 [Test worker] DEBUG o.s.w.r.r.m.a.ControllerMethodResolver - ControllerAdvice beans: none
03:15:12.491 [Test worker] DEBUG o.s.w.s.a.HttpWebHandlerAdapter - enableLoggingRequestDetails='false': form data and headers will be masked to prevent unsafe logging of potentially sensitive data
03:15:12.491 [Test worker] WARN  o.e.j.s.h.ContextHandler - Empty contextPath
03:15:12.491 [Test worker] INFO  o.e.j.s.h.ContextHandler - Started o.e.j.s.ServletContextHandler@64fcbaef{/,null,AVAILABLE}
03:15:12.492 [Test worker] DEBUG o.s.w.t.h.s.r.b.JettyHttpServer - Starting JettyHttpServer...
03:15:12.492 [Test worker] INFO  o.e.j.s.Server - jetty-9.4.31.v20200723; built: 2020-07-23T17:57:36.812Z; git: 450ba27947e13e66baa8cd1ce7e85a4461cacc1d; jvm 1.8.0_261-b12
03:15:12.497 [Test worker] INFO  o.e.j.s.AbstractConnector - Started ServerConnector@43d11d91{HTTP/1.1, (http/1.1)}{0.0.0.0:62629}
03:15:12.497 [Test worker] INFO  o.e.j.s.Server - Started @144108ms
03:15:12.497 [Test worker] DEBUG o.s.w.t.h.s.r.b.JettyHttpServer - Server started on port 62629(0 millis).
03:15:12.497 [Test worker] DEBUG o.s.w.c.RestTemplate - HTTP POST http://localhost:62629/person-create/observable
03:15:12.497 [Test worker] DEBUG o.s.w.c.RestTemplate - Accept=[application/json, application/x-jackson-smile, application/*+json]
03:15:12.498 [Test worker] DEBUG o.s.w.c.RestTemplate - Writing [org.springframework.web.reactive.result.method.annotation.RequestMappingMessageConversionIntegrationTests$People@7e3e3023] as "application/xml"
03:15:12.696 [qtp1753115113-1430] DEBUG o.s.w.s.a.HttpWebHandlerAdapter - [86638c8] HTTP POST "/person-create/observable"
03:15:12.697 [qtp1753115113-1430] DEBUG o.s.w.r.r.m.a.RequestMappingHandlerMapping - [86638c8] Mapped to org.springframework.web.reactive.result.method.annotation.RequestMappingMessageConversionIntegrationTests$PersonCreateController#createWithObservable(Observable)
03:15:12.698 [qtp1753115113-1430] DEBUG o.s.w.r.r.m.a.RequestBodyMethodArgumentResolver - [86638c8] Content-Type:application/xml
03:15:12.700 [qtp1753115113-1430] DEBUG o.s.w.r.r.m.a.RequestBodyMethodArgumentResolver - [86638c8] 0..N [org.springframework.web.reactive.result.method.annotation.RequestMappingMessageConversionIntegrationTests$Person]
03:15:13.905 [qtp1753115113-1430] DEBUG o.s.h.c.x.Jaxb2XmlDecoder - [86638c8] Decoded [Person{name='Robert'}]
03:15:13.906 [qtp1753115113-1430] DEBUG o.s.h.c.x.Jaxb2XmlDecoder - [86638c8] Decoded [Person{name='Marie'}]
03:15:13.906 [qtp1753115113-1430] DEBUG o.s.w.s.a.HttpWebHandlerAdapter - [86638c8] Completed 200 OK
03:15:13.907 [Test worker] DEBUG o.s.w.c.RestTemplate - Response 200 OK
03:15:13.907 [Test worker] DEBUG o.s.w.t.h.s.r.b.JettyHttpServer - Stopping JettyHttpServer...
03:15:13.908 [Test worker] INFO  o.e.j.s.h.ContextHandler - Stopped o.e.j.s.ServletContextHandler@64fcbaef{/,null,UNAVAILABLE}
03:15:13.912 [Test worker] INFO  o.e.j.s.AbstractConnector - Stopped ServerConnector@43d11d91{HTTP/1.1, (http/1.1)}{0.0.0.0:0}
03:15:13.916 [Test worker] DEBUG o.s.w.t.h.s.r.b.JettyHttpServer - Server stopped (0 millis).
03:15:14.032 [Test worker] DEBUG o.s.w.r.r.m.a.RequestMappingHandlerMapping - 34 mappings in 'requestMappingHandlerMapping'
03:15:14.177 [Test worker] DEBUG o.s.w.r.r.m.a.ControllerMethodResolver - ControllerAdvice beans: none
03:15:14.241 [Test worker] DEBUG o.s.w.s.a.HttpWebHandlerAdapter - enableLoggingRequestDetails='false': form data and headers will be masked to prevent unsafe logging of potentially sensitive data
03:15:14.242 [Test worker] DEBUG o.s.w.t.h.s.r.b.ReactorHttpServer - Starting ReactorHttpServer...
03:15:14.243 [Test worker] DEBUG o.s.w.t.h.s.r.b.ReactorHttpServer - Server started on port 62635(0 millis).
03:15:14.244 [Test worker] DEBUG o.s.w.c.RestTemplate - HTTP POST http://localhost:62635/person-create/observable
03:15:14.244 [Test worker] DEBUG o.s.w.c.RestTemplate - Accept=[application/json, application/x-jackson-smile, application/*+json]
03:15:14.245 [Test worker] DEBUG o.s.w.c.RestTemplate - Writing [org.springframework.web.reactive.result.method.annotation.RequestMappingMessageConversionIntegrationTests$People@5eb9478b] as "application/xml"
03:15:14.252 [reactor-http-nio-2] DEBUG o.s.w.s.a.HttpWebHandlerAdapter - [31f01bc4-37] HTTP POST "/person-create/observable"
03:15:14.252 [reactor-http-nio-2] DEBUG o.s.w.r.r.m.a.RequestMappingHandlerMapping - [31f01bc4-37] Mapped to org.springframework.web.reactive.result.method.annotation.RequestMappingMessageConversionIntegrationTests$PersonCreateController#createWithObservable(Observable)
03:15:14.253 [reactor-http-nio-2] DEBUG o.s.w.r.r.m.a.RequestBodyMethodArgumentResolver - [31f01bc4-37] Content-Type:application/xml
03:15:14.255 [reactor-http-nio-2] DEBUG o.s.w.r.r.m.a.RequestBodyMethodArgumentResolver - [31f01bc4-37] 0..N [org.springframework.web.reactive.result.method.annotation.RequestMappingMessageConversionIntegrationTests$Person]
03:15:14.259 [reactor-http-nio-2] DEBUG o.s.h.c.x.Jaxb2XmlDecoder - [31f01bc4-37] Decoded [Person{name='Robert'}]
03:15:14.260 [reactor-http-nio-2] DEBUG o.s.h.c.x.Jaxb2XmlDecoder - [31f01bc4-37] Decoded [Person{name='Marie'}]
03:15:14.260 [reactor-http-nio-2] DEBUG o.s.w.s.a.HttpWebHandlerAdapter - [31f01bc4-37] Completed 200 OK
03:15:14.261 [Test worker] DEBUG o.s.w.c.RestTemplate - Response 200 OK
03:15:14.261 [Test worker] DEBUG o.s.w.t.h.s.r.b.ReactorHttpServer - Stopping ReactorHttpServer...
03:15:14.261 [Test worker] DEBUG o.s.w.t.h.s.r.b.ReactorHttpServer - Server stopped (0 millis).
03:15:14.480 [Test worker] DEBUG o.s.w.r.r.m.a.RequestMappingHandlerMapping - 34 mappings in 'requestMappingHandlerMapping'
03:15:14.617 [Test worker] DEBUG o.s.w.r.r.m.a.ControllerMethodResolver - ControllerAdvice beans: none
03:15:14.677 [Test worker] DEBUG o.s.w.s.a.HttpWebHandlerAdapter - enableLoggingRequestDetails='false': form data and headers will be masked to prevent unsafe logging of potentially sensitive data
03:15:14.678 [Test worker] DEBUG o.s.w.t.h.s.r.b.TomcatHttpServer - Starting TomcatHttpServer...
03:15:14.695 [Test worker] DEBUG o.s.w.t.h.s.r.b.TomcatHttpServer - Server started on port 62637(0 millis).
03:15:14.696 [Test worker] DEBUG o.s.w.c.RestTemplate - HTTP POST http://localhost:62637/person-create/observable
03:15:14.703 [Test worker] DEBUG o.s.w.c.RestTemplate - Accept=[application/json, application/x-jackson-smile, application/*+json]
03:15:14.704 [Test worker] DEBUG o.s.w.c.RestTemplate - Writing [org.springframework.web.reactive.result.method.annotation.RequestMappingMessageConversionIntegrationTests$People@4cc08847] as "application/xml"
03:15:15.289 [http-nio-auto-35-exec-1] DEBUG o.s.w.s.a.HttpWebHandlerAdapter - [6c483fef] HTTP POST "/person-create/observable"
03:15:15.290 [http-nio-auto-35-exec-1] DEBUG o.s.w.r.r.m.a.RequestMappingHandlerMapping - [6c483fef] Mapped to org.springframework.web.reactive.result.method.annotation.RequestMappingMessageConversionIntegrationTests$PersonCreateController#createWithObservable(Observable)
03:15:15.291 [http-nio-auto-35-exec-1] DEBUG o.s.w.r.r.m.a.RequestBodyMethodArgumentResolver - [6c483fef] Content-Type:application/xml
03:15:15.295 [http-nio-auto-35-exec-1] DEBUG o.s.w.r.r.m.a.RequestBodyMethodArgumentResolver - [6c483fef] 0..N [org.springframework.web.reactive.result.method.annotation.RequestMappingMessageConversionIntegrationTests$Person]
03:15:15.305 [http-nio-auto-35-exec-1] DEBUG o.s.h.c.x.Jaxb2XmlDecoder - [6c483fef] Decoded [Person{name='Robert'}]
03:15:15.306 [http-nio-auto-35-exec-1] DEBUG o.s.h.c.x.Jaxb2XmlDecoder - [6c483fef] Decoded [Person{name='Marie'}]
03:15:15.306 [http-nio-auto-35-exec-1] DEBUG o.s.w.s.a.HttpWebHandlerAdapter - [6c483fef] Completed 200 OK
03:15:15.308 [Test worker] DEBUG o.s.w.c.RestTemplate - Response 200 OK
03:15:15.308 [Test worker] DEBUG o.s.w.t.h.s.r.b.TomcatHttpServer - Stopping TomcatHttpServer...
03:15:15.521 [Test worker] DEBUG o.s.w.t.h.s.r.b.TomcatHttpServer - Server stopped (0 millis).
03:15:15.593 [Test worker] DEBUG o.s.w.r.r.m.a.RequestMappingHandlerMapping - 34 mappings in 'requestMappingHandlerMapping'
03:15:15.714 [Test worker] DEBUG o.s.w.r.r.m.a.ControllerMethodResolver - ControllerAdvice beans: none
03:15:15.777 [Test worker] DEBUG o.s.w.s.a.HttpWebHandlerAdapter - enableLoggingRequestDetails='false': form data and headers will be masked to prevent unsafe logging of potentially sensitive data
03:15:15.777 [Test worker] DEBUG o.s.w.t.h.s.r.b.UndertowHttpServer - Starting UndertowHttpServer...
03:15:15.778 [Test worker] INFO  i.undertow - starting server: Undertow - 2.1.3.Final
03:15:15.800 [Test worker] DEBUG o.s.w.t.h.s.r.b.UndertowHttpServer - Server started on port 62654(0 millis).
03:15:15.801 [Test worker] DEBUG o.s.w.c.RestTemplate - HTTP POST http://localhost:62654/person-create/observable
03:15:15.802 [Test worker] DEBUG o.s.w.c.RestTemplate - Accept=[application/json, application/x-jackson-smile, application/*+json]
03:15:15.802 [Test worker] DEBUG o.s.w.c.RestTemplate - Writing [org.springframework.web.reactive.result.method.annotation.RequestMappingMessageConversionIntegrationTests$People@6ae169de] as "application/xml"
03:15:15.813 [XNIO-34 I/O-3] DEBUG o.s.w.s.a.HttpWebHandlerAdapter - [532a4532] HTTP POST "/person-create/observable"
03:15:15.813 [XNIO-34 I/O-3] DEBUG o.s.w.r.r.m.a.RequestMappingHandlerMapping - [532a4532] Mapped to org.springframework.web.reactive.result.method.annotation.RequestMappingMessageConversionIntegrationTests$PersonCreateController#createWithObservable(Observable)
03:15:15.814 [XNIO-34 I/O-3] DEBUG o.s.w.r.r.m.a.RequestBodyMethodArgumentResolver - [532a4532] Content-Type:application/xml
03:15:15.815 [XNIO-34 I/O-3] DEBUG o.s.w.r.r.m.a.RequestBodyMethodArgumentResolver - [532a4532] 0..N [org.springframework.web.reactive.result.method.annotation.RequestMappingMessageConversionIntegrationTests$Person]
03:15:15.819 [XNIO-34 I/O-3] DEBUG o.s.h.c.x.Jaxb2XmlDecoder - [532a4532] Decoded [Person{name='Robert'}]
03:15:15.819 [XNIO-34 I/O-3] DEBUG o.s.h.c.x.Jaxb2XmlDecoder - [532a4532] Decoded [Person{name='Marie'}]
03:15:15.819 [XNIO-34 I/O-3] DEBUG o.s.w.s.a.HttpWebHandlerAdapter - [532a4532] Completed 200 OK
03:15:15.820 [Test worker] DEBUG o.s.w.c.RestTemplate - Response 200 OK
03:15:15.820 [Test worker] DEBUG o.s.w.t.h.s.r.b.UndertowHttpServer - Stopping UndertowHttpServer...
03:15:15.820 [Test worker] INFO  i.undertow - stopping server: Undertow - 2.1.3.Final
03:15:15.823 [Test worker] DEBUG o.s.w.t.h.s.r.b.UndertowHttpServer - Server stopped (0 millis).
03:15:15.881 [Test worker] DEBUG o.s.w.r.r.m.a.RequestMappingHandlerMapping - 34 mappings in 'requestMappingHandlerMapping'
03:15:15.900 [Test worker] DEBUG o.s.w.r.r.m.a.ControllerMethodResolver - ControllerAdvice beans: none
03:15:15.934 [Test worker] DEBUG o.s.w.s.a.HttpWebHandlerAdapter - enableLoggingRequestDetails='false': form data and headers will be masked to prevent unsafe logging of potentially sensitive data
03:15:15.935 [Test worker] WARN  o.e.j.s.h.ContextHandler - Empty contextPath
03:15:15.935 [Test worker] INFO  o.e.j.s.h.ContextHandler - Started o.e.j.s.ServletContextHandler@5eb72afb{/,null,AVAILABLE}
03:15:15.935 [Test worker] DEBUG o.s.w.t.h.s.r.b.JettyHttpServer - Starting JettyHttpServer...
03:15:15.936 [Test worker] INFO  o.e.j.s.Server - jetty-9.4.31.v20200723; built: 2020-07-23T17:57:36.812Z; git: 450ba27947e13e66baa8cd1ce7e85a4461cacc1d; jvm 1.8.0_261-b12
03:15:15.964 [Test worker] INFO  o.e.j.s.AbstractConnector - Started ServerConnector@794a9570{HTTP/1.1, (http/1.1)}{0.0.0.0:62656}
03:15:15.964 [Test worker] INFO  o.e.j.s.Server - Started @147575ms
03:15:15.964 [Test worker] DEBUG o.s.w.t.h.s.r.b.JettyHttpServer - Server started on port 62656(0 millis).
03:15:15.964 [Test worker] DEBUG o.s.w.c.RestTemplate - HTTP GET http://localhost:62656/person-response/publisher
03:15:15.965 [Test worker] DEBUG o.s.w.c.RestTemplate - Accept=[application/json, application/x-jackson-smile, application/*+json]
03:15:15.968 [qtp783995511-1469] DEBUG o.s.w.s.a.HttpWebHandlerAdapter - [275ba9d5] HTTP GET "/person-response/publisher"
03:15:15.968 [qtp783995511-1469] DEBUG o.s.w.r.r.m.a.RequestMappingHandlerMapping - [275ba9d5] Mapped to org.springframework.web.reactive.result.method.annotation.RequestMappingMessageConversionIntegrationTests$PersonResponseBodyController#getPublisher()
03:15:15.970 [qtp783995511-1469] DEBUG o.s.w.r.r.m.a.ResponseBodyResultHandler - Using 'application/json' given [application/json] and supported [application/json, application/*+json, application/x-ndjson, application/x-jackson-smile, application/*+x-jackson-smile, application/xml, text/xml, text/event-stream]
03:15:15.970 [qtp783995511-1469] DEBUG o.s.w.r.r.m.a.ResponseBodyResultHandler - [275ba9d5] 0..N [org.springframework.web.reactive.result.method.annotation.RequestMappingMessageConversionIntegrationTests$Person]
03:15:15.971 [qtp783995511-1469] DEBUG o.s.h.c.j.Jackson2JsonEncoder - [275ba9d5] Encoding [[Person{name='Robert'}, Person{name='Marie'}]]
03:15:15.972 [Test worker] DEBUG o.s.w.c.RestTemplate - Response 200 OK
03:15:15.972 [qtp783995511-1469] DEBUG o.s.w.s.a.HttpWebHandlerAdapter - [275ba9d5] Completed 200 OK
03:15:15.972 [Test worker] DEBUG o.s.w.c.RestTemplate - Reading to [java.util.List<org.springframework.web.reactive.result.method.annotation.RequestMappingMessageConversionIntegrationTests$Person>]
03:15:15.974 [Test worker] DEBUG o.s.w.t.h.s.r.b.JettyHttpServer - Stopping JettyHttpServer...
03:15:15.974 [Test worker] INFO  o.e.j.s.h.ContextHandler - Stopped o.e.j.s.ServletContextHandler@5eb72afb{/,null,UNAVAILABLE}
03:15:15.978 [Test worker] INFO  o.e.j.s.AbstractConnector - Stopped ServerConnector@794a9570{HTTP/1.1, (http/1.1)}{0.0.0.0:0}
03:15:15.979 [Test worker] DEBUG o.s.w.t.h.s.r.b.JettyHttpServer - Server stopped (0 millis).
03:15:16.056 [Test worker] DEBUG o.s.w.r.r.m.a.RequestMappingHandlerMapping - 34 mappings in 'requestMappingHandlerMapping'
03:15:16.094 [Test worker] DEBUG o.s.w.r.r.m.a.ControllerMethodResolver - ControllerAdvice beans: none
03:15:16.113 [Test worker] DEBUG o.s.w.s.a.HttpWebHandlerAdapter - enableLoggingRequestDetails='false': form data and headers will be masked to prevent unsafe logging of potentially sensitive data
03:15:16.113 [Test worker] DEBUG o.s.w.t.h.s.r.b.ReactorHttpServer - Starting ReactorHttpServer...
03:15:16.114 [Test worker] DEBUG o.s.w.t.h.s.r.b.ReactorHttpServer - Server started on port 62662(0 millis).
03:15:16.114 [Test worker] DEBUG o.s.w.c.RestTemplate - HTTP GET http://localhost:62662/person-response/publisher
03:15:16.115 [Test worker] DEBUG o.s.w.c.RestTemplate - Accept=[application/json, application/x-jackson-smile, application/*+json]
03:15:16.117 [reactor-http-nio-4] DEBUG o.s.w.s.a.HttpWebHandlerAdapter - [5a23442b-38] HTTP GET "/person-response/publisher"
03:15:16.118 [reactor-http-nio-4] DEBUG o.s.w.r.r.m.a.RequestMappingHandlerMapping - [5a23442b-38] Mapped to org.springframework.web.reactive.result.method.annotation.RequestMappingMessageConversionIntegrationTests$PersonResponseBodyController#getPublisher()
03:15:16.119 [reactor-http-nio-4] DEBUG o.s.w.r.r.m.a.ResponseBodyResultHandler - Using 'application/json' given [application/json] and supported [application/json, application/*+json, application/x-ndjson, application/x-jackson-smile, application/*+x-jackson-smile, application/xml, text/xml, text/event-stream]
03:15:16.119 [reactor-http-nio-4] DEBUG o.s.w.r.r.m.a.ResponseBodyResultHandler - [5a23442b-38] 0..N [org.springframework.web.reactive.result.method.annotation.RequestMappingMessageConversionIntegrationTests$Person]
03:15:16.120 [reactor-http-nio-4] DEBUG o.s.h.c.j.Jackson2JsonEncoder - [5a23442b-38] Encoding [[Person{name='Robert'}, Person{name='Marie'}]]
03:15:16.121 [Test worker] DEBUG o.s.w.c.RestTemplate - Response 200 OK
03:15:16.121 [reactor-http-nio-4] DEBUG o.s.w.s.a.HttpWebHandlerAdapter - [5a23442b-38] Completed 200 OK
03:15:16.121 [Test worker] DEBUG o.s.w.c.RestTemplate - Reading to [java.util.List<org.springframework.web.reactive.result.method.annotation.RequestMappingMessageConversionIntegrationTests$Person>]
03:15:16.123 [Test worker] DEBUG o.s.w.t.h.s.r.b.ReactorHttpServer - Stopping ReactorHttpServer...
03:15:16.123 [Test worker] DEBUG o.s.w.t.h.s.r.b.ReactorHttpServer - Server stopped (0 millis).
03:15:16.161 [Test worker] DEBUG o.s.w.r.r.m.a.RequestMappingHandlerMapping - 34 mappings in 'requestMappingHandlerMapping'
03:15:16.177 [Test worker] DEBUG o.s.w.r.r.m.a.ControllerMethodResolver - ControllerAdvice beans: none
03:15:16.190 [Test worker] DEBUG o.s.w.s.a.HttpWebHandlerAdapter - enableLoggingRequestDetails='false': form data and headers will be masked to prevent unsafe logging of potentially sensitive data
03:15:16.191 [Test worker] DEBUG o.s.w.t.h.s.r.b.TomcatHttpServer - Starting TomcatHttpServer...
03:15:16.200 [Test worker] DEBUG o.s.w.t.h.s.r.b.TomcatHttpServer - Server started on port 62664(0 millis).
03:15:16.200 [Test worker] DEBUG o.s.w.c.RestTemplate - HTTP GET http://localhost:62664/person-response/publisher
03:15:16.201 [Test worker] DEBUG o.s.w.c.RestTemplate - Accept=[application/json, application/x-jackson-smile, application/*+json]
03:15:16.206 [http-nio-auto-36-exec-1] DEBUG o.s.w.s.a.HttpWebHandlerAdapter - [47f6177b] HTTP GET "/person-response/publisher"
03:15:16.206 [http-nio-auto-36-exec-1] DEBUG o.s.w.r.r.m.a.RequestMappingHandlerMapping - [47f6177b] Mapped to org.springframework.web.reactive.result.method.annotation.RequestMappingMessageConversionIntegrationTests$PersonResponseBodyController#getPublisher()
03:15:16.208 [http-nio-auto-36-exec-1] DEBUG o.s.w.r.r.m.a.ResponseBodyResultHandler - Using 'application/json' given [application/json] and supported [application/json, application/*+json, application/x-ndjson, application/x-jackson-smile, application/*+x-jackson-smile, application/xml, text/xml, text/event-stream]
03:15:16.208 [http-nio-auto-36-exec-1] DEBUG o.s.w.r.r.m.a.ResponseBodyResultHandler - [47f6177b] 0..N [org.springframework.web.reactive.result.method.annotation.RequestMappingMessageConversionIntegrationTests$Person]
03:15:16.208 [http-nio-auto-36-exec-1] DEBUG o.s.h.c.j.Jackson2JsonEncoder - [47f6177b] Encoding [[Person{name='Robert'}, Person{name='Marie'}]]
03:15:16.209 [http-nio-auto-36-exec-1] DEBUG o.s.w.s.a.HttpWebHandlerAdapter - [47f6177b] Completed 200 OK
03:15:16.209 [Test worker] DEBUG o.s.w.c.RestTemplate - Response 200 OK
03:15:16.209 [Test worker] DEBUG o.s.w.c.RestTemplate - Reading to [java.util.List<org.springframework.web.reactive.result.method.annotation.RequestMappingMessageConversionIntegrationTests$Person>]
03:15:16.211 [Test worker] DEBUG o.s.w.t.h.s.r.b.TomcatHttpServer - Stopping TomcatHttpServer...
03:15:16.492 [Test worker] DEBUG o.s.w.t.h.s.r.b.TomcatHttpServer - Server stopped (0 millis).
03:15:16.780 [Test worker] DEBUG o.s.w.r.r.m.a.RequestMappingHandlerMapping - 34 mappings in 'requestMappingHandlerMapping'
03:15:16.837 [Test worker] DEBUG o.s.w.r.r.m.a.ControllerMethodResolver - ControllerAdvice beans: none
03:15:16.915 [Test worker] DEBUG o.s.w.s.a.HttpWebHandlerAdapter - enableLoggingRequestDetails='false': form data and headers will be masked to prevent unsafe logging of potentially sensitive data
03:15:16.915 [Test worker] DEBUG o.s.w.t.h.s.r.b.UndertowHttpServer - Starting UndertowHttpServer...
03:15:16.915 [Test worker] INFO  i.undertow - starting server: Undertow - 2.1.3.Final
03:15:16.965 [Test worker] DEBUG o.s.w.t.h.s.r.b.UndertowHttpServer - Server started on port 62681(0 millis).
03:15:16.966 [Test worker] DEBUG o.s.w.c.RestTemplate - HTTP GET http://localhost:62681/person-response/publisher
03:15:16.967 [Test worker] DEBUG o.s.w.c.RestTemplate - Accept=[application/json, application/x-jackson-smile, application/*+json]
03:15:17.015 [XNIO-35 I/O-3] DEBUG o.s.w.s.a.HttpWebHandlerAdapter - [1694766] HTTP GET "/person-response/publisher"
03:15:17.015 [XNIO-35 I/O-3] DEBUG o.s.w.r.r.m.a.RequestMappingHandlerMapping - [1694766] Mapped to org.springframework.web.reactive.result.method.annotation.RequestMappingMessageConversionIntegrationTests$PersonResponseBodyController#getPublisher()
03:15:17.017 [XNIO-35 I/O-3] DEBUG o.s.w.r.r.m.a.ResponseBodyResultHandler - Using 'application/json' given [application/json] and supported [application/json, application/*+json, application/x-ndjson, application/x-jackson-smile, application/*+x-jackson-smile, application/xml, text/xml, text/event-stream]
03:15:17.017 [XNIO-35 I/O-3] DEBUG o.s.w.r.r.m.a.ResponseBodyResultHandler - [1694766] 0..N [org.springframework.web.reactive.result.method.annotation.RequestMappingMessageConversionIntegrationTests$Person]
03:15:17.018 [XNIO-35 I/O-3] DEBUG o.s.h.c.j.Jackson2JsonEncoder - [1694766] Encoding [[Person{name='Robert'}, Person{name='Marie'}]]
03:15:17.018 [XNIO-35 I/O-3] DEBUG o.s.w.s.a.HttpWebHandlerAdapter - [1694766] Completed 200 OK
03:15:17.020 [Test worker] DEBUG o.s.w.c.RestTemplate - Response 200 OK
03:15:17.020 [Test worker] DEBUG o.s.w.c.RestTemplate - Reading to [java.util.List<org.springframework.web.reactive.result.method.annotation.RequestMappingMessageConversionIntegrationTests$Person>]
03:15:17.025 [Test worker] DEBUG o.s.w.t.h.s.r.b.UndertowHttpServer - Stopping UndertowHttpServer...
03:15:17.025 [Test worker] INFO  i.undertow - stopping server: Undertow - 2.1.3.Final
03:15:17.033 [Test worker] DEBUG o.s.w.t.h.s.r.b.UndertowHttpServer - Server stopped (0 millis).
03:15:17.183 [Test worker] DEBUG o.s.w.r.r.m.a.RequestMappingHandlerMapping - 34 mappings in 'requestMappingHandlerMapping'
03:15:17.216 [Test worker] DEBUG o.s.w.r.r.m.a.ControllerMethodResolver - ControllerAdvice beans: none
03:15:17.247 [Test worker] DEBUG o.s.w.s.a.HttpWebHandlerAdapter - enableLoggingRequestDetails='false': form data and headers will be masked to prevent unsafe logging of potentially sensitive data
03:15:17.248 [Test worker] WARN  o.e.j.s.h.ContextHandler - Empty contextPath
03:15:17.249 [Test worker] INFO  o.e.j.s.h.ContextHandler - Started o.e.j.s.ServletContextHandler@6747e2f0{/,null,AVAILABLE}
03:15:17.249 [Test worker] DEBUG o.s.w.t.h.s.r.b.JettyHttpServer - Starting JettyHttpServer...
03:15:17.249 [Test worker] INFO  o.e.j.s.Server - jetty-9.4.31.v20200723; built: 2020-07-23T17:57:36.812Z; git: 450ba27947e13e66baa8cd1ce7e85a4461cacc1d; jvm 1.8.0_261-b12
03:15:17.258 [Test worker] INFO  o.e.j.s.AbstractConnector - Started ServerConnector@3e8a8c2{HTTP/1.1, (http/1.1)}{0.0.0.0:62683}
03:15:17.258 [Test worker] INFO  o.e.j.s.Server - Started @148870ms
03:15:17.259 [Test worker] DEBUG o.s.w.t.h.s.r.b.JettyHttpServer - Server started on port 62683(0 millis).
03:15:17.259 [Test worker] DEBUG o.s.w.c.RestTemplate - HTTP POST http://localhost:62683/person-create/publisher
03:15:17.259 [Test worker] DEBUG o.s.w.c.RestTemplate - Accept=[application/json, application/x-jackson-smile, application/*+json]
03:15:17.259 [Test worker] DEBUG o.s.w.c.RestTemplate - Writing [org.springframework.web.reactive.result.method.annotation.RequestMappingMessageConversionIntegrationTests$People@375dbcbd] as "application/xml"
03:15:17.278 [qtp1108776204-1511] DEBUG o.s.w.s.a.HttpWebHandlerAdapter - [4e5c3c48] HTTP POST "/person-create/publisher"
03:15:17.279 [qtp1108776204-1511] DEBUG o.s.w.r.r.m.a.RequestMappingHandlerMapping - [4e5c3c48] Mapped to org.springframework.web.reactive.result.method.annotation.RequestMappingMessageConversionIntegrationTests$PersonCreateController#createWithPublisher(Publisher)
03:15:17.280 [qtp1108776204-1511] DEBUG o.s.w.r.r.m.a.RequestBodyMethodArgumentResolver - [4e5c3c48] Content-Type:application/xml
03:15:17.281 [qtp1108776204-1511] DEBUG o.s.w.r.r.m.a.RequestBodyMethodArgumentResolver - [4e5c3c48] 0..N [org.springframework.web.reactive.result.method.annotation.RequestMappingMessageConversionIntegrationTests$Person]
03:15:17.288 [qtp1108776204-1511] DEBUG o.s.h.c.x.Jaxb2XmlDecoder - [4e5c3c48] Decoded [Person{name='Robert'}]
03:15:17.289 [qtp1108776204-1511] DEBUG o.s.h.c.x.Jaxb2XmlDecoder - [4e5c3c48] Decoded [Person{name='Marie'}]
03:15:17.289 [qtp1108776204-1511] DEBUG o.s.w.s.a.HttpWebHandlerAdapter - [4e5c3c48] Completed 200 OK
03:15:17.290 [Test worker] DEBUG o.s.w.c.RestTemplate - Response 200 OK
03:15:17.290 [Test worker] DEBUG o.s.w.t.h.s.r.b.JettyHttpServer - Stopping JettyHttpServer...
03:15:17.290 [Test worker] INFO  o.e.j.s.h.ContextHandler - Stopped o.e.j.s.ServletContextHandler@6747e2f0{/,null,UNAVAILABLE}
03:15:17.295 [Test worker] INFO  o.e.j.s.AbstractConnector - Stopped ServerConnector@3e8a8c2{HTTP/1.1, (http/1.1)}{0.0.0.0:0}
03:15:17.297 [Test worker] DEBUG o.s.w.t.h.s.r.b.JettyHttpServer - Server stopped (0 millis).
03:15:17.364 [Test worker] DEBUG o.s.w.r.r.m.a.RequestMappingHandlerMapping - 34 mappings in 'requestMappingHandlerMapping'
03:15:17.404 [Test worker] DEBUG o.s.w.r.r.m.a.ControllerMethodResolver - ControllerAdvice beans: none
03:15:17.426 [Test worker] DEBUG o.s.w.s.a.HttpWebHandlerAdapter - enableLoggingRequestDetails='false': form data and headers will be masked to prevent unsafe logging of potentially sensitive data
03:15:17.426 [Test worker] DEBUG o.s.w.t.h.s.r.b.ReactorHttpServer - Starting ReactorHttpServer...
03:15:17.427 [Test worker] DEBUG o.s.w.t.h.s.r.b.ReactorHttpServer - Server started on port 62689(0 millis).
03:15:17.427 [Test worker] DEBUG o.s.w.c.RestTemplate - HTTP POST http://localhost:62689/person-create/publisher
03:15:17.427 [Test worker] DEBUG o.s.w.c.RestTemplate - Accept=[application/json, application/x-jackson-smile, application/*+json]
03:15:17.428 [Test worker] DEBUG o.s.w.c.RestTemplate - Writing [org.springframework.web.reactive.result.method.annotation.RequestMappingMessageConversionIntegrationTests$People@5f65619b] as "application/xml"
03:15:17.432 [reactor-http-nio-2] DEBUG o.s.w.s.a.HttpWebHandlerAdapter - [5843339b-39] HTTP POST "/person-create/publisher"
03:15:17.433 [reactor-http-nio-2] DEBUG o.s.w.r.r.m.a.RequestMappingHandlerMapping - [5843339b-39] Mapped to org.springframework.web.reactive.result.method.annotation.RequestMappingMessageConversionIntegrationTests$PersonCreateController#createWithPublisher(Publisher)
03:15:17.433 [reactor-http-nio-2] DEBUG o.s.w.r.r.m.a.RequestBodyMethodArgumentResolver - [5843339b-39] Content-Type:application/xml
03:15:17.434 [reactor-http-nio-2] DEBUG o.s.w.r.r.m.a.RequestBodyMethodArgumentResolver - [5843339b-39] 0..N [org.springframework.web.reactive.result.method.annotation.RequestMappingMessageConversionIntegrationTests$Person]
03:15:17.437 [reactor-http-nio-2] DEBUG o.s.h.c.x.Jaxb2XmlDecoder - [5843339b-39] Decoded [Person{name='Robert'}]
03:15:17.438 [reactor-http-nio-2] DEBUG o.s.h.c.x.Jaxb2XmlDecoder - [5843339b-39] Decoded [Person{name='Marie'}]
03:15:17.438 [reactor-http-nio-2] DEBUG o.s.w.s.a.HttpWebHandlerAdapter - [5843339b-39] Completed 200 OK
03:15:17.438 [Test worker] DEBUG o.s.w.c.RestTemplate - Response 200 OK
03:15:17.439 [Test worker] DEBUG o.s.w.t.h.s.r.b.ReactorHttpServer - Stopping ReactorHttpServer...
03:15:17.439 [Test worker] DEBUG o.s.w.t.h.s.r.b.ReactorHttpServer - Server stopped (0 millis).
03:15:17.474 [Test worker] DEBUG o.s.w.r.r.m.a.RequestMappingHandlerMapping - 34 mappings in 'requestMappingHandlerMapping'
03:15:17.494 [Test worker] DEBUG o.s.w.r.r.m.a.ControllerMethodResolver - ControllerAdvice beans: none
03:15:17.507 [Test worker] DEBUG o.s.w.s.a.HttpWebHandlerAdapter - enableLoggingRequestDetails='false': form data and headers will be masked to prevent unsafe logging of potentially sensitive data
03:15:17.508 [Test worker] DEBUG o.s.w.t.h.s.r.b.TomcatHttpServer - Starting TomcatHttpServer...
03:15:17.516 [Test worker] DEBUG o.s.w.t.h.s.r.b.TomcatHttpServer - Server started on port 62691(0 millis).
03:15:17.516 [Test worker] DEBUG o.s.w.c.RestTemplate - HTTP POST http://localhost:62691/person-create/publisher
03:15:17.517 [Test worker] DEBUG o.s.w.c.RestTemplate - Accept=[application/json, application/x-jackson-smile, application/*+json]
03:15:17.517 [Test worker] DEBUG o.s.w.c.RestTemplate - Writing [org.springframework.web.reactive.result.method.annotation.RequestMappingMessageConversionIntegrationTests$People@6fa35467] as "application/xml"
03:15:17.525 [http-nio-auto-37-exec-1] DEBUG o.s.w.s.a.HttpWebHandlerAdapter - [3db9d241] HTTP POST "/person-create/publisher"
03:15:17.525 [http-nio-auto-37-exec-1] DEBUG o.s.w.r.r.m.a.RequestMappingHandlerMapping - [3db9d241] Mapped to org.springframework.web.reactive.result.method.annotation.RequestMappingMessageConversionIntegrationTests$PersonCreateController#createWithPublisher(Publisher)
03:15:17.526 [http-nio-auto-37-exec-1] DEBUG o.s.w.r.r.m.a.RequestBodyMethodArgumentResolver - [3db9d241] Content-Type:application/xml
03:15:17.527 [http-nio-auto-37-exec-1] DEBUG o.s.w.r.r.m.a.RequestBodyMethodArgumentResolver - [3db9d241] 0..N [org.springframework.web.reactive.result.method.annotation.RequestMappingMessageConversionIntegrationTests$Person]
03:15:17.531 [http-nio-auto-37-exec-1] DEBUG o.s.h.c.x.Jaxb2XmlDecoder - [3db9d241] Decoded [Person{name='Robert'}]
03:15:17.532 [http-nio-auto-37-exec-1] DEBUG o.s.h.c.x.Jaxb2XmlDecoder - [3db9d241] Decoded [Person{name='Marie'}]
03:15:17.532 [http-nio-auto-37-exec-1] DEBUG o.s.w.s.a.HttpWebHandlerAdapter - [3db9d241] Completed 200 OK
03:15:17.533 [Test worker] DEBUG o.s.w.c.RestTemplate - Response 200 OK
03:15:17.534 [Test worker] DEBUG o.s.w.t.h.s.r.b.TomcatHttpServer - Stopping TomcatHttpServer...
03:15:17.708 [Test worker] DEBUG o.s.w.t.h.s.r.b.TomcatHttpServer - Server stopped (0 millis).
03:15:17.750 [Test worker] DEBUG o.s.w.r.r.m.a.RequestMappingHandlerMapping - 34 mappings in 'requestMappingHandlerMapping'
03:15:17.769 [Test worker] DEBUG o.s.w.r.r.m.a.ControllerMethodResolver - ControllerAdvice beans: none
03:15:17.785 [Test worker] DEBUG o.s.w.s.a.HttpWebHandlerAdapter - enableLoggingRequestDetails='false': form data and headers will be masked to prevent unsafe logging of potentially sensitive data
03:15:17.785 [Test worker] DEBUG o.s.w.t.h.s.r.b.UndertowHttpServer - Starting UndertowHttpServer...
03:15:17.785 [Test worker] INFO  i.undertow - starting server: Undertow - 2.1.3.Final
03:15:17.793 [Test worker] DEBUG o.s.w.t.h.s.r.b.UndertowHttpServer - Server started on port 62708(0 millis).
03:15:17.793 [Test worker] DEBUG o.s.w.c.RestTemplate - HTTP POST http://localhost:62708/person-create/publisher
03:15:17.793 [Test worker] DEBUG o.s.w.c.RestTemplate - Accept=[application/json, application/x-jackson-smile, application/*+json]
03:15:17.794 [Test worker] DEBUG o.s.w.c.RestTemplate - Writing [org.springframework.web.reactive.result.method.annotation.RequestMappingMessageConversionIntegrationTests$People@395b9e26] as "application/xml"
03:15:17.800 [XNIO-36 I/O-3] DEBUG o.s.w.s.a.HttpWebHandlerAdapter - [3a44eb37] HTTP POST "/person-create/publisher"
03:15:17.801 [XNIO-36 I/O-3] DEBUG o.s.w.r.r.m.a.RequestMappingHandlerMapping - [3a44eb37] Mapped to org.springframework.web.reactive.result.method.annotation.RequestMappingMessageConversionIntegrationTests$PersonCreateController#createWithPublisher(Publisher)
03:15:17.801 [XNIO-36 I/O-3] DEBUG o.s.w.r.r.m.a.RequestBodyMethodArgumentResolver - [3a44eb37] Content-Type:application/xml
03:15:17.803 [XNIO-36 I/O-3] DEBUG o.s.w.r.r.m.a.RequestBodyMethodArgumentResolver - [3a44eb37] 0..N [org.springframework.web.reactive.result.method.annotation.RequestMappingMessageConversionIntegrationTests$Person]
03:15:17.807 [XNIO-36 I/O-3] DEBUG o.s.h.c.x.Jaxb2XmlDecoder - [3a44eb37] Decoded [Person{name='Robert'}]
03:15:17.808 [XNIO-36 I/O-3] DEBUG o.s.h.c.x.Jaxb2XmlDecoder - [3a44eb37] Decoded [Person{name='Marie'}]
03:15:17.808 [XNIO-36 I/O-3] DEBUG o.s.w.s.a.HttpWebHandlerAdapter - [3a44eb37] Completed 200 OK
03:15:17.808 [Test worker] DEBUG o.s.w.c.RestTemplate - Response 200 OK
03:15:17.808 [Test worker] DEBUG o.s.w.t.h.s.r.b.UndertowHttpServer - Stopping UndertowHttpServer...
03:15:17.809 [Test worker] INFO  i.undertow - stopping server: Undertow - 2.1.3.Final
03:15:17.811 [Test worker] DEBUG o.s.w.t.h.s.r.b.UndertowHttpServer - Server stopped (0 millis).
03:15:17.882 [Test worker] DEBUG o.s.w.r.r.m.a.RequestMappingHandlerMapping - 34 mappings in 'requestMappingHandlerMapping'
03:15:17.920 [Test worker] DEBUG o.s.w.r.r.m.a.ControllerMethodResolver - ControllerAdvice beans: none
03:15:17.945 [Test worker] DEBUG o.s.w.s.a.HttpWebHandlerAdapter - enableLoggingRequestDetails='false': form data and headers will be masked to prevent unsafe logging of potentially sensitive data
03:15:17.946 [Test worker] WARN  o.e.j.s.h.ContextHandler - Empty contextPath
03:15:17.946 [Test worker] INFO  o.e.j.s.h.ContextHandler - Started o.e.j.s.ServletContextHandler@636032d8{/,null,AVAILABLE}
03:15:17.946 [Test worker] DEBUG o.s.w.t.h.s.r.b.JettyHttpServer - Starting JettyHttpServer...
03:15:17.946 [Test worker] INFO  o.e.j.s.Server - jetty-9.4.31.v20200723; built: 2020-07-23T17:57:36.812Z; git: 450ba27947e13e66baa8cd1ce7e85a4461cacc1d; jvm 1.8.0_261-b12
03:15:17.967 [Test worker] INFO  o.e.j.s.AbstractConnector - Started ServerConnector@561e3fe5{HTTP/1.1, (http/1.1)}{0.0.0.0:62710}
03:15:17.967 [Test worker] INFO  o.e.j.s.Server - Started @149579ms
03:15:17.968 [Test worker] DEBUG o.s.w.t.h.s.r.b.JettyHttpServer - Server started on port 62710(0 millis).
03:15:17.968 [Test worker] DEBUG o.s.w.c.RestTemplate - HTTP POST http://localhost:62710/person-transform/completable-future
03:15:17.969 [Test worker] DEBUG o.s.w.c.RestTemplate - Accept=[application/xml, text/xml, application/json, application/x-jackson-smile, application/*+xml, application/*+json]
03:15:17.970 [Test worker] DEBUG o.s.w.c.RestTemplate - Writing [Person{name='Robert'}] as "application/json"
03:15:17.976 [qtp2131908354-1552] DEBUG o.s.w.s.a.HttpWebHandlerAdapter - [6f782653] HTTP POST "/person-transform/completable-future"
03:15:17.976 [qtp2131908354-1552] DEBUG o.s.w.r.r.m.a.RequestMappingHandlerMapping - [6f782653] Mapped to org.springframework.web.reactive.result.method.annotation.RequestMappingMessageConversionIntegrationTests$PersonTransformationController#transformCompletableFuture(CompletableFuture)
03:15:17.977 [qtp2131908354-1552] DEBUG o.s.w.r.r.m.a.RequestBodyMethodArgumentResolver - [6f782653] Content-Type:application/json
03:15:17.978 [qtp2131908354-1552] DEBUG o.s.w.r.r.m.a.RequestBodyMethodArgumentResolver - [6f782653] 0..1 [org.springframework.web.reactive.result.method.annotation.RequestMappingMessageConversionIntegrationTests$Person]
03:15:17.978 [qtp2131908354-1552] DEBUG o.s.h.c.j.Jackson2JsonDecoder - [6f782653] Decoded [Person{name='Robert'}]
03:15:17.980 [qtp2131908354-1552] DEBUG o.s.w.r.r.m.a.ResponseBodyResultHandler - Using 'application/json' given [application/json] and supported [application/json, application/*+json, application/x-ndjson, application/x-jackson-smile, application/*+x-jackson-smile, application/xml, text/xml, text/event-stream]
03:15:17.980 [qtp2131908354-1552] DEBUG o.s.w.r.r.m.a.ResponseBodyResultHandler - [6f782653] 0..1 [org.springframework.web.reactive.result.method.annotation.RequestMappingMessageConversionIntegrationTests$Person]
03:15:17.980 [qtp2131908354-1552] DEBUG o.s.h.c.j.Jackson2JsonEncoder - [6f782653] Encoding [Person{name='ROBERT'}]
03:15:17.981 [Test worker] DEBUG o.s.w.c.RestTemplate - Response 200 OK
03:15:17.981 [Test worker] DEBUG o.s.w.c.RestTemplate - Reading to [org.springframework.web.reactive.result.method.annotation.RequestMappingMessageConversionIntegrationTests$Person]
03:15:17.982 [qtp2131908354-1552] DEBUG o.s.w.s.a.HttpWebHandlerAdapter - [6f782653] Completed 200 OK
03:15:17.984 [Test worker] DEBUG o.s.w.t.h.s.r.b.JettyHttpServer - Stopping JettyHttpServer...
03:15:17.984 [Test worker] INFO  o.e.j.s.h.ContextHandler - Stopped o.e.j.s.ServletContextHandler@636032d8{/,null,UNAVAILABLE}
03:15:17.988 [Test worker] INFO  o.e.j.s.AbstractConnector - Stopped ServerConnector@561e3fe5{HTTP/1.1, (http/1.1)}{0.0.0.0:0}
03:15:17.989 [Test worker] DEBUG o.s.w.t.h.s.r.b.JettyHttpServer - Server stopped (0 millis).
03:15:18.064 [Test worker] DEBUG o.s.w.r.r.m.a.RequestMappingHandlerMapping - 34 mappings in 'requestMappingHandlerMapping'
03:15:18.206 [Test worker] DEBUG o.s.w.r.r.m.a.ControllerMethodResolver - ControllerAdvice beans: none
03:15:18.253 [Test worker] DEBUG o.s.w.s.a.HttpWebHandlerAdapter - enableLoggingRequestDetails='false': form data and headers will be masked to prevent unsafe logging of potentially sensitive data
03:15:18.254 [Test worker] DEBUG o.s.w.t.h.s.r.b.ReactorHttpServer - Starting ReactorHttpServer...
03:15:18.255 [Test worker] DEBUG o.s.w.t.h.s.r.b.ReactorHttpServer - Server started on port 62716(0 millis).
03:15:18.255 [Test worker] DEBUG o.s.w.c.RestTemplate - HTTP POST http://localhost:62716/person-transform/completable-future
03:15:18.260 [Test worker] DEBUG o.s.w.c.RestTemplate - Accept=[application/xml, text/xml, application/json, application/x-jackson-smile, application/*+xml, application/*+json]
03:15:18.261 [Test worker] DEBUG o.s.w.c.RestTemplate - Writing [Person{name='Robert'}] as "application/json"
03:15:18.287 [reactor-http-nio-4] DEBUG o.s.w.s.a.HttpWebHandlerAdapter - [88c1a835-40] HTTP POST "/person-transform/completable-future"
03:15:18.287 [reactor-http-nio-4] DEBUG o.s.w.r.r.m.a.RequestMappingHandlerMapping - [88c1a835-40] Mapped to org.springframework.web.reactive.result.method.annotation.RequestMappingMessageConversionIntegrationTests$PersonTransformationController#transformCompletableFuture(CompletableFuture)
03:15:18.288 [reactor-http-nio-4] DEBUG o.s.w.r.r.m.a.RequestBodyMethodArgumentResolver - [88c1a835-40] Content-Type:application/json
03:15:18.288 [reactor-http-nio-4] DEBUG o.s.w.r.r.m.a.RequestBodyMethodArgumentResolver - [88c1a835-40] 0..1 [org.springframework.web.reactive.result.method.annotation.RequestMappingMessageConversionIntegrationTests$Person]
03:15:18.292 [reactor-http-nio-4] DEBUG o.s.w.r.r.m.a.ResponseBodyResultHandler - Using 'application/json' given [application/json] and supported [application/json, application/*+json, application/x-ndjson, application/x-jackson-smile, application/*+x-jackson-smile, application/xml, text/xml, text/event-stream]
03:15:18.292 [reactor-http-nio-4] DEBUG o.s.w.r.r.m.a.ResponseBodyResultHandler - [88c1a835-40] 0..1 [org.springframework.web.reactive.result.method.annotation.RequestMappingMessageConversionIntegrationTests$Person]
03:15:18.294 [reactor-http-nio-4] DEBUG o.s.h.c.j.Jackson2JsonDecoder - [88c1a835-40] Decoded [Person{name='Robert'}]
03:15:18.295 [reactor-http-nio-4] DEBUG o.s.h.c.j.Jackson2JsonEncoder - [88c1a835-40] Encoding [Person{name='ROBERT'}]
03:15:18.296 [reactor-http-nio-4] DEBUG o.s.w.s.a.HttpWebHandlerAdapter - [88c1a835-40] Completed 200 OK
03:15:18.297 [Test worker] DEBUG o.s.w.c.RestTemplate - Response 200 OK
03:15:18.297 [Test worker] DEBUG o.s.w.c.RestTemplate - Reading to [org.springframework.web.reactive.result.method.annotation.RequestMappingMessageConversionIntegrationTests$Person]
03:15:18.297 [Test worker] DEBUG o.s.w.t.h.s.r.b.ReactorHttpServer - Stopping ReactorHttpServer...
03:15:18.298 [Test worker] DEBUG o.s.w.t.h.s.r.b.ReactorHttpServer - Server stopped (0 millis).
03:15:18.458 [Test worker] DEBUG o.s.w.r.r.m.a.RequestMappingHandlerMapping - 34 mappings in 'requestMappingHandlerMapping'
03:15:18.521 [Test worker] DEBUG o.s.w.r.r.m.a.ControllerMethodResolver - ControllerAdvice beans: none
03:15:18.585 [Test worker] DEBUG o.s.w.s.a.HttpWebHandlerAdapter - enableLoggingRequestDetails='false': form data and headers will be masked to prevent unsafe logging of potentially sensitive data
03:15:18.586 [Test worker] DEBUG o.s.w.t.h.s.r.b.TomcatHttpServer - Starting TomcatHttpServer...
03:15:18.604 [Test worker] DEBUG o.s.w.t.h.s.r.b.TomcatHttpServer - Server started on port 62718(0 millis).
03:15:18.605 [Test worker] DEBUG o.s.w.c.RestTemplate - HTTP POST http://localhost:62718/person-transform/completable-future
03:15:18.611 [Test worker] DEBUG o.s.w.c.RestTemplate - Accept=[application/xml, text/xml, application/json, application/x-jackson-smile, application/*+xml, application/*+json]
03:15:18.611 [Test worker] DEBUG o.s.w.c.RestTemplate - Writing [Person{name='Robert'}] as "application/json"
03:15:18.851 [http-nio-auto-38-exec-1] DEBUG o.s.w.s.a.HttpWebHandlerAdapter - [25d34581] HTTP POST "/person-transform/completable-future"
03:15:18.852 [http-nio-auto-38-exec-1] DEBUG o.s.w.r.r.m.a.RequestMappingHandlerMapping - [25d34581] Mapped to org.springframework.web.reactive.result.method.annotation.RequestMappingMessageConversionIntegrationTests$PersonTransformationController#transformCompletableFuture(CompletableFuture)
03:15:18.853 [http-nio-auto-38-exec-1] DEBUG o.s.w.r.r.m.a.RequestBodyMethodArgumentResolver - [25d34581] Content-Type:application/json
03:15:18.853 [http-nio-auto-38-exec-1] DEBUG o.s.w.r.r.m.a.RequestBodyMethodArgumentResolver - [25d34581] 0..1 [org.springframework.web.reactive.result.method.annotation.RequestMappingMessageConversionIntegrationTests$Person]
03:15:18.855 [http-nio-auto-38-exec-1] DEBUG o.s.w.r.r.m.a.ResponseBodyResultHandler - Using 'application/json' given [application/json] and supported [application/json, application/*+json, application/x-ndjson, application/x-jackson-smile, application/*+x-jackson-smile, application/xml, text/xml, text/event-stream]
03:15:18.855 [http-nio-auto-38-exec-1] DEBUG o.s.w.r.r.m.a.ResponseBodyResultHandler - [25d34581] 0..1 [org.springframework.web.reactive.result.method.annotation.RequestMappingMessageConversionIntegrationTests$Person]
03:15:18.856 [http-nio-auto-38-exec-1] DEBUG o.s.h.c.j.Jackson2JsonDecoder - [25d34581] Decoded [Person{name='Robert'}]
03:15:18.856 [http-nio-auto-38-exec-1] DEBUG o.s.h.c.j.Jackson2JsonEncoder - [25d34581] Encoding [Person{name='ROBERT'}]
03:15:18.857 [http-nio-auto-38-exec-1] DEBUG o.s.w.s.a.HttpWebHandlerAdapter - [25d34581] Completed 200 OK
03:15:18.857 [Test worker] DEBUG o.s.w.c.RestTemplate - Response 200 OK
03:15:18.857 [Test worker] DEBUG o.s.w.c.RestTemplate - Reading to [org.springframework.web.reactive.result.method.annotation.RequestMappingMessageConversionIntegrationTests$Person]
03:15:18.857 [Test worker] DEBUG o.s.w.t.h.s.r.b.TomcatHttpServer - Stopping TomcatHttpServer...
03:15:19.327 [Test worker] DEBUG o.s.w.t.h.s.r.b.TomcatHttpServer - Server stopped (0 millis).
03:15:19.428 [Test worker] DEBUG o.s.w.r.r.m.a.RequestMappingHandlerMapping - 34 mappings in 'requestMappingHandlerMapping'
03:15:19.460 [Test worker] DEBUG o.s.w.r.r.m.a.ControllerMethodResolver - ControllerAdvice beans: none
03:15:19.500 [Test worker] DEBUG o.s.w.s.a.HttpWebHandlerAdapter - enableLoggingRequestDetails='false': form data and headers will be masked to prevent unsafe logging of potentially sensitive data
03:15:19.500 [Test worker] DEBUG o.s.w.t.h.s.r.b.UndertowHttpServer - Starting UndertowHttpServer...
03:15:19.500 [Test worker] INFO  i.undertow - starting server: Undertow - 2.1.3.Final
03:15:19.526 [Test worker] DEBUG o.s.w.t.h.s.r.b.UndertowHttpServer - Server started on port 62735(0 millis).
03:15:19.527 [Test worker] DEBUG o.s.w.c.RestTemplate - HTTP POST http://localhost:62735/person-transform/completable-future
03:15:19.529 [Test worker] DEBUG o.s.w.c.RestTemplate - Accept=[application/xml, text/xml, application/json, application/x-jackson-smile, application/*+xml, application/*+json]
03:15:19.530 [Test worker] DEBUG o.s.w.c.RestTemplate - Writing [Person{name='Robert'}] as "application/json"
03:15:19.546 [XNIO-37 I/O-1] DEBUG o.s.w.s.a.HttpWebHandlerAdapter - [26667d4e] HTTP POST "/person-transform/completable-future"
03:15:19.546 [XNIO-37 I/O-1] DEBUG o.s.w.r.r.m.a.RequestMappingHandlerMapping - [26667d4e] Mapped to org.springframework.web.reactive.result.method.annotation.RequestMappingMessageConversionIntegrationTests$PersonTransformationController#transformCompletableFuture(CompletableFuture)
03:15:19.547 [XNIO-37 I/O-1] DEBUG o.s.w.r.r.m.a.RequestBodyMethodArgumentResolver - [26667d4e] Content-Type:application/json
03:15:19.547 [XNIO-37 I/O-1] DEBUG o.s.w.r.r.m.a.RequestBodyMethodArgumentResolver - [26667d4e] 0..1 [org.springframework.web.reactive.result.method.annotation.RequestMappingMessageConversionIntegrationTests$Person]
03:15:19.548 [XNIO-37 I/O-1] DEBUG o.s.h.c.j.Jackson2JsonDecoder - [26667d4e] Decoded [Person{name='Robert'}]
03:15:19.549 [XNIO-37 I/O-1] DEBUG o.s.w.r.r.m.a.ResponseBodyResultHandler - Using 'application/json' given [application/json] and supported [application/json, application/*+json, application/x-ndjson, application/x-jackson-smile, application/*+x-jackson-smile, application/xml, text/xml, text/event-stream]
03:15:19.550 [XNIO-37 I/O-1] DEBUG o.s.w.r.r.m.a.ResponseBodyResultHandler - [26667d4e] 0..1 [org.springframework.web.reactive.result.method.annotation.RequestMappingMessageConversionIntegrationTests$Person]
03:15:19.551 [XNIO-37 I/O-1] DEBUG o.s.h.c.j.Jackson2JsonEncoder - [26667d4e] Encoding [Person{name='ROBERT'}]
03:15:19.554 [XNIO-37 I/O-1] DEBUG o.s.w.s.a.HttpWebHandlerAdapter - [26667d4e] Completed 200 OK
03:15:19.554 [Test worker] DEBUG o.s.w.c.RestTemplate - Response 200 OK
03:15:19.555 [Test worker] DEBUG o.s.w.c.RestTemplate - Reading to [org.springframework.web.reactive.result.method.annotation.RequestMappingMessageConversionIntegrationTests$Person]
03:15:19.555 [Test worker] DEBUG o.s.w.t.h.s.r.b.UndertowHttpServer - Stopping UndertowHttpServer...
03:15:19.555 [Test worker] INFO  i.undertow - stopping server: Undertow - 2.1.3.Final
03:15:19.560 [Test worker] DEBUG o.s.w.t.h.s.r.b.UndertowHttpServer - Server stopped (0 millis).
03:15:19.727 [Test worker] DEBUG o.s.w.r.r.m.a.RequestMappingHandlerMapping - 34 mappings in 'requestMappingHandlerMapping'
03:15:19.767 [Test worker] DEBUG o.s.w.r.r.m.a.ControllerMethodResolver - ControllerAdvice beans: none
03:15:19.813 [Test worker] DEBUG o.s.w.s.a.HttpWebHandlerAdapter - enableLoggingRequestDetails='false': form data and headers will be masked to prevent unsafe logging of potentially sensitive data
03:15:19.814 [Test worker] WARN  o.e.j.s.h.ContextHandler - Empty contextPath
03:15:19.815 [Test worker] INFO  o.e.j.s.h.ContextHandler - Started o.e.j.s.ServletContextHandler@2adcaf88{/,null,AVAILABLE}
03:15:19.815 [Test worker] DEBUG o.s.w.t.h.s.r.b.JettyHttpServer - Starting JettyHttpServer...
03:15:19.815 [Test worker] INFO  o.e.j.s.Server - jetty-9.4.31.v20200723; built: 2020-07-23T17:57:36.812Z; git: 450ba27947e13e66baa8cd1ce7e85a4461cacc1d; jvm 1.8.0_261-b12
03:15:19.870 [Test worker] INFO  o.e.j.s.AbstractConnector - Started ServerConnector@261b449e{HTTP/1.1, (http/1.1)}{0.0.0.0:62737}
03:15:19.870 [Test worker] INFO  o.e.j.s.Server - Started @151481ms
03:15:19.870 [Test worker] DEBUG o.s.w.t.h.s.r.b.JettyHttpServer - Server started on port 62737(0 millis).
03:15:19.870 [Test worker] DEBUG o.s.w.c.RestTemplate - HTTP POST http://localhost:62737/person-transform/single
03:15:19.871 [Test worker] DEBUG o.s.w.c.RestTemplate - Accept=[application/xml, text/xml, application/json, application/x-jackson-smile, application/*+xml, application/*+json]
03:15:19.871 [Test worker] DEBUG o.s.w.c.RestTemplate - Writing [Person{name='Robert'}] as "application/json"
03:15:19.877 [qtp778884807-1592] DEBUG o.s.w.s.a.HttpWebHandlerAdapter - [3bed3f31] HTTP POST "/person-transform/single"
03:15:19.878 [qtp778884807-1592] DEBUG o.s.w.r.r.m.a.RequestMappingHandlerMapping - [3bed3f31] Mapped to org.springframework.web.reactive.result.method.annotation.RequestMappingMessageConversionIntegrationTests$PersonTransformationController#transformSingle(Single)
03:15:19.878 [qtp778884807-1592] DEBUG o.s.w.r.r.m.a.RequestBodyMethodArgumentResolver - [3bed3f31] Content-Type:application/json
03:15:19.879 [qtp778884807-1592] DEBUG o.s.w.r.r.m.a.RequestBodyMethodArgumentResolver - [3bed3f31] 0..1 [org.springframework.web.reactive.result.method.annotation.RequestMappingMessageConversionIntegrationTests$Person]
03:15:19.880 [qtp778884807-1592] DEBUG o.s.w.r.r.m.a.ResponseBodyResultHandler - Using 'application/json' given [application/json] and supported [application/json, application/*+json, application/x-ndjson, application/x-jackson-smile, application/*+x-jackson-smile, application/xml, text/xml, text/event-stream]
03:15:19.881 [qtp778884807-1592] DEBUG o.s.w.r.r.m.a.ResponseBodyResultHandler - [3bed3f31] 0..1 [org.springframework.web.reactive.result.method.annotation.RequestMappingMessageConversionIntegrationTests$Person]
03:15:19.882 [qtp778884807-1592] DEBUG o.s.h.c.j.Jackson2JsonDecoder - [3bed3f31] Decoded [Person{name='Robert'}]
03:15:19.882 [qtp778884807-1592] DEBUG o.s.h.c.j.Jackson2JsonEncoder - [3bed3f31] Encoding [Person{name='ROBERT'}]
03:15:19.883 [Test worker] DEBUG o.s.w.c.RestTemplate - Response 200 OK
03:15:19.883 [Test worker] DEBUG o.s.w.c.RestTemplate - Reading to [org.springframework.web.reactive.result.method.annotation.RequestMappingMessageConversionIntegrationTests$Person]
03:15:19.884 [Test worker] DEBUG o.s.w.t.h.s.r.b.JettyHttpServer - Stopping JettyHttpServer...
03:15:19.884 [Test worker] INFO  o.e.j.s.h.ContextHandler - Stopped o.e.j.s.ServletContextHandler@2adcaf88{/,null,UNAVAILABLE}
03:15:19.884 [qtp778884807-1592] DEBUG o.s.w.s.a.HttpWebHandlerAdapter - [3bed3f31] Completed 200 OK
03:15:19.888 [Test worker] INFO  o.e.j.s.AbstractConnector - Stopped ServerConnector@261b449e{HTTP/1.1, (http/1.1)}{0.0.0.0:0}
03:15:19.888 [Test worker] DEBUG o.s.w.t.h.s.r.b.JettyHttpServer - Server stopped (0 millis).
03:15:19.990 [Test worker] DEBUG o.s.w.r.r.m.a.RequestMappingHandlerMapping - 34 mappings in 'requestMappingHandlerMapping'
03:15:20.063 [Test worker] DEBUG o.s.w.r.r.m.a.ControllerMethodResolver - ControllerAdvice beans: none
03:15:20.143 [Test worker] DEBUG o.s.w.s.a.HttpWebHandlerAdapter - enableLoggingRequestDetails='false': form data and headers will be masked to prevent unsafe logging of potentially sensitive data
03:15:20.143 [Test worker] DEBUG o.s.w.t.h.s.r.b.ReactorHttpServer - Starting ReactorHttpServer...
03:15:20.145 [Test worker] DEBUG o.s.w.t.h.s.r.b.ReactorHttpServer - Server started on port 62748(0 millis).
03:15:20.145 [Test worker] DEBUG o.s.w.c.RestTemplate - HTTP POST http://localhost:62748/person-transform/single
03:15:20.146 [Test worker] DEBUG o.s.w.c.RestTemplate - Accept=[application/xml, text/xml, application/json, application/x-jackson-smile, application/*+xml, application/*+json]
03:15:20.147 [Test worker] DEBUG o.s.w.c.RestTemplate - Writing [Person{name='Robert'}] as "application/json"
03:15:20.151 [reactor-http-nio-2] DEBUG o.s.w.s.a.HttpWebHandlerAdapter - [fa74fad2-41] HTTP POST "/person-transform/single"
03:15:20.152 [reactor-http-nio-2] DEBUG o.s.w.r.r.m.a.RequestMappingHandlerMapping - [fa74fad2-41] Mapped to org.springframework.web.reactive.result.method.annotation.RequestMappingMessageConversionIntegrationTests$PersonTransformationController#transformSingle(Single)
03:15:20.152 [reactor-http-nio-2] DEBUG o.s.w.r.r.m.a.RequestBodyMethodArgumentResolver - [fa74fad2-41] Content-Type:application/json
03:15:20.153 [reactor-http-nio-2] DEBUG o.s.w.r.r.m.a.RequestBodyMethodArgumentResolver - [fa74fad2-41] 0..1 [org.springframework.web.reactive.result.method.annotation.RequestMappingMessageConversionIntegrationTests$Person]
03:15:20.155 [reactor-http-nio-2] DEBUG o.s.w.r.r.m.a.ResponseBodyResultHandler - Using 'application/json' given [application/json] and supported [application/json, application/*+json, application/x-ndjson, application/x-jackson-smile, application/*+x-jackson-smile, application/xml, text/xml, text/event-stream]
03:15:20.155 [reactor-http-nio-2] DEBUG o.s.w.r.r.m.a.ResponseBodyResultHandler - [fa74fad2-41] 0..1 [org.springframework.web.reactive.result.method.annotation.RequestMappingMessageConversionIntegrationTests$Person]
03:15:20.155 [reactor-http-nio-2] DEBUG o.s.h.c.j.Jackson2JsonDecoder - [fa74fad2-41] Decoded [Person{name='Robert'}]
03:15:20.156 [reactor-http-nio-2] DEBUG o.s.h.c.j.Jackson2JsonEncoder - [fa74fad2-41] Encoding [Person{name='ROBERT'}]
03:15:20.157 [reactor-http-nio-2] DEBUG o.s.w.s.a.HttpWebHandlerAdapter - [fa74fad2-41] Completed 200 OK
03:15:20.157 [Test worker] DEBUG o.s.w.c.RestTemplate - Response 200 OK
03:15:20.157 [Test worker] DEBUG o.s.w.c.RestTemplate - Reading to [org.springframework.web.reactive.result.method.annotation.RequestMappingMessageConversionIntegrationTests$Person]
03:15:20.158 [Test worker] DEBUG o.s.w.t.h.s.r.b.ReactorHttpServer - Stopping ReactorHttpServer...
03:15:20.158 [Test worker] DEBUG o.s.w.t.h.s.r.b.ReactorHttpServer - Server stopped (0 millis).
03:15:20.247 [Test worker] DEBUG o.s.w.r.r.m.a.RequestMappingHandlerMapping - 34 mappings in 'requestMappingHandlerMapping'
03:15:20.329 [Test worker] DEBUG o.s.w.r.r.m.a.ControllerMethodResolver - ControllerAdvice beans: none
03:15:20.369 [Test worker] DEBUG o.s.w.s.a.HttpWebHandlerAdapter - enableLoggingRequestDetails='false': form data and headers will be masked to prevent unsafe logging of potentially sensitive data
03:15:20.417 [Test worker] DEBUG o.s.w.t.h.s.r.b.TomcatHttpServer - Starting TomcatHttpServer...
03:15:20.441 [Test worker] DEBUG o.s.w.t.h.s.r.b.TomcatHttpServer - Server started on port 62750(0 millis).
03:15:20.442 [Test worker] DEBUG o.s.w.c.RestTemplate - HTTP POST http://localhost:62750/person-transform/single
03:15:20.443 [Test worker] DEBUG o.s.w.c.RestTemplate - Accept=[application/xml, text/xml, application/json, application/x-jackson-smile, application/*+xml, application/*+json]
03:15:20.444 [Test worker] DEBUG o.s.w.c.RestTemplate - Writing [Person{name='Robert'}] as "application/json"
03:15:20.491 [http-nio-auto-39-exec-1] DEBUG o.s.w.s.a.HttpWebHandlerAdapter - [1a5c8e5d] HTTP POST "/person-transform/single"
03:15:20.491 [http-nio-auto-39-exec-1] DEBUG o.s.w.r.r.m.a.RequestMappingHandlerMapping - [1a5c8e5d] Mapped to org.springframework.web.reactive.result.method.annotation.RequestMappingMessageConversionIntegrationTests$PersonTransformationController#transformSingle(Single)
03:15:20.492 [http-nio-auto-39-exec-1] DEBUG o.s.w.r.r.m.a.RequestBodyMethodArgumentResolver - [1a5c8e5d] Content-Type:application/json
03:15:20.492 [http-nio-auto-39-exec-1] DEBUG o.s.w.r.r.m.a.RequestBodyMethodArgumentResolver - [1a5c8e5d] 0..1 [org.springframework.web.reactive.result.method.annotation.RequestMappingMessageConversionIntegrationTests$Person]
03:15:20.494 [http-nio-auto-39-exec-1] DEBUG o.s.w.r.r.m.a.ResponseBodyResultHandler - Using 'application/json' given [application/json] and supported [application/json, application/*+json, application/x-ndjson, application/x-jackson-smile, application/*+x-jackson-smile, application/xml, text/xml, text/event-stream]
03:15:20.494 [http-nio-auto-39-exec-1] DEBUG o.s.w.r.r.m.a.ResponseBodyResultHandler - [1a5c8e5d] 0..1 [org.springframework.web.reactive.result.method.annotation.RequestMappingMessageConversionIntegrationTests$Person]
03:15:20.495 [http-nio-auto-39-exec-1] DEBUG o.s.h.c.j.Jackson2JsonDecoder - [1a5c8e5d] Decoded [Person{name='Robert'}]
03:15:20.495 [http-nio-auto-39-exec-1] DEBUG o.s.h.c.j.Jackson2JsonEncoder - [1a5c8e5d] Encoding [Person{name='ROBERT'}]
03:15:20.497 [http-nio-auto-39-exec-1] DEBUG o.s.w.s.a.HttpWebHandlerAdapter - [1a5c8e5d] Completed 200 OK
03:15:20.497 [Test worker] DEBUG o.s.w.c.RestTemplate - Response 200 OK
03:15:20.497 [Test worker] DEBUG o.s.w.c.RestTemplate - Reading to [org.springframework.web.reactive.result.method.annotation.RequestMappingMessageConversionIntegrationTests$Person]
03:15:20.497 [Test worker] DEBUG o.s.w.t.h.s.r.b.TomcatHttpServer - Stopping TomcatHttpServer...
03:15:20.859 [Test worker] DEBUG o.s.w.t.h.s.r.b.TomcatHttpServer - Server stopped (0 millis).
03:15:20.987 [Test worker] DEBUG o.s.w.r.r.m.a.RequestMappingHandlerMapping - 34 mappings in 'requestMappingHandlerMapping'
03:15:21.024 [Test worker] DEBUG o.s.w.r.r.m.a.ControllerMethodResolver - ControllerAdvice beans: none
03:15:21.063 [Test worker] DEBUG o.s.w.s.a.HttpWebHandlerAdapter - enableLoggingRequestDetails='false': form data and headers will be masked to prevent unsafe logging of potentially sensitive data
03:15:21.063 [Test worker] DEBUG o.s.w.t.h.s.r.b.UndertowHttpServer - Starting UndertowHttpServer...
03:15:21.063 [Test worker] INFO  i.undertow - starting server: Undertow - 2.1.3.Final
03:15:21.089 [Test worker] DEBUG o.s.w.t.h.s.r.b.UndertowHttpServer - Server started on port 62777(0 millis).
03:15:21.090 [Test worker] DEBUG o.s.w.c.RestTemplate - HTTP POST http://localhost:62777/person-transform/single
03:15:21.092 [Test worker] DEBUG o.s.w.c.RestTemplate - Accept=[application/xml, text/xml, application/json, application/x-jackson-smile, application/*+xml, application/*+json]
03:15:21.108 [Test worker] DEBUG o.s.w.c.RestTemplate - Writing [Person{name='Robert'}] as "application/json"
03:15:21.142 [XNIO-38 I/O-3] DEBUG o.s.w.s.a.HttpWebHandlerAdapter - [14bf8a7b] HTTP POST "/person-transform/single"
03:15:21.143 [XNIO-38 I/O-3] DEBUG o.s.w.r.r.m.a.RequestMappingHandlerMapping - [14bf8a7b] Mapped to org.springframework.web.reactive.result.method.annotation.RequestMappingMessageConversionIntegrationTests$PersonTransformationController#transformSingle(Single)
03:15:21.144 [XNIO-38 I/O-3] DEBUG o.s.w.r.r.m.a.RequestBodyMethodArgumentResolver - [14bf8a7b] Content-Type:application/json
03:15:21.144 [XNIO-38 I/O-3] DEBUG o.s.w.r.r.m.a.RequestBodyMethodArgumentResolver - [14bf8a7b] 0..1 [org.springframework.web.reactive.result.method.annotation.RequestMappingMessageConversionIntegrationTests$Person]
03:15:21.145 [XNIO-38 I/O-3] DEBUG o.s.w.r.r.m.a.ResponseBodyResultHandler - Using 'application/json' given [application/json] and supported [application/json, application/*+json, application/x-ndjson, application/x-jackson-smile, application/*+x-jackson-smile, application/xml, text/xml, text/event-stream]
03:15:21.146 [XNIO-38 I/O-3] DEBUG o.s.w.r.r.m.a.ResponseBodyResultHandler - [14bf8a7b] 0..1 [org.springframework.web.reactive.result.method.annotation.RequestMappingMessageConversionIntegrationTests$Person]
03:15:21.146 [XNIO-38 I/O-3] DEBUG o.s.h.c.j.Jackson2JsonDecoder - [14bf8a7b] Decoded [Person{name='Robert'}]
03:15:21.146 [XNIO-38 I/O-3] DEBUG o.s.h.c.j.Jackson2JsonEncoder - [14bf8a7b] Encoding [Person{name='ROBERT'}]
03:15:21.147 [Test worker] DEBUG o.s.w.c.RestTemplate - Response 200 OK
03:15:21.147 [XNIO-38 I/O-3] DEBUG o.s.w.s.a.HttpWebHandlerAdapter - [14bf8a7b] Completed 200 OK
03:15:21.147 [Test worker] DEBUG o.s.w.c.RestTemplate - Reading to [org.springframework.web.reactive.result.method.annotation.RequestMappingMessageConversionIntegrationTests$Person]
03:15:21.148 [Test worker] DEBUG o.s.w.t.h.s.r.b.UndertowHttpServer - Stopping UndertowHttpServer...
03:15:21.148 [Test worker] INFO  i.undertow - stopping server: Undertow - 2.1.3.Final
03:15:21.151 [Test worker] DEBUG o.s.w.t.h.s.r.b.UndertowHttpServer - Server stopped (0 millis).
03:15:21.224 [Test worker] DEBUG o.s.w.r.r.m.a.RequestMappingHandlerMapping - 34 mappings in 'requestMappingHandlerMapping'
03:15:21.294 [Test worker] DEBUG o.s.w.r.r.m.a.ControllerMethodResolver - ControllerAdvice beans: none
03:15:21.328 [Test worker] DEBUG o.s.w.s.a.HttpWebHandlerAdapter - enableLoggingRequestDetails='false': form data and headers will be masked to prevent unsafe logging of potentially sensitive data
03:15:21.328 [Test worker] WARN  o.e.j.s.h.ContextHandler - Empty contextPath
03:15:21.329 [Test worker] INFO  o.e.j.s.h.ContextHandler - Started o.e.j.s.ServletContextHandler@39ac33e{/,null,AVAILABLE}
03:15:21.330 [Test worker] DEBUG o.s.w.t.h.s.r.b.JettyHttpServer - Starting JettyHttpServer...
03:15:21.330 [Test worker] INFO  o.e.j.s.Server - jetty-9.4.31.v20200723; built: 2020-07-23T17:57:36.812Z; git: 450ba27947e13e66baa8cd1ce7e85a4461cacc1d; jvm 1.8.0_261-b12
03:15:21.339 [Test worker] INFO  o.e.j.s.AbstractConnector - Started ServerConnector@652b928d{HTTP/1.1, (http/1.1)}{0.0.0.0:62779}
03:15:21.339 [Test worker] INFO  o.e.j.s.Server - Started @152951ms
03:15:21.339 [Test worker] DEBUG o.s.w.t.h.s.r.b.JettyHttpServer - Server started on port 62779(0 millis).
03:15:21.339 [Test worker] DEBUG o.s.w.c.RestTemplate - HTTP GET http://localhost:62779/person-response/mono-response-entity-xml
03:15:21.339 [Test worker] DEBUG o.s.w.c.RestTemplate - Accept=[text/plain, application/json, application/x-jackson-smile, application/*+json, */*]
03:15:21.345 [qtp752742823-1634] DEBUG o.s.w.s.a.HttpWebHandlerAdapter - [602e1ccd] HTTP GET "/person-response/mono-response-entity-xml"
03:15:21.345 [qtp752742823-1634] DEBUG o.s.w.r.r.m.a.RequestMappingHandlerMapping - [602e1ccd] Mapped to org.springframework.web.reactive.result.method.annotation.RequestMappingMessageConversionIntegrationTests$PersonResponseBodyController#getMonoResponseEntityXml()
03:15:21.346 [qtp752742823-1634] DEBUG o.s.w.r.r.m.a.ResponseEntityResultHandler - [602e1ccd] Found 'Content-Type:application/xml' in response
03:15:21.346 [qtp752742823-1634] DEBUG o.s.w.r.r.m.a.ResponseEntityResultHandler - [602e1ccd] 0..1 [org.springframework.web.reactive.result.method.annotation.RequestMappingMessageConversionIntegrationTests$Person]
03:15:21.348 [qtp752742823-1634] DEBUG o.s.h.c.x.Jaxb2XmlEncoder - [602e1ccd] Encoding [Person{name='Robert'}]
03:15:21.354 [Test worker] DEBUG o.s.w.c.RestTemplate - Response 200 OK
03:15:21.354 [qtp752742823-1634] DEBUG o.s.w.s.a.HttpWebHandlerAdapter - [602e1ccd] Completed 200 OK
03:15:21.354 [Test worker] DEBUG o.s.w.c.RestTemplate - Reading to [java.lang.String] as "application/xml"
03:15:21.354 [Test worker] DEBUG o.s.w.t.h.s.r.b.JettyHttpServer - Stopping JettyHttpServer...
03:15:21.354 [Test worker] INFO  o.e.j.s.h.ContextHandler - Stopped o.e.j.s.ServletContextHandler@39ac33e{/,null,UNAVAILABLE}
03:15:21.357 [Test worker] INFO  o.e.j.s.AbstractConnector - Stopped ServerConnector@652b928d{HTTP/1.1, (http/1.1)}{0.0.0.0:0}
03:15:21.357 [Test worker] DEBUG o.s.w.t.h.s.r.b.JettyHttpServer - Server stopped (0 millis).
03:15:21.407 [Test worker] DEBUG o.s.w.r.r.m.a.RequestMappingHandlerMapping - 34 mappings in 'requestMappingHandlerMapping'
03:15:21.437 [Test worker] DEBUG o.s.w.r.r.m.a.ControllerMethodResolver - ControllerAdvice beans: none
03:15:21.456 [Test worker] DEBUG o.s.w.s.a.HttpWebHandlerAdapter - enableLoggingRequestDetails='false': form data and headers will be masked to prevent unsafe logging of potentially sensitive data
03:15:21.457 [Test worker] DEBUG o.s.w.t.h.s.r.b.ReactorHttpServer - Starting ReactorHttpServer...
03:15:21.458 [Test worker] DEBUG o.s.w.t.h.s.r.b.ReactorHttpServer - Server started on port 62785(0 millis).
03:15:21.458 [Test worker] DEBUG o.s.w.c.RestTemplate - HTTP GET http://localhost:62785/person-response/mono-response-entity-xml
03:15:21.458 [Test worker] DEBUG o.s.w.c.RestTemplate - Accept=[text/plain, application/json, application/x-jackson-smile, application/*+json, */*]
03:15:21.461 [reactor-http-nio-4] DEBUG o.s.w.s.a.HttpWebHandlerAdapter - [c504ff86-42] HTTP GET "/person-response/mono-response-entity-xml"
03:15:21.462 [reactor-http-nio-4] DEBUG o.s.w.r.r.m.a.RequestMappingHandlerMapping - [c504ff86-42] Mapped to org.springframework.web.reactive.result.method.annotation.RequestMappingMessageConversionIntegrationTests$PersonResponseBodyController#getMonoResponseEntityXml()
03:15:21.462 [reactor-http-nio-4] DEBUG o.s.w.r.r.m.a.ResponseEntityResultHandler - [c504ff86-42] Found 'Content-Type:application/xml' in response
03:15:21.462 [reactor-http-nio-4] DEBUG o.s.w.r.r.m.a.ResponseEntityResultHandler - [c504ff86-42] 0..1 [org.springframework.web.reactive.result.method.annotation.RequestMappingMessageConversionIntegrationTests$Person]
03:15:21.463 [reactor-http-nio-4] DEBUG o.s.h.c.x.Jaxb2XmlEncoder - [c504ff86-42] Encoding [Person{name='Robert'}]
03:15:21.467 [Test worker] DEBUG o.s.w.c.RestTemplate - Response 200 OK
03:15:21.468 [reactor-http-nio-4] DEBUG o.s.w.s.a.HttpWebHandlerAdapter - [c504ff86-42] Completed 200 OK
03:15:21.468 [Test worker] DEBUG o.s.w.c.RestTemplate - Reading to [java.lang.String] as "application/xml"
03:15:21.468 [Test worker] DEBUG o.s.w.t.h.s.r.b.ReactorHttpServer - Stopping ReactorHttpServer...
03:15:21.468 [Test worker] DEBUG o.s.w.t.h.s.r.b.ReactorHttpServer - Server stopped (0 millis).
03:15:21.522 [Test worker] DEBUG o.s.w.r.r.m.a.RequestMappingHandlerMapping - 34 mappings in 'requestMappingHandlerMapping'
03:15:21.550 [Test worker] DEBUG o.s.w.r.r.m.a.ControllerMethodResolver - ControllerAdvice beans: none
03:15:21.570 [Test worker] DEBUG o.s.w.s.a.HttpWebHandlerAdapter - enableLoggingRequestDetails='false': form data and headers will be masked to prevent unsafe logging of potentially sensitive data
03:15:21.571 [Test worker] DEBUG o.s.w.t.h.s.r.b.TomcatHttpServer - Starting TomcatHttpServer...
03:15:21.584 [Test worker] DEBUG o.s.w.t.h.s.r.b.TomcatHttpServer - Server started on port 62787(0 millis).
03:15:21.585 [Test worker] DEBUG o.s.w.c.RestTemplate - HTTP GET http://localhost:62787/person-response/mono-response-entity-xml
03:15:21.585 [Test worker] DEBUG o.s.w.c.RestTemplate - Accept=[text/plain, application/json, application/x-jackson-smile, application/*+json, */*]
03:15:21.614 [http-nio-auto-40-exec-1] DEBUG o.s.w.s.a.HttpWebHandlerAdapter - [50daf9c9] HTTP GET "/person-response/mono-response-entity-xml"
03:15:21.614 [http-nio-auto-40-exec-1] DEBUG o.s.w.r.r.m.a.RequestMappingHandlerMapping - [50daf9c9] Mapped to org.springframework.web.reactive.result.method.annotation.RequestMappingMessageConversionIntegrationTests$PersonResponseBodyController#getMonoResponseEntityXml()
03:15:21.615 [http-nio-auto-40-exec-1] DEBUG o.s.w.r.r.m.a.ResponseEntityResultHandler - [50daf9c9] Found 'Content-Type:application/xml' in response
03:15:21.615 [http-nio-auto-40-exec-1] DEBUG o.s.w.r.r.m.a.ResponseEntityResultHandler - [50daf9c9] 0..1 [org.springframework.web.reactive.result.method.annotation.RequestMappingMessageConversionIntegrationTests$Person]
03:15:21.615 [http-nio-auto-40-exec-1] DEBUG o.s.h.c.x.Jaxb2XmlEncoder - [50daf9c9] Encoding [Person{name='Robert'}]
03:15:21.621 [Test worker] DEBUG o.s.w.c.RestTemplate - Response 200 OK
03:15:21.621 [Test worker] DEBUG o.s.w.c.RestTemplate - Reading to [java.lang.String] as "application/xml"
03:15:21.621 [http-nio-auto-40-exec-1] DEBUG o.s.w.s.a.HttpWebHandlerAdapter - [50daf9c9] Completed 200 OK
03:15:21.621 [Test worker] DEBUG o.s.w.t.h.s.r.b.TomcatHttpServer - Stopping TomcatHttpServer...
03:15:21.881 [Test worker] DEBUG o.s.w.t.h.s.r.b.TomcatHttpServer - Server stopped (0 millis).
03:15:21.952 [Test worker] DEBUG o.s.w.r.r.m.a.RequestMappingHandlerMapping - 34 mappings in 'requestMappingHandlerMapping'
03:15:21.969 [Test worker] DEBUG o.s.w.r.r.m.a.ControllerMethodResolver - ControllerAdvice beans: none
03:15:21.989 [Test worker] DEBUG o.s.w.s.a.HttpWebHandlerAdapter - enableLoggingRequestDetails='false': form data and headers will be masked to prevent unsafe logging of potentially sensitive data
03:15:21.989 [Test worker] DEBUG o.s.w.t.h.s.r.b.UndertowHttpServer - Starting UndertowHttpServer...
03:15:21.989 [Test worker] INFO  i.undertow - starting server: Undertow - 2.1.3.Final
03:15:21.998 [Test worker] DEBUG o.s.w.t.h.s.r.b.UndertowHttpServer - Server started on port 62804(0 millis).
03:15:21.999 [Test worker] DEBUG o.s.w.c.RestTemplate - HTTP GET http://localhost:62804/person-response/mono-response-entity-xml
03:15:21.999 [Test worker] DEBUG o.s.w.c.RestTemplate - Accept=[text/plain, application/json, application/x-jackson-smile, application/*+json, */*]
03:15:22.005 [XNIO-39 I/O-2] DEBUG o.s.w.s.a.HttpWebHandlerAdapter - [6ee6721] HTTP GET "/person-response/mono-response-entity-xml"
03:15:22.005 [XNIO-39 I/O-2] DEBUG o.s.w.r.r.m.a.RequestMappingHandlerMapping - [6ee6721] Mapped to org.springframework.web.reactive.result.method.annotation.RequestMappingMessageConversionIntegrationTests$PersonResponseBodyController#getMonoResponseEntityXml()
03:15:22.006 [XNIO-39 I/O-2] DEBUG o.s.w.r.r.m.a.ResponseEntityResultHandler - [6ee6721] Found 'Content-Type:application/xml' in response
03:15:22.006 [XNIO-39 I/O-2] DEBUG o.s.w.r.r.m.a.ResponseEntityResultHandler - [6ee6721] 0..1 [org.springframework.web.reactive.result.method.annotation.RequestMappingMessageConversionIntegrationTests$Person]
03:15:22.006 [XNIO-39 I/O-2] DEBUG o.s.h.c.x.Jaxb2XmlEncoder - [6ee6721] Encoding [Person{name='Robert'}]
03:15:22.010 [XNIO-39 I/O-2] DEBUG o.s.w.s.a.HttpWebHandlerAdapter - [6ee6721] Completed 200 OK
03:15:22.010 [Test worker] DEBUG o.s.w.c.RestTemplate - Response 200 OK
03:15:22.010 [Test worker] DEBUG o.s.w.c.RestTemplate - Reading to [java.lang.String] as "application/xml"
03:15:22.010 [Test worker] DEBUG o.s.w.t.h.s.r.b.UndertowHttpServer - Stopping UndertowHttpServer...
03:15:22.010 [Test worker] INFO  i.undertow - stopping server: Undertow - 2.1.3.Final
03:15:22.014 [Test worker] DEBUG o.s.w.t.h.s.r.b.UndertowHttpServer - Server stopped (0 millis).
03:15:22.070 [Test worker] DEBUG o.s.w.r.r.m.a.RequestMappingHandlerMapping - 34 mappings in 'requestMappingHandlerMapping'
03:15:22.117 [Test worker] DEBUG o.s.w.r.r.m.a.ControllerMethodResolver - ControllerAdvice beans: none
03:15:22.133 [Test worker] DEBUG o.s.w.s.a.HttpWebHandlerAdapter - enableLoggingRequestDetails='false': form data and headers will be masked to prevent unsafe logging of potentially sensitive data
03:15:22.134 [Test worker] WARN  o.e.j.s.h.ContextHandler - Empty contextPath
03:15:22.134 [Test worker] INFO  o.e.j.s.h.ContextHandler - Started o.e.j.s.ServletContextHandler@473d114a{/,null,AVAILABLE}
03:15:22.134 [Test worker] DEBUG o.s.w.t.h.s.r.b.JettyHttpServer - Starting JettyHttpServer...
03:15:22.134 [Test worker] INFO  o.e.j.s.Server - jetty-9.4.31.v20200723; built: 2020-07-23T17:57:36.812Z; git: 450ba27947e13e66baa8cd1ce7e85a4461cacc1d; jvm 1.8.0_261-b12
03:15:22.139 [Test worker] INFO  o.e.j.s.AbstractConnector - Started ServerConnector@3b0d314b{HTTP/1.1, (http/1.1)}{0.0.0.0:62806}
03:15:22.139 [Test worker] INFO  o.e.j.s.Server - Started @153751ms
03:15:22.139 [Test worker] DEBUG o.s.w.t.h.s.r.b.JettyHttpServer - Server started on port 62806(0 millis).
03:15:22.140 [Test worker] DEBUG o.s.w.c.RestTemplate - HTTP GET http://localhost:62806/raw-response/flux
03:15:22.140 [Test worker] DEBUG o.s.w.c.RestTemplate - Accept=[text/plain, application/json, application/x-jackson-smile, application/*+json, */*]
03:15:22.143 [qtp342399342-1675] DEBUG o.s.w.s.a.HttpWebHandlerAdapter - [31e8ed54] HTTP GET "/raw-response/flux"
03:15:22.143 [qtp342399342-1675] DEBUG o.s.w.r.r.m.a.RequestMappingHandlerMapping - [31e8ed54] Mapped to org.springframework.web.reactive.result.method.annotation.RequestMappingMessageConversionIntegrationTests$RawResponseBodyController#getFlux()
03:15:22.146 [qtp342399342-1675] DEBUG o.s.w.r.r.m.a.ResponseBodyResultHandler - Using 'text/plain' given [text/plain, application/json, application/x-jackson-smile, application/*+json, */*] and supported [*/*, application/json, application/*+json, application/x-ndjson, application/x-jackson-smile, application/*+x-jackson-smile, text/event-stream]
03:15:22.146 [qtp342399342-1675] DEBUG o.s.w.r.r.m.a.ResponseBodyResultHandler - [31e8ed54] 0..N [java.nio.ByteBuffer]
03:15:22.146 [qtp342399342-1675] DEBUG o.s.c.c.ByteBufferEncoder - [31e8ed54] Writing 6 bytes
03:15:22.146 [Test worker] DEBUG o.s.w.c.RestTemplate - Response 200 OK
03:15:22.146 [qtp342399342-1675] DEBUG o.s.w.s.a.HttpWebHandlerAdapter - [31e8ed54] Completed 200 OK
03:15:22.147 [Test worker] DEBUG o.s.w.c.RestTemplate - Reading to [java.lang.String] as "text/plain"
03:15:22.147 [Test worker] DEBUG o.s.w.t.h.s.r.b.JettyHttpServer - Stopping JettyHttpServer...
03:15:22.147 [Test worker] INFO  o.e.j.s.h.ContextHandler - Stopped o.e.j.s.ServletContextHandler@473d114a{/,null,UNAVAILABLE}
03:15:22.149 [Test worker] INFO  o.e.j.s.AbstractConnector - Stopped ServerConnector@3b0d314b{HTTP/1.1, (http/1.1)}{0.0.0.0:0}
03:15:22.150 [Test worker] DEBUG o.s.w.t.h.s.r.b.JettyHttpServer - Server stopped (0 millis).
03:15:22.196 [Test worker] DEBUG o.s.w.r.r.m.a.RequestMappingHandlerMapping - 34 mappings in 'requestMappingHandlerMapping'
03:15:22.219 [Test worker] DEBUG o.s.w.r.r.m.a.ControllerMethodResolver - ControllerAdvice beans: none
03:15:22.235 [Test worker] DEBUG o.s.w.s.a.HttpWebHandlerAdapter - enableLoggingRequestDetails='false': form data and headers will be masked to prevent unsafe logging of potentially sensitive data
03:15:22.236 [Test worker] DEBUG o.s.w.t.h.s.r.b.ReactorHttpServer - Starting ReactorHttpServer...
03:15:22.236 [Test worker] DEBUG o.s.w.t.h.s.r.b.ReactorHttpServer - Server started on port 62812(0 millis).
03:15:22.237 [Test worker] DEBUG o.s.w.c.RestTemplate - HTTP GET http://localhost:62812/raw-response/flux
03:15:22.237 [Test worker] DEBUG o.s.w.c.RestTemplate - Accept=[text/plain, application/json, application/x-jackson-smile, application/*+json, */*]
03:15:22.240 [reactor-http-nio-2] DEBUG o.s.w.s.a.HttpWebHandlerAdapter - [baea09f4-43] HTTP GET "/raw-response/flux"
03:15:22.240 [reactor-http-nio-2] DEBUG o.s.w.r.r.m.a.RequestMappingHandlerMapping - [baea09f4-43] Mapped to org.springframework.web.reactive.result.method.annotation.RequestMappingMessageConversionIntegrationTests$RawResponseBodyController#getFlux()
03:15:22.242 [reactor-http-nio-2] DEBUG o.s.w.r.r.m.a.ResponseBodyResultHandler - Using 'text/plain' given [text/plain, application/json, application/x-jackson-smile, application/*+json, */*] and supported [*/*, application/json, application/*+json, application/x-ndjson, application/x-jackson-smile, application/*+x-jackson-smile, text/event-stream]
03:15:22.242 [reactor-http-nio-2] DEBUG o.s.w.r.r.m.a.ResponseBodyResultHandler - [baea09f4-43] 0..N [java.nio.ByteBuffer]
03:15:22.242 [reactor-http-nio-2] DEBUG o.s.c.c.ByteBufferEncoder - [baea09f4-43] Writing 6 bytes
03:15:22.243 [Test worker] DEBUG o.s.w.c.RestTemplate - Response 200 OK
03:15:22.244 [Test worker] DEBUG o.s.w.c.RestTemplate - Reading to [java.lang.String] as "text/plain"
03:15:22.244 [reactor-http-nio-2] DEBUG o.s.w.s.a.HttpWebHandlerAdapter - [baea09f4-43] Completed 200 OK
03:15:22.245 [Test worker] DEBUG o.s.w.t.h.s.r.b.ReactorHttpServer - Stopping ReactorHttpServer...
03:15:22.245 [Test worker] DEBUG o.s.w.t.h.s.r.b.ReactorHttpServer - Server stopped (0 millis).
03:15:22.304 [Test worker] DEBUG o.s.w.r.r.m.a.RequestMappingHandlerMapping - 34 mappings in 'requestMappingHandlerMapping'
03:15:22.326 [Test worker] DEBUG o.s.w.r.r.m.a.ControllerMethodResolver - ControllerAdvice beans: none
03:15:22.345 [Test worker] DEBUG o.s.w.s.a.HttpWebHandlerAdapter - enableLoggingRequestDetails='false': form data and headers will be masked to prevent unsafe logging of potentially sensitive data
03:15:22.345 [Test worker] DEBUG o.s.w.t.h.s.r.b.TomcatHttpServer - Starting TomcatHttpServer...
03:15:22.357 [Test worker] DEBUG o.s.w.t.h.s.r.b.TomcatHttpServer - Server started on port 62814(0 millis).
03:15:22.357 [Test worker] DEBUG o.s.w.c.RestTemplate - HTTP GET http://localhost:62814/raw-response/flux
03:15:22.357 [Test worker] DEBUG o.s.w.c.RestTemplate - Accept=[text/plain, application/json, application/x-jackson-smile, application/*+json, */*]
03:15:22.360 [http-nio-auto-41-exec-1] DEBUG o.s.w.s.a.HttpWebHandlerAdapter - [5df73c31] HTTP GET "/raw-response/flux"
03:15:22.361 [http-nio-auto-41-exec-1] DEBUG o.s.w.r.r.m.a.RequestMappingHandlerMapping - [5df73c31] Mapped to org.springframework.web.reactive.result.method.annotation.RequestMappingMessageConversionIntegrationTests$RawResponseBodyController#getFlux()
03:15:22.363 [http-nio-auto-41-exec-1] DEBUG o.s.w.r.r.m.a.ResponseBodyResultHandler - Using 'text/plain' given [text/plain, application/json, application/x-jackson-smile, application/*+json, */*] and supported [*/*, application/json, application/*+json, application/x-ndjson, application/x-jackson-smile, application/*+x-jackson-smile, text/event-stream]
03:15:22.363 [http-nio-auto-41-exec-1] DEBUG o.s.w.r.r.m.a.ResponseBodyResultHandler - [5df73c31] 0..N [java.nio.ByteBuffer]
03:15:22.363 [http-nio-auto-41-exec-1] DEBUG o.s.c.c.ByteBufferEncoder - [5df73c31] Writing 6 bytes
03:15:22.364 [http-nio-auto-41-exec-1] DEBUG o.s.w.s.a.HttpWebHandlerAdapter - [5df73c31] Completed 200 OK
03:15:22.364 [Test worker] DEBUG o.s.w.c.RestTemplate - Response 200 OK
03:15:22.364 [Test worker] DEBUG o.s.w.c.RestTemplate - Reading to [java.lang.String] as "text/plain"
03:15:22.364 [Test worker] DEBUG o.s.w.t.h.s.r.b.TomcatHttpServer - Stopping TomcatHttpServer...
03:15:22.543 [Test worker] DEBUG o.s.w.t.h.s.r.b.TomcatHttpServer - Server stopped (0 millis).
03:15:22.582 [Test worker] DEBUG o.s.w.r.r.m.a.RequestMappingHandlerMapping - 34 mappings in 'requestMappingHandlerMapping'
03:15:22.599 [Test worker] DEBUG o.s.w.r.r.m.a.ControllerMethodResolver - ControllerAdvice beans: none
03:15:22.613 [Test worker] DEBUG o.s.w.s.a.HttpWebHandlerAdapter - enableLoggingRequestDetails='false': form data and headers will be masked to prevent unsafe logging of potentially sensitive data
03:15:22.613 [Test worker] DEBUG o.s.w.t.h.s.r.b.UndertowHttpServer - Starting UndertowHttpServer...
03:15:22.613 [Test worker] INFO  i.undertow - starting server: Undertow - 2.1.3.Final
03:15:22.620 [Test worker] DEBUG o.s.w.t.h.s.r.b.UndertowHttpServer - Server started on port 62831(0 millis).
03:15:22.620 [Test worker] DEBUG o.s.w.c.RestTemplate - HTTP GET http://localhost:62831/raw-response/flux
03:15:22.620 [Test worker] DEBUG o.s.w.c.RestTemplate - Accept=[text/plain, application/json, application/x-jackson-smile, application/*+json, */*]
03:15:22.623 [XNIO-40 I/O-4] DEBUG o.s.w.s.a.HttpWebHandlerAdapter - [6deff5b] HTTP GET "/raw-response/flux"
03:15:22.623 [XNIO-40 I/O-4] DEBUG o.s.w.r.r.m.a.RequestMappingHandlerMapping - [6deff5b] Mapped to org.springframework.web.reactive.result.method.annotation.RequestMappingMessageConversionIntegrationTests$RawResponseBodyController#getFlux()
03:15:22.624 [XNIO-40 I/O-4] DEBUG o.s.w.r.r.m.a.ResponseBodyResultHandler - Using 'text/plain' given [text/plain, application/json, application/x-jackson-smile, application/*+json, */*] and supported [*/*, application/json, application/*+json, application/x-ndjson, application/x-jackson-smile, application/*+x-jackson-smile, text/event-stream]
03:15:22.624 [XNIO-40 I/O-4] DEBUG o.s.w.r.r.m.a.ResponseBodyResultHandler - [6deff5b] 0..N [java.nio.ByteBuffer]
03:15:22.624 [XNIO-40 I/O-4] DEBUG o.s.c.c.ByteBufferEncoder - [6deff5b] Writing 6 bytes
03:15:22.625 [XNIO-40 I/O-4] DEBUG o.s.w.s.a.HttpWebHandlerAdapter - [6deff5b] Completed 200 OK
03:15:22.625 [Test worker] DEBUG o.s.w.c.RestTemplate - Response 200 OK
03:15:22.625 [Test worker] DEBUG o.s.w.c.RestTemplate - Reading to [java.lang.String] as "text/plain"
03:15:22.625 [Test worker] DEBUG o.s.w.t.h.s.r.b.UndertowHttpServer - Stopping UndertowHttpServer...
03:15:22.625 [Test worker] INFO  i.undertow - stopping server: Undertow - 2.1.3.Final
03:15:22.627 [Test worker] DEBUG o.s.w.t.h.s.r.b.UndertowHttpServer - Server stopped (0 millis).
03:15:22.661 [Test worker] DEBUG o.s.w.r.r.m.a.RequestMappingHandlerMapping - 34 mappings in 'requestMappingHandlerMapping'
03:15:22.677 [Test worker] DEBUG o.s.w.r.r.m.a.ControllerMethodResolver - ControllerAdvice beans: none
03:15:22.689 [Test worker] DEBUG o.s.w.s.a.HttpWebHandlerAdapter - enableLoggingRequestDetails='false': form data and headers will be masked to prevent unsafe logging of potentially sensitive data
03:15:22.690 [Test worker] WARN  o.e.j.s.h.ContextHandler - Empty contextPath
03:15:22.690 [Test worker] INFO  o.e.j.s.h.ContextHandler - Started o.e.j.s.ServletContextHandler@50049869{/,null,AVAILABLE}
03:15:22.690 [Test worker] DEBUG o.s.w.t.h.s.r.b.JettyHttpServer - Starting JettyHttpServer...
03:15:22.690 [Test worker] INFO  o.e.j.s.Server - jetty-9.4.31.v20200723; built: 2020-07-23T17:57:36.812Z; git: 450ba27947e13e66baa8cd1ce7e85a4461cacc1d; jvm 1.8.0_261-b12
03:15:22.693 [Test worker] INFO  o.e.j.s.AbstractConnector - Started ServerConnector@346eade2{HTTP/1.1, (http/1.1)}{0.0.0.0:62833}
03:15:22.693 [Test worker] INFO  o.e.j.s.Server - Started @154305ms
03:15:22.693 [Test worker] DEBUG o.s.w.t.h.s.r.b.JettyHttpServer - Server started on port 62833(0 millis).
03:15:22.694 [Test worker] DEBUG o.s.w.c.RestTemplate - HTTP GET http://localhost:62833/raw-response/mono
03:15:22.694 [Test worker] DEBUG o.s.w.c.RestTemplate - Accept=[text/plain, application/json, application/x-jackson-smile, application/*+json, */*]
03:15:22.696 [qtp957301305-1717] DEBUG o.s.w.s.a.HttpWebHandlerAdapter - [6b24a07d] HTTP GET "/raw-response/mono"
03:15:22.696 [qtp957301305-1717] DEBUG o.s.w.r.r.m.a.RequestMappingHandlerMapping - [6b24a07d] Mapped to org.springframework.web.reactive.result.method.annotation.RequestMappingMessageConversionIntegrationTests$RawResponseBodyController#getMonoString()
03:15:22.698 [qtp957301305-1717] DEBUG o.s.w.r.r.m.a.ResponseBodyResultHandler - Using 'text/plain' given [text/plain, application/json, application/x-jackson-smile, application/*+json, */*] and supported [*/*, application/json, application/*+json, application/x-ndjson, application/x-jackson-smile, application/*+x-jackson-smile, text/event-stream]
03:15:22.698 [qtp957301305-1717] DEBUG o.s.w.r.r.m.a.ResponseBodyResultHandler - [6b24a07d] 0..1 [java.nio.ByteBuffer]
03:15:22.698 [qtp957301305-1717] DEBUG o.s.c.c.ByteBufferEncoder - [6b24a07d] Writing 6 bytes
03:15:22.698 [Test worker] DEBUG o.s.w.c.RestTemplate - Response 200 OK
03:15:22.698 [Test worker] DEBUG o.s.w.c.RestTemplate - Reading to [java.lang.String] as "text/plain"
03:15:22.698 [qtp957301305-1717] DEBUG o.s.w.s.a.HttpWebHandlerAdapter - [6b24a07d] Completed 200 OK
03:15:22.699 [Test worker] DEBUG o.s.w.t.h.s.r.b.JettyHttpServer - Stopping JettyHttpServer...
03:15:22.699 [Test worker] INFO  o.e.j.s.h.ContextHandler - Stopped o.e.j.s.ServletContextHandler@50049869{/,null,UNAVAILABLE}
03:15:22.700 [Test worker] INFO  o.e.j.s.AbstractConnector - Stopped ServerConnector@346eade2{HTTP/1.1, (http/1.1)}{0.0.0.0:0}
03:15:22.702 [Test worker] DEBUG o.s.w.t.h.s.r.b.JettyHttpServer - Server stopped (0 millis).
03:15:22.738 [Test worker] DEBUG o.s.w.r.r.m.a.RequestMappingHandlerMapping - 34 mappings in 'requestMappingHandlerMapping'
03:15:22.753 [Test worker] DEBUG o.s.w.r.r.m.a.ControllerMethodResolver - ControllerAdvice beans: none
03:15:22.766 [Test worker] DEBUG o.s.w.s.a.HttpWebHandlerAdapter - enableLoggingRequestDetails='false': form data and headers will be masked to prevent unsafe logging of potentially sensitive data
03:15:22.766 [Test worker] DEBUG o.s.w.t.h.s.r.b.ReactorHttpServer - Starting ReactorHttpServer...
03:15:22.766 [Test worker] DEBUG o.s.w.t.h.s.r.b.ReactorHttpServer - Server started on port 62839(0 millis).
03:15:22.767 [Test worker] DEBUG o.s.w.c.RestTemplate - HTTP GET http://localhost:62839/raw-response/mono
03:15:22.767 [Test worker] DEBUG o.s.w.c.RestTemplate - Accept=[text/plain, application/json, application/x-jackson-smile, application/*+json, */*]
03:15:22.770 [reactor-http-nio-4] DEBUG o.s.w.s.a.HttpWebHandlerAdapter - [dc10d013-44] HTTP GET "/raw-response/mono"
03:15:22.770 [reactor-http-nio-4] DEBUG o.s.w.r.r.m.a.RequestMappingHandlerMapping - [dc10d013-44] Mapped to org.springframework.web.reactive.result.method.annotation.RequestMappingMessageConversionIntegrationTests$RawResponseBodyController#getMonoString()
03:15:22.771 [reactor-http-nio-4] DEBUG o.s.w.r.r.m.a.ResponseBodyResultHandler - Using 'text/plain' given [text/plain, application/json, application/x-jackson-smile, application/*+json, */*] and supported [*/*, application/json, application/*+json, application/x-ndjson, application/x-jackson-smile, application/*+x-jackson-smile, text/event-stream]
03:15:22.771 [reactor-http-nio-4] DEBUG o.s.w.r.r.m.a.ResponseBodyResultHandler - [dc10d013-44] 0..1 [java.nio.ByteBuffer]
03:15:22.771 [reactor-http-nio-4] DEBUG o.s.c.c.ByteBufferEncoder - [dc10d013-44] Writing 6 bytes
03:15:22.772 [Test worker] DEBUG o.s.w.c.RestTemplate - Response 200 OK
03:15:22.772 [reactor-http-nio-4] DEBUG o.s.w.s.a.HttpWebHandlerAdapter - [dc10d013-44] Completed 200 OK
03:15:22.772 [Test worker] DEBUG o.s.w.c.RestTemplate - Reading to [java.lang.String] as "text/plain"
03:15:22.773 [Test worker] DEBUG o.s.w.t.h.s.r.b.ReactorHttpServer - Stopping ReactorHttpServer...
03:15:22.773 [Test worker] DEBUG o.s.w.t.h.s.r.b.ReactorHttpServer - Server stopped (0 millis).
03:15:22.811 [Test worker] DEBUG o.s.w.r.r.m.a.RequestMappingHandlerMapping - 34 mappings in 'requestMappingHandlerMapping'
03:15:22.839 [Test worker] DEBUG o.s.w.r.r.m.a.ControllerMethodResolver - ControllerAdvice beans: none
03:15:22.869 [Test worker] DEBUG o.s.w.s.a.HttpWebHandlerAdapter - enableLoggingRequestDetails='false': form data and headers will be masked to prevent unsafe logging of potentially sensitive data
03:15:22.870 [Test worker] DEBUG o.s.w.t.h.s.r.b.TomcatHttpServer - Starting TomcatHttpServer...
03:15:22.882 [Test worker] DEBUG o.s.w.t.h.s.r.b.TomcatHttpServer - Server started on port 62841(0 millis).
03:15:22.883 [Test worker] DEBUG o.s.w.c.RestTemplate - HTTP GET http://localhost:62841/raw-response/mono
03:15:22.883 [Test worker] DEBUG o.s.w.c.RestTemplate - Accept=[text/plain, application/json, application/x-jackson-smile, application/*+json, */*]
03:15:22.889 [http-nio-auto-42-exec-1] DEBUG o.s.w.s.a.HttpWebHandlerAdapter - [6cc4b65d] HTTP GET "/raw-response/mono"
03:15:22.889 [http-nio-auto-42-exec-1] DEBUG o.s.w.r.r.m.a.RequestMappingHandlerMapping - [6cc4b65d] Mapped to org.springframework.web.reactive.result.method.annotation.RequestMappingMessageConversionIntegrationTests$RawResponseBodyController#getMonoString()
03:15:22.892 [http-nio-auto-42-exec-1] DEBUG o.s.w.r.r.m.a.ResponseBodyResultHandler - Using 'text/plain' given [text/plain, application/json, application/x-jackson-smile, application/*+json, */*] and supported [*/*, application/json, application/*+json, application/x-ndjson, application/x-jackson-smile, application/*+x-jackson-smile, text/event-stream]
03:15:22.892 [http-nio-auto-42-exec-1] DEBUG o.s.w.r.r.m.a.ResponseBodyResultHandler - [6cc4b65d] 0..1 [java.nio.ByteBuffer]
03:15:22.892 [http-nio-auto-42-exec-1] DEBUG o.s.c.c.ByteBufferEncoder - [6cc4b65d] Writing 6 bytes
03:15:22.893 [http-nio-auto-42-exec-1] DEBUG o.s.w.s.a.HttpWebHandlerAdapter - [6cc4b65d] Completed 200 OK
03:15:22.893 [Test worker] DEBUG o.s.w.c.RestTemplate - Response 200 OK
03:15:22.893 [Test worker] DEBUG o.s.w.c.RestTemplate - Reading to [java.lang.String] as "text/plain"
03:15:22.893 [Test worker] DEBUG o.s.w.t.h.s.r.b.TomcatHttpServer - Stopping TomcatHttpServer...
03:15:23.145 [Test worker] DEBUG o.s.w.t.h.s.r.b.TomcatHttpServer - Server stopped (0 millis).
03:15:23.207 [Test worker] DEBUG o.s.w.r.r.m.a.RequestMappingHandlerMapping - 34 mappings in 'requestMappingHandlerMapping'
03:15:23.225 [Test worker] DEBUG o.s.w.r.r.m.a.ControllerMethodResolver - ControllerAdvice beans: none
03:15:23.238 [Test worker] DEBUG o.s.w.s.a.HttpWebHandlerAdapter - enableLoggingRequestDetails='false': form data and headers will be masked to prevent unsafe logging of potentially sensitive data
03:15:23.238 [Test worker] DEBUG o.s.w.t.h.s.r.b.UndertowHttpServer - Starting UndertowHttpServer...
03:15:23.238 [Test worker] INFO  i.undertow - starting server: Undertow - 2.1.3.Final
03:15:23.244 [Test worker] DEBUG o.s.w.t.h.s.r.b.UndertowHttpServer - Server started on port 62859(0 millis).
03:15:23.244 [Test worker] DEBUG o.s.w.c.RestTemplate - HTTP GET http://localhost:62859/raw-response/mono
03:15:23.244 [Test worker] DEBUG o.s.w.c.RestTemplate - Accept=[text/plain, application/json, application/x-jackson-smile, application/*+json, */*]
03:15:23.247 [XNIO-41 I/O-1] DEBUG o.s.w.s.a.HttpWebHandlerAdapter - [ca6d353] HTTP GET "/raw-response/mono"
03:15:23.247 [XNIO-41 I/O-1] DEBUG o.s.w.r.r.m.a.RequestMappingHandlerMapping - [ca6d353] Mapped to org.springframework.web.reactive.result.method.annotation.RequestMappingMessageConversionIntegrationTests$RawResponseBodyController#getMonoString()
03:15:23.248 [XNIO-41 I/O-1] DEBUG o.s.w.r.r.m.a.ResponseBodyResultHandler - Using 'text/plain' given [text/plain, application/json, application/x-jackson-smile, application/*+json, */*] and supported [*/*, application/json, application/*+json, application/x-ndjson, application/x-jackson-smile, application/*+x-jackson-smile, text/event-stream]
03:15:23.248 [XNIO-41 I/O-1] DEBUG o.s.w.r.r.m.a.ResponseBodyResultHandler - [ca6d353] 0..1 [java.nio.ByteBuffer]
03:15:23.249 [XNIO-41 I/O-1] DEBUG o.s.c.c.ByteBufferEncoder - [ca6d353] Writing 6 bytes
03:15:23.249 [XNIO-41 I/O-1] DEBUG o.s.w.s.a.HttpWebHandlerAdapter - [ca6d353] Completed 200 OK
03:15:23.249 [Test worker] DEBUG o.s.w.c.RestTemplate - Response 200 OK
03:15:23.249 [Test worker] DEBUG o.s.w.c.RestTemplate - Reading to [java.lang.String] as "text/plain"
03:15:23.249 [Test worker] DEBUG o.s.w.t.h.s.r.b.UndertowHttpServer - Stopping UndertowHttpServer...
03:15:23.249 [Test worker] INFO  i.undertow - stopping server: Undertow - 2.1.3.Final
03:15:23.252 [Test worker] DEBUG o.s.w.t.h.s.r.b.UndertowHttpServer - Server stopped (0 millis).
03:15:23.293 [Test worker] DEBUG o.s.w.r.r.m.a.RequestMappingHandlerMapping - 34 mappings in 'requestMappingHandlerMapping'
03:15:23.309 [Test worker] DEBUG o.s.w.r.r.m.a.ControllerMethodResolver - ControllerAdvice beans: none
03:15:23.323 [Test worker] DEBUG o.s.w.s.a.HttpWebHandlerAdapter - enableLoggingRequestDetails='false': form data and headers will be masked to prevent unsafe logging of potentially sensitive data
03:15:23.323 [Test worker] WARN  o.e.j.s.h.ContextHandler - Empty contextPath
03:15:23.324 [Test worker] INFO  o.e.j.s.h.ContextHandler - Started o.e.j.s.ServletContextHandler@5e6c88cb{/,null,AVAILABLE}
03:15:23.324 [Test worker] DEBUG o.s.w.t.h.s.r.b.JettyHttpServer - Starting JettyHttpServer...
03:15:23.324 [Test worker] INFO  o.e.j.s.Server - jetty-9.4.31.v20200723; built: 2020-07-23T17:57:36.812Z; git: 450ba27947e13e66baa8cd1ce7e85a4461cacc1d; jvm 1.8.0_261-b12
03:15:23.327 [Test worker] INFO  o.e.j.s.AbstractConnector - Started ServerConnector@6e430a73{HTTP/1.1, (http/1.1)}{0.0.0.0:62869}
03:15:23.328 [Test worker] INFO  o.e.j.s.Server - Started @154940ms
03:15:23.328 [Test worker] DEBUG o.s.w.t.h.s.r.b.JettyHttpServer - Server started on port 62869(0 millis).
03:15:23.328 [Test worker] DEBUG o.s.w.c.RestTemplate - HTTP POST http://localhost:62869/person-transform/flowable
03:15:23.329 [Test worker] DEBUG o.s.w.c.RestTemplate - Accept=[application/json, application/x-jackson-smile, application/*+json]
03:15:23.329 [Test worker] DEBUG o.s.w.c.RestTemplate - Writing [[Person{name='Robert'}, Person{name='Marie'}]] as "application/json"
03:15:23.333 [qtp364885697-1756] DEBUG o.s.w.s.a.HttpWebHandlerAdapter - [2442509d] HTTP POST "/person-transform/flowable"
03:15:23.333 [qtp364885697-1756] DEBUG o.s.w.r.r.m.a.RequestMappingHandlerMapping - [2442509d] Mapped to org.springframework.web.reactive.result.method.annotation.RequestMappingMessageConversionIntegrationTests$PersonTransformationController#transformFlowable(Flowable)
03:15:23.334 [qtp364885697-1756] DEBUG o.s.w.r.r.m.a.RequestBodyMethodArgumentResolver - [2442509d] Content-Type:application/json
03:15:23.335 [qtp364885697-1756] DEBUG o.s.w.r.r.m.a.RequestBodyMethodArgumentResolver - [2442509d] 0..N [org.springframework.web.reactive.result.method.annotation.RequestMappingMessageConversionIntegrationTests$Person]
03:15:23.336 [qtp364885697-1756] DEBUG o.s.w.r.r.m.a.ResponseBodyResultHandler - Using 'application/json' given [application/json] and supported [application/json, application/*+json, application/x-ndjson, application/x-jackson-smile, application/*+x-jackson-smile, application/xml, text/xml, text/event-stream]
03:15:23.336 [qtp364885697-1756] DEBUG o.s.w.r.r.m.a.ResponseBodyResultHandler - [2442509d] 0..N [org.springframework.web.reactive.result.method.annotation.RequestMappingMessageConversionIntegrationTests$Person]
03:15:23.506 [qtp364885697-1756] DEBUG o.s.h.c.j.Jackson2JsonDecoder - [2442509d] Decoded [Person{name='Robert'}]
03:15:23.506 [qtp364885697-1756] DEBUG o.s.h.c.j.Jackson2JsonDecoder - [2442509d] Decoded [Person{name='Marie'}]
03:15:23.507 [qtp364885697-1756] DEBUG o.s.h.c.j.Jackson2JsonEncoder - [2442509d] Encoding [[Person{name='ROBERT'}, Person{name='MARIE'}]]
03:15:23.507 [qtp364885697-1756] DEBUG o.s.w.s.a.HttpWebHandlerAdapter - [2442509d] Completed 200 OK
03:15:23.507 [Test worker] DEBUG o.s.w.c.RestTemplate - Response 200 OK
03:15:23.508 [Test worker] DEBUG o.s.w.c.RestTemplate - Reading to [java.util.List<org.springframework.web.reactive.result.method.annotation.RequestMappingMessageConversionIntegrationTests$Person>]
03:15:23.509 [Test worker] DEBUG o.s.w.t.h.s.r.b.JettyHttpServer - Stopping JettyHttpServer...
03:15:23.509 [Test worker] INFO  o.e.j.s.h.ContextHandler - Stopped o.e.j.s.ServletContextHandler@5e6c88cb{/,null,UNAVAILABLE}
03:15:23.510 [Test worker] INFO  o.e.j.s.AbstractConnector - Stopped ServerConnector@6e430a73{HTTP/1.1, (http/1.1)}{0.0.0.0:0}
03:15:23.512 [Test worker] DEBUG o.s.w.t.h.s.r.b.JettyHttpServer - Server stopped (0 millis).
03:15:23.570 [Test worker] DEBUG o.s.w.r.r.m.a.RequestMappingHandlerMapping - 34 mappings in 'requestMappingHandlerMapping'
03:15:23.591 [Test worker] DEBUG o.s.w.r.r.m.a.ControllerMethodResolver - ControllerAdvice beans: none
03:15:23.615 [Test worker] DEBUG o.s.w.s.a.HttpWebHandlerAdapter - enableLoggingRequestDetails='false': form data and headers will be masked to prevent unsafe logging of potentially sensitive data
03:15:23.615 [Test worker] DEBUG o.s.w.t.h.s.r.b.ReactorHttpServer - Starting ReactorHttpServer...
03:15:23.617 [Test worker] DEBUG o.s.w.t.h.s.r.b.ReactorHttpServer - Server started on port 62875(0 millis).
03:15:23.617 [Test worker] DEBUG o.s.w.c.RestTemplate - HTTP POST http://localhost:62875/person-transform/flowable
03:15:23.618 [Test worker] DEBUG o.s.w.c.RestTemplate - Accept=[application/json, application/x-jackson-smile, application/*+json]
03:15:23.618 [Test worker] DEBUG o.s.w.c.RestTemplate - Writing [[Person{name='Robert'}, Person{name='Marie'}]] as "application/json"
03:15:23.622 [reactor-http-nio-2] DEBUG o.s.w.s.a.HttpWebHandlerAdapter - [347e008f-45] HTTP POST "/person-transform/flowable"
03:15:23.622 [reactor-http-nio-2] DEBUG o.s.w.r.r.m.a.RequestMappingHandlerMapping - [347e008f-45] Mapped to org.springframework.web.reactive.result.method.annotation.RequestMappingMessageConversionIntegrationTests$PersonTransformationController#transformFlowable(Flowable)
03:15:23.622 [reactor-http-nio-2] DEBUG o.s.w.r.r.m.a.RequestBodyMethodArgumentResolver - [347e008f-45] Content-Type:application/json
03:15:23.623 [reactor-http-nio-2] DEBUG o.s.w.r.r.m.a.RequestBodyMethodArgumentResolver - [347e008f-45] 0..N [org.springframework.web.reactive.result.method.annotation.RequestMappingMessageConversionIntegrationTests$Person]
03:15:23.624 [reactor-http-nio-2] DEBUG o.s.w.r.r.m.a.ResponseBodyResultHandler - Using 'application/json' given [application/json] and supported [application/json, application/*+json, application/x-ndjson, application/x-jackson-smile, application/*+x-jackson-smile, application/xml, text/xml, text/event-stream]
03:15:23.624 [reactor-http-nio-2] DEBUG o.s.w.r.r.m.a.ResponseBodyResultHandler - [347e008f-45] 0..N [org.springframework.web.reactive.result.method.annotation.RequestMappingMessageConversionIntegrationTests$Person]
03:15:23.625 [reactor-http-nio-2] DEBUG o.s.h.c.j.Jackson2JsonDecoder - [347e008f-45] Decoded [Person{name='Robert'}]
03:15:23.625 [reactor-http-nio-2] DEBUG o.s.h.c.j.Jackson2JsonDecoder - [347e008f-45] Decoded [Person{name='Marie'}]
03:15:23.625 [reactor-http-nio-2] DEBUG o.s.h.c.j.Jackson2JsonEncoder - [347e008f-45] Encoding [[Person{name='ROBERT'}, Person{name='MARIE'}]]
03:15:23.626 [Test worker] DEBUG o.s.w.c.RestTemplate - Response 200 OK
03:15:23.627 [Test worker] DEBUG o.s.w.c.RestTemplate - Reading to [java.util.List<org.springframework.web.reactive.result.method.annotation.RequestMappingMessageConversionIntegrationTests$Person>]
03:15:23.627 [reactor-http-nio-2] DEBUG o.s.w.s.a.HttpWebHandlerAdapter - [347e008f-45] Completed 200 OK
03:15:23.628 [Test worker] DEBUG o.s.w.t.h.s.r.b.ReactorHttpServer - Stopping ReactorHttpServer...
03:15:23.628 [Test worker] DEBUG o.s.w.t.h.s.r.b.ReactorHttpServer - Server stopped (0 millis).
03:15:23.661 [Test worker] DEBUG o.s.w.r.r.m.a.RequestMappingHandlerMapping - 34 mappings in 'requestMappingHandlerMapping'
03:15:23.689 [Test worker] DEBUG o.s.w.r.r.m.a.ControllerMethodResolver - ControllerAdvice beans: none
03:15:23.702 [Test worker] DEBUG o.s.w.s.a.HttpWebHandlerAdapter - enableLoggingRequestDetails='false': form data and headers will be masked to prevent unsafe logging of potentially sensitive data
03:15:23.702 [Test worker] DEBUG o.s.w.t.h.s.r.b.TomcatHttpServer - Starting TomcatHttpServer...
03:15:23.713 [Test worker] DEBUG o.s.w.t.h.s.r.b.TomcatHttpServer - Server started on port 62877(0 millis).
03:15:23.713 [Test worker] DEBUG o.s.w.c.RestTemplate - HTTP POST http://localhost:62877/person-transform/flowable
03:15:23.713 [Test worker] DEBUG o.s.w.c.RestTemplate - Accept=[application/json, application/x-jackson-smile, application/*+json]
03:15:23.713 [Test worker] DEBUG o.s.w.c.RestTemplate - Writing [[Person{name='Robert'}, Person{name='Marie'}]] as "application/json"
03:15:23.718 [http-nio-auto-43-exec-1] DEBUG o.s.w.s.a.HttpWebHandlerAdapter - [5c48422f] HTTP POST "/person-transform/flowable"
03:15:23.719 [http-nio-auto-43-exec-1] DEBUG o.s.w.r.r.m.a.RequestMappingHandlerMapping - [5c48422f] Mapped to org.springframework.web.reactive.result.method.annotation.RequestMappingMessageConversionIntegrationTests$PersonTransformationController#transformFlowable(Flowable)
03:15:23.719 [http-nio-auto-43-exec-1] DEBUG o.s.w.r.r.m.a.RequestBodyMethodArgumentResolver - [5c48422f] Content-Type:application/json
03:15:23.720 [http-nio-auto-43-exec-1] DEBUG o.s.w.r.r.m.a.RequestBodyMethodArgumentResolver - [5c48422f] 0..N [org.springframework.web.reactive.result.method.annotation.RequestMappingMessageConversionIntegrationTests$Person]
03:15:23.721 [http-nio-auto-43-exec-1] DEBUG o.s.w.r.r.m.a.ResponseBodyResultHandler - Using 'application/json' given [application/json] and supported [application/json, application/*+json, application/x-ndjson, application/x-jackson-smile, application/*+x-jackson-smile, application/xml, text/xml, text/event-stream]
03:15:23.721 [http-nio-auto-43-exec-1] DEBUG o.s.w.r.r.m.a.ResponseBodyResultHandler - [5c48422f] 0..N [org.springframework.web.reactive.result.method.annotation.RequestMappingMessageConversionIntegrationTests$Person]
03:15:23.722 [http-nio-auto-43-exec-1] DEBUG o.s.h.c.j.Jackson2JsonDecoder - [5c48422f] Decoded [Person{name='Robert'}]
03:15:23.722 [http-nio-auto-43-exec-1] DEBUG o.s.h.c.j.Jackson2JsonDecoder - [5c48422f] Decoded [Person{name='Marie'}]
03:15:23.722 [http-nio-auto-43-exec-1] DEBUG o.s.h.c.j.Jackson2JsonEncoder - [5c48422f] Encoding [[Person{name='ROBERT'}, Person{name='MARIE'}]]
03:15:23.723 [http-nio-auto-43-exec-1] DEBUG o.s.w.s.a.HttpWebHandlerAdapter - [5c48422f] Completed 200 OK
03:15:23.723 [Test worker] DEBUG o.s.w.c.RestTemplate - Response 200 OK
03:15:23.723 [Test worker] DEBUG o.s.w.c.RestTemplate - Reading to [java.util.List<org.springframework.web.reactive.result.method.annotation.RequestMappingMessageConversionIntegrationTests$Person>]
03:15:23.724 [Test worker] DEBUG o.s.w.t.h.s.r.b.TomcatHttpServer - Stopping TomcatHttpServer...
03:15:23.913 [Test worker] DEBUG o.s.w.t.h.s.r.b.TomcatHttpServer - Server stopped (0 millis).
03:15:23.958 [Test worker] DEBUG o.s.w.r.r.m.a.RequestMappingHandlerMapping - 34 mappings in 'requestMappingHandlerMapping'
03:15:23.982 [Test worker] DEBUG o.s.w.r.r.m.a.ControllerMethodResolver - ControllerAdvice beans: none
03:15:24.006 [Test worker] DEBUG o.s.w.s.a.HttpWebHandlerAdapter - enableLoggingRequestDetails='false': form data and headers will be masked to prevent unsafe logging of potentially sensitive data
03:15:24.006 [Test worker] DEBUG o.s.w.t.h.s.r.b.UndertowHttpServer - Starting UndertowHttpServer...
03:15:24.006 [Test worker] INFO  i.undertow - starting server: Undertow - 2.1.3.Final
03:15:24.016 [Test worker] DEBUG o.s.w.t.h.s.r.b.UndertowHttpServer - Server started on port 62894(0 millis).
03:15:24.018 [Test worker] DEBUG o.s.w.c.RestTemplate - HTTP POST http://localhost:62894/person-transform/flowable
03:15:24.020 [Test worker] DEBUG o.s.w.c.RestTemplate - Accept=[application/json, application/x-jackson-smile, application/*+json]
03:15:24.021 [Test worker] DEBUG o.s.w.c.RestTemplate - Writing [[Person{name='Robert'}, Person{name='Marie'}]] as "application/json"
03:15:24.025 [XNIO-42 I/O-3] DEBUG o.s.w.s.a.HttpWebHandlerAdapter - [40f21250] HTTP POST "/person-transform/flowable"
03:15:24.025 [XNIO-42 I/O-3] DEBUG o.s.w.r.r.m.a.RequestMappingHandlerMapping - [40f21250] Mapped to org.springframework.web.reactive.result.method.annotation.RequestMappingMessageConversionIntegrationTests$PersonTransformationController#transformFlowable(Flowable)
03:15:24.026 [XNIO-42 I/O-3] DEBUG o.s.w.r.r.m.a.RequestBodyMethodArgumentResolver - [40f21250] Content-Type:application/json
03:15:24.026 [XNIO-42 I/O-3] DEBUG o.s.w.r.r.m.a.RequestBodyMethodArgumentResolver - [40f21250] 0..N [org.springframework.web.reactive.result.method.annotation.RequestMappingMessageConversionIntegrationTests$Person]
03:15:24.027 [XNIO-42 I/O-3] DEBUG o.s.w.r.r.m.a.ResponseBodyResultHandler - Using 'application/json' given [application/json] and supported [application/json, application/*+json, application/x-ndjson, application/x-jackson-smile, application/*+x-jackson-smile, application/xml, text/xml, text/event-stream]
03:15:24.027 [XNIO-42 I/O-3] DEBUG o.s.w.r.r.m.a.ResponseBodyResultHandler - [40f21250] 0..N [org.springframework.web.reactive.result.method.annotation.RequestMappingMessageConversionIntegrationTests$Person]
03:15:24.028 [XNIO-42 I/O-3] DEBUG o.s.h.c.j.Jackson2JsonDecoder - [40f21250] Decoded [Person{name='Robert'}]
03:15:24.028 [XNIO-42 I/O-3] DEBUG o.s.h.c.j.Jackson2JsonDecoder - [40f21250] Decoded [Person{name='Marie'}]
03:15:24.028 [XNIO-42 I/O-3] DEBUG o.s.h.c.j.Jackson2JsonEncoder - [40f21250] Encoding [[Person{name='ROBERT'}, Person{name='MARIE'}]]
03:15:24.029 [XNIO-42 I/O-3] DEBUG o.s.w.s.a.HttpWebHandlerAdapter - [40f21250] Completed 200 OK
03:15:24.029 [Test worker] DEBUG o.s.w.c.RestTemplate - Response 200 OK
03:15:24.029 [Test worker] DEBUG o.s.w.c.RestTemplate - Reading to [java.util.List<org.springframework.web.reactive.result.method.annotation.RequestMappingMessageConversionIntegrationTests$Person>]
03:15:24.030 [Test worker] DEBUG o.s.w.t.h.s.r.b.UndertowHttpServer - Stopping UndertowHttpServer...
03:15:24.030 [Test worker] INFO  i.undertow - stopping server: Undertow - 2.1.3.Final
03:15:24.033 [Test worker] DEBUG o.s.w.t.h.s.r.b.UndertowHttpServer - Server stopped (0 millis).
03:15:24.114 [Test worker] DEBUG o.s.w.r.r.m.a.RequestMappingHandlerMapping - 34 mappings in 'requestMappingHandlerMapping'
03:15:24.154 [Test worker] DEBUG o.s.w.r.r.m.a.ControllerMethodResolver - ControllerAdvice beans: none
03:15:24.179 [Test worker] DEBUG o.s.w.s.a.HttpWebHandlerAdapter - enableLoggingRequestDetails='false': form data and headers will be masked to prevent unsafe logging of potentially sensitive data
03:15:24.179 [Test worker] WARN  o.e.j.s.h.ContextHandler - Empty contextPath
03:15:24.180 [Test worker] INFO  o.e.j.s.h.ContextHandler - Started o.e.j.s.ServletContextHandler@2314b81f{/,null,AVAILABLE}
03:15:24.180 [Test worker] DEBUG o.s.w.t.h.s.r.b.JettyHttpServer - Starting JettyHttpServer...
03:15:24.180 [Test worker] INFO  o.e.j.s.Server - jetty-9.4.31.v20200723; built: 2020-07-23T17:57:36.812Z; git: 450ba27947e13e66baa8cd1ce7e85a4461cacc1d; jvm 1.8.0_261-b12
03:15:24.183 [Test worker] INFO  o.e.j.s.AbstractConnector - Started ServerConnector@16386c81{HTTP/1.1, (http/1.1)}{0.0.0.0:62896}
03:15:24.184 [Test worker] INFO  o.e.j.s.Server - Started @155796ms
03:15:24.184 [Test worker] DEBUG o.s.w.t.h.s.r.b.JettyHttpServer - Server started on port 62896(0 millis).
03:15:24.184 [Test worker] DEBUG o.s.w.c.RestTemplate - HTTP POST http://localhost:62896/person-create/flux
03:15:24.184 [Test worker] DEBUG o.s.w.c.RestTemplate - Accept=[application/json, application/x-jackson-smile, application/*+json]
03:15:24.184 [Test worker] DEBUG o.s.w.c.RestTemplate - Writing [[Person{name='Robert'}, Person{name='Marie'}]] as "application/json"
03:15:24.193 [qtp2085016653-1798] DEBUG o.s.w.s.a.HttpWebHandlerAdapter - [709295f7] HTTP POST "/person-create/flux"
03:15:24.193 [qtp2085016653-1798] DEBUG o.s.w.r.r.m.a.RequestMappingHandlerMapping - [709295f7] Mapped to org.springframework.web.reactive.result.method.annotation.RequestMappingMessageConversionIntegrationTests$PersonCreateController#createWithFlux(Flux)
03:15:24.195 [qtp2085016653-1798] DEBUG o.s.w.r.r.m.a.RequestBodyMethodArgumentResolver - [709295f7] Content-Type:application/json
03:15:24.196 [qtp2085016653-1798] DEBUG o.s.w.r.r.m.a.RequestBodyMethodArgumentResolver - [709295f7] 0..N [org.springframework.web.reactive.result.method.annotation.RequestMappingMessageConversionIntegrationTests$Person]
03:15:24.197 [qtp2085016653-1798] DEBUG o.s.h.c.j.Jackson2JsonDecoder - [709295f7] Decoded [Person{name='Robert'}]
03:15:24.197 [qtp2085016653-1798] DEBUG o.s.h.c.j.Jackson2JsonDecoder - [709295f7] Decoded [Person{name='Marie'}]
03:15:24.198 [qtp2085016653-1798] DEBUG o.s.w.s.a.HttpWebHandlerAdapter - [709295f7] Completed 200 OK
03:15:24.198 [Test worker] DEBUG o.s.w.c.RestTemplate - Response 200 OK
03:15:24.198 [Test worker] DEBUG o.s.w.t.h.s.r.b.JettyHttpServer - Stopping JettyHttpServer...
03:15:24.199 [Test worker] INFO  o.e.j.s.h.ContextHandler - Stopped o.e.j.s.ServletContextHandler@2314b81f{/,null,UNAVAILABLE}
03:15:24.205 [Test worker] INFO  o.e.j.s.AbstractConnector - Stopped ServerConnector@16386c81{HTTP/1.1, (http/1.1)}{0.0.0.0:0}
03:15:24.206 [Test worker] DEBUG o.s.w.t.h.s.r.b.JettyHttpServer - Server stopped (0 millis).
03:15:24.256 [Test worker] DEBUG o.s.w.r.r.m.a.RequestMappingHandlerMapping - 34 mappings in 'requestMappingHandlerMapping'
03:15:24.273 [Test worker] DEBUG o.s.w.r.r.m.a.ControllerMethodResolver - ControllerAdvice beans: none
03:15:24.287 [Test worker] DEBUG o.s.w.s.a.HttpWebHandlerAdapter - enableLoggingRequestDetails='false': form data and headers will be masked to prevent unsafe logging of potentially sensitive data
03:15:24.287 [Test worker] DEBUG o.s.w.t.h.s.r.b.ReactorHttpServer - Starting ReactorHttpServer...
03:15:24.288 [Test worker] DEBUG o.s.w.t.h.s.r.b.ReactorHttpServer - Server started on port 62902(0 millis).
03:15:24.288 [Test worker] DEBUG o.s.w.c.RestTemplate - HTTP POST http://localhost:62902/person-create/flux
03:15:24.289 [Test worker] DEBUG o.s.w.c.RestTemplate - Accept=[application/json, application/x-jackson-smile, application/*+json]
03:15:24.289 [Test worker] DEBUG o.s.w.c.RestTemplate - Writing [[Person{name='Robert'}, Person{name='Marie'}]] as "application/json"
03:15:24.292 [reactor-http-nio-4] DEBUG o.s.w.s.a.HttpWebHandlerAdapter - [19a87c93-46] HTTP POST "/person-create/flux"
03:15:24.293 [reactor-http-nio-4] DEBUG o.s.w.r.r.m.a.RequestMappingHandlerMapping - [19a87c93-46] Mapped to org.springframework.web.reactive.result.method.annotation.RequestMappingMessageConversionIntegrationTests$PersonCreateController#createWithFlux(Flux)
03:15:24.293 [reactor-http-nio-4] DEBUG o.s.w.r.r.m.a.RequestBodyMethodArgumentResolver - [19a87c93-46] Content-Type:application/json
03:15:24.293 [reactor-http-nio-4] DEBUG o.s.w.r.r.m.a.RequestBodyMethodArgumentResolver - [19a87c93-46] 0..N [org.springframework.web.reactive.result.method.annotation.RequestMappingMessageConversionIntegrationTests$Person]
03:15:24.294 [reactor-http-nio-4] DEBUG o.s.h.c.j.Jackson2JsonDecoder - [19a87c93-46] Decoded [Person{name='Robert'}]
03:15:24.294 [reactor-http-nio-4] DEBUG o.s.h.c.j.Jackson2JsonDecoder - [19a87c93-46] Decoded [Person{name='Marie'}]
03:15:24.294 [reactor-http-nio-4] DEBUG o.s.w.s.a.HttpWebHandlerAdapter - [19a87c93-46] Completed 200 OK
03:15:24.295 [Test worker] DEBUG o.s.w.c.RestTemplate - Response 200 OK
03:15:24.295 [Test worker] DEBUG o.s.w.t.h.s.r.b.ReactorHttpServer - Stopping ReactorHttpServer...
03:15:24.295 [Test worker] DEBUG o.s.w.t.h.s.r.b.ReactorHttpServer - Server stopped (0 millis).
03:15:24.337 [Test worker] DEBUG o.s.w.r.r.m.a.RequestMappingHandlerMapping - 34 mappings in 'requestMappingHandlerMapping'
03:15:24.367 [Test worker] DEBUG o.s.w.r.r.m.a.ControllerMethodResolver - ControllerAdvice beans: none
03:15:24.392 [Test worker] DEBUG o.s.w.s.a.HttpWebHandlerAdapter - enableLoggingRequestDetails='false': form data and headers will be masked to prevent unsafe logging of potentially sensitive data
03:15:24.393 [Test worker] DEBUG o.s.w.t.h.s.r.b.TomcatHttpServer - Starting TomcatHttpServer...
03:15:24.411 [Test worker] DEBUG o.s.w.t.h.s.r.b.TomcatHttpServer - Server started on port 62904(0 millis).
03:15:24.411 [Test worker] DEBUG o.s.w.c.RestTemplate - HTTP POST http://localhost:62904/person-create/flux
03:15:24.411 [Test worker] DEBUG o.s.w.c.RestTemplate - Accept=[application/json, application/x-jackson-smile, application/*+json]
03:15:24.412 [Test worker] DEBUG o.s.w.c.RestTemplate - Writing [[Person{name='Robert'}, Person{name='Marie'}]] as "application/json"
03:15:24.418 [http-nio-auto-44-exec-1] DEBUG o.s.w.s.a.HttpWebHandlerAdapter - [5e71c3cc] HTTP POST "/person-create/flux"
03:15:24.418 [http-nio-auto-44-exec-1] DEBUG o.s.w.r.r.m.a.RequestMappingHandlerMapping - [5e71c3cc] Mapped to org.springframework.web.reactive.result.method.annotation.RequestMappingMessageConversionIntegrationTests$PersonCreateController#createWithFlux(Flux)
03:15:24.419 [http-nio-auto-44-exec-1] DEBUG o.s.w.r.r.m.a.RequestBodyMethodArgumentResolver - [5e71c3cc] Content-Type:application/json
03:15:24.419 [http-nio-auto-44-exec-1] DEBUG o.s.w.r.r.m.a.RequestBodyMethodArgumentResolver - [5e71c3cc] 0..N [org.springframework.web.reactive.result.method.annotation.RequestMappingMessageConversionIntegrationTests$Person]
03:15:24.421 [http-nio-auto-44-exec-1] DEBUG o.s.h.c.j.Jackson2JsonDecoder - [5e71c3cc] Decoded [Person{name='Robert'}]
03:15:24.421 [http-nio-auto-44-exec-1] DEBUG o.s.h.c.j.Jackson2JsonDecoder - [5e71c3cc] Decoded [Person{name='Marie'}]
03:15:24.421 [http-nio-auto-44-exec-1] DEBUG o.s.w.s.a.HttpWebHandlerAdapter - [5e71c3cc] Completed 200 OK
03:15:24.422 [Test worker] DEBUG o.s.w.c.RestTemplate - Response 200 OK
03:15:24.422 [Test worker] DEBUG o.s.w.t.h.s.r.b.TomcatHttpServer - Stopping TomcatHttpServer...
03:15:24.901 [Test worker] DEBUG o.s.w.t.h.s.r.b.TomcatHttpServer - Server stopped (0 millis).
03:15:24.978 [Test worker] DEBUG o.s.w.r.r.m.a.RequestMappingHandlerMapping - 34 mappings in 'requestMappingHandlerMapping'
03:15:24.998 [Test worker] DEBUG o.s.w.r.r.m.a.ControllerMethodResolver - ControllerAdvice beans: none
03:15:25.019 [Test worker] DEBUG o.s.w.s.a.HttpWebHandlerAdapter - enableLoggingRequestDetails='false': form data and headers will be masked to prevent unsafe logging of potentially sensitive data
03:15:25.020 [Test worker] DEBUG o.s.w.t.h.s.r.b.UndertowHttpServer - Starting UndertowHttpServer...
03:15:25.020 [Test worker] INFO  i.undertow - starting server: Undertow - 2.1.3.Final
03:15:25.028 [Test worker] DEBUG o.s.w.t.h.s.r.b.UndertowHttpServer - Server started on port 62921(0 millis).
03:15:25.028 [Test worker] DEBUG o.s.w.c.RestTemplate - HTTP POST http://localhost:62921/person-create/flux
03:15:25.029 [Test worker] DEBUG o.s.w.c.RestTemplate - Accept=[application/json, application/x-jackson-smile, application/*+json]
03:15:25.029 [Test worker] DEBUG o.s.w.c.RestTemplate - Writing [[Person{name='Robert'}, Person{name='Marie'}]] as "application/json"
03:15:25.039 [XNIO-43 I/O-3] DEBUG o.s.w.s.a.HttpWebHandlerAdapter - [2233941d] HTTP POST "/person-create/flux"
03:15:25.040 [XNIO-43 I/O-3] DEBUG o.s.w.r.r.m.a.RequestMappingHandlerMapping - [2233941d] Mapped to org.springframework.web.reactive.result.method.annotation.RequestMappingMessageConversionIntegrationTests$PersonCreateController#createWithFlux(Flux)
03:15:25.040 [XNIO-43 I/O-3] DEBUG o.s.w.r.r.m.a.RequestBodyMethodArgumentResolver - [2233941d] Content-Type:application/json
03:15:25.041 [XNIO-43 I/O-3] DEBUG o.s.w.r.r.m.a.RequestBodyMethodArgumentResolver - [2233941d] 0..N [org.springframework.web.reactive.result.method.annotation.RequestMappingMessageConversionIntegrationTests$Person]
03:15:25.041 [XNIO-43 I/O-3] DEBUG o.s.h.c.j.Jackson2JsonDecoder - [2233941d] Decoded [Person{name='Robert'}]
03:15:25.042 [XNIO-43 I/O-3] DEBUG o.s.h.c.j.Jackson2JsonDecoder - [2233941d] Decoded [Person{name='Marie'}]
03:15:25.042 [XNIO-43 I/O-3] DEBUG o.s.w.s.a.HttpWebHandlerAdapter - [2233941d] Completed 200 OK
03:15:25.042 [Test worker] DEBUG o.s.w.c.RestTemplate - Response 200 OK
03:15:25.042 [Test worker] DEBUG o.s.w.t.h.s.r.b.UndertowHttpServer - Stopping UndertowHttpServer...
03:15:25.042 [Test worker] INFO  i.undertow - stopping server: Undertow - 2.1.3.Final
03:15:25.048 [Test worker] DEBUG o.s.w.t.h.s.r.b.UndertowHttpServer - Server stopped (0 millis).
03:15:25.169 [Test worker] DEBUG o.s.w.r.r.m.a.RequestMappingHandlerMapping - 34 mappings in 'requestMappingHandlerMapping'
03:15:25.218 [Test worker] DEBUG o.s.w.r.r.m.a.ControllerMethodResolver - ControllerAdvice beans: none
03:15:25.256 [Test worker] DEBUG o.s.w.s.a.HttpWebHandlerAdapter - enableLoggingRequestDetails='false': form data and headers will be masked to prevent unsafe logging of potentially sensitive data
03:15:25.256 [Test worker] WARN  o.e.j.s.h.ContextHandler - Empty contextPath
03:15:25.257 [Test worker] INFO  o.e.j.s.h.ContextHandler - Started o.e.j.s.ServletContextHandler@1ec48dd9{/,null,AVAILABLE}
03:15:25.257 [Test worker] DEBUG o.s.w.t.h.s.r.b.JettyHttpServer - Starting JettyHttpServer...
03:15:25.257 [Test worker] INFO  o.e.j.s.Server - jetty-9.4.31.v20200723; built: 2020-07-23T17:57:36.812Z; git: 450ba27947e13e66baa8cd1ce7e85a4461cacc1d; jvm 1.8.0_261-b12
03:15:25.278 [Test worker] INFO  o.e.j.s.AbstractConnector - Started ServerConnector@11ad547d{HTTP/1.1, (http/1.1)}{0.0.0.0:62923}
03:15:25.278 [Test worker] INFO  o.e.j.s.Server - Started @156890ms
03:15:25.278 [Test worker] DEBUG o.s.w.t.h.s.r.b.JettyHttpServer - Server started on port 62923(0 millis).
03:15:25.278 [Test worker] DEBUG o.s.w.c.RestTemplate - HTTP POST http://localhost:62923/person-create/flowable
03:15:25.278 [Test worker] DEBUG o.s.w.c.RestTemplate - Accept=[application/json, application/x-jackson-smile, application/*+json]
03:15:25.279 [Test worker] DEBUG o.s.w.c.RestTemplate - Writing [org.springframework.web.reactive.result.method.annotation.RequestMappingMessageConversionIntegrationTests$People@28f3ed14] as "application/xml"
03:15:25.287 [qtp1635558387-1839] DEBUG o.s.w.s.a.HttpWebHandlerAdapter - [1c80eeab] HTTP POST "/person-create/flowable"
03:15:25.288 [qtp1635558387-1839] DEBUG o.s.w.r.r.m.a.RequestMappingHandlerMapping - [1c80eeab] Mapped to org.springframework.web.reactive.result.method.annotation.RequestMappingMessageConversionIntegrationTests$PersonCreateController#createWithFlowable(Flowable)
03:15:25.289 [qtp1635558387-1839] DEBUG o.s.w.r.r.m.a.RequestBodyMethodArgumentResolver - [1c80eeab] Content-Type:application/xml
03:15:25.291 [qtp1635558387-1839] DEBUG o.s.w.r.r.m.a.RequestBodyMethodArgumentResolver - [1c80eeab] 0..N [org.springframework.web.reactive.result.method.annotation.RequestMappingMessageConversionIntegrationTests$Person]
03:15:25.300 [qtp1635558387-1839] DEBUG o.s.h.c.x.Jaxb2XmlDecoder - [1c80eeab] Decoded [Person{name='Robert'}]
03:15:25.301 [qtp1635558387-1839] DEBUG o.s.h.c.x.Jaxb2XmlDecoder - [1c80eeab] Decoded [Person{name='Marie'}]
03:15:25.301 [qtp1635558387-1839] DEBUG o.s.w.s.a.HttpWebHandlerAdapter - [1c80eeab] Completed 200 OK
03:15:25.301 [Test worker] DEBUG o.s.w.c.RestTemplate - Response 200 OK
03:15:25.302 [Test worker] DEBUG o.s.w.t.h.s.r.b.JettyHttpServer - Stopping JettyHttpServer...
03:15:25.302 [Test worker] INFO  o.e.j.s.h.ContextHandler - Stopped o.e.j.s.ServletContextHandler@1ec48dd9{/,null,UNAVAILABLE}
03:15:25.304 [Test worker] INFO  o.e.j.s.AbstractConnector - Stopped ServerConnector@11ad547d{HTTP/1.1, (http/1.1)}{0.0.0.0:0}
03:15:25.305 [Test worker] DEBUG o.s.w.t.h.s.r.b.JettyHttpServer - Server stopped (0 millis).
03:15:25.390 [Test worker] DEBUG o.s.w.r.r.m.a.RequestMappingHandlerMapping - 34 mappings in 'requestMappingHandlerMapping'
03:15:25.430 [Test worker] DEBUG o.s.w.r.r.m.a.ControllerMethodResolver - ControllerAdvice beans: none
03:15:25.467 [Test worker] DEBUG o.s.w.s.a.HttpWebHandlerAdapter - enableLoggingRequestDetails='false': form data and headers will be masked to prevent unsafe logging of potentially sensitive data
03:15:25.467 [Test worker] DEBUG o.s.w.t.h.s.r.b.ReactorHttpServer - Starting ReactorHttpServer...
03:15:25.468 [Test worker] DEBUG o.s.w.t.h.s.r.b.ReactorHttpServer - Server started on port 62929(0 millis).
03:15:25.468 [Test worker] DEBUG o.s.w.c.RestTemplate - HTTP POST http://localhost:62929/person-create/flowable
03:15:25.469 [Test worker] DEBUG o.s.w.c.RestTemplate - Accept=[application/json, application/x-jackson-smile, application/*+json]
03:15:25.469 [Test worker] DEBUG o.s.w.c.RestTemplate - Writing [org.springframework.web.reactive.result.method.annotation.RequestMappingMessageConversionIntegrationTests$People@fd64091] as "application/xml"
03:15:25.476 [reactor-http-nio-2] DEBUG o.s.w.s.a.HttpWebHandlerAdapter - [db0389ed-47] HTTP POST "/person-create/flowable"
03:15:25.476 [reactor-http-nio-2] DEBUG o.s.w.r.r.m.a.RequestMappingHandlerMapping - [db0389ed-47] Mapped to org.springframework.web.reactive.result.method.annotation.RequestMappingMessageConversionIntegrationTests$PersonCreateController#createWithFlowable(Flowable)
03:15:25.477 [reactor-http-nio-2] DEBUG o.s.w.r.r.m.a.RequestBodyMethodArgumentResolver - [db0389ed-47] Content-Type:application/xml
03:15:25.477 [reactor-http-nio-2] DEBUG o.s.w.r.r.m.a.RequestBodyMethodArgumentResolver - [db0389ed-47] 0..N [org.springframework.web.reactive.result.method.annotation.RequestMappingMessageConversionIntegrationTests$Person]
03:15:25.482 [reactor-http-nio-2] DEBUG o.s.h.c.x.Jaxb2XmlDecoder - [db0389ed-47] Decoded [Person{name='Robert'}]
03:15:25.482 [reactor-http-nio-2] DEBUG o.s.h.c.x.Jaxb2XmlDecoder - [db0389ed-47] Decoded [Person{name='Marie'}]
03:15:25.482 [reactor-http-nio-2] DEBUG o.s.w.s.a.HttpWebHandlerAdapter - [db0389ed-47] Completed 200 OK
03:15:25.484 [Test worker] DEBUG o.s.w.c.RestTemplate - Response 200 OK
03:15:25.484 [Test worker] DEBUG o.s.w.t.h.s.r.b.ReactorHttpServer - Stopping ReactorHttpServer...
03:15:25.484 [Test worker] DEBUG o.s.w.t.h.s.r.b.ReactorHttpServer - Server stopped (0 millis).
03:15:25.545 [Test worker] DEBUG o.s.w.r.r.m.a.RequestMappingHandlerMapping - 34 mappings in 'requestMappingHandlerMapping'
03:15:25.576 [Test worker] DEBUG o.s.w.r.r.m.a.ControllerMethodResolver - ControllerAdvice beans: none
03:15:25.637 [Test worker] DEBUG o.s.w.s.a.HttpWebHandlerAdapter - enableLoggingRequestDetails='false': form data and headers will be masked to prevent unsafe logging of potentially sensitive data
03:15:25.639 [Test worker] DEBUG o.s.w.t.h.s.r.b.TomcatHttpServer - Starting TomcatHttpServer...
03:15:25.655 [Test worker] DEBUG o.s.w.t.h.s.r.b.TomcatHttpServer - Server started on port 62931(0 millis).
03:15:25.655 [Test worker] DEBUG o.s.w.c.RestTemplate - HTTP POST http://localhost:62931/person-create/flowable
03:15:25.655 [Test worker] DEBUG o.s.w.c.RestTemplate - Accept=[application/json, application/x-jackson-smile, application/*+json]
03:15:25.656 [Test worker] DEBUG o.s.w.c.RestTemplate - Writing [org.springframework.web.reactive.result.method.annotation.RequestMappingMessageConversionIntegrationTests$People@5df0b368] as "application/xml"
03:15:25.707 [http-nio-auto-45-exec-1] DEBUG o.s.w.s.a.HttpWebHandlerAdapter - [6bd6176d] HTTP POST "/person-create/flowable"
03:15:25.708 [http-nio-auto-45-exec-1] DEBUG o.s.w.r.r.m.a.RequestMappingHandlerMapping - [6bd6176d] Mapped to org.springframework.web.reactive.result.method.annotation.RequestMappingMessageConversionIntegrationTests$PersonCreateController#createWithFlowable(Flowable)
03:15:25.708 [http-nio-auto-45-exec-1] DEBUG o.s.w.r.r.m.a.RequestBodyMethodArgumentResolver - [6bd6176d] Content-Type:application/xml
03:15:25.709 [http-nio-auto-45-exec-1] DEBUG o.s.w.r.r.m.a.RequestBodyMethodArgumentResolver - [6bd6176d] 0..N [org.springframework.web.reactive.result.method.annotation.RequestMappingMessageConversionIntegrationTests$Person]
03:15:25.715 [http-nio-auto-45-exec-1] DEBUG o.s.h.c.x.Jaxb2XmlDecoder - [6bd6176d] Decoded [Person{name='Robert'}]
03:15:25.715 [http-nio-auto-45-exec-1] DEBUG o.s.h.c.x.Jaxb2XmlDecoder - [6bd6176d] Decoded [Person{name='Marie'}]
03:15:25.715 [http-nio-auto-45-exec-1] DEBUG o.s.w.s.a.HttpWebHandlerAdapter - [6bd6176d] Completed 200 OK
03:15:25.716 [Test worker] DEBUG o.s.w.c.RestTemplate - Response 200 OK
03:15:25.716 [Test worker] DEBUG o.s.w.t.h.s.r.b.TomcatHttpServer - Stopping TomcatHttpServer...
03:15:26.169 [Test worker] DEBUG o.s.w.t.h.s.r.b.TomcatHttpServer - Server stopped (0 millis).
03:15:26.423 [Test worker] DEBUG o.s.w.r.r.m.a.RequestMappingHandlerMapping - 34 mappings in 'requestMappingHandlerMapping'
03:15:26.453 [Test worker] DEBUG o.s.w.r.r.m.a.ControllerMethodResolver - ControllerAdvice beans: none
03:15:26.487 [Test worker] DEBUG o.s.w.s.a.HttpWebHandlerAdapter - enableLoggingRequestDetails='false': form data and headers will be masked to prevent unsafe logging of potentially sensitive data
03:15:26.487 [Test worker] DEBUG o.s.w.t.h.s.r.b.UndertowHttpServer - Starting UndertowHttpServer...
03:15:26.487 [Test worker] INFO  i.undertow - starting server: Undertow - 2.1.3.Final
03:15:26.498 [Test worker] DEBUG o.s.w.t.h.s.r.b.UndertowHttpServer - Server started on port 62949(0 millis).
03:15:26.498 [Test worker] DEBUG o.s.w.c.RestTemplate - HTTP POST http://localhost:62949/person-create/flowable
03:15:26.499 [Test worker] DEBUG o.s.w.c.RestTemplate - Accept=[application/json, application/x-jackson-smile, application/*+json]
03:15:26.500 [Test worker] DEBUG o.s.w.c.RestTemplate - Writing [org.springframework.web.reactive.result.method.annotation.RequestMappingMessageConversionIntegrationTests$People@599adcb4] as "application/xml"
03:15:26.512 [XNIO-44 I/O-1] DEBUG o.s.w.s.a.HttpWebHandlerAdapter - [fce09df] HTTP POST "/person-create/flowable"
03:15:26.512 [XNIO-44 I/O-1] DEBUG o.s.w.r.r.m.a.RequestMappingHandlerMapping - [fce09df] Mapped to org.springframework.web.reactive.result.method.annotation.RequestMappingMessageConversionIntegrationTests$PersonCreateController#createWithFlowable(Flowable)
03:15:26.513 [XNIO-44 I/O-1] DEBUG o.s.w.r.r.m.a.RequestBodyMethodArgumentResolver - [fce09df] Content-Type:application/xml
03:15:26.514 [XNIO-44 I/O-1] DEBUG o.s.w.r.r.m.a.RequestBodyMethodArgumentResolver - [fce09df] 0..N [org.springframework.web.reactive.result.method.annotation.RequestMappingMessageConversionIntegrationTests$Person]
03:15:26.518 [XNIO-44 I/O-1] DEBUG o.s.h.c.x.Jaxb2XmlDecoder - [fce09df] Decoded [Person{name='Robert'}]
03:15:26.518 [XNIO-44 I/O-1] DEBUG o.s.h.c.x.Jaxb2XmlDecoder - [fce09df] Decoded [Person{name='Marie'}]
03:15:26.518 [XNIO-44 I/O-1] DEBUG o.s.w.s.a.HttpWebHandlerAdapter - [fce09df] Completed 200 OK
03:15:26.518 [Test worker] DEBUG o.s.w.c.RestTemplate - Response 200 OK
03:15:26.519 [Test worker] DEBUG o.s.w.t.h.s.r.b.UndertowHttpServer - Stopping UndertowHttpServer...
03:15:26.519 [Test worker] INFO  i.undertow - stopping server: Undertow - 2.1.3.Final
03:15:26.522 [Test worker] DEBUG o.s.w.t.h.s.r.b.UndertowHttpServer - Server stopped (0 millis).
03:15:26.589 [Test worker] DEBUG o.s.w.r.r.m.a.RequestMappingHandlerMapping - 34 mappings in 'requestMappingHandlerMapping'
03:15:26.719 [Test worker] DEBUG o.s.w.r.r.m.a.ControllerMethodResolver - ControllerAdvice beans: none
03:15:26.765 [Test worker] DEBUG o.s.w.s.a.HttpWebHandlerAdapter - enableLoggingRequestDetails='false': form data and headers will be masked to prevent unsafe logging of potentially sensitive data
03:15:26.765 [Test worker] WARN  o.e.j.s.h.ContextHandler - Empty contextPath
03:15:26.766 [Test worker] INFO  o.e.j.s.h.ContextHandler - Started o.e.j.s.ServletContextHandler@32a3701c{/,null,AVAILABLE}
03:15:26.766 [Test worker] DEBUG o.s.w.t.h.s.r.b.JettyHttpServer - Starting JettyHttpServer...
03:15:26.766 [Test worker] INFO  o.e.j.s.Server - jetty-9.4.31.v20200723; built: 2020-07-23T17:57:36.812Z; git: 450ba27947e13e66baa8cd1ce7e85a4461cacc1d; jvm 1.8.0_261-b12
03:15:26.815 [Test worker] INFO  o.e.j.s.AbstractConnector - Started ServerConnector@278f7081{HTTP/1.1, (http/1.1)}{0.0.0.0:62951}
03:15:26.815 [Test worker] INFO  o.e.j.s.Server - Started @158426ms
03:15:26.815 [Test worker] DEBUG o.s.w.t.h.s.r.b.JettyHttpServer - Server started on port 62951(0 millis).
03:15:26.815 [Test worker] DEBUG o.s.w.c.RestTemplate - HTTP GET http://localhost:62951/resource
03:15:26.826 [Test worker] DEBUG o.s.w.c.RestTemplate - Accept=[application/octet-stream, application/json, application/x-jackson-smile, application/*+json, */*]
03:15:26.832 [qtp397926703-1880] DEBUG o.s.w.s.a.HttpWebHandlerAdapter - [536064f9] HTTP GET "/resource"
03:15:26.832 [qtp397926703-1880] DEBUG o.s.w.r.r.m.a.RequestMappingHandlerMapping - [536064f9] Mapped to org.springframework.web.reactive.result.method.annotation.RequestMappingMessageConversionIntegrationTests$ResourceController#resource()
03:15:26.847 [qtp397926703-1880] DEBUG o.s.w.r.r.m.a.ResponseBodyResultHandler - Using 'application/octet-stream' given [application/octet-stream, application/json, application/x-jackson-smile, application/*+json, */*] and supported [application/octet-stream, */*, application/json, application/*+json, application/x-ndjson, application/x-jackson-smile, application/*+x-jackson-smile, text/event-stream]
03:15:26.847 [qtp397926703-1880] DEBUG o.s.w.r.r.m.a.ResponseBodyResultHandler - [536064f9] 0..1 [org.springframework.core.io.Resource]
03:15:26.847 [qtp397926703-1880] DEBUG o.s.h.c.ResourceHttpMessageWriter - [536064f9] Resource associated with 'image/png'
03:15:26.847 [qtp397926703-1880] DEBUG o.s.c.c.ResourceEncoder - [536064f9] Writing [class path resource [org/springframework/web/reactive/spring.png]]
03:15:27.014 [Test worker] DEBUG o.s.w.c.RestTemplate - Response 200 OK
03:15:27.014 [Test worker] DEBUG o.s.w.c.RestTemplate - Reading to [[B] as "image/png"
03:15:27.015 [Test worker] DEBUG o.s.w.t.h.s.r.b.JettyHttpServer - Stopping JettyHttpServer...
03:15:27.015 [Test worker] INFO  o.e.j.s.h.ContextHandler - Stopped o.e.j.s.ServletContextHandler@32a3701c{/,null,UNAVAILABLE}
03:15:27.028 [Test worker] INFO  o.e.j.s.AbstractConnector - Stopped ServerConnector@278f7081{HTTP/1.1, (http/1.1)}{0.0.0.0:0}
03:15:27.029 [Thread-428] DEBUG o.s.w.s.a.HttpWebHandlerAdapter - [536064f9] Completed 200 OK
03:15:27.030 [Test worker] DEBUG o.s.w.t.h.s.r.b.JettyHttpServer - Server stopped (0 millis).
03:15:27.064 [Test worker] DEBUG o.s.w.r.r.m.a.RequestMappingHandlerMapping - 34 mappings in 'requestMappingHandlerMapping'
03:15:27.092 [Test worker] DEBUG o.s.w.r.r.m.a.ControllerMethodResolver - ControllerAdvice beans: none
03:15:27.106 [Test worker] DEBUG o.s.w.s.a.HttpWebHandlerAdapter - enableLoggingRequestDetails='false': form data and headers will be masked to prevent unsafe logging of potentially sensitive data
03:15:27.106 [Test worker] DEBUG o.s.w.t.h.s.r.b.ReactorHttpServer - Starting ReactorHttpServer...
03:15:27.107 [Test worker] DEBUG o.s.w.t.h.s.r.b.ReactorHttpServer - Server started on port 62959(0 millis).
03:15:27.107 [Test worker] DEBUG o.s.w.c.RestTemplate - HTTP GET http://localhost:62959/resource
03:15:27.108 [Test worker] DEBUG o.s.w.c.RestTemplate - Accept=[application/octet-stream, application/json, application/x-jackson-smile, application/*+json, */*]
03:15:27.110 [reactor-http-nio-4] DEBUG o.s.w.s.a.HttpWebHandlerAdapter - [86478fe7-48] HTTP GET "/resource"
03:15:27.110 [reactor-http-nio-4] DEBUG o.s.w.r.r.m.a.RequestMappingHandlerMapping - [86478fe7-48] Mapped to org.springframework.web.reactive.result.method.annotation.RequestMappingMessageConversionIntegrationTests$ResourceController#resource()
03:15:27.121 [reactor-http-nio-4] DEBUG o.s.w.r.r.m.a.ResponseBodyResultHandler - Using 'application/octet-stream' given [application/octet-stream, application/json, application/x-jackson-smile, application/*+json, */*] and supported [application/octet-stream, */*, application/json, application/*+json, application/x-ndjson, application/x-jackson-smile, application/*+x-jackson-smile, text/event-stream]
03:15:27.121 [reactor-http-nio-4] DEBUG o.s.w.r.r.m.a.ResponseBodyResultHandler - [86478fe7-48] 0..1 [org.springframework.core.io.Resource]
03:15:27.121 [reactor-http-nio-4] DEBUG o.s.h.c.ResourceHttpMessageWriter - [86478fe7-48] Resource associated with 'image/png'
03:15:27.121 [reactor-http-nio-4] DEBUG o.s.h.c.ResourceHttpMessageWriter - [86478fe7-48] Zero-copy [class path resource [org/springframework/web/reactive/spring.png]]
03:15:27.126 [Test worker] DEBUG o.s.w.c.RestTemplate - Response 200 OK
03:15:27.137 [Test worker] DEBUG o.s.w.c.RestTemplate - Reading to [[B] as "image/png"
03:15:27.138 [Test worker] DEBUG o.s.w.t.h.s.r.b.ReactorHttpServer - Stopping ReactorHttpServer...
03:15:27.138 [Test worker] DEBUG o.s.w.t.h.s.r.b.ReactorHttpServer - Server stopped (0 millis).
03:15:27.140 [reactor-http-nio-4] DEBUG o.s.w.s.a.HttpWebHandlerAdapter - [86478fe7-48] Completed 200 OK
03:15:27.171 [Test worker] DEBUG o.s.w.r.r.m.a.RequestMappingHandlerMapping - 34 mappings in 'requestMappingHandlerMapping'
03:15:27.199 [Test worker] DEBUG o.s.w.r.r.m.a.ControllerMethodResolver - ControllerAdvice beans: none
03:15:27.210 [Test worker] DEBUG o.s.w.s.a.HttpWebHandlerAdapter - enableLoggingRequestDetails='false': form data and headers will be masked to prevent unsafe logging of potentially sensitive data
03:15:27.210 [Test worker] DEBUG o.s.w.t.h.s.r.b.TomcatHttpServer - Starting TomcatHttpServer...
03:15:27.220 [Test worker] DEBUG o.s.w.t.h.s.r.b.TomcatHttpServer - Server started on port 62961(0 millis).
03:15:27.220 [Test worker] DEBUG o.s.w.c.RestTemplate - HTTP GET http://localhost:62961/resource
03:15:27.220 [Test worker] DEBUG o.s.w.c.RestTemplate - Accept=[application/octet-stream, application/json, application/x-jackson-smile, application/*+json, */*]
03:15:27.225 [http-nio-auto-46-exec-1] DEBUG o.s.w.s.a.HttpWebHandlerAdapter - [5e7b4a73] HTTP GET "/resource"
03:15:27.225 [http-nio-auto-46-exec-1] DEBUG o.s.w.r.r.m.a.RequestMappingHandlerMapping - [5e7b4a73] Mapped to org.springframework.web.reactive.result.method.annotation.RequestMappingMessageConversionIntegrationTests$ResourceController#resource()
03:15:27.242 [http-nio-auto-46-exec-1] DEBUG o.s.w.r.r.m.a.ResponseBodyResultHandler - Using 'application/octet-stream' given [application/octet-stream, application/json, application/x-jackson-smile, application/*+json, */*] and supported [application/octet-stream, */*, application/json, application/*+json, application/x-ndjson, application/x-jackson-smile, application/*+x-jackson-smile, text/event-stream]
03:15:27.242 [http-nio-auto-46-exec-1] DEBUG o.s.w.r.r.m.a.ResponseBodyResultHandler - [5e7b4a73] 0..1 [org.springframework.core.io.Resource]
03:15:27.242 [http-nio-auto-46-exec-1] DEBUG o.s.h.c.ResourceHttpMessageWriter - [5e7b4a73] Resource associated with 'image/png'
03:15:27.243 [http-nio-auto-46-exec-1] DEBUG o.s.c.c.ResourceEncoder - [5e7b4a73] Writing [class path resource [org/springframework/web/reactive/spring.png]]
03:15:27.245 [Thread-428] DEBUG o.s.w.s.a.HttpWebHandlerAdapter - [5e7b4a73] Completed 200 OK
03:15:27.245 [Test worker] DEBUG o.s.w.c.RestTemplate - Response 200 OK
03:15:27.246 [Test worker] DEBUG o.s.w.c.RestTemplate - Reading to [[B] as "image/png"
03:15:27.248 [Test worker] DEBUG o.s.w.t.h.s.r.b.TomcatHttpServer - Stopping TomcatHttpServer...
03:15:27.422 [Test worker] DEBUG o.s.w.t.h.s.r.b.TomcatHttpServer - Server stopped (0 millis).
03:15:27.462 [Test worker] DEBUG o.s.w.r.r.m.a.RequestMappingHandlerMapping - 34 mappings in 'requestMappingHandlerMapping'
03:15:27.477 [Test worker] DEBUG o.s.w.r.r.m.a.ControllerMethodResolver - ControllerAdvice beans: none
03:15:27.490 [Test worker] DEBUG o.s.w.s.a.HttpWebHandlerAdapter - enableLoggingRequestDetails='false': form data and headers will be masked to prevent unsafe logging of potentially sensitive data
03:15:27.490 [Test worker] DEBUG o.s.w.t.h.s.r.b.UndertowHttpServer - Starting UndertowHttpServer...
03:15:27.490 [Test worker] INFO  i.undertow - starting server: Undertow - 2.1.3.Final
03:15:27.497 [Test worker] DEBUG o.s.w.t.h.s.r.b.UndertowHttpServer - Server started on port 62978(0 millis).
03:15:27.497 [Test worker] DEBUG o.s.w.c.RestTemplate - HTTP GET http://localhost:62978/resource
03:15:27.497 [Test worker] DEBUG o.s.w.c.RestTemplate - Accept=[application/octet-stream, application/json, application/x-jackson-smile, application/*+json, */*]
03:15:27.500 [XNIO-45 I/O-4] DEBUG o.s.w.s.a.HttpWebHandlerAdapter - [6cbdbdfe] HTTP GET "/resource"
03:15:27.500 [XNIO-45 I/O-4] DEBUG o.s.w.r.r.m.a.RequestMappingHandlerMapping - [6cbdbdfe] Mapped to org.springframework.web.reactive.result.method.annotation.RequestMappingMessageConversionIntegrationTests$ResourceController#resource()
03:15:27.503 [XNIO-45 I/O-4] DEBUG o.s.w.r.r.m.a.ResponseBodyResultHandler - Using 'application/octet-stream' given [application/octet-stream, application/json, application/x-jackson-smile, application/*+json, */*] and supported [application/octet-stream, */*, application/json, application/*+json, application/x-ndjson, application/x-jackson-smile, application/*+x-jackson-smile, text/event-stream]
03:15:27.503 [XNIO-45 I/O-4] DEBUG o.s.w.r.r.m.a.ResponseBodyResultHandler - [6cbdbdfe] 0..1 [org.springframework.core.io.Resource]
03:15:27.504 [XNIO-45 I/O-4] DEBUG o.s.h.c.ResourceHttpMessageWriter - [6cbdbdfe] Resource associated with 'image/png'
03:15:27.504 [XNIO-45 I/O-4] DEBUG o.s.h.c.ResourceHttpMessageWriter - [6cbdbdfe] Zero-copy [class path resource [org/springframework/web/reactive/spring.png]]
03:15:27.508 [XNIO-45 I/O-4] DEBUG o.s.w.s.a.HttpWebHandlerAdapter - [6cbdbdfe] Completed 200 OK
03:15:27.508 [Test worker] DEBUG o.s.w.c.RestTemplate - Response 200 OK
03:15:27.508 [Test worker] DEBUG o.s.w.c.RestTemplate - Reading to [[B] as "image/png"
03:15:27.509 [Test worker] DEBUG o.s.w.t.h.s.r.b.UndertowHttpServer - Stopping UndertowHttpServer...
03:15:27.509 [Test worker] INFO  i.undertow - stopping server: Undertow - 2.1.3.Final
03:15:27.511 [Test worker] DEBUG o.s.w.t.h.s.r.b.UndertowHttpServer - Server stopped (0 millis).
03:15:27.545 [Test worker] DEBUG o.s.w.r.r.m.a.RequestMappingHandlerMapping - 34 mappings in 'requestMappingHandlerMapping'
03:15:27.558 [Test worker] DEBUG o.s.w.r.r.m.a.ControllerMethodResolver - ControllerAdvice beans: none
03:15:27.570 [Test worker] DEBUG o.s.w.s.a.HttpWebHandlerAdapter - enableLoggingRequestDetails='false': form data and headers will be masked to prevent unsafe logging of potentially sensitive data
03:15:27.570 [Test worker] WARN  o.e.j.s.h.ContextHandler - Empty contextPath
03:15:27.571 [Test worker] INFO  o.e.j.s.h.ContextHandler - Started o.e.j.s.ServletContextHandler@715ec815{/,null,AVAILABLE}
03:15:27.571 [Test worker] DEBUG o.s.w.t.h.s.r.b.JettyHttpServer - Starting JettyHttpServer...
03:15:27.571 [Test worker] INFO  o.e.j.s.Server - jetty-9.4.31.v20200723; built: 2020-07-23T17:57:36.812Z; git: 450ba27947e13e66baa8cd1ce7e85a4461cacc1d; jvm 1.8.0_261-b12
03:15:27.574 [Test worker] INFO  o.e.j.s.AbstractConnector - Started ServerConnector@1ef85603{HTTP/1.1, (http/1.1)}{0.0.0.0:62980}
03:15:27.574 [Test worker] INFO  o.e.j.s.Server - Started @159186ms
03:15:27.574 [Test worker] DEBUG o.s.w.t.h.s.r.b.JettyHttpServer - Server started on port 62980(0 millis).
03:15:27.574 [Test worker] DEBUG o.s.w.c.RestTemplate - HTTP POST http://localhost:62980/person-create/flux
03:15:27.574 [Test worker] DEBUG o.s.w.c.RestTemplate - Accept=[application/json, application/x-jackson-smile, application/*+json]
03:15:27.575 [Test worker] DEBUG o.s.w.c.RestTemplate - Writing [org.springframework.web.reactive.result.method.annotation.RequestMappingMessageConversionIntegrationTests$People@2ebf851a] as "application/xml"
03:15:27.579 [qtp2096013877-1923] DEBUG o.s.w.s.a.HttpWebHandlerAdapter - [79ada6f2] HTTP POST "/person-create/flux"
03:15:27.580 [qtp2096013877-1923] DEBUG o.s.w.r.r.m.a.RequestMappingHandlerMapping - [79ada6f2] Mapped to org.springframework.web.reactive.result.method.annotation.RequestMappingMessageConversionIntegrationTests$PersonCreateController#createWithFlux(Flux)
03:15:27.580 [qtp2096013877-1923] DEBUG o.s.w.r.r.m.a.RequestBodyMethodArgumentResolver - [79ada6f2] Content-Type:application/xml
03:15:27.581 [qtp2096013877-1923] DEBUG o.s.w.r.r.m.a.RequestBodyMethodArgumentResolver - [79ada6f2] 0..N [org.springframework.web.reactive.result.method.annotation.RequestMappingMessageConversionIntegrationTests$Person]
03:15:27.585 [qtp2096013877-1923] DEBUG o.s.h.c.x.Jaxb2XmlDecoder - [79ada6f2] Decoded [Person{name='Robert'}]
03:15:27.585 [qtp2096013877-1923] DEBUG o.s.h.c.x.Jaxb2XmlDecoder - [79ada6f2] Decoded [Person{name='Marie'}]
03:15:27.585 [qtp2096013877-1923] DEBUG o.s.w.s.a.HttpWebHandlerAdapter - [79ada6f2] Completed 200 OK
03:15:27.586 [Test worker] DEBUG o.s.w.c.RestTemplate - Response 200 OK
03:15:27.586 [Test worker] DEBUG o.s.w.t.h.s.r.b.JettyHttpServer - Stopping JettyHttpServer...
03:15:27.586 [Test worker] INFO  o.e.j.s.h.ContextHandler - Stopped o.e.j.s.ServletContextHandler@715ec815{/,null,UNAVAILABLE}
03:15:27.588 [Test worker] INFO  o.e.j.s.AbstractConnector - Stopped ServerConnector@1ef85603{HTTP/1.1, (http/1.1)}{0.0.0.0:0}
03:15:27.588 [Test worker] DEBUG o.s.w.t.h.s.r.b.JettyHttpServer - Server stopped (0 millis).
03:15:27.628 [Test worker] DEBUG o.s.w.r.r.m.a.RequestMappingHandlerMapping - 34 mappings in 'requestMappingHandlerMapping'
03:15:27.643 [Test worker] DEBUG o.s.w.r.r.m.a.ControllerMethodResolver - ControllerAdvice beans: none
03:15:27.655 [Test worker] DEBUG o.s.w.s.a.HttpWebHandlerAdapter - enableLoggingRequestDetails='false': form data and headers will be masked to prevent unsafe logging of potentially sensitive data
03:15:27.655 [Test worker] DEBUG o.s.w.t.h.s.r.b.ReactorHttpServer - Starting ReactorHttpServer...
03:15:27.656 [Test worker] DEBUG o.s.w.t.h.s.r.b.ReactorHttpServer - Server started on port 62987(0 millis).
03:15:27.656 [Test worker] DEBUG o.s.w.c.RestTemplate - HTTP POST http://localhost:62987/person-create/flux
03:15:27.657 [Test worker] DEBUG o.s.w.c.RestTemplate - Accept=[application/json, application/x-jackson-smile, application/*+json]
03:15:27.657 [Test worker] DEBUG o.s.w.c.RestTemplate - Writing [org.springframework.web.reactive.result.method.annotation.RequestMappingMessageConversionIntegrationTests$People@1c0c891a] as "application/xml"
03:15:27.663 [reactor-http-nio-2] DEBUG o.s.w.s.a.HttpWebHandlerAdapter - [a20a305b-49] HTTP POST "/person-create/flux"
03:15:27.664 [reactor-http-nio-2] DEBUG o.s.w.r.r.m.a.RequestMappingHandlerMapping - [a20a305b-49] Mapped to org.springframework.web.reactive.result.method.annotation.RequestMappingMessageConversionIntegrationTests$PersonCreateController#createWithFlux(Flux)
03:15:27.664 [reactor-http-nio-2] DEBUG o.s.w.r.r.m.a.RequestBodyMethodArgumentResolver - [a20a305b-49] Content-Type:application/xml
03:15:27.665 [reactor-http-nio-2] DEBUG o.s.w.r.r.m.a.RequestBodyMethodArgumentResolver - [a20a305b-49] 0..N [org.springframework.web.reactive.result.method.annotation.RequestMappingMessageConversionIntegrationTests$Person]
03:15:27.668 [reactor-http-nio-2] DEBUG o.s.h.c.x.Jaxb2XmlDecoder - [a20a305b-49] Decoded [Person{name='Robert'}]
03:15:27.668 [reactor-http-nio-2] DEBUG o.s.h.c.x.Jaxb2XmlDecoder - [a20a305b-49] Decoded [Person{name='Marie'}]
03:15:27.668 [reactor-http-nio-2] DEBUG o.s.w.s.a.HttpWebHandlerAdapter - [a20a305b-49] Completed 200 OK
03:15:27.669 [Test worker] DEBUG o.s.w.c.RestTemplate - Response 200 OK
03:15:27.669 [Test worker] DEBUG o.s.w.t.h.s.r.b.ReactorHttpServer - Stopping ReactorHttpServer...
03:15:27.669 [Test worker] DEBUG o.s.w.t.h.s.r.b.ReactorHttpServer - Server stopped (0 millis).
03:15:27.703 [Test worker] DEBUG o.s.w.r.r.m.a.RequestMappingHandlerMapping - 34 mappings in 'requestMappingHandlerMapping'
03:15:27.719 [Test worker] DEBUG o.s.w.r.r.m.a.ControllerMethodResolver - ControllerAdvice beans: none
03:15:27.733 [Test worker] DEBUG o.s.w.s.a.HttpWebHandlerAdapter - enableLoggingRequestDetails='false': form data and headers will be masked to prevent unsafe logging of potentially sensitive data
03:15:27.734 [Test worker] DEBUG o.s.w.t.h.s.r.b.TomcatHttpServer - Starting TomcatHttpServer...
03:15:27.742 [Test worker] DEBUG o.s.w.t.h.s.r.b.TomcatHttpServer - Server started on port 62989(0 millis).
03:15:27.743 [Test worker] DEBUG o.s.w.c.RestTemplate - HTTP POST http://localhost:62989/person-create/flux
03:15:27.743 [Test worker] DEBUG o.s.w.c.RestTemplate - Accept=[application/json, application/x-jackson-smile, application/*+json]
03:15:27.743 [Test worker] DEBUG o.s.w.c.RestTemplate - Writing [org.springframework.web.reactive.result.method.annotation.RequestMappingMessageConversionIntegrationTests$People@3b0d8932] as "application/xml"
03:15:27.750 [http-nio-auto-47-exec-1] DEBUG o.s.w.s.a.HttpWebHandlerAdapter - [6ff312a9] HTTP POST "/person-create/flux"
03:15:27.750 [http-nio-auto-47-exec-1] DEBUG o.s.w.r.r.m.a.RequestMappingHandlerMapping - [6ff312a9] Mapped to org.springframework.web.reactive.result.method.annotation.RequestMappingMessageConversionIntegrationTests$PersonCreateController#createWithFlux(Flux)
03:15:27.751 [http-nio-auto-47-exec-1] DEBUG o.s.w.r.r.m.a.RequestBodyMethodArgumentResolver - [6ff312a9] Content-Type:application/xml
03:15:27.752 [http-nio-auto-47-exec-1] DEBUG o.s.w.r.r.m.a.RequestBodyMethodArgumentResolver - [6ff312a9] 0..N [org.springframework.web.reactive.result.method.annotation.RequestMappingMessageConversionIntegrationTests$Person]
03:15:27.754 [http-nio-auto-47-exec-1] DEBUG o.s.h.c.x.Jaxb2XmlDecoder - [6ff312a9] Decoded [Person{name='Robert'}]
03:15:27.755 [http-nio-auto-47-exec-1] DEBUG o.s.h.c.x.Jaxb2XmlDecoder - [6ff312a9] Decoded [Person{name='Marie'}]
03:15:27.755 [http-nio-auto-47-exec-1] DEBUG o.s.w.s.a.HttpWebHandlerAdapter - [6ff312a9] Completed 200 OK
03:15:27.755 [Test worker] DEBUG o.s.w.c.RestTemplate - Response 200 OK
03:15:27.755 [Test worker] DEBUG o.s.w.t.h.s.r.b.TomcatHttpServer - Stopping TomcatHttpServer...
03:15:27.936 [Test worker] DEBUG o.s.w.t.h.s.r.b.TomcatHttpServer - Server stopped (0 millis).
03:15:27.988 [Test worker] DEBUG o.s.w.r.r.m.a.RequestMappingHandlerMapping - 34 mappings in 'requestMappingHandlerMapping'
03:15:28.005 [Test worker] DEBUG o.s.w.r.r.m.a.ControllerMethodResolver - ControllerAdvice beans: none
03:15:28.016 [Test worker] DEBUG o.s.w.s.a.HttpWebHandlerAdapter - enableLoggingRequestDetails='false': form data and headers will be masked to prevent unsafe logging of potentially sensitive data
03:15:28.017 [Test worker] DEBUG o.s.w.t.h.s.r.b.UndertowHttpServer - Starting UndertowHttpServer...
03:15:28.017 [Test worker] INFO  i.undertow - starting server: Undertow - 2.1.3.Final
03:15:28.027 [Test worker] DEBUG o.s.w.t.h.s.r.b.UndertowHttpServer - Server started on port 63006(0 millis).
03:15:28.027 [Test worker] DEBUG o.s.w.c.RestTemplate - HTTP POST http://localhost:63006/person-create/flux
03:15:28.028 [Test worker] DEBUG o.s.w.c.RestTemplate - Accept=[application/json, application/x-jackson-smile, application/*+json]
03:15:28.028 [Test worker] DEBUG o.s.w.c.RestTemplate - Writing [org.springframework.web.reactive.result.method.annotation.RequestMappingMessageConversionIntegrationTests$People@1f933171] as "application/xml"
03:15:28.037 [XNIO-46 I/O-3] DEBUG o.s.w.s.a.HttpWebHandlerAdapter - [2927c290] HTTP POST "/person-create/flux"
03:15:28.037 [XNIO-46 I/O-3] DEBUG o.s.w.r.r.m.a.RequestMappingHandlerMapping - [2927c290] Mapped to org.springframework.web.reactive.result.method.annotation.RequestMappingMessageConversionIntegrationTests$PersonCreateController#createWithFlux(Flux)
03:15:28.038 [XNIO-46 I/O-3] DEBUG o.s.w.r.r.m.a.RequestBodyMethodArgumentResolver - [2927c290] Content-Type:application/xml
03:15:28.038 [XNIO-46 I/O-3] DEBUG o.s.w.r.r.m.a.RequestBodyMethodArgumentResolver - [2927c290] 0..N [org.springframework.web.reactive.result.method.annotation.RequestMappingMessageConversionIntegrationTests$Person]
03:15:28.041 [XNIO-46 I/O-3] DEBUG o.s.h.c.x.Jaxb2XmlDecoder - [2927c290] Decoded [Person{name='Robert'}]
03:15:28.041 [XNIO-46 I/O-3] DEBUG o.s.h.c.x.Jaxb2XmlDecoder - [2927c290] Decoded [Person{name='Marie'}]
03:15:28.042 [XNIO-46 I/O-3] DEBUG o.s.w.s.a.HttpWebHandlerAdapter - [2927c290] Completed 200 OK
03:15:28.042 [Test worker] DEBUG o.s.w.c.RestTemplate - Response 200 OK
03:15:28.042 [Test worker] DEBUG o.s.w.t.h.s.r.b.UndertowHttpServer - Stopping UndertowHttpServer...
03:15:28.042 [Test worker] INFO  i.undertow - stopping server: Undertow - 2.1.3.Final
03:15:28.045 [Test worker] DEBUG o.s.w.t.h.s.r.b.UndertowHttpServer - Server stopped (0 millis).
03:15:28.122 [Test worker] DEBUG o.s.w.r.r.m.a.RequestMappingHandlerMapping - 34 mappings in 'requestMappingHandlerMapping'
03:15:28.143 [Test worker] DEBUG o.s.w.r.r.m.a.ControllerMethodResolver - ControllerAdvice beans: none
03:15:28.158 [Test worker] DEBUG o.s.w.s.a.HttpWebHandlerAdapter - enableLoggingRequestDetails='false': form data and headers will be masked to prevent unsafe logging of potentially sensitive data
03:15:28.158 [Test worker] WARN  o.e.j.s.h.ContextHandler - Empty contextPath
03:15:28.159 [Test worker] INFO  o.e.j.s.h.ContextHandler - Started o.e.j.s.ServletContextHandler@7ef10c3{/,null,AVAILABLE}
03:15:28.159 [Test worker] DEBUG o.s.w.t.h.s.r.b.JettyHttpServer - Starting JettyHttpServer...
03:15:28.159 [Test worker] INFO  o.e.j.s.Server - jetty-9.4.31.v20200723; built: 2020-07-23T17:57:36.812Z; git: 450ba27947e13e66baa8cd1ce7e85a4461cacc1d; jvm 1.8.0_261-b12
03:15:28.162 [Test worker] INFO  o.e.j.s.AbstractConnector - Started ServerConnector@2bdff45d{HTTP/1.1, (http/1.1)}{0.0.0.0:63008}
03:15:28.162 [Test worker] INFO  o.e.j.s.Server - Started @159774ms
03:15:28.162 [Test worker] DEBUG o.s.w.t.h.s.r.b.JettyHttpServer - Server started on port 63008(0 millis).
03:15:28.162 [Test worker] DEBUG o.s.w.c.RestTemplate - HTTP GET http://localhost:63008/person-response/mono-response-entity
03:15:28.163 [Test worker] DEBUG o.s.w.c.RestTemplate - Accept=[application/xml, text/xml, application/json, application/x-jackson-smile, application/*+xml, application/*+json]
03:15:28.165 [qtp831578145-1964] DEBUG o.s.w.s.a.HttpWebHandlerAdapter - [2e38d4b1] HTTP GET "/person-response/mono-response-entity"
03:15:28.166 [qtp831578145-1964] DEBUG o.s.w.r.r.m.a.RequestMappingHandlerMapping - [2e38d4b1] Mapped to org.springframework.web.reactive.result.method.annotation.RequestMappingMessageConversionIntegrationTests$PersonResponseBodyController#getMonoResponseEntity()
03:15:28.167 [qtp831578145-1964] DEBUG o.s.w.r.r.m.a.ResponseEntityResultHandler - Using 'application/json' given [application/json] and supported [application/json, application/*+json, application/x-ndjson, application/x-jackson-smile, application/*+x-jackson-smile, application/xml, text/xml, text/event-stream]
03:15:28.167 [qtp831578145-1964] DEBUG o.s.w.r.r.m.a.ResponseEntityResultHandler - [2e38d4b1] 0..1 [org.springframework.web.reactive.result.method.annotation.RequestMappingMessageConversionIntegrationTests$Person]
03:15:28.167 [qtp831578145-1964] DEBUG o.s.h.c.j.Jackson2JsonEncoder - [2e38d4b1] Encoding [Person{name='Robert'}]
03:15:28.168 [Test worker] DEBUG o.s.w.c.RestTemplate - Response 200 OK
03:15:28.168 [qtp831578145-1964] DEBUG o.s.w.s.a.HttpWebHandlerAdapter - [2e38d4b1] Completed 200 OK
03:15:28.168 [Test worker] DEBUG o.s.w.c.RestTemplate - Reading to [org.springframework.web.reactive.result.method.annotation.RequestMappingMessageConversionIntegrationTests$Person]
03:15:28.168 [Test worker] DEBUG o.s.w.t.h.s.r.b.JettyHttpServer - Stopping JettyHttpServer...
03:15:28.168 [Test worker] INFO  o.e.j.s.h.ContextHandler - Stopped o.e.j.s.ServletContextHandler@7ef10c3{/,null,UNAVAILABLE}
03:15:28.170 [Test worker] INFO  o.e.j.s.AbstractConnector - Stopped ServerConnector@2bdff45d{HTTP/1.1, (http/1.1)}{0.0.0.0:0}
03:15:28.171 [Test worker] DEBUG o.s.w.t.h.s.r.b.JettyHttpServer - Server stopped (0 millis).
03:15:28.219 [Test worker] DEBUG o.s.w.r.r.m.a.RequestMappingHandlerMapping - 34 mappings in 'requestMappingHandlerMapping'
03:15:28.234 [Test worker] DEBUG o.s.w.r.r.m.a.ControllerMethodResolver - ControllerAdvice beans: none
03:15:28.246 [Test worker] DEBUG o.s.w.s.a.HttpWebHandlerAdapter - enableLoggingRequestDetails='false': form data and headers will be masked to prevent unsafe logging of potentially sensitive data
03:15:28.246 [Test worker] DEBUG o.s.w.t.h.s.r.b.ReactorHttpServer - Starting ReactorHttpServer...
03:15:28.247 [Test worker] DEBUG o.s.w.t.h.s.r.b.ReactorHttpServer - Server started on port 63014(0 millis).
03:15:28.247 [Test worker] DEBUG o.s.w.c.RestTemplate - HTTP GET http://localhost:63014/person-response/mono-response-entity
03:15:28.248 [Test worker] DEBUG o.s.w.c.RestTemplate - Accept=[application/xml, text/xml, application/json, application/x-jackson-smile, application/*+xml, application/*+json]
03:15:28.251 [reactor-http-nio-4] DEBUG o.s.w.s.a.HttpWebHandlerAdapter - [d3fe8fab-50] HTTP GET "/person-response/mono-response-entity"
03:15:28.251 [reactor-http-nio-4] DEBUG o.s.w.r.r.m.a.RequestMappingHandlerMapping - [d3fe8fab-50] Mapped to org.springframework.web.reactive.result.method.annotation.RequestMappingMessageConversionIntegrationTests$PersonResponseBodyController#getMonoResponseEntity()
03:15:28.252 [reactor-http-nio-4] DEBUG o.s.w.r.r.m.a.ResponseEntityResultHandler - Using 'application/json' given [application/json] and supported [application/json, application/*+json, application/x-ndjson, application/x-jackson-smile, application/*+x-jackson-smile, application/xml, text/xml, text/event-stream]
03:15:28.252 [reactor-http-nio-4] DEBUG o.s.w.r.r.m.a.ResponseEntityResultHandler - [d3fe8fab-50] 0..1 [org.springframework.web.reactive.result.method.annotation.RequestMappingMessageConversionIntegrationTests$Person]
03:15:28.253 [reactor-http-nio-4] DEBUG o.s.h.c.j.Jackson2JsonEncoder - [d3fe8fab-50] Encoding [Person{name='Robert'}]
03:15:28.254 [Test worker] DEBUG o.s.w.c.RestTemplate - Response 200 OK
03:15:28.254 [reactor-http-nio-4] DEBUG o.s.w.s.a.HttpWebHandlerAdapter - [d3fe8fab-50] Completed 200 OK
03:15:28.254 [Test worker] DEBUG o.s.w.c.RestTemplate - Reading to [org.springframework.web.reactive.result.method.annotation.RequestMappingMessageConversionIntegrationTests$Person]
03:15:28.255 [Test worker] DEBUG o.s.w.t.h.s.r.b.ReactorHttpServer - Stopping ReactorHttpServer...
03:15:28.255 [Test worker] DEBUG o.s.w.t.h.s.r.b.ReactorHttpServer - Server stopped (0 millis).
03:15:28.287 [Test worker] DEBUG o.s.w.r.r.m.a.RequestMappingHandlerMapping - 34 mappings in 'requestMappingHandlerMapping'
03:15:28.302 [Test worker] DEBUG o.s.w.r.r.m.a.ControllerMethodResolver - ControllerAdvice beans: none
03:15:28.315 [Test worker] DEBUG o.s.w.s.a.HttpWebHandlerAdapter - enableLoggingRequestDetails='false': form data and headers will be masked to prevent unsafe logging of potentially sensitive data
03:15:28.315 [Test worker] DEBUG o.s.w.t.h.s.r.b.TomcatHttpServer - Starting TomcatHttpServer...
03:15:28.324 [Test worker] DEBUG o.s.w.t.h.s.r.b.TomcatHttpServer - Server started on port 63016(0 millis).
03:15:28.324 [Test worker] DEBUG o.s.w.c.RestTemplate - HTTP GET http://localhost:63016/person-response/mono-response-entity
03:15:28.325 [Test worker] DEBUG o.s.w.c.RestTemplate - Accept=[application/xml, text/xml, application/json, application/x-jackson-smile, application/*+xml, application/*+json]
03:15:28.329 [http-nio-auto-48-exec-1] DEBUG o.s.w.s.a.HttpWebHandlerAdapter - [2de5888f] HTTP GET "/person-response/mono-response-entity"
03:15:28.329 [http-nio-auto-48-exec-1] DEBUG o.s.w.r.r.m.a.RequestMappingHandlerMapping - [2de5888f] Mapped to org.springframework.web.reactive.result.method.annotation.RequestMappingMessageConversionIntegrationTests$PersonResponseBodyController#getMonoResponseEntity()
03:15:28.330 [http-nio-auto-48-exec-1] DEBUG o.s.w.r.r.m.a.ResponseEntityResultHandler - Using 'application/json' given [application/json] and supported [application/json, application/*+json, application/x-ndjson, application/x-jackson-smile, application/*+x-jackson-smile, application/xml, text/xml, text/event-stream]
03:15:28.330 [http-nio-auto-48-exec-1] DEBUG o.s.w.r.r.m.a.ResponseEntityResultHandler - [2de5888f] 0..1 [org.springframework.web.reactive.result.method.annotation.RequestMappingMessageConversionIntegrationTests$Person]
03:15:28.330 [http-nio-auto-48-exec-1] DEBUG o.s.h.c.j.Jackson2JsonEncoder - [2de5888f] Encoding [Person{name='Robert'}]
03:15:28.331 [http-nio-auto-48-exec-1] DEBUG o.s.w.s.a.HttpWebHandlerAdapter - [2de5888f] Completed 200 OK
03:15:28.331 [Test worker] DEBUG o.s.w.c.RestTemplate - Response 200 OK
03:15:28.331 [Test worker] DEBUG o.s.w.c.RestTemplate - Reading to [org.springframework.web.reactive.result.method.annotation.RequestMappingMessageConversionIntegrationTests$Person]
03:15:28.332 [Test worker] DEBUG o.s.w.t.h.s.r.b.TomcatHttpServer - Stopping TomcatHttpServer...
03:15:28.508 [Test worker] DEBUG o.s.w.t.h.s.r.b.TomcatHttpServer - Server stopped (0 millis).
03:15:28.550 [Test worker] DEBUG o.s.w.r.r.m.a.RequestMappingHandlerMapping - 34 mappings in 'requestMappingHandlerMapping'
03:15:28.564 [Test worker] DEBUG o.s.w.r.r.m.a.ControllerMethodResolver - ControllerAdvice beans: none
03:15:28.578 [Test worker] DEBUG o.s.w.s.a.HttpWebHandlerAdapter - enableLoggingRequestDetails='false': form data and headers will be masked to prevent unsafe logging of potentially sensitive data
03:15:28.578 [Test worker] DEBUG o.s.w.t.h.s.r.b.UndertowHttpServer - Starting UndertowHttpServer...
03:15:28.578 [Test worker] INFO  i.undertow - starting server: Undertow - 2.1.3.Final
03:15:28.585 [Test worker] DEBUG o.s.w.t.h.s.r.b.UndertowHttpServer - Server started on port 63034(0 millis).
03:15:28.585 [Test worker] DEBUG o.s.w.c.RestTemplate - HTTP GET http://localhost:63034/person-response/mono-response-entity
03:15:28.586 [Test worker] DEBUG o.s.w.c.RestTemplate - Accept=[application/xml, text/xml, application/json, application/x-jackson-smile, application/*+xml, application/*+json]
03:15:28.588 [XNIO-47 I/O-1] DEBUG o.s.w.s.a.HttpWebHandlerAdapter - [74aa2e7a] HTTP GET "/person-response/mono-response-entity"
03:15:28.588 [XNIO-47 I/O-1] DEBUG o.s.w.r.r.m.a.RequestMappingHandlerMapping - [74aa2e7a] Mapped to org.springframework.web.reactive.result.method.annotation.RequestMappingMessageConversionIntegrationTests$PersonResponseBodyController#getMonoResponseEntity()
03:15:28.589 [XNIO-47 I/O-1] DEBUG o.s.w.r.r.m.a.ResponseEntityResultHandler - Using 'application/json' given [application/json] and supported [application/json, application/*+json, application/x-ndjson, application/x-jackson-smile, application/*+x-jackson-smile, application/xml, text/xml, text/event-stream]
03:15:28.590 [XNIO-47 I/O-1] DEBUG o.s.w.r.r.m.a.ResponseEntityResultHandler - [74aa2e7a] 0..1 [org.springframework.web.reactive.result.method.annotation.RequestMappingMessageConversionIntegrationTests$Person]
03:15:28.590 [XNIO-47 I/O-1] DEBUG o.s.h.c.j.Jackson2JsonEncoder - [74aa2e7a] Encoding [Person{name='Robert'}]
03:15:28.590 [XNIO-47 I/O-1] DEBUG o.s.w.s.a.HttpWebHandlerAdapter - [74aa2e7a] Completed 200 OK
03:15:28.590 [Test worker] DEBUG o.s.w.c.RestTemplate - Response 200 OK
03:15:28.590 [Test worker] DEBUG o.s.w.c.RestTemplate - Reading to [org.springframework.web.reactive.result.method.annotation.RequestMappingMessageConversionIntegrationTests$Person]
03:15:28.591 [Test worker] DEBUG o.s.w.t.h.s.r.b.UndertowHttpServer - Stopping UndertowHttpServer...
03:15:28.591 [Test worker] INFO  i.undertow - stopping server: Undertow - 2.1.3.Final
03:15:28.594 [Test worker] DEBUG o.s.w.t.h.s.r.b.UndertowHttpServer - Server stopped (0 millis).
03:15:28.625 [Test worker] DEBUG o.s.w.r.r.m.a.RequestMappingHandlerMapping - 34 mappings in 'requestMappingHandlerMapping'
03:15:28.643 [Test worker] DEBUG o.s.w.r.r.m.a.ControllerMethodResolver - ControllerAdvice beans: none
03:15:28.670 [Test worker] DEBUG o.s.w.s.a.HttpWebHandlerAdapter - enableLoggingRequestDetails='false': form data and headers will be masked to prevent unsafe logging of potentially sensitive data
03:15:28.671 [Test worker] WARN  o.e.j.s.h.ContextHandler - Empty contextPath
03:15:28.671 [Test worker] INFO  o.e.j.s.h.ContextHandler - Started o.e.j.s.ServletContextHandler@51a4ab3f{/,null,AVAILABLE}
03:15:28.672 [Test worker] DEBUG o.s.w.t.h.s.r.b.JettyHttpServer - Starting JettyHttpServer...
03:15:28.672 [Test worker] INFO  o.e.j.s.Server - jetty-9.4.31.v20200723; built: 2020-07-23T17:57:36.812Z; git: 450ba27947e13e66baa8cd1ce7e85a4461cacc1d; jvm 1.8.0_261-b12
03:15:28.680 [Test worker] INFO  o.e.j.s.AbstractConnector - Started ServerConnector@9f75386{HTTP/1.1, (http/1.1)}{0.0.0.0:63036}
03:15:28.680 [Test worker] INFO  o.e.j.s.Server - Started @160292ms
03:15:28.680 [Test worker] DEBUG o.s.w.t.h.s.r.b.JettyHttpServer - Server started on port 63036(0 millis).
03:15:28.680 [Test worker] DEBUG o.s.w.c.RestTemplate - HTTP POST http://localhost:63036/person-create/single
03:15:28.680 [Test worker] DEBUG o.s.w.c.RestTemplate - Accept=[application/json, application/x-jackson-smile, application/*+json]
03:15:28.681 [Test worker] DEBUG o.s.w.c.RestTemplate - Writing [Person{name='Robert'}] as "application/json"
03:15:28.685 [qtp42110405-2005] DEBUG o.s.w.s.a.HttpWebHandlerAdapter - [198a7d13] HTTP POST "/person-create/single"
03:15:28.685 [qtp42110405-2005] DEBUG o.s.w.r.r.m.a.RequestMappingHandlerMapping - [198a7d13] Mapped to org.springframework.web.reactive.result.method.annotation.RequestMappingMessageConversionIntegrationTests$PersonCreateController#createWithSingle(Single)
03:15:28.686 [qtp42110405-2005] DEBUG o.s.w.r.r.m.a.RequestBodyMethodArgumentResolver - [198a7d13] Content-Type:application/json
03:15:28.686 [qtp42110405-2005] DEBUG o.s.w.r.r.m.a.RequestBodyMethodArgumentResolver - [198a7d13] 0..1 [org.springframework.web.reactive.result.method.annotation.RequestMappingMessageConversionIntegrationTests$Person]
03:15:28.687 [qtp42110405-2005] DEBUG o.s.h.c.j.Jackson2JsonDecoder - [198a7d13] Decoded [Person{name='Robert'}]
03:15:28.688 [qtp42110405-2005] DEBUG o.s.w.s.a.HttpWebHandlerAdapter - [198a7d13] Completed 200 OK
03:15:28.688 [Test worker] DEBUG o.s.w.c.RestTemplate - Response 200 OK
03:15:28.688 [Test worker] DEBUG o.s.w.t.h.s.r.b.JettyHttpServer - Stopping JettyHttpServer...
03:15:28.689 [Test worker] INFO  o.e.j.s.h.ContextHandler - Stopped o.e.j.s.ServletContextHandler@51a4ab3f{/,null,UNAVAILABLE}
03:15:28.691 [Test worker] INFO  o.e.j.s.AbstractConnector - Stopped ServerConnector@9f75386{HTTP/1.1, (http/1.1)}{0.0.0.0:0}
03:15:28.695 [Test worker] DEBUG o.s.w.t.h.s.r.b.JettyHttpServer - Server stopped (0 millis).
03:15:28.758 [Test worker] DEBUG o.s.w.r.r.m.a.RequestMappingHandlerMapping - 34 mappings in 'requestMappingHandlerMapping'
03:15:28.776 [Test worker] DEBUG o.s.w.r.r.m.a.ControllerMethodResolver - ControllerAdvice beans: none
03:15:28.791 [Test worker] DEBUG o.s.w.s.a.HttpWebHandlerAdapter - enableLoggingRequestDetails='false': form data and headers will be masked to prevent unsafe logging of potentially sensitive data
03:15:28.791 [Test worker] DEBUG o.s.w.t.h.s.r.b.ReactorHttpServer - Starting ReactorHttpServer...
03:15:28.792 [Test worker] DEBUG o.s.w.t.h.s.r.b.ReactorHttpServer - Server started on port 63042(0 millis).
03:15:28.792 [Test worker] DEBUG o.s.w.c.RestTemplate - HTTP POST http://localhost:63042/person-create/single
03:15:28.792 [Test worker] DEBUG o.s.w.c.RestTemplate - Accept=[application/json, application/x-jackson-smile, application/*+json]
03:15:28.793 [Test worker] DEBUG o.s.w.c.RestTemplate - Writing [Person{name='Robert'}] as "application/json"
03:15:28.797 [reactor-http-nio-2] DEBUG o.s.w.s.a.HttpWebHandlerAdapter - [d57f2e5b-51] HTTP POST "/person-create/single"
03:15:28.797 [reactor-http-nio-2] DEBUG o.s.w.r.r.m.a.RequestMappingHandlerMapping - [d57f2e5b-51] Mapped to org.springframework.web.reactive.result.method.annotation.RequestMappingMessageConversionIntegrationTests$PersonCreateController#createWithSingle(Single)
03:15:28.798 [reactor-http-nio-2] DEBUG o.s.w.r.r.m.a.RequestBodyMethodArgumentResolver - [d57f2e5b-51] Content-Type:application/json
03:15:28.799 [reactor-http-nio-2] DEBUG o.s.w.r.r.m.a.RequestBodyMethodArgumentResolver - [d57f2e5b-51] 0..1 [org.springframework.web.reactive.result.method.annotation.RequestMappingMessageConversionIntegrationTests$Person]
03:15:28.800 [reactor-http-nio-2] DEBUG o.s.h.c.j.Jackson2JsonDecoder - [d57f2e5b-51] Decoded [Person{name='Robert'}]
03:15:28.800 [reactor-http-nio-2] DEBUG o.s.w.s.a.HttpWebHandlerAdapter - [d57f2e5b-51] Completed 200 OK
03:15:28.801 [Test worker] DEBUG o.s.w.c.RestTemplate - Response 200 OK
03:15:28.801 [Test worker] DEBUG o.s.w.t.h.s.r.b.ReactorHttpServer - Stopping ReactorHttpServer...
03:15:28.801 [Test worker] DEBUG o.s.w.t.h.s.r.b.ReactorHttpServer - Server stopped (0 millis).
03:15:28.840 [Test worker] DEBUG o.s.w.r.r.m.a.RequestMappingHandlerMapping - 34 mappings in 'requestMappingHandlerMapping'
03:15:28.861 [Test worker] DEBUG o.s.w.r.r.m.a.ControllerMethodResolver - ControllerAdvice beans: none
03:15:28.879 [Test worker] DEBUG o.s.w.s.a.HttpWebHandlerAdapter - enableLoggingRequestDetails='false': form data and headers will be masked to prevent unsafe logging of potentially sensitive data
03:15:28.880 [Test worker] DEBUG o.s.w.t.h.s.r.b.TomcatHttpServer - Starting TomcatHttpServer...
03:15:28.890 [Test worker] DEBUG o.s.w.t.h.s.r.b.TomcatHttpServer - Server started on port 63044(0 millis).
03:15:28.890 [Test worker] DEBUG o.s.w.c.RestTemplate - HTTP POST http://localhost:63044/person-create/single
03:15:28.890 [Test worker] DEBUG o.s.w.c.RestTemplate - Accept=[application/json, application/x-jackson-smile, application/*+json]
03:15:28.891 [Test worker] DEBUG o.s.w.c.RestTemplate - Writing [Person{name='Robert'}] as "application/json"
03:15:28.899 [http-nio-auto-49-exec-1] DEBUG o.s.w.s.a.HttpWebHandlerAdapter - [4a369f6f] HTTP POST "/person-create/single"
03:15:28.899 [http-nio-auto-49-exec-1] DEBUG o.s.w.r.r.m.a.RequestMappingHandlerMapping - [4a369f6f] Mapped to org.springframework.web.reactive.result.method.annotation.RequestMappingMessageConversionIntegrationTests$PersonCreateController#createWithSingle(Single)
03:15:28.900 [http-nio-auto-49-exec-1] DEBUG o.s.w.r.r.m.a.RequestBodyMethodArgumentResolver - [4a369f6f] Content-Type:application/json
03:15:28.900 [http-nio-auto-49-exec-1] DEBUG o.s.w.r.r.m.a.RequestBodyMethodArgumentResolver - [4a369f6f] 0..1 [org.springframework.web.reactive.result.method.annotation.RequestMappingMessageConversionIntegrationTests$Person]
03:15:28.901 [http-nio-auto-49-exec-1] DEBUG o.s.h.c.j.Jackson2JsonDecoder - [4a369f6f] Decoded [Person{name='Robert'}]
03:15:28.901 [http-nio-auto-49-exec-1] DEBUG o.s.w.s.a.HttpWebHandlerAdapter - [4a369f6f] Completed 200 OK
03:15:28.901 [Test worker] DEBUG o.s.w.c.RestTemplate - Response 200 OK
03:15:28.902 [Test worker] DEBUG o.s.w.t.h.s.r.b.TomcatHttpServer - Stopping TomcatHttpServer...
03:15:29.142 [Test worker] DEBUG o.s.w.t.h.s.r.b.TomcatHttpServer - Server stopped (0 millis).
03:15:29.210 [Test worker] DEBUG o.s.w.r.r.m.a.RequestMappingHandlerMapping - 34 mappings in 'requestMappingHandlerMapping'
03:15:29.234 [Test worker] DEBUG o.s.w.r.r.m.a.ControllerMethodResolver - ControllerAdvice beans: none
03:15:29.254 [Test worker] DEBUG o.s.w.s.a.HttpWebHandlerAdapter - enableLoggingRequestDetails='false': form data and headers will be masked to prevent unsafe logging of potentially sensitive data
03:15:29.254 [Test worker] DEBUG o.s.w.t.h.s.r.b.UndertowHttpServer - Starting UndertowHttpServer...
03:15:29.255 [Test worker] INFO  i.undertow - starting server: Undertow - 2.1.3.Final
03:15:29.261 [Test worker] DEBUG o.s.w.t.h.s.r.b.UndertowHttpServer - Server started on port 63061(0 millis).
03:15:29.261 [Test worker] DEBUG o.s.w.c.RestTemplate - HTTP POST http://localhost:63061/person-create/single
03:15:29.262 [Test worker] DEBUG o.s.w.c.RestTemplate - Accept=[application/json, application/x-jackson-smile, application/*+json]
03:15:29.262 [Test worker] DEBUG o.s.w.c.RestTemplate - Writing [Person{name='Robert'}] as "application/json"
03:15:29.266 [XNIO-48 I/O-2] DEBUG o.s.w.s.a.HttpWebHandlerAdapter - [1c607a1c] HTTP POST "/person-create/single"
03:15:29.266 [XNIO-48 I/O-2] DEBUG o.s.w.r.r.m.a.RequestMappingHandlerMapping - [1c607a1c] Mapped to org.springframework.web.reactive.result.method.annotation.RequestMappingMessageConversionIntegrationTests$PersonCreateController#createWithSingle(Single)
03:15:29.267 [XNIO-48 I/O-2] DEBUG o.s.w.r.r.m.a.RequestBodyMethodArgumentResolver - [1c607a1c] Content-Type:application/json
03:15:29.267 [XNIO-48 I/O-2] DEBUG o.s.w.r.r.m.a.RequestBodyMethodArgumentResolver - [1c607a1c] 0..1 [org.springframework.web.reactive.result.method.annotation.RequestMappingMessageConversionIntegrationTests$Person]
03:15:29.268 [XNIO-48 I/O-2] DEBUG o.s.h.c.j.Jackson2JsonDecoder - [1c607a1c] Decoded [Person{name='Robert'}]
03:15:29.268 [XNIO-48 I/O-2] DEBUG o.s.w.s.a.HttpWebHandlerAdapter - [1c607a1c] Completed 200 OK
03:15:29.269 [Test worker] DEBUG o.s.w.c.RestTemplate - Response 200 OK
03:15:29.269 [Test worker] DEBUG o.s.w.t.h.s.r.b.UndertowHttpServer - Stopping UndertowHttpServer...
03:15:29.269 [Test worker] INFO  i.undertow - stopping server: Undertow - 2.1.3.Final
03:15:29.271 [Test worker] DEBUG o.s.w.t.h.s.r.b.UndertowHttpServer - Server stopped (0 millis).
03:15:29.343 [Test worker] DEBUG o.s.w.r.r.m.a.RequestMappingHandlerMapping - 34 mappings in 'requestMappingHandlerMapping'
03:15:29.362 [Test worker] DEBUG o.s.w.r.r.m.a.ControllerMethodResolver - ControllerAdvice beans: none
03:15:29.377 [Test worker] DEBUG o.s.w.s.a.HttpWebHandlerAdapter - enableLoggingRequestDetails='false': form data and headers will be masked to prevent unsafe logging of potentially sensitive data
03:15:29.378 [Test worker] WARN  o.e.j.s.h.ContextHandler - Empty contextPath
03:15:29.378 [Test worker] INFO  o.e.j.s.h.ContextHandler - Started o.e.j.s.ServletContextHandler@661695e5{/,null,AVAILABLE}
03:15:29.378 [Test worker] DEBUG o.s.w.t.h.s.r.b.JettyHttpServer - Starting JettyHttpServer...
03:15:29.378 [Test worker] INFO  o.e.j.s.Server - jetty-9.4.31.v20200723; built: 2020-07-23T17:57:36.812Z; git: 450ba27947e13e66baa8cd1ce7e85a4461cacc1d; jvm 1.8.0_261-b12
03:15:29.382 [Test worker] INFO  o.e.j.s.AbstractConnector - Started ServerConnector@2d08402d{HTTP/1.1, (http/1.1)}{0.0.0.0:63063}
03:15:29.382 [Test worker] INFO  o.e.j.s.Server - Started @160994ms
03:15:29.382 [Test worker] DEBUG o.s.w.t.h.s.r.b.JettyHttpServer - Server started on port 63063(0 millis).
03:15:29.382 [Test worker] DEBUG o.s.w.c.RestTemplate - HTTP GET http://localhost:63063/raw-response/observable
03:15:29.382 [Test worker] DEBUG o.s.w.c.RestTemplate - Accept=[text/plain, application/json, application/x-jackson-smile, application/*+json, */*]
03:15:29.386 [qtp20331521-2046] DEBUG o.s.w.s.a.HttpWebHandlerAdapter - [7dc37f2e] HTTP GET "/raw-response/observable"
03:15:29.386 [qtp20331521-2046] DEBUG o.s.w.r.r.m.a.RequestMappingHandlerMapping - [7dc37f2e] Mapped to org.springframework.web.reactive.result.method.annotation.RequestMappingMessageConversionIntegrationTests$RawResponseBodyController#getObservable()
03:15:29.388 [qtp20331521-2046] DEBUG o.s.w.r.r.m.a.ResponseBodyResultHandler - Using 'text/plain' given [text/plain, application/json, application/x-jackson-smile, application/*+json, */*] and supported [*/*, application/json, application/*+json, application/x-ndjson, application/x-jackson-smile, application/*+x-jackson-smile, text/event-stream]
03:15:29.388 [qtp20331521-2046] DEBUG o.s.w.r.r.m.a.ResponseBodyResultHandler - [7dc37f2e] 0..N [java.nio.ByteBuffer]
03:15:29.428 [qtp20331521-2046] DEBUG o.s.c.c.ByteBufferEncoder - [7dc37f2e] Writing 6 bytes
03:15:29.429 [Test worker] DEBUG o.s.w.c.RestTemplate - Response 200 OK
03:15:29.429 [qtp20331521-2046] DEBUG o.s.w.s.a.HttpWebHandlerAdapter - [7dc37f2e] Completed 200 OK
03:15:29.429 [Test worker] DEBUG o.s.w.c.RestTemplate - Reading to [java.lang.String] as "text/plain"
03:15:29.429 [Test worker] DEBUG o.s.w.t.h.s.r.b.JettyHttpServer - Stopping JettyHttpServer...
03:15:29.429 [Test worker] INFO  o.e.j.s.h.ContextHandler - Stopped o.e.j.s.ServletContextHandler@661695e5{/,null,UNAVAILABLE}
03:15:29.431 [Test worker] INFO  o.e.j.s.AbstractConnector - Stopped ServerConnector@2d08402d{HTTP/1.1, (http/1.1)}{0.0.0.0:0}
03:15:29.433 [Test worker] DEBUG o.s.w.t.h.s.r.b.JettyHttpServer - Server stopped (0 millis).
03:15:29.480 [Test worker] DEBUG o.s.w.r.r.m.a.RequestMappingHandlerMapping - 34 mappings in 'requestMappingHandlerMapping'
03:15:29.496 [Test worker] DEBUG o.s.w.r.r.m.a.ControllerMethodResolver - ControllerAdvice beans: none
03:15:29.511 [Test worker] DEBUG o.s.w.s.a.HttpWebHandlerAdapter - enableLoggingRequestDetails='false': form data and headers will be masked to prevent unsafe logging of potentially sensitive data
03:15:29.511 [Test worker] DEBUG o.s.w.t.h.s.r.b.ReactorHttpServer - Starting ReactorHttpServer...
03:15:29.512 [Test worker] DEBUG o.s.w.t.h.s.r.b.ReactorHttpServer - Server started on port 63069(0 millis).
03:15:29.513 [Test worker] DEBUG o.s.w.c.RestTemplate - HTTP GET http://localhost:63069/raw-response/observable
03:15:29.513 [Test worker] DEBUG o.s.w.c.RestTemplate - Accept=[text/plain, application/json, application/x-jackson-smile, application/*+json, */*]
03:15:29.517 [reactor-http-nio-4] DEBUG o.s.w.s.a.HttpWebHandlerAdapter - [7526dec6-52] HTTP GET "/raw-response/observable"
03:15:29.517 [reactor-http-nio-4] DEBUG o.s.w.r.r.m.a.RequestMappingHandlerMapping - [7526dec6-52] Mapped to org.springframework.web.reactive.result.method.annotation.RequestMappingMessageConversionIntegrationTests$RawResponseBodyController#getObservable()
03:15:29.519 [reactor-http-nio-4] DEBUG o.s.w.r.r.m.a.ResponseBodyResultHandler - Using 'text/plain' given [text/plain, application/json, application/x-jackson-smile, application/*+json, */*] and supported [*/*, application/json, application/*+json, application/x-ndjson, application/x-jackson-smile, application/*+x-jackson-smile, text/event-stream]
03:15:29.519 [reactor-http-nio-4] DEBUG o.s.w.r.r.m.a.ResponseBodyResultHandler - [7526dec6-52] 0..N [java.nio.ByteBuffer]
03:15:29.520 [reactor-http-nio-4] DEBUG o.s.c.c.ByteBufferEncoder - [7526dec6-52] Writing 6 bytes
03:15:29.521 [reactor-http-nio-4] DEBUG o.s.w.s.a.HttpWebHandlerAdapter - [7526dec6-52] Completed 200 OK
03:15:29.522 [Test worker] DEBUG o.s.w.c.RestTemplate - Response 200 OK
03:15:29.522 [Test worker] DEBUG o.s.w.c.RestTemplate - Reading to [java.lang.String] as "text/plain"
03:15:29.522 [Test worker] DEBUG o.s.w.t.h.s.r.b.ReactorHttpServer - Stopping ReactorHttpServer...
03:15:29.523 [Test worker] DEBUG o.s.w.t.h.s.r.b.ReactorHttpServer - Server stopped (0 millis).
03:15:29.577 [Test worker] DEBUG o.s.w.r.r.m.a.RequestMappingHandlerMapping - 34 mappings in 'requestMappingHandlerMapping'
03:15:29.608 [Test worker] DEBUG o.s.w.r.r.m.a.ControllerMethodResolver - ControllerAdvice beans: none
03:15:29.631 [Test worker] DEBUG o.s.w.s.a.HttpWebHandlerAdapter - enableLoggingRequestDetails='false': form data and headers will be masked to prevent unsafe logging of potentially sensitive data
03:15:29.632 [Test worker] DEBUG o.s.w.t.h.s.r.b.TomcatHttpServer - Starting TomcatHttpServer...
03:15:29.645 [Test worker] DEBUG o.s.w.t.h.s.r.b.TomcatHttpServer - Server started on port 63071(0 millis).
03:15:29.645 [Test worker] DEBUG o.s.w.c.RestTemplate - HTTP GET http://localhost:63071/raw-response/observable
03:15:29.645 [Test worker] DEBUG o.s.w.c.RestTemplate - Accept=[text/plain, application/json, application/x-jackson-smile, application/*+json, */*]
03:15:29.659 [http-nio-auto-50-exec-1] DEBUG o.s.w.s.a.HttpWebHandlerAdapter - [5b509fa5] HTTP GET "/raw-response/observable"
03:15:29.660 [http-nio-auto-50-exec-1] DEBUG o.s.w.r.r.m.a.RequestMappingHandlerMapping - [5b509fa5] Mapped to org.springframework.web.reactive.result.method.annotation.RequestMappingMessageConversionIntegrationTests$RawResponseBodyController#getObservable()
03:15:29.661 [http-nio-auto-50-exec-1] DEBUG o.s.w.r.r.m.a.ResponseBodyResultHandler - Using 'text/plain' given [text/plain, application/json, application/x-jackson-smile, application/*+json, */*] and supported [*/*, application/json, application/*+json, application/x-ndjson, application/x-jackson-smile, application/*+x-jackson-smile, text/event-stream]
03:15:29.661 [http-nio-auto-50-exec-1] DEBUG o.s.w.r.r.m.a.ResponseBodyResultHandler - [5b509fa5] 0..N [java.nio.ByteBuffer]
03:15:29.662 [http-nio-auto-50-exec-1] DEBUG o.s.c.c.ByteBufferEncoder - [5b509fa5] Writing 6 bytes
03:15:29.663 [Test worker] DEBUG o.s.w.c.RestTemplate - Response 200 OK
03:15:29.663 [http-nio-auto-50-exec-1] DEBUG o.s.w.s.a.HttpWebHandlerAdapter - [5b509fa5] Completed 200 OK
03:15:29.663 [Test worker] DEBUG o.s.w.c.RestTemplate - Reading to [java.lang.String] as "text/plain"
03:15:29.663 [Test worker] DEBUG o.s.w.t.h.s.r.b.TomcatHttpServer - Stopping TomcatHttpServer...
03:15:29.986 [Test worker] DEBUG o.s.w.t.h.s.r.b.TomcatHttpServer - Server stopped (0 millis).
03:15:30.073 [Test worker] DEBUG o.s.w.r.r.m.a.RequestMappingHandlerMapping - 34 mappings in 'requestMappingHandlerMapping'
03:15:30.107 [Test worker] DEBUG o.s.w.r.r.m.a.ControllerMethodResolver - ControllerAdvice beans: none
03:15:30.126 [Test worker] DEBUG o.s.w.s.a.HttpWebHandlerAdapter - enableLoggingRequestDetails='false': form data and headers will be masked to prevent unsafe logging of potentially sensitive data
03:15:30.126 [Test worker] DEBUG o.s.w.t.h.s.r.b.UndertowHttpServer - Starting UndertowHttpServer...
03:15:30.126 [Test worker] INFO  i.undertow - starting server: Undertow - 2.1.3.Final
03:15:30.134 [Test worker] DEBUG o.s.w.t.h.s.r.b.UndertowHttpServer - Server started on port 63088(0 millis).
03:15:30.134 [Test worker] DEBUG o.s.w.c.RestTemplate - HTTP GET http://localhost:63088/raw-response/observable
03:15:30.134 [Test worker] DEBUG o.s.w.c.RestTemplate - Accept=[text/plain, application/json, application/x-jackson-smile, application/*+json, */*]
03:15:30.137 [XNIO-49 I/O-1] DEBUG o.s.w.s.a.HttpWebHandlerAdapter - [442d48d6] HTTP GET "/raw-response/observable"
03:15:30.137 [XNIO-49 I/O-1] DEBUG o.s.w.r.r.m.a.RequestMappingHandlerMapping - [442d48d6] Mapped to org.springframework.web.reactive.result.method.annotation.RequestMappingMessageConversionIntegrationTests$RawResponseBodyController#getObservable()
03:15:30.138 [XNIO-49 I/O-1] DEBUG o.s.w.r.r.m.a.ResponseBodyResultHandler - Using 'text/plain' given [text/plain, application/json, application/x-jackson-smile, application/*+json, */*] and supported [*/*, application/json, application/*+json, application/x-ndjson, application/x-jackson-smile, application/*+x-jackson-smile, text/event-stream]
03:15:30.138 [XNIO-49 I/O-1] DEBUG o.s.w.r.r.m.a.ResponseBodyResultHandler - [442d48d6] 0..N [java.nio.ByteBuffer]
03:15:30.138 [XNIO-49 I/O-1] DEBUG o.s.c.c.ByteBufferEncoder - [442d48d6] Writing 6 bytes
03:15:30.139 [XNIO-49 I/O-1] DEBUG o.s.w.s.a.HttpWebHandlerAdapter - [442d48d6] Completed 200 OK
03:15:30.140 [Test worker] DEBUG o.s.w.c.RestTemplate - Response 200 OK
03:15:30.140 [Test worker] DEBUG o.s.w.c.RestTemplate - Reading to [java.lang.String] as "text/plain"
03:15:30.140 [Test worker] DEBUG o.s.w.t.h.s.r.b.UndertowHttpServer - Stopping UndertowHttpServer...
03:15:30.140 [Test worker] INFO  i.undertow - stopping server: Undertow - 2.1.3.Final
03:15:30.143 [Test worker] DEBUG o.s.w.t.h.s.r.b.UndertowHttpServer - Server stopped (0 millis).
03:15:30.197 [Test worker] DEBUG o.s.w.r.r.m.a.RequestMappingHandlerMapping - 34 mappings in 'requestMappingHandlerMapping'
03:15:30.218 [Test worker] DEBUG o.s.w.r.r.m.a.ControllerMethodResolver - ControllerAdvice beans: none
03:15:30.238 [Test worker] DEBUG o.s.w.s.a.HttpWebHandlerAdapter - enableLoggingRequestDetails='false': form data and headers will be masked to prevent unsafe logging of potentially sensitive data
03:15:30.238 [Test worker] WARN  o.e.j.s.h.ContextHandler - Empty contextPath
03:15:30.239 [Test worker] INFO  o.e.j.s.h.ContextHandler - Started o.e.j.s.ServletContextHandler@67de8b20{/,null,AVAILABLE}
03:15:30.239 [Test worker] DEBUG o.s.w.t.h.s.r.b.JettyHttpServer - Starting JettyHttpServer...
03:15:30.239 [Test worker] INFO  o.e.j.s.Server - jetty-9.4.31.v20200723; built: 2020-07-23T17:57:36.812Z; git: 450ba27947e13e66baa8cd1ce7e85a4461cacc1d; jvm 1.8.0_261-b12
03:15:30.245 [Test worker] INFO  o.e.j.s.AbstractConnector - Started ServerConnector@234d923{HTTP/1.1, (http/1.1)}{0.0.0.0:63091}
03:15:30.245 [Test worker] INFO  o.e.j.s.Server - Started @161856ms
03:15:30.245 [Test worker] DEBUG o.s.w.t.h.s.r.b.JettyHttpServer - Server started on port 63091(0 millis).
03:15:30.245 [Test worker] DEBUG o.s.w.c.RestTemplate - HTTP GET http://localhost:63091/person-response/flux
03:15:30.245 [Test worker] DEBUG o.s.w.c.RestTemplate - Accept=[application/json, application/x-jackson-smile, application/*+json]
03:15:30.255 [qtp879533711-2087] DEBUG o.s.w.s.a.HttpWebHandlerAdapter - [4ed627b8] HTTP GET "/person-response/flux"
03:15:30.255 [qtp879533711-2087] DEBUG o.s.w.r.r.m.a.RequestMappingHandlerMapping - [4ed627b8] Mapped to org.springframework.web.reactive.result.method.annotation.RequestMappingMessageConversionIntegrationTests$PersonResponseBodyController#getFlux()
03:15:30.257 [qtp879533711-2087] DEBUG o.s.w.r.r.m.a.ResponseBodyResultHandler - Using 'application/json' given [application/json] and supported [application/json, application/*+json, application/x-ndjson, application/x-jackson-smile, application/*+x-jackson-smile, application/xml, text/xml, text/event-stream]
03:15:30.257 [qtp879533711-2087] DEBUG o.s.w.r.r.m.a.ResponseBodyResultHandler - [4ed627b8] 0..N [org.springframework.web.reactive.result.method.annotation.RequestMappingMessageConversionIntegrationTests$Person]
03:15:30.257 [qtp879533711-2087] DEBUG o.s.h.c.j.Jackson2JsonEncoder - [4ed627b8] Encoding [[Person{name='Robert'}, Person{name='Marie'}]]
03:15:30.258 [qtp879533711-2087] DEBUG o.s.w.s.a.HttpWebHandlerAdapter - [4ed627b8] Completed 200 OK
03:15:30.258 [Test worker] DEBUG o.s.w.c.RestTemplate - Response 200 OK
03:15:30.258 [Test worker] DEBUG o.s.w.c.RestTemplate - Reading to [java.util.List<org.springframework.web.reactive.result.method.annotation.RequestMappingMessageConversionIntegrationTests$Person>]
03:15:30.259 [Test worker] DEBUG o.s.w.t.h.s.r.b.JettyHttpServer - Stopping JettyHttpServer...
03:15:30.259 [Test worker] INFO  o.e.j.s.h.ContextHandler - Stopped o.e.j.s.ServletContextHandler@67de8b20{/,null,UNAVAILABLE}
03:15:30.261 [Test worker] INFO  o.e.j.s.AbstractConnector - Stopped ServerConnector@234d923{HTTP/1.1, (http/1.1)}{0.0.0.0:0}
03:15:30.263 [Test worker] DEBUG o.s.w.t.h.s.r.b.JettyHttpServer - Server stopped (0 millis).
03:15:30.332 [Test worker] DEBUG o.s.w.r.r.m.a.RequestMappingHandlerMapping - 34 mappings in 'requestMappingHandlerMapping'
03:15:30.393 [Test worker] DEBUG o.s.w.r.r.m.a.ControllerMethodResolver - ControllerAdvice beans: none
03:15:30.424 [Test worker] DEBUG o.s.w.s.a.HttpWebHandlerAdapter - enableLoggingRequestDetails='false': form data and headers will be masked to prevent unsafe logging of potentially sensitive data
03:15:30.424 [Test worker] DEBUG o.s.w.t.h.s.r.b.ReactorHttpServer - Starting ReactorHttpServer...
03:15:30.425 [Test worker] DEBUG o.s.w.t.h.s.r.b.ReactorHttpServer - Server started on port 63098(0 millis).
03:15:30.425 [Test worker] DEBUG o.s.w.c.RestTemplate - HTTP GET http://localhost:63098/person-response/flux
03:15:30.426 [Test worker] DEBUG o.s.w.c.RestTemplate - Accept=[application/json, application/x-jackson-smile, application/*+json]
03:15:30.435 [reactor-http-nio-2] DEBUG o.s.w.s.a.HttpWebHandlerAdapter - [9d85adde-53] HTTP GET "/person-response/flux"
03:15:30.435 [reactor-http-nio-2] DEBUG o.s.w.r.r.m.a.RequestMappingHandlerMapping - [9d85adde-53] Mapped to org.springframework.web.reactive.result.method.annotation.RequestMappingMessageConversionIntegrationTests$PersonResponseBodyController#getFlux()
03:15:30.437 [reactor-http-nio-2] DEBUG o.s.w.r.r.m.a.ResponseBodyResultHandler - Using 'application/json' given [application/json] and supported [application/json, application/*+json, application/x-ndjson, application/x-jackson-smile, application/*+x-jackson-smile, application/xml, text/xml, text/event-stream]
03:15:30.437 [reactor-http-nio-2] DEBUG o.s.w.r.r.m.a.ResponseBodyResultHandler - [9d85adde-53] 0..N [org.springframework.web.reactive.result.method.annotation.RequestMappingMessageConversionIntegrationTests$Person]
03:15:30.437 [reactor-http-nio-2] DEBUG o.s.h.c.j.Jackson2JsonEncoder - [9d85adde-53] Encoding [[Person{name='Robert'}, Person{name='Marie'}]]
03:15:30.438 [Test worker] DEBUG o.s.w.c.RestTemplate - Response 200 OK
03:15:30.439 [Test worker] DEBUG o.s.w.c.RestTemplate - Reading to [java.util.List<org.springframework.web.reactive.result.method.annotation.RequestMappingMessageConversionIntegrationTests$Person>]
03:15:30.439 [reactor-http-nio-2] DEBUG o.s.w.s.a.HttpWebHandlerAdapter - [9d85adde-53] Completed 200 OK
03:15:30.440 [Test worker] DEBUG o.s.w.t.h.s.r.b.ReactorHttpServer - Stopping ReactorHttpServer...
03:15:30.440 [Test worker] DEBUG o.s.w.t.h.s.r.b.ReactorHttpServer - Server stopped (0 millis).
03:15:30.501 [Test worker] DEBUG o.s.w.r.r.m.a.RequestMappingHandlerMapping - 34 mappings in 'requestMappingHandlerMapping'
03:15:30.518 [Test worker] DEBUG o.s.w.r.r.m.a.ControllerMethodResolver - ControllerAdvice beans: none
03:15:30.530 [Test worker] DEBUG o.s.w.s.a.HttpWebHandlerAdapter - enableLoggingRequestDetails='false': form data and headers will be masked to prevent unsafe logging of potentially sensitive data
03:15:30.531 [Test worker] DEBUG o.s.w.t.h.s.r.b.TomcatHttpServer - Starting TomcatHttpServer...
03:15:30.540 [Test worker] DEBUG o.s.w.t.h.s.r.b.TomcatHttpServer - Server started on port 63100(0 millis).
03:15:30.540 [Test worker] DEBUG o.s.w.c.RestTemplate - HTTP GET http://localhost:63100/person-response/flux
03:15:30.540 [Test worker] DEBUG o.s.w.c.RestTemplate - Accept=[application/json, application/x-jackson-smile, application/*+json]
03:15:30.547 [http-nio-auto-51-exec-1] DEBUG o.s.w.s.a.HttpWebHandlerAdapter - [4166054c] HTTP GET "/person-response/flux"
03:15:30.548 [http-nio-auto-51-exec-1] DEBUG o.s.w.r.r.m.a.RequestMappingHandlerMapping - [4166054c] Mapped to org.springframework.web.reactive.result.method.annotation.RequestMappingMessageConversionIntegrationTests$PersonResponseBodyController#getFlux()
03:15:30.549 [http-nio-auto-51-exec-1] DEBUG o.s.w.r.r.m.a.ResponseBodyResultHandler - Using 'application/json' given [application/json] and supported [application/json, application/*+json, application/x-ndjson, application/x-jackson-smile, application/*+x-jackson-smile, application/xml, text/xml, text/event-stream]
03:15:30.549 [http-nio-auto-51-exec-1] DEBUG o.s.w.r.r.m.a.ResponseBodyResultHandler - [4166054c] 0..N [org.springframework.web.reactive.result.method.annotation.RequestMappingMessageConversionIntegrationTests$Person]
03:15:30.549 [http-nio-auto-51-exec-1] DEBUG o.s.h.c.j.Jackson2JsonEncoder - [4166054c] Encoding [[Person{name='Robert'}, Person{name='Marie'}]]
03:15:30.550 [Test worker] DEBUG o.s.w.c.RestTemplate - Response 200 OK
03:15:30.551 [Test worker] DEBUG o.s.w.c.RestTemplate - Reading to [java.util.List<org.springframework.web.reactive.result.method.annotation.RequestMappingMessageConversionIntegrationTests$Person>]
03:15:30.551 [http-nio-auto-51-exec-1] DEBUG o.s.w.s.a.HttpWebHandlerAdapter - [4166054c] Completed 200 OK
03:15:30.552 [Test worker] DEBUG o.s.w.t.h.s.r.b.TomcatHttpServer - Stopping TomcatHttpServer...
03:15:30.733 [Test worker] DEBUG o.s.w.t.h.s.r.b.TomcatHttpServer - Server stopped (0 millis).
03:15:30.788 [Test worker] DEBUG o.s.w.r.r.m.a.RequestMappingHandlerMapping - 34 mappings in 'requestMappingHandlerMapping'
03:15:30.802 [Test worker] DEBUG o.s.w.r.r.m.a.ControllerMethodResolver - ControllerAdvice beans: none
03:15:30.814 [Test worker] DEBUG o.s.w.s.a.HttpWebHandlerAdapter - enableLoggingRequestDetails='false': form data and headers will be masked to prevent unsafe logging of potentially sensitive data
03:15:30.814 [Test worker] DEBUG o.s.w.t.h.s.r.b.UndertowHttpServer - Starting UndertowHttpServer...
03:15:30.814 [Test worker] INFO  i.undertow - starting server: Undertow - 2.1.3.Final
03:15:30.820 [Test worker] DEBUG o.s.w.t.h.s.r.b.UndertowHttpServer - Server started on port 63117(0 millis).
03:15:30.821 [Test worker] DEBUG o.s.w.c.RestTemplate - HTTP GET http://localhost:63117/person-response/flux
03:15:30.821 [Test worker] DEBUG o.s.w.c.RestTemplate - Accept=[application/json, application/x-jackson-smile, application/*+json]
03:15:30.824 [XNIO-50 I/O-2] DEBUG o.s.w.s.a.HttpWebHandlerAdapter - [37d2bfad] HTTP GET "/person-response/flux"
03:15:30.825 [XNIO-50 I/O-2] DEBUG o.s.w.r.r.m.a.RequestMappingHandlerMapping - [37d2bfad] Mapped to org.springframework.web.reactive.result.method.annotation.RequestMappingMessageConversionIntegrationTests$PersonResponseBodyController#getFlux()
03:15:30.826 [XNIO-50 I/O-2] DEBUG o.s.w.r.r.m.a.ResponseBodyResultHandler - Using 'application/json' given [application/json] and supported [application/json, application/*+json, application/x-ndjson, application/x-jackson-smile, application/*+x-jackson-smile, application/xml, text/xml, text/event-stream]
03:15:30.826 [XNIO-50 I/O-2] DEBUG o.s.w.r.r.m.a.ResponseBodyResultHandler - [37d2bfad] 0..N [org.springframework.web.reactive.result.method.annotation.RequestMappingMessageConversionIntegrationTests$Person]
03:15:30.826 [XNIO-50 I/O-2] DEBUG o.s.h.c.j.Jackson2JsonEncoder - [37d2bfad] Encoding [[Person{name='Robert'}, Person{name='Marie'}]]
03:15:30.827 [XNIO-50 I/O-2] DEBUG o.s.w.s.a.HttpWebHandlerAdapter - [37d2bfad] Completed 200 OK
03:15:30.827 [Test worker] DEBUG o.s.w.c.RestTemplate - Response 200 OK
03:15:30.827 [Test worker] DEBUG o.s.w.c.RestTemplate - Reading to [java.util.List<org.springframework.web.reactive.result.method.annotation.RequestMappingMessageConversionIntegrationTests$Person>]
03:15:30.828 [Test worker] DEBUG o.s.w.t.h.s.r.b.UndertowHttpServer - Stopping UndertowHttpServer...
03:15:30.828 [Test worker] INFO  i.undertow - stopping server: Undertow - 2.1.3.Final
03:15:30.829 [Test worker] DEBUG o.s.w.t.h.s.r.b.UndertowHttpServer - Server stopped (0 millis).
03:15:30.872 [Test worker] DEBUG o.s.w.r.r.m.a.RequestMappingHandlerMapping - 34 mappings in 'requestMappingHandlerMapping'
03:15:30.891 [Test worker] DEBUG o.s.w.r.r.m.a.ControllerMethodResolver - ControllerAdvice beans: none
03:15:30.904 [Test worker] DEBUG o.s.w.s.a.HttpWebHandlerAdapter - enableLoggingRequestDetails='false': form data and headers will be masked to prevent unsafe logging of potentially sensitive data
03:15:30.905 [Test worker] WARN  o.e.j.s.h.ContextHandler - Empty contextPath
03:15:30.905 [Test worker] INFO  o.e.j.s.h.ContextHandler - Started o.e.j.s.ServletContextHandler@1b94f619{/,null,AVAILABLE}
03:15:30.905 [Test worker] DEBUG o.s.w.t.h.s.r.b.JettyHttpServer - Starting JettyHttpServer...
03:15:30.905 [Test worker] INFO  o.e.j.s.Server - jetty-9.4.31.v20200723; built: 2020-07-23T17:57:36.812Z; git: 450ba27947e13e66baa8cd1ce7e85a4461cacc1d; jvm 1.8.0_261-b12
03:15:30.908 [Test worker] INFO  o.e.j.s.AbstractConnector - Started ServerConnector@73ec050a{HTTP/1.1, (http/1.1)}{0.0.0.0:63119}
03:15:30.908 [Test worker] INFO  o.e.j.s.Server - Started @162520ms
03:15:30.908 [Test worker] DEBUG o.s.w.t.h.s.r.b.JettyHttpServer - Server started on port 63119(0 millis).
03:15:30.908 [Test worker] DEBUG o.s.w.c.RestTemplate - HTTP GET http://localhost:63119/person-response/list
03:15:30.909 [Test worker] DEBUG o.s.w.c.RestTemplate - Accept=[application/json, application/x-jackson-smile, application/*+json]
03:15:30.911 [qtp192897750-2128] DEBUG o.s.w.s.a.HttpWebHandlerAdapter - [364deb12] HTTP GET "/person-response/list"
03:15:30.911 [qtp192897750-2128] DEBUG o.s.w.r.r.m.a.RequestMappingHandlerMapping - [364deb12] Mapped to org.springframework.web.reactive.result.method.annotation.RequestMappingMessageConversionIntegrationTests$PersonResponseBodyController#getList()
03:15:30.912 [qtp192897750-2128] DEBUG o.s.w.r.r.m.a.ResponseBodyResultHandler - Using 'application/json' given [application/json] and supported [application/json, application/*+json, application/x-ndjson, application/x-jackson-smile, application/*+x-jackson-smile, text/event-stream]
03:15:30.912 [qtp192897750-2128] DEBUG o.s.w.r.r.m.a.ResponseBodyResultHandler - [364deb12] 0..1 [java.util.List<org.springframework.web.reactive.result.method.annotation.RequestMappingMessageConversionIntegrationTests$Person>]
03:15:30.913 [qtp192897750-2128] DEBUG o.s.h.c.j.Jackson2JsonEncoder - [364deb12] Encoding [[Person{name='Robert'}, Person{name='Marie'}]]
03:15:30.913 [Test worker] DEBUG o.s.w.c.RestTemplate - Response 200 OK
03:15:30.913 [qtp192897750-2128] DEBUG o.s.w.s.a.HttpWebHandlerAdapter - [364deb12] Completed 200 OK
03:15:30.913 [Test worker] DEBUG o.s.w.c.RestTemplate - Reading to [java.util.List<org.springframework.web.reactive.result.method.annotation.RequestMappingMessageConversionIntegrationTests$Person>]
03:15:30.916 [Test worker] DEBUG o.s.w.t.h.s.r.b.JettyHttpServer - Stopping JettyHttpServer...
03:15:30.916 [Test worker] INFO  o.e.j.s.h.ContextHandler - Stopped o.e.j.s.ServletContextHandler@1b94f619{/,null,UNAVAILABLE}
03:15:30.917 [Test worker] INFO  o.e.j.s.AbstractConnector - Stopped ServerConnector@73ec050a{HTTP/1.1, (http/1.1)}{0.0.0.0:0}
03:15:30.918 [Test worker] DEBUG o.s.w.t.h.s.r.b.JettyHttpServer - Server stopped (0 millis).
03:15:30.954 [Test worker] DEBUG o.s.w.r.r.m.a.RequestMappingHandlerMapping - 34 mappings in 'requestMappingHandlerMapping'
03:15:30.980 [Test worker] DEBUG o.s.w.r.r.m.a.ControllerMethodResolver - ControllerAdvice beans: none
03:15:30.994 [Test worker] DEBUG o.s.w.s.a.HttpWebHandlerAdapter - enableLoggingRequestDetails='false': form data and headers will be masked to prevent unsafe logging of potentially sensitive data
03:15:30.994 [Test worker] DEBUG o.s.w.t.h.s.r.b.ReactorHttpServer - Starting ReactorHttpServer...
03:15:30.995 [Test worker] DEBUG o.s.w.t.h.s.r.b.ReactorHttpServer - Server started on port 63126(0 millis).
03:15:30.995 [Test worker] DEBUG o.s.w.c.RestTemplate - HTTP GET http://localhost:63126/person-response/list
03:15:30.995 [Test worker] DEBUG o.s.w.c.RestTemplate - Accept=[application/json, application/x-jackson-smile, application/*+json]
03:15:30.998 [reactor-http-nio-4] DEBUG o.s.w.s.a.HttpWebHandlerAdapter - [f9fd6e5c-54] HTTP GET "/person-response/list"
03:15:30.998 [reactor-http-nio-4] DEBUG o.s.w.r.r.m.a.RequestMappingHandlerMapping - [f9fd6e5c-54] Mapped to org.springframework.web.reactive.result.method.annotation.RequestMappingMessageConversionIntegrationTests$PersonResponseBodyController#getList()
03:15:30.999 [reactor-http-nio-4] DEBUG o.s.w.r.r.m.a.ResponseBodyResultHandler - Using 'application/json' given [application/json] and supported [application/json, application/*+json, application/x-ndjson, application/x-jackson-smile, application/*+x-jackson-smile, text/event-stream]
03:15:30.999 [reactor-http-nio-4] DEBUG o.s.w.r.r.m.a.ResponseBodyResultHandler - [f9fd6e5c-54] 0..1 [java.util.List<org.springframework.web.reactive.result.method.annotation.RequestMappingMessageConversionIntegrationTests$Person>]
03:15:30.999 [reactor-http-nio-4] DEBUG o.s.h.c.j.Jackson2JsonEncoder - [f9fd6e5c-54] Encoding [[Person{name='Robert'}, Person{name='Marie'}]]
03:15:31.000 [Test worker] DEBUG o.s.w.c.RestTemplate - Response 200 OK
03:15:31.000 [reactor-http-nio-4] DEBUG o.s.w.s.a.HttpWebHandlerAdapter - [f9fd6e5c-54] Completed 200 OK
03:15:31.000 [Test worker] DEBUG o.s.w.c.RestTemplate - Reading to [java.util.List<org.springframework.web.reactive.result.method.annotation.RequestMappingMessageConversionIntegrationTests$Person>]
03:15:31.001 [Test worker] DEBUG o.s.w.t.h.s.r.b.ReactorHttpServer - Stopping ReactorHttpServer...
03:15:31.001 [Test worker] DEBUG o.s.w.t.h.s.r.b.ReactorHttpServer - Server stopped (0 millis).
03:15:31.054 [Test worker] DEBUG o.s.w.r.r.m.a.RequestMappingHandlerMapping - 34 mappings in 'requestMappingHandlerMapping'
03:15:31.109 [Test worker] DEBUG o.s.w.r.r.m.a.ControllerMethodResolver - ControllerAdvice beans: none
03:15:31.175 [Test worker] DEBUG o.s.w.s.a.HttpWebHandlerAdapter - enableLoggingRequestDetails='false': form data and headers will be masked to prevent unsafe logging of potentially sensitive data
03:15:31.176 [Test worker] DEBUG o.s.w.t.h.s.r.b.TomcatHttpServer - Starting TomcatHttpServer...
03:15:31.298 [Test worker] DEBUG o.s.w.t.h.s.r.b.TomcatHttpServer - Server started on port 63134(0 millis).
03:15:31.298 [Test worker] DEBUG o.s.w.c.RestTemplate - HTTP GET http://localhost:63134/person-response/list
03:15:31.298 [Test worker] DEBUG o.s.w.c.RestTemplate - Accept=[application/json, application/x-jackson-smile, application/*+json]
03:15:31.704 [http-nio-auto-52-exec-1] DEBUG o.s.w.s.a.HttpWebHandlerAdapter - [eb483e9] HTTP GET "/person-response/list"
03:15:31.705 [http-nio-auto-52-exec-1] DEBUG o.s.w.r.r.m.a.RequestMappingHandlerMapping - [eb483e9] Mapped to org.springframework.web.reactive.result.method.annotation.RequestMappingMessageConversionIntegrationTests$PersonResponseBodyController#getList()
03:15:31.705 [http-nio-auto-52-exec-1] DEBUG o.s.w.r.r.m.a.ResponseBodyResultHandler - Using 'application/json' given [application/json] and supported [application/json, application/*+json, application/x-ndjson, application/x-jackson-smile, application/*+x-jackson-smile, text/event-stream]
03:15:31.705 [http-nio-auto-52-exec-1] DEBUG o.s.w.r.r.m.a.ResponseBodyResultHandler - [eb483e9] 0..1 [java.util.List<org.springframework.web.reactive.result.method.annotation.RequestMappingMessageConversionIntegrationTests$Person>]
03:15:31.706 [http-nio-auto-52-exec-1] DEBUG o.s.h.c.j.Jackson2JsonEncoder - [eb483e9] Encoding [[Person{name='Robert'}, Person{name='Marie'}]]
03:15:31.707 [Test worker] DEBUG o.s.w.c.RestTemplate - Response 200 OK
03:15:31.707 [http-nio-auto-52-exec-1] DEBUG o.s.w.s.a.HttpWebHandlerAdapter - [eb483e9] Completed 200 OK
03:15:31.707 [Test worker] DEBUG o.s.w.c.RestTemplate - Reading to [java.util.List<org.springframework.web.reactive.result.method.annotation.RequestMappingMessageConversionIntegrationTests$Person>]
03:15:31.708 [Test worker] DEBUG o.s.w.t.h.s.r.b.TomcatHttpServer - Stopping TomcatHttpServer...
03:15:31.969 [Test worker] DEBUG o.s.w.t.h.s.r.b.TomcatHttpServer - Server stopped (0 millis).
03:15:32.015 [Test worker] DEBUG o.s.w.r.r.m.a.RequestMappingHandlerMapping - 34 mappings in 'requestMappingHandlerMapping'
03:15:32.034 [Test worker] DEBUG o.s.w.r.r.m.a.ControllerMethodResolver - ControllerAdvice beans: none
03:15:32.048 [Test worker] DEBUG o.s.w.s.a.HttpWebHandlerAdapter - enableLoggingRequestDetails='false': form data and headers will be masked to prevent unsafe logging of potentially sensitive data
03:15:32.048 [Test worker] DEBUG o.s.w.t.h.s.r.b.UndertowHttpServer - Starting UndertowHttpServer...
03:15:32.048 [Test worker] INFO  i.undertow - starting server: Undertow - 2.1.3.Final
03:15:32.054 [Test worker] DEBUG o.s.w.t.h.s.r.b.UndertowHttpServer - Server started on port 63152(0 millis).
03:15:32.054 [Test worker] DEBUG o.s.w.c.RestTemplate - HTTP GET http://localhost:63152/person-response/list
03:15:32.054 [Test worker] DEBUG o.s.w.c.RestTemplate - Accept=[application/json, application/x-jackson-smile, application/*+json]
03:15:32.057 [XNIO-51 I/O-1] DEBUG o.s.w.s.a.HttpWebHandlerAdapter - [45f9397b] HTTP GET "/person-response/list"
03:15:32.057 [XNIO-51 I/O-1] DEBUG o.s.w.r.r.m.a.RequestMappingHandlerMapping - [45f9397b] Mapped to org.springframework.web.reactive.result.method.annotation.RequestMappingMessageConversionIntegrationTests$PersonResponseBodyController#getList()
03:15:32.058 [XNIO-51 I/O-1] DEBUG o.s.w.r.r.m.a.ResponseBodyResultHandler - Using 'application/json' given [application/json] and supported [application/json, application/*+json, application/x-ndjson, application/x-jackson-smile, application/*+x-jackson-smile, text/event-stream]
03:15:32.058 [XNIO-51 I/O-1] DEBUG o.s.w.r.r.m.a.ResponseBodyResultHandler - [45f9397b] 0..1 [java.util.List<org.springframework.web.reactive.result.method.annotation.RequestMappingMessageConversionIntegrationTests$Person>]
03:15:32.058 [XNIO-51 I/O-1] DEBUG o.s.h.c.j.Jackson2JsonEncoder - [45f9397b] Encoding [[Person{name='Robert'}, Person{name='Marie'}]]
03:15:32.059 [Test worker] DEBUG o.s.w.c.RestTemplate - Response 200 OK
03:15:32.059 [XNIO-51 I/O-1] DEBUG o.s.w.s.a.HttpWebHandlerAdapter - [45f9397b] Completed 200 OK
03:15:32.059 [Test worker] DEBUG o.s.w.c.RestTemplate - Reading to [java.util.List<org.springframework.web.reactive.result.method.annotation.RequestMappingMessageConversionIntegrationTests$Person>]
03:15:32.060 [Test worker] DEBUG o.s.w.t.h.s.r.b.UndertowHttpServer - Stopping UndertowHttpServer...
03:15:32.060 [Test worker] INFO  i.undertow - stopping server: Undertow - 2.1.3.Final
03:15:32.061 [Test worker] DEBUG o.s.w.t.h.s.r.b.UndertowHttpServer - Server stopped (0 millis).
03:15:32.110 [Test worker] DEBUG o.s.w.r.r.m.a.RequestMappingHandlerMapping - 34 mappings in 'requestMappingHandlerMapping'
03:15:32.127 [Test worker] DEBUG o.s.w.r.r.m.a.ControllerMethodResolver - ControllerAdvice beans: none
03:15:32.140 [Test worker] DEBUG o.s.w.s.a.HttpWebHandlerAdapter - enableLoggingRequestDetails='false': form data and headers will be masked to prevent unsafe logging of potentially sensitive data
03:15:32.146 [Test worker] WARN  o.e.j.s.h.ContextHandler - Empty contextPath
03:15:32.146 [Test worker] INFO  o.e.j.s.h.ContextHandler - Started o.e.j.s.ServletContextHandler@25964e34{/,null,AVAILABLE}
03:15:32.147 [Test worker] DEBUG o.s.w.t.h.s.r.b.JettyHttpServer - Starting JettyHttpServer...
03:15:32.147 [Test worker] INFO  o.e.j.s.Server - jetty-9.4.31.v20200723; built: 2020-07-23T17:57:36.812Z; git: 450ba27947e13e66baa8cd1ce7e85a4461cacc1d; jvm 1.8.0_261-b12
03:15:32.151 [Test worker] INFO  o.e.j.s.AbstractConnector - Started ServerConnector@25d6ce69{HTTP/1.1, (http/1.1)}{0.0.0.0:63154}
03:15:32.151 [Test worker] INFO  o.e.j.s.Server - Started @163762ms
03:15:32.151 [Test worker] DEBUG o.s.w.t.h.s.r.b.JettyHttpServer - Server started on port 63154(0 millis).
03:15:32.151 [Test worker] DEBUG o.s.w.c.RestTemplate - HTTP GET http://localhost:63154/person-response/mono
03:15:32.152 [Test worker] DEBUG o.s.w.c.RestTemplate - Accept=[application/xml, text/xml, application/json, application/x-jackson-smile, application/*+xml, application/*+json]
03:15:32.154 [qtp851333686-2169] DEBUG o.s.w.s.a.HttpWebHandlerAdapter - [27624518] HTTP GET "/person-response/mono"
03:15:32.154 [qtp851333686-2169] DEBUG o.s.w.r.r.m.a.RequestMappingHandlerMapping - [27624518] Mapped to org.springframework.web.reactive.result.method.annotation.RequestMappingMessageConversionIntegrationTests$PersonResponseBodyController#getMono()
03:15:32.156 [qtp851333686-2169] DEBUG o.s.w.r.r.m.a.ResponseBodyResultHandler - Using 'application/json' given [application/json] and supported [application/json, application/*+json, application/x-ndjson, application/x-jackson-smile, application/*+x-jackson-smile, application/xml, text/xml, text/event-stream]
03:15:32.156 [qtp851333686-2169] DEBUG o.s.w.r.r.m.a.ResponseBodyResultHandler - [27624518] 0..1 [org.springframework.web.reactive.result.method.annotation.RequestMappingMessageConversionIntegrationTests$Person]
03:15:32.156 [qtp851333686-2169] DEBUG o.s.h.c.j.Jackson2JsonEncoder - [27624518] Encoding [Person{name='Robert'}]
03:15:32.156 [Test worker] DEBUG o.s.w.c.RestTemplate - Response 200 OK
03:15:32.156 [qtp851333686-2169] DEBUG o.s.w.s.a.HttpWebHandlerAdapter - [27624518] Completed 200 OK
03:15:32.157 [Test worker] DEBUG o.s.w.c.RestTemplate - Reading to [org.springframework.web.reactive.result.method.annotation.RequestMappingMessageConversionIntegrationTests$Person]
03:15:32.157 [Test worker] DEBUG o.s.w.t.h.s.r.b.JettyHttpServer - Stopping JettyHttpServer...
03:15:32.157 [Test worker] INFO  o.e.j.s.h.ContextHandler - Stopped o.e.j.s.ServletContextHandler@25964e34{/,null,UNAVAILABLE}
03:15:32.159 [Test worker] INFO  o.e.j.s.AbstractConnector - Stopped ServerConnector@25d6ce69{HTTP/1.1, (http/1.1)}{0.0.0.0:0}
03:15:32.159 [Test worker] DEBUG o.s.w.t.h.s.r.b.JettyHttpServer - Server stopped (0 millis).
03:15:32.197 [Test worker] DEBUG o.s.w.r.r.m.a.RequestMappingHandlerMapping - 34 mappings in 'requestMappingHandlerMapping'
03:15:32.212 [Test worker] DEBUG o.s.w.r.r.m.a.ControllerMethodResolver - ControllerAdvice beans: none
03:15:32.225 [Test worker] DEBUG o.s.w.s.a.HttpWebHandlerAdapter - enableLoggingRequestDetails='false': form data and headers will be masked to prevent unsafe logging of potentially sensitive data
03:15:32.225 [Test worker] DEBUG o.s.w.t.h.s.r.b.ReactorHttpServer - Starting ReactorHttpServer...
03:15:32.226 [Test worker] DEBUG o.s.w.t.h.s.r.b.ReactorHttpServer - Server started on port 63160(0 millis).
03:15:32.226 [Test worker] DEBUG o.s.w.c.RestTemplate - HTTP GET http://localhost:63160/person-response/mono
03:15:32.227 [Test worker] DEBUG o.s.w.c.RestTemplate - Accept=[application/xml, text/xml, application/json, application/x-jackson-smile, application/*+xml, application/*+json]
03:15:32.230 [reactor-http-nio-2] DEBUG o.s.w.s.a.HttpWebHandlerAdapter - [68396d1a-55] HTTP GET "/person-response/mono"
03:15:32.230 [reactor-http-nio-2] DEBUG o.s.w.r.r.m.a.RequestMappingHandlerMapping - [68396d1a-55] Mapped to org.springframework.web.reactive.result.method.annotation.RequestMappingMessageConversionIntegrationTests$PersonResponseBodyController#getMono()
03:15:32.232 [reactor-http-nio-2] DEBUG o.s.w.r.r.m.a.ResponseBodyResultHandler - Using 'application/json' given [application/json] and supported [application/json, application/*+json, application/x-ndjson, application/x-jackson-smile, application/*+x-jackson-smile, application/xml, text/xml, text/event-stream]
03:15:32.232 [reactor-http-nio-2] DEBUG o.s.w.r.r.m.a.ResponseBodyResultHandler - [68396d1a-55] 0..1 [org.springframework.web.reactive.result.method.annotation.RequestMappingMessageConversionIntegrationTests$Person]
03:15:32.232 [reactor-http-nio-2] DEBUG o.s.h.c.j.Jackson2JsonEncoder - [68396d1a-55] Encoding [Person{name='Robert'}]
03:15:32.233 [Test worker] DEBUG o.s.w.c.RestTemplate - Response 200 OK
03:15:32.233 [reactor-http-nio-2] DEBUG o.s.w.s.a.HttpWebHandlerAdapter - [68396d1a-55] Completed 200 OK
03:15:32.234 [Test worker] DEBUG o.s.w.c.RestTemplate - Reading to [org.springframework.web.reactive.result.method.annotation.RequestMappingMessageConversionIntegrationTests$Person]
03:15:32.235 [Test worker] DEBUG o.s.w.t.h.s.r.b.ReactorHttpServer - Stopping ReactorHttpServer...
03:15:32.235 [Test worker] DEBUG o.s.w.t.h.s.r.b.ReactorHttpServer - Server stopped (0 millis).
03:15:32.279 [Test worker] DEBUG o.s.w.r.r.m.a.RequestMappingHandlerMapping - 34 mappings in 'requestMappingHandlerMapping'
03:15:32.293 [Test worker] DEBUG o.s.w.r.r.m.a.ControllerMethodResolver - ControllerAdvice beans: none
03:15:32.306 [Test worker] DEBUG o.s.w.s.a.HttpWebHandlerAdapter - enableLoggingRequestDetails='false': form data and headers will be masked to prevent unsafe logging of potentially sensitive data
03:15:32.307 [Test worker] DEBUG o.s.w.t.h.s.r.b.TomcatHttpServer - Starting TomcatHttpServer...
03:15:32.315 [Test worker] DEBUG o.s.w.t.h.s.r.b.TomcatHttpServer - Server started on port 63162(0 millis).
03:15:32.315 [Test worker] DEBUG o.s.w.c.RestTemplate - HTTP GET http://localhost:63162/person-response/mono
03:15:32.316 [Test worker] DEBUG o.s.w.c.RestTemplate - Accept=[application/xml, text/xml, application/json, application/x-jackson-smile, application/*+xml, application/*+json]
03:15:32.321 [http-nio-auto-53-exec-1] DEBUG o.s.w.s.a.HttpWebHandlerAdapter - [18836cc7] HTTP GET "/person-response/mono"
03:15:32.321 [http-nio-auto-53-exec-1] DEBUG o.s.w.r.r.m.a.RequestMappingHandlerMapping - [18836cc7] Mapped to org.springframework.web.reactive.result.method.annotation.RequestMappingMessageConversionIntegrationTests$PersonResponseBodyController#getMono()
03:15:32.322 [http-nio-auto-53-exec-1] DEBUG o.s.w.r.r.m.a.ResponseBodyResultHandler - Using 'application/json' given [application/json] and supported [application/json, application/*+json, application/x-ndjson, application/x-jackson-smile, application/*+x-jackson-smile, application/xml, text/xml, text/event-stream]
03:15:32.322 [http-nio-auto-53-exec-1] DEBUG o.s.w.r.r.m.a.ResponseBodyResultHandler - [18836cc7] 0..1 [org.springframework.web.reactive.result.method.annotation.RequestMappingMessageConversionIntegrationTests$Person]
03:15:32.323 [http-nio-auto-53-exec-1] DEBUG o.s.h.c.j.Jackson2JsonEncoder - [18836cc7] Encoding [Person{name='Robert'}]
03:15:32.323 [http-nio-auto-53-exec-1] DEBUG o.s.w.s.a.HttpWebHandlerAdapter - [18836cc7] Completed 200 OK
03:15:32.323 [Test worker] DEBUG o.s.w.c.RestTemplate - Response 200 OK
03:15:32.324 [Test worker] DEBUG o.s.w.c.RestTemplate - Reading to [org.springframework.web.reactive.result.method.annotation.RequestMappingMessageConversionIntegrationTests$Person]
03:15:32.324 [Test worker] DEBUG o.s.w.t.h.s.r.b.TomcatHttpServer - Stopping TomcatHttpServer...
03:15:32.494 [Test worker] DEBUG o.s.w.t.h.s.r.b.TomcatHttpServer - Server stopped (0 millis).
03:15:32.536 [Test worker] DEBUG o.s.w.r.r.m.a.RequestMappingHandlerMapping - 34 mappings in 'requestMappingHandlerMapping'
03:15:32.552 [Test worker] DEBUG o.s.w.r.r.m.a.ControllerMethodResolver - ControllerAdvice beans: none
03:15:32.564 [Test worker] DEBUG o.s.w.s.a.HttpWebHandlerAdapter - enableLoggingRequestDetails='false': form data and headers will be masked to prevent unsafe logging of potentially sensitive data
03:15:32.564 [Test worker] DEBUG o.s.w.t.h.s.r.b.UndertowHttpServer - Starting UndertowHttpServer...
03:15:32.564 [Test worker] INFO  i.undertow - starting server: Undertow - 2.1.3.Final
03:15:32.571 [Test worker] DEBUG o.s.w.t.h.s.r.b.UndertowHttpServer - Server started on port 63179(0 millis).
03:15:32.571 [Test worker] DEBUG o.s.w.c.RestTemplate - HTTP GET http://localhost:63179/person-response/mono
03:15:32.572 [Test worker] DEBUG o.s.w.c.RestTemplate - Accept=[application/xml, text/xml, application/json, application/x-jackson-smile, application/*+xml, application/*+json]
03:15:32.579 [XNIO-52 I/O-3] DEBUG o.s.w.s.a.HttpWebHandlerAdapter - [88c091f] HTTP GET "/person-response/mono"
03:15:32.580 [XNIO-52 I/O-3] DEBUG o.s.w.r.r.m.a.RequestMappingHandlerMapping - [88c091f] Mapped to org.springframework.web.reactive.result.method.annotation.RequestMappingMessageConversionIntegrationTests$PersonResponseBodyController#getMono()
03:15:32.581 [XNIO-52 I/O-3] DEBUG o.s.w.r.r.m.a.ResponseBodyResultHandler - Using 'application/json' given [application/json] and supported [application/json, application/*+json, application/x-ndjson, application/x-jackson-smile, application/*+x-jackson-smile, application/xml, text/xml, text/event-stream]
03:15:32.581 [XNIO-52 I/O-3] DEBUG o.s.w.r.r.m.a.ResponseBodyResultHandler - [88c091f] 0..1 [org.springframework.web.reactive.result.method.annotation.RequestMappingMessageConversionIntegrationTests$Person]
03:15:32.581 [XNIO-52 I/O-3] DEBUG o.s.h.c.j.Jackson2JsonEncoder - [88c091f] Encoding [Person{name='Robert'}]
03:15:32.581 [XNIO-52 I/O-3] DEBUG o.s.w.s.a.HttpWebHandlerAdapter - [88c091f] Completed 200 OK
03:15:32.581 [Test worker] DEBUG o.s.w.c.RestTemplate - Response 200 OK
03:15:32.581 [Test worker] DEBUG o.s.w.c.RestTemplate - Reading to [org.springframework.web.reactive.result.method.annotation.RequestMappingMessageConversionIntegrationTests$Person]
03:15:32.582 [Test worker] DEBUG o.s.w.t.h.s.r.b.UndertowHttpServer - Stopping UndertowHttpServer...
03:15:32.582 [Test worker] INFO  i.undertow - stopping server: Undertow - 2.1.3.Final
03:15:32.584 [Test worker] DEBUG o.s.w.t.h.s.r.b.UndertowHttpServer - Server stopped (0 millis).
03:15:32.626 [Test worker] DEBUG o.s.w.r.r.m.a.RequestMappingHandlerMapping - 34 mappings in 'requestMappingHandlerMapping'
03:15:32.641 [Test worker] DEBUG o.s.w.r.r.m.a.ControllerMethodResolver - ControllerAdvice beans: none
03:15:32.653 [Test worker] DEBUG o.s.w.s.a.HttpWebHandlerAdapter - enableLoggingRequestDetails='false': form data and headers will be masked to prevent unsafe logging of potentially sensitive data
03:15:32.653 [Test worker] WARN  o.e.j.s.h.ContextHandler - Empty contextPath
03:15:32.653 [Test worker] INFO  o.e.j.s.h.ContextHandler - Started o.e.j.s.ServletContextHandler@319c40fd{/,null,AVAILABLE}
03:15:32.653 [Test worker] DEBUG o.s.w.t.h.s.r.b.JettyHttpServer - Starting JettyHttpServer...
03:15:32.653 [Test worker] INFO  o.e.j.s.Server - jetty-9.4.31.v20200723; built: 2020-07-23T17:57:36.812Z; git: 450ba27947e13e66baa8cd1ce7e85a4461cacc1d; jvm 1.8.0_261-b12
03:15:32.658 [Test worker] INFO  o.e.j.s.AbstractConnector - Started ServerConnector@3b8fedd9{HTTP/1.1, (http/1.1)}{0.0.0.0:63181}
03:15:32.658 [Test worker] INFO  o.e.j.s.Server - Started @164269ms
03:15:32.658 [Test worker] DEBUG o.s.w.t.h.s.r.b.JettyHttpServer - Server started on port 63181(0 millis).
03:15:32.658 [Test worker] DEBUG o.s.w.c.RestTemplate - HTTP POST http://localhost:63181/person-transform/observable
03:15:32.658 [Test worker] DEBUG o.s.w.c.RestTemplate - Accept=[application/json, application/x-jackson-smile, application/*+json]
03:15:32.659 [Test worker] DEBUG o.s.w.c.RestTemplate - Writing [[Person{name='Robert'}, Person{name='Marie'}]] as "application/json"
03:15:32.662 [qtp2012945369-2210] DEBUG o.s.w.s.a.HttpWebHandlerAdapter - [52feead0] HTTP POST "/person-transform/observable"
03:15:32.662 [qtp2012945369-2210] DEBUG o.s.w.r.r.m.a.RequestMappingHandlerMapping - [52feead0] Mapped to org.springframework.web.reactive.result.method.annotation.RequestMappingMessageConversionIntegrationTests$PersonTransformationController#transformObservable(Observable)
03:15:32.663 [qtp2012945369-2210] DEBUG o.s.w.r.r.m.a.RequestBodyMethodArgumentResolver - [52feead0] Content-Type:application/json
03:15:32.663 [qtp2012945369-2210] DEBUG o.s.w.r.r.m.a.RequestBodyMethodArgumentResolver - [52feead0] 0..N [org.springframework.web.reactive.result.method.annotation.RequestMappingMessageConversionIntegrationTests$Person]
03:15:32.665 [qtp2012945369-2210] DEBUG o.s.w.r.r.m.a.ResponseBodyResultHandler - Using 'application/json' given [application/json] and supported [application/json, application/*+json, application/x-ndjson, application/x-jackson-smile, application/*+x-jackson-smile, application/xml, text/xml, text/event-stream]
03:15:32.665 [qtp2012945369-2210] DEBUG o.s.w.r.r.m.a.ResponseBodyResultHandler - [52feead0] 0..N [org.springframework.web.reactive.result.method.annotation.RequestMappingMessageConversionIntegrationTests$Person]
03:15:32.667 [qtp2012945369-2210] DEBUG o.s.h.c.j.Jackson2JsonDecoder - [52feead0] Decoded [Person{name='Robert'}]
03:15:32.667 [qtp2012945369-2210] DEBUG o.s.h.c.j.Jackson2JsonDecoder - [52feead0] Decoded [Person{name='Marie'}]
03:15:32.667 [qtp2012945369-2210] DEBUG o.s.h.c.j.Jackson2JsonEncoder - [52feead0] Encoding [[Person{name='ROBERT'}, Person{name='MARIE'}]]
03:15:32.668 [Test worker] DEBUG o.s.w.c.RestTemplate - Response 200 OK
03:15:32.668 [qtp2012945369-2210] DEBUG o.s.w.s.a.HttpWebHandlerAdapter - [52feead0] Completed 200 OK
03:15:32.668 [Test worker] DEBUG o.s.w.c.RestTemplate - Reading to [java.util.List<org.springframework.web.reactive.result.method.annotation.RequestMappingMessageConversionIntegrationTests$Person>]
03:15:32.669 [Test worker] DEBUG o.s.w.t.h.s.r.b.JettyHttpServer - Stopping JettyHttpServer...
03:15:32.669 [Test worker] INFO  o.e.j.s.h.ContextHandler - Stopped o.e.j.s.ServletContextHandler@319c40fd{/,null,UNAVAILABLE}
03:15:32.671 [Test worker] INFO  o.e.j.s.AbstractConnector - Stopped ServerConnector@3b8fedd9{HTTP/1.1, (http/1.1)}{0.0.0.0:0}
03:15:32.671 [Test worker] DEBUG o.s.w.t.h.s.r.b.JettyHttpServer - Server stopped (0 millis).
03:15:32.703 [Test worker] DEBUG o.s.w.r.r.m.a.RequestMappingHandlerMapping - 34 mappings in 'requestMappingHandlerMapping'
03:15:32.719 [Test worker] DEBUG o.s.w.r.r.m.a.ControllerMethodResolver - ControllerAdvice beans: none
03:15:32.731 [Test worker] DEBUG o.s.w.s.a.HttpWebHandlerAdapter - enableLoggingRequestDetails='false': form data and headers will be masked to prevent unsafe logging of potentially sensitive data
03:15:32.731 [Test worker] DEBUG o.s.w.t.h.s.r.b.ReactorHttpServer - Starting ReactorHttpServer...
03:15:32.732 [Test worker] DEBUG o.s.w.t.h.s.r.b.ReactorHttpServer - Server started on port 63187(0 millis).
03:15:32.732 [Test worker] DEBUG o.s.w.c.RestTemplate - HTTP POST http://localhost:63187/person-transform/observable
03:15:32.733 [Test worker] DEBUG o.s.w.c.RestTemplate - Accept=[application/json, application/x-jackson-smile, application/*+json]
03:15:32.733 [Test worker] DEBUG o.s.w.c.RestTemplate - Writing [[Person{name='Robert'}, Person{name='Marie'}]] as "application/json"
03:15:32.737 [reactor-http-nio-4] DEBUG o.s.w.s.a.HttpWebHandlerAdapter - [b3f09b5d-56] HTTP POST "/person-transform/observable"
03:15:32.737 [reactor-http-nio-4] DEBUG o.s.w.r.r.m.a.RequestMappingHandlerMapping - [b3f09b5d-56] Mapped to org.springframework.web.reactive.result.method.annotation.RequestMappingMessageConversionIntegrationTests$PersonTransformationController#transformObservable(Observable)
03:15:32.737 [reactor-http-nio-4] DEBUG o.s.w.r.r.m.a.RequestBodyMethodArgumentResolver - [b3f09b5d-56] Content-Type:application/json
03:15:32.738 [reactor-http-nio-4] DEBUG o.s.w.r.r.m.a.RequestBodyMethodArgumentResolver - [b3f09b5d-56] 0..N [org.springframework.web.reactive.result.method.annotation.RequestMappingMessageConversionIntegrationTests$Person]
03:15:32.739 [reactor-http-nio-4] DEBUG o.s.w.r.r.m.a.ResponseBodyResultHandler - Using 'application/json' given [application/json] and supported [application/json, application/*+json, application/x-ndjson, application/x-jackson-smile, application/*+x-jackson-smile, application/xml, text/xml, text/event-stream]
03:15:32.739 [reactor-http-nio-4] DEBUG o.s.w.r.r.m.a.ResponseBodyResultHandler - [b3f09b5d-56] 0..N [org.springframework.web.reactive.result.method.annotation.RequestMappingMessageConversionIntegrationTests$Person]
03:15:32.739 [reactor-http-nio-4] DEBUG o.s.h.c.j.Jackson2JsonDecoder - [b3f09b5d-56] Decoded [Person{name='Robert'}]
03:15:32.740 [reactor-http-nio-4] DEBUG o.s.h.c.j.Jackson2JsonDecoder - [b3f09b5d-56] Decoded [Person{name='Marie'}]
03:15:32.740 [reactor-http-nio-4] DEBUG o.s.h.c.j.Jackson2JsonEncoder - [b3f09b5d-56] Encoding [[Person{name='ROBERT'}, Person{name='MARIE'}]]
03:15:32.741 [Test worker] DEBUG o.s.w.c.RestTemplate - Response 200 OK
03:15:32.741 [Test worker] DEBUG o.s.w.c.RestTemplate - Reading to [java.util.List<org.springframework.web.reactive.result.method.annotation.RequestMappingMessageConversionIntegrationTests$Person>]
03:15:32.741 [reactor-http-nio-4] DEBUG o.s.w.s.a.HttpWebHandlerAdapter - [b3f09b5d-56] Completed 200 OK
03:15:32.742 [Test worker] DEBUG o.s.w.t.h.s.r.b.ReactorHttpServer - Stopping ReactorHttpServer...
03:15:32.742 [Test worker] DEBUG o.s.w.t.h.s.r.b.ReactorHttpServer - Server stopped (0 millis).
03:15:32.782 [Test worker] DEBUG o.s.w.r.r.m.a.RequestMappingHandlerMapping - 34 mappings in 'requestMappingHandlerMapping'
03:15:32.804 [Test worker] DEBUG o.s.w.r.r.m.a.ControllerMethodResolver - ControllerAdvice beans: none
03:15:32.820 [Test worker] DEBUG o.s.w.s.a.HttpWebHandlerAdapter - enableLoggingRequestDetails='false': form data and headers will be masked to prevent unsafe logging of potentially sensitive data
03:15:32.820 [Test worker] DEBUG o.s.w.t.h.s.r.b.TomcatHttpServer - Starting TomcatHttpServer...
03:15:32.830 [Test worker] DEBUG o.s.w.t.h.s.r.b.TomcatHttpServer - Server started on port 63189(0 millis).
03:15:32.830 [Test worker] DEBUG o.s.w.c.RestTemplate - HTTP POST http://localhost:63189/person-transform/observable
03:15:32.831 [Test worker] DEBUG o.s.w.c.RestTemplate - Accept=[application/json, application/x-jackson-smile, application/*+json]
03:15:32.831 [Test worker] DEBUG o.s.w.c.RestTemplate - Writing [[Person{name='Robert'}, Person{name='Marie'}]] as "application/json"
03:15:32.837 [http-nio-auto-54-exec-1] DEBUG o.s.w.s.a.HttpWebHandlerAdapter - [7a4b05bb] HTTP POST "/person-transform/observable"
03:15:32.837 [http-nio-auto-54-exec-1] DEBUG o.s.w.r.r.m.a.RequestMappingHandlerMapping - [7a4b05bb] Mapped to org.springframework.web.reactive.result.method.annotation.RequestMappingMessageConversionIntegrationTests$PersonTransformationController#transformObservable(Observable)
03:15:32.838 [http-nio-auto-54-exec-1] DEBUG o.s.w.r.r.m.a.RequestBodyMethodArgumentResolver - [7a4b05bb] Content-Type:application/json
03:15:32.838 [http-nio-auto-54-exec-1] DEBUG o.s.w.r.r.m.a.RequestBodyMethodArgumentResolver - [7a4b05bb] 0..N [org.springframework.web.reactive.result.method.annotation.RequestMappingMessageConversionIntegrationTests$Person]
03:15:32.839 [http-nio-auto-54-exec-1] DEBUG o.s.w.r.r.m.a.ResponseBodyResultHandler - Using 'application/json' given [application/json] and supported [application/json, application/*+json, application/x-ndjson, application/x-jackson-smile, application/*+x-jackson-smile, application/xml, text/xml, text/event-stream]
03:15:32.839 [http-nio-auto-54-exec-1] DEBUG o.s.w.r.r.m.a.ResponseBodyResultHandler - [7a4b05bb] 0..N [org.springframework.web.reactive.result.method.annotation.RequestMappingMessageConversionIntegrationTests$Person]
03:15:32.840 [http-nio-auto-54-exec-1] DEBUG o.s.h.c.j.Jackson2JsonDecoder - [7a4b05bb] Decoded [Person{name='Robert'}]
03:15:32.840 [http-nio-auto-54-exec-1] DEBUG o.s.h.c.j.Jackson2JsonDecoder - [7a4b05bb] Decoded [Person{name='Marie'}]
03:15:32.840 [http-nio-auto-54-exec-1] DEBUG o.s.h.c.j.Jackson2JsonEncoder - [7a4b05bb] Encoding [[Person{name='ROBERT'}, Person{name='MARIE'}]]
03:15:32.841 [http-nio-auto-54-exec-1] DEBUG o.s.w.s.a.HttpWebHandlerAdapter - [7a4b05bb] Completed 200 OK
03:15:32.841 [Test worker] DEBUG o.s.w.c.RestTemplate - Response 200 OK
03:15:32.841 [Test worker] DEBUG o.s.w.c.RestTemplate - Reading to [java.util.List<org.springframework.web.reactive.result.method.annotation.RequestMappingMessageConversionIntegrationTests$Person>]
03:15:32.842 [Test worker] DEBUG o.s.w.t.h.s.r.b.TomcatHttpServer - Stopping TomcatHttpServer...
03:15:33.029 [Test worker] DEBUG o.s.w.t.h.s.r.b.TomcatHttpServer - Server stopped (0 millis).
03:15:33.111 [Test worker] DEBUG o.s.w.r.r.m.a.RequestMappingHandlerMapping - 34 mappings in 'requestMappingHandlerMapping'
03:15:33.127 [Test worker] DEBUG o.s.w.r.r.m.a.ControllerMethodResolver - ControllerAdvice beans: none
03:15:33.141 [Test worker] DEBUG o.s.w.s.a.HttpWebHandlerAdapter - enableLoggingRequestDetails='false': form data and headers will be masked to prevent unsafe logging of potentially sensitive data
03:15:33.141 [Test worker] DEBUG o.s.w.t.h.s.r.b.UndertowHttpServer - Starting UndertowHttpServer...
03:15:33.141 [Test worker] INFO  i.undertow - starting server: Undertow - 2.1.3.Final
03:15:33.152 [Test worker] DEBUG o.s.w.t.h.s.r.b.UndertowHttpServer - Server started on port 63206(0 millis).
03:15:33.154 [Test worker] DEBUG o.s.w.c.RestTemplate - HTTP POST http://localhost:63206/person-transform/observable
03:15:33.158 [Test worker] DEBUG o.s.w.c.RestTemplate - Accept=[application/json, application/x-jackson-smile, application/*+json]
03:15:33.158 [Test worker] DEBUG o.s.w.c.RestTemplate - Writing [[Person{name='Robert'}, Person{name='Marie'}]] as "application/json"
03:15:33.166 [XNIO-53 I/O-2] DEBUG o.s.w.s.a.HttpWebHandlerAdapter - [6dcead90] HTTP POST "/person-transform/observable"
03:15:33.167 [XNIO-53 I/O-2] DEBUG o.s.w.r.r.m.a.RequestMappingHandlerMapping - [6dcead90] Mapped to org.springframework.web.reactive.result.method.annotation.RequestMappingMessageConversionIntegrationTests$PersonTransformationController#transformObservable(Observable)
03:15:33.168 [XNIO-53 I/O-2] DEBUG o.s.w.r.r.m.a.RequestBodyMethodArgumentResolver - [6dcead90] Content-Type:application/json
03:15:33.168 [XNIO-53 I/O-2] DEBUG o.s.w.r.r.m.a.RequestBodyMethodArgumentResolver - [6dcead90] 0..N [org.springframework.web.reactive.result.method.annotation.RequestMappingMessageConversionIntegrationTests$Person]
03:15:33.169 [XNIO-53 I/O-2] DEBUG o.s.w.r.r.m.a.ResponseBodyResultHandler - Using 'application/json' given [application/json] and supported [application/json, application/*+json, application/x-ndjson, application/x-jackson-smile, application/*+x-jackson-smile, application/xml, text/xml, text/event-stream]
03:15:33.169 [XNIO-53 I/O-2] DEBUG o.s.w.r.r.m.a.ResponseBodyResultHandler - [6dcead90] 0..N [org.springframework.web.reactive.result.method.annotation.RequestMappingMessageConversionIntegrationTests$Person]
03:15:33.170 [XNIO-53 I/O-2] DEBUG o.s.h.c.j.Jackson2JsonDecoder - [6dcead90] Decoded [Person{name='Robert'}]
03:15:33.170 [XNIO-53 I/O-2] DEBUG o.s.h.c.j.Jackson2JsonDecoder - [6dcead90] Decoded [Person{name='Marie'}]
03:15:33.170 [XNIO-53 I/O-2] DEBUG o.s.h.c.j.Jackson2JsonEncoder - [6dcead90] Encoding [[Person{name='ROBERT'}, Person{name='MARIE'}]]
03:15:33.171 [XNIO-53 I/O-2] DEBUG o.s.w.s.a.HttpWebHandlerAdapter - [6dcead90] Completed 200 OK
03:15:33.171 [Test worker] DEBUG o.s.w.c.RestTemplate - Response 200 OK
03:15:33.172 [Test worker] DEBUG o.s.w.c.RestTemplate - Reading to [java.util.List<org.springframework.web.reactive.result.method.annotation.RequestMappingMessageConversionIntegrationTests$Person>]
03:15:33.173 [Test worker] DEBUG o.s.w.t.h.s.r.b.UndertowHttpServer - Stopping UndertowHttpServer...
03:15:33.173 [Test worker] INFO  i.undertow - stopping server: Undertow - 2.1.3.Final
03:15:33.174 [Test worker] DEBUG o.s.w.t.h.s.r.b.UndertowHttpServer - Server stopped (0 millis).
03:15:33.210 [Test worker] DEBUG o.s.w.r.r.m.a.RequestMappingHandlerMapping - 34 mappings in 'requestMappingHandlerMapping'
03:15:33.223 [Test worker] DEBUG o.s.w.r.r.m.a.ControllerMethodResolver - ControllerAdvice beans: none
03:15:33.235 [Test worker] DEBUG o.s.w.s.a.HttpWebHandlerAdapter - enableLoggingRequestDetails='false': form data and headers will be masked to prevent unsafe logging of potentially sensitive data
03:15:33.235 [Test worker] WARN  o.e.j.s.h.ContextHandler - Empty contextPath
03:15:33.235 [Test worker] INFO  o.e.j.s.h.ContextHandler - Started o.e.j.s.ServletContextHandler@12a3ba66{/,null,AVAILABLE}
03:15:33.235 [Test worker] DEBUG o.s.w.t.h.s.r.b.JettyHttpServer - Starting JettyHttpServer...
03:15:33.235 [Test worker] INFO  o.e.j.s.Server - jetty-9.4.31.v20200723; built: 2020-07-23T17:57:36.812Z; git: 450ba27947e13e66baa8cd1ce7e85a4461cacc1d; jvm 1.8.0_261-b12
03:15:33.240 [Test worker] INFO  o.e.j.s.AbstractConnector - Started ServerConnector@694e561d{HTTP/1.1, (http/1.1)}{0.0.0.0:63208}
03:15:33.240 [Test worker] INFO  o.e.j.s.Server - Started @164851ms
03:15:33.240 [Test worker] DEBUG o.s.w.t.h.s.r.b.JettyHttpServer - Server started on port 63208(0 millis).
03:15:33.240 [Test worker] DEBUG o.s.w.c.RestTemplate - HTTP POST http://localhost:63208/person-create/publisher
03:15:33.240 [Test worker] DEBUG o.s.w.c.RestTemplate - Accept=[application/json, application/x-jackson-smile, application/*+json]
03:15:33.240 [Test worker] DEBUG o.s.w.c.RestTemplate - Writing [[Person{name='Robert'}, Person{name='Marie'}]] as "application/json"
03:15:33.243 [qtp1379706685-2251] DEBUG o.s.w.s.a.HttpWebHandlerAdapter - [6b2da29] HTTP POST "/person-create/publisher"
03:15:33.243 [qtp1379706685-2251] DEBUG o.s.w.r.r.m.a.RequestMappingHandlerMapping - [6b2da29] Mapped to org.springframework.web.reactive.result.method.annotation.RequestMappingMessageConversionIntegrationTests$PersonCreateController#createWithPublisher(Publisher)
03:15:33.244 [qtp1379706685-2251] DEBUG o.s.w.r.r.m.a.RequestBodyMethodArgumentResolver - [6b2da29] Content-Type:application/json
03:15:33.244 [qtp1379706685-2251] DEBUG o.s.w.r.r.m.a.RequestBodyMethodArgumentResolver - [6b2da29] 0..N [org.springframework.web.reactive.result.method.annotation.RequestMappingMessageConversionIntegrationTests$Person]
03:15:33.245 [qtp1379706685-2251] DEBUG o.s.h.c.j.Jackson2JsonDecoder - [6b2da29] Decoded [Person{name='Robert'}]
03:15:33.245 [qtp1379706685-2251] DEBUG o.s.h.c.j.Jackson2JsonDecoder - [6b2da29] Decoded [Person{name='Marie'}]
03:15:33.245 [qtp1379706685-2251] DEBUG o.s.w.s.a.HttpWebHandlerAdapter - [6b2da29] Completed 200 OK
03:15:33.245 [Test worker] DEBUG o.s.w.c.RestTemplate - Response 200 OK
03:15:33.245 [Test worker] DEBUG o.s.w.t.h.s.r.b.JettyHttpServer - Stopping JettyHttpServer...
03:15:33.246 [Test worker] INFO  o.e.j.s.h.ContextHandler - Stopped o.e.j.s.ServletContextHandler@12a3ba66{/,null,UNAVAILABLE}
03:15:33.247 [Test worker] INFO  o.e.j.s.AbstractConnector - Stopped ServerConnector@694e561d{HTTP/1.1, (http/1.1)}{0.0.0.0:0}
03:15:33.247 [Test worker] DEBUG o.s.w.t.h.s.r.b.JettyHttpServer - Server stopped (0 millis).
03:15:33.304 [Test worker] DEBUG o.s.w.r.r.m.a.RequestMappingHandlerMapping - 34 mappings in 'requestMappingHandlerMapping'
03:15:33.321 [Test worker] DEBUG o.s.w.r.r.m.a.ControllerMethodResolver - ControllerAdvice beans: none
03:15:33.333 [Test worker] DEBUG o.s.w.s.a.HttpWebHandlerAdapter - enableLoggingRequestDetails='false': form data and headers will be masked to prevent unsafe logging of potentially sensitive data
03:15:33.333 [Test worker] DEBUG o.s.w.t.h.s.r.b.ReactorHttpServer - Starting ReactorHttpServer...
03:15:33.334 [Test worker] DEBUG o.s.w.t.h.s.r.b.ReactorHttpServer - Server started on port 63214(0 millis).
03:15:33.334 [Test worker] DEBUG o.s.w.c.RestTemplate - HTTP POST http://localhost:63214/person-create/publisher
03:15:33.334 [Test worker] DEBUG o.s.w.c.RestTemplate - Accept=[application/json, application/x-jackson-smile, application/*+json]
03:15:33.336 [Test worker] DEBUG o.s.w.c.RestTemplate - Writing [[Person{name='Robert'}, Person{name='Marie'}]] as "application/json"
03:15:33.339 [reactor-http-nio-2] DEBUG o.s.w.s.a.HttpWebHandlerAdapter - [d340e59c-57] HTTP POST "/person-create/publisher"
03:15:33.339 [reactor-http-nio-2] DEBUG o.s.w.r.r.m.a.RequestMappingHandlerMapping - [d340e59c-57] Mapped to org.springframework.web.reactive.result.method.annotation.RequestMappingMessageConversionIntegrationTests$PersonCreateController#createWithPublisher(Publisher)
03:15:33.339 [reactor-http-nio-2] DEBUG o.s.w.r.r.m.a.RequestBodyMethodArgumentResolver - [d340e59c-57] Content-Type:application/json
03:15:33.340 [reactor-http-nio-2] DEBUG o.s.w.r.r.m.a.RequestBodyMethodArgumentResolver - [d340e59c-57] 0..N [org.springframework.web.reactive.result.method.annotation.RequestMappingMessageConversionIntegrationTests$Person]
03:15:33.341 [reactor-http-nio-2] DEBUG o.s.h.c.j.Jackson2JsonDecoder - [d340e59c-57] Decoded [Person{name='Robert'}]
03:15:33.341 [reactor-http-nio-2] DEBUG o.s.h.c.j.Jackson2JsonDecoder - [d340e59c-57] Decoded [Person{name='Marie'}]
03:15:33.341 [reactor-http-nio-2] DEBUG o.s.w.s.a.HttpWebHandlerAdapter - [d340e59c-57] Completed 200 OK
03:15:33.341 [Test worker] DEBUG o.s.w.c.RestTemplate - Response 200 OK
03:15:33.342 [Test worker] DEBUG o.s.w.t.h.s.r.b.ReactorHttpServer - Stopping ReactorHttpServer...
03:15:33.342 [Test worker] DEBUG o.s.w.t.h.s.r.b.ReactorHttpServer - Server stopped (0 millis).
03:15:33.376 [Test worker] DEBUG o.s.w.r.r.m.a.RequestMappingHandlerMapping - 34 mappings in 'requestMappingHandlerMapping'
03:15:33.394 [Test worker] DEBUG o.s.w.r.r.m.a.ControllerMethodResolver - ControllerAdvice beans: none
03:15:33.411 [Test worker] DEBUG o.s.w.s.a.HttpWebHandlerAdapter - enableLoggingRequestDetails='false': form data and headers will be masked to prevent unsafe logging of potentially sensitive data
03:15:33.412 [Test worker] DEBUG o.s.w.t.h.s.r.b.TomcatHttpServer - Starting TomcatHttpServer...
03:15:33.424 [Test worker] DEBUG o.s.w.t.h.s.r.b.TomcatHttpServer - Server started on port 63216(0 millis).
03:15:33.424 [Test worker] DEBUG o.s.w.c.RestTemplate - HTTP POST http://localhost:63216/person-create/publisher
03:15:33.424 [Test worker] DEBUG o.s.w.c.RestTemplate - Accept=[application/json, application/x-jackson-smile, application/*+json]
03:15:33.425 [Test worker] DEBUG o.s.w.c.RestTemplate - Writing [[Person{name='Robert'}, Person{name='Marie'}]] as "application/json"
03:15:33.431 [http-nio-auto-55-exec-1] DEBUG o.s.w.s.a.HttpWebHandlerAdapter - [124b458c] HTTP POST "/person-create/publisher"
03:15:33.432 [http-nio-auto-55-exec-1] DEBUG o.s.w.r.r.m.a.RequestMappingHandlerMapping - [124b458c] Mapped to org.springframework.web.reactive.result.method.annotation.RequestMappingMessageConversionIntegrationTests$PersonCreateController#createWithPublisher(Publisher)
03:15:33.432 [http-nio-auto-55-exec-1] DEBUG o.s.w.r.r.m.a.RequestBodyMethodArgumentResolver - [124b458c] Content-Type:application/json
03:15:33.433 [http-nio-auto-55-exec-1] DEBUG o.s.w.r.r.m.a.RequestBodyMethodArgumentResolver - [124b458c] 0..N [org.springframework.web.reactive.result.method.annotation.RequestMappingMessageConversionIntegrationTests$Person]
03:15:33.433 [http-nio-auto-55-exec-1] DEBUG o.s.h.c.j.Jackson2JsonDecoder - [124b458c] Decoded [Person{name='Robert'}]
03:15:33.434 [http-nio-auto-55-exec-1] DEBUG o.s.h.c.j.Jackson2JsonDecoder - [124b458c] Decoded [Person{name='Marie'}]
03:15:33.434 [http-nio-auto-55-exec-1] DEBUG o.s.w.s.a.HttpWebHandlerAdapter - [124b458c] Completed 200 OK
03:15:33.434 [Test worker] DEBUG o.s.w.c.RestTemplate - Response 200 OK
03:15:33.435 [Test worker] DEBUG o.s.w.t.h.s.r.b.TomcatHttpServer - Stopping TomcatHttpServer...
03:15:33.641 [Test worker] DEBUG o.s.w.t.h.s.r.b.TomcatHttpServer - Server stopped (0 millis).
03:15:33.692 [Test worker] DEBUG o.s.w.r.r.m.a.RequestMappingHandlerMapping - 34 mappings in 'requestMappingHandlerMapping'
03:15:33.713 [Test worker] DEBUG o.s.w.r.r.m.a.ControllerMethodResolver - ControllerAdvice beans: none
03:15:33.730 [Test worker] DEBUG o.s.w.s.a.HttpWebHandlerAdapter - enableLoggingRequestDetails='false': form data and headers will be masked to prevent unsafe logging of potentially sensitive data
03:15:33.730 [Test worker] DEBUG o.s.w.t.h.s.r.b.UndertowHttpServer - Starting UndertowHttpServer...
03:15:33.730 [Test worker] INFO  i.undertow - starting server: Undertow - 2.1.3.Final
03:15:33.737 [Test worker] DEBUG o.s.w.t.h.s.r.b.UndertowHttpServer - Server started on port 63233(0 millis).
03:15:33.737 [Test worker] DEBUG o.s.w.c.RestTemplate - HTTP POST http://localhost:63233/person-create/publisher
03:15:33.737 [Test worker] DEBUG o.s.w.c.RestTemplate - Accept=[application/json, application/x-jackson-smile, application/*+json]
03:15:33.738 [Test worker] DEBUG o.s.w.c.RestTemplate - Writing [[Person{name='Robert'}, Person{name='Marie'}]] as "application/json"
03:15:33.741 [XNIO-54 I/O-1] DEBUG o.s.w.s.a.HttpWebHandlerAdapter - [583e0a7e] HTTP POST "/person-create/publisher"
03:15:33.742 [XNIO-54 I/O-1] DEBUG o.s.w.r.r.m.a.RequestMappingHandlerMapping - [583e0a7e] Mapped to org.springframework.web.reactive.result.method.annotation.RequestMappingMessageConversionIntegrationTests$PersonCreateController#createWithPublisher(Publisher)
03:15:33.742 [XNIO-54 I/O-1] DEBUG o.s.w.r.r.m.a.RequestBodyMethodArgumentResolver - [583e0a7e] Content-Type:application/json
03:15:33.743 [XNIO-54 I/O-1] DEBUG o.s.w.r.r.m.a.RequestBodyMethodArgumentResolver - [583e0a7e] 0..N [org.springframework.web.reactive.result.method.annotation.RequestMappingMessageConversionIntegrationTests$Person]
03:15:33.743 [XNIO-54 I/O-1] DEBUG o.s.h.c.j.Jackson2JsonDecoder - [583e0a7e] Decoded [Person{name='Robert'}]
03:15:33.743 [XNIO-54 I/O-1] DEBUG o.s.h.c.j.Jackson2JsonDecoder - [583e0a7e] Decoded [Person{name='Marie'}]
03:15:33.743 [XNIO-54 I/O-1] DEBUG o.s.w.s.a.HttpWebHandlerAdapter - [583e0a7e] Completed 200 OK
03:15:33.744 [Test worker] DEBUG o.s.w.c.RestTemplate - Response 200 OK
03:15:33.744 [Test worker] DEBUG o.s.w.t.h.s.r.b.UndertowHttpServer - Stopping UndertowHttpServer...
03:15:33.744 [Test worker] INFO  i.undertow - stopping server: Undertow - 2.1.3.Final
03:15:33.746 [Test worker] DEBUG o.s.w.t.h.s.r.b.UndertowHttpServer - Server stopped (0 millis).
03:15:33.786 [Test worker] DEBUG o.s.w.r.r.m.a.RequestMappingHandlerMapping - 34 mappings in 'requestMappingHandlerMapping'
03:15:33.809 [Test worker] DEBUG o.s.w.r.r.m.a.ControllerMethodResolver - ControllerAdvice beans: none
03:15:33.826 [Test worker] DEBUG o.s.w.s.a.HttpWebHandlerAdapter - enableLoggingRequestDetails='false': form data and headers will be masked to prevent unsafe logging of potentially sensitive data
03:15:33.826 [Test worker] WARN  o.e.j.s.h.ContextHandler - Empty contextPath
03:15:33.827 [Test worker] INFO  o.e.j.s.h.ContextHandler - Started o.e.j.s.ServletContextHandler@5a663966{/,null,AVAILABLE}
03:15:33.827 [Test worker] DEBUG o.s.w.t.h.s.r.b.JettyHttpServer - Starting JettyHttpServer...
03:15:33.827 [Test worker] INFO  o.e.j.s.Server - jetty-9.4.31.v20200723; built: 2020-07-23T17:57:36.812Z; git: 450ba27947e13e66baa8cd1ce7e85a4461cacc1d; jvm 1.8.0_261-b12
03:15:33.832 [Test worker] INFO  o.e.j.s.AbstractConnector - Started ServerConnector@53efcea8{HTTP/1.1, (http/1.1)}{0.0.0.0:63235}
03:15:33.832 [Test worker] INFO  o.e.j.s.Server - Started @165444ms
03:15:33.832 [Test worker] DEBUG o.s.w.t.h.s.r.b.JettyHttpServer - Server started on port 63235(0 millis).
03:15:33.832 [Test worker] DEBUG o.s.w.c.RestTemplate - HTTP GET http://localhost:63235/person-response/mono-empty
03:15:33.833 [Test worker] DEBUG o.s.w.c.RestTemplate - Accept=[application/xml, text/xml, application/json, application/x-jackson-smile, application/*+xml, application/*+json]
03:15:33.835 [qtp430010659-2292] DEBUG o.s.w.s.a.HttpWebHandlerAdapter - [1b770dc9] HTTP GET "/person-response/mono-empty"
03:15:33.836 [qtp430010659-2292] DEBUG o.s.w.r.r.m.a.RequestMappingHandlerMapping - [1b770dc9] Mapped to org.springframework.web.reactive.result.method.annotation.RequestMappingMessageConversionIntegrationTests$PersonResponseBodyController#getMonoEmpty()
03:15:33.837 [qtp430010659-2292] DEBUG o.s.w.r.r.m.a.ResponseBodyResultHandler - Using 'application/json' given [application/json] and supported [application/json, application/*+json, application/x-ndjson, application/x-jackson-smile, application/*+x-jackson-smile, application/xml, text/xml, text/event-stream]
03:15:33.837 [qtp430010659-2292] DEBUG o.s.w.r.r.m.a.ResponseBodyResultHandler - [1b770dc9] 0..1 [org.springframework.web.reactive.result.method.annotation.RequestMappingMessageConversionIntegrationTests$Person]
03:15:33.837 [qtp430010659-2292] DEBUG o.s.w.s.a.HttpWebHandlerAdapter - [1b770dc9] Completed 200 OK
03:15:33.838 [Test worker] DEBUG o.s.w.c.RestTemplate - Response 200 OK
03:15:33.838 [Test worker] DEBUG o.s.w.c.RestTemplate - HTTP GET http://localhost:63235/person-response/mono-empty
03:15:33.838 [Test worker] DEBUG o.s.w.c.RestTemplate - Accept=[application/xml, text/xml, application/json, application/x-jackson-smile, application/*+xml, application/*+json]
03:15:33.850 [qtp430010659-2288] DEBUG o.s.w.s.a.HttpWebHandlerAdapter - [5d4fa847] HTTP GET "/person-response/mono-empty"
03:15:33.851 [qtp430010659-2288] DEBUG o.s.w.r.r.m.a.RequestMappingHandlerMapping - [5d4fa847] Mapped to org.springframework.web.reactive.result.method.annotation.RequestMappingMessageConversionIntegrationTests$PersonResponseBodyController#getMonoEmpty()
03:15:33.852 [qtp430010659-2288] DEBUG o.s.w.r.r.m.a.ResponseBodyResultHandler - Using 'application/json' given [application/json] and supported [application/json, application/*+json, application/x-ndjson, application/x-jackson-smile, application/*+x-jackson-smile, application/xml, text/xml, text/event-stream]
03:15:33.852 [qtp430010659-2288] DEBUG o.s.w.r.r.m.a.ResponseBodyResultHandler - [5d4fa847] 0..1 [org.springframework.web.reactive.result.method.annotation.RequestMappingMessageConversionIntegrationTests$Person]
03:15:33.852 [qtp430010659-2288] DEBUG o.s.w.s.a.HttpWebHandlerAdapter - [5d4fa847] Completed 200 OK
03:15:33.853 [Test worker] DEBUG o.s.w.c.RestTemplate - Response 200 OK
03:15:33.853 [Test worker] DEBUG o.s.w.t.h.s.r.b.JettyHttpServer - Stopping JettyHttpServer...
03:15:33.853 [Test worker] INFO  o.e.j.s.h.ContextHandler - Stopped o.e.j.s.ServletContextHandler@5a663966{/,null,UNAVAILABLE}
03:15:33.855 [Test worker] INFO  o.e.j.s.AbstractConnector - Stopped ServerConnector@53efcea8{HTTP/1.1, (http/1.1)}{0.0.0.0:0}
03:15:33.856 [Test worker] DEBUG o.s.w.t.h.s.r.b.JettyHttpServer - Server stopped (0 millis).
03:15:33.895 [Test worker] DEBUG o.s.w.r.r.m.a.RequestMappingHandlerMapping - 34 mappings in 'requestMappingHandlerMapping'
03:15:33.920 [Test worker] DEBUG o.s.w.r.r.m.a.ControllerMethodResolver - ControllerAdvice beans: none
03:15:33.936 [Test worker] DEBUG o.s.w.s.a.HttpWebHandlerAdapter - enableLoggingRequestDetails='false': form data and headers will be masked to prevent unsafe logging of potentially sensitive data
03:15:33.936 [Test worker] DEBUG o.s.w.t.h.s.r.b.ReactorHttpServer - Starting ReactorHttpServer...
03:15:33.937 [Test worker] DEBUG o.s.w.t.h.s.r.b.ReactorHttpServer - Server started on port 63241(0 millis).
03:15:33.937 [Test worker] DEBUG o.s.w.c.RestTemplate - HTTP GET http://localhost:63241/person-response/mono-empty
03:15:33.938 [Test worker] DEBUG o.s.w.c.RestTemplate - Accept=[application/xml, text/xml, application/json, application/x-jackson-smile, application/*+xml, application/*+json]
03:15:33.941 [reactor-http-nio-4] DEBUG o.s.w.s.a.HttpWebHandlerAdapter - [1eb41812-58] HTTP GET "/person-response/mono-empty"
03:15:33.942 [reactor-http-nio-4] DEBUG o.s.w.r.r.m.a.RequestMappingHandlerMapping - [1eb41812-58] Mapped to org.springframework.web.reactive.result.method.annotation.RequestMappingMessageConversionIntegrationTests$PersonResponseBodyController#getMonoEmpty()
03:15:33.943 [reactor-http-nio-4] DEBUG o.s.w.r.r.m.a.ResponseBodyResultHandler - Using 'application/json' given [application/json] and supported [application/json, application/*+json, application/x-ndjson, application/x-jackson-smile, application/*+x-jackson-smile, application/xml, text/xml, text/event-stream]
03:15:33.943 [reactor-http-nio-4] DEBUG o.s.w.r.r.m.a.ResponseBodyResultHandler - [1eb41812-58] 0..1 [org.springframework.web.reactive.result.method.annotation.RequestMappingMessageConversionIntegrationTests$Person]
03:15:33.943 [reactor-http-nio-4] DEBUG o.s.w.s.a.HttpWebHandlerAdapter - [1eb41812-58] Completed 200 OK
03:15:33.943 [Test worker] DEBUG o.s.w.c.RestTemplate - Response 200 OK
03:15:33.944 [Test worker] DEBUG o.s.w.c.RestTemplate - HTTP GET http://localhost:63241/person-response/mono-empty
03:15:33.944 [Test worker] DEBUG o.s.w.c.RestTemplate - Accept=[application/xml, text/xml, application/json, application/x-jackson-smile, application/*+xml, application/*+json]
03:15:33.944 [reactor-http-nio-4] DEBUG o.s.w.s.a.HttpWebHandlerAdapter - [1eb41812-59] HTTP GET "/person-response/mono-empty"
03:15:33.945 [reactor-http-nio-4] DEBUG o.s.w.r.r.m.a.RequestMappingHandlerMapping - [1eb41812-59] Mapped to org.springframework.web.reactive.result.method.annotation.RequestMappingMessageConversionIntegrationTests$PersonResponseBodyController#getMonoEmpty()
03:15:33.945 [reactor-http-nio-4] DEBUG o.s.w.r.r.m.a.ResponseBodyResultHandler - Using 'application/json' given [application/json] and supported [application/json, application/*+json, application/x-ndjson, application/x-jackson-smile, application/*+x-jackson-smile, application/xml, text/xml, text/event-stream]
03:15:33.945 [reactor-http-nio-4] DEBUG o.s.w.r.r.m.a.ResponseBodyResultHandler - [1eb41812-59] 0..1 [org.springframework.web.reactive.result.method.annotation.RequestMappingMessageConversionIntegrationTests$Person]
03:15:33.945 [reactor-http-nio-4] DEBUG o.s.w.s.a.HttpWebHandlerAdapter - [1eb41812-59] Completed 200 OK
03:15:33.946 [Test worker] DEBUG o.s.w.c.RestTemplate - Response 200 OK
03:15:33.946 [Test worker] DEBUG o.s.w.t.h.s.r.b.ReactorHttpServer - Stopping ReactorHttpServer...
03:15:33.946 [Test worker] DEBUG o.s.w.t.h.s.r.b.ReactorHttpServer - Server stopped (0 millis).
03:15:33.993 [Test worker] DEBUG o.s.w.r.r.m.a.RequestMappingHandlerMapping - 34 mappings in 'requestMappingHandlerMapping'
03:15:34.036 [Test worker] DEBUG o.s.w.r.r.m.a.ControllerMethodResolver - ControllerAdvice beans: none
03:15:34.049 [Test worker] DEBUG o.s.w.s.a.HttpWebHandlerAdapter - enableLoggingRequestDetails='false': form data and headers will be masked to prevent unsafe logging of potentially sensitive data
03:15:34.084 [Test worker] DEBUG o.s.w.t.h.s.r.b.TomcatHttpServer - Starting TomcatHttpServer...
03:15:34.102 [Test worker] DEBUG o.s.w.t.h.s.r.b.TomcatHttpServer - Server started on port 63243(0 millis).
03:15:34.102 [Test worker] DEBUG o.s.w.c.RestTemplate - HTTP GET http://localhost:63243/person-response/mono-empty
03:15:34.103 [Test worker] DEBUG o.s.w.c.RestTemplate - Accept=[application/xml, text/xml, application/json, application/x-jackson-smile, application/*+xml, application/*+json]
03:15:34.127 [http-nio-auto-56-exec-1] DEBUG o.s.w.s.a.HttpWebHandlerAdapter - [45d6be25] HTTP GET "/person-response/mono-empty"
03:15:34.128 [http-nio-auto-56-exec-1] DEBUG o.s.w.r.r.m.a.RequestMappingHandlerMapping - [45d6be25] Mapped to org.springframework.web.reactive.result.method.annotation.RequestMappingMessageConversionIntegrationTests$PersonResponseBodyController#getMonoEmpty()
03:15:34.129 [http-nio-auto-56-exec-1] DEBUG o.s.w.r.r.m.a.ResponseBodyResultHandler - Using 'application/json' given [application/json] and supported [application/json, application/*+json, application/x-ndjson, application/x-jackson-smile, application/*+x-jackson-smile, application/xml, text/xml, text/event-stream]
03:15:34.129 [http-nio-auto-56-exec-1] DEBUG o.s.w.r.r.m.a.ResponseBodyResultHandler - [45d6be25] 0..1 [org.springframework.web.reactive.result.method.annotation.RequestMappingMessageConversionIntegrationTests$Person]
03:15:34.130 [http-nio-auto-56-exec-1] DEBUG o.s.w.s.a.HttpWebHandlerAdapter - [45d6be25] Completed 200 OK
03:15:34.131 [Test worker] DEBUG o.s.w.c.RestTemplate - Response 200 OK
03:15:34.131 [Test worker] DEBUG o.s.w.c.RestTemplate - HTTP GET http://localhost:63243/person-response/mono-empty
03:15:34.131 [Test worker] DEBUG o.s.w.c.RestTemplate - Accept=[application/xml, text/xml, application/json, application/x-jackson-smile, application/*+xml, application/*+json]
03:15:34.133 [http-nio-auto-56-exec-1] DEBUG o.s.w.s.a.HttpWebHandlerAdapter - [6e4da331] HTTP GET "/person-response/mono-empty"
03:15:34.133 [http-nio-auto-56-exec-1] DEBUG o.s.w.r.r.m.a.RequestMappingHandlerMapping - [6e4da331] Mapped to org.springframework.web.reactive.result.method.annotation.RequestMappingMessageConversionIntegrationTests$PersonResponseBodyController#getMonoEmpty()
03:15:34.134 [http-nio-auto-56-exec-1] DEBUG o.s.w.r.r.m.a.ResponseBodyResultHandler - Using 'application/json' given [application/json] and supported [application/json, application/*+json, application/x-ndjson, application/x-jackson-smile, application/*+x-jackson-smile, application/xml, text/xml, text/event-stream]
03:15:34.134 [http-nio-auto-56-exec-1] DEBUG o.s.w.r.r.m.a.ResponseBodyResultHandler - [6e4da331] 0..1 [org.springframework.web.reactive.result.method.annotation.RequestMappingMessageConversionIntegrationTests$Person]
03:15:34.134 [http-nio-auto-56-exec-1] DEBUG o.s.w.s.a.HttpWebHandlerAdapter - [6e4da331] Completed 200 OK
03:15:34.135 [Test worker] DEBUG o.s.w.c.RestTemplate - Response 200 OK
03:15:34.135 [Test worker] DEBUG o.s.w.t.h.s.r.b.TomcatHttpServer - Stopping TomcatHttpServer...
03:15:34.346 [Test worker] DEBUG o.s.w.t.h.s.r.b.TomcatHttpServer - Server stopped (0 millis).
03:15:34.389 [Test worker] DEBUG o.s.w.r.r.m.a.RequestMappingHandlerMapping - 34 mappings in 'requestMappingHandlerMapping'
03:15:34.404 [Test worker] DEBUG o.s.w.r.r.m.a.ControllerMethodResolver - ControllerAdvice beans: none
03:15:34.430 [Test worker] DEBUG o.s.w.s.a.HttpWebHandlerAdapter - enableLoggingRequestDetails='false': form data and headers will be masked to prevent unsafe logging of potentially sensitive data
03:15:34.430 [Test worker] DEBUG o.s.w.t.h.s.r.b.UndertowHttpServer - Starting UndertowHttpServer...
03:15:34.430 [Test worker] INFO  i.undertow - starting server: Undertow - 2.1.3.Final
03:15:34.436 [Test worker] DEBUG o.s.w.t.h.s.r.b.UndertowHttpServer - Server started on port 63260(0 millis).
03:15:34.436 [Test worker] DEBUG o.s.w.c.RestTemplate - HTTP GET http://localhost:63260/person-response/mono-empty
03:15:34.436 [Test worker] DEBUG o.s.w.c.RestTemplate - Accept=[application/xml, text/xml, application/json, application/x-jackson-smile, application/*+xml, application/*+json]
03:15:34.439 [XNIO-55 I/O-2] DEBUG o.s.w.s.a.HttpWebHandlerAdapter - [6924c536] HTTP GET "/person-response/mono-empty"
03:15:34.440 [XNIO-55 I/O-2] DEBUG o.s.w.r.r.m.a.RequestMappingHandlerMapping - [6924c536] Mapped to org.springframework.web.reactive.result.method.annotation.RequestMappingMessageConversionIntegrationTests$PersonResponseBodyController#getMonoEmpty()
03:15:34.441 [XNIO-55 I/O-2] DEBUG o.s.w.r.r.m.a.ResponseBodyResultHandler - Using 'application/json' given [application/json] and supported [application/json, application/*+json, application/x-ndjson, application/x-jackson-smile, application/*+x-jackson-smile, application/xml, text/xml, text/event-stream]
03:15:34.441 [XNIO-55 I/O-2] DEBUG o.s.w.r.r.m.a.ResponseBodyResultHandler - [6924c536] 0..1 [org.springframework.web.reactive.result.method.annotation.RequestMappingMessageConversionIntegrationTests$Person]
03:15:34.442 [XNIO-55 I/O-2] DEBUG o.s.w.s.a.HttpWebHandlerAdapter - [6924c536] Completed 200 OK
03:15:34.442 [Test worker] DEBUG o.s.w.c.RestTemplate - Response 200 OK
03:15:34.442 [Test worker] DEBUG o.s.w.c.RestTemplate - HTTP GET http://localhost:63260/person-response/mono-empty
03:15:34.442 [Test worker] DEBUG o.s.w.c.RestTemplate - Accept=[application/xml, text/xml, application/json, application/x-jackson-smile, application/*+xml, application/*+json]
03:15:34.443 [XNIO-55 I/O-2] DEBUG o.s.w.s.a.HttpWebHandlerAdapter - [6924c536] HTTP GET "/person-response/mono-empty"
03:15:34.443 [XNIO-55 I/O-2] DEBUG o.s.w.r.r.m.a.RequestMappingHandlerMapping - [6924c536] Mapped to org.springframework.web.reactive.result.method.annotation.RequestMappingMessageConversionIntegrationTests$PersonResponseBodyController#getMonoEmpty()
03:15:34.444 [XNIO-55 I/O-2] DEBUG o.s.w.r.r.m.a.ResponseBodyResultHandler - Using 'application/json' given [application/json] and supported [application/json, application/*+json, application/x-ndjson, application/x-jackson-smile, application/*+x-jackson-smile, application/xml, text/xml, text/event-stream]
03:15:34.444 [XNIO-55 I/O-2] DEBUG o.s.w.r.r.m.a.ResponseBodyResultHandler - [6924c536] 0..1 [org.springframework.web.reactive.result.method.annotation.RequestMappingMessageConversionIntegrationTests$Person]
03:15:34.444 [XNIO-55 I/O-2] DEBUG o.s.w.s.a.HttpWebHandlerAdapter - [6924c536] Completed 200 OK
03:15:34.444 [Test worker] DEBUG o.s.w.c.RestTemplate - Response 200 OK
03:15:34.444 [Test worker] DEBUG o.s.w.t.h.s.r.b.UndertowHttpServer - Stopping UndertowHttpServer...
03:15:34.445 [Test worker] INFO  i.undertow - stopping server: Undertow - 2.1.3.Final
03:15:34.446 [Test worker] DEBUG o.s.w.t.h.s.r.b.UndertowHttpServer - Server stopped (0 millis).
03:15:34.486 [Test worker] DEBUG o.s.w.r.r.m.a.RequestMappingHandlerMapping - 34 mappings in 'requestMappingHandlerMapping'
03:15:34.515 [Test worker] DEBUG o.s.w.r.r.m.a.ControllerMethodResolver - ControllerAdvice beans: none
03:15:34.535 [Test worker] DEBUG o.s.w.s.a.HttpWebHandlerAdapter - enableLoggingRequestDetails='false': form data and headers will be masked to prevent unsafe logging of potentially sensitive data
03:15:34.536 [Test worker] WARN  o.e.j.s.h.ContextHandler - Empty contextPath
03:15:34.536 [Test worker] INFO  o.e.j.s.h.ContextHandler - Started o.e.j.s.ServletContextHandler@ca5a73c{/,null,AVAILABLE}
03:15:34.536 [Test worker] DEBUG o.s.w.t.h.s.r.b.JettyHttpServer - Starting JettyHttpServer...
03:15:34.536 [Test worker] INFO  o.e.j.s.Server - jetty-9.4.31.v20200723; built: 2020-07-23T17:57:36.812Z; git: 450ba27947e13e66baa8cd1ce7e85a4461cacc1d; jvm 1.8.0_261-b12
03:15:34.542 [Test worker] INFO  o.e.j.s.AbstractConnector - Started ServerConnector@5d9a9930{HTTP/1.1, (http/1.1)}{0.0.0.0:63262}
03:15:34.542 [Test worker] INFO  o.e.j.s.Server - Started @166154ms
03:15:34.542 [Test worker] DEBUG o.s.w.t.h.s.r.b.JettyHttpServer - Server started on port 63262(0 millis).
03:15:34.542 [Test worker] DEBUG o.s.w.c.RestTemplate - HTTP GET http://localhost:63262/person-response/single
03:15:34.543 [Test worker] DEBUG o.s.w.c.RestTemplate - Accept=[application/xml, text/xml, application/json, application/x-jackson-smile, application/*+xml, application/*+json]
03:15:34.546 [qtp1041733092-2333] DEBUG o.s.w.s.a.HttpWebHandlerAdapter - [236381e4] HTTP GET "/person-response/single"
03:15:34.547 [qtp1041733092-2333] DEBUG o.s.w.r.r.m.a.RequestMappingHandlerMapping - [236381e4] Mapped to org.springframework.web.reactive.result.method.annotation.RequestMappingMessageConversionIntegrationTests$PersonResponseBodyController#getSingle()
03:15:34.548 [qtp1041733092-2333] DEBUG o.s.w.r.r.m.a.ResponseBodyResultHandler - Using 'application/json' given [application/json] and supported [application/json, application/*+json, application/x-ndjson, application/x-jackson-smile, application/*+x-jackson-smile, application/xml, text/xml, text/event-stream]
03:15:34.548 [qtp1041733092-2333] DEBUG o.s.w.r.r.m.a.ResponseBodyResultHandler - [236381e4] 0..1 [org.springframework.web.reactive.result.method.annotation.RequestMappingMessageConversionIntegrationTests$Person]
03:15:34.549 [qtp1041733092-2333] DEBUG o.s.h.c.j.Jackson2JsonEncoder - [236381e4] Encoding [Person{name='Robert'}]
03:15:34.550 [qtp1041733092-2333] DEBUG o.s.w.s.a.HttpWebHandlerAdapter - [236381e4] Completed 200 OK
03:15:34.551 [Test worker] DEBUG o.s.w.c.RestTemplate - Response 200 OK
03:15:34.551 [Test worker] DEBUG o.s.w.c.RestTemplate - Reading to [org.springframework.web.reactive.result.method.annotation.RequestMappingMessageConversionIntegrationTests$Person]
03:15:34.552 [Test worker] DEBUG o.s.w.t.h.s.r.b.JettyHttpServer - Stopping JettyHttpServer...
03:15:34.552 [Test worker] INFO  o.e.j.s.h.ContextHandler - Stopped o.e.j.s.ServletContextHandler@ca5a73c{/,null,UNAVAILABLE}
03:15:34.554 [Test worker] INFO  o.e.j.s.AbstractConnector - Stopped ServerConnector@5d9a9930{HTTP/1.1, (http/1.1)}{0.0.0.0:0}
03:15:34.555 [Test worker] DEBUG o.s.w.t.h.s.r.b.JettyHttpServer - Server stopped (0 millis).
03:15:34.603 [Test worker] DEBUG o.s.w.r.r.m.a.RequestMappingHandlerMapping - 34 mappings in 'requestMappingHandlerMapping'
03:15:34.627 [Test worker] DEBUG o.s.w.r.r.m.a.ControllerMethodResolver - ControllerAdvice beans: none
03:15:34.645 [Test worker] DEBUG o.s.w.s.a.HttpWebHandlerAdapter - enableLoggingRequestDetails='false': form data and headers will be masked to prevent unsafe logging of potentially sensitive data
03:15:34.645 [Test worker] DEBUG o.s.w.t.h.s.r.b.ReactorHttpServer - Starting ReactorHttpServer...
03:15:34.646 [Test worker] DEBUG o.s.w.t.h.s.r.b.ReactorHttpServer - Server started on port 63281(0 millis).
03:15:34.646 [Test worker] DEBUG o.s.w.c.RestTemplate - HTTP GET http://localhost:63281/person-response/single
03:15:34.647 [Test worker] DEBUG o.s.w.c.RestTemplate - Accept=[application/xml, text/xml, application/json, application/x-jackson-smile, application/*+xml, application/*+json]
03:15:34.651 [reactor-http-nio-2] DEBUG o.s.w.s.a.HttpWebHandlerAdapter - [c51d0324-60] HTTP GET "/person-response/single"
03:15:34.652 [reactor-http-nio-2] DEBUG o.s.w.r.r.m.a.RequestMappingHandlerMapping - [c51d0324-60] Mapped to org.springframework.web.reactive.result.method.annotation.RequestMappingMessageConversionIntegrationTests$PersonResponseBodyController#getSingle()
03:15:34.653 [reactor-http-nio-2] DEBUG o.s.w.r.r.m.a.ResponseBodyResultHandler - Using 'application/json' given [application/json] and supported [application/json, application/*+json, application/x-ndjson, application/x-jackson-smile, application/*+x-jackson-smile, application/xml, text/xml, text/event-stream]
03:15:34.653 [reactor-http-nio-2] DEBUG o.s.w.r.r.m.a.ResponseBodyResultHandler - [c51d0324-60] 0..1 [org.springframework.web.reactive.result.method.annotation.RequestMappingMessageConversionIntegrationTests$Person]
03:15:34.653 [reactor-http-nio-2] DEBUG o.s.h.c.j.Jackson2JsonEncoder - [c51d0324-60] Encoding [Person{name='Robert'}]
03:15:34.654 [Test worker] DEBUG o.s.w.c.RestTemplate - Response 200 OK
03:15:34.654 [reactor-http-nio-2] DEBUG o.s.w.s.a.HttpWebHandlerAdapter - [c51d0324-60] Completed 200 OK
03:15:34.654 [Test worker] DEBUG o.s.w.c.RestTemplate - Reading to [org.springframework.web.reactive.result.method.annotation.RequestMappingMessageConversionIntegrationTests$Person]
03:15:34.655 [Test worker] DEBUG o.s.w.t.h.s.r.b.ReactorHttpServer - Stopping ReactorHttpServer...
03:15:34.655 [Test worker] DEBUG o.s.w.t.h.s.r.b.ReactorHttpServer - Server stopped (0 millis).
03:15:34.690 [Test worker] DEBUG o.s.w.r.r.m.a.RequestMappingHandlerMapping - 34 mappings in 'requestMappingHandlerMapping'
03:15:34.705 [Test worker] DEBUG o.s.w.r.r.m.a.ControllerMethodResolver - ControllerAdvice beans: none
03:15:34.720 [Test worker] DEBUG o.s.w.s.a.HttpWebHandlerAdapter - enableLoggingRequestDetails='false': form data and headers will be masked to prevent unsafe logging of potentially sensitive data
03:15:34.721 [Test worker] DEBUG o.s.w.t.h.s.r.b.TomcatHttpServer - Starting TomcatHttpServer...
03:15:34.730 [Test worker] DEBUG o.s.w.t.h.s.r.b.TomcatHttpServer - Server started on port 63283(0 millis).
03:15:34.730 [Test worker] DEBUG o.s.w.c.RestTemplate - HTTP GET http://localhost:63283/person-response/single
03:15:34.731 [Test worker] DEBUG o.s.w.c.RestTemplate - Accept=[application/xml, text/xml, application/json, application/x-jackson-smile, application/*+xml, application/*+json]
03:15:34.737 [http-nio-auto-57-exec-1] DEBUG o.s.w.s.a.HttpWebHandlerAdapter - [6f245fa0] HTTP GET "/person-response/single"
03:15:34.737 [http-nio-auto-57-exec-1] DEBUG o.s.w.r.r.m.a.RequestMappingHandlerMapping - [6f245fa0] Mapped to org.springframework.web.reactive.result.method.annotation.RequestMappingMessageConversionIntegrationTests$PersonResponseBodyController#getSingle()
03:15:34.738 [http-nio-auto-57-exec-1] DEBUG o.s.w.r.r.m.a.ResponseBodyResultHandler - Using 'application/json' given [application/json] and supported [application/json, application/*+json, application/x-ndjson, application/x-jackson-smile, application/*+x-jackson-smile, application/xml, text/xml, text/event-stream]
03:15:34.739 [http-nio-auto-57-exec-1] DEBUG o.s.w.r.r.m.a.ResponseBodyResultHandler - [6f245fa0] 0..1 [org.springframework.web.reactive.result.method.annotation.RequestMappingMessageConversionIntegrationTests$Person]
03:15:34.739 [http-nio-auto-57-exec-1] DEBUG o.s.h.c.j.Jackson2JsonEncoder - [6f245fa0] Encoding [Person{name='Robert'}]
03:15:34.740 [Test worker] DEBUG o.s.w.c.RestTemplate - Response 200 OK
03:15:34.740 [http-nio-auto-57-exec-1] DEBUG o.s.w.s.a.HttpWebHandlerAdapter - [6f245fa0] Completed 200 OK
03:15:34.740 [Test worker] DEBUG o.s.w.c.RestTemplate - Reading to [org.springframework.web.reactive.result.method.annotation.RequestMappingMessageConversionIntegrationTests$Person]
03:15:34.740 [Test worker] DEBUG o.s.w.t.h.s.r.b.TomcatHttpServer - Stopping TomcatHttpServer...
03:15:34.929 [Test worker] DEBUG o.s.w.t.h.s.r.b.TomcatHttpServer - Server stopped (0 millis).
03:15:34.981 [Test worker] DEBUG o.s.w.r.r.m.a.RequestMappingHandlerMapping - 34 mappings in 'requestMappingHandlerMapping'
03:15:35.001 [Test worker] DEBUG o.s.w.r.r.m.a.ControllerMethodResolver - ControllerAdvice beans: none
03:15:35.016 [Test worker] DEBUG o.s.w.s.a.HttpWebHandlerAdapter - enableLoggingRequestDetails='false': form data and headers will be masked to prevent unsafe logging of potentially sensitive data
03:15:35.016 [Test worker] DEBUG o.s.w.t.h.s.r.b.UndertowHttpServer - Starting UndertowHttpServer...
03:15:35.016 [Test worker] INFO  i.undertow - starting server: Undertow - 2.1.3.Final
03:15:35.023 [Test worker] DEBUG o.s.w.t.h.s.r.b.UndertowHttpServer - Server started on port 63300(0 millis).
03:15:35.024 [Test worker] DEBUG o.s.w.c.RestTemplate - HTTP GET http://localhost:63300/person-response/single
03:15:35.025 [Test worker] DEBUG o.s.w.c.RestTemplate - Accept=[application/xml, text/xml, application/json, application/x-jackson-smile, application/*+xml, application/*+json]
03:15:35.027 [XNIO-56 I/O-3] DEBUG o.s.w.s.a.HttpWebHandlerAdapter - [18491e7e] HTTP GET "/person-response/single"
03:15:35.028 [XNIO-56 I/O-3] DEBUG o.s.w.r.r.m.a.RequestMappingHandlerMapping - [18491e7e] Mapped to org.springframework.web.reactive.result.method.annotation.RequestMappingMessageConversionIntegrationTests$PersonResponseBodyController#getSingle()
03:15:35.029 [XNIO-56 I/O-3] DEBUG o.s.w.r.r.m.a.ResponseBodyResultHandler - Using 'application/json' given [application/json] and supported [application/json, application/*+json, application/x-ndjson, application/x-jackson-smile, application/*+x-jackson-smile, application/xml, text/xml, text/event-stream]
03:15:35.029 [XNIO-56 I/O-3] DEBUG o.s.w.r.r.m.a.ResponseBodyResultHandler - [18491e7e] 0..1 [org.springframework.web.reactive.result.method.annotation.RequestMappingMessageConversionIntegrationTests$Person]
03:15:35.029 [XNIO-56 I/O-3] DEBUG o.s.h.c.j.Jackson2JsonEncoder - [18491e7e] Encoding [Person{name='Robert'}]
03:15:35.030 [Test worker] DEBUG o.s.w.c.RestTemplate - Response 200 OK
03:15:35.030 [XNIO-56 I/O-3] DEBUG o.s.w.s.a.HttpWebHandlerAdapter - [18491e7e] Completed 200 OK
03:15:35.030 [Test worker] DEBUG o.s.w.c.RestTemplate - Reading to [org.springframework.web.reactive.result.method.annotation.RequestMappingMessageConversionIntegrationTests$Person]
03:15:35.030 [Test worker] DEBUG o.s.w.t.h.s.r.b.UndertowHttpServer - Stopping UndertowHttpServer...
03:15:35.031 [Test worker] INFO  i.undertow - stopping server: Undertow - 2.1.3.Final
03:15:35.034 [Test worker] DEBUG o.s.w.t.h.s.r.b.UndertowHttpServer - Server stopped (0 millis).
03:15:35.116 [Test worker] DEBUG o.s.w.r.r.m.a.RequestMappingHandlerMapping - 34 mappings in 'requestMappingHandlerMapping'
03:15:35.141 [Test worker] DEBUG o.s.w.r.r.m.a.ControllerMethodResolver - ControllerAdvice beans: none
03:15:35.161 [Test worker] DEBUG o.s.w.s.a.HttpWebHandlerAdapter - enableLoggingRequestDetails='false': form data and headers will be masked to prevent unsafe logging of potentially sensitive data
03:15:35.161 [Test worker] WARN  o.e.j.s.h.ContextHandler - Empty contextPath
03:15:35.162 [Test worker] INFO  o.e.j.s.h.ContextHandler - Started o.e.j.s.ServletContextHandler@27a67d45{/,null,AVAILABLE}
03:15:35.162 [Test worker] DEBUG o.s.w.t.h.s.r.b.JettyHttpServer - Starting JettyHttpServer...
03:15:35.162 [Test worker] INFO  o.e.j.s.Server - jetty-9.4.31.v20200723; built: 2020-07-23T17:57:36.812Z; git: 450ba27947e13e66baa8cd1ce7e85a4461cacc1d; jvm 1.8.0_261-b12
03:15:35.168 [Test worker] INFO  o.e.j.s.AbstractConnector - Started ServerConnector@378e14db{HTTP/1.1, (http/1.1)}{0.0.0.0:63302}
03:15:35.168 [Test worker] INFO  o.e.j.s.Server - Started @166779ms
03:15:35.168 [Test worker] DEBUG o.s.w.t.h.s.r.b.JettyHttpServer - Server started on port 63302(0 millis).
03:15:35.168 [Test worker] DEBUG o.s.w.c.RestTemplate - HTTP POST http://localhost:63302/23791
03:15:35.168 [Test worker] DEBUG o.s.w.c.RestTemplate - Accept=[text/plain, application/json, application/x-jackson-smile, application/*+json, */*]
03:15:35.169 [Test worker] DEBUG o.s.w.c.RestTemplate - Writing [Person{name='Robert'}] as "application/json"
03:15:35.172 [qtp226270235-2374] DEBUG o.s.w.s.a.HttpWebHandlerAdapter - [30a1a5dc] HTTP POST "/23791"
03:15:35.172 [qtp226270235-2374] DEBUG o.s.w.r.r.m.a.RequestMappingHandlerMapping - [30a1a5dc] Mapped to org.springframework.web.reactive.result.method.annotation.RequestMappingMessageConversionIntegrationTests$ConcreteController23791#test(Mono)
03:15:35.173 [qtp226270235-2374] DEBUG o.s.w.r.r.m.a.RequestBodyMethodArgumentResolver - [30a1a5dc] Content-Type:application/json
03:15:35.176 [qtp226270235-2374] DEBUG o.s.w.r.r.m.a.RequestBodyMethodArgumentResolver - [30a1a5dc] 0..1 [org.springframework.web.reactive.result.method.annotation.RequestMappingMessageConversionIntegrationTests$Person]
03:15:35.177 [qtp226270235-2374] DEBUG o.s.w.r.r.m.a.ResponseBodyResultHandler - Using 'text/plain;charset=UTF-8' given [text/plain, application/json, application/x-jackson-smile, application/*+json, */*] and supported [text/plain;charset=UTF-8, text/event-stream, text/plain;charset=UTF-8, */*]
03:15:35.177 [qtp226270235-2374] DEBUG o.s.w.r.r.m.a.ResponseBodyResultHandler - [30a1a5dc] 0..1 [java.lang.String]
03:15:35.178 [qtp226270235-2374] DEBUG o.s.h.c.j.Jackson2JsonDecoder - [30a1a5dc] Decoded [Person{name='Robert'}]
03:15:35.179 [qtp226270235-2374] DEBUG o.s.c.c.CharSequenceEncoder - [30a1a5dc] Writing "Person"
03:15:35.180 [Test worker] DEBUG o.s.w.c.RestTemplate - Response 200 OK
03:15:35.180 [Test worker] DEBUG o.s.w.c.RestTemplate - Reading to [java.lang.String] as "text/plain;charset=utf-8"
03:15:35.180 [Test worker] DEBUG o.s.w.t.h.s.r.b.JettyHttpServer - Stopping JettyHttpServer...
03:15:35.181 [Test worker] INFO  o.e.j.s.h.ContextHandler - Stopped o.e.j.s.ServletContextHandler@27a67d45{/,null,UNAVAILABLE}
03:15:35.181 [qtp226270235-2374] DEBUG o.s.w.s.a.HttpWebHandlerAdapter - [30a1a5dc] Completed 200 OK
03:15:35.183 [Test worker] INFO  o.e.j.s.AbstractConnector - Stopped ServerConnector@378e14db{HTTP/1.1, (http/1.1)}{0.0.0.0:0}
03:15:35.184 [Test worker] DEBUG o.s.w.t.h.s.r.b.JettyHttpServer - Server stopped (0 millis).
03:15:35.235 [Test worker] DEBUG o.s.w.r.r.m.a.RequestMappingHandlerMapping - 34 mappings in 'requestMappingHandlerMapping'
03:15:35.254 [Test worker] DEBUG o.s.w.r.r.m.a.ControllerMethodResolver - ControllerAdvice beans: none
03:15:35.269 [Test worker] DEBUG o.s.w.s.a.HttpWebHandlerAdapter - enableLoggingRequestDetails='false': form data and headers will be masked to prevent unsafe logging of potentially sensitive data
03:15:35.270 [Test worker] DEBUG o.s.w.t.h.s.r.b.ReactorHttpServer - Starting ReactorHttpServer...
03:15:35.270 [Test worker] DEBUG o.s.w.t.h.s.r.b.ReactorHttpServer - Server started on port 63308(0 millis).
03:15:35.271 [Test worker] DEBUG o.s.w.c.RestTemplate - HTTP POST http://localhost:63308/23791
03:15:35.271 [Test worker] DEBUG o.s.w.c.RestTemplate - Accept=[text/plain, application/json, application/x-jackson-smile, application/*+json, */*]
03:15:35.271 [Test worker] DEBUG o.s.w.c.RestTemplate - Writing [Person{name='Robert'}] as "application/json"
03:15:35.274 [reactor-http-nio-4] DEBUG o.s.w.s.a.HttpWebHandlerAdapter - [7bfb7b01-61] HTTP POST "/23791"
03:15:35.274 [reactor-http-nio-4] DEBUG o.s.w.r.r.m.a.RequestMappingHandlerMapping - [7bfb7b01-61] Mapped to org.springframework.web.reactive.result.method.annotation.RequestMappingMessageConversionIntegrationTests$ConcreteController23791#test(Mono)
03:15:35.275 [reactor-http-nio-4] DEBUG o.s.w.r.r.m.a.RequestBodyMethodArgumentResolver - [7bfb7b01-61] Content-Type:application/json
03:15:35.277 [reactor-http-nio-4] DEBUG o.s.w.r.r.m.a.RequestBodyMethodArgumentResolver - [7bfb7b01-61] 0..1 [org.springframework.web.reactive.result.method.annotation.RequestMappingMessageConversionIntegrationTests$Person]
03:15:35.278 [reactor-http-nio-4] DEBUG o.s.w.r.r.m.a.ResponseBodyResultHandler - Using 'text/plain;charset=UTF-8' given [text/plain, application/json, application/x-jackson-smile, application/*+json, */*] and supported [text/plain;charset=UTF-8, text/event-stream, text/plain;charset=UTF-8, */*]
03:15:35.278 [reactor-http-nio-4] DEBUG o.s.w.r.r.m.a.ResponseBodyResultHandler - [7bfb7b01-61] 0..1 [java.lang.String]
03:15:35.278 [reactor-http-nio-4] DEBUG o.s.h.c.j.Jackson2JsonDecoder - [7bfb7b01-61] Decoded [Person{name='Robert'}]
03:15:35.278 [reactor-http-nio-4] DEBUG o.s.c.c.CharSequenceEncoder - [7bfb7b01-61] Writing "Person"
03:15:35.279 [Test worker] DEBUG o.s.w.c.RestTemplate - Response 200 OK
03:15:35.279 [reactor-http-nio-4] DEBUG o.s.w.s.a.HttpWebHandlerAdapter - [7bfb7b01-61] Completed 200 OK
03:15:35.279 [Test worker] DEBUG o.s.w.c.RestTemplate - Reading to [java.lang.String] as "text/plain;charset=UTF-8"
03:15:35.280 [Test worker] DEBUG o.s.w.t.h.s.r.b.ReactorHttpServer - Stopping ReactorHttpServer...
03:15:35.280 [Test worker] DEBUG o.s.w.t.h.s.r.b.ReactorHttpServer - Server stopped (0 millis).
03:15:35.311 [Test worker] DEBUG o.s.w.r.r.m.a.RequestMappingHandlerMapping - 34 mappings in 'requestMappingHandlerMapping'
03:15:35.331 [Test worker] DEBUG o.s.w.r.r.m.a.ControllerMethodResolver - ControllerAdvice beans: none
03:15:35.355 [Test worker] DEBUG o.s.w.s.a.HttpWebHandlerAdapter - enableLoggingRequestDetails='false': form data and headers will be masked to prevent unsafe logging of potentially sensitive data
03:15:35.355 [Test worker] DEBUG o.s.w.t.h.s.r.b.TomcatHttpServer - Starting TomcatHttpServer...
03:15:35.364 [Test worker] DEBUG o.s.w.t.h.s.r.b.TomcatHttpServer - Server started on port 63311(0 millis).
03:15:35.364 [Test worker] DEBUG o.s.w.c.RestTemplate - HTTP POST http://localhost:63311/23791
03:15:35.365 [Test worker] DEBUG o.s.w.c.RestTemplate - Accept=[text/plain, application/json, application/x-jackson-smile, application/*+json, */*]
03:15:35.365 [Test worker] DEBUG o.s.w.c.RestTemplate - Writing [Person{name='Robert'}] as "application/json"
03:15:35.370 [http-nio-auto-58-exec-1] DEBUG o.s.w.s.a.HttpWebHandlerAdapter - [7c3a029d] HTTP POST "/23791"
03:15:35.371 [http-nio-auto-58-exec-1] DEBUG o.s.w.r.r.m.a.RequestMappingHandlerMapping - [7c3a029d] Mapped to org.springframework.web.reactive.result.method.annotation.RequestMappingMessageConversionIntegrationTests$ConcreteController23791#test(Mono)
03:15:35.371 [http-nio-auto-58-exec-1] DEBUG o.s.w.r.r.m.a.RequestBodyMethodArgumentResolver - [7c3a029d] Content-Type:application/json
03:15:35.372 [http-nio-auto-58-exec-1] DEBUG o.s.w.r.r.m.a.RequestBodyMethodArgumentResolver - [7c3a029d] 0..1 [org.springframework.web.reactive.result.method.annotation.RequestMappingMessageConversionIntegrationTests$Person]
03:15:35.373 [http-nio-auto-58-exec-1] DEBUG o.s.w.r.r.m.a.ResponseBodyResultHandler - Using 'text/plain;charset=UTF-8' given [text/plain, application/json, application/x-jackson-smile, application/*+json, */*] and supported [text/plain;charset=UTF-8, text/event-stream, text/plain;charset=UTF-8, */*]
03:15:35.373 [http-nio-auto-58-exec-1] DEBUG o.s.w.r.r.m.a.ResponseBodyResultHandler - [7c3a029d] 0..1 [java.lang.String]
03:15:35.374 [http-nio-auto-58-exec-1] DEBUG o.s.h.c.j.Jackson2JsonDecoder - [7c3a029d] Decoded [Person{name='Robert'}]
03:15:35.374 [http-nio-auto-58-exec-1] DEBUG o.s.c.c.CharSequenceEncoder - [7c3a029d] Writing "Person"
03:15:35.375 [Test worker] DEBUG o.s.w.c.RestTemplate - Response 200 OK
03:15:35.375 [http-nio-auto-58-exec-1] DEBUG o.s.w.s.a.HttpWebHandlerAdapter - [7c3a029d] Completed 200 OK
03:15:35.375 [Test worker] DEBUG o.s.w.c.RestTemplate - Reading to [java.lang.String] as "text/plain;charset=UTF-8"
03:15:35.376 [Test worker] DEBUG o.s.w.t.h.s.r.b.TomcatHttpServer - Stopping TomcatHttpServer...
03:15:35.590 [Test worker] DEBUG o.s.w.t.h.s.r.b.TomcatHttpServer - Server stopped (0 millis).
03:15:35.639 [Test worker] DEBUG o.s.w.r.r.m.a.RequestMappingHandlerMapping - 34 mappings in 'requestMappingHandlerMapping'
03:15:35.661 [Test worker] DEBUG o.s.w.r.r.m.a.ControllerMethodResolver - ControllerAdvice beans: none
03:15:35.679 [Test worker] DEBUG o.s.w.s.a.HttpWebHandlerAdapter - enableLoggingRequestDetails='false': form data and headers will be masked to prevent unsafe logging of potentially sensitive data
03:15:35.679 [Test worker] DEBUG o.s.w.t.h.s.r.b.UndertowHttpServer - Starting UndertowHttpServer...
03:15:35.679 [Test worker] INFO  i.undertow - starting server: Undertow - 2.1.3.Final
03:15:35.685 [Test worker] DEBUG o.s.w.t.h.s.r.b.UndertowHttpServer - Server started on port 63329(0 millis).
03:15:35.686 [Test worker] DEBUG o.s.w.c.RestTemplate - HTTP POST http://localhost:63329/23791
03:15:35.686 [Test worker] DEBUG o.s.w.c.RestTemplate - Accept=[text/plain, application/json, application/x-jackson-smile, application/*+json, */*]
03:15:35.686 [Test worker] DEBUG o.s.w.c.RestTemplate - Writing [Person{name='Robert'}] as "application/json"
03:15:35.689 [XNIO-57 I/O-4] DEBUG o.s.w.s.a.HttpWebHandlerAdapter - [44fe735b] HTTP POST "/23791"
03:15:35.689 [XNIO-57 I/O-4] DEBUG o.s.w.r.r.m.a.RequestMappingHandlerMapping - [44fe735b] Mapped to org.springframework.web.reactive.result.method.annotation.RequestMappingMessageConversionIntegrationTests$ConcreteController23791#test(Mono)
03:15:35.690 [XNIO-57 I/O-4] DEBUG o.s.w.r.r.m.a.RequestBodyMethodArgumentResolver - [44fe735b] Content-Type:application/json
03:15:35.690 [XNIO-57 I/O-4] DEBUG o.s.w.r.r.m.a.RequestBodyMethodArgumentResolver - [44fe735b] 0..1 [org.springframework.web.reactive.result.method.annotation.RequestMappingMessageConversionIntegrationTests$Person]
03:15:35.691 [XNIO-57 I/O-4] DEBUG o.s.w.r.r.m.a.ResponseBodyResultHandler - Using 'text/plain;charset=UTF-8' given [text/plain, application/json, application/x-jackson-smile, application/*+json, */*] and supported [text/plain;charset=UTF-8, text/event-stream, text/plain;charset=UTF-8, */*]
03:15:35.691 [XNIO-57 I/O-4] DEBUG o.s.w.r.r.m.a.ResponseBodyResultHandler - [44fe735b] 0..1 [java.lang.String]
03:15:35.692 [XNIO-57 I/O-4] DEBUG o.s.h.c.j.Jackson2JsonDecoder - [44fe735b] Decoded [Person{name='Robert'}]
03:15:35.692 [XNIO-57 I/O-4] DEBUG o.s.c.c.CharSequenceEncoder - [44fe735b] Writing "Person"
03:15:35.692 [Test worker] DEBUG o.s.w.c.RestTemplate - Response 200 OK
03:15:35.692 [XNIO-57 I/O-4] DEBUG o.s.w.s.a.HttpWebHandlerAdapter - [44fe735b] Completed 200 OK
03:15:35.692 [Test worker] DEBUG o.s.w.c.RestTemplate - Reading to [java.lang.String] as "text/plain;charset=UTF-8"
03:15:35.693 [Test worker] DEBUG o.s.w.t.h.s.r.b.UndertowHttpServer - Stopping UndertowHttpServer...
03:15:35.693 [Test worker] INFO  i.undertow - stopping server: Undertow - 2.1.3.Final
03:15:35.694 [Test worker] DEBUG o.s.w.t.h.s.r.b.UndertowHttpServer - Server stopped (0 millis).
03:15:35.733 [Test worker] DEBUG o.s.w.r.r.m.a.RequestMappingHandlerMapping - 34 mappings in 'requestMappingHandlerMapping'
03:15:35.750 [Test worker] DEBUG o.s.w.r.r.m.a.ControllerMethodResolver - ControllerAdvice beans: none
03:15:35.763 [Test worker] DEBUG o.s.w.s.a.HttpWebHandlerAdapter - enableLoggingRequestDetails='false': form data and headers will be masked to prevent unsafe logging of potentially sensitive data
03:15:35.763 [Test worker] WARN  o.e.j.s.h.ContextHandler - Empty contextPath
03:15:35.763 [Test worker] INFO  o.e.j.s.h.ContextHandler - Started o.e.j.s.ServletContextHandler@b15d180{/,null,AVAILABLE}
03:15:35.764 [Test worker] DEBUG o.s.w.t.h.s.r.b.JettyHttpServer - Starting JettyHttpServer...
03:15:35.764 [Test worker] INFO  o.e.j.s.Server - jetty-9.4.31.v20200723; built: 2020-07-23T17:57:36.812Z; git: 450ba27947e13e66baa8cd1ce7e85a4461cacc1d; jvm 1.8.0_261-b12
03:15:35.767 [Test worker] INFO  o.e.j.s.AbstractConnector - Started ServerConnector@159e1aaf{HTTP/1.1, (http/1.1)}{0.0.0.0:63331}
03:15:35.767 [Test worker] INFO  o.e.j.s.Server - Started @167378ms
03:15:35.767 [Test worker] DEBUG o.s.w.t.h.s.r.b.JettyHttpServer - Server started on port 63331(0 millis).
03:15:35.767 [Test worker] DEBUG o.s.w.c.RestTemplate - HTTP POST http://localhost:63331/person-transform/maybe
03:15:35.768 [Test worker] DEBUG o.s.w.c.RestTemplate - Accept=[application/xml, text/xml, application/json, application/x-jackson-smile, application/*+xml, application/*+json]
03:15:35.768 [Test worker] DEBUG o.s.w.c.RestTemplate - Writing [Person{name='Robert'}] as "application/json"
03:15:35.770 [qtp58216411-2415] DEBUG o.s.w.s.a.HttpWebHandlerAdapter - [156efde5] HTTP POST "/person-transform/maybe"
03:15:35.771 [qtp58216411-2415] DEBUG o.s.w.r.r.m.a.RequestMappingHandlerMapping - [156efde5] Mapped to org.springframework.web.reactive.result.method.annotation.RequestMappingMessageConversionIntegrationTests$PersonTransformationController#transformMaybe(Maybe)
03:15:35.771 [qtp58216411-2415] DEBUG o.s.w.r.r.m.a.RequestBodyMethodArgumentResolver - [156efde5] Content-Type:application/json
03:15:35.772 [qtp58216411-2415] DEBUG o.s.w.r.r.m.a.RequestBodyMethodArgumentResolver - [156efde5] 0..1 [org.springframework.web.reactive.result.method.annotation.RequestMappingMessageConversionIntegrationTests$Person]
03:15:35.773 [qtp58216411-2415] DEBUG o.s.w.r.r.m.a.ResponseBodyResultHandler - Using 'application/json' given [application/json] and supported [application/json, application/*+json, application/x-ndjson, application/x-jackson-smile, application/*+x-jackson-smile, application/xml, text/xml, text/event-stream]
03:15:35.774 [qtp58216411-2415] DEBUG o.s.w.r.r.m.a.ResponseBodyResultHandler - [156efde5] 0..1 [org.springframework.web.reactive.result.method.annotation.RequestMappingMessageConversionIntegrationTests$Person]
03:15:35.775 [qtp58216411-2415] DEBUG o.s.h.c.j.Jackson2JsonDecoder - [156efde5] Decoded [Person{name='Robert'}]
03:15:35.775 [qtp58216411-2415] DEBUG o.s.h.c.j.Jackson2JsonEncoder - [156efde5] Encoding [Person{name='ROBERT'}]
03:15:35.776 [Test worker] DEBUG o.s.w.c.RestTemplate - Response 200 OK
03:15:35.776 [qtp58216411-2415] DEBUG o.s.w.s.a.HttpWebHandlerAdapter - [156efde5] Completed 200 OK
03:15:35.776 [Test worker] DEBUG o.s.w.c.RestTemplate - Reading to [org.springframework.web.reactive.result.method.annotation.RequestMappingMessageConversionIntegrationTests$Person]
03:15:35.776 [Test worker] DEBUG o.s.w.t.h.s.r.b.JettyHttpServer - Stopping JettyHttpServer...
03:15:35.777 [Test worker] INFO  o.e.j.s.h.ContextHandler - Stopped o.e.j.s.ServletContextHandler@b15d180{/,null,UNAVAILABLE}
03:15:35.778 [Test worker] INFO  o.e.j.s.AbstractConnector - Stopped ServerConnector@159e1aaf{HTTP/1.1, (http/1.1)}{0.0.0.0:0}
03:15:35.779 [Test worker] DEBUG o.s.w.t.h.s.r.b.JettyHttpServer - Server stopped (0 millis).
03:15:35.817 [Test worker] DEBUG o.s.w.r.r.m.a.RequestMappingHandlerMapping - 34 mappings in 'requestMappingHandlerMapping'
03:15:35.832 [Test worker] DEBUG o.s.w.r.r.m.a.ControllerMethodResolver - ControllerAdvice beans: none
03:15:35.849 [Test worker] DEBUG o.s.w.s.a.HttpWebHandlerAdapter - enableLoggingRequestDetails='false': form data and headers will be masked to prevent unsafe logging of potentially sensitive data
03:15:35.849 [Test worker] DEBUG o.s.w.t.h.s.r.b.ReactorHttpServer - Starting ReactorHttpServer...
03:15:35.850 [Test worker] DEBUG o.s.w.t.h.s.r.b.ReactorHttpServer - Server started on port 63337(0 millis).
03:15:35.850 [Test worker] DEBUG o.s.w.c.RestTemplate - HTTP POST http://localhost:63337/person-transform/maybe
03:15:35.851 [Test worker] DEBUG o.s.w.c.RestTemplate - Accept=[application/xml, text/xml, application/json, application/x-jackson-smile, application/*+xml, application/*+json]
03:15:35.851 [Test worker] DEBUG o.s.w.c.RestTemplate - Writing [Person{name='Robert'}] as "application/json"
03:15:35.855 [reactor-http-nio-2] DEBUG o.s.w.s.a.HttpWebHandlerAdapter - [e28efbf6-62] HTTP POST "/person-transform/maybe"
03:15:35.855 [reactor-http-nio-2] DEBUG o.s.w.r.r.m.a.RequestMappingHandlerMapping - [e28efbf6-62] Mapped to org.springframework.web.reactive.result.method.annotation.RequestMappingMessageConversionIntegrationTests$PersonTransformationController#transformMaybe(Maybe)
03:15:35.856 [reactor-http-nio-2] DEBUG o.s.w.r.r.m.a.RequestBodyMethodArgumentResolver - [e28efbf6-62] Content-Type:application/json
03:15:35.856 [reactor-http-nio-2] DEBUG o.s.w.r.r.m.a.RequestBodyMethodArgumentResolver - [e28efbf6-62] 0..1 [org.springframework.web.reactive.result.method.annotation.RequestMappingMessageConversionIntegrationTests$Person]
03:15:35.857 [reactor-http-nio-2] DEBUG o.s.w.r.r.m.a.ResponseBodyResultHandler - Using 'application/json' given [application/json] and supported [application/json, application/*+json, application/x-ndjson, application/x-jackson-smile, application/*+x-jackson-smile, application/xml, text/xml, text/event-stream]
03:15:35.857 [reactor-http-nio-2] DEBUG o.s.w.r.r.m.a.ResponseBodyResultHandler - [e28efbf6-62] 0..1 [org.springframework.web.reactive.result.method.annotation.RequestMappingMessageConversionIntegrationTests$Person]
03:15:35.857 [reactor-http-nio-2] DEBUG o.s.h.c.j.Jackson2JsonDecoder - [e28efbf6-62] Decoded [Person{name='Robert'}]
03:15:35.858 [reactor-http-nio-2] DEBUG o.s.h.c.j.Jackson2JsonEncoder - [e28efbf6-62] Encoding [Person{name='ROBERT'}]
03:15:35.858 [Test worker] DEBUG o.s.w.c.RestTemplate - Response 200 OK
03:15:35.858 [reactor-http-nio-2] DEBUG o.s.w.s.a.HttpWebHandlerAdapter - [e28efbf6-62] Completed 200 OK
03:15:35.859 [Test worker] DEBUG o.s.w.c.RestTemplate - Reading to [org.springframework.web.reactive.result.method.annotation.RequestMappingMessageConversionIntegrationTests$Person]
03:15:35.859 [Test worker] DEBUG o.s.w.t.h.s.r.b.ReactorHttpServer - Stopping ReactorHttpServer...
03:15:35.859 [Test worker] DEBUG o.s.w.t.h.s.r.b.ReactorHttpServer - Server stopped (0 millis).
03:15:35.906 [Test worker] DEBUG o.s.w.r.r.m.a.RequestMappingHandlerMapping - 34 mappings in 'requestMappingHandlerMapping'
03:15:35.962 [Test worker] DEBUG o.s.w.r.r.m.a.ControllerMethodResolver - ControllerAdvice beans: none
03:15:35.986 [Test worker] DEBUG o.s.w.s.a.HttpWebHandlerAdapter - enableLoggingRequestDetails='false': form data and headers will be masked to prevent unsafe logging of potentially sensitive data
03:15:35.986 [Test worker] DEBUG o.s.w.t.h.s.r.b.TomcatHttpServer - Starting TomcatHttpServer...
03:15:35.996 [Test worker] DEBUG o.s.w.t.h.s.r.b.TomcatHttpServer - Server started on port 63345(0 millis).
03:15:35.996 [Test worker] DEBUG o.s.w.c.RestTemplate - HTTP POST http://localhost:63345/person-transform/maybe
03:15:35.997 [Test worker] DEBUG o.s.w.c.RestTemplate - Accept=[application/xml, text/xml, application/json, application/x-jackson-smile, application/*+xml, application/*+json]
03:15:35.997 [Test worker] DEBUG o.s.w.c.RestTemplate - Writing [Person{name='Robert'}] as "application/json"
03:15:36.003 [http-nio-auto-59-exec-1] DEBUG o.s.w.s.a.HttpWebHandlerAdapter - [6445f340] HTTP POST "/person-transform/maybe"
03:15:36.003 [http-nio-auto-59-exec-1] DEBUG o.s.w.r.r.m.a.RequestMappingHandlerMapping - [6445f340] Mapped to org.springframework.web.reactive.result.method.annotation.RequestMappingMessageConversionIntegrationTests$PersonTransformationController#transformMaybe(Maybe)
03:15:36.004 [http-nio-auto-59-exec-1] DEBUG o.s.w.r.r.m.a.RequestBodyMethodArgumentResolver - [6445f340] Content-Type:application/json
03:15:36.004 [http-nio-auto-59-exec-1] DEBUG o.s.w.r.r.m.a.RequestBodyMethodArgumentResolver - [6445f340] 0..1 [org.springframework.web.reactive.result.method.annotation.RequestMappingMessageConversionIntegrationTests$Person]
03:15:36.005 [http-nio-auto-59-exec-1] DEBUG o.s.w.r.r.m.a.ResponseBodyResultHandler - Using 'application/json' given [application/json] and supported [application/json, application/*+json, application/x-ndjson, application/x-jackson-smile, application/*+x-jackson-smile, application/xml, text/xml, text/event-stream]
03:15:36.005 [http-nio-auto-59-exec-1] DEBUG o.s.w.r.r.m.a.ResponseBodyResultHandler - [6445f340] 0..1 [org.springframework.web.reactive.result.method.annotation.RequestMappingMessageConversionIntegrationTests$Person]
03:15:36.006 [http-nio-auto-59-exec-1] DEBUG o.s.h.c.j.Jackson2JsonDecoder - [6445f340] Decoded [Person{name='Robert'}]
03:15:36.006 [http-nio-auto-59-exec-1] DEBUG o.s.h.c.j.Jackson2JsonEncoder - [6445f340] Encoding [Person{name='ROBERT'}]
03:15:36.007 [http-nio-auto-59-exec-1] DEBUG o.s.w.s.a.HttpWebHandlerAdapter - [6445f340] Completed 200 OK
03:15:36.007 [Test worker] DEBUG o.s.w.c.RestTemplate - Response 200 OK
03:15:36.008 [Test worker] DEBUG o.s.w.c.RestTemplate - Reading to [org.springframework.web.reactive.result.method.annotation.RequestMappingMessageConversionIntegrationTests$Person]
03:15:36.009 [Test worker] DEBUG o.s.w.t.h.s.r.b.TomcatHttpServer - Stopping TomcatHttpServer...
03:15:36.258 [Test worker] DEBUG o.s.w.t.h.s.r.b.TomcatHttpServer - Server stopped (0 millis).
03:15:36.301 [Test worker] DEBUG o.s.w.r.r.m.a.RequestMappingHandlerMapping - 34 mappings in 'requestMappingHandlerMapping'
03:15:36.320 [Test worker] DEBUG o.s.w.r.r.m.a.ControllerMethodResolver - ControllerAdvice beans: none
03:15:36.336 [Test worker] DEBUG o.s.w.s.a.HttpWebHandlerAdapter - enableLoggingRequestDetails='false': form data and headers will be masked to prevent unsafe logging of potentially sensitive data
03:15:36.336 [Test worker] DEBUG o.s.w.t.h.s.r.b.UndertowHttpServer - Starting UndertowHttpServer...
03:15:36.336 [Test worker] INFO  i.undertow - starting server: Undertow - 2.1.3.Final
03:15:36.344 [Test worker] DEBUG o.s.w.t.h.s.r.b.UndertowHttpServer - Server started on port 63371(0 millis).
03:15:36.344 [Test worker] DEBUG o.s.w.c.RestTemplate - HTTP POST http://localhost:63371/person-transform/maybe
03:15:36.346 [Test worker] DEBUG o.s.w.c.RestTemplate - Accept=[application/xml, text/xml, application/json, application/x-jackson-smile, application/*+xml, application/*+json]
03:15:36.346 [Test worker] DEBUG o.s.w.c.RestTemplate - Writing [Person{name='Robert'}] as "application/json"
03:15:36.349 [XNIO-58 I/O-1] DEBUG o.s.w.s.a.HttpWebHandlerAdapter - [226d9736] HTTP POST "/person-transform/maybe"
03:15:36.349 [XNIO-58 I/O-1] DEBUG o.s.w.r.r.m.a.RequestMappingHandlerMapping - [226d9736] Mapped to org.springframework.web.reactive.result.method.annotation.RequestMappingMessageConversionIntegrationTests$PersonTransformationController#transformMaybe(Maybe)
03:15:36.350 [XNIO-58 I/O-1] DEBUG o.s.w.r.r.m.a.RequestBodyMethodArgumentResolver - [226d9736] Content-Type:application/json
03:15:36.350 [XNIO-58 I/O-1] DEBUG o.s.w.r.r.m.a.RequestBodyMethodArgumentResolver - [226d9736] 0..1 [org.springframework.web.reactive.result.method.annotation.RequestMappingMessageConversionIntegrationTests$Person]
03:15:36.351 [XNIO-58 I/O-1] DEBUG o.s.w.r.r.m.a.ResponseBodyResultHandler - Using 'application/json' given [application/json] and supported [application/json, application/*+json, application/x-ndjson, application/x-jackson-smile, application/*+x-jackson-smile, application/xml, text/xml, text/event-stream]
03:15:36.351 [XNIO-58 I/O-1] DEBUG o.s.w.r.r.m.a.ResponseBodyResultHandler - [226d9736] 0..1 [org.springframework.web.reactive.result.method.annotation.RequestMappingMessageConversionIntegrationTests$Person]
03:15:36.351 [XNIO-58 I/O-1] DEBUG o.s.h.c.j.Jackson2JsonDecoder - [226d9736] Decoded [Person{name='Robert'}]
03:15:36.351 [XNIO-58 I/O-1] DEBUG o.s.h.c.j.Jackson2JsonEncoder - [226d9736] Encoding [Person{name='ROBERT'}]
03:15:36.352 [Test worker] DEBUG o.s.w.c.RestTemplate - Response 200 OK
03:15:36.352 [XNIO-58 I/O-1] DEBUG o.s.w.s.a.HttpWebHandlerAdapter - [226d9736] Completed 200 OK
03:15:36.352 [Test worker] DEBUG o.s.w.c.RestTemplate - Reading to [org.springframework.web.reactive.result.method.annotation.RequestMappingMessageConversionIntegrationTests$Person]
03:15:36.353 [Test worker] DEBUG o.s.w.t.h.s.r.b.UndertowHttpServer - Stopping UndertowHttpServer...
03:15:36.353 [Test worker] INFO  i.undertow - stopping server: Undertow - 2.1.3.Final
03:15:36.354 [Test worker] DEBUG o.s.w.t.h.s.r.b.UndertowHttpServer - Server stopped (0 millis).
03:15:36.391 [Test worker] DEBUG o.s.w.r.r.m.a.RequestMappingHandlerMapping - 34 mappings in 'requestMappingHandlerMapping'
03:15:36.407 [Test worker] DEBUG o.s.w.r.r.m.a.ControllerMethodResolver - ControllerAdvice beans: none
03:15:36.424 [Test worker] DEBUG o.s.w.s.a.HttpWebHandlerAdapter - enableLoggingRequestDetails='false': form data and headers will be masked to prevent unsafe logging of potentially sensitive data
03:15:36.425 [Test worker] WARN  o.e.j.s.h.ContextHandler - Empty contextPath
03:15:36.425 [Test worker] INFO  o.e.j.s.h.ContextHandler - Started o.e.j.s.ServletContextHandler@4cafc68f{/,null,AVAILABLE}
03:15:36.425 [Test worker] DEBUG o.s.w.t.h.s.r.b.JettyHttpServer - Starting JettyHttpServer...
03:15:36.425 [Test worker] INFO  o.e.j.s.Server - jetty-9.4.31.v20200723; built: 2020-07-23T17:57:36.812Z; git: 450ba27947e13e66baa8cd1ce7e85a4461cacc1d; jvm 1.8.0_261-b12
03:15:36.429 [Test worker] INFO  o.e.j.s.AbstractConnector - Started ServerConnector@1511238d{HTTP/1.1, (http/1.1)}{0.0.0.0:63373}
03:15:36.429 [Test worker] INFO  o.e.j.s.Server - Started @168040ms
03:15:36.429 [Test worker] DEBUG o.s.w.t.h.s.r.b.JettyHttpServer - Server started on port 63373(0 millis).
03:15:36.429 [Test worker] DEBUG o.s.w.c.RestTemplate - HTTP POST http://localhost:63373/person-create/flowable
03:15:36.429 [Test worker] DEBUG o.s.w.c.RestTemplate - Accept=[application/json, application/x-jackson-smile, application/*+json]
03:15:36.429 [Test worker] DEBUG o.s.w.c.RestTemplate - Writing [[Person{name='Robert'}, Person{name='Marie'}]] as "application/json"
03:15:36.432 [qtp790828325-2456] DEBUG o.s.w.s.a.HttpWebHandlerAdapter - [b595d00] HTTP POST "/person-create/flowable"
03:15:36.432 [qtp790828325-2456] DEBUG o.s.w.r.r.m.a.RequestMappingHandlerMapping - [b595d00] Mapped to org.springframework.web.reactive.result.method.annotation.RequestMappingMessageConversionIntegrationTests$PersonCreateController#createWithFlowable(Flowable)
03:15:36.433 [qtp790828325-2456] DEBUG o.s.w.r.r.m.a.RequestBodyMethodArgumentResolver - [b595d00] Content-Type:application/json
03:15:36.434 [qtp790828325-2456] DEBUG o.s.w.r.r.m.a.RequestBodyMethodArgumentResolver - [b595d00] 0..N [org.springframework.web.reactive.result.method.annotation.RequestMappingMessageConversionIntegrationTests$Person]
03:15:36.434 [qtp790828325-2456] DEBUG o.s.h.c.j.Jackson2JsonDecoder - [b595d00] Decoded [Person{name='Robert'}]
03:15:36.435 [qtp790828325-2456] DEBUG o.s.h.c.j.Jackson2JsonDecoder - [b595d00] Decoded [Person{name='Marie'}]
03:15:36.435 [qtp790828325-2456] DEBUG o.s.w.s.a.HttpWebHandlerAdapter - [b595d00] Completed 200 OK
03:15:36.435 [Test worker] DEBUG o.s.w.c.RestTemplate - Response 200 OK
03:15:36.435 [Test worker] DEBUG o.s.w.t.h.s.r.b.JettyHttpServer - Stopping JettyHttpServer...
03:15:36.436 [Test worker] INFO  o.e.j.s.h.ContextHandler - Stopped o.e.j.s.ServletContextHandler@4cafc68f{/,null,UNAVAILABLE}
03:15:36.437 [Test worker] INFO  o.e.j.s.AbstractConnector - Stopped ServerConnector@1511238d{HTTP/1.1, (http/1.1)}{0.0.0.0:0}
03:15:36.438 [Test worker] DEBUG o.s.w.t.h.s.r.b.JettyHttpServer - Server stopped (0 millis).
03:15:36.487 [Test worker] DEBUG o.s.w.r.r.m.a.RequestMappingHandlerMapping - 34 mappings in 'requestMappingHandlerMapping'
03:15:36.506 [Test worker] DEBUG o.s.w.r.r.m.a.ControllerMethodResolver - ControllerAdvice beans: none
03:15:36.520 [Test worker] DEBUG o.s.w.s.a.HttpWebHandlerAdapter - enableLoggingRequestDetails='false': form data and headers will be masked to prevent unsafe logging of potentially sensitive data
03:15:36.520 [Test worker] DEBUG o.s.w.t.h.s.r.b.ReactorHttpServer - Starting ReactorHttpServer...
03:15:36.521 [Test worker] DEBUG o.s.w.t.h.s.r.b.ReactorHttpServer - Server started on port 63379(0 millis).
03:15:36.521 [Test worker] DEBUG o.s.w.c.RestTemplate - HTTP POST http://localhost:63379/person-create/flowable
03:15:36.521 [Test worker] DEBUG o.s.w.c.RestTemplate - Accept=[application/json, application/x-jackson-smile, application/*+json]
03:15:36.522 [Test worker] DEBUG o.s.w.c.RestTemplate - Writing [[Person{name='Robert'}, Person{name='Marie'}]] as "application/json"
03:15:36.525 [reactor-http-nio-4] DEBUG o.s.w.s.a.HttpWebHandlerAdapter - [c210f0f4-63] HTTP POST "/person-create/flowable"
03:15:36.525 [reactor-http-nio-4] DEBUG o.s.w.r.r.m.a.RequestMappingHandlerMapping - [c210f0f4-63] Mapped to org.springframework.web.reactive.result.method.annotation.RequestMappingMessageConversionIntegrationTests$PersonCreateController#createWithFlowable(Flowable)
03:15:36.526 [reactor-http-nio-4] DEBUG o.s.w.r.r.m.a.RequestBodyMethodArgumentResolver - [c210f0f4-63] Content-Type:application/json
03:15:36.526 [reactor-http-nio-4] DEBUG o.s.w.r.r.m.a.RequestBodyMethodArgumentResolver - [c210f0f4-63] 0..N [org.springframework.web.reactive.result.method.annotation.RequestMappingMessageConversionIntegrationTests$Person]
03:15:36.527 [reactor-http-nio-4] DEBUG o.s.h.c.j.Jackson2JsonDecoder - [c210f0f4-63] Decoded [Person{name='Robert'}]
03:15:36.527 [reactor-http-nio-4] DEBUG o.s.h.c.j.Jackson2JsonDecoder - [c210f0f4-63] Decoded [Person{name='Marie'}]
03:15:36.527 [reactor-http-nio-4] DEBUG o.s.w.s.a.HttpWebHandlerAdapter - [c210f0f4-63] Completed 200 OK
03:15:36.528 [Test worker] DEBUG o.s.w.c.RestTemplate - Response 200 OK
03:15:36.528 [Test worker] DEBUG o.s.w.t.h.s.r.b.ReactorHttpServer - Stopping ReactorHttpServer...
03:15:36.529 [Test worker] DEBUG o.s.w.t.h.s.r.b.ReactorHttpServer - Server stopped (0 millis).
03:15:36.567 [Test worker] DEBUG o.s.w.r.r.m.a.RequestMappingHandlerMapping - 34 mappings in 'requestMappingHandlerMapping'
03:15:36.585 [Test worker] DEBUG o.s.w.r.r.m.a.ControllerMethodResolver - ControllerAdvice beans: none
03:15:36.598 [Test worker] DEBUG o.s.w.s.a.HttpWebHandlerAdapter - enableLoggingRequestDetails='false': form data and headers will be masked to prevent unsafe logging of potentially sensitive data
03:15:36.598 [Test worker] DEBUG o.s.w.t.h.s.r.b.TomcatHttpServer - Starting TomcatHttpServer...
03:15:36.606 [Test worker] DEBUG o.s.w.t.h.s.r.b.TomcatHttpServer - Server started on port 63382(0 millis).
03:15:36.607 [Test worker] DEBUG o.s.w.c.RestTemplate - HTTP POST http://localhost:63382/person-create/flowable
03:15:36.607 [Test worker] DEBUG o.s.w.c.RestTemplate - Accept=[application/json, application/x-jackson-smile, application/*+json]
03:15:36.607 [Test worker] DEBUG o.s.w.c.RestTemplate - Writing [[Person{name='Robert'}, Person{name='Marie'}]] as "application/json"
03:15:36.614 [http-nio-auto-60-exec-1] DEBUG o.s.w.s.a.HttpWebHandlerAdapter - [1b56e51d] HTTP POST "/person-create/flowable"
03:15:36.614 [http-nio-auto-60-exec-1] DEBUG o.s.w.r.r.m.a.RequestMappingHandlerMapping - [1b56e51d] Mapped to org.springframework.web.reactive.result.method.annotation.RequestMappingMessageConversionIntegrationTests$PersonCreateController#createWithFlowable(Flowable)
03:15:36.614 [http-nio-auto-60-exec-1] DEBUG o.s.w.r.r.m.a.RequestBodyMethodArgumentResolver - [1b56e51d] Content-Type:application/json
03:15:36.615 [http-nio-auto-60-exec-1] DEBUG o.s.w.r.r.m.a.RequestBodyMethodArgumentResolver - [1b56e51d] 0..N [org.springframework.web.reactive.result.method.annotation.RequestMappingMessageConversionIntegrationTests$Person]
03:15:36.615 [http-nio-auto-60-exec-1] DEBUG o.s.h.c.j.Jackson2JsonDecoder - [1b56e51d] Decoded [Person{name='Robert'}]
03:15:36.615 [http-nio-auto-60-exec-1] DEBUG o.s.h.c.j.Jackson2JsonDecoder - [1b56e51d] Decoded [Person{name='Marie'}]
03:15:36.615 [http-nio-auto-60-exec-1] DEBUG o.s.w.s.a.HttpWebHandlerAdapter - [1b56e51d] Completed 200 OK
03:15:36.615 [Test worker] DEBUG o.s.w.c.RestTemplate - Response 200 OK
03:15:36.615 [Test worker] DEBUG o.s.w.t.h.s.r.b.TomcatHttpServer - Stopping TomcatHttpServer...
03:15:36.784 [Test worker] DEBUG o.s.w.t.h.s.r.b.TomcatHttpServer - Server stopped (0 millis).
03:15:36.820 [Test worker] DEBUG o.s.w.r.r.m.a.RequestMappingHandlerMapping - 34 mappings in 'requestMappingHandlerMapping'
03:15:36.833 [Test worker] DEBUG o.s.w.r.r.m.a.ControllerMethodResolver - ControllerAdvice beans: none
03:15:36.846 [Test worker] DEBUG o.s.w.s.a.HttpWebHandlerAdapter - enableLoggingRequestDetails='false': form data and headers will be masked to prevent unsafe logging of potentially sensitive data
03:15:36.846 [Test worker] DEBUG o.s.w.t.h.s.r.b.UndertowHttpServer - Starting UndertowHttpServer...
03:15:36.846 [Test worker] INFO  i.undertow - starting server: Undertow - 2.1.3.Final
03:15:36.851 [Test worker] DEBUG o.s.w.t.h.s.r.b.UndertowHttpServer - Server started on port 63399(0 millis).
03:15:36.851 [Test worker] DEBUG o.s.w.c.RestTemplate - HTTP POST http://localhost:63399/person-create/flowable
03:15:36.851 [Test worker] DEBUG o.s.w.c.RestTemplate - Accept=[application/json, application/x-jackson-smile, application/*+json]
03:15:36.852 [Test worker] DEBUG o.s.w.c.RestTemplate - Writing [[Person{name='Robert'}, Person{name='Marie'}]] as "application/json"
03:15:36.854 [XNIO-59 I/O-3] DEBUG o.s.w.s.a.HttpWebHandlerAdapter - [5afbd56c] HTTP POST "/person-create/flowable"
03:15:36.855 [XNIO-59 I/O-3] DEBUG o.s.w.r.r.m.a.RequestMappingHandlerMapping - [5afbd56c] Mapped to org.springframework.web.reactive.result.method.annotation.RequestMappingMessageConversionIntegrationTests$PersonCreateController#createWithFlowable(Flowable)
03:15:36.855 [XNIO-59 I/O-3] DEBUG o.s.w.r.r.m.a.RequestBodyMethodArgumentResolver - [5afbd56c] Content-Type:application/json
03:15:36.856 [XNIO-59 I/O-3] DEBUG o.s.w.r.r.m.a.RequestBodyMethodArgumentResolver - [5afbd56c] 0..N [org.springframework.web.reactive.result.method.annotation.RequestMappingMessageConversionIntegrationTests$Person]
03:15:36.856 [XNIO-59 I/O-3] DEBUG o.s.h.c.j.Jackson2JsonDecoder - [5afbd56c] Decoded [Person{name='Robert'}]
03:15:36.856 [XNIO-59 I/O-3] DEBUG o.s.h.c.j.Jackson2JsonDecoder - [5afbd56c] Decoded [Person{name='Marie'}]
03:15:36.856 [XNIO-59 I/O-3] DEBUG o.s.w.s.a.HttpWebHandlerAdapter - [5afbd56c] Completed 200 OK
03:15:36.857 [Test worker] DEBUG o.s.w.c.RestTemplate - Response 200 OK
03:15:36.857 [Test worker] DEBUG o.s.w.t.h.s.r.b.UndertowHttpServer - Stopping UndertowHttpServer...
03:15:36.857 [Test worker] INFO  i.undertow - stopping server: Undertow - 2.1.3.Final
03:15:36.858 [Test worker] DEBUG o.s.w.t.h.s.r.b.UndertowHttpServer - Server stopped (0 millis).
03:15:36.889 [Test worker] DEBUG o.s.w.r.r.m.a.RequestMappingHandlerMapping - 34 mappings in 'requestMappingHandlerMapping'
03:15:36.903 [Test worker] DEBUG o.s.w.r.r.m.a.ControllerMethodResolver - ControllerAdvice beans: none
03:15:36.914 [Test worker] DEBUG o.s.w.s.a.HttpWebHandlerAdapter - enableLoggingRequestDetails='false': form data and headers will be masked to prevent unsafe logging of potentially sensitive data
03:15:36.914 [Test worker] WARN  o.e.j.s.h.ContextHandler - Empty contextPath
03:15:36.914 [Test worker] INFO  o.e.j.s.h.ContextHandler - Started o.e.j.s.ServletContextHandler@23782d85{/,null,AVAILABLE}
03:15:36.915 [Test worker] DEBUG o.s.w.t.h.s.r.b.JettyHttpServer - Starting JettyHttpServer...
03:15:36.915 [Test worker] INFO  o.e.j.s.Server - jetty-9.4.31.v20200723; built: 2020-07-23T17:57:36.812Z; git: 450ba27947e13e66baa8cd1ce7e85a4461cacc1d; jvm 1.8.0_261-b12
03:15:36.918 [Test worker] INFO  o.e.j.s.AbstractConnector - Started ServerConnector@143923aa{HTTP/1.1, (http/1.1)}{0.0.0.0:63401}
03:15:36.918 [Test worker] INFO  o.e.j.s.Server - Started @168530ms
03:15:36.918 [Test worker] DEBUG o.s.w.t.h.s.r.b.JettyHttpServer - Server started on port 63401(0 millis).
03:15:36.918 [Test worker] DEBUG o.s.w.c.RestTemplate - HTTP GET http://localhost:63401/raw-response/flowable
03:15:36.918 [Test worker] DEBUG o.s.w.c.RestTemplate - Accept=[text/plain, application/json, application/x-jackson-smile, application/*+json, */*]
03:15:36.921 [qtp1861528784-2497] DEBUG o.s.w.s.a.HttpWebHandlerAdapter - [94e311a] HTTP GET "/raw-response/flowable"
03:15:36.921 [qtp1861528784-2497] DEBUG o.s.w.r.r.m.a.RequestMappingHandlerMapping - [94e311a] Mapped to org.springframework.web.reactive.result.method.annotation.RequestMappingMessageConversionIntegrationTests$RawResponseBodyController#getFlowable()
03:15:36.922 [qtp1861528784-2497] DEBUG o.s.w.r.r.m.a.ResponseBodyResultHandler - Using 'text/plain' given [text/plain, application/json, application/x-jackson-smile, application/*+json, */*] and supported [*/*, application/json, application/*+json, application/x-ndjson, application/x-jackson-smile, application/*+x-jackson-smile, text/event-stream]
03:15:36.922 [qtp1861528784-2497] DEBUG o.s.w.r.r.m.a.ResponseBodyResultHandler - [94e311a] 0..N [java.nio.ByteBuffer]
03:15:36.923 [qtp1861528784-2497] DEBUG o.s.c.c.ByteBufferEncoder - [94e311a] Writing 6 bytes
03:15:36.923 [Test worker] DEBUG o.s.w.c.RestTemplate - Response 200 OK
03:15:36.923 [qtp1861528784-2497] DEBUG o.s.w.s.a.HttpWebHandlerAdapter - [94e311a] Completed 200 OK
03:15:36.923 [Test worker] DEBUG o.s.w.c.RestTemplate - Reading to [java.lang.String] as "text/plain"
03:15:36.924 [Test worker] DEBUG o.s.w.t.h.s.r.b.JettyHttpServer - Stopping JettyHttpServer...
03:15:36.924 [Test worker] INFO  o.e.j.s.h.ContextHandler - Stopped o.e.j.s.ServletContextHandler@23782d85{/,null,UNAVAILABLE}
03:15:36.925 [Test worker] INFO  o.e.j.s.AbstractConnector - Stopped ServerConnector@143923aa{HTTP/1.1, (http/1.1)}{0.0.0.0:0}
03:15:36.926 [Test worker] DEBUG o.s.w.t.h.s.r.b.JettyHttpServer - Server stopped (0 millis).
03:15:36.959 [Test worker] DEBUG o.s.w.r.r.m.a.RequestMappingHandlerMapping - 34 mappings in 'requestMappingHandlerMapping'
03:15:36.974 [Test worker] DEBUG o.s.w.r.r.m.a.ControllerMethodResolver - ControllerAdvice beans: none
03:15:36.987 [Test worker] DEBUG o.s.w.s.a.HttpWebHandlerAdapter - enableLoggingRequestDetails='false': form data and headers will be masked to prevent unsafe logging of potentially sensitive data
03:15:36.987 [Test worker] DEBUG o.s.w.t.h.s.r.b.ReactorHttpServer - Starting ReactorHttpServer...
03:15:36.988 [Test worker] DEBUG o.s.w.t.h.s.r.b.ReactorHttpServer - Server started on port 63407(0 millis).
03:15:36.988 [Test worker] DEBUG o.s.w.c.RestTemplate - HTTP GET http://localhost:63407/raw-response/flowable
03:15:36.989 [Test worker] DEBUG o.s.w.c.RestTemplate - Accept=[text/plain, application/json, application/x-jackson-smile, application/*+json, */*]
03:15:36.991 [reactor-http-nio-2] DEBUG o.s.w.s.a.HttpWebHandlerAdapter - [914c0cbf-64] HTTP GET "/raw-response/flowable"
03:15:36.992 [reactor-http-nio-2] DEBUG o.s.w.r.r.m.a.RequestMappingHandlerMapping - [914c0cbf-64] Mapped to org.springframework.web.reactive.result.method.annotation.RequestMappingMessageConversionIntegrationTests$RawResponseBodyController#getFlowable()
03:15:36.993 [reactor-http-nio-2] DEBUG o.s.w.r.r.m.a.ResponseBodyResultHandler - Using 'text/plain' given [text/plain, application/json, application/x-jackson-smile, application/*+json, */*] and supported [*/*, application/json, application/*+json, application/x-ndjson, application/x-jackson-smile, application/*+x-jackson-smile, text/event-stream]
03:15:36.993 [reactor-http-nio-2] DEBUG o.s.w.r.r.m.a.ResponseBodyResultHandler - [914c0cbf-64] 0..N [java.nio.ByteBuffer]
03:15:36.993 [reactor-http-nio-2] DEBUG o.s.c.c.ByteBufferEncoder - [914c0cbf-64] Writing 6 bytes
03:15:36.993 [Test worker] DEBUG o.s.w.c.RestTemplate - Response 200 OK
03:15:36.994 [Test worker] DEBUG o.s.w.c.RestTemplate - Reading to [java.lang.String] as "text/plain"
03:15:36.994 [reactor-http-nio-2] DEBUG o.s.w.s.a.HttpWebHandlerAdapter - [914c0cbf-64] Completed 200 OK
03:15:36.995 [Test worker] DEBUG o.s.w.t.h.s.r.b.ReactorHttpServer - Stopping ReactorHttpServer...
03:15:36.995 [Test worker] DEBUG o.s.w.t.h.s.r.b.ReactorHttpServer - Server stopped (0 millis).
03:15:37.025 [Test worker] DEBUG o.s.w.r.r.m.a.RequestMappingHandlerMapping - 34 mappings in 'requestMappingHandlerMapping'
03:15:37.039 [Test worker] DEBUG o.s.w.r.r.m.a.ControllerMethodResolver - ControllerAdvice beans: none
03:15:37.050 [Test worker] DEBUG o.s.w.s.a.HttpWebHandlerAdapter - enableLoggingRequestDetails='false': form data and headers will be masked to prevent unsafe logging of potentially sensitive data
03:15:37.051 [Test worker] DEBUG o.s.w.t.h.s.r.b.TomcatHttpServer - Starting TomcatHttpServer...
03:15:37.060 [Test worker] DEBUG o.s.w.t.h.s.r.b.TomcatHttpServer - Server started on port 63409(0 millis).
03:15:37.060 [Test worker] DEBUG o.s.w.c.RestTemplate - HTTP GET http://localhost:63409/raw-response/flowable
03:15:37.060 [Test worker] DEBUG o.s.w.c.RestTemplate - Accept=[text/plain, application/json, application/x-jackson-smile, application/*+json, */*]
03:15:37.066 [http-nio-auto-61-exec-1] DEBUG o.s.w.s.a.HttpWebHandlerAdapter - [1f834003] HTTP GET "/raw-response/flowable"
03:15:37.066 [http-nio-auto-61-exec-1] DEBUG o.s.w.r.r.m.a.RequestMappingHandlerMapping - [1f834003] Mapped to org.springframework.web.reactive.result.method.annotation.RequestMappingMessageConversionIntegrationTests$RawResponseBodyController#getFlowable()
03:15:37.067 [http-nio-auto-61-exec-1] DEBUG o.s.w.r.r.m.a.ResponseBodyResultHandler - Using 'text/plain' given [text/plain, application/json, application/x-jackson-smile, application/*+json, */*] and supported [*/*, application/json, application/*+json, application/x-ndjson, application/x-jackson-smile, application/*+x-jackson-smile, text/event-stream]
03:15:37.067 [http-nio-auto-61-exec-1] DEBUG o.s.w.r.r.m.a.ResponseBodyResultHandler - [1f834003] 0..N [java.nio.ByteBuffer]
03:15:37.067 [http-nio-auto-61-exec-1] DEBUG o.s.c.c.ByteBufferEncoder - [1f834003] Writing 6 bytes
03:15:37.068 [http-nio-auto-61-exec-1] DEBUG o.s.w.s.a.HttpWebHandlerAdapter - [1f834003] Completed 200 OK
03:15:37.068 [Test worker] DEBUG o.s.w.c.RestTemplate - Response 200 OK
03:15:37.068 [Test worker] DEBUG o.s.w.c.RestTemplate - Reading to [java.lang.String] as "text/plain"
03:15:37.068 [Test worker] DEBUG o.s.w.t.h.s.r.b.TomcatHttpServer - Stopping TomcatHttpServer...
03:15:37.258 [Test worker] DEBUG o.s.w.t.h.s.r.b.TomcatHttpServer - Server stopped (0 millis).
03:15:37.303 [Test worker] DEBUG o.s.w.r.r.m.a.RequestMappingHandlerMapping - 34 mappings in 'requestMappingHandlerMapping'
03:15:37.326 [Test worker] DEBUG o.s.w.r.r.m.a.ControllerMethodResolver - ControllerAdvice beans: none
03:15:37.347 [Test worker] DEBUG o.s.w.s.a.HttpWebHandlerAdapter - enableLoggingRequestDetails='false': form data and headers will be masked to prevent unsafe logging of potentially sensitive data
03:15:37.347 [Test worker] DEBUG o.s.w.t.h.s.r.b.UndertowHttpServer - Starting UndertowHttpServer...
03:15:37.347 [Test worker] INFO  i.undertow - starting server: Undertow - 2.1.3.Final
03:15:37.356 [Test worker] DEBUG o.s.w.t.h.s.r.b.UndertowHttpServer - Server started on port 63426(0 millis).
03:15:37.356 [Test worker] DEBUG o.s.w.c.RestTemplate - HTTP GET http://localhost:63426/raw-response/flowable
03:15:37.357 [Test worker] DEBUG o.s.w.c.RestTemplate - Accept=[text/plain, application/json, application/x-jackson-smile, application/*+json, */*]
03:15:37.360 [XNIO-60 I/O-2] DEBUG o.s.w.s.a.HttpWebHandlerAdapter - [73da28d9] HTTP GET "/raw-response/flowable"
03:15:37.361 [XNIO-60 I/O-2] DEBUG o.s.w.r.r.m.a.RequestMappingHandlerMapping - [73da28d9] Mapped to org.springframework.web.reactive.result.method.annotation.RequestMappingMessageConversionIntegrationTests$RawResponseBodyController#getFlowable()
03:15:37.362 [XNIO-60 I/O-2] DEBUG o.s.w.r.r.m.a.ResponseBodyResultHandler - Using 'text/plain' given [text/plain, application/json, application/x-jackson-smile, application/*+json, */*] and supported [*/*, application/json, application/*+json, application/x-ndjson, application/x-jackson-smile, application/*+x-jackson-smile, text/event-stream]
03:15:37.362 [XNIO-60 I/O-2] DEBUG o.s.w.r.r.m.a.ResponseBodyResultHandler - [73da28d9] 0..N [java.nio.ByteBuffer]
03:15:37.362 [XNIO-60 I/O-2] DEBUG o.s.c.c.ByteBufferEncoder - [73da28d9] Writing 6 bytes
03:15:37.363 [XNIO-60 I/O-2] DEBUG o.s.w.s.a.HttpWebHandlerAdapter - [73da28d9] Completed 200 OK
03:15:37.363 [Test worker] DEBUG o.s.w.c.RestTemplate - Response 200 OK
03:15:37.363 [Test worker] DEBUG o.s.w.c.RestTemplate - Reading to [java.lang.String] as "text/plain"
03:15:37.364 [Test worker] DEBUG o.s.w.t.h.s.r.b.UndertowHttpServer - Stopping UndertowHttpServer...
03:15:37.364 [Test worker] INFO  i.undertow - stopping server: Undertow - 2.1.3.Final
03:15:37.367 [Test worker] DEBUG o.s.w.t.h.s.r.b.UndertowHttpServer - Server stopped (0 millis).
03:15:37.441 [Test worker] DEBUG o.s.w.r.r.m.a.RequestMappingHandlerMapping - 34 mappings in 'requestMappingHandlerMapping'
03:15:37.466 [Test worker] DEBUG o.s.w.r.r.m.a.ControllerMethodResolver - ControllerAdvice beans: none
03:15:37.486 [Test worker] DEBUG o.s.w.s.a.HttpWebHandlerAdapter - enableLoggingRequestDetails='false': form data and headers will be masked to prevent unsafe logging of potentially sensitive data
03:15:37.486 [Test worker] WARN  o.e.j.s.h.ContextHandler - Empty contextPath
03:15:37.487 [Test worker] INFO  o.e.j.s.h.ContextHandler - Started o.e.j.s.ServletContextHandler@5c55e592{/,null,AVAILABLE}
03:15:37.487 [Test worker] DEBUG o.s.w.t.h.s.r.b.JettyHttpServer - Starting JettyHttpServer...
03:15:37.487 [Test worker] INFO  o.e.j.s.Server - jetty-9.4.31.v20200723; built: 2020-07-23T17:57:36.812Z; git: 450ba27947e13e66baa8cd1ce7e85a4461cacc1d; jvm 1.8.0_261-b12
03:15:37.492 [Test worker] INFO  o.e.j.s.AbstractConnector - Started ServerConnector@7af18af1{HTTP/1.1, (http/1.1)}{0.0.0.0:63428}
03:15:37.492 [Test worker] INFO  o.e.j.s.Server - Started @169103ms
03:15:37.492 [Test worker] DEBUG o.s.w.t.h.s.r.b.JettyHttpServer - Server started on port 63428(0 millis).
03:15:37.492 [Test worker] DEBUG o.s.w.c.RestTemplate - HTTP POST http://localhost:63428/person-transform/flux
03:15:37.492 [Test worker] DEBUG o.s.w.c.RestTemplate - Accept=[application/json, application/x-jackson-smile, application/*+json]
03:15:37.493 [Test worker] DEBUG o.s.w.c.RestTemplate - Writing [[Person{name='Robert'}, Person{name='Marie'}]] as "application/json"
03:15:37.496 [qtp870042272-2538] DEBUG o.s.w.s.a.HttpWebHandlerAdapter - [2e8e97eb] HTTP POST "/person-transform/flux"
03:15:37.496 [qtp870042272-2538] DEBUG o.s.w.r.r.m.a.RequestMappingHandlerMapping - [2e8e97eb] Mapped to org.springframework.web.reactive.result.method.annotation.RequestMappingMessageConversionIntegrationTests$PersonTransformationController#transformFlux(Flux)
03:15:37.497 [qtp870042272-2538] DEBUG o.s.w.r.r.m.a.RequestBodyMethodArgumentResolver - [2e8e97eb] Content-Type:application/json
03:15:37.497 [qtp870042272-2538] DEBUG o.s.w.r.r.m.a.RequestBodyMethodArgumentResolver - [2e8e97eb] 0..N [org.springframework.web.reactive.result.method.annotation.RequestMappingMessageConversionIntegrationTests$Person]
03:15:37.499 [qtp870042272-2538] DEBUG o.s.w.r.r.m.a.ResponseBodyResultHandler - Using 'application/json' given [application/json] and supported [application/json, application/*+json, application/x-ndjson, application/x-jackson-smile, application/*+x-jackson-smile, application/xml, text/xml, text/event-stream]
03:15:37.499 [qtp870042272-2538] DEBUG o.s.w.r.r.m.a.ResponseBodyResultHandler - [2e8e97eb] 0..N [org.springframework.web.reactive.result.method.annotation.RequestMappingMessageConversionIntegrationTests$Person]
03:15:37.500 [qtp870042272-2538] DEBUG o.s.h.c.j.Jackson2JsonDecoder - [2e8e97eb] Decoded [Person{name='Robert'}]
03:15:37.500 [qtp870042272-2538] DEBUG o.s.h.c.j.Jackson2JsonDecoder - [2e8e97eb] Decoded [Person{name='Marie'}]
03:15:37.501 [qtp870042272-2538] DEBUG o.s.h.c.j.Jackson2JsonEncoder - [2e8e97eb] Encoding [[Person{name='ROBERT'}, Person{name='MARIE'}]]
03:15:37.501 [Test worker] DEBUG o.s.w.c.RestTemplate - Response 200 OK
03:15:37.502 [Test worker] DEBUG o.s.w.c.RestTemplate - Reading to [java.util.List<org.springframework.web.reactive.result.method.annotation.RequestMappingMessageConversionIntegrationTests$Person>]
03:15:37.503 [Test worker] DEBUG o.s.w.t.h.s.r.b.JettyHttpServer - Stopping JettyHttpServer...
03:15:37.503 [Test worker] INFO  o.e.j.s.h.ContextHandler - Stopped o.e.j.s.ServletContextHandler@5c55e592{/,null,UNAVAILABLE}
03:15:37.503 [qtp870042272-2538] DEBUG o.s.w.s.a.HttpWebHandlerAdapter - [2e8e97eb] Completed 200 OK
03:15:37.506 [Test worker] INFO  o.e.j.s.AbstractConnector - Stopped ServerConnector@7af18af1{HTTP/1.1, (http/1.1)}{0.0.0.0:0}
03:15:37.507 [Test worker] DEBUG o.s.w.t.h.s.r.b.JettyHttpServer - Server stopped (0 millis).
03:15:37.552 [Test worker] DEBUG o.s.w.r.r.m.a.RequestMappingHandlerMapping - 34 mappings in 'requestMappingHandlerMapping'
03:15:37.573 [Test worker] DEBUG o.s.w.r.r.m.a.ControllerMethodResolver - ControllerAdvice beans: none
03:15:37.590 [Test worker] DEBUG o.s.w.s.a.HttpWebHandlerAdapter - enableLoggingRequestDetails='false': form data and headers will be masked to prevent unsafe logging of potentially sensitive data
03:15:37.591 [Test worker] DEBUG o.s.w.t.h.s.r.b.ReactorHttpServer - Starting ReactorHttpServer...
03:15:37.591 [Test worker] DEBUG o.s.w.t.h.s.r.b.ReactorHttpServer - Server started on port 63434(0 millis).
03:15:37.592 [Test worker] DEBUG o.s.w.c.RestTemplate - HTTP POST http://localhost:63434/person-transform/flux
03:15:37.592 [Test worker] DEBUG o.s.w.c.RestTemplate - Accept=[application/json, application/x-jackson-smile, application/*+json]
03:15:37.592 [Test worker] DEBUG o.s.w.c.RestTemplate - Writing [[Person{name='Robert'}, Person{name='Marie'}]] as "application/json"
03:15:37.596 [reactor-http-nio-4] DEBUG o.s.w.s.a.HttpWebHandlerAdapter - [df5d49dc-65] HTTP POST "/person-transform/flux"
03:15:37.597 [reactor-http-nio-4] DEBUG o.s.w.r.r.m.a.RequestMappingHandlerMapping - [df5d49dc-65] Mapped to org.springframework.web.reactive.result.method.annotation.RequestMappingMessageConversionIntegrationTests$PersonTransformationController#transformFlux(Flux)
03:15:37.597 [reactor-http-nio-4] DEBUG o.s.w.r.r.m.a.RequestBodyMethodArgumentResolver - [df5d49dc-65] Content-Type:application/json
03:15:37.598 [reactor-http-nio-4] DEBUG o.s.w.r.r.m.a.RequestBodyMethodArgumentResolver - [df5d49dc-65] 0..N [org.springframework.web.reactive.result.method.annotation.RequestMappingMessageConversionIntegrationTests$Person]
03:15:37.599 [reactor-http-nio-4] DEBUG o.s.w.r.r.m.a.ResponseBodyResultHandler - Using 'application/json' given [application/json] and supported [application/json, application/*+json, application/x-ndjson, application/x-jackson-smile, application/*+x-jackson-smile, application/xml, text/xml, text/event-stream]
03:15:37.599 [reactor-http-nio-4] DEBUG o.s.w.r.r.m.a.ResponseBodyResultHandler - [df5d49dc-65] 0..N [org.springframework.web.reactive.result.method.annotation.RequestMappingMessageConversionIntegrationTests$Person]
03:15:37.599 [reactor-http-nio-4] DEBUG o.s.h.c.j.Jackson2JsonDecoder - [df5d49dc-65] Decoded [Person{name='Robert'}]
03:15:37.599 [reactor-http-nio-4] DEBUG o.s.h.c.j.Jackson2JsonDecoder - [df5d49dc-65] Decoded [Person{name='Marie'}]
03:15:37.600 [reactor-http-nio-4] DEBUG o.s.h.c.j.Jackson2JsonEncoder - [df5d49dc-65] Encoding [[Person{name='ROBERT'}, Person{name='MARIE'}]]
03:15:37.601 [Test worker] DEBUG o.s.w.c.RestTemplate - Response 200 OK
03:15:37.601 [Test worker] DEBUG o.s.w.c.RestTemplate - Reading to [java.util.List<org.springframework.web.reactive.result.method.annotation.RequestMappingMessageConversionIntegrationTests$Person>]
03:15:37.601 [reactor-http-nio-4] DEBUG o.s.w.s.a.HttpWebHandlerAdapter - [df5d49dc-65] Completed 200 OK
03:15:37.602 [Test worker] DEBUG o.s.w.t.h.s.r.b.ReactorHttpServer - Stopping ReactorHttpServer...
03:15:37.603 [Test worker] DEBUG o.s.w.t.h.s.r.b.ReactorHttpServer - Server stopped (0 millis).
03:15:37.650 [Test worker] DEBUG o.s.w.r.r.m.a.RequestMappingHandlerMapping - 34 mappings in 'requestMappingHandlerMapping'
03:15:37.679 [Test worker] DEBUG o.s.w.r.r.m.a.ControllerMethodResolver - ControllerAdvice beans: none
03:15:37.695 [Test worker] DEBUG o.s.w.s.a.HttpWebHandlerAdapter - enableLoggingRequestDetails='false': form data and headers will be masked to prevent unsafe logging of potentially sensitive data
03:15:37.696 [Test worker] DEBUG o.s.w.t.h.s.r.b.TomcatHttpServer - Starting TomcatHttpServer...
03:15:37.708 [Test worker] DEBUG o.s.w.t.h.s.r.b.TomcatHttpServer - Server started on port 63436(0 millis).
03:15:37.709 [Test worker] DEBUG o.s.w.c.RestTemplate - HTTP POST http://localhost:63436/person-transform/flux
03:15:37.709 [Test worker] DEBUG o.s.w.c.RestTemplate - Accept=[application/json, application/x-jackson-smile, application/*+json]
03:15:37.710 [Test worker] DEBUG o.s.w.c.RestTemplate - Writing [[Person{name='Robert'}, Person{name='Marie'}]] as "application/json"
03:15:37.718 [http-nio-auto-62-exec-1] DEBUG o.s.w.s.a.HttpWebHandlerAdapter - [6d2a5b0f] HTTP POST "/person-transform/flux"
03:15:37.718 [http-nio-auto-62-exec-1] DEBUG o.s.w.r.r.m.a.RequestMappingHandlerMapping - [6d2a5b0f] Mapped to org.springframework.web.reactive.result.method.annotation.RequestMappingMessageConversionIntegrationTests$PersonTransformationController#transformFlux(Flux)
03:15:37.718 [http-nio-auto-62-exec-1] DEBUG o.s.w.r.r.m.a.RequestBodyMethodArgumentResolver - [6d2a5b0f] Content-Type:application/json
03:15:37.719 [http-nio-auto-62-exec-1] DEBUG o.s.w.r.r.m.a.RequestBodyMethodArgumentResolver - [6d2a5b0f] 0..N [org.springframework.web.reactive.result.method.annotation.RequestMappingMessageConversionIntegrationTests$Person]
03:15:37.720 [http-nio-auto-62-exec-1] DEBUG o.s.w.r.r.m.a.ResponseBodyResultHandler - Using 'application/json' given [application/json] and supported [application/json, application/*+json, application/x-ndjson, application/x-jackson-smile, application/*+x-jackson-smile, application/xml, text/xml, text/event-stream]
03:15:37.720 [http-nio-auto-62-exec-1] DEBUG o.s.w.r.r.m.a.ResponseBodyResultHandler - [6d2a5b0f] 0..N [org.springframework.web.reactive.result.method.annotation.RequestMappingMessageConversionIntegrationTests$Person]
03:15:37.720 [http-nio-auto-62-exec-1] DEBUG o.s.h.c.j.Jackson2JsonDecoder - [6d2a5b0f] Decoded [Person{name='Robert'}]
03:15:37.720 [http-nio-auto-62-exec-1] DEBUG o.s.h.c.j.Jackson2JsonDecoder - [6d2a5b0f] Decoded [Person{name='Marie'}]
03:15:37.721 [http-nio-auto-62-exec-1] DEBUG o.s.h.c.j.Jackson2JsonEncoder - [6d2a5b0f] Encoding [[Person{name='ROBERT'}, Person{name='MARIE'}]]
03:15:37.721 [Test worker] DEBUG o.s.w.c.RestTemplate - Response 200 OK
03:15:37.721 [Test worker] DEBUG o.s.w.c.RestTemplate - Reading to [java.util.List<org.springframework.web.reactive.result.method.annotation.RequestMappingMessageConversionIntegrationTests$Person>]
03:15:37.722 [Test worker] DEBUG o.s.w.t.h.s.r.b.TomcatHttpServer - Stopping TomcatHttpServer...
03:15:37.722 [http-nio-auto-62-exec-1] DEBUG o.s.w.s.a.HttpWebHandlerAdapter - [6d2a5b0f] Completed 200 OK
03:15:37.960 [Test worker] DEBUG o.s.w.t.h.s.r.b.TomcatHttpServer - Server stopped (0 millis).
03:15:38.007 [Test worker] DEBUG o.s.w.r.r.m.a.RequestMappingHandlerMapping - 34 mappings in 'requestMappingHandlerMapping'
03:15:38.027 [Test worker] DEBUG o.s.w.r.r.m.a.ControllerMethodResolver - ControllerAdvice beans: none
03:15:38.044 [Test worker] DEBUG o.s.w.s.a.HttpWebHandlerAdapter - enableLoggingRequestDetails='false': form data and headers will be masked to prevent unsafe logging of potentially sensitive data
03:15:38.044 [Test worker] DEBUG o.s.w.t.h.s.r.b.UndertowHttpServer - Starting UndertowHttpServer...
03:15:38.044 [Test worker] INFO  i.undertow - starting server: Undertow - 2.1.3.Final
03:15:38.051 [Test worker] DEBUG o.s.w.t.h.s.r.b.UndertowHttpServer - Server started on port 63454(0 millis).
03:15:38.051 [Test worker] DEBUG o.s.w.c.RestTemplate - HTTP POST http://localhost:63454/person-transform/flux
03:15:38.052 [Test worker] DEBUG o.s.w.c.RestTemplate - Accept=[application/json, application/x-jackson-smile, application/*+json]
03:15:38.052 [Test worker] DEBUG o.s.w.c.RestTemplate - Writing [[Person{name='Robert'}, Person{name='Marie'}]] as "application/json"
03:15:38.057 [XNIO-61 I/O-1] DEBUG o.s.w.s.a.HttpWebHandlerAdapter - [7cc1805] HTTP POST "/person-transform/flux"
03:15:38.058 [XNIO-61 I/O-1] DEBUG o.s.w.r.r.m.a.RequestMappingHandlerMapping - [7cc1805] Mapped to org.springframework.web.reactive.result.method.annotation.RequestMappingMessageConversionIntegrationTests$PersonTransformationController#transformFlux(Flux)
03:15:38.058 [XNIO-61 I/O-1] DEBUG o.s.w.r.r.m.a.RequestBodyMethodArgumentResolver - [7cc1805] Content-Type:application/json
03:15:38.059 [XNIO-61 I/O-1] DEBUG o.s.w.r.r.m.a.RequestBodyMethodArgumentResolver - [7cc1805] 0..N [org.springframework.web.reactive.result.method.annotation.RequestMappingMessageConversionIntegrationTests$Person]
03:15:38.060 [XNIO-61 I/O-1] DEBUG o.s.w.r.r.m.a.ResponseBodyResultHandler - Using 'application/json' given [application/json] and supported [application/json, application/*+json, application/x-ndjson, application/x-jackson-smile, application/*+x-jackson-smile, application/xml, text/xml, text/event-stream]
03:15:38.060 [XNIO-61 I/O-1] DEBUG o.s.w.r.r.m.a.ResponseBodyResultHandler - [7cc1805] 0..N [org.springframework.web.reactive.result.method.annotation.RequestMappingMessageConversionIntegrationTests$Person]
03:15:38.060 [XNIO-61 I/O-1] DEBUG o.s.h.c.j.Jackson2JsonDecoder - [7cc1805] Decoded [Person{name='Robert'}]
03:15:38.060 [XNIO-61 I/O-1] DEBUG o.s.h.c.j.Jackson2JsonDecoder - [7cc1805] Decoded [Person{name='Marie'}]
03:15:38.061 [XNIO-61 I/O-1] DEBUG o.s.h.c.j.Jackson2JsonEncoder - [7cc1805] Encoding [[Person{name='ROBERT'}, Person{name='MARIE'}]]
03:15:38.061 [XNIO-61 I/O-1] DEBUG o.s.w.s.a.HttpWebHandlerAdapter - [7cc1805] Completed 200 OK
03:15:38.062 [Test worker] DEBUG o.s.w.c.RestTemplate - Response 200 OK
03:15:38.062 [Test worker] DEBUG o.s.w.c.RestTemplate - Reading to [java.util.List<org.springframework.web.reactive.result.method.annotation.RequestMappingMessageConversionIntegrationTests$Person>]
03:15:38.063 [Test worker] DEBUG o.s.w.t.h.s.r.b.UndertowHttpServer - Stopping UndertowHttpServer...
03:15:38.063 [Test worker] INFO  i.undertow - stopping server: Undertow - 2.1.3.Final
03:15:38.065 [Test worker] DEBUG o.s.w.t.h.s.r.b.UndertowHttpServer - Server stopped (0 millis).
03:15:38.130 [Test worker] DEBUG o.s.w.r.r.m.a.RequestMappingHandlerMapping - 34 mappings in 'requestMappingHandlerMapping'
03:15:38.145 [Test worker] DEBUG o.s.w.r.r.m.a.ControllerMethodResolver - ControllerAdvice beans: none
03:15:38.159 [Test worker] DEBUG o.s.w.s.a.HttpWebHandlerAdapter - enableLoggingRequestDetails='false': form data and headers will be masked to prevent unsafe logging of potentially sensitive data
03:15:38.159 [Test worker] WARN  o.e.j.s.h.ContextHandler - Empty contextPath
03:15:38.160 [Test worker] INFO  o.e.j.s.h.ContextHandler - Started o.e.j.s.ServletContextHandler@27da3321{/,null,AVAILABLE}
03:15:38.160 [Test worker] DEBUG o.s.w.t.h.s.r.b.JettyHttpServer - Starting JettyHttpServer...
03:15:38.160 [Test worker] INFO  o.e.j.s.Server - jetty-9.4.31.v20200723; built: 2020-07-23T17:57:36.812Z; git: 450ba27947e13e66baa8cd1ce7e85a4461cacc1d; jvm 1.8.0_261-b12
03:15:38.164 [Test worker] INFO  o.e.j.s.AbstractConnector - Started ServerConnector@5ae38f82{HTTP/1.1, (http/1.1)}{0.0.0.0:63456}
03:15:38.164 [Test worker] INFO  o.e.j.s.Server - Started @169776ms
03:15:38.165 [Test worker] DEBUG o.s.w.t.h.s.r.b.JettyHttpServer - Server started on port 63456(0 millis).
03:15:38.165 [Test worker] DEBUG o.s.w.c.RestTemplate - HTTP POST http://localhost:63456/person-transform/mono
03:15:38.165 [Test worker] DEBUG o.s.w.c.RestTemplate - Accept=[application/xml, text/xml, application/json, application/x-jackson-smile, application/*+xml, application/*+json]
03:15:38.166 [Test worker] DEBUG o.s.w.c.RestTemplate - Writing [Person{name='Robert'}] as "application/json"
03:15:38.169 [qtp961185711-2579] DEBUG o.s.w.s.a.HttpWebHandlerAdapter - [2f011994] HTTP POST "/person-transform/mono"
03:15:38.169 [qtp961185711-2579] DEBUG o.s.w.r.r.m.a.RequestMappingHandlerMapping - [2f011994] Mapped to org.springframework.web.reactive.result.method.annotation.RequestMappingMessageConversionIntegrationTests$PersonTransformationController#transformMono(Mono)
03:15:38.170 [qtp961185711-2579] DEBUG o.s.w.r.r.m.a.RequestBodyMethodArgumentResolver - [2f011994] Content-Type:application/json
03:15:38.171 [qtp961185711-2579] DEBUG o.s.w.r.r.m.a.RequestBodyMethodArgumentResolver - [2f011994] 0..1 [org.springframework.web.reactive.result.method.annotation.RequestMappingMessageConversionIntegrationTests$Person]
03:15:38.173 [qtp961185711-2579] DEBUG o.s.w.r.r.m.a.ResponseBodyResultHandler - Using 'application/json' given [application/json] and supported [application/json, application/*+json, application/x-ndjson, application/x-jackson-smile, application/*+x-jackson-smile, application/xml, text/xml, text/event-stream]
03:15:38.173 [qtp961185711-2579] DEBUG o.s.w.r.r.m.a.ResponseBodyResultHandler - [2f011994] 0..1 [org.springframework.web.reactive.result.method.annotation.RequestMappingMessageConversionIntegrationTests$Person]
03:15:38.174 [qtp961185711-2579] DEBUG o.s.h.c.j.Jackson2JsonDecoder - [2f011994] Decoded [Person{name='Robert'}]
03:15:38.174 [qtp961185711-2579] DEBUG o.s.h.c.j.Jackson2JsonEncoder - [2f011994] Encoding [Person{name='ROBERT'}]
03:15:38.175 [Test worker] DEBUG o.s.w.c.RestTemplate - Response 200 OK
03:15:38.175 [qtp961185711-2579] DEBUG o.s.w.s.a.HttpWebHandlerAdapter - [2f011994] Completed 200 OK
03:15:38.175 [Test worker] DEBUG o.s.w.c.RestTemplate - Reading to [org.springframework.web.reactive.result.method.annotation.RequestMappingMessageConversionIntegrationTests$Person]
03:15:38.175 [Test worker] DEBUG o.s.w.t.h.s.r.b.JettyHttpServer - Stopping JettyHttpServer...
03:15:38.175 [Test worker] INFO  o.e.j.s.h.ContextHandler - Stopped o.e.j.s.ServletContextHandler@27da3321{/,null,UNAVAILABLE}
03:15:38.177 [Test worker] INFO  o.e.j.s.AbstractConnector - Stopped ServerConnector@5ae38f82{HTTP/1.1, (http/1.1)}{0.0.0.0:0}
03:15:38.178 [Test worker] DEBUG o.s.w.t.h.s.r.b.JettyHttpServer - Server stopped (0 millis).
03:15:38.220 [Test worker] DEBUG o.s.w.r.r.m.a.RequestMappingHandlerMapping - 34 mappings in 'requestMappingHandlerMapping'
03:15:38.234 [Test worker] DEBUG o.s.w.r.r.m.a.ControllerMethodResolver - ControllerAdvice beans: none
03:15:38.246 [Test worker] DEBUG o.s.w.s.a.HttpWebHandlerAdapter - enableLoggingRequestDetails='false': form data and headers will be masked to prevent unsafe logging of potentially sensitive data
03:15:38.246 [Test worker] DEBUG o.s.w.t.h.s.r.b.ReactorHttpServer - Starting ReactorHttpServer...
03:15:38.247 [Test worker] DEBUG o.s.w.t.h.s.r.b.ReactorHttpServer - Server started on port 63462(0 millis).
03:15:38.247 [Test worker] DEBUG o.s.w.c.RestTemplate - HTTP POST http://localhost:63462/person-transform/mono
03:15:38.248 [Test worker] DEBUG o.s.w.c.RestTemplate - Accept=[application/xml, text/xml, application/json, application/x-jackson-smile, application/*+xml, application/*+json]
03:15:38.248 [Test worker] DEBUG o.s.w.c.RestTemplate - Writing [Person{name='Robert'}] as "application/json"
03:15:38.251 [reactor-http-nio-2] DEBUG o.s.w.s.a.HttpWebHandlerAdapter - [9ea84604-66] HTTP POST "/person-transform/mono"
03:15:38.251 [reactor-http-nio-2] DEBUG o.s.w.r.r.m.a.RequestMappingHandlerMapping - [9ea84604-66] Mapped to org.springframework.web.reactive.result.method.annotation.RequestMappingMessageConversionIntegrationTests$PersonTransformationController#transformMono(Mono)
03:15:38.252 [reactor-http-nio-2] DEBUG o.s.w.r.r.m.a.RequestBodyMethodArgumentResolver - [9ea84604-66] Content-Type:application/json
03:15:38.252 [reactor-http-nio-2] DEBUG o.s.w.r.r.m.a.RequestBodyMethodArgumentResolver - [9ea84604-66] 0..1 [org.springframework.web.reactive.result.method.annotation.RequestMappingMessageConversionIntegrationTests$Person]
03:15:38.253 [reactor-http-nio-2] DEBUG o.s.w.r.r.m.a.ResponseBodyResultHandler - Using 'application/json' given [application/json] and supported [application/json, application/*+json, application/x-ndjson, application/x-jackson-smile, application/*+x-jackson-smile, application/xml, text/xml, text/event-stream]
03:15:38.253 [reactor-http-nio-2] DEBUG o.s.w.r.r.m.a.ResponseBodyResultHandler - [9ea84604-66] 0..1 [org.springframework.web.reactive.result.method.annotation.RequestMappingMessageConversionIntegrationTests$Person]
03:15:38.253 [reactor-http-nio-2] DEBUG o.s.h.c.j.Jackson2JsonDecoder - [9ea84604-66] Decoded [Person{name='Robert'}]
03:15:38.254 [reactor-http-nio-2] DEBUG o.s.h.c.j.Jackson2JsonEncoder - [9ea84604-66] Encoding [Person{name='ROBERT'}]
03:15:38.254 [reactor-http-nio-2] DEBUG o.s.w.s.a.HttpWebHandlerAdapter - [9ea84604-66] Completed 200 OK
03:15:38.254 [Test worker] DEBUG o.s.w.c.RestTemplate - Response 200 OK
03:15:38.255 [Test worker] DEBUG o.s.w.c.RestTemplate - Reading to [org.springframework.web.reactive.result.method.annotation.RequestMappingMessageConversionIntegrationTests$Person]
03:15:38.255 [Test worker] DEBUG o.s.w.t.h.s.r.b.ReactorHttpServer - Stopping ReactorHttpServer...
03:15:38.255 [Test worker] DEBUG o.s.w.t.h.s.r.b.ReactorHttpServer - Server stopped (0 millis).
03:15:38.287 [Test worker] DEBUG o.s.w.r.r.m.a.RequestMappingHandlerMapping - 34 mappings in 'requestMappingHandlerMapping'
03:15:38.304 [Test worker] DEBUG o.s.w.r.r.m.a.ControllerMethodResolver - ControllerAdvice beans: none
03:15:38.327 [Test worker] DEBUG o.s.w.s.a.HttpWebHandlerAdapter - enableLoggingRequestDetails='false': form data and headers will be masked to prevent unsafe logging of potentially sensitive data
03:15:38.328 [Test worker] DEBUG o.s.w.t.h.s.r.b.TomcatHttpServer - Starting TomcatHttpServer...
03:15:38.336 [Test worker] DEBUG o.s.w.t.h.s.r.b.TomcatHttpServer - Server started on port 63464(0 millis).
03:15:38.336 [Test worker] DEBUG o.s.w.c.RestTemplate - HTTP POST http://localhost:63464/person-transform/mono
03:15:38.337 [Test worker] DEBUG o.s.w.c.RestTemplate - Accept=[application/xml, text/xml, application/json, application/x-jackson-smile, application/*+xml, application/*+json]
03:15:38.338 [Test worker] DEBUG o.s.w.c.RestTemplate - Writing [Person{name='Robert'}] as "application/json"
03:15:38.343 [http-nio-auto-63-exec-1] DEBUG o.s.w.s.a.HttpWebHandlerAdapter - [5a9b0a6a] HTTP POST "/person-transform/mono"
03:15:38.344 [http-nio-auto-63-exec-1] DEBUG o.s.w.r.r.m.a.RequestMappingHandlerMapping - [5a9b0a6a] Mapped to org.springframework.web.reactive.result.method.annotation.RequestMappingMessageConversionIntegrationTests$PersonTransformationController#transformMono(Mono)
03:15:38.344 [http-nio-auto-63-exec-1] DEBUG o.s.w.r.r.m.a.RequestBodyMethodArgumentResolver - [5a9b0a6a] Content-Type:application/json
03:15:38.345 [http-nio-auto-63-exec-1] DEBUG o.s.w.r.r.m.a.RequestBodyMethodArgumentResolver - [5a9b0a6a] 0..1 [org.springframework.web.reactive.result.method.annotation.RequestMappingMessageConversionIntegrationTests$Person]
03:15:38.346 [http-nio-auto-63-exec-1] DEBUG o.s.w.r.r.m.a.ResponseBodyResultHandler - Using 'application/json' given [application/json] and supported [application/json, application/*+json, application/x-ndjson, application/x-jackson-smile, application/*+x-jackson-smile, application/xml, text/xml, text/event-stream]
03:15:38.346 [http-nio-auto-63-exec-1] DEBUG o.s.w.r.r.m.a.ResponseBodyResultHandler - [5a9b0a6a] 0..1 [org.springframework.web.reactive.result.method.annotation.RequestMappingMessageConversionIntegrationTests$Person]
03:15:38.347 [http-nio-auto-63-exec-1] DEBUG o.s.h.c.j.Jackson2JsonDecoder - [5a9b0a6a] Decoded [Person{name='Robert'}]
03:15:38.347 [http-nio-auto-63-exec-1] DEBUG o.s.h.c.j.Jackson2JsonEncoder - [5a9b0a6a] Encoding [Person{name='ROBERT'}]
03:15:38.347 [http-nio-auto-63-exec-1] DEBUG o.s.w.s.a.HttpWebHandlerAdapter - [5a9b0a6a] Completed 200 OK
03:15:38.347 [Test worker] DEBUG o.s.w.c.RestTemplate - Response 200 OK
03:15:38.347 [Test worker] DEBUG o.s.w.c.RestTemplate - Reading to [org.springframework.web.reactive.result.method.annotation.RequestMappingMessageConversionIntegrationTests$Person]
03:15:38.348 [Test worker] DEBUG o.s.w.t.h.s.r.b.TomcatHttpServer - Stopping TomcatHttpServer...
03:15:38.525 [Test worker] DEBUG o.s.w.t.h.s.r.b.TomcatHttpServer - Server stopped (0 millis).
03:15:38.567 [Test worker] DEBUG o.s.w.r.r.m.a.RequestMappingHandlerMapping - 34 mappings in 'requestMappingHandlerMapping'
03:15:38.581 [Test worker] DEBUG o.s.w.r.r.m.a.ControllerMethodResolver - ControllerAdvice beans: none
03:15:38.593 [Test worker] DEBUG o.s.w.s.a.HttpWebHandlerAdapter - enableLoggingRequestDetails='false': form data and headers will be masked to prevent unsafe logging of potentially sensitive data
03:15:38.593 [Test worker] DEBUG o.s.w.t.h.s.r.b.UndertowHttpServer - Starting UndertowHttpServer...
03:15:38.593 [Test worker] INFO  i.undertow - starting server: Undertow - 2.1.3.Final
03:15:38.599 [Test worker] DEBUG o.s.w.t.h.s.r.b.UndertowHttpServer - Server started on port 63482(0 millis).
03:15:38.600 [Test worker] DEBUG o.s.w.c.RestTemplate - HTTP POST http://localhost:63482/person-transform/mono
03:15:38.600 [Test worker] DEBUG o.s.w.c.RestTemplate - Accept=[application/xml, text/xml, application/json, application/x-jackson-smile, application/*+xml, application/*+json]
03:15:38.601 [Test worker] DEBUG o.s.w.c.RestTemplate - Writing [Person{name='Robert'}] as "application/json"
03:15:38.604 [XNIO-62 I/O-1] DEBUG o.s.w.s.a.HttpWebHandlerAdapter - [70adfc0a] HTTP POST "/person-transform/mono"
03:15:38.604 [XNIO-62 I/O-1] DEBUG o.s.w.r.r.m.a.RequestMappingHandlerMapping - [70adfc0a] Mapped to org.springframework.web.reactive.result.method.annotation.RequestMappingMessageConversionIntegrationTests$PersonTransformationController#transformMono(Mono)
03:15:38.605 [XNIO-62 I/O-1] DEBUG o.s.w.r.r.m.a.RequestBodyMethodArgumentResolver - [70adfc0a] Content-Type:application/json
03:15:38.605 [XNIO-62 I/O-1] DEBUG o.s.w.r.r.m.a.RequestBodyMethodArgumentResolver - [70adfc0a] 0..1 [org.springframework.web.reactive.result.method.annotation.RequestMappingMessageConversionIntegrationTests$Person]
03:15:38.606 [XNIO-62 I/O-1] DEBUG o.s.w.r.r.m.a.ResponseBodyResultHandler - Using 'application/json' given [application/json] and supported [application/json, application/*+json, application/x-ndjson, application/x-jackson-smile, application/*+x-jackson-smile, application/xml, text/xml, text/event-stream]
03:15:38.606 [XNIO-62 I/O-1] DEBUG o.s.w.r.r.m.a.ResponseBodyResultHandler - [70adfc0a] 0..1 [org.springframework.web.reactive.result.method.annotation.RequestMappingMessageConversionIntegrationTests$Person]
03:15:38.607 [XNIO-62 I/O-1] DEBUG o.s.h.c.j.Jackson2JsonDecoder - [70adfc0a] Decoded [Person{name='Robert'}]
03:15:38.607 [XNIO-62 I/O-1] DEBUG o.s.h.c.j.Jackson2JsonEncoder - [70adfc0a] Encoding [Person{name='ROBERT'}]
03:15:38.608 [XNIO-62 I/O-1] DEBUG o.s.w.s.a.HttpWebHandlerAdapter - [70adfc0a] Completed 200 OK
03:15:38.608 [Test worker] DEBUG o.s.w.c.RestTemplate - Response 200 OK
03:15:38.608 [Test worker] DEBUG o.s.w.c.RestTemplate - Reading to [org.springframework.web.reactive.result.method.annotation.RequestMappingMessageConversionIntegrationTests$Person]
03:15:38.608 [Test worker] DEBUG o.s.w.t.h.s.r.b.UndertowHttpServer - Stopping UndertowHttpServer...
03:15:38.608 [Test worker] INFO  i.undertow - stopping server: Undertow - 2.1.3.Final
03:15:38.610 [Test worker] DEBUG o.s.w.t.h.s.r.b.UndertowHttpServer - Server stopped (0 millis).
03:15:38.663 [Test worker] DEBUG o.s.w.r.r.m.a.RequestMappingHandlerMapping - 34 mappings in 'requestMappingHandlerMapping'
03:15:38.679 [Test worker] DEBUG o.s.w.r.r.m.a.ControllerMethodResolver - ControllerAdvice beans: none
03:15:38.697 [Test worker] DEBUG o.s.w.s.a.HttpWebHandlerAdapter - enableLoggingRequestDetails='false': form data and headers will be masked to prevent unsafe logging of potentially sensitive data
03:15:38.697 [Test worker] WARN  o.e.j.s.h.ContextHandler - Empty contextPath
03:15:38.698 [Test worker] INFO  o.e.j.s.h.ContextHandler - Started o.e.j.s.ServletContextHandler@77f9be5b{/,null,AVAILABLE}
03:15:38.698 [Test worker] DEBUG o.s.w.t.h.s.r.b.JettyHttpServer - Starting JettyHttpServer...
03:15:38.698 [Test worker] INFO  o.e.j.s.Server - jetty-9.4.31.v20200723; built: 2020-07-23T17:57:36.812Z; git: 450ba27947e13e66baa8cd1ce7e85a4461cacc1d; jvm 1.8.0_261-b12
03:15:38.700 [Test worker] INFO  o.e.j.s.AbstractConnector - Started ServerConnector@7f4974f9{HTTP/1.1, (http/1.1)}{0.0.0.0:63496}
03:15:38.700 [Test worker] INFO  o.e.j.s.Server - Started @170312ms
03:15:38.700 [Test worker] DEBUG o.s.w.t.h.s.r.b.JettyHttpServer - Server started on port 63496(0 millis).
03:15:38.700 [Test worker] DEBUG o.s.w.c.RestTemplate - HTTP POST http://localhost:63496/person-transform/person
03:15:38.701 [Test worker] DEBUG o.s.w.c.RestTemplate - Accept=[application/xml, text/xml, application/json, application/x-jackson-smile, application/*+xml, application/*+json]
03:15:38.702 [Test worker] DEBUG o.s.w.c.RestTemplate - Writing [Person{name='Robert'}] as "application/json"
03:15:38.704 [qtp1438527601-2617] DEBUG o.s.w.s.a.HttpWebHandlerAdapter - [3d4676c9] HTTP POST "/person-transform/person"
03:15:38.704 [qtp1438527601-2617] DEBUG o.s.w.r.r.m.a.RequestMappingHandlerMapping - [3d4676c9] Mapped to org.springframework.web.reactive.result.method.annotation.RequestMappingMessageConversionIntegrationTests$PersonTransformationController#transformPerson(Person)
03:15:38.705 [qtp1438527601-2617] DEBUG o.s.w.r.r.m.a.RequestBodyMethodArgumentResolver - [3d4676c9] Content-Type:application/json
03:15:38.705 [qtp1438527601-2617] DEBUG o.s.w.r.r.m.a.RequestBodyMethodArgumentResolver - [3d4676c9] 0..1 [org.springframework.web.reactive.result.method.annotation.RequestMappingMessageConversionIntegrationTests$Person]
03:15:38.706 [qtp1438527601-2617] DEBUG o.s.h.c.j.Jackson2JsonDecoder - [3d4676c9] Decoded [Person{name='Robert'}]
03:15:38.706 [qtp1438527601-2617] DEBUG o.s.w.r.r.m.a.ResponseBodyResultHandler - Using 'application/json' given [application/json] and supported [application/json, application/*+json, application/x-ndjson, application/x-jackson-smile, application/*+x-jackson-smile, application/xml, text/xml, text/event-stream]
03:15:38.706 [qtp1438527601-2617] DEBUG o.s.w.r.r.m.a.ResponseBodyResultHandler - [3d4676c9] 0..1 [org.springframework.web.reactive.result.method.annotation.RequestMappingMessageConversionIntegrationTests$Person]
03:15:38.707 [qtp1438527601-2617] DEBUG o.s.h.c.j.Jackson2JsonEncoder - [3d4676c9] Encoding [Person{name='ROBERT'}]
03:15:38.707 [Test worker] DEBUG o.s.w.c.RestTemplate - Response 200 OK
03:15:38.707 [qtp1438527601-2617] DEBUG o.s.w.s.a.HttpWebHandlerAdapter - [3d4676c9] Completed 200 OK
03:15:38.707 [Test worker] DEBUG o.s.w.c.RestTemplate - Reading to [org.springframework.web.reactive.result.method.annotation.RequestMappingMessageConversionIntegrationTests$Person]
03:15:38.708 [Test worker] DEBUG o.s.w.t.h.s.r.b.JettyHttpServer - Stopping JettyHttpServer...
03:15:38.708 [Test worker] INFO  o.e.j.s.h.ContextHandler - Stopped o.e.j.s.ServletContextHandler@77f9be5b{/,null,UNAVAILABLE}
03:15:38.709 [Test worker] INFO  o.e.j.s.AbstractConnector - Stopped ServerConnector@7f4974f9{HTTP/1.1, (http/1.1)}{0.0.0.0:0}
03:15:38.710 [Test worker] DEBUG o.s.w.t.h.s.r.b.JettyHttpServer - Server stopped (0 millis).
03:15:38.747 [Test worker] DEBUG o.s.w.r.r.m.a.RequestMappingHandlerMapping - 34 mappings in 'requestMappingHandlerMapping'
03:15:38.808 [Test worker] DEBUG o.s.w.r.r.m.a.ControllerMethodResolver - ControllerAdvice beans: none
03:15:38.843 [Test worker] DEBUG o.s.w.s.a.HttpWebHandlerAdapter - enableLoggingRequestDetails='false': form data and headers will be masked to prevent unsafe logging of potentially sensitive data
03:15:38.846 [Test worker] DEBUG o.s.w.t.h.s.r.b.ReactorHttpServer - Starting ReactorHttpServer...
03:15:38.849 [Test worker] DEBUG o.s.w.t.h.s.r.b.ReactorHttpServer - Server started on port 63510(0 millis).
03:15:38.850 [Test worker] DEBUG o.s.w.c.RestTemplate - HTTP POST http://localhost:63510/person-transform/person
03:15:38.851 [Test worker] DEBUG o.s.w.c.RestTemplate - Accept=[application/xml, text/xml, application/json, application/x-jackson-smile, application/*+xml, application/*+json]
03:15:38.852 [Test worker] DEBUG o.s.w.c.RestTemplate - Writing [Person{name='Robert'}] as "application/json"
03:15:38.858 [reactor-http-nio-4] DEBUG o.s.w.s.a.HttpWebHandlerAdapter - [2871e4f1-67] HTTP POST "/person-transform/person"
03:15:38.859 [reactor-http-nio-4] DEBUG o.s.w.r.r.m.a.RequestMappingHandlerMapping - [2871e4f1-67] Mapped to org.springframework.web.reactive.result.method.annotation.RequestMappingMessageConversionIntegrationTests$PersonTransformationController#transformPerson(Person)
03:15:38.859 [reactor-http-nio-4] DEBUG o.s.w.r.r.m.a.RequestBodyMethodArgumentResolver - [2871e4f1-67] Content-Type:application/json
03:15:38.860 [reactor-http-nio-4] DEBUG o.s.w.r.r.m.a.RequestBodyMethodArgumentResolver - [2871e4f1-67] 0..1 [org.springframework.web.reactive.result.method.annotation.RequestMappingMessageConversionIntegrationTests$Person]
03:15:38.860 [reactor-http-nio-4] DEBUG o.s.h.c.j.Jackson2JsonDecoder - [2871e4f1-67] Decoded [Person{name='Robert'}]
03:15:38.862 [reactor-http-nio-4] DEBUG o.s.w.r.r.m.a.ResponseBodyResultHandler - Using 'application/json' given [application/json] and supported [application/json, application/*+json, application/x-ndjson, application/x-jackson-smile, application/*+x-jackson-smile, application/xml, text/xml, text/event-stream]
03:15:38.862 [reactor-http-nio-4] DEBUG o.s.w.r.r.m.a.ResponseBodyResultHandler - [2871e4f1-67] 0..1 [org.springframework.web.reactive.result.method.annotation.RequestMappingMessageConversionIntegrationTests$Person]
03:15:38.862 [reactor-http-nio-4] DEBUG o.s.h.c.j.Jackson2JsonEncoder - [2871e4f1-67] Encoding [Person{name='ROBERT'}]
03:15:38.863 [reactor-http-nio-4] DEBUG o.s.w.s.a.HttpWebHandlerAdapter - [2871e4f1-67] Completed 200 OK
03:15:38.864 [Test worker] DEBUG o.s.w.c.RestTemplate - Response 200 OK
03:15:38.864 [Test worker] DEBUG o.s.w.c.RestTemplate - Reading to [org.springframework.web.reactive.result.method.annotation.RequestMappingMessageConversionIntegrationTests$Person]
03:15:38.864 [Test worker] DEBUG o.s.w.t.h.s.r.b.ReactorHttpServer - Stopping ReactorHttpServer...
03:15:38.865 [Test worker] DEBUG o.s.w.t.h.s.r.b.ReactorHttpServer - Server stopped (0 millis).
03:15:39.043 [Test worker] DEBUG o.s.w.r.r.m.a.RequestMappingHandlerMapping - 34 mappings in 'requestMappingHandlerMapping'
03:15:39.207 [Test worker] DEBUG o.s.w.r.r.m.a.ControllerMethodResolver - ControllerAdvice beans: none
03:15:39.241 [Test worker] DEBUG o.s.w.s.a.HttpWebHandlerAdapter - enableLoggingRequestDetails='false': form data and headers will be masked to prevent unsafe logging of potentially sensitive data
03:15:39.244 [Test worker] DEBUG o.s.w.t.h.s.r.b.TomcatHttpServer - Starting TomcatHttpServer...
03:15:39.260 [Test worker] DEBUG o.s.w.t.h.s.r.b.TomcatHttpServer - Server started on port 63518(0 millis).
03:15:39.260 [Test worker] DEBUG o.s.w.c.RestTemplate - HTTP POST http://localhost:63518/person-transform/person
03:15:39.261 [Test worker] DEBUG o.s.w.c.RestTemplate - Accept=[application/xml, text/xml, application/json, application/x-jackson-smile, application/*+xml, application/*+json]
03:15:39.261 [Test worker] DEBUG o.s.w.c.RestTemplate - Writing [Person{name='Robert'}] as "application/json"
03:15:39.317 [http-nio-auto-64-exec-1] DEBUG o.s.w.s.a.HttpWebHandlerAdapter - [1642c02c] HTTP POST "/person-transform/person"
03:15:39.317 [http-nio-auto-64-exec-1] DEBUG o.s.w.r.r.m.a.RequestMappingHandlerMapping - [1642c02c] Mapped to org.springframework.web.reactive.result.method.annotation.RequestMappingMessageConversionIntegrationTests$PersonTransformationController#transformPerson(Person)
03:15:39.318 [http-nio-auto-64-exec-1] DEBUG o.s.w.r.r.m.a.RequestBodyMethodArgumentResolver - [1642c02c] Content-Type:application/json
03:15:39.319 [http-nio-auto-64-exec-1] DEBUG o.s.w.r.r.m.a.RequestBodyMethodArgumentResolver - [1642c02c] 0..1 [org.springframework.web.reactive.result.method.annotation.RequestMappingMessageConversionIntegrationTests$Person]
03:15:39.319 [http-nio-auto-64-exec-1] DEBUG o.s.h.c.j.Jackson2JsonDecoder - [1642c02c] Decoded [Person{name='Robert'}]
03:15:39.320 [http-nio-auto-64-exec-1] DEBUG o.s.w.r.r.m.a.ResponseBodyResultHandler - Using 'application/json' given [application/json] and supported [application/json, application/*+json, application/x-ndjson, application/x-jackson-smile, application/*+x-jackson-smile, application/xml, text/xml, text/event-stream]
03:15:39.320 [http-nio-auto-64-exec-1] DEBUG o.s.w.r.r.m.a.ResponseBodyResultHandler - [1642c02c] 0..1 [org.springframework.web.reactive.result.method.annotation.RequestMappingMessageConversionIntegrationTests$Person]
03:15:39.321 [http-nio-auto-64-exec-1] DEBUG o.s.h.c.j.Jackson2JsonEncoder - [1642c02c] Encoding [Person{name='ROBERT'}]
03:15:39.323 [Test worker] DEBUG o.s.w.c.RestTemplate - Response 200 OK
03:15:39.323 [http-nio-auto-64-exec-1] DEBUG o.s.w.s.a.HttpWebHandlerAdapter - [1642c02c] Completed 200 OK
03:15:39.323 [Test worker] DEBUG o.s.w.c.RestTemplate - Reading to [org.springframework.web.reactive.result.method.annotation.RequestMappingMessageConversionIntegrationTests$Person]
03:15:39.323 [Test worker] DEBUG o.s.w.t.h.s.r.b.TomcatHttpServer - Stopping TomcatHttpServer...
03:15:39.574 [Test worker] DEBUG o.s.w.t.h.s.r.b.TomcatHttpServer - Server stopped (0 millis).
03:15:39.612 [Test worker] DEBUG o.s.w.r.r.m.a.RequestMappingHandlerMapping - 34 mappings in 'requestMappingHandlerMapping'
03:15:39.627 [Test worker] DEBUG o.s.w.r.r.m.a.ControllerMethodResolver - ControllerAdvice beans: none
03:15:39.638 [Test worker] DEBUG o.s.w.s.a.HttpWebHandlerAdapter - enableLoggingRequestDetails='false': form data and headers will be masked to prevent unsafe logging of potentially sensitive data
03:15:39.638 [Test worker] DEBUG o.s.w.t.h.s.r.b.UndertowHttpServer - Starting UndertowHttpServer...
03:15:39.638 [Test worker] INFO  i.undertow - starting server: Undertow - 2.1.3.Final
03:15:39.644 [Test worker] DEBUG o.s.w.t.h.s.r.b.UndertowHttpServer - Server started on port 63548(0 millis).
03:15:39.644 [Test worker] DEBUG o.s.w.c.RestTemplate - HTTP POST http://localhost:63548/person-transform/person
03:15:39.645 [Test worker] DEBUG o.s.w.c.RestTemplate - Accept=[application/xml, text/xml, application/json, application/x-jackson-smile, application/*+xml, application/*+json]
03:15:39.645 [Test worker] DEBUG o.s.w.c.RestTemplate - Writing [Person{name='Robert'}] as "application/json"
03:15:39.648 [XNIO-63 I/O-2] DEBUG o.s.w.s.a.HttpWebHandlerAdapter - [186cf9f2] HTTP POST "/person-transform/person"
03:15:39.648 [XNIO-63 I/O-2] DEBUG o.s.w.r.r.m.a.RequestMappingHandlerMapping - [186cf9f2] Mapped to org.springframework.web.reactive.result.method.annotation.RequestMappingMessageConversionIntegrationTests$PersonTransformationController#transformPerson(Person)
03:15:39.649 [XNIO-63 I/O-2] DEBUG o.s.w.r.r.m.a.RequestBodyMethodArgumentResolver - [186cf9f2] Content-Type:application/json
03:15:39.649 [XNIO-63 I/O-2] DEBUG o.s.w.r.r.m.a.RequestBodyMethodArgumentResolver - [186cf9f2] 0..1 [org.springframework.web.reactive.result.method.annotation.RequestMappingMessageConversionIntegrationTests$Person]
03:15:39.650 [XNIO-63 I/O-2] DEBUG o.s.h.c.j.Jackson2JsonDecoder - [186cf9f2] Decoded [Person{name='Robert'}]
03:15:39.650 [XNIO-63 I/O-2] DEBUG o.s.w.r.r.m.a.ResponseBodyResultHandler - Using 'application/json' given [application/json] and supported [application/json, application/*+json, application/x-ndjson, application/x-jackson-smile, application/*+x-jackson-smile, application/xml, text/xml, text/event-stream]
03:15:39.650 [XNIO-63 I/O-2] DEBUG o.s.w.r.r.m.a.ResponseBodyResultHandler - [186cf9f2] 0..1 [org.springframework.web.reactive.result.method.annotation.RequestMappingMessageConversionIntegrationTests$Person]
03:15:39.650 [XNIO-63 I/O-2] DEBUG o.s.h.c.j.Jackson2JsonEncoder - [186cf9f2] Encoding [Person{name='ROBERT'}]
03:15:39.651 [Test worker] DEBUG o.s.w.c.RestTemplate - Response 200 OK
03:15:39.651 [XNIO-63 I/O-2] DEBUG o.s.w.s.a.HttpWebHandlerAdapter - [186cf9f2] Completed 200 OK
03:15:39.651 [Test worker] DEBUG o.s.w.c.RestTemplate - Reading to [org.springframework.web.reactive.result.method.annotation.RequestMappingMessageConversionIntegrationTests$Person]
03:15:39.652 [Test worker] DEBUG o.s.w.t.h.s.r.b.UndertowHttpServer - Stopping UndertowHttpServer...
03:15:39.652 [Test worker] INFO  i.undertow - stopping server: Undertow - 2.1.3.Final
03:15:39.653 [Test worker] DEBUG o.s.w.t.h.s.r.b.UndertowHttpServer - Server stopped (0 millis).
03:15:39.690 [Test worker] DEBUG o.s.w.r.r.m.a.RequestMappingHandlerMapping - 34 mappings in 'requestMappingHandlerMapping'
03:15:39.710 [Test worker] DEBUG o.s.w.r.r.m.a.ControllerMethodResolver - ControllerAdvice beans: none
03:15:39.725 [Test worker] DEBUG o.s.w.s.a.HttpWebHandlerAdapter - enableLoggingRequestDetails='false': form data and headers will be masked to prevent unsafe logging of potentially sensitive data
03:15:39.725 [Test worker] WARN  o.e.j.s.h.ContextHandler - Empty contextPath
03:15:39.725 [Test worker] INFO  o.e.j.s.h.ContextHandler - Started o.e.j.s.ServletContextHandler@6c99f987{/,null,AVAILABLE}
03:15:39.726 [Test worker] DEBUG o.s.w.t.h.s.r.b.JettyHttpServer - Starting JettyHttpServer...
03:15:39.726 [Test worker] INFO  o.e.j.s.Server - jetty-9.4.31.v20200723; built: 2020-07-23T17:57:36.812Z; git: 450ba27947e13e66baa8cd1ce7e85a4461cacc1d; jvm 1.8.0_261-b12
03:15:39.729 [Test worker] INFO  o.e.j.s.AbstractConnector - Started ServerConnector@a90c673{HTTP/1.1, (http/1.1)}{0.0.0.0:63550}
03:15:39.729 [Test worker] INFO  o.e.j.s.Server - Started @171341ms
03:15:39.729 [Test worker] DEBUG o.s.w.t.h.s.r.b.JettyHttpServer - Server started on port 63550(0 millis).
03:15:39.729 [Test worker] DEBUG o.s.w.c.RestTemplate - HTTP POST http://localhost:63550/person-transform/mono
03:15:39.729 [Test worker] DEBUG o.s.w.c.RestTemplate - Accept=[application/xml, text/xml, application/json, application/x-jackson-smile, application/*+xml, application/*+json]
03:15:39.729 [Test worker] DEBUG o.s.w.c.RestTemplate - Writing [Person{name='Robert'}] as "application/xml"
03:15:39.734 [qtp185039319-2661] DEBUG o.s.w.s.a.HttpWebHandlerAdapter - [16d325f4] HTTP POST "/person-transform/mono"
03:15:39.734 [qtp185039319-2661] DEBUG o.s.w.r.r.m.a.RequestMappingHandlerMapping - [16d325f4] Mapped to org.springframework.web.reactive.result.method.annotation.RequestMappingMessageConversionIntegrationTests$PersonTransformationController#transformMono(Mono)
03:15:39.735 [qtp185039319-2661] DEBUG o.s.w.r.r.m.a.RequestBodyMethodArgumentResolver - [16d325f4] Content-Type:application/xml
03:15:39.735 [qtp185039319-2661] DEBUG o.s.w.r.r.m.a.RequestBodyMethodArgumentResolver - [16d325f4] 0..1 [org.springframework.web.reactive.result.method.annotation.RequestMappingMessageConversionIntegrationTests$Person]
03:15:39.737 [qtp185039319-2661] DEBUG o.s.w.r.r.m.a.ResponseBodyResultHandler - Using 'application/xml' given [application/xml] and supported [application/json, application/*+json, application/x-ndjson, application/x-jackson-smile, application/*+x-jackson-smile, application/xml, text/xml, text/event-stream]
03:15:39.737 [qtp185039319-2661] DEBUG o.s.w.r.r.m.a.ResponseBodyResultHandler - [16d325f4] 0..1 [org.springframework.web.reactive.result.method.annotation.RequestMappingMessageConversionIntegrationTests$Person]
03:15:39.825 [qtp185039319-2661] DEBUG o.s.h.c.x.Jaxb2XmlEncoder - [16d325f4] Encoding [Person{name='ROBERT'}]
03:15:39.833 [Test worker] DEBUG o.s.w.c.RestTemplate - Response 200 OK
03:15:39.833 [qtp185039319-2661] DEBUG o.s.w.s.a.HttpWebHandlerAdapter - [16d325f4] Completed 200 OK
03:15:39.833 [Test worker] DEBUG o.s.w.c.RestTemplate - Reading to [org.springframework.web.reactive.result.method.annotation.RequestMappingMessageConversionIntegrationTests$Person] as "application/xml"
03:15:39.847 [Test worker] DEBUG o.s.w.t.h.s.r.b.JettyHttpServer - Stopping JettyHttpServer...
03:15:39.847 [Test worker] INFO  o.e.j.s.h.ContextHandler - Stopped o.e.j.s.ServletContextHandler@6c99f987{/,null,UNAVAILABLE}
03:15:39.852 [Test worker] INFO  o.e.j.s.AbstractConnector - Stopped ServerConnector@a90c673{HTTP/1.1, (http/1.1)}{0.0.0.0:0}
03:15:39.854 [Test worker] DEBUG o.s.w.t.h.s.r.b.JettyHttpServer - Server stopped (0 millis).
03:15:39.914 [Test worker] DEBUG o.s.w.r.r.m.a.RequestMappingHandlerMapping - 34 mappings in 'requestMappingHandlerMapping'
03:15:39.927 [Test worker] DEBUG o.s.w.r.r.m.a.ControllerMethodResolver - ControllerAdvice beans: none
03:15:39.939 [Test worker] DEBUG o.s.w.s.a.HttpWebHandlerAdapter - enableLoggingRequestDetails='false': form data and headers will be masked to prevent unsafe logging of potentially sensitive data
03:15:39.939 [Test worker] DEBUG o.s.w.t.h.s.r.b.ReactorHttpServer - Starting ReactorHttpServer...
03:15:39.940 [Test worker] DEBUG o.s.w.t.h.s.r.b.ReactorHttpServer - Server started on port 63556(0 millis).
03:15:39.940 [Test worker] DEBUG o.s.w.c.RestTemplate - HTTP POST http://localhost:63556/person-transform/mono
03:15:39.941 [Test worker] DEBUG o.s.w.c.RestTemplate - Accept=[application/xml, text/xml, application/json, application/x-jackson-smile, application/*+xml, application/*+json]
03:15:39.941 [Test worker] DEBUG o.s.w.c.RestTemplate - Writing [Person{name='Robert'}] as "application/xml"
03:15:39.946 [reactor-http-nio-2] DEBUG o.s.w.s.a.HttpWebHandlerAdapter - [53caea1e-68] HTTP POST "/person-transform/mono"
03:15:39.947 [reactor-http-nio-2] DEBUG o.s.w.r.r.m.a.RequestMappingHandlerMapping - [53caea1e-68] Mapped to org.springframework.web.reactive.result.method.annotation.RequestMappingMessageConversionIntegrationTests$PersonTransformationController#transformMono(Mono)
03:15:39.947 [reactor-http-nio-2] DEBUG o.s.w.r.r.m.a.RequestBodyMethodArgumentResolver - [53caea1e-68] Content-Type:application/xml
03:15:39.947 [reactor-http-nio-2] DEBUG o.s.w.r.r.m.a.RequestBodyMethodArgumentResolver - [53caea1e-68] 0..1 [org.springframework.web.reactive.result.method.annotation.RequestMappingMessageConversionIntegrationTests$Person]
03:15:39.948 [reactor-http-nio-2] DEBUG o.s.w.r.r.m.a.ResponseBodyResultHandler - Using 'application/xml' given [application/xml] and supported [application/json, application/*+json, application/x-ndjson, application/x-jackson-smile, application/*+x-jackson-smile, application/xml, text/xml, text/event-stream]
03:15:39.948 [reactor-http-nio-2] DEBUG o.s.w.r.r.m.a.ResponseBodyResultHandler - [53caea1e-68] 0..1 [org.springframework.web.reactive.result.method.annotation.RequestMappingMessageConversionIntegrationTests$Person]
03:15:39.952 [reactor-http-nio-2] DEBUG o.s.h.c.x.Jaxb2XmlEncoder - [53caea1e-68] Encoding [Person{name='ROBERT'}]
03:15:39.956 [Test worker] DEBUG o.s.w.c.RestTemplate - Response 200 OK
03:15:39.956 [reactor-http-nio-2] DEBUG o.s.w.s.a.HttpWebHandlerAdapter - [53caea1e-68] Completed 200 OK
03:15:39.957 [Test worker] DEBUG o.s.w.c.RestTemplate - Reading to [org.springframework.web.reactive.result.method.annotation.RequestMappingMessageConversionIntegrationTests$Person] as "application/xml"
03:15:39.958 [Test worker] DEBUG o.s.w.t.h.s.r.b.ReactorHttpServer - Stopping ReactorHttpServer...
03:15:39.958 [Test worker] DEBUG o.s.w.t.h.s.r.b.ReactorHttpServer - Server stopped (0 millis).
03:15:40.003 [Test worker] DEBUG o.s.w.r.r.m.a.RequestMappingHandlerMapping - 34 mappings in 'requestMappingHandlerMapping'
03:15:40.021 [Test worker] DEBUG o.s.w.r.r.m.a.ControllerMethodResolver - ControllerAdvice beans: none
03:15:40.034 [Test worker] DEBUG o.s.w.s.a.HttpWebHandlerAdapter - enableLoggingRequestDetails='false': form data and headers will be masked to prevent unsafe logging of potentially sensitive data
03:15:40.034 [Test worker] DEBUG o.s.w.t.h.s.r.b.TomcatHttpServer - Starting TomcatHttpServer...
03:15:40.043 [Test worker] DEBUG o.s.w.t.h.s.r.b.TomcatHttpServer - Server started on port 63558(0 millis).
03:15:40.043 [Test worker] DEBUG o.s.w.c.RestTemplate - HTTP POST http://localhost:63558/person-transform/mono
03:15:40.044 [Test worker] DEBUG o.s.w.c.RestTemplate - Accept=[application/xml, text/xml, application/json, application/x-jackson-smile, application/*+xml, application/*+json]
03:15:40.044 [Test worker] DEBUG o.s.w.c.RestTemplate - Writing [Person{name='Robert'}] as "application/xml"
03:15:40.052 [http-nio-auto-65-exec-1] DEBUG o.s.w.s.a.HttpWebHandlerAdapter - [5e9f2198] HTTP POST "/person-transform/mono"
03:15:40.053 [http-nio-auto-65-exec-1] DEBUG o.s.w.r.r.m.a.RequestMappingHandlerMapping - [5e9f2198] Mapped to org.springframework.web.reactive.result.method.annotation.RequestMappingMessageConversionIntegrationTests$PersonTransformationController#transformMono(Mono)
03:15:40.053 [http-nio-auto-65-exec-1] DEBUG o.s.w.r.r.m.a.RequestBodyMethodArgumentResolver - [5e9f2198] Content-Type:application/xml
03:15:40.054 [http-nio-auto-65-exec-1] DEBUG o.s.w.r.r.m.a.RequestBodyMethodArgumentResolver - [5e9f2198] 0..1 [org.springframework.web.reactive.result.method.annotation.RequestMappingMessageConversionIntegrationTests$Person]
03:15:40.055 [http-nio-auto-65-exec-1] DEBUG o.s.w.r.r.m.a.ResponseBodyResultHandler - Using 'application/xml' given [application/xml] and supported [application/json, application/*+json, application/x-ndjson, application/x-jackson-smile, application/*+x-jackson-smile, application/xml, text/xml, text/event-stream]
03:15:40.055 [http-nio-auto-65-exec-1] DEBUG o.s.w.r.r.m.a.ResponseBodyResultHandler - [5e9f2198] 0..1 [org.springframework.web.reactive.result.method.annotation.RequestMappingMessageConversionIntegrationTests$Person]
03:15:40.058 [http-nio-auto-65-exec-1] DEBUG o.s.h.c.x.Jaxb2XmlEncoder - [5e9f2198] Encoding [Person{name='ROBERT'}]
03:15:40.061 [http-nio-auto-65-exec-1] DEBUG o.s.w.s.a.HttpWebHandlerAdapter - [5e9f2198] Completed 200 OK
03:15:40.061 [Test worker] DEBUG o.s.w.c.RestTemplate - Response 200 OK
03:15:40.061 [Test worker] DEBUG o.s.w.c.RestTemplate - Reading to [org.springframework.web.reactive.result.method.annotation.RequestMappingMessageConversionIntegrationTests$Person] as "application/xml"
03:15:40.062 [Test worker] DEBUG o.s.w.t.h.s.r.b.TomcatHttpServer - Stopping TomcatHttpServer...
03:15:40.282 [Test worker] DEBUG o.s.w.t.h.s.r.b.TomcatHttpServer - Server stopped (0 millis).
03:15:40.344 [Test worker] DEBUG o.s.w.r.r.m.a.RequestMappingHandlerMapping - 34 mappings in 'requestMappingHandlerMapping'
03:15:40.364 [Test worker] DEBUG o.s.w.r.r.m.a.ControllerMethodResolver - ControllerAdvice beans: none
03:15:40.391 [Test worker] DEBUG o.s.w.s.a.HttpWebHandlerAdapter - enableLoggingRequestDetails='false': form data and headers will be masked to prevent unsafe logging of potentially sensitive data
03:15:40.392 [Test worker] DEBUG o.s.w.t.h.s.r.b.UndertowHttpServer - Starting UndertowHttpServer...
03:15:40.392 [Test worker] INFO  i.undertow - starting server: Undertow - 2.1.3.Final
03:15:40.405 [Test worker] DEBUG o.s.w.t.h.s.r.b.UndertowHttpServer - Server started on port 63575(0 millis).
03:15:40.405 [Test worker] DEBUG o.s.w.c.RestTemplate - HTTP POST http://localhost:63575/person-transform/mono
03:15:40.406 [Test worker] DEBUG o.s.w.c.RestTemplate - Accept=[application/xml, text/xml, application/json, application/x-jackson-smile, application/*+xml, application/*+json]
03:15:40.407 [Test worker] DEBUG o.s.w.c.RestTemplate - Writing [Person{name='Robert'}] as "application/xml"
03:15:40.418 [XNIO-64 I/O-4] DEBUG o.s.w.s.a.HttpWebHandlerAdapter - [5fab117] HTTP POST "/person-transform/mono"
03:15:40.418 [XNIO-64 I/O-4] DEBUG o.s.w.r.r.m.a.RequestMappingHandlerMapping - [5fab117] Mapped to org.springframework.web.reactive.result.method.annotation.RequestMappingMessageConversionIntegrationTests$PersonTransformationController#transformMono(Mono)
03:15:40.419 [XNIO-64 I/O-4] DEBUG o.s.w.r.r.m.a.RequestBodyMethodArgumentResolver - [5fab117] Content-Type:application/xml
03:15:40.420 [XNIO-64 I/O-4] DEBUG o.s.w.r.r.m.a.RequestBodyMethodArgumentResolver - [5fab117] 0..1 [org.springframework.web.reactive.result.method.annotation.RequestMappingMessageConversionIntegrationTests$Person]
03:15:40.421 [XNIO-64 I/O-4] DEBUG o.s.w.r.r.m.a.ResponseBodyResultHandler - Using 'application/xml' given [application/xml] and supported [application/json, application/*+json, application/x-ndjson, application/x-jackson-smile, application/*+x-jackson-smile, application/xml, text/xml, text/event-stream]
03:15:40.421 [XNIO-64 I/O-4] DEBUG o.s.w.r.r.m.a.ResponseBodyResultHandler - [5fab117] 0..1 [org.springframework.web.reactive.result.method.annotation.RequestMappingMessageConversionIntegrationTests$Person]
03:15:40.425 [XNIO-64 I/O-4] DEBUG o.s.h.c.x.Jaxb2XmlEncoder - [5fab117] Encoding [Person{name='ROBERT'}]
03:15:40.430 [Test worker] DEBUG o.s.w.c.RestTemplate - Response 200 OK
03:15:40.430 [XNIO-64 I/O-4] DEBUG o.s.w.s.a.HttpWebHandlerAdapter - [5fab117] Completed 200 OK
03:15:40.430 [Test worker] DEBUG o.s.w.c.RestTemplate - Reading to [org.springframework.web.reactive.result.method.annotation.RequestMappingMessageConversionIntegrationTests$Person] as "application/xml"
03:15:40.430 [Test worker] DEBUG o.s.w.t.h.s.r.b.UndertowHttpServer - Stopping UndertowHttpServer...
03:15:40.430 [Test worker] INFO  i.undertow - stopping server: Undertow - 2.1.3.Final
03:15:40.430 [Test worker] DEBUG o.s.w.t.h.s.r.b.UndertowHttpServer - Server stopped (0 millis).
03:15:40.488 [Test worker] DEBUG o.s.w.r.r.m.a.RequestMappingHandlerMapping - 34 mappings in 'requestMappingHandlerMapping'
03:15:40.509 [Test worker] DEBUG o.s.w.r.r.m.a.ControllerMethodResolver - ControllerAdvice beans: none
03:15:40.528 [Test worker] DEBUG o.s.w.s.a.HttpWebHandlerAdapter - enableLoggingRequestDetails='false': form data and headers will be masked to prevent unsafe logging of potentially sensitive data
03:15:40.528 [Test worker] WARN  o.e.j.s.h.ContextHandler - Empty contextPath
03:15:40.528 [Test worker] INFO  o.e.j.s.h.ContextHandler - Started o.e.j.s.ServletContextHandler@7c64a9c3{/,null,AVAILABLE}
03:15:40.529 [Test worker] DEBUG o.s.w.t.h.s.r.b.JettyHttpServer - Starting JettyHttpServer...
03:15:40.529 [Test worker] INFO  o.e.j.s.Server - jetty-9.4.31.v20200723; built: 2020-07-23T17:57:36.812Z; git: 450ba27947e13e66baa8cd1ce7e85a4461cacc1d; jvm 1.8.0_261-b12
03:15:40.534 [Test worker] INFO  o.e.j.s.AbstractConnector - Started ServerConnector@76a3a73d{HTTP/1.1, (http/1.1)}{0.0.0.0:63577}
03:15:40.534 [Test worker] INFO  o.e.j.s.Server - Started @172145ms
03:15:40.534 [Test worker] DEBUG o.s.w.t.h.s.r.b.JettyHttpServer - Server started on port 63577(0 millis).
03:15:40.534 [Test worker] DEBUG o.s.w.c.RestTemplate - HTTP GET http://localhost:63577/person-response/observable
03:15:40.534 [Test worker] DEBUG o.s.w.c.RestTemplate - Accept=[application/json, application/x-jackson-smile, application/*+json]
03:15:40.537 [qtp11721609-2702] DEBUG o.s.w.s.a.HttpWebHandlerAdapter - [2da9f24a] HTTP GET "/person-response/observable"
03:15:40.537 [qtp11721609-2702] DEBUG o.s.w.r.r.m.a.RequestMappingHandlerMapping - [2da9f24a] Mapped to org.springframework.web.reactive.result.method.annotation.RequestMappingMessageConversionIntegrationTests$PersonResponseBodyController#getObservable()
03:15:40.539 [qtp11721609-2702] DEBUG o.s.w.r.r.m.a.ResponseBodyResultHandler - Using 'application/json' given [application/json] and supported [application/json, application/*+json, application/x-ndjson, application/x-jackson-smile, application/*+x-jackson-smile, application/xml, text/xml, text/event-stream]
03:15:40.539 [qtp11721609-2702] DEBUG o.s.w.r.r.m.a.ResponseBodyResultHandler - [2da9f24a] 0..N [org.springframework.web.reactive.result.method.annotation.RequestMappingMessageConversionIntegrationTests$Person]
03:15:40.540 [qtp11721609-2702] DEBUG o.s.h.c.j.Jackson2JsonEncoder - [2da9f24a] Encoding [[Person{name='Robert'}, Person{name='Marie'}]]
03:15:40.541 [qtp11721609-2702] DEBUG o.s.w.s.a.HttpWebHandlerAdapter - [2da9f24a] Completed 200 OK
03:15:40.541 [Test worker] DEBUG o.s.w.c.RestTemplate - Response 200 OK
03:15:40.541 [Test worker] DEBUG o.s.w.c.RestTemplate - Reading to [java.util.List<org.springframework.web.reactive.result.method.annotation.RequestMappingMessageConversionIntegrationTests$Person>]
03:15:40.542 [Test worker] DEBUG o.s.w.t.h.s.r.b.JettyHttpServer - Stopping JettyHttpServer...
03:15:40.542 [Test worker] INFO  o.e.j.s.h.ContextHandler - Stopped o.e.j.s.ServletContextHandler@7c64a9c3{/,null,UNAVAILABLE}
03:15:40.544 [Test worker] INFO  o.e.j.s.AbstractConnector - Stopped ServerConnector@76a3a73d{HTTP/1.1, (http/1.1)}{0.0.0.0:0}
03:15:40.545 [Test worker] DEBUG o.s.w.t.h.s.r.b.JettyHttpServer - Server stopped (0 millis).
03:15:40.589 [Test worker] DEBUG o.s.w.r.r.m.a.RequestMappingHandlerMapping - 34 mappings in 'requestMappingHandlerMapping'
03:15:40.615 [Test worker] DEBUG o.s.w.r.r.m.a.ControllerMethodResolver - ControllerAdvice beans: none
03:15:40.646 [Test worker] DEBUG o.s.w.s.a.HttpWebHandlerAdapter - enableLoggingRequestDetails='false': form data and headers will be masked to prevent unsafe logging of potentially sensitive data
03:15:40.646 [Test worker] DEBUG o.s.w.t.h.s.r.b.ReactorHttpServer - Starting ReactorHttpServer...
03:15:40.647 [Test worker] DEBUG o.s.w.t.h.s.r.b.ReactorHttpServer - Server started on port 63583(0 millis).
03:15:40.648 [Test worker] DEBUG o.s.w.c.RestTemplate - HTTP GET http://localhost:63583/person-response/observable
03:15:40.649 [Test worker] DEBUG o.s.w.c.RestTemplate - Accept=[application/json, application/x-jackson-smile, application/*+json]
03:15:40.653 [reactor-http-nio-4] DEBUG o.s.w.s.a.HttpWebHandlerAdapter - [4f87aeca-69] HTTP GET "/person-response/observable"
03:15:40.654 [reactor-http-nio-4] DEBUG o.s.w.r.r.m.a.RequestMappingHandlerMapping - [4f87aeca-69] Mapped to org.springframework.web.reactive.result.method.annotation.RequestMappingMessageConversionIntegrationTests$PersonResponseBodyController#getObservable()
03:15:40.655 [reactor-http-nio-4] DEBUG o.s.w.r.r.m.a.ResponseBodyResultHandler - Using 'application/json' given [application/json] and supported [application/json, application/*+json, application/x-ndjson, application/x-jackson-smile, application/*+x-jackson-smile, application/xml, text/xml, text/event-stream]
03:15:40.655 [reactor-http-nio-4] DEBUG o.s.w.r.r.m.a.ResponseBodyResultHandler - [4f87aeca-69] 0..N [org.springframework.web.reactive.result.method.annotation.RequestMappingMessageConversionIntegrationTests$Person]
03:15:40.656 [reactor-http-nio-4] DEBUG o.s.h.c.j.Jackson2JsonEncoder - [4f87aeca-69] Encoding [[Person{name='Robert'}, Person{name='Marie'}]]
03:15:40.657 [Test worker] DEBUG o.s.w.c.RestTemplate - Response 200 OK
03:15:40.658 [reactor-http-nio-4] DEBUG o.s.w.s.a.HttpWebHandlerAdapter - [4f87aeca-69] Completed 200 OK
03:15:40.658 [Test worker] DEBUG o.s.w.c.RestTemplate - Reading to [java.util.List<org.springframework.web.reactive.result.method.annotation.RequestMappingMessageConversionIntegrationTests$Person>]
03:15:40.659 [Test worker] DEBUG o.s.w.t.h.s.r.b.ReactorHttpServer - Stopping ReactorHttpServer...
03:15:40.659 [Test worker] DEBUG o.s.w.t.h.s.r.b.ReactorHttpServer - Server stopped (0 millis).
03:15:40.723 [Test worker] DEBUG o.s.w.r.r.m.a.RequestMappingHandlerMapping - 34 mappings in 'requestMappingHandlerMapping'
03:15:40.756 [Test worker] DEBUG o.s.w.r.r.m.a.ControllerMethodResolver - ControllerAdvice beans: none
03:15:40.796 [Test worker] DEBUG o.s.w.s.a.HttpWebHandlerAdapter - enableLoggingRequestDetails='false': form data and headers will be masked to prevent unsafe logging of potentially sensitive data
03:15:40.797 [Test worker] DEBUG o.s.w.t.h.s.r.b.TomcatHttpServer - Starting TomcatHttpServer...
03:15:40.805 [Test worker] DEBUG o.s.w.t.h.s.r.b.TomcatHttpServer - Server started on port 63585(0 millis).
03:15:40.805 [Test worker] DEBUG o.s.w.c.RestTemplate - HTTP GET http://localhost:63585/person-response/observable
03:15:40.805 [Test worker] DEBUG o.s.w.c.RestTemplate - Accept=[application/json, application/x-jackson-smile, application/*+json]
03:15:40.811 [http-nio-auto-66-exec-1] DEBUG o.s.w.s.a.HttpWebHandlerAdapter - [2a166662] HTTP GET "/person-response/observable"
03:15:40.812 [http-nio-auto-66-exec-1] DEBUG o.s.w.r.r.m.a.RequestMappingHandlerMapping - [2a166662] Mapped to org.springframework.web.reactive.result.method.annotation.RequestMappingMessageConversionIntegrationTests$PersonResponseBodyController#getObservable()
03:15:40.813 [http-nio-auto-66-exec-1] DEBUG o.s.w.r.r.m.a.ResponseBodyResultHandler - Using 'application/json' given [application/json] and supported [application/json, application/*+json, application/x-ndjson, application/x-jackson-smile, application/*+x-jackson-smile, application/xml, text/xml, text/event-stream]
03:15:40.813 [http-nio-auto-66-exec-1] DEBUG o.s.w.r.r.m.a.ResponseBodyResultHandler - [2a166662] 0..N [org.springframework.web.reactive.result.method.annotation.RequestMappingMessageConversionIntegrationTests$Person]
03:15:40.814 [http-nio-auto-66-exec-1] DEBUG o.s.h.c.j.Jackson2JsonEncoder - [2a166662] Encoding [[Person{name='Robert'}, Person{name='Marie'}]]
03:15:40.814 [http-nio-auto-66-exec-1] DEBUG o.s.w.s.a.HttpWebHandlerAdapter - [2a166662] Completed 200 OK
03:15:40.815 [Test worker] DEBUG o.s.w.c.RestTemplate - Response 200 OK
03:15:40.815 [Test worker] DEBUG o.s.w.c.RestTemplate - Reading to [java.util.List<org.springframework.web.reactive.result.method.annotation.RequestMappingMessageConversionIntegrationTests$Person>]
03:15:40.816 [Test worker] DEBUG o.s.w.t.h.s.r.b.TomcatHttpServer - Stopping TomcatHttpServer...
03:15:41.238 [Test worker] DEBUG o.s.w.t.h.s.r.b.TomcatHttpServer - Server stopped (0 millis).
03:15:41.357 [Test worker] DEBUG o.s.w.r.r.m.a.RequestMappingHandlerMapping - 34 mappings in 'requestMappingHandlerMapping'
03:15:41.389 [Test worker] DEBUG o.s.w.r.r.m.a.ControllerMethodResolver - ControllerAdvice beans: none
03:15:41.427 [Test worker] DEBUG o.s.w.s.a.HttpWebHandlerAdapter - enableLoggingRequestDetails='false': form data and headers will be masked to prevent unsafe logging of potentially sensitive data
03:15:41.427 [Test worker] DEBUG o.s.w.t.h.s.r.b.UndertowHttpServer - Starting UndertowHttpServer...
03:15:41.427 [Test worker] INFO  i.undertow - starting server: Undertow - 2.1.3.Final
03:15:41.433 [Test worker] DEBUG o.s.w.t.h.s.r.b.UndertowHttpServer - Server started on port 63603(0 millis).
03:15:41.433 [Test worker] DEBUG o.s.w.c.RestTemplate - HTTP GET http://localhost:63603/person-response/observable
03:15:41.434 [Test worker] DEBUG o.s.w.c.RestTemplate - Accept=[application/json, application/x-jackson-smile, application/*+json]
03:15:41.437 [XNIO-65 I/O-4] DEBUG o.s.w.s.a.HttpWebHandlerAdapter - [4b876e05] HTTP GET "/person-response/observable"
03:15:41.438 [XNIO-65 I/O-4] DEBUG o.s.w.r.r.m.a.RequestMappingHandlerMapping - [4b876e05] Mapped to org.springframework.web.reactive.result.method.annotation.RequestMappingMessageConversionIntegrationTests$PersonResponseBodyController#getObservable()
03:15:41.439 [XNIO-65 I/O-4] DEBUG o.s.w.r.r.m.a.ResponseBodyResultHandler - Using 'application/json' given [application/json] and supported [application/json, application/*+json, application/x-ndjson, application/x-jackson-smile, application/*+x-jackson-smile, application/xml, text/xml, text/event-stream]
03:15:41.439 [XNIO-65 I/O-4] DEBUG o.s.w.r.r.m.a.ResponseBodyResultHandler - [4b876e05] 0..N [org.springframework.web.reactive.result.method.annotation.RequestMappingMessageConversionIntegrationTests$Person]
03:15:41.439 [XNIO-65 I/O-4] DEBUG o.s.h.c.j.Jackson2JsonEncoder - [4b876e05] Encoding [[Person{name='Robert'}, Person{name='Marie'}]]
03:15:41.440 [XNIO-65 I/O-4] DEBUG o.s.w.s.a.HttpWebHandlerAdapter - [4b876e05] Completed 200 OK
03:15:41.440 [Test worker] DEBUG o.s.w.c.RestTemplate - Response 200 OK
03:15:41.440 [Test worker] DEBUG o.s.w.c.RestTemplate - Reading to [java.util.List<org.springframework.web.reactive.result.method.annotation.RequestMappingMessageConversionIntegrationTests$Person>]
03:15:41.441 [Test worker] DEBUG o.s.w.t.h.s.r.b.UndertowHttpServer - Stopping UndertowHttpServer...
03:15:41.441 [Test worker] INFO  i.undertow - stopping server: Undertow - 2.1.3.Final
03:15:41.443 [Test worker] DEBUG o.s.w.t.h.s.r.b.UndertowHttpServer - Server stopped (0 millis).
03:15:41.512 [Test worker] DEBUG o.s.w.r.r.m.a.RequestMappingHandlerMapping - 34 mappings in 'requestMappingHandlerMapping'
03:15:41.546 [Test worker] DEBUG o.s.w.r.r.m.a.ControllerMethodResolver - ControllerAdvice beans: none
03:15:41.598 [Test worker] DEBUG o.s.w.s.a.HttpWebHandlerAdapter - enableLoggingRequestDetails='false': form data and headers will be masked to prevent unsafe logging of potentially sensitive data
03:15:41.599 [Test worker] WARN  o.e.j.s.h.ContextHandler - Empty contextPath
03:15:41.600 [Test worker] INFO  o.e.j.s.h.ContextHandler - Started o.e.j.s.ServletContextHandler@37d71cbd{/,null,AVAILABLE}
03:15:41.600 [Test worker] DEBUG o.s.w.t.h.s.r.b.JettyHttpServer - Starting JettyHttpServer...
03:15:41.601 [Test worker] INFO  o.e.j.s.Server - jetty-9.4.31.v20200723; built: 2020-07-23T17:57:36.812Z; git: 450ba27947e13e66baa8cd1ce7e85a4461cacc1d; jvm 1.8.0_261-b12
03:15:41.608 [Test worker] INFO  o.e.j.s.AbstractConnector - Started ServerConnector@6539db5c{HTTP/1.1, (http/1.1)}{0.0.0.0:63605}
03:15:41.608 [Test worker] INFO  o.e.j.s.Server - Started @173220ms
03:15:41.608 [Test worker] DEBUG o.s.w.t.h.s.r.b.JettyHttpServer - Server started on port 63605(0 millis).
03:15:41.609 [Test worker] DEBUG o.s.w.c.RestTemplate - HTTP POST http://localhost:63605/person-transform/publisher
03:15:41.609 [Test worker] DEBUG o.s.w.c.RestTemplate - Accept=[application/json, application/x-jackson-smile, application/*+json]
03:15:41.610 [Test worker] DEBUG o.s.w.c.RestTemplate - Writing [[Person{name='Robert'}, Person{name='Marie'}]] as "application/json"
03:15:41.662 [qtp552463987-2739] DEBUG o.s.w.s.a.HttpWebHandlerAdapter - [9025b35] HTTP POST "/person-transform/publisher"
03:15:41.662 [qtp552463987-2739] DEBUG o.s.w.r.r.m.a.RequestMappingHandlerMapping - [9025b35] Mapped to org.springframework.web.reactive.result.method.annotation.RequestMappingMessageConversionIntegrationTests$PersonTransformationController#transformPublisher(Publisher)
03:15:41.664 [qtp552463987-2739] DEBUG o.s.w.r.r.m.a.RequestBodyMethodArgumentResolver - [9025b35] Content-Type:application/json
03:15:41.664 [qtp552463987-2739] DEBUG o.s.w.r.r.m.a.RequestBodyMethodArgumentResolver - [9025b35] 0..N [org.springframework.web.reactive.result.method.annotation.RequestMappingMessageConversionIntegrationTests$Person]
03:15:41.666 [qtp552463987-2739] DEBUG o.s.w.r.r.m.a.ResponseBodyResultHandler - Using 'application/json' given [application/json] and supported [application/json, application/*+json, application/x-ndjson, application/x-jackson-smile, application/*+x-jackson-smile, application/xml, text/xml, text/event-stream]
03:15:41.666 [qtp552463987-2739] DEBUG o.s.w.r.r.m.a.ResponseBodyResultHandler - [9025b35] 0..N [org.springframework.web.reactive.result.method.annotation.RequestMappingMessageConversionIntegrationTests$Person]
03:15:41.667 [qtp552463987-2739] DEBUG o.s.h.c.j.Jackson2JsonDecoder - [9025b35] Decoded [Person{name='Robert'}]
03:15:41.667 [qtp552463987-2739] DEBUG o.s.h.c.j.Jackson2JsonDecoder - [9025b35] Decoded [Person{name='Marie'}]
03:15:41.667 [qtp552463987-2739] DEBUG o.s.h.c.j.Jackson2JsonEncoder - [9025b35] Encoding [[Person{name='ROBERT'}, Person{name='MARIE'}]]
03:15:41.672 [Test worker] DEBUG o.s.w.c.RestTemplate - Response 200 OK
03:15:41.672 [Test worker] DEBUG o.s.w.c.RestTemplate - Reading to [java.util.List<org.springframework.web.reactive.result.method.annotation.RequestMappingMessageConversionIntegrationTests$Person>]
03:15:41.673 [Test worker] DEBUG o.s.w.t.h.s.r.b.JettyHttpServer - Stopping JettyHttpServer...
03:15:41.673 [Test worker] INFO  o.e.j.s.h.ContextHandler - Stopped o.e.j.s.ServletContextHandler@37d71cbd{/,null,UNAVAILABLE}
03:15:41.673 [qtp552463987-2739] DEBUG o.s.w.s.a.HttpWebHandlerAdapter - [9025b35] Completed 200 OK
03:15:41.683 [Test worker] INFO  o.e.j.s.AbstractConnector - Stopped ServerConnector@6539db5c{HTTP/1.1, (http/1.1)}{0.0.0.0:0}
03:15:41.684 [Test worker] DEBUG o.s.w.t.h.s.r.b.JettyHttpServer - Server stopped (0 millis).
03:15:41.827 [Test worker] DEBUG o.s.w.r.r.m.a.RequestMappingHandlerMapping - 34 mappings in 'requestMappingHandlerMapping'
03:15:41.865 [Test worker] DEBUG o.s.w.r.r.m.a.ControllerMethodResolver - ControllerAdvice beans: none
03:15:41.917 [Test worker] DEBUG o.s.w.s.a.HttpWebHandlerAdapter - enableLoggingRequestDetails='false': form data and headers will be masked to prevent unsafe logging of potentially sensitive data
03:15:41.917 [Test worker] DEBUG o.s.w.t.h.s.r.b.ReactorHttpServer - Starting ReactorHttpServer...
03:15:41.918 [Test worker] DEBUG o.s.w.t.h.s.r.b.ReactorHttpServer - Server started on port 63619(0 millis).
03:15:41.918 [Test worker] DEBUG o.s.w.c.RestTemplate - HTTP POST http://localhost:63619/person-transform/publisher
03:15:41.919 [Test worker] DEBUG o.s.w.c.RestTemplate - Accept=[application/json, application/x-jackson-smile, application/*+json]
03:15:41.919 [Test worker] DEBUG o.s.w.c.RestTemplate - Writing [[Person{name='Robert'}, Person{name='Marie'}]] as "application/json"
03:15:41.964 [reactor-http-nio-2] DEBUG o.s.w.s.a.HttpWebHandlerAdapter - [dbed5bfb-70] HTTP POST "/person-transform/publisher"
03:15:41.964 [reactor-http-nio-2] DEBUG o.s.w.r.r.m.a.RequestMappingHandlerMapping - [dbed5bfb-70] Mapped to org.springframework.web.reactive.result.method.annotation.RequestMappingMessageConversionIntegrationTests$PersonTransformationController#transformPublisher(Publisher)
03:15:41.964 [reactor-http-nio-2] DEBUG o.s.w.r.r.m.a.RequestBodyMethodArgumentResolver - [dbed5bfb-70] Content-Type:application/json
03:15:41.967 [reactor-http-nio-2] DEBUG o.s.w.r.r.m.a.RequestBodyMethodArgumentResolver - [dbed5bfb-70] 0..N [org.springframework.web.reactive.result.method.annotation.RequestMappingMessageConversionIntegrationTests$Person]
03:15:41.968 [reactor-http-nio-2] DEBUG o.s.w.r.r.m.a.ResponseBodyResultHandler - Using 'application/json' given [application/json] and supported [application/json, application/*+json, application/x-ndjson, application/x-jackson-smile, application/*+x-jackson-smile, application/xml, text/xml, text/event-stream]
03:15:41.968 [reactor-http-nio-2] DEBUG o.s.w.r.r.m.a.ResponseBodyResultHandler - [dbed5bfb-70] 0..N [org.springframework.web.reactive.result.method.annotation.RequestMappingMessageConversionIntegrationTests$Person]
03:15:41.968 [reactor-http-nio-2] DEBUG o.s.h.c.j.Jackson2JsonDecoder - [dbed5bfb-70] Decoded [Person{name='Robert'}]
03:15:41.969 [reactor-http-nio-2] DEBUG o.s.h.c.j.Jackson2JsonDecoder - [dbed5bfb-70] Decoded [Person{name='Marie'}]
03:15:41.969 [reactor-http-nio-2] DEBUG o.s.h.c.j.Jackson2JsonEncoder - [dbed5bfb-70] Encoding [[Person{name='ROBERT'}, Person{name='MARIE'}]]
03:15:41.970 [Test worker] DEBUG o.s.w.c.RestTemplate - Response 200 OK
03:15:41.971 [Test worker] DEBUG o.s.w.c.RestTemplate - Reading to [java.util.List<org.springframework.web.reactive.result.method.annotation.RequestMappingMessageConversionIntegrationTests$Person>]
03:15:41.972 [Test worker] DEBUG o.s.w.t.h.s.r.b.ReactorHttpServer - Stopping ReactorHttpServer...
03:15:41.972 [Test worker] DEBUG o.s.w.t.h.s.r.b.ReactorHttpServer - Server stopped (0 millis).
03:15:41.972 [reactor-http-nio-2] DEBUG o.s.w.s.a.HttpWebHandlerAdapter - [dbed5bfb-70] Completed 200 OK
03:15:42.040 [Test worker] DEBUG o.s.w.r.r.m.a.RequestMappingHandlerMapping - 34 mappings in 'requestMappingHandlerMapping'
03:15:42.138 [Test worker] DEBUG o.s.w.r.r.m.a.ControllerMethodResolver - ControllerAdvice beans: none
03:15:42.173 [Test worker] DEBUG o.s.w.s.a.HttpWebHandlerAdapter - enableLoggingRequestDetails='false': form data and headers will be masked to prevent unsafe logging of potentially sensitive data
03:15:42.174 [Test worker] DEBUG o.s.w.t.h.s.r.b.TomcatHttpServer - Starting TomcatHttpServer...
03:15:42.236 [Test worker] DEBUG o.s.w.t.h.s.r.b.TomcatHttpServer - Server started on port 63623(0 millis).
03:15:42.236 [Test worker] DEBUG o.s.w.c.RestTemplate - HTTP POST http://localhost:63623/person-transform/publisher
03:15:42.236 [Test worker] DEBUG o.s.w.c.RestTemplate - Accept=[application/json, application/x-jackson-smile, application/*+json]
03:15:42.237 [Test worker] DEBUG o.s.w.c.RestTemplate - Writing [[Person{name='Robert'}, Person{name='Marie'}]] as "application/json"
03:15:42.491 [http-nio-auto-67-exec-1] DEBUG o.s.w.s.a.HttpWebHandlerAdapter - [364c6f6b] HTTP POST "/person-transform/publisher"
03:15:42.491 [http-nio-auto-67-exec-1] DEBUG o.s.w.r.r.m.a.RequestMappingHandlerMapping - [364c6f6b] Mapped to org.springframework.web.reactive.result.method.annotation.RequestMappingMessageConversionIntegrationTests$PersonTransformationController#transformPublisher(Publisher)
03:15:42.492 [http-nio-auto-67-exec-1] DEBUG o.s.w.r.r.m.a.RequestBodyMethodArgumentResolver - [364c6f6b] Content-Type:application/json
03:15:42.493 [http-nio-auto-67-exec-1] DEBUG o.s.w.r.r.m.a.RequestBodyMethodArgumentResolver - [364c6f6b] 0..N [org.springframework.web.reactive.result.method.annotation.RequestMappingMessageConversionIntegrationTests$Person]
03:15:42.494 [http-nio-auto-67-exec-1] DEBUG o.s.w.r.r.m.a.ResponseBodyResultHandler - Using 'application/json' given [application/json] and supported [application/json, application/*+json, application/x-ndjson, application/x-jackson-smile, application/*+x-jackson-smile, application/xml, text/xml, text/event-stream]
03:15:42.495 [http-nio-auto-67-exec-1] DEBUG o.s.w.r.r.m.a.ResponseBodyResultHandler - [364c6f6b] 0..N [org.springframework.web.reactive.result.method.annotation.RequestMappingMessageConversionIntegrationTests$Person]
03:15:42.495 [http-nio-auto-67-exec-1] DEBUG o.s.h.c.j.Jackson2JsonDecoder - [364c6f6b] Decoded [Person{name='Robert'}]
03:15:42.495 [http-nio-auto-67-exec-1] DEBUG o.s.h.c.j.Jackson2JsonDecoder - [364c6f6b] Decoded [Person{name='Marie'}]
03:15:42.496 [http-nio-auto-67-exec-1] DEBUG o.s.h.c.j.Jackson2JsonEncoder - [364c6f6b] Encoding [[Person{name='ROBERT'}, Person{name='MARIE'}]]
03:15:42.497 [Test worker] DEBUG o.s.w.c.RestTemplate - Response 200 OK
03:15:42.497 [http-nio-auto-67-exec-1] DEBUG o.s.w.s.a.HttpWebHandlerAdapter - [364c6f6b] Completed 200 OK
03:15:42.497 [Test worker] DEBUG o.s.w.c.RestTemplate - Reading to [java.util.List<org.springframework.web.reactive.result.method.annotation.RequestMappingMessageConversionIntegrationTests$Person>]
03:15:42.498 [Test worker] DEBUG o.s.w.t.h.s.r.b.TomcatHttpServer - Stopping TomcatHttpServer...
03:15:42.710 [Test worker] DEBUG o.s.w.t.h.s.r.b.TomcatHttpServer - Server stopped (0 millis).
03:15:42.795 [Test worker] DEBUG o.s.w.r.r.m.a.RequestMappingHandlerMapping - 34 mappings in 'requestMappingHandlerMapping'
03:15:42.879 [Test worker] DEBUG o.s.w.r.r.m.a.ControllerMethodResolver - ControllerAdvice beans: none
03:15:42.922 [Test worker] DEBUG o.s.w.s.a.HttpWebHandlerAdapter - enableLoggingRequestDetails='false': form data and headers will be masked to prevent unsafe logging of potentially sensitive data
03:15:42.922 [Test worker] DEBUG o.s.w.t.h.s.r.b.UndertowHttpServer - Starting UndertowHttpServer...
03:15:42.922 [Test worker] INFO  i.undertow - starting server: Undertow - 2.1.3.Final
03:15:42.930 [Test worker] DEBUG o.s.w.t.h.s.r.b.UndertowHttpServer - Server started on port 63646(0 millis).
03:15:42.930 [Test worker] DEBUG o.s.w.c.RestTemplate - HTTP POST http://localhost:63646/person-transform/publisher
03:15:42.931 [Test worker] DEBUG o.s.w.c.RestTemplate - Accept=[application/json, application/x-jackson-smile, application/*+json]
03:15:42.931 [Test worker] DEBUG o.s.w.c.RestTemplate - Writing [[Person{name='Robert'}, Person{name='Marie'}]] as "application/json"
03:15:42.935 [XNIO-66 I/O-4] DEBUG o.s.w.s.a.HttpWebHandlerAdapter - [550df608] HTTP POST "/person-transform/publisher"
03:15:42.936 [XNIO-66 I/O-4] DEBUG o.s.w.r.r.m.a.RequestMappingHandlerMapping - [550df608] Mapped to org.springframework.web.reactive.result.method.annotation.RequestMappingMessageConversionIntegrationTests$PersonTransformationController#transformPublisher(Publisher)
03:15:42.936 [XNIO-66 I/O-4] DEBUG o.s.w.r.r.m.a.RequestBodyMethodArgumentResolver - [550df608] Content-Type:application/json
03:15:42.937 [XNIO-66 I/O-4] DEBUG o.s.w.r.r.m.a.RequestBodyMethodArgumentResolver - [550df608] 0..N [org.springframework.web.reactive.result.method.annotation.RequestMappingMessageConversionIntegrationTests$Person]
03:15:42.938 [XNIO-66 I/O-4] DEBUG o.s.w.r.r.m.a.ResponseBodyResultHandler - Using 'application/json' given [application/json] and supported [application/json, application/*+json, application/x-ndjson, application/x-jackson-smile, application/*+x-jackson-smile, application/xml, text/xml, text/event-stream]
03:15:42.938 [XNIO-66 I/O-4] DEBUG o.s.w.r.r.m.a.ResponseBodyResultHandler - [550df608] 0..N [org.springframework.web.reactive.result.method.annotation.RequestMappingMessageConversionIntegrationTests$Person]
03:15:42.938 [XNIO-66 I/O-4] DEBUG o.s.h.c.j.Jackson2JsonDecoder - [550df608] Decoded [Person{name='Robert'}]
03:15:42.938 [XNIO-66 I/O-4] DEBUG o.s.h.c.j.Jackson2JsonDecoder - [550df608] Decoded [Person{name='Marie'}]
03:15:42.938 [XNIO-66 I/O-4] DEBUG o.s.h.c.j.Jackson2JsonEncoder - [550df608] Encoding [[Person{name='ROBERT'}, Person{name='MARIE'}]]
03:15:42.939 [XNIO-66 I/O-4] DEBUG o.s.w.s.a.HttpWebHandlerAdapter - [550df608] Completed 200 OK
03:15:42.939 [Test worker] DEBUG o.s.w.c.RestTemplate - Response 200 OK
03:15:42.940 [Test worker] DEBUG o.s.w.c.RestTemplate - Reading to [java.util.List<org.springframework.web.reactive.result.method.annotation.RequestMappingMessageConversionIntegrationTests$Person>]
03:15:42.941 [Test worker] DEBUG o.s.w.t.h.s.r.b.UndertowHttpServer - Stopping UndertowHttpServer...
03:15:42.941 [Test worker] INFO  i.undertow - stopping server: Undertow - 2.1.3.Final
03:15:42.943 [Test worker] DEBUG o.s.w.t.h.s.r.b.UndertowHttpServer - Server stopped (0 millis).
03:15:43.007 [Test worker] DEBUG o.s.w.r.r.m.a.RequestMappingHandlerMapping - 34 mappings in 'requestMappingHandlerMapping'
03:15:43.120 [Test worker] DEBUG o.s.w.r.r.m.a.ControllerMethodResolver - ControllerAdvice beans: none
03:15:43.164 [Test worker] DEBUG o.s.w.s.a.HttpWebHandlerAdapter - enableLoggingRequestDetails='false': form data and headers will be masked to prevent unsafe logging of potentially sensitive data
03:15:43.165 [Test worker] WARN  o.e.j.s.h.ContextHandler - Empty contextPath
03:15:43.165 [Test worker] INFO  o.e.j.s.h.ContextHandler - Started o.e.j.s.ServletContextHandler@5cd19809{/,null,AVAILABLE}
03:15:43.166 [Test worker] DEBUG o.s.w.t.h.s.r.b.JettyHttpServer - Starting JettyHttpServer...
03:15:43.166 [Test worker] INFO  o.e.j.s.Server - jetty-9.4.31.v20200723; built: 2020-07-23T17:57:36.812Z; git: 450ba27947e13e66baa8cd1ce7e85a4461cacc1d; jvm 1.8.0_261-b12
03:15:43.234 [Test worker] INFO  o.e.j.s.AbstractConnector - Started ServerConnector@5779e262{HTTP/1.1, (http/1.1)}{0.0.0.0:63649}
03:15:43.234 [Test worker] INFO  o.e.j.s.Server - Started @174846ms
03:15:43.234 [Test worker] DEBUG o.s.w.t.h.s.r.b.JettyHttpServer - Server started on port 63649(0 millis).
03:15:43.235 [Test worker] DEBUG o.s.w.c.RestTemplate - HTTP POST http://localhost:63649/person-create/observable
03:15:43.235 [Test worker] DEBUG o.s.w.c.RestTemplate - Accept=[application/json, application/x-jackson-smile, application/*+json]
03:15:43.236 [Test worker] DEBUG o.s.w.c.RestTemplate - Writing [[Person{name='Robert'}, Person{name='Marie'}]] as "application/json"
03:15:43.250 [qtp2003424052-2784] DEBUG o.s.w.s.a.HttpWebHandlerAdapter - [21b88a0] HTTP POST "/person-create/observable"
03:15:43.250 [qtp2003424052-2784] DEBUG o.s.w.r.r.m.a.RequestMappingHandlerMapping - [21b88a0] Mapped to org.springframework.web.reactive.result.method.annotation.RequestMappingMessageConversionIntegrationTests$PersonCreateController#createWithObservable(Observable)
03:15:43.251 [qtp2003424052-2784] DEBUG o.s.w.r.r.m.a.RequestBodyMethodArgumentResolver - [21b88a0] Content-Type:application/json
03:15:43.251 [qtp2003424052-2784] DEBUG o.s.w.r.r.m.a.RequestBodyMethodArgumentResolver - [21b88a0] 0..N [org.springframework.web.reactive.result.method.annotation.RequestMappingMessageConversionIntegrationTests$Person]
03:15:43.252 [qtp2003424052-2784] DEBUG o.s.h.c.j.Jackson2JsonDecoder - [21b88a0] Decoded [Person{name='Robert'}]
03:15:43.252 [qtp2003424052-2784] DEBUG o.s.h.c.j.Jackson2JsonDecoder - [21b88a0] Decoded [Person{name='Marie'}]
03:15:43.252 [qtp2003424052-2784] DEBUG o.s.w.s.a.HttpWebHandlerAdapter - [21b88a0] Completed 200 OK
03:15:43.253 [Test worker] DEBUG o.s.w.c.RestTemplate - Response 200 OK
03:15:43.253 [Test worker] DEBUG o.s.w.t.h.s.r.b.JettyHttpServer - Stopping JettyHttpServer...
03:15:43.253 [Test worker] INFO  o.e.j.s.h.ContextHandler - Stopped o.e.j.s.ServletContextHandler@5cd19809{/,null,UNAVAILABLE}
03:15:43.256 [Test worker] INFO  o.e.j.s.AbstractConnector - Stopped ServerConnector@5779e262{HTTP/1.1, (http/1.1)}{0.0.0.0:0}
03:15:43.257 [Test worker] DEBUG o.s.w.t.h.s.r.b.JettyHttpServer - Server stopped (0 millis).
03:15:43.358 [Test worker] DEBUG o.s.w.r.r.m.a.RequestMappingHandlerMapping - 34 mappings in 'requestMappingHandlerMapping'
03:15:43.422 [Test worker] DEBUG o.s.w.r.r.m.a.ControllerMethodResolver - ControllerAdvice beans: none
03:15:43.524 [Test worker] DEBUG o.s.w.s.a.HttpWebHandlerAdapter - enableLoggingRequestDetails='false': form data and headers will be masked to prevent unsafe logging of potentially sensitive data
03:15:43.524 [Test worker] DEBUG o.s.w.t.h.s.r.b.ReactorHttpServer - Starting ReactorHttpServer...
03:15:43.526 [Test worker] DEBUG o.s.w.t.h.s.r.b.ReactorHttpServer - Server started on port 63656(0 millis).
03:15:43.528 [Test worker] DEBUG o.s.w.c.RestTemplate - HTTP POST http://localhost:63656/person-create/observable
03:15:43.528 [Test worker] DEBUG o.s.w.c.RestTemplate - Accept=[application/json, application/x-jackson-smile, application/*+json]
03:15:43.538 [Test worker] DEBUG o.s.w.c.RestTemplate - Writing [[Person{name='Robert'}, Person{name='Marie'}]] as "application/json"
03:15:43.703 [reactor-http-nio-4] DEBUG o.s.w.s.a.HttpWebHandlerAdapter - [de2f8517-71] HTTP POST "/person-create/observable"
03:15:43.703 [reactor-http-nio-4] DEBUG o.s.w.r.r.m.a.RequestMappingHandlerMapping - [de2f8517-71] Mapped to org.springframework.web.reactive.result.method.annotation.RequestMappingMessageConversionIntegrationTests$PersonCreateController#createWithObservable(Observable)
03:15:43.704 [reactor-http-nio-4] DEBUG o.s.w.r.r.m.a.RequestBodyMethodArgumentResolver - [de2f8517-71] Content-Type:application/json
03:15:43.704 [reactor-http-nio-4] DEBUG o.s.w.r.r.m.a.RequestBodyMethodArgumentResolver - [de2f8517-71] 0..N [org.springframework.web.reactive.result.method.annotation.RequestMappingMessageConversionIntegrationTests$Person]
03:15:43.705 [reactor-http-nio-4] DEBUG o.s.h.c.j.Jackson2JsonDecoder - [de2f8517-71] Decoded [Person{name='Robert'}]
03:15:43.705 [reactor-http-nio-4] DEBUG o.s.h.c.j.Jackson2JsonDecoder - [de2f8517-71] Decoded [Person{name='Marie'}]
03:15:43.706 [reactor-http-nio-4] DEBUG o.s.w.s.a.HttpWebHandlerAdapter - [de2f8517-71] Completed 200 OK
03:15:43.706 [Test worker] DEBUG o.s.w.c.RestTemplate - Response 200 OK
03:15:43.707 [Test worker] DEBUG o.s.w.t.h.s.r.b.ReactorHttpServer - Stopping ReactorHttpServer...
03:15:43.707 [Test worker] DEBUG o.s.w.t.h.s.r.b.ReactorHttpServer - Server stopped (0 millis).
03:15:43.820 [Test worker] DEBUG o.s.w.r.r.m.a.RequestMappingHandlerMapping - 34 mappings in 'requestMappingHandlerMapping'
03:15:43.857 [Test worker] DEBUG o.s.w.r.r.m.a.ControllerMethodResolver - ControllerAdvice beans: none
03:15:43.923 [Test worker] DEBUG o.s.w.s.a.HttpWebHandlerAdapter - enableLoggingRequestDetails='false': form data and headers will be masked to prevent unsafe logging of potentially sensitive data
03:15:43.923 [Test worker] DEBUG o.s.w.t.h.s.r.b.TomcatHttpServer - Starting TomcatHttpServer...
03:15:43.942 [Test worker] DEBUG o.s.w.t.h.s.r.b.TomcatHttpServer - Server started on port 63659(0 millis).
03:15:43.942 [Test worker] DEBUG o.s.w.c.RestTemplate - HTTP POST http://localhost:63659/person-create/observable
03:15:43.942 [Test worker] DEBUG o.s.w.c.RestTemplate - Accept=[application/json, application/x-jackson-smile, application/*+json]
03:15:43.944 [Test worker] DEBUG o.s.w.c.RestTemplate - Writing [[Person{name='Robert'}, Person{name='Marie'}]] as "application/json"
03:15:44.154 [http-nio-auto-68-exec-1] DEBUG o.s.w.s.a.HttpWebHandlerAdapter - [63dcc4e0] HTTP POST "/person-create/observable"
03:15:44.154 [http-nio-auto-68-exec-1] DEBUG o.s.w.r.r.m.a.RequestMappingHandlerMapping - [63dcc4e0] Mapped to org.springframework.web.reactive.result.method.annotation.RequestMappingMessageConversionIntegrationTests$PersonCreateController#createWithObservable(Observable)
03:15:44.155 [http-nio-auto-68-exec-1] DEBUG o.s.w.r.r.m.a.RequestBodyMethodArgumentResolver - [63dcc4e0] Content-Type:application/json
03:15:44.155 [http-nio-auto-68-exec-1] DEBUG o.s.w.r.r.m.a.RequestBodyMethodArgumentResolver - [63dcc4e0] 0..N [org.springframework.web.reactive.result.method.annotation.RequestMappingMessageConversionIntegrationTests$Person]
03:15:44.160 [http-nio-auto-68-exec-1] DEBUG o.s.h.c.j.Jackson2JsonDecoder - [63dcc4e0] Decoded [Person{name='Robert'}]
03:15:44.160 [http-nio-auto-68-exec-1] DEBUG o.s.h.c.j.Jackson2JsonDecoder - [63dcc4e0] Decoded [Person{name='Marie'}]
03:15:44.160 [http-nio-auto-68-exec-1] DEBUG o.s.w.s.a.HttpWebHandlerAdapter - [63dcc4e0] Completed 200 OK
03:15:44.161 [Test worker] DEBUG o.s.w.c.RestTemplate - Response 200 OK
03:15:44.161 [Test worker] DEBUG o.s.w.t.h.s.r.b.TomcatHttpServer - Stopping TomcatHttpServer...
03:15:44.678 [Test worker] DEBUG o.s.w.t.h.s.r.b.TomcatHttpServer - Server stopped (0 millis).
03:15:44.768 [Test worker] DEBUG o.s.w.r.r.m.a.RequestMappingHandlerMapping - 34 mappings in 'requestMappingHandlerMapping'
03:15:44.806 [Test worker] DEBUG o.s.w.r.r.m.a.ControllerMethodResolver - ControllerAdvice beans: none
03:15:44.837 [Test worker] DEBUG o.s.w.s.a.HttpWebHandlerAdapter - enableLoggingRequestDetails='false': form data and headers will be masked to prevent unsafe logging of potentially sensitive data
03:15:44.837 [Test worker] DEBUG o.s.w.t.h.s.r.b.UndertowHttpServer - Starting UndertowHttpServer...
03:15:44.837 [Test worker] INFO  i.undertow - starting server: Undertow - 2.1.3.Final
03:15:44.853 [Test worker] DEBUG o.s.w.t.h.s.r.b.UndertowHttpServer - Server started on port 63837(0 millis).
03:15:44.855 [Test worker] DEBUG o.s.w.c.RestTemplate - HTTP POST http://localhost:63837/person-create/observable
03:15:44.855 [Test worker] DEBUG o.s.w.c.RestTemplate - Accept=[application/json, application/x-jackson-smile, application/*+json]
03:15:44.856 [Test worker] DEBUG o.s.w.c.RestTemplate - Writing [[Person{name='Robert'}, Person{name='Marie'}]] as "application/json"
03:15:44.861 [XNIO-67 I/O-4] DEBUG o.s.w.s.a.HttpWebHandlerAdapter - [3c6a00ae] HTTP POST "/person-create/observable"
03:15:44.862 [XNIO-67 I/O-4] DEBUG o.s.w.r.r.m.a.RequestMappingHandlerMapping - [3c6a00ae] Mapped to org.springframework.web.reactive.result.method.annotation.RequestMappingMessageConversionIntegrationTests$PersonCreateController#createWithObservable(Observable)
03:15:44.863 [XNIO-67 I/O-4] DEBUG o.s.w.r.r.m.a.RequestBodyMethodArgumentResolver - [3c6a00ae] Content-Type:application/json
03:15:44.863 [XNIO-67 I/O-4] DEBUG o.s.w.r.r.m.a.RequestBodyMethodArgumentResolver - [3c6a00ae] 0..N [org.springframework.web.reactive.result.method.annotation.RequestMappingMessageConversionIntegrationTests$Person]
03:15:44.864 [XNIO-67 I/O-4] DEBUG o.s.h.c.j.Jackson2JsonDecoder - [3c6a00ae] Decoded [Person{name='Robert'}]
03:15:44.864 [XNIO-67 I/O-4] DEBUG o.s.h.c.j.Jackson2JsonDecoder - [3c6a00ae] Decoded [Person{name='Marie'}]
03:15:44.864 [XNIO-67 I/O-4] DEBUG o.s.w.s.a.HttpWebHandlerAdapter - [3c6a00ae] Completed 200 OK
03:15:44.864 [Test worker] DEBUG o.s.w.c.RestTemplate - Response 200 OK
03:15:44.864 [Test worker] DEBUG o.s.w.t.h.s.r.b.UndertowHttpServer - Stopping UndertowHttpServer...
03:15:44.865 [Test worker] INFO  i.undertow - stopping server: Undertow - 2.1.3.Final
03:15:44.867 [Test worker] DEBUG o.s.w.t.h.s.r.b.UndertowHttpServer - Server stopped (0 millis).
03:15:44.960 [Test worker] DEBUG o.s.w.r.r.m.a.RequestMappingHandlerMapping - 34 mappings in 'requestMappingHandlerMapping'
03:15:45.005 [Test worker] DEBUG o.s.w.r.r.m.a.ControllerMethodResolver - ControllerAdvice beans: none
03:15:45.026 [Test worker] DEBUG o.s.w.s.a.HttpWebHandlerAdapter - enableLoggingRequestDetails='false': form data and headers will be masked to prevent unsafe logging of potentially sensitive data
03:15:45.027 [Test worker] WARN  o.e.j.s.h.ContextHandler - Empty contextPath
03:15:45.027 [Test worker] INFO  o.e.j.s.h.ContextHandler - Started o.e.j.s.ServletContextHandler@7ac19f57{/,null,AVAILABLE}
03:15:45.027 [Test worker] DEBUG o.s.w.t.h.s.r.b.JettyHttpServer - Starting JettyHttpServer...
03:15:45.027 [Test worker] INFO  o.e.j.s.Server - jetty-9.4.31.v20200723; built: 2020-07-23T17:57:36.812Z; git: 450ba27947e13e66baa8cd1ce7e85a4461cacc1d; jvm 1.8.0_261-b12
03:15:45.030 [Test worker] INFO  o.e.j.s.AbstractConnector - Started ServerConnector@5ef4e935{HTTP/1.1, (http/1.1)}{0.0.0.0:63870}
03:15:45.030 [Test worker] INFO  o.e.j.s.Server - Started @176642ms
03:15:45.030 [Test worker] DEBUG o.s.w.t.h.s.r.b.JettyHttpServer - Server started on port 63870(0 millis).
03:15:45.031 [Test worker] DEBUG o.s.w.c.RestTemplate - HTTP POST http://localhost:63870/person-create/mono
03:15:45.031 [Test worker] DEBUG o.s.w.c.RestTemplate - Accept=[application/json, application/x-jackson-smile, application/*+json]
03:15:45.031 [Test worker] DEBUG o.s.w.c.RestTemplate - Writing [Person{name='Robert'}] as "application/json"
03:15:45.036 [qtp1947802192-2825] DEBUG o.s.w.s.a.HttpWebHandlerAdapter - [1885c235] HTTP POST "/person-create/mono"
03:15:45.036 [qtp1947802192-2825] DEBUG o.s.w.r.r.m.a.RequestMappingHandlerMapping - [1885c235] Mapped to org.springframework.web.reactive.result.method.annotation.RequestMappingMessageConversionIntegrationTests$PersonCreateController#createWithMono(Mono)
03:15:45.036 [qtp1947802192-2825] DEBUG o.s.w.r.r.m.a.RequestBodyMethodArgumentResolver - [1885c235] Content-Type:application/json
03:15:45.037 [qtp1947802192-2825] DEBUG o.s.w.r.r.m.a.RequestBodyMethodArgumentResolver - [1885c235] 0..1 [org.springframework.web.reactive.result.method.annotation.RequestMappingMessageConversionIntegrationTests$Person]
03:15:45.038 [qtp1947802192-2825] DEBUG o.s.h.c.j.Jackson2JsonDecoder - [1885c235] Decoded [Person{name='Robert'}]
03:15:45.038 [qtp1947802192-2825] DEBUG o.s.w.s.a.HttpWebHandlerAdapter - [1885c235] Completed 200 OK
03:15:45.039 [Test worker] DEBUG o.s.w.c.RestTemplate - Response 200 OK
03:15:45.039 [Test worker] DEBUG o.s.w.t.h.s.r.b.JettyHttpServer - Stopping JettyHttpServer...
03:15:45.039 [Test worker] INFO  o.e.j.s.h.ContextHandler - Stopped o.e.j.s.ServletContextHandler@7ac19f57{/,null,UNAVAILABLE}
03:15:45.042 [Test worker] INFO  o.e.j.s.AbstractConnector - Stopped ServerConnector@5ef4e935{HTTP/1.1, (http/1.1)}{0.0.0.0:0}
03:15:45.042 [Test worker] DEBUG o.s.w.t.h.s.r.b.JettyHttpServer - Server stopped (0 millis).
03:15:45.183 [Test worker] DEBUG o.s.w.r.r.m.a.RequestMappingHandlerMapping - 34 mappings in 'requestMappingHandlerMapping'
03:15:45.221 [Test worker] DEBUG o.s.w.r.r.m.a.ControllerMethodResolver - ControllerAdvice beans: none
03:15:45.238 [Test worker] DEBUG o.s.w.s.a.HttpWebHandlerAdapter - enableLoggingRequestDetails='false': form data and headers will be masked to prevent unsafe logging of potentially sensitive data
03:15:45.238 [Test worker] DEBUG o.s.w.t.h.s.r.b.ReactorHttpServer - Starting ReactorHttpServer...
03:15:45.239 [Test worker] DEBUG o.s.w.t.h.s.r.b.ReactorHttpServer - Server started on port 63876(0 millis).
03:15:45.239 [Test worker] DEBUG o.s.w.c.RestTemplate - HTTP POST http://localhost:63876/person-create/mono
03:15:45.240 [Test worker] DEBUG o.s.w.c.RestTemplate - Accept=[application/json, application/x-jackson-smile, application/*+json]
03:15:45.240 [Test worker] DEBUG o.s.w.c.RestTemplate - Writing [Person{name='Robert'}] as "application/json"
03:15:45.245 [reactor-http-nio-2] DEBUG o.s.w.s.a.HttpWebHandlerAdapter - [0f545abd-72] HTTP POST "/person-create/mono"
03:15:45.245 [reactor-http-nio-2] DEBUG o.s.w.r.r.m.a.RequestMappingHandlerMapping - [0f545abd-72] Mapped to org.springframework.web.reactive.result.method.annotation.RequestMappingMessageConversionIntegrationTests$PersonCreateController#createWithMono(Mono)
03:15:45.245 [reactor-http-nio-2] DEBUG o.s.w.r.r.m.a.RequestBodyMethodArgumentResolver - [0f545abd-72] Content-Type:application/json
03:15:45.246 [reactor-http-nio-2] DEBUG o.s.w.r.r.m.a.RequestBodyMethodArgumentResolver - [0f545abd-72] 0..1 [org.springframework.web.reactive.result.method.annotation.RequestMappingMessageConversionIntegrationTests$Person]
03:15:45.247 [reactor-http-nio-2] DEBUG o.s.h.c.j.Jackson2JsonDecoder - [0f545abd-72] Decoded [Person{name='Robert'}]
03:15:45.247 [reactor-http-nio-2] DEBUG o.s.w.s.a.HttpWebHandlerAdapter - [0f545abd-72] Completed 200 OK
03:15:45.247 [Test worker] DEBUG o.s.w.c.RestTemplate - Response 200 OK
03:15:45.248 [Test worker] DEBUG o.s.w.t.h.s.r.b.ReactorHttpServer - Stopping ReactorHttpServer...
03:15:45.248 [Test worker] DEBUG o.s.w.t.h.s.r.b.ReactorHttpServer - Server stopped (0 millis).
03:15:45.318 [Test worker] DEBUG o.s.w.r.r.m.a.RequestMappingHandlerMapping - 34 mappings in 'requestMappingHandlerMapping'
03:15:45.378 [Test worker] DEBUG o.s.w.r.r.m.a.ControllerMethodResolver - ControllerAdvice beans: none
03:15:45.427 [Test worker] DEBUG o.s.w.s.a.HttpWebHandlerAdapter - enableLoggingRequestDetails='false': form data and headers will be masked to prevent unsafe logging of potentially sensitive data
03:15:45.429 [Test worker] DEBUG o.s.w.t.h.s.r.b.TomcatHttpServer - Starting TomcatHttpServer...
03:15:45.444 [Test worker] DEBUG o.s.w.t.h.s.r.b.TomcatHttpServer - Server started on port 63931(0 millis).
03:15:45.444 [Test worker] DEBUG o.s.w.c.RestTemplate - HTTP POST http://localhost:63931/person-create/mono
03:15:45.444 [Test worker] DEBUG o.s.w.c.RestTemplate - Accept=[application/json, application/x-jackson-smile, application/*+json]
03:15:45.445 [Test worker] DEBUG o.s.w.c.RestTemplate - Writing [Person{name='Robert'}] as "application/json"
03:15:45.462 [http-nio-auto-69-exec-1] DEBUG o.s.w.s.a.HttpWebHandlerAdapter - [7cfdf760] HTTP POST "/person-create/mono"
03:15:45.463 [http-nio-auto-69-exec-1] DEBUG o.s.w.r.r.m.a.RequestMappingHandlerMapping - [7cfdf760] Mapped to org.springframework.web.reactive.result.method.annotation.RequestMappingMessageConversionIntegrationTests$PersonCreateController#createWithMono(Mono)
03:15:45.464 [http-nio-auto-69-exec-1] DEBUG o.s.w.r.r.m.a.RequestBodyMethodArgumentResolver - [7cfdf760] Content-Type:application/json
03:15:45.464 [http-nio-auto-69-exec-1] DEBUG o.s.w.r.r.m.a.RequestBodyMethodArgumentResolver - [7cfdf760] 0..1 [org.springframework.web.reactive.result.method.annotation.RequestMappingMessageConversionIntegrationTests$Person]
03:15:45.465 [http-nio-auto-69-exec-1] DEBUG o.s.h.c.j.Jackson2JsonDecoder - [7cfdf760] Decoded [Person{name='Robert'}]
03:15:45.465 [http-nio-auto-69-exec-1] DEBUG o.s.w.s.a.HttpWebHandlerAdapter - [7cfdf760] Completed 200 OK
03:15:45.466 [Test worker] DEBUG o.s.w.c.RestTemplate - Response 200 OK
03:15:45.466 [Test worker] DEBUG o.s.w.t.h.s.r.b.TomcatHttpServer - Stopping TomcatHttpServer...
03:15:45.911 [Test worker] DEBUG o.s.w.t.h.s.r.b.TomcatHttpServer - Server stopped (0 millis).
03:15:46.039 [Test worker] DEBUG o.s.w.r.r.m.a.RequestMappingHandlerMapping - 34 mappings in 'requestMappingHandlerMapping'
03:15:46.067 [Test worker] DEBUG o.s.w.r.r.m.a.ControllerMethodResolver - ControllerAdvice beans: none
03:15:46.205 [Test worker] DEBUG o.s.w.s.a.HttpWebHandlerAdapter - enableLoggingRequestDetails='false': form data and headers will be masked to prevent unsafe logging of potentially sensitive data
03:15:46.205 [Test worker] DEBUG o.s.w.t.h.s.r.b.UndertowHttpServer - Starting UndertowHttpServer...
03:15:46.205 [Test worker] INFO  i.undertow - starting server: Undertow - 2.1.3.Final
03:15:46.223 [Test worker] DEBUG o.s.w.t.h.s.r.b.UndertowHttpServer - Server started on port 64076(0 millis).
03:15:46.223 [Test worker] DEBUG o.s.w.c.RestTemplate - HTTP POST http://localhost:64076/person-create/mono
03:15:46.223 [Test worker] DEBUG o.s.w.c.RestTemplate - Accept=[application/json, application/x-jackson-smile, application/*+json]
03:15:46.224 [Test worker] DEBUG o.s.w.c.RestTemplate - Writing [Person{name='Robert'}] as "application/json"
03:15:46.237 [XNIO-68 I/O-3] DEBUG o.s.w.s.a.HttpWebHandlerAdapter - [177ba0e6] HTTP POST "/person-create/mono"
03:15:46.237 [XNIO-68 I/O-3] DEBUG o.s.w.r.r.m.a.RequestMappingHandlerMapping - [177ba0e6] Mapped to org.springframework.web.reactive.result.method.annotation.RequestMappingMessageConversionIntegrationTests$PersonCreateController#createWithMono(Mono)
03:15:46.237 [XNIO-68 I/O-3] DEBUG o.s.w.r.r.m.a.RequestBodyMethodArgumentResolver - [177ba0e6] Content-Type:application/json
03:15:46.238 [XNIO-68 I/O-3] DEBUG o.s.w.r.r.m.a.RequestBodyMethodArgumentResolver - [177ba0e6] 0..1 [org.springframework.web.reactive.result.method.annotation.RequestMappingMessageConversionIntegrationTests$Person]
03:15:46.239 [XNIO-68 I/O-3] DEBUG o.s.h.c.j.Jackson2JsonDecoder - [177ba0e6] Decoded [Person{name='Robert'}]
03:15:46.239 [XNIO-68 I/O-3] DEBUG o.s.w.s.a.HttpWebHandlerAdapter - [177ba0e6] Completed 200 OK
03:15:46.239 [Test worker] DEBUG o.s.w.c.RestTemplate - Response 200 OK
03:15:46.240 [Test worker] DEBUG o.s.w.t.h.s.r.b.UndertowHttpServer - Stopping UndertowHttpServer...
03:15:46.240 [Test worker] INFO  i.undertow - stopping server: Undertow - 2.1.3.Final
03:15:46.241 [Test worker] DEBUG o.s.w.t.h.s.r.b.UndertowHttpServer - Server stopped (0 millis).
03:15:46.333 [Test worker] DEBUG o.s.w.r.r.m.a.RequestMappingHandlerMapping - 34 mappings in 'requestMappingHandlerMapping'
03:15:46.389 [Test worker] DEBUG o.s.w.r.r.m.a.ControllerMethodResolver - ControllerAdvice beans: none
03:15:46.446 [Test worker] DEBUG o.s.w.s.a.HttpWebHandlerAdapter - enableLoggingRequestDetails='false': form data and headers will be masked to prevent unsafe logging of potentially sensitive data
03:15:46.446 [Test worker] WARN  o.e.j.s.h.ContextHandler - Empty contextPath
03:15:46.447 [Test worker] INFO  o.e.j.s.h.ContextHandler - Started o.e.j.s.ServletContextHandler@23cce7fc{/,null,AVAILABLE}
03:15:46.447 [Test worker] DEBUG o.s.w.t.h.s.r.b.JettyHttpServer - Starting JettyHttpServer...
03:15:46.447 [Test worker] INFO  o.e.j.s.Server - jetty-9.4.31.v20200723; built: 2020-07-23T17:57:36.812Z; git: 450ba27947e13e66baa8cd1ce7e85a4461cacc1d; jvm 1.8.0_261-b12
03:15:46.462 [Test worker] INFO  o.e.j.s.AbstractConnector - Started ServerConnector@654144d4{HTTP/1.1, (http/1.1)}{0.0.0.0:64115}
03:15:46.462 [Test worker] INFO  o.e.j.s.Server - Started @178073ms
03:15:46.462 [Test worker] DEBUG o.s.w.t.h.s.r.b.JettyHttpServer - Server started on port 64115(0 millis).
03:15:46.462 [Test worker] DEBUG o.s.w.c.RestTemplate - HTTP GET http://localhost:64115/person-response/person
03:15:46.463 [Test worker] DEBUG o.s.w.c.RestTemplate - Accept=[application/xml, text/xml, application/json, application/x-jackson-smile, application/*+xml, application/*+json]
03:15:46.466 [qtp221616757-2865] DEBUG o.s.w.s.a.HttpWebHandlerAdapter - [4a7445b8] HTTP GET "/person-response/person"
03:15:46.467 [qtp221616757-2865] DEBUG o.s.w.r.r.m.a.RequestMappingHandlerMapping - [4a7445b8] Mapped to org.springframework.web.reactive.result.method.annotation.RequestMappingMessageConversionIntegrationTests$PersonResponseBodyController#getPerson()
03:15:46.468 [qtp221616757-2865] DEBUG o.s.w.r.r.m.a.ResponseBodyResultHandler - Using 'application/json' given [application/json] and supported [application/json, application/*+json, application/x-ndjson, application/x-jackson-smile, application/*+x-jackson-smile, application/xml, text/xml, text/event-stream]
03:15:46.468 [qtp221616757-2865] DEBUG o.s.w.r.r.m.a.ResponseBodyResultHandler - [4a7445b8] 0..1 [org.springframework.web.reactive.result.method.annotation.RequestMappingMessageConversionIntegrationTests$Person]
03:15:46.468 [qtp221616757-2865] DEBUG o.s.h.c.j.Jackson2JsonEncoder - [4a7445b8] Encoding [Person{name='Robert'}]
03:15:46.469 [Test worker] DEBUG o.s.w.c.RestTemplate - Response 200 OK
03:15:46.469 [Test worker] DEBUG o.s.w.c.RestTemplate - Reading to [org.springframework.web.reactive.result.method.annotation.RequestMappingMessageConversionIntegrationTests$Person]
03:15:46.469 [qtp221616757-2865] DEBUG o.s.w.s.a.HttpWebHandlerAdapter - [4a7445b8] Completed 200 OK
03:15:46.470 [Test worker] DEBUG o.s.w.t.h.s.r.b.JettyHttpServer - Stopping JettyHttpServer...
03:15:46.470 [Test worker] INFO  o.e.j.s.h.ContextHandler - Stopped o.e.j.s.ServletContextHandler@23cce7fc{/,null,UNAVAILABLE}
03:15:46.472 [Test worker] INFO  o.e.j.s.AbstractConnector - Stopped ServerConnector@654144d4{HTTP/1.1, (http/1.1)}{0.0.0.0:0}
03:15:46.476 [Test worker] DEBUG o.s.w.t.h.s.r.b.JettyHttpServer - Server stopped (0 millis).
03:15:46.625 [Test worker] DEBUG o.s.w.r.r.m.a.RequestMappingHandlerMapping - 34 mappings in 'requestMappingHandlerMapping'
03:15:46.641 [Test worker] DEBUG o.s.w.r.r.m.a.ControllerMethodResolver - ControllerAdvice beans: none
03:15:46.665 [Test worker] DEBUG o.s.w.s.a.HttpWebHandlerAdapter - enableLoggingRequestDetails='false': form data and headers will be masked to prevent unsafe logging of potentially sensitive data
03:15:46.665 [Test worker] DEBUG o.s.w.t.h.s.r.b.ReactorHttpServer - Starting ReactorHttpServer...
03:15:46.667 [Test worker] DEBUG o.s.w.t.h.s.r.b.ReactorHttpServer - Server started on port 64139(0 millis).
03:15:46.667 [Test worker] DEBUG o.s.w.c.RestTemplate - HTTP GET http://localhost:64139/person-response/person
03:15:46.668 [Test worker] DEBUG o.s.w.c.RestTemplate - Accept=[application/xml, text/xml, application/json, application/x-jackson-smile, application/*+xml, application/*+json]
03:15:46.673 [reactor-http-nio-4] DEBUG o.s.w.s.a.HttpWebHandlerAdapter - [21a4eedd-73] HTTP GET "/person-response/person"
03:15:46.673 [reactor-http-nio-4] DEBUG o.s.w.r.r.m.a.RequestMappingHandlerMapping - [21a4eedd-73] Mapped to org.springframework.web.reactive.result.method.annotation.RequestMappingMessageConversionIntegrationTests$PersonResponseBodyController#getPerson()
03:15:46.674 [reactor-http-nio-4] DEBUG o.s.w.r.r.m.a.ResponseBodyResultHandler - Using 'application/json' given [application/json] and supported [application/json, application/*+json, application/x-ndjson, application/x-jackson-smile, application/*+x-jackson-smile, application/xml, text/xml, text/event-stream]
03:15:46.674 [reactor-http-nio-4] DEBUG o.s.w.r.r.m.a.ResponseBodyResultHandler - [21a4eedd-73] 0..1 [org.springframework.web.reactive.result.method.annotation.RequestMappingMessageConversionIntegrationTests$Person]
03:15:46.674 [reactor-http-nio-4] DEBUG o.s.h.c.j.Jackson2JsonEncoder - [21a4eedd-73] Encoding [Person{name='Robert'}]
03:15:46.675 [Test worker] DEBUG o.s.w.c.RestTemplate - Response 200 OK
03:15:46.675 [Test worker] DEBUG o.s.w.c.RestTemplate - Reading to [org.springframework.web.reactive.result.method.annotation.RequestMappingMessageConversionIntegrationTests$Person]
03:15:46.675 [reactor-http-nio-4] DEBUG o.s.w.s.a.HttpWebHandlerAdapter - [21a4eedd-73] Completed 200 OK
03:15:46.676 [Test worker] DEBUG o.s.w.t.h.s.r.b.ReactorHttpServer - Stopping ReactorHttpServer...
03:15:46.676 [Test worker] DEBUG o.s.w.t.h.s.r.b.ReactorHttpServer - Server stopped (0 millis).
03:15:46.764 [Test worker] DEBUG o.s.w.r.r.m.a.RequestMappingHandlerMapping - 34 mappings in 'requestMappingHandlerMapping'
03:15:46.806 [Test worker] DEBUG o.s.w.r.r.m.a.ControllerMethodResolver - ControllerAdvice beans: none
03:15:46.827 [Test worker] DEBUG o.s.w.s.a.HttpWebHandlerAdapter - enableLoggingRequestDetails='false': form data and headers will be masked to prevent unsafe logging of potentially sensitive data
03:15:46.828 [Test worker] DEBUG o.s.w.t.h.s.r.b.TomcatHttpServer - Starting TomcatHttpServer...
03:15:46.837 [Test worker] DEBUG o.s.w.t.h.s.r.b.TomcatHttpServer - Server started on port 64188(0 millis).
03:15:46.837 [Test worker] DEBUG o.s.w.c.RestTemplate - HTTP GET http://localhost:64188/person-response/person
03:15:46.838 [Test worker] DEBUG o.s.w.c.RestTemplate - Accept=[application/xml, text/xml, application/json, application/x-jackson-smile, application/*+xml, application/*+json]
03:15:46.856 [http-nio-auto-70-exec-1] DEBUG o.s.w.s.a.HttpWebHandlerAdapter - [2bcd6f54] HTTP GET "/person-response/person"
03:15:46.856 [http-nio-auto-70-exec-1] DEBUG o.s.w.r.r.m.a.RequestMappingHandlerMapping - [2bcd6f54] Mapped to org.springframework.web.reactive.result.method.annotation.RequestMappingMessageConversionIntegrationTests$PersonResponseBodyController#getPerson()
03:15:46.857 [http-nio-auto-70-exec-1] DEBUG o.s.w.r.r.m.a.ResponseBodyResultHandler - Using 'application/json' given [application/json] and supported [application/json, application/*+json, application/x-ndjson, application/x-jackson-smile, application/*+x-jackson-smile, application/xml, text/xml, text/event-stream]
03:15:46.857 [http-nio-auto-70-exec-1] DEBUG o.s.w.r.r.m.a.ResponseBodyResultHandler - [2bcd6f54] 0..1 [org.springframework.web.reactive.result.method.annotation.RequestMappingMessageConversionIntegrationTests$Person]
03:15:46.858 [http-nio-auto-70-exec-1] DEBUG o.s.h.c.j.Jackson2JsonEncoder - [2bcd6f54] Encoding [Person{name='Robert'}]
03:15:46.859 [Test worker] DEBUG o.s.w.c.RestTemplate - Response 200 OK
03:15:46.859 [http-nio-auto-70-exec-1] DEBUG o.s.w.s.a.HttpWebHandlerAdapter - [2bcd6f54] Completed 200 OK
03:15:46.859 [Test worker] DEBUG o.s.w.c.RestTemplate - Reading to [org.springframework.web.reactive.result.method.annotation.RequestMappingMessageConversionIntegrationTests$Person]
03:15:46.859 [Test worker] DEBUG o.s.w.t.h.s.r.b.TomcatHttpServer - Stopping TomcatHttpServer...
03:15:47.064 [Test worker] DEBUG o.s.w.t.h.s.r.b.TomcatHttpServer - Server stopped (0 millis).
03:15:47.188 [Test worker] DEBUG o.s.w.r.r.m.a.RequestMappingHandlerMapping - 34 mappings in 'requestMappingHandlerMapping'
03:15:47.242 [Test worker] DEBUG o.s.w.r.r.m.a.ControllerMethodResolver - ControllerAdvice beans: none
03:15:47.283 [Test worker] DEBUG o.s.w.s.a.HttpWebHandlerAdapter - enableLoggingRequestDetails='false': form data and headers will be masked to prevent unsafe logging of potentially sensitive data
03:15:47.283 [Test worker] DEBUG o.s.w.t.h.s.r.b.UndertowHttpServer - Starting UndertowHttpServer...
03:15:47.283 [Test worker] INFO  i.undertow - starting server: Undertow - 2.1.3.Final
03:15:47.290 [Test worker] DEBUG o.s.w.t.h.s.r.b.UndertowHttpServer - Server started on port 64229(0 millis).
03:15:47.290 [Test worker] DEBUG o.s.w.c.RestTemplate - HTTP GET http://localhost:64229/person-response/person
03:15:47.291 [Test worker] DEBUG o.s.w.c.RestTemplate - Accept=[application/xml, text/xml, application/json, application/x-jackson-smile, application/*+xml, application/*+json]
03:15:47.296 [XNIO-69 I/O-2] DEBUG o.s.w.s.a.HttpWebHandlerAdapter - [7ca63af2] HTTP GET "/person-response/person"
03:15:47.296 [XNIO-69 I/O-2] DEBUG o.s.w.r.r.m.a.RequestMappingHandlerMapping - [7ca63af2] Mapped to org.springframework.web.reactive.result.method.annotation.RequestMappingMessageConversionIntegrationTests$PersonResponseBodyController#getPerson()
03:15:47.297 [XNIO-69 I/O-2] DEBUG o.s.w.r.r.m.a.ResponseBodyResultHandler - Using 'application/json' given [application/json] and supported [application/json, application/*+json, application/x-ndjson, application/x-jackson-smile, application/*+x-jackson-smile, application/xml, text/xml, text/event-stream]
03:15:47.297 [XNIO-69 I/O-2] DEBUG o.s.w.r.r.m.a.ResponseBodyResultHandler - [7ca63af2] 0..1 [org.springframework.web.reactive.result.method.annotation.RequestMappingMessageConversionIntegrationTests$Person]
03:15:47.297 [XNIO-69 I/O-2] DEBUG o.s.h.c.j.Jackson2JsonEncoder - [7ca63af2] Encoding [Person{name='Robert'}]
03:15:47.298 [Test worker] DEBUG o.s.w.c.RestTemplate - Response 200 OK
03:15:47.298 [Test worker] DEBUG o.s.w.c.RestTemplate - Reading to [org.springframework.web.reactive.result.method.annotation.RequestMappingMessageConversionIntegrationTests$Person]
03:15:47.298 [XNIO-69 I/O-2] DEBUG o.s.w.s.a.HttpWebHandlerAdapter - [7ca63af2] Completed 200 OK
03:15:47.298 [Test worker] DEBUG o.s.w.t.h.s.r.b.UndertowHttpServer - Stopping UndertowHttpServer...
03:15:47.298 [Test worker] INFO  i.undertow - stopping server: Undertow - 2.1.3.Final
03:15:47.301 [Test worker] DEBUG o.s.w.t.h.s.r.b.UndertowHttpServer - Server stopped (0 millis).
]]></system-out>
  <system-err><![CDATA[]]></system-err>
</testsuite>
