<?xml version="1.0" encoding="UTF-8"?>
<testsuite name="org.springframework.web.reactive.function.server.DefaultEntityResponseBuilderTests" tests="17" skipped="0" failures="0" errors="0" timestamp="2023-03-20T08:19:53" hostname="DESKTOP-VGJP1PJ" time="0.568">
  <properties/>
  <testcase name="notModifiedEtag()" classname="org.springframework.web.reactive.function.server.DefaultEntityResponseBuilderTests" time="0.172"/>
  <testcase name="status()" classname="org.springframework.web.reactive.function.server.DefaultEntityResponseBuilderTests" time="0.001"/>
  <testcase name="varyBy()" classname="org.springframework.web.reactive.function.server.DefaultEntityResponseBuilderTests" time="0.001"/>
  <testcase name="fromPublisher()" classname="org.springframework.web.reactive.function.server.DefaultEntityResponseBuilderTests" time="0.0"/>
  <testcase name="contentLength()" classname="org.springframework.web.reactive.function.server.DefaultEntityResponseBuilderTests" time="0.001"/>
  <testcase name="contentType()" classname="org.springframework.web.reactive.function.server.DefaultEntityResponseBuilderTests" time="0.001"/>
  <testcase name="etag()" classname="org.springframework.web.reactive.function.server.DefaultEntityResponseBuilderTests" time="0.001"/>
  <testcase name="allow()" classname="org.springframework.web.reactive.function.server.DefaultEntityResponseBuilderTests" time="0.002"/>
  <testcase name="cacheControlTag()" classname="org.springframework.web.reactive.function.server.DefaultEntityResponseBuilderTests" time="0.001"/>
  <testcase name="notModifiedLastModified()" classname="org.springframework.web.reactive.function.server.DefaultEntityResponseBuilderTests" time="0.005"/>
  <testcase name="bodyInserter()" classname="org.springframework.web.reactive.function.server.DefaultEntityResponseBuilderTests" time="0.164"/>
  <testcase name="headers()" classname="org.springframework.web.reactive.function.server.DefaultEntityResponseBuilderTests" time="0.002"/>
  <testcase name="fromProducer()" classname="org.springframework.web.reactive.function.server.DefaultEntityResponseBuilderTests" time="0.203"/>
  <testcase name="cookies()" classname="org.springframework.web.reactive.function.server.DefaultEntityResponseBuilderTests" time="0.003"/>
  <testcase name="fromPublisherClass()" classname="org.springframework.web.reactive.function.server.DefaultEntityResponseBuilderTests" time="0.0"/>
  <testcase name="lastModified()" classname="org.springframework.web.reactive.function.server.DefaultEntityResponseBuilderTests" time="0.001"/>
  <testcase name="fromObject()" classname="org.springframework.web.reactive.function.server.DefaultEntityResponseBuilderTests" time="0.0"/>
  <system-out><![CDATA[]]></system-out>
  <system-err><![CDATA[]]></system-err>
</testsuite>
