<?xml version="1.0" encoding="UTF-8"?>
<testsuite name="org.springframework.web.reactive.accept.ParameterContentTypeResolverTests" tests="5" skipped="0" failures="0" errors="0" timestamp="2023-03-20T08:13:06" hostname="DESKTOP-VGJP1PJ" time="8.798">
  <properties/>
  <testcase name="noMatchForKey()" classname="org.springframework.web.reactive.accept.ParameterContentTypeResolverTests" time="8.682"/>
  <testcase name="resolveKeyThroughMediaTypeFactory()" classname="org.springframework.web.reactive.accept.ParameterContentTypeResolverTests" time="0.105"/>
  <testcase name="noKey()" classname="org.springframework.web.reactive.accept.ParameterContentTypeResolverTests" time="0.003"/>
  <testcase name="resolveKeyFromRegistrations()" classname="org.springframework.web.reactive.accept.ParameterContentTypeResolverTests" time="0.004"/>
  <testcase name="resolveKeyIsCaseInsensitive()" classname="org.springframework.web.reactive.accept.ParameterContentTypeResolverTests" time="0.002"/>
  <system-out><![CDATA[]]></system-out>
  <system-err><![CDATA[]]></system-err>
</testsuite>
