<?xml version="1.0" encoding="UTF-8"?>
<testsuite name="org.springframework.web.reactive.result.method.annotation.RequestMappingExceptionHandlingIntegrationTests" tests="24" skipped="0" failures="0" errors="0" timestamp="2023-03-20T08:14:19" hostname="DESKTOP-VGJP1PJ" time="14.708">
  <properties/>
  <testcase name="errorBeforeFirstItem(HttpServer)[1]" classname="org.springframework.web.reactive.result.method.annotation.RequestMappingExceptionHandlingIntegrationTests" time="0.462"/>
  <testcase name="errorBeforeFirstItem(HttpServer)[2]" classname="org.springframework.web.reactive.result.method.annotation.RequestMappingExceptionHandlingIntegrationTests" time="0.198"/>
  <testcase name="errorBeforeFirstItem(HttpServer)[3]" classname="org.springframework.web.reactive.result.method.annotation.RequestMappingExceptionHandlingIntegrationTests" time="1.948"/>
  <testcase name="errorBeforeFirstItem(HttpServer)[4]" classname="org.springframework.web.reactive.result.method.annotation.RequestMappingExceptionHandlingIntegrationTests" time="0.401"/>
  <testcase name="thrownExceptionWithCauseToHandle(HttpServer)[1]" classname="org.springframework.web.reactive.result.method.annotation.RequestMappingExceptionHandlingIntegrationTests" time="0.175"/>
  <testcase name="thrownExceptionWithCauseToHandle(HttpServer)[2]" classname="org.springframework.web.reactive.result.method.annotation.RequestMappingExceptionHandlingIntegrationTests" time="0.331"/>
  <testcase name="thrownExceptionWithCauseToHandle(HttpServer)[3]" classname="org.springframework.web.reactive.result.method.annotation.RequestMappingExceptionHandlingIntegrationTests" time="1.351"/>
  <testcase name="thrownExceptionWithCauseToHandle(HttpServer)[4]" classname="org.springframework.web.reactive.result.method.annotation.RequestMappingExceptionHandlingIntegrationTests" time="0.336"/>
  <testcase name="exceptionFromMethodWithProducesCondition(HttpServer)[1]" classname="org.springframework.web.reactive.result.method.annotation.RequestMappingExceptionHandlingIntegrationTests" time="0.264"/>
  <testcase name="exceptionFromMethodWithProducesCondition(HttpServer)[2]" classname="org.springframework.web.reactive.result.method.annotation.RequestMappingExceptionHandlingIntegrationTests" time="0.182"/>
  <testcase name="exceptionFromMethodWithProducesCondition(HttpServer)[3]" classname="org.springframework.web.reactive.result.method.annotation.RequestMappingExceptionHandlingIntegrationTests" time="0.692"/>
  <testcase name="exceptionFromMethodWithProducesCondition(HttpServer)[4]" classname="org.springframework.web.reactive.result.method.annotation.RequestMappingExceptionHandlingIntegrationTests" time="0.155"/>
  <testcase name="thrownException(HttpServer)[1]" classname="org.springframework.web.reactive.result.method.annotation.RequestMappingExceptionHandlingIntegrationTests" time="0.27"/>
  <testcase name="thrownException(HttpServer)[2]" classname="org.springframework.web.reactive.result.method.annotation.RequestMappingExceptionHandlingIntegrationTests" time="0.331"/>
  <testcase name="thrownException(HttpServer)[3]" classname="org.springframework.web.reactive.result.method.annotation.RequestMappingExceptionHandlingIntegrationTests" time="0.575"/>
  <testcase name="thrownException(HttpServer)[4]" classname="org.springframework.web.reactive.result.method.annotation.RequestMappingExceptionHandlingIntegrationTests" time="0.315"/>
  <testcase name="exceptionAfterSeveralItems(HttpServer)[1]" classname="org.springframework.web.reactive.result.method.annotation.RequestMappingExceptionHandlingIntegrationTests" time="0.556"/>
  <testcase name="exceptionAfterSeveralItems(HttpServer)[2]" classname="org.springframework.web.reactive.result.method.annotation.RequestMappingExceptionHandlingIntegrationTests" time="0.992"/>
  <testcase name="exceptionAfterSeveralItems(HttpServer)[3]" classname="org.springframework.web.reactive.result.method.annotation.RequestMappingExceptionHandlingIntegrationTests" time="2.238"/>
  <testcase name="exceptionAfterSeveralItems(HttpServer)[4]" classname="org.springframework.web.reactive.result.method.annotation.RequestMappingExceptionHandlingIntegrationTests" time="0.408"/>
  <testcase name="thrownExceptionWithCause(HttpServer)[1]" classname="org.springframework.web.reactive.result.method.annotation.RequestMappingExceptionHandlingIntegrationTests" time="0.271"/>
  <testcase name="thrownExceptionWithCause(HttpServer)[2]" classname="org.springframework.web.reactive.result.method.annotation.RequestMappingExceptionHandlingIntegrationTests" time="0.218"/>
  <testcase name="thrownExceptionWithCause(HttpServer)[3]" classname="org.springframework.web.reactive.result.method.annotation.RequestMappingExceptionHandlingIntegrationTests" time="1.341"/>
  <testcase name="thrownExceptionWithCause(HttpServer)[4]" classname="org.springframework.web.reactive.result.method.annotation.RequestMappingExceptionHandlingIntegrationTests" time="0.199"/>
  <system-out><![CDATA[03:14:20.280 [Test worker] DEBUG o.s.w.r.r.m.a.RequestMappingHandlerMapping - 6 mappings in 'requestMappingHandlerMapping'
03:14:20.305 [Test worker] DEBUG o.s.w.r.r.m.a.ControllerMethodResolver - ControllerAdvice beans: none
03:14:20.333 [Test worker] DEBUG o.s.w.s.a.HttpWebHandlerAdapter - enableLoggingRequestDetails='false': form data and headers will be masked to prevent unsafe logging of potentially sensitive data
03:14:20.333 [Test worker] WARN  o.e.j.s.h.ContextHandler - Empty contextPath
03:14:20.334 [Test worker] INFO  o.e.j.s.h.ContextHandler - Started o.e.j.s.ServletContextHandler@1bffd4c3{/,null,AVAILABLE}
03:14:20.335 [Test worker] DEBUG o.s.w.t.h.s.r.b.JettyHttpServer - Starting JettyHttpServer...
03:14:20.335 [Test worker] INFO  o.e.j.s.Server - jetty-9.4.31.v20200723; built: 2020-07-23T17:57:36.812Z; git: 450ba27947e13e66baa8cd1ce7e85a4461cacc1d; jvm 1.8.0_261-b12
03:14:20.348 [Test worker] INFO  o.e.j.s.AbstractConnector - Started ServerConnector@40c6ddf2{HTTP/1.1, (http/1.1)}{0.0.0.0:61744}
03:14:20.349 [Test worker] INFO  o.e.j.s.Server - Started @91932ms
03:14:20.349 [Test worker] DEBUG o.s.w.t.h.s.r.b.JettyHttpServer - Server started on port 61744(0 millis).
03:14:20.349 [Test worker] DEBUG o.s.w.c.RestTemplate - HTTP GET http://localhost:61744/mono-error
03:14:20.349 [Test worker] DEBUG o.s.w.c.RestTemplate - Accept=[text/plain, application/json, application/x-jackson-smile, application/*+json, */*]
03:14:20.352 [qtp1941025458-515] DEBUG o.s.w.s.a.HttpWebHandlerAdapter - [2837e03f] HTTP GET "/mono-error"
03:14:20.353 [qtp1941025458-515] DEBUG o.s.w.r.r.m.a.RequestMappingHandlerMapping - [2837e03f] Mapped to org.springframework.web.reactive.result.method.annotation.RequestMappingExceptionHandlingIntegrationTests$TestController#handleWithError()
03:14:20.356 [qtp1941025458-515] DEBUG o.s.w.r.r.m.a.ResponseBodyResultHandler - Using 'text/plain;charset=UTF-8' given [text/plain, application/json, application/x-jackson-smile, application/*+json, */*] and supported [text/plain;charset=UTF-8, text/event-stream, text/plain;charset=UTF-8, */*]
03:14:20.356 [qtp1941025458-515] DEBUG o.s.w.r.r.m.a.ResponseBodyResultHandler - [2837e03f] 0..1 [java.lang.String]
03:14:20.357 [qtp1941025458-515] DEBUG o.s.w.r.r.m.a.RequestMappingHandlerAdapter - [2837e03f] Using @ExceptionHandler org.springframework.web.reactive.result.method.annotation.RequestMappingExceptionHandlingIntegrationTests$TestController#handleArgumentException(IllegalArgumentException)
03:14:20.358 [qtp1941025458-515] DEBUG o.s.w.r.r.m.a.ResponseBodyResultHandler - Using 'text/plain;charset=UTF-8' given [text/plain, application/json, application/x-jackson-smile, application/*+json, */*] and supported [text/plain;charset=UTF-8, text/event-stream, text/plain;charset=UTF-8, */*]
03:14:20.358 [qtp1941025458-515] DEBUG o.s.w.r.r.m.a.ResponseBodyResultHandler - [2837e03f] 0..1 [java.lang.String]
03:14:20.358 [qtp1941025458-515] DEBUG o.s.c.c.CharSequenceEncoder - [2837e03f] Writing "Recovered from error: Argument"
03:14:20.360 [Test worker] DEBUG o.s.w.c.RestTemplate - Response 200 OK
03:14:20.360 [Test worker] DEBUG o.s.w.c.RestTemplate - Reading to [java.lang.String] as "text/plain;charset=utf-8"
03:14:20.361 [Test worker] DEBUG o.s.w.t.h.s.r.b.JettyHttpServer - Stopping JettyHttpServer...
03:14:20.361 [Test worker] INFO  o.e.j.s.h.ContextHandler - Stopped o.e.j.s.ServletContextHandler@1bffd4c3{/,null,UNAVAILABLE}
03:14:20.361 [qtp1941025458-515] DEBUG o.s.w.s.a.HttpWebHandlerAdapter - [2837e03f] Completed 200 OK
03:14:20.364 [Test worker] INFO  o.e.j.s.AbstractConnector - Stopped ServerConnector@40c6ddf2{HTTP/1.1, (http/1.1)}{0.0.0.0:0}
03:14:20.365 [Test worker] DEBUG o.s.w.t.h.s.r.b.JettyHttpServer - Server stopped (0 millis).
03:14:20.485 [Test worker] DEBUG o.s.w.r.r.m.a.RequestMappingHandlerMapping - 6 mappings in 'requestMappingHandlerMapping'
03:14:20.515 [Test worker] DEBUG o.s.w.r.r.m.a.ControllerMethodResolver - ControllerAdvice beans: none
03:14:20.564 [Test worker] DEBUG o.s.w.s.a.HttpWebHandlerAdapter - enableLoggingRequestDetails='false': form data and headers will be masked to prevent unsafe logging of potentially sensitive data
03:14:20.565 [Test worker] DEBUG o.s.w.t.h.s.r.b.ReactorHttpServer - Starting ReactorHttpServer...
03:14:20.566 [Test worker] DEBUG o.s.w.t.h.s.r.b.ReactorHttpServer - Server started on port 61756(0 millis).
03:14:20.566 [Test worker] DEBUG o.s.w.c.RestTemplate - HTTP GET http://localhost:61756/mono-error
03:14:20.566 [Test worker] DEBUG o.s.w.c.RestTemplate - Accept=[text/plain, application/json, application/x-jackson-smile, application/*+json, */*]
03:14:20.577 [reactor-http-nio-2] DEBUG o.s.w.s.a.HttpWebHandlerAdapter - [5b40d025-11] HTTP GET "/mono-error"
03:14:20.577 [reactor-http-nio-2] DEBUG o.s.w.r.r.m.a.RequestMappingHandlerMapping - [5b40d025-11] Mapped to org.springframework.web.reactive.result.method.annotation.RequestMappingExceptionHandlingIntegrationTests$TestController#handleWithError()
03:14:20.579 [reactor-http-nio-2] DEBUG o.s.w.r.r.m.a.ResponseBodyResultHandler - Using 'text/plain;charset=UTF-8' given [text/plain, application/json, application/x-jackson-smile, application/*+json, */*] and supported [text/plain;charset=UTF-8, text/event-stream, text/plain;charset=UTF-8, */*]
03:14:20.579 [reactor-http-nio-2] DEBUG o.s.w.r.r.m.a.ResponseBodyResultHandler - [5b40d025-11] 0..1 [java.lang.String]
03:14:20.579 [reactor-http-nio-2] DEBUG o.s.w.r.r.m.a.RequestMappingHandlerAdapter - [5b40d025-11] Using @ExceptionHandler org.springframework.web.reactive.result.method.annotation.RequestMappingExceptionHandlingIntegrationTests$TestController#handleArgumentException(IllegalArgumentException)
03:14:20.580 [reactor-http-nio-2] DEBUG o.s.w.r.r.m.a.ResponseBodyResultHandler - Using 'text/plain;charset=UTF-8' given [text/plain, application/json, application/x-jackson-smile, application/*+json, */*] and supported [text/plain;charset=UTF-8, text/event-stream, text/plain;charset=UTF-8, */*]
03:14:20.580 [reactor-http-nio-2] DEBUG o.s.w.r.r.m.a.ResponseBodyResultHandler - [5b40d025-11] 0..1 [java.lang.String]
03:14:20.580 [reactor-http-nio-2] DEBUG o.s.c.c.CharSequenceEncoder - [5b40d025-11] Writing "Recovered from error: Argument"
03:14:20.581 [reactor-http-nio-2] DEBUG o.s.w.s.a.HttpWebHandlerAdapter - [5b40d025-11] Completed 200 OK
03:14:20.581 [Test worker] DEBUG o.s.w.c.RestTemplate - Response 200 OK
03:14:20.581 [Test worker] DEBUG o.s.w.c.RestTemplate - Reading to [java.lang.String] as "text/plain;charset=UTF-8"
03:14:20.582 [Test worker] DEBUG o.s.w.t.h.s.r.b.ReactorHttpServer - Stopping ReactorHttpServer...
03:14:20.582 [Test worker] DEBUG o.s.w.t.h.s.r.b.ReactorHttpServer - Server stopped (0 millis).
03:14:20.699 [Test worker] DEBUG o.s.w.r.r.m.a.RequestMappingHandlerMapping - 6 mappings in 'requestMappingHandlerMapping'
03:14:20.884 [Test worker] DEBUG o.s.w.r.r.m.a.ControllerMethodResolver - ControllerAdvice beans: none
03:14:20.976 [Test worker] DEBUG o.s.w.s.a.HttpWebHandlerAdapter - enableLoggingRequestDetails='false': form data and headers will be masked to prevent unsafe logging of potentially sensitive data
03:14:20.977 [Test worker] DEBUG o.s.w.t.h.s.r.b.TomcatHttpServer - Starting TomcatHttpServer...
03:14:20.995 [Test worker] DEBUG o.s.w.t.h.s.r.b.TomcatHttpServer - Server started on port 61758(0 millis).
03:14:20.996 [Test worker] DEBUG o.s.w.c.RestTemplate - HTTP GET http://localhost:61758/mono-error
03:14:20.997 [Test worker] DEBUG o.s.w.c.RestTemplate - Accept=[text/plain, application/json, application/x-jackson-smile, application/*+json, */*]
03:14:21.598 [http-nio-auto-11-exec-1] DEBUG o.s.w.s.a.HttpWebHandlerAdapter - [f019085] HTTP GET "/mono-error"
03:14:21.598 [http-nio-auto-11-exec-1] DEBUG o.s.w.r.r.m.a.RequestMappingHandlerMapping - [f019085] Mapped to org.springframework.web.reactive.result.method.annotation.RequestMappingExceptionHandlingIntegrationTests$TestController#handleWithError()
03:14:21.599 [http-nio-auto-11-exec-1] DEBUG o.s.w.r.r.m.a.ResponseBodyResultHandler - Using 'text/plain;charset=UTF-8' given [text/plain, application/json, application/x-jackson-smile, application/*+json, */*] and supported [text/plain;charset=UTF-8, text/event-stream, text/plain;charset=UTF-8, */*]
03:14:21.599 [http-nio-auto-11-exec-1] DEBUG o.s.w.r.r.m.a.ResponseBodyResultHandler - [f019085] 0..1 [java.lang.String]
03:14:21.600 [http-nio-auto-11-exec-1] DEBUG o.s.w.r.r.m.a.RequestMappingHandlerAdapter - [f019085] Using @ExceptionHandler org.springframework.web.reactive.result.method.annotation.RequestMappingExceptionHandlingIntegrationTests$TestController#handleArgumentException(IllegalArgumentException)
03:14:21.600 [http-nio-auto-11-exec-1] DEBUG o.s.w.r.r.m.a.ResponseBodyResultHandler - Using 'text/plain;charset=UTF-8' given [text/plain, application/json, application/x-jackson-smile, application/*+json, */*] and supported [text/plain;charset=UTF-8, text/event-stream, text/plain;charset=UTF-8, */*]
03:14:21.600 [http-nio-auto-11-exec-1] DEBUG o.s.w.r.r.m.a.ResponseBodyResultHandler - [f019085] 0..1 [java.lang.String]
03:14:21.600 [http-nio-auto-11-exec-1] DEBUG o.s.c.c.CharSequenceEncoder - [f019085] Writing "Recovered from error: Argument"
03:14:21.601 [http-nio-auto-11-exec-1] DEBUG o.s.w.s.a.HttpWebHandlerAdapter - [f019085] Completed 200 OK
03:14:21.601 [Test worker] DEBUG o.s.w.c.RestTemplate - Response 200 OK
03:14:21.602 [Test worker] DEBUG o.s.w.c.RestTemplate - Reading to [java.lang.String] as "text/plain;charset=UTF-8"
03:14:21.672 [Test worker] DEBUG o.s.w.t.h.s.r.b.TomcatHttpServer - Stopping TomcatHttpServer...
03:14:22.545 [Test worker] DEBUG o.s.w.t.h.s.r.b.TomcatHttpServer - Server stopped (0 millis).
03:14:22.694 [Test worker] DEBUG o.s.w.r.r.m.a.RequestMappingHandlerMapping - 6 mappings in 'requestMappingHandlerMapping'
03:14:22.790 [Test worker] DEBUG o.s.w.r.r.m.a.ControllerMethodResolver - ControllerAdvice beans: none
03:14:22.912 [Test worker] DEBUG o.s.w.s.a.HttpWebHandlerAdapter - enableLoggingRequestDetails='false': form data and headers will be masked to prevent unsafe logging of potentially sensitive data
03:14:22.912 [Test worker] DEBUG o.s.w.t.h.s.r.b.UndertowHttpServer - Starting UndertowHttpServer...
03:14:22.912 [Test worker] INFO  i.undertow - starting server: Undertow - 2.1.3.Final
03:14:22.948 [Test worker] DEBUG o.s.w.t.h.s.r.b.UndertowHttpServer - Server started on port 61796(0 millis).
03:14:22.949 [Test worker] DEBUG o.s.w.c.RestTemplate - HTTP GET http://localhost:61796/mono-error
03:14:22.949 [Test worker] DEBUG o.s.w.c.RestTemplate - Accept=[text/plain, application/json, application/x-jackson-smile, application/*+json, */*]
03:14:22.958 [XNIO-11 I/O-3] DEBUG o.s.w.s.a.HttpWebHandlerAdapter - [3bad5ad1] HTTP GET "/mono-error"
03:14:22.958 [XNIO-11 I/O-3] DEBUG o.s.w.r.r.m.a.RequestMappingHandlerMapping - [3bad5ad1] Mapped to org.springframework.web.reactive.result.method.annotation.RequestMappingExceptionHandlingIntegrationTests$TestController#handleWithError()
03:14:22.959 [XNIO-11 I/O-3] DEBUG o.s.w.r.r.m.a.ResponseBodyResultHandler - Using 'text/plain;charset=UTF-8' given [text/plain, application/json, application/x-jackson-smile, application/*+json, */*] and supported [text/plain;charset=UTF-8, text/event-stream, text/plain;charset=UTF-8, */*]
03:14:22.960 [XNIO-11 I/O-3] DEBUG o.s.w.r.r.m.a.ResponseBodyResultHandler - [3bad5ad1] 0..1 [java.lang.String]
03:14:22.960 [XNIO-11 I/O-3] DEBUG o.s.w.r.r.m.a.RequestMappingHandlerAdapter - [3bad5ad1] Using @ExceptionHandler org.springframework.web.reactive.result.method.annotation.RequestMappingExceptionHandlingIntegrationTests$TestController#handleArgumentException(IllegalArgumentException)
03:14:22.961 [XNIO-11 I/O-3] DEBUG o.s.w.r.r.m.a.ResponseBodyResultHandler - Using 'text/plain;charset=UTF-8' given [text/plain, application/json, application/x-jackson-smile, application/*+json, */*] and supported [text/plain;charset=UTF-8, text/event-stream, text/plain;charset=UTF-8, */*]
03:14:22.961 [XNIO-11 I/O-3] DEBUG o.s.w.r.r.m.a.ResponseBodyResultHandler - [3bad5ad1] 0..1 [java.lang.String]
03:14:22.961 [XNIO-11 I/O-3] DEBUG o.s.c.c.CharSequenceEncoder - [3bad5ad1] Writing "Recovered from error: Argument"
03:14:22.962 [Test worker] DEBUG o.s.w.c.RestTemplate - Response 200 OK
03:14:22.962 [XNIO-11 I/O-3] DEBUG o.s.w.s.a.HttpWebHandlerAdapter - [3bad5ad1] Completed 200 OK
03:14:22.962 [Test worker] DEBUG o.s.w.c.RestTemplate - Reading to [java.lang.String] as "text/plain;charset=UTF-8"
03:14:22.962 [Test worker] DEBUG o.s.w.t.h.s.r.b.UndertowHttpServer - Stopping UndertowHttpServer...
03:14:22.962 [Test worker] INFO  i.undertow - stopping server: Undertow - 2.1.3.Final
03:14:22.965 [Test worker] DEBUG o.s.w.t.h.s.r.b.UndertowHttpServer - Server stopped (0 millis).
03:14:23.084 [Test worker] DEBUG o.s.w.r.r.m.a.RequestMappingHandlerMapping - 6 mappings in 'requestMappingHandlerMapping'
03:14:23.116 [Test worker] DEBUG o.s.w.r.r.m.a.ControllerMethodResolver - ControllerAdvice beans: none
03:14:23.143 [Test worker] DEBUG o.s.w.s.a.HttpWebHandlerAdapter - enableLoggingRequestDetails='false': form data and headers will be masked to prevent unsafe logging of potentially sensitive data
03:14:23.144 [Test worker] WARN  o.e.j.s.h.ContextHandler - Empty contextPath
03:14:23.144 [Test worker] INFO  o.e.j.s.h.ContextHandler - Started o.e.j.s.ServletContextHandler@5411fed5{/,null,AVAILABLE}
03:14:23.144 [Test worker] DEBUG o.s.w.t.h.s.r.b.JettyHttpServer - Starting JettyHttpServer...
03:14:23.144 [Test worker] INFO  o.e.j.s.Server - jetty-9.4.31.v20200723; built: 2020-07-23T17:57:36.812Z; git: 450ba27947e13e66baa8cd1ce7e85a4461cacc1d; jvm 1.8.0_261-b12
03:14:23.150 [Test worker] INFO  o.e.j.s.AbstractConnector - Started ServerConnector@58616bca{HTTP/1.1, (http/1.1)}{0.0.0.0:61798}
03:14:23.150 [Test worker] INFO  o.e.j.s.Server - Started @94733ms
03:14:23.150 [Test worker] DEBUG o.s.w.t.h.s.r.b.JettyHttpServer - Server started on port 61798(0 millis).
03:14:23.150 [Test worker] DEBUG o.s.w.c.RestTemplate - HTTP GET http://localhost:61798/thrown-exception-with-cause-to-handle
03:14:23.150 [Test worker] DEBUG o.s.w.c.RestTemplate - Accept=[text/plain, application/json, application/x-jackson-smile, application/*+json, */*]
03:14:23.153 [qtp1007080100-557] DEBUG o.s.w.s.a.HttpWebHandlerAdapter - [e2f4fc] HTTP GET "/thrown-exception-with-cause-to-handle"
03:14:23.153 [qtp1007080100-557] DEBUG o.s.w.r.r.m.a.RequestMappingHandlerMapping - [e2f4fc] Mapped to org.springframework.web.reactive.result.method.annotation.RequestMappingExceptionHandlingIntegrationTests$TestController#handleAndThrowExceptionWithCauseToHandle()
03:14:23.154 [qtp1007080100-557] DEBUG o.s.w.r.r.m.a.RequestMappingHandlerAdapter - [e2f4fc] Using @ExceptionHandler org.springframework.web.reactive.result.method.annotation.RequestMappingExceptionHandlingIntegrationTests$TestController#handleArgumentException(IOException)
03:14:23.154 [qtp1007080100-557] DEBUG o.s.w.r.r.m.a.ResponseBodyResultHandler - Using 'text/plain;charset=UTF-8' given [text/plain, application/json, application/x-jackson-smile, application/*+json, */*] and supported [text/plain;charset=UTF-8, text/event-stream, text/plain;charset=UTF-8, */*]
03:14:23.154 [qtp1007080100-557] DEBUG o.s.w.r.r.m.a.ResponseBodyResultHandler - [e2f4fc] 0..1 [java.lang.String]
03:14:23.155 [qtp1007080100-557] DEBUG o.s.c.c.CharSequenceEncoder - [e2f4fc] Writing "Recovered from error: IO"
03:14:23.155 [Test worker] DEBUG o.s.w.c.RestTemplate - Response 200 OK
03:14:23.155 [qtp1007080100-557] DEBUG o.s.w.s.a.HttpWebHandlerAdapter - [e2f4fc] Completed 200 OK
03:14:23.155 [Test worker] DEBUG o.s.w.c.RestTemplate - Reading to [java.lang.String] as "text/plain;charset=utf-8"
03:14:23.156 [Test worker] DEBUG o.s.w.t.h.s.r.b.JettyHttpServer - Stopping JettyHttpServer...
03:14:23.156 [Test worker] INFO  o.e.j.s.h.ContextHandler - Stopped o.e.j.s.ServletContextHandler@5411fed5{/,null,UNAVAILABLE}
03:14:23.158 [Test worker] INFO  o.e.j.s.AbstractConnector - Stopped ServerConnector@58616bca{HTTP/1.1, (http/1.1)}{0.0.0.0:0}
03:14:23.159 [Test worker] DEBUG o.s.w.t.h.s.r.b.JettyHttpServer - Server stopped (0 millis).
03:14:23.347 [Test worker] DEBUG o.s.w.r.r.m.a.RequestMappingHandlerMapping - 6 mappings in 'requestMappingHandlerMapping'
03:14:23.417 [Test worker] DEBUG o.s.w.r.r.m.a.ControllerMethodResolver - ControllerAdvice beans: none
03:14:23.474 [Test worker] DEBUG o.s.w.s.a.HttpWebHandlerAdapter - enableLoggingRequestDetails='false': form data and headers will be masked to prevent unsafe logging of potentially sensitive data
03:14:23.474 [Test worker] DEBUG o.s.w.t.h.s.r.b.ReactorHttpServer - Starting ReactorHttpServer...
03:14:23.475 [Test worker] DEBUG o.s.w.t.h.s.r.b.ReactorHttpServer - Server started on port 61807(0 millis).
03:14:23.476 [Test worker] DEBUG o.s.w.c.RestTemplate - HTTP GET http://localhost:61807/thrown-exception-with-cause-to-handle
03:14:23.476 [Test worker] DEBUG o.s.w.c.RestTemplate - Accept=[text/plain, application/json, application/x-jackson-smile, application/*+json, */*]
03:14:23.513 [reactor-http-nio-4] DEBUG o.s.w.s.a.HttpWebHandlerAdapter - [80a0dff9-12] HTTP GET "/thrown-exception-with-cause-to-handle"
03:14:23.514 [reactor-http-nio-4] DEBUG o.s.w.r.r.m.a.RequestMappingHandlerMapping - [80a0dff9-12] Mapped to org.springframework.web.reactive.result.method.annotation.RequestMappingExceptionHandlingIntegrationTests$TestController#handleAndThrowExceptionWithCauseToHandle()
03:14:23.515 [reactor-http-nio-4] DEBUG o.s.w.r.r.m.a.RequestMappingHandlerAdapter - [80a0dff9-12] Using @ExceptionHandler org.springframework.web.reactive.result.method.annotation.RequestMappingExceptionHandlingIntegrationTests$TestController#handleArgumentException(IOException)
03:14:23.515 [reactor-http-nio-4] DEBUG o.s.w.r.r.m.a.ResponseBodyResultHandler - Using 'text/plain;charset=UTF-8' given [text/plain, application/json, application/x-jackson-smile, application/*+json, */*] and supported [text/plain;charset=UTF-8, text/event-stream, text/plain;charset=UTF-8, */*]
03:14:23.515 [reactor-http-nio-4] DEBUG o.s.w.r.r.m.a.ResponseBodyResultHandler - [80a0dff9-12] 0..1 [java.lang.String]
03:14:23.516 [reactor-http-nio-4] DEBUG o.s.c.c.CharSequenceEncoder - [80a0dff9-12] Writing "Recovered from error: IO"
03:14:23.517 [Test worker] DEBUG o.s.w.c.RestTemplate - Response 200 OK
03:14:23.517 [Test worker] DEBUG o.s.w.c.RestTemplate - Reading to [java.lang.String] as "text/plain;charset=UTF-8"
03:14:23.517 [Test worker] DEBUG o.s.w.t.h.s.r.b.ReactorHttpServer - Stopping ReactorHttpServer...
03:14:23.518 [Test worker] DEBUG o.s.w.t.h.s.r.b.ReactorHttpServer - Server stopped (0 millis).
03:14:23.521 [reactor-http-nio-4] DEBUG o.s.w.s.a.HttpWebHandlerAdapter - [80a0dff9-12] Completed 200 OK
03:14:23.577 [Test worker] DEBUG o.s.w.r.r.m.a.RequestMappingHandlerMapping - 6 mappings in 'requestMappingHandlerMapping'
03:14:23.621 [Test worker] DEBUG o.s.w.r.r.m.a.ControllerMethodResolver - ControllerAdvice beans: none
03:14:23.653 [Test worker] DEBUG o.s.w.s.a.HttpWebHandlerAdapter - enableLoggingRequestDetails='false': form data and headers will be masked to prevent unsafe logging of potentially sensitive data
03:14:23.654 [Test worker] DEBUG o.s.w.t.h.s.r.b.TomcatHttpServer - Starting TomcatHttpServer...
03:14:23.706 [Test worker] DEBUG o.s.w.t.h.s.r.b.TomcatHttpServer - Server started on port 61812(0 millis).
03:14:23.707 [Test worker] DEBUG o.s.w.c.RestTemplate - HTTP GET http://localhost:61812/thrown-exception-with-cause-to-handle
03:14:23.707 [Test worker] DEBUG o.s.w.c.RestTemplate - Accept=[text/plain, application/json, application/x-jackson-smile, application/*+json, */*]
03:14:23.977 [http-nio-auto-12-exec-10] DEBUG o.s.w.s.a.HttpWebHandlerAdapter - [7dd747d9] HTTP GET "/thrown-exception-with-cause-to-handle"
03:14:23.978 [http-nio-auto-12-exec-10] DEBUG o.s.w.r.r.m.a.RequestMappingHandlerMapping - [7dd747d9] Mapped to org.springframework.web.reactive.result.method.annotation.RequestMappingExceptionHandlingIntegrationTests$TestController#handleAndThrowExceptionWithCauseToHandle()
03:14:23.979 [http-nio-auto-12-exec-10] DEBUG o.s.w.r.r.m.a.RequestMappingHandlerAdapter - [7dd747d9] Using @ExceptionHandler org.springframework.web.reactive.result.method.annotation.RequestMappingExceptionHandlingIntegrationTests$TestController#handleArgumentException(IOException)
03:14:23.980 [http-nio-auto-12-exec-10] DEBUG o.s.w.r.r.m.a.ResponseBodyResultHandler - Using 'text/plain;charset=UTF-8' given [text/plain, application/json, application/x-jackson-smile, application/*+json, */*] and supported [text/plain;charset=UTF-8, text/event-stream, text/plain;charset=UTF-8, */*]
03:14:23.980 [http-nio-auto-12-exec-10] DEBUG o.s.w.r.r.m.a.ResponseBodyResultHandler - [7dd747d9] 0..1 [java.lang.String]
03:14:23.980 [http-nio-auto-12-exec-10] DEBUG o.s.c.c.CharSequenceEncoder - [7dd747d9] Writing "Recovered from error: IO"
03:14:23.981 [http-nio-auto-12-exec-10] DEBUG o.s.w.s.a.HttpWebHandlerAdapter - [7dd747d9] Completed 200 OK
03:14:23.981 [Test worker] DEBUG o.s.w.c.RestTemplate - Response 200 OK
03:14:23.981 [Test worker] DEBUG o.s.w.c.RestTemplate - Reading to [java.lang.String] as "text/plain;charset=UTF-8"
03:14:23.982 [Test worker] DEBUG o.s.w.t.h.s.r.b.TomcatHttpServer - Stopping TomcatHttpServer...
03:14:24.878 [Test worker] DEBUG o.s.w.t.h.s.r.b.TomcatHttpServer - Server stopped (0 millis).
03:14:25.098 [Test worker] DEBUG o.s.w.r.r.m.a.RequestMappingHandlerMapping - 6 mappings in 'requestMappingHandlerMapping'
03:14:25.138 [Test worker] DEBUG o.s.w.r.r.m.a.ControllerMethodResolver - ControllerAdvice beans: none
03:14:25.200 [Test worker] DEBUG o.s.w.s.a.HttpWebHandlerAdapter - enableLoggingRequestDetails='false': form data and headers will be masked to prevent unsafe logging of potentially sensitive data
03:14:25.200 [Test worker] DEBUG o.s.w.t.h.s.r.b.UndertowHttpServer - Starting UndertowHttpServer...
03:14:25.200 [Test worker] INFO  i.undertow - starting server: Undertow - 2.1.3.Final
03:14:25.216 [Test worker] DEBUG o.s.w.t.h.s.r.b.UndertowHttpServer - Server started on port 61837(0 millis).
03:14:25.216 [Test worker] DEBUG o.s.w.c.RestTemplate - HTTP GET http://localhost:61837/thrown-exception-with-cause-to-handle
03:14:25.216 [Test worker] DEBUG o.s.w.c.RestTemplate - Accept=[text/plain, application/json, application/x-jackson-smile, application/*+json, */*]
03:14:25.231 [XNIO-12 I/O-4] DEBUG o.s.w.s.a.HttpWebHandlerAdapter - [5c572ae] HTTP GET "/thrown-exception-with-cause-to-handle"
03:14:25.231 [XNIO-12 I/O-4] DEBUG o.s.w.r.r.m.a.RequestMappingHandlerMapping - [5c572ae] Mapped to org.springframework.web.reactive.result.method.annotation.RequestMappingExceptionHandlingIntegrationTests$TestController#handleAndThrowExceptionWithCauseToHandle()
03:14:25.231 [XNIO-12 I/O-4] DEBUG o.s.w.r.r.m.a.RequestMappingHandlerAdapter - [5c572ae] Using @ExceptionHandler org.springframework.web.reactive.result.method.annotation.RequestMappingExceptionHandlingIntegrationTests$TestController#handleArgumentException(IOException)
03:14:25.231 [XNIO-12 I/O-4] DEBUG o.s.w.r.r.m.a.ResponseBodyResultHandler - Using 'text/plain;charset=UTF-8' given [text/plain, application/json, application/x-jackson-smile, application/*+json, */*] and supported [text/plain;charset=UTF-8, text/event-stream, text/plain;charset=UTF-8, */*]
03:14:25.231 [XNIO-12 I/O-4] DEBUG o.s.w.r.r.m.a.ResponseBodyResultHandler - [5c572ae] 0..1 [java.lang.String]
03:14:25.231 [XNIO-12 I/O-4] DEBUG o.s.c.c.CharSequenceEncoder - [5c572ae] Writing "Recovered from error: IO"
03:14:25.231 [Test worker] DEBUG o.s.w.c.RestTemplate - Response 200 OK
03:14:25.231 [XNIO-12 I/O-4] DEBUG o.s.w.s.a.HttpWebHandlerAdapter - [5c572ae] Completed 200 OK
03:14:25.231 [Test worker] DEBUG o.s.w.c.RestTemplate - Reading to [java.lang.String] as "text/plain;charset=UTF-8"
03:14:25.231 [Test worker] DEBUG o.s.w.t.h.s.r.b.UndertowHttpServer - Stopping UndertowHttpServer...
03:14:25.231 [Test worker] INFO  i.undertow - stopping server: Undertow - 2.1.3.Final
03:14:25.231 [Test worker] DEBUG o.s.w.t.h.s.r.b.UndertowHttpServer - Server stopped (0 millis).
03:14:25.355 [Test worker] DEBUG o.s.w.r.r.m.a.RequestMappingHandlerMapping - 6 mappings in 'requestMappingHandlerMapping'
03:14:25.410 [Test worker] DEBUG o.s.w.r.r.m.a.ControllerMethodResolver - ControllerAdvice beans: none
03:14:25.441 [Test worker] DEBUG o.s.w.s.a.HttpWebHandlerAdapter - enableLoggingRequestDetails='false': form data and headers will be masked to prevent unsafe logging of potentially sensitive data
03:14:25.441 [Test worker] WARN  o.e.j.s.h.ContextHandler - Empty contextPath
03:14:25.441 [Test worker] INFO  o.e.j.s.h.ContextHandler - Started o.e.j.s.ServletContextHandler@4d9c14d8{/,null,AVAILABLE}
03:14:25.441 [Test worker] DEBUG o.s.w.t.h.s.r.b.JettyHttpServer - Starting JettyHttpServer...
03:14:25.441 [Test worker] INFO  o.e.j.s.Server - jetty-9.4.31.v20200723; built: 2020-07-23T17:57:36.812Z; git: 450ba27947e13e66baa8cd1ce7e85a4461cacc1d; jvm 1.8.0_261-b12
03:14:25.457 [Test worker] INFO  o.e.j.s.AbstractConnector - Started ServerConnector@49f8a918{HTTP/1.1, (http/1.1)}{0.0.0.0:61839}
03:14:25.472 [Test worker] INFO  o.e.j.s.Server - Started @97055ms
03:14:25.472 [Test worker] DEBUG o.s.w.t.h.s.r.b.JettyHttpServer - Server started on port 61839(0 millis).
03:14:25.472 [Test worker] DEBUG o.s.w.c.RestTemplate - HTTP GET http://localhost:61839/SPR-16318
03:14:25.472 [Test worker] DEBUG o.s.w.c.RestTemplate - Accept=[text/plain, application/json, application/x-jackson-smile, application/*+json, */*]
03:14:25.472 [qtp1952612829-596] DEBUG o.s.w.s.a.HttpWebHandlerAdapter - [4ece8592] HTTP GET "/SPR-16318"
03:14:25.472 [qtp1952612829-596] DEBUG o.s.w.r.r.m.a.RequestMappingHandlerMapping - [4ece8592] Mapped to org.springframework.web.reactive.result.method.annotation.RequestMappingExceptionHandlingIntegrationTests$TestController#handleTextPlain()
03:14:25.472 [qtp1952612829-596] DEBUG o.s.w.r.r.m.a.ResponseBodyResultHandler - Using 'text/plain' given [text/plain, application/problem+json] and supported [text/plain]
03:14:25.472 [qtp1952612829-596] DEBUG o.s.w.r.r.m.a.ResponseBodyResultHandler - [4ece8592] 0..1 [java.lang.String]
03:14:25.481 [qtp1952612829-596] DEBUG o.s.w.r.r.m.a.RequestMappingHandlerAdapter - [4ece8592] Using @ExceptionHandler org.springframework.web.reactive.result.method.annotation.RequestMappingExceptionHandlingIntegrationTests$TestController#handle(Spr16318Exception)
03:14:25.485 [qtp1952612829-596] DEBUG o.s.w.r.r.m.a.ResponseEntityResultHandler - Using 'application/problem+json' given [text/plain, application/problem+json] and supported [application/json, application/*+json, application/x-ndjson, application/x-jackson-smile, application/*+x-jackson-smile, text/event-stream]
03:14:25.485 [qtp1952612829-596] DEBUG o.s.w.r.r.m.a.ResponseEntityResultHandler - [4ece8592] 0..1 [java.util.Map<java.lang.String, java.lang.String>]
03:14:25.493 [qtp1952612829-596] DEBUG o.s.h.c.j.Jackson2JsonEncoder - [4ece8592] Encoding [{reason=error}]
03:14:25.495 [qtp1952612829-596] DEBUG o.s.w.s.a.HttpWebHandlerAdapter - [4ece8592] Completed 500 INTERNAL_SERVER_ERROR
03:14:25.498 [Test worker] DEBUG o.s.w.c.RestTemplate - Response 500 INTERNAL_SERVER_ERROR
03:14:25.509 [Test worker] DEBUG o.s.w.t.h.s.r.b.JettyHttpServer - Stopping JettyHttpServer...
03:14:25.509 [Test worker] INFO  o.e.j.s.h.ContextHandler - Stopped o.e.j.s.ServletContextHandler@4d9c14d8{/,null,UNAVAILABLE}
03:14:25.509 [Test worker] INFO  o.e.j.s.AbstractConnector - Stopped ServerConnector@49f8a918{HTTP/1.1, (http/1.1)}{0.0.0.0:0}
03:14:25.509 [Test worker] DEBUG o.s.w.t.h.s.r.b.JettyHttpServer - Server stopped (0 millis).
03:14:25.603 [Test worker] DEBUG o.s.w.r.r.m.a.RequestMappingHandlerMapping - 6 mappings in 'requestMappingHandlerMapping'
03:14:25.665 [Test worker] DEBUG o.s.w.r.r.m.a.ControllerMethodResolver - ControllerAdvice beans: none
03:14:25.697 [Test worker] DEBUG o.s.w.s.a.HttpWebHandlerAdapter - enableLoggingRequestDetails='false': form data and headers will be masked to prevent unsafe logging of potentially sensitive data
03:14:25.697 [Test worker] DEBUG o.s.w.t.h.s.r.b.ReactorHttpServer - Starting ReactorHttpServer...
03:14:25.697 [Test worker] DEBUG o.s.w.t.h.s.r.b.ReactorHttpServer - Server started on port 61845(0 millis).
03:14:25.697 [Test worker] DEBUG o.s.w.c.RestTemplate - HTTP GET http://localhost:61845/SPR-16318
03:14:25.697 [Test worker] DEBUG o.s.w.c.RestTemplate - Accept=[text/plain, application/json, application/x-jackson-smile, application/*+json, */*]
03:14:25.712 [reactor-http-nio-2] DEBUG o.s.w.s.a.HttpWebHandlerAdapter - [e7fb62a4-13] HTTP GET "/SPR-16318"
03:14:25.712 [reactor-http-nio-2] DEBUG o.s.w.r.r.m.a.RequestMappingHandlerMapping - [e7fb62a4-13] Mapped to org.springframework.web.reactive.result.method.annotation.RequestMappingExceptionHandlingIntegrationTests$TestController#handleTextPlain()
03:14:25.712 [reactor-http-nio-2] DEBUG o.s.w.r.r.m.a.ResponseBodyResultHandler - Using 'text/plain' given [text/plain, application/problem+json] and supported [text/plain]
03:14:25.712 [reactor-http-nio-2] DEBUG o.s.w.r.r.m.a.ResponseBodyResultHandler - [e7fb62a4-13] 0..1 [java.lang.String]
03:14:25.712 [reactor-http-nio-2] DEBUG o.s.w.r.r.m.a.RequestMappingHandlerAdapter - [e7fb62a4-13] Using @ExceptionHandler org.springframework.web.reactive.result.method.annotation.RequestMappingExceptionHandlingIntegrationTests$TestController#handle(Spr16318Exception)
03:14:25.712 [reactor-http-nio-2] DEBUG o.s.w.r.r.m.a.ResponseEntityResultHandler - Using 'application/problem+json' given [text/plain, application/problem+json] and supported [application/json, application/*+json, application/x-ndjson, application/x-jackson-smile, application/*+x-jackson-smile, text/event-stream]
03:14:25.712 [reactor-http-nio-2] DEBUG o.s.w.r.r.m.a.ResponseEntityResultHandler - [e7fb62a4-13] 0..1 [java.util.Map<java.lang.String, java.lang.String>]
03:14:25.712 [reactor-http-nio-2] DEBUG o.s.h.c.j.Jackson2JsonEncoder - [e7fb62a4-13] Encoding [{reason=error}]
03:14:25.728 [reactor-http-nio-2] DEBUG o.s.w.s.a.HttpWebHandlerAdapter - [e7fb62a4-13] Completed 500 INTERNAL_SERVER_ERROR
03:14:25.728 [Test worker] DEBUG o.s.w.c.RestTemplate - Response 500 INTERNAL_SERVER_ERROR
03:14:25.728 [Test worker] DEBUG o.s.w.t.h.s.r.b.ReactorHttpServer - Stopping ReactorHttpServer...
03:14:25.728 [Test worker] DEBUG o.s.w.t.h.s.r.b.ReactorHttpServer - Server stopped (0 millis).
03:14:25.790 [Test worker] DEBUG o.s.w.r.r.m.a.RequestMappingHandlerMapping - 6 mappings in 'requestMappingHandlerMapping'
03:14:25.822 [Test worker] DEBUG o.s.w.r.r.m.a.ControllerMethodResolver - ControllerAdvice beans: none
03:14:25.869 [Test worker] DEBUG o.s.w.s.a.HttpWebHandlerAdapter - enableLoggingRequestDetails='false': form data and headers will be masked to prevent unsafe logging of potentially sensitive data
03:14:25.869 [Test worker] DEBUG o.s.w.t.h.s.r.b.TomcatHttpServer - Starting TomcatHttpServer...
03:14:25.884 [Test worker] DEBUG o.s.w.t.h.s.r.b.TomcatHttpServer - Server started on port 61847(0 millis).
03:14:25.884 [Test worker] DEBUG o.s.w.c.RestTemplate - HTTP GET http://localhost:61847/SPR-16318
03:14:25.884 [Test worker] DEBUG o.s.w.c.RestTemplate - Accept=[text/plain, application/json, application/x-jackson-smile, application/*+json, */*]
03:14:25.935 [http-nio-auto-13-exec-1] DEBUG o.s.w.s.a.HttpWebHandlerAdapter - [18886f74] HTTP GET "/SPR-16318"
03:14:25.935 [http-nio-auto-13-exec-1] DEBUG o.s.w.r.r.m.a.RequestMappingHandlerMapping - [18886f74] Mapped to org.springframework.web.reactive.result.method.annotation.RequestMappingExceptionHandlingIntegrationTests$TestController#handleTextPlain()
03:14:25.937 [http-nio-auto-13-exec-1] DEBUG o.s.w.r.r.m.a.ResponseBodyResultHandler - Using 'text/plain' given [text/plain, application/problem+json] and supported [text/plain]
03:14:25.937 [http-nio-auto-13-exec-1] DEBUG o.s.w.r.r.m.a.ResponseBodyResultHandler - [18886f74] 0..1 [java.lang.String]
03:14:25.938 [http-nio-auto-13-exec-1] DEBUG o.s.w.r.r.m.a.RequestMappingHandlerAdapter - [18886f74] Using @ExceptionHandler org.springframework.web.reactive.result.method.annotation.RequestMappingExceptionHandlingIntegrationTests$TestController#handle(Spr16318Exception)
03:14:25.939 [http-nio-auto-13-exec-1] DEBUG o.s.w.r.r.m.a.ResponseEntityResultHandler - Using 'application/problem+json' given [text/plain, application/problem+json] and supported [application/json, application/*+json, application/x-ndjson, application/x-jackson-smile, application/*+x-jackson-smile, text/event-stream]
03:14:25.939 [http-nio-auto-13-exec-1] DEBUG o.s.w.r.r.m.a.ResponseEntityResultHandler - [18886f74] 0..1 [java.util.Map<java.lang.String, java.lang.String>]
03:14:25.939 [http-nio-auto-13-exec-1] DEBUG o.s.h.c.j.Jackson2JsonEncoder - [18886f74] Encoding [{reason=error}]
03:14:25.951 [http-nio-auto-13-exec-1] DEBUG o.s.w.s.a.HttpWebHandlerAdapter - [18886f74] Completed 500 INTERNAL_SERVER_ERROR
03:14:25.952 [Test worker] DEBUG o.s.w.c.RestTemplate - Response 500 INTERNAL_SERVER_ERROR
03:14:25.956 [Test worker] DEBUG o.s.w.t.h.s.r.b.TomcatHttpServer - Stopping TomcatHttpServer...
03:14:26.438 [Test worker] DEBUG o.s.w.t.h.s.r.b.TomcatHttpServer - Server stopped (0 millis).
03:14:26.513 [Test worker] DEBUG o.s.w.r.r.m.a.RequestMappingHandlerMapping - 6 mappings in 'requestMappingHandlerMapping'
03:14:26.545 [Test worker] DEBUG o.s.w.r.r.m.a.ControllerMethodResolver - ControllerAdvice beans: none
03:14:26.576 [Test worker] DEBUG o.s.w.s.a.HttpWebHandlerAdapter - enableLoggingRequestDetails='false': form data and headers will be masked to prevent unsafe logging of potentially sensitive data
03:14:26.576 [Test worker] DEBUG o.s.w.t.h.s.r.b.UndertowHttpServer - Starting UndertowHttpServer...
03:14:26.576 [Test worker] INFO  i.undertow - starting server: Undertow - 2.1.3.Final
03:14:26.586 [Test worker] DEBUG o.s.w.t.h.s.r.b.UndertowHttpServer - Server started on port 61877(0 millis).
03:14:26.586 [Test worker] DEBUG o.s.w.c.RestTemplate - HTTP GET http://localhost:61877/SPR-16318
03:14:26.588 [Test worker] DEBUG o.s.w.c.RestTemplate - Accept=[text/plain, application/json, application/x-jackson-smile, application/*+json, */*]
03:14:26.595 [XNIO-13 I/O-2] DEBUG o.s.w.s.a.HttpWebHandlerAdapter - [37ac593] HTTP GET "/SPR-16318"
03:14:26.595 [XNIO-13 I/O-2] DEBUG o.s.w.r.r.m.a.RequestMappingHandlerMapping - [37ac593] Mapped to org.springframework.web.reactive.result.method.annotation.RequestMappingExceptionHandlingIntegrationTests$TestController#handleTextPlain()
03:14:26.596 [XNIO-13 I/O-2] DEBUG o.s.w.r.r.m.a.ResponseBodyResultHandler - Using 'text/plain' given [text/plain, application/problem+json] and supported [text/plain]
03:14:26.596 [XNIO-13 I/O-2] DEBUG o.s.w.r.r.m.a.ResponseBodyResultHandler - [37ac593] 0..1 [java.lang.String]
03:14:26.597 [XNIO-13 I/O-2] DEBUG o.s.w.r.r.m.a.RequestMappingHandlerAdapter - [37ac593] Using @ExceptionHandler org.springframework.web.reactive.result.method.annotation.RequestMappingExceptionHandlingIntegrationTests$TestController#handle(Spr16318Exception)
03:14:26.598 [XNIO-13 I/O-2] DEBUG o.s.w.r.r.m.a.ResponseEntityResultHandler - Using 'application/problem+json' given [text/plain, application/problem+json] and supported [application/json, application/*+json, application/x-ndjson, application/x-jackson-smile, application/*+x-jackson-smile, text/event-stream]
03:14:26.598 [XNIO-13 I/O-2] DEBUG o.s.w.r.r.m.a.ResponseEntityResultHandler - [37ac593] 0..1 [java.util.Map<java.lang.String, java.lang.String>]
03:14:26.599 [XNIO-13 I/O-2] DEBUG o.s.h.c.j.Jackson2JsonEncoder - [37ac593] Encoding [{reason=error}]
03:14:26.600 [XNIO-13 I/O-2] DEBUG o.s.w.s.a.HttpWebHandlerAdapter - [37ac593] Completed 500 INTERNAL_SERVER_ERROR
03:14:26.600 [Test worker] DEBUG o.s.w.c.RestTemplate - Response 500 INTERNAL_SERVER_ERROR
03:14:26.602 [Test worker] DEBUG o.s.w.t.h.s.r.b.UndertowHttpServer - Stopping UndertowHttpServer...
03:14:26.602 [Test worker] INFO  i.undertow - stopping server: Undertow - 2.1.3.Final
03:14:26.611 [Test worker] DEBUG o.s.w.t.h.s.r.b.UndertowHttpServer - Server stopped (0 millis).
03:14:26.743 [Test worker] DEBUG o.s.w.r.r.m.a.RequestMappingHandlerMapping - 6 mappings in 'requestMappingHandlerMapping'
03:14:26.787 [Test worker] DEBUG o.s.w.r.r.m.a.ControllerMethodResolver - ControllerAdvice beans: none
03:14:26.858 [Test worker] DEBUG o.s.w.s.a.HttpWebHandlerAdapter - enableLoggingRequestDetails='false': form data and headers will be masked to prevent unsafe logging of potentially sensitive data
03:14:26.858 [Test worker] WARN  o.e.j.s.h.ContextHandler - Empty contextPath
03:14:26.859 [Test worker] INFO  o.e.j.s.h.ContextHandler - Started o.e.j.s.ServletContextHandler@59b5a10b{/,null,AVAILABLE}
03:14:26.860 [Test worker] DEBUG o.s.w.t.h.s.r.b.JettyHttpServer - Starting JettyHttpServer...
03:14:26.861 [Test worker] INFO  o.e.j.s.Server - jetty-9.4.31.v20200723; built: 2020-07-23T17:57:36.812Z; git: 450ba27947e13e66baa8cd1ce7e85a4461cacc1d; jvm 1.8.0_261-b12
03:14:26.910 [Test worker] INFO  o.e.j.s.AbstractConnector - Started ServerConnector@796202ba{HTTP/1.1, (http/1.1)}{0.0.0.0:61879}
03:14:26.910 [Test worker] INFO  o.e.j.s.Server - Started @98493ms
03:14:26.910 [Test worker] DEBUG o.s.w.t.h.s.r.b.JettyHttpServer - Server started on port 61879(0 millis).
03:14:26.910 [Test worker] DEBUG o.s.w.c.RestTemplate - HTTP GET http://localhost:61879/thrown-exception
03:14:26.911 [Test worker] DEBUG o.s.w.c.RestTemplate - Accept=[text/plain, application/json, application/x-jackson-smile, application/*+json, */*]
03:14:26.914 [qtp1291905406-637] DEBUG o.s.w.s.a.HttpWebHandlerAdapter - [7711767f] HTTP GET "/thrown-exception"
03:14:26.915 [qtp1291905406-637] DEBUG o.s.w.r.r.m.a.RequestMappingHandlerMapping - [7711767f] Mapped to org.springframework.web.reactive.result.method.annotation.RequestMappingExceptionHandlingIntegrationTests$TestController#handleAndThrowException()
03:14:26.916 [qtp1291905406-637] DEBUG o.s.w.r.r.m.a.RequestMappingHandlerAdapter - [7711767f] Using @ExceptionHandler org.springframework.web.reactive.result.method.annotation.RequestMappingExceptionHandlingIntegrationTests$TestController#handleStateException(IllegalStateException)
03:14:26.917 [qtp1291905406-637] DEBUG o.s.w.r.r.m.a.ResponseEntityResultHandler - Using 'text/plain;charset=UTF-8' given [text/plain, application/json, application/x-jackson-smile, application/*+json, */*] and supported [text/plain;charset=UTF-8, text/event-stream, text/plain;charset=UTF-8, */*]
03:14:26.917 [qtp1291905406-637] DEBUG o.s.w.r.r.m.a.ResponseEntityResultHandler - [7711767f] 0..1 [java.lang.String]
03:14:26.917 [qtp1291905406-637] DEBUG o.s.c.c.CharSequenceEncoder - [7711767f] Writing "Recovered from error: State"
03:14:26.917 [Test worker] DEBUG o.s.w.c.RestTemplate - Response 200 OK
03:14:26.917 [Test worker] DEBUG o.s.w.c.RestTemplate - Reading to [java.lang.String] as "text/plain;charset=utf-8"
03:14:26.918 [Test worker] DEBUG o.s.w.t.h.s.r.b.JettyHttpServer - Stopping JettyHttpServer...
03:14:26.918 [Test worker] INFO  o.e.j.s.h.ContextHandler - Stopped o.e.j.s.ServletContextHandler@59b5a10b{/,null,UNAVAILABLE}
03:14:26.921 [qtp1291905406-637] DEBUG o.s.w.s.a.HttpWebHandlerAdapter - [7711767f] Completed 200 OK
03:14:26.923 [Test worker] INFO  o.e.j.s.AbstractConnector - Stopped ServerConnector@796202ba{HTTP/1.1, (http/1.1)}{0.0.0.0:0}
03:14:26.927 [Test worker] DEBUG o.s.w.t.h.s.r.b.JettyHttpServer - Server stopped (0 millis).
03:14:27.088 [Test worker] DEBUG o.s.w.r.r.m.a.RequestMappingHandlerMapping - 6 mappings in 'requestMappingHandlerMapping'
03:14:27.156 [Test worker] DEBUG o.s.w.r.r.m.a.ControllerMethodResolver - ControllerAdvice beans: none
03:14:27.202 [Test worker] DEBUG o.s.w.s.a.HttpWebHandlerAdapter - enableLoggingRequestDetails='false': form data and headers will be masked to prevent unsafe logging of potentially sensitive data
03:14:27.202 [Test worker] DEBUG o.s.w.t.h.s.r.b.ReactorHttpServer - Starting ReactorHttpServer...
03:14:27.218 [Test worker] DEBUG o.s.w.t.h.s.r.b.ReactorHttpServer - Server started on port 61885(0 millis).
03:14:27.218 [Test worker] DEBUG o.s.w.c.RestTemplate - HTTP GET http://localhost:61885/thrown-exception
03:14:27.218 [Test worker] DEBUG o.s.w.c.RestTemplate - Accept=[text/plain, application/json, application/x-jackson-smile, application/*+json, */*]
03:14:27.265 [reactor-http-nio-4] DEBUG o.s.w.s.a.HttpWebHandlerAdapter - [a309376d-14] HTTP GET "/thrown-exception"
03:14:27.265 [reactor-http-nio-4] DEBUG o.s.w.r.r.m.a.RequestMappingHandlerMapping - [a309376d-14] Mapped to org.springframework.web.reactive.result.method.annotation.RequestMappingExceptionHandlingIntegrationTests$TestController#handleAndThrowException()
03:14:27.265 [reactor-http-nio-4] DEBUG o.s.w.r.r.m.a.RequestMappingHandlerAdapter - [a309376d-14] Using @ExceptionHandler org.springframework.web.reactive.result.method.annotation.RequestMappingExceptionHandlingIntegrationTests$TestController#handleStateException(IllegalStateException)
03:14:27.265 [reactor-http-nio-4] DEBUG o.s.w.r.r.m.a.ResponseEntityResultHandler - Using 'text/plain;charset=UTF-8' given [text/plain, application/json, application/x-jackson-smile, application/*+json, */*] and supported [text/plain;charset=UTF-8, text/event-stream, text/plain;charset=UTF-8, */*]
03:14:27.265 [reactor-http-nio-4] DEBUG o.s.w.r.r.m.a.ResponseEntityResultHandler - [a309376d-14] 0..1 [java.lang.String]
03:14:27.265 [reactor-http-nio-4] DEBUG o.s.c.c.CharSequenceEncoder - [a309376d-14] Writing "Recovered from error: State"
03:14:27.265 [Test worker] DEBUG o.s.w.c.RestTemplate - Response 200 OK
03:14:27.265 [reactor-http-nio-4] DEBUG o.s.w.s.a.HttpWebHandlerAdapter - [a309376d-14] Completed 200 OK
03:14:27.265 [Test worker] DEBUG o.s.w.c.RestTemplate - Reading to [java.lang.String] as "text/plain;charset=UTF-8"
03:14:27.265 [Test worker] DEBUG o.s.w.t.h.s.r.b.ReactorHttpServer - Stopping ReactorHttpServer...
03:14:27.265 [Test worker] DEBUG o.s.w.t.h.s.r.b.ReactorHttpServer - Server stopped (0 millis).
03:14:27.384 [Test worker] DEBUG o.s.w.r.r.m.a.RequestMappingHandlerMapping - 6 mappings in 'requestMappingHandlerMapping'
03:14:27.433 [Test worker] DEBUG o.s.w.r.r.m.a.ControllerMethodResolver - ControllerAdvice beans: none
03:14:27.495 [Test worker] DEBUG o.s.w.s.a.HttpWebHandlerAdapter - enableLoggingRequestDetails='false': form data and headers will be masked to prevent unsafe logging of potentially sensitive data
03:14:27.496 [Test worker] DEBUG o.s.w.t.h.s.r.b.TomcatHttpServer - Starting TomcatHttpServer...
03:14:27.543 [Test worker] DEBUG o.s.w.t.h.s.r.b.TomcatHttpServer - Server started on port 61887(0 millis).
03:14:27.544 [Test worker] DEBUG o.s.w.c.RestTemplate - HTTP GET http://localhost:61887/thrown-exception
03:14:27.544 [Test worker] DEBUG o.s.w.c.RestTemplate - Accept=[text/plain, application/json, application/x-jackson-smile, application/*+json, */*]
03:14:27.560 [http-nio-auto-14-exec-1] DEBUG o.s.w.s.a.HttpWebHandlerAdapter - [573bc389] HTTP GET "/thrown-exception"
03:14:27.560 [http-nio-auto-14-exec-1] DEBUG o.s.w.r.r.m.a.RequestMappingHandlerMapping - [573bc389] Mapped to org.springframework.web.reactive.result.method.annotation.RequestMappingExceptionHandlingIntegrationTests$TestController#handleAndThrowException()
03:14:27.562 [http-nio-auto-14-exec-1] DEBUG o.s.w.r.r.m.a.RequestMappingHandlerAdapter - [573bc389] Using @ExceptionHandler org.springframework.web.reactive.result.method.annotation.RequestMappingExceptionHandlingIntegrationTests$TestController#handleStateException(IllegalStateException)
03:14:27.563 [http-nio-auto-14-exec-1] DEBUG o.s.w.r.r.m.a.ResponseEntityResultHandler - Using 'text/plain;charset=UTF-8' given [text/plain, application/json, application/x-jackson-smile, application/*+json, */*] and supported [text/plain;charset=UTF-8, text/event-stream, text/plain;charset=UTF-8, */*]
03:14:27.563 [http-nio-auto-14-exec-1] DEBUG o.s.w.r.r.m.a.ResponseEntityResultHandler - [573bc389] 0..1 [java.lang.String]
03:14:27.563 [http-nio-auto-14-exec-1] DEBUG o.s.c.c.CharSequenceEncoder - [573bc389] Writing "Recovered from error: State"
03:14:27.565 [Test worker] DEBUG o.s.w.c.RestTemplate - Response 200 OK
03:14:27.565 [http-nio-auto-14-exec-1] DEBUG o.s.w.s.a.HttpWebHandlerAdapter - [573bc389] Completed 200 OK
03:14:27.565 [Test worker] DEBUG o.s.w.c.RestTemplate - Reading to [java.lang.String] as "text/plain;charset=UTF-8"
03:14:27.566 [Test worker] DEBUG o.s.w.t.h.s.r.b.TomcatHttpServer - Stopping TomcatHttpServer...
03:14:27.872 [Test worker] DEBUG o.s.w.t.h.s.r.b.TomcatHttpServer - Server stopped (0 millis).
03:14:27.986 [Test worker] DEBUG o.s.w.r.r.m.a.RequestMappingHandlerMapping - 6 mappings in 'requestMappingHandlerMapping'
03:14:28.105 [Test worker] DEBUG o.s.w.r.r.m.a.ControllerMethodResolver - ControllerAdvice beans: none
03:14:28.182 [Test worker] DEBUG o.s.w.s.a.HttpWebHandlerAdapter - enableLoggingRequestDetails='false': form data and headers will be masked to prevent unsafe logging of potentially sensitive data
03:14:28.182 [Test worker] DEBUG o.s.w.t.h.s.r.b.UndertowHttpServer - Starting UndertowHttpServer...
03:14:28.182 [Test worker] INFO  i.undertow - starting server: Undertow - 2.1.3.Final
03:14:28.193 [Test worker] DEBUG o.s.w.t.h.s.r.b.UndertowHttpServer - Server started on port 61904(0 millis).
03:14:28.193 [Test worker] DEBUG o.s.w.c.RestTemplate - HTTP GET http://localhost:61904/thrown-exception
03:14:28.194 [Test worker] DEBUG o.s.w.c.RestTemplate - Accept=[text/plain, application/json, application/x-jackson-smile, application/*+json, */*]
03:14:28.200 [XNIO-14 I/O-2] DEBUG o.s.w.s.a.HttpWebHandlerAdapter - [5654a678] HTTP GET "/thrown-exception"
03:14:28.201 [XNIO-14 I/O-2] DEBUG o.s.w.r.r.m.a.RequestMappingHandlerMapping - [5654a678] Mapped to org.springframework.web.reactive.result.method.annotation.RequestMappingExceptionHandlingIntegrationTests$TestController#handleAndThrowException()
03:14:28.202 [XNIO-14 I/O-2] DEBUG o.s.w.r.r.m.a.RequestMappingHandlerAdapter - [5654a678] Using @ExceptionHandler org.springframework.web.reactive.result.method.annotation.RequestMappingExceptionHandlingIntegrationTests$TestController#handleStateException(IllegalStateException)
03:14:28.202 [XNIO-14 I/O-2] DEBUG o.s.w.r.r.m.a.ResponseEntityResultHandler - Using 'text/plain;charset=UTF-8' given [text/plain, application/json, application/x-jackson-smile, application/*+json, */*] and supported [text/plain;charset=UTF-8, text/event-stream, text/plain;charset=UTF-8, */*]
03:14:28.202 [XNIO-14 I/O-2] DEBUG o.s.w.r.r.m.a.ResponseEntityResultHandler - [5654a678] 0..1 [java.lang.String]
03:14:28.203 [XNIO-14 I/O-2] DEBUG o.s.c.c.CharSequenceEncoder - [5654a678] Writing "Recovered from error: State"
03:14:28.204 [Test worker] DEBUG o.s.w.c.RestTemplate - Response 200 OK
03:14:28.204 [XNIO-14 I/O-2] DEBUG o.s.w.s.a.HttpWebHandlerAdapter - [5654a678] Completed 200 OK
03:14:28.204 [Test worker] DEBUG o.s.w.c.RestTemplate - Reading to [java.lang.String] as "text/plain;charset=UTF-8"
03:14:28.205 [Test worker] DEBUG o.s.w.t.h.s.r.b.UndertowHttpServer - Stopping UndertowHttpServer...
03:14:28.205 [Test worker] INFO  i.undertow - stopping server: Undertow - 2.1.3.Final
03:14:28.206 [Test worker] DEBUG o.s.w.t.h.s.r.b.UndertowHttpServer - Server stopped (0 millis).
03:14:28.277 [Test worker] DEBUG o.s.w.r.r.m.a.RequestMappingHandlerMapping - 6 mappings in 'requestMappingHandlerMapping'
03:14:28.318 [Test worker] DEBUG o.s.w.r.r.m.a.ControllerMethodResolver - ControllerAdvice beans: none
03:14:28.372 [Test worker] DEBUG o.s.w.s.a.HttpWebHandlerAdapter - enableLoggingRequestDetails='false': form data and headers will be masked to prevent unsafe logging of potentially sensitive data
03:14:28.373 [Test worker] WARN  o.e.j.s.h.ContextHandler - Empty contextPath
03:14:28.374 [Test worker] INFO  o.e.j.s.h.ContextHandler - Started o.e.j.s.ServletContextHandler@472706fe{/,null,AVAILABLE}
03:14:28.374 [Test worker] DEBUG o.s.w.t.h.s.r.b.JettyHttpServer - Starting JettyHttpServer...
03:14:28.375 [Test worker] INFO  o.e.j.s.Server - jetty-9.4.31.v20200723; built: 2020-07-23T17:57:36.812Z; git: 450ba27947e13e66baa8cd1ce7e85a4461cacc1d; jvm 1.8.0_261-b12
03:14:28.391 [Test worker] INFO  o.e.j.s.AbstractConnector - Started ServerConnector@5e4f9dc2{HTTP/1.1, (http/1.1)}{0.0.0.0:61906}
03:14:28.392 [Test worker] INFO  o.e.j.s.Server - Started @99974ms
03:14:28.392 [Test worker] DEBUG o.s.w.t.h.s.r.b.JettyHttpServer - Server started on port 61906(0 millis).
03:14:28.392 [Test worker] DEBUG o.s.w.c.RestTemplate - HTTP GET http://localhost:61906/SPR-16051
03:14:28.393 [Test worker] DEBUG o.s.w.c.RestTemplate - Accept=[text/plain, application/json, application/x-jackson-smile, application/*+json, */*]
03:14:28.396 [qtp1060477329-678] DEBUG o.s.w.s.a.HttpWebHandlerAdapter - [d7eb06e] HTTP GET "/SPR-16051"
03:14:28.396 [qtp1060477329-678] DEBUG o.s.w.r.r.m.a.RequestMappingHandlerMapping - [d7eb06e] Mapped to org.springframework.web.reactive.result.method.annotation.RequestMappingExceptionHandlingIntegrationTests$TestController#errors()
03:14:28.398 [qtp1060477329-678] DEBUG o.s.w.r.r.m.a.ResponseBodyResultHandler - Using 'text/plain;charset=UTF-8' given [text/plain, application/json, application/x-jackson-smile, application/*+json, */*] and supported [text/plain;charset=UTF-8, text/event-stream, text/plain;charset=UTF-8, */*]
03:14:28.398 [qtp1060477329-678] DEBUG o.s.w.r.r.m.a.ResponseBodyResultHandler - [d7eb06e] 0..N [java.lang.String]
03:14:28.399 [qtp1060477329-678] DEBUG o.s.c.c.CharSequenceEncoder - [d7eb06e] Writing "1. foo bar"
03:14:28.400 [qtp1060477329-678] DEBUG o.s.c.c.CharSequenceEncoder - [d7eb06e] Writing "2. foo bar"
03:14:28.400 [Test worker] DEBUG o.s.w.c.RestTemplate - Response 200 OK
03:14:28.400 [Test worker] DEBUG o.s.w.c.RestTemplate - Reading to [java.lang.String] as "text/plain;charset=utf-8"
03:14:28.400 [qtp1060477329-678] DEBUG o.s.c.c.CharSequenceEncoder - [d7eb06e] Writing "3. foo bar"
03:14:28.401 [qtp1060477329-678] DEBUG o.s.c.c.CharSequenceEncoder - [d7eb06e] Writing "4. foo bar"
03:14:28.401 [qtp1060477329-678] DEBUG o.s.c.c.CharSequenceEncoder - [d7eb06e] Writing "5. foo bar"
03:14:28.402 [qtp1060477329-678] DEBUG o.s.c.c.CharSequenceEncoder - [d7eb06e] Writing "6. foo bar"
03:14:28.402 [qtp1060477329-678] DEBUG o.s.c.c.CharSequenceEncoder - [d7eb06e] Writing "7. foo bar"
03:14:28.402 [qtp1060477329-678] DEBUG o.s.c.c.CharSequenceEncoder - [d7eb06e] Writing "8. foo bar"
03:14:28.402 [qtp1060477329-678] DEBUG o.s.c.c.CharSequenceEncoder - [d7eb06e] Writing "9. foo bar"
03:14:28.403 [qtp1060477329-678] DEBUG o.s.c.c.CharSequenceEncoder - [d7eb06e] Writing "10. foo bar"
03:14:28.403 [qtp1060477329-678] DEBUG o.s.c.c.CharSequenceEncoder - [d7eb06e] Writing "11. foo bar"
03:14:28.404 [qtp1060477329-678] DEBUG o.s.c.c.CharSequenceEncoder - [d7eb06e] Writing "12. foo bar"
03:14:28.404 [qtp1060477329-678] DEBUG o.s.c.c.CharSequenceEncoder - [d7eb06e] Writing "13. foo bar"
03:14:28.404 [qtp1060477329-678] DEBUG o.s.c.c.CharSequenceEncoder - [d7eb06e] Writing "14. foo bar"
03:14:28.405 [qtp1060477329-678] DEBUG o.s.c.c.CharSequenceEncoder - [d7eb06e] Writing "15. foo bar"
03:14:28.405 [qtp1060477329-678] DEBUG o.s.c.c.CharSequenceEncoder - [d7eb06e] Writing "16. foo bar"
03:14:28.406 [qtp1060477329-678] DEBUG o.s.c.c.CharSequenceEncoder - [d7eb06e] Writing "17. foo bar"
03:14:28.406 [qtp1060477329-678] DEBUG o.s.c.c.CharSequenceEncoder - [d7eb06e] Writing "18. foo bar"
03:14:28.406 [qtp1060477329-678] DEBUG o.s.c.c.CharSequenceEncoder - [d7eb06e] Writing "19. foo bar"
03:14:28.407 [qtp1060477329-678] DEBUG o.s.c.c.CharSequenceEncoder - [d7eb06e] Writing "20. foo bar"
03:14:28.407 [qtp1060477329-678] DEBUG o.s.c.c.CharSequenceEncoder - [d7eb06e] Writing "21. foo bar"
03:14:28.407 [qtp1060477329-678] DEBUG o.s.c.c.CharSequenceEncoder - [d7eb06e] Writing "22. foo bar"
03:14:28.408 [qtp1060477329-678] DEBUG o.s.c.c.CharSequenceEncoder - [d7eb06e] Writing "23. foo bar"
03:14:28.409 [qtp1060477329-678] DEBUG o.s.c.c.CharSequenceEncoder - [d7eb06e] Writing "24. foo bar"
03:14:28.410 [qtp1060477329-678] DEBUG o.s.c.c.CharSequenceEncoder - [d7eb06e] Writing "25. foo bar"
03:14:28.410 [qtp1060477329-678] DEBUG o.s.c.c.CharSequenceEncoder - [d7eb06e] Writing "26. foo bar"
03:14:28.411 [qtp1060477329-678] DEBUG o.s.c.c.CharSequenceEncoder - [d7eb06e] Writing "27. foo bar"
03:14:28.411 [qtp1060477329-678] DEBUG o.s.c.c.CharSequenceEncoder - [d7eb06e] Writing "28. foo bar"
03:14:28.411 [qtp1060477329-678] DEBUG o.s.c.c.CharSequenceEncoder - [d7eb06e] Writing "29. foo bar"
03:14:28.412 [qtp1060477329-678] DEBUG o.s.c.c.CharSequenceEncoder - [d7eb06e] Writing "30. foo bar"
03:14:28.412 [qtp1060477329-678] DEBUG o.s.c.c.CharSequenceEncoder - [d7eb06e] Writing "31. foo bar"
03:14:28.413 [qtp1060477329-678] DEBUG o.s.c.c.CharSequenceEncoder - [d7eb06e] Writing "32. foo bar"
03:14:28.413 [qtp1060477329-678] DEBUG o.s.c.c.CharSequenceEncoder - [d7eb06e] Writing "33. foo bar"
03:14:28.413 [qtp1060477329-678] DEBUG o.s.c.c.CharSequenceEncoder - [d7eb06e] Writing "34. foo bar"
03:14:28.413 [qtp1060477329-678] DEBUG o.s.c.c.CharSequenceEncoder - [d7eb06e] Writing "35. foo bar"
03:14:28.414 [qtp1060477329-678] DEBUG o.s.c.c.CharSequenceEncoder - [d7eb06e] Writing "36. foo bar"
03:14:28.414 [qtp1060477329-678] DEBUG o.s.c.c.CharSequenceEncoder - [d7eb06e] Writing "37. foo bar"
03:14:28.414 [qtp1060477329-678] DEBUG o.s.c.c.CharSequenceEncoder - [d7eb06e] Writing "38. foo bar"
03:14:28.415 [qtp1060477329-678] DEBUG o.s.c.c.CharSequenceEncoder - [d7eb06e] Writing "39. foo bar"
03:14:28.415 [qtp1060477329-678] DEBUG o.s.c.c.CharSequenceEncoder - [d7eb06e] Writing "40. foo bar"
03:14:28.415 [qtp1060477329-678] DEBUG o.s.c.c.CharSequenceEncoder - [d7eb06e] Writing "41. foo bar"
03:14:28.416 [qtp1060477329-678] DEBUG o.s.c.c.CharSequenceEncoder - [d7eb06e] Writing "42. foo bar"
03:14:28.416 [qtp1060477329-678] DEBUG o.s.c.c.CharSequenceEncoder - [d7eb06e] Writing "43. foo bar"
03:14:28.416 [qtp1060477329-678] DEBUG o.s.c.c.CharSequenceEncoder - [d7eb06e] Writing "44. foo bar"
03:14:28.417 [qtp1060477329-678] DEBUG o.s.c.c.CharSequenceEncoder - [d7eb06e] Writing "45. foo bar"
03:14:28.417 [qtp1060477329-678] DEBUG o.s.c.c.CharSequenceEncoder - [d7eb06e] Writing "46. foo bar"
03:14:28.418 [qtp1060477329-678] DEBUG o.s.c.c.CharSequenceEncoder - [d7eb06e] Writing "47. foo bar"
03:14:28.418 [qtp1060477329-678] DEBUG o.s.c.c.CharSequenceEncoder - [d7eb06e] Writing "48. foo bar"
03:14:28.419 [qtp1060477329-678] DEBUG o.s.c.c.CharSequenceEncoder - [d7eb06e] Writing "49. foo bar"
03:14:28.419 [qtp1060477329-678] DEBUG o.s.c.c.CharSequenceEncoder - [d7eb06e] Writing "50. foo bar"
03:14:28.420 [qtp1060477329-678] DEBUG o.s.c.c.CharSequenceEncoder - [d7eb06e] Writing "51. foo bar"
03:14:28.420 [qtp1060477329-678] DEBUG o.s.c.c.CharSequenceEncoder - [d7eb06e] Writing "52. foo bar"
03:14:28.421 [qtp1060477329-678] DEBUG o.s.c.c.CharSequenceEncoder - [d7eb06e] Writing "53. foo bar"
03:14:28.421 [qtp1060477329-678] DEBUG o.s.c.c.CharSequenceEncoder - [d7eb06e] Writing "54. foo bar"
03:14:28.421 [qtp1060477329-678] DEBUG o.s.c.c.CharSequenceEncoder - [d7eb06e] Writing "55. foo bar"
03:14:28.422 [qtp1060477329-678] DEBUG o.s.c.c.CharSequenceEncoder - [d7eb06e] Writing "56. foo bar"
03:14:28.422 [qtp1060477329-678] DEBUG o.s.c.c.CharSequenceEncoder - [d7eb06e] Writing "57. foo bar"
03:14:28.422 [qtp1060477329-678] DEBUG o.s.c.c.CharSequenceEncoder - [d7eb06e] Writing "58. foo bar"
03:14:28.422 [qtp1060477329-678] DEBUG o.s.c.c.CharSequenceEncoder - [d7eb06e] Writing "59. foo bar"
03:14:28.423 [qtp1060477329-678] DEBUG o.s.c.c.CharSequenceEncoder - [d7eb06e] Writing "60. foo bar"
03:14:28.423 [qtp1060477329-678] DEBUG o.s.c.c.CharSequenceEncoder - [d7eb06e] Writing "61. foo bar"
03:14:28.423 [qtp1060477329-678] DEBUG o.s.c.c.CharSequenceEncoder - [d7eb06e] Writing "62. foo bar"
03:14:28.424 [qtp1060477329-678] DEBUG o.s.c.c.CharSequenceEncoder - [d7eb06e] Writing "63. foo bar"
03:14:28.425 [qtp1060477329-678] DEBUG o.s.c.c.CharSequenceEncoder - [d7eb06e] Writing "64. foo bar"
03:14:28.426 [qtp1060477329-678] DEBUG o.s.c.c.CharSequenceEncoder - [d7eb06e] Writing "65. foo bar"
03:14:28.426 [qtp1060477329-678] DEBUG o.s.c.c.CharSequenceEncoder - [d7eb06e] Writing "66. foo bar"
03:14:28.427 [qtp1060477329-678] DEBUG o.s.c.c.CharSequenceEncoder - [d7eb06e] Writing "67. foo bar"
03:14:28.427 [qtp1060477329-678] DEBUG o.s.c.c.CharSequenceEncoder - [d7eb06e] Writing "68. foo bar"
03:14:28.427 [qtp1060477329-678] DEBUG o.s.c.c.CharSequenceEncoder - [d7eb06e] Writing "69. foo bar"
03:14:28.428 [qtp1060477329-678] DEBUG o.s.c.c.CharSequenceEncoder - [d7eb06e] Writing "70. foo bar"
03:14:28.428 [qtp1060477329-678] DEBUG o.s.c.c.CharSequenceEncoder - [d7eb06e] Writing "71. foo bar"
03:14:28.429 [qtp1060477329-678] DEBUG o.s.c.c.CharSequenceEncoder - [d7eb06e] Writing "72. foo bar"
03:14:28.429 [qtp1060477329-678] DEBUG o.s.c.c.CharSequenceEncoder - [d7eb06e] Writing "73. foo bar"
03:14:28.429 [qtp1060477329-678] DEBUG o.s.c.c.CharSequenceEncoder - [d7eb06e] Writing "74. foo bar"
03:14:28.430 [qtp1060477329-678] DEBUG o.s.c.c.CharSequenceEncoder - [d7eb06e] Writing "75. foo bar"
03:14:28.430 [qtp1060477329-678] DEBUG o.s.c.c.CharSequenceEncoder - [d7eb06e] Writing "76. foo bar"
03:14:28.431 [qtp1060477329-678] DEBUG o.s.c.c.CharSequenceEncoder - [d7eb06e] Writing "77. foo bar"
03:14:28.431 [qtp1060477329-678] DEBUG o.s.c.c.CharSequenceEncoder - [d7eb06e] Writing "78. foo bar"
03:14:28.431 [qtp1060477329-678] DEBUG o.s.c.c.CharSequenceEncoder - [d7eb06e] Writing "79. foo bar"
03:14:28.432 [qtp1060477329-678] DEBUG o.s.c.c.CharSequenceEncoder - [d7eb06e] Writing "80. foo bar"
03:14:28.432 [qtp1060477329-678] DEBUG o.s.c.c.CharSequenceEncoder - [d7eb06e] Writing "81. foo bar"
03:14:28.432 [qtp1060477329-678] DEBUG o.s.c.c.CharSequenceEncoder - [d7eb06e] Writing "82. foo bar"
03:14:28.433 [qtp1060477329-678] DEBUG o.s.c.c.CharSequenceEncoder - [d7eb06e] Writing "83. foo bar"
03:14:28.433 [qtp1060477329-678] DEBUG o.s.c.c.CharSequenceEncoder - [d7eb06e] Writing "84. foo bar"
03:14:28.433 [qtp1060477329-678] DEBUG o.s.c.c.CharSequenceEncoder - [d7eb06e] Writing "85. foo bar"
03:14:28.433 [qtp1060477329-678] DEBUG o.s.c.c.CharSequenceEncoder - [d7eb06e] Writing "86. foo bar"
03:14:28.434 [qtp1060477329-678] DEBUG o.s.c.c.CharSequenceEncoder - [d7eb06e] Writing "87. foo bar"
03:14:28.442 [qtp1060477329-678] DEBUG o.s.c.c.CharSequenceEncoder - [d7eb06e] Writing "88. foo bar"
03:14:28.443 [qtp1060477329-678] DEBUG o.s.c.c.CharSequenceEncoder - [d7eb06e] Writing "89. foo bar"
03:14:28.443 [qtp1060477329-678] DEBUG o.s.c.c.CharSequenceEncoder - [d7eb06e] Writing "90. foo bar"
03:14:28.443 [qtp1060477329-678] DEBUG o.s.c.c.CharSequenceEncoder - [d7eb06e] Writing "91. foo bar"
03:14:28.444 [qtp1060477329-678] DEBUG o.s.c.c.CharSequenceEncoder - [d7eb06e] Writing "92. foo bar"
03:14:28.447 [qtp1060477329-678] DEBUG o.s.c.c.CharSequenceEncoder - [d7eb06e] Writing "93. foo bar"
03:14:28.448 [qtp1060477329-678] DEBUG o.s.c.c.CharSequenceEncoder - [d7eb06e] Writing "94. foo bar"
03:14:28.449 [qtp1060477329-678] DEBUG o.s.c.c.CharSequenceEncoder - [d7eb06e] Writing "95. foo bar"
03:14:28.449 [qtp1060477329-678] DEBUG o.s.c.c.CharSequenceEncoder - [d7eb06e] Writing "96. foo bar"
03:14:28.450 [qtp1060477329-678] DEBUG o.s.c.c.CharSequenceEncoder - [d7eb06e] Writing "97. foo bar"
03:14:28.450 [qtp1060477329-678] DEBUG o.s.c.c.CharSequenceEncoder - [d7eb06e] Writing "98. foo bar"
03:14:28.450 [qtp1060477329-678] DEBUG o.s.c.c.CharSequenceEncoder - [d7eb06e] Writing "99. foo bar"
03:14:28.451 [qtp1060477329-678] DEBUG o.s.c.c.CharSequenceEncoder - [d7eb06e] Writing "100. foo bar"
03:14:28.453 [qtp1060477329-678] DEBUG o.s.c.c.CharSequenceEncoder - [d7eb06e] Writing "101. foo bar"
03:14:28.453 [qtp1060477329-678] DEBUG o.s.c.c.CharSequenceEncoder - [d7eb06e] Writing "102. foo bar"
03:14:28.453 [qtp1060477329-678] DEBUG o.s.c.c.CharSequenceEncoder - [d7eb06e] Writing "103. foo bar"
03:14:28.457 [qtp1060477329-678] DEBUG o.s.c.c.CharSequenceEncoder - [d7eb06e] Writing "104. foo bar"
03:14:28.458 [qtp1060477329-678] DEBUG o.s.c.c.CharSequenceEncoder - [d7eb06e] Writing "105. foo bar"
03:14:28.461 [qtp1060477329-678] DEBUG o.s.c.c.CharSequenceEncoder - [d7eb06e] Writing "106. foo bar"
03:14:28.463 [qtp1060477329-678] DEBUG o.s.c.c.CharSequenceEncoder - [d7eb06e] Writing "107. foo bar"
03:14:28.464 [qtp1060477329-678] DEBUG o.s.c.c.CharSequenceEncoder - [d7eb06e] Writing "108. foo bar"
03:14:28.465 [qtp1060477329-678] DEBUG o.s.c.c.CharSequenceEncoder - [d7eb06e] Writing "109. foo bar"
03:14:28.466 [qtp1060477329-678] DEBUG o.s.c.c.CharSequenceEncoder - [d7eb06e] Writing "110. foo bar"
03:14:28.467 [qtp1060477329-678] DEBUG o.s.c.c.CharSequenceEncoder - [d7eb06e] Writing "111. foo bar"
03:14:28.468 [qtp1060477329-678] DEBUG o.s.c.c.CharSequenceEncoder - [d7eb06e] Writing "112. foo bar"
03:14:28.470 [qtp1060477329-678] DEBUG o.s.c.c.CharSequenceEncoder - [d7eb06e] Writing "113. foo bar"
03:14:28.473 [qtp1060477329-678] DEBUG o.s.c.c.CharSequenceEncoder - [d7eb06e] Writing "114. foo bar"
03:14:28.473 [qtp1060477329-678] DEBUG o.s.c.c.CharSequenceEncoder - [d7eb06e] Writing "115. foo bar"
03:14:28.474 [qtp1060477329-678] DEBUG o.s.c.c.CharSequenceEncoder - [d7eb06e] Writing "116. foo bar"
03:14:28.474 [qtp1060477329-678] DEBUG o.s.c.c.CharSequenceEncoder - [d7eb06e] Writing "117. foo bar"
03:14:28.475 [qtp1060477329-678] DEBUG o.s.c.c.CharSequenceEncoder - [d7eb06e] Writing "118. foo bar"
03:14:28.475 [qtp1060477329-678] DEBUG o.s.c.c.CharSequenceEncoder - [d7eb06e] Writing "119. foo bar"
03:14:28.476 [qtp1060477329-678] DEBUG o.s.c.c.CharSequenceEncoder - [d7eb06e] Writing "120. foo bar"
03:14:28.477 [qtp1060477329-678] DEBUG o.s.c.c.CharSequenceEncoder - [d7eb06e] Writing "121. foo bar"
03:14:28.478 [qtp1060477329-678] DEBUG o.s.c.c.CharSequenceEncoder - [d7eb06e] Writing "122. foo bar"
03:14:28.478 [qtp1060477329-678] DEBUG o.s.c.c.CharSequenceEncoder - [d7eb06e] Writing "123. foo bar"
03:14:28.479 [qtp1060477329-678] DEBUG o.s.c.c.CharSequenceEncoder - [d7eb06e] Writing "124. foo bar"
03:14:28.480 [qtp1060477329-678] DEBUG o.s.c.c.CharSequenceEncoder - [d7eb06e] Writing "125. foo bar"
03:14:28.480 [qtp1060477329-678] DEBUG o.s.c.c.CharSequenceEncoder - [d7eb06e] Writing "126. foo bar"
03:14:28.481 [qtp1060477329-678] DEBUG o.s.c.c.CharSequenceEncoder - [d7eb06e] Writing "127. foo bar"
03:14:28.481 [qtp1060477329-678] DEBUG o.s.c.c.CharSequenceEncoder - [d7eb06e] Writing "128. foo bar"
03:14:28.482 [qtp1060477329-678] DEBUG o.s.c.c.CharSequenceEncoder - [d7eb06e] Writing "129. foo bar"
03:14:28.483 [qtp1060477329-678] DEBUG o.s.c.c.CharSequenceEncoder - [d7eb06e] Writing "130. foo bar"
03:14:28.483 [qtp1060477329-678] DEBUG o.s.c.c.CharSequenceEncoder - [d7eb06e] Writing "131. foo bar"
03:14:28.484 [qtp1060477329-678] DEBUG o.s.c.c.CharSequenceEncoder - [d7eb06e] Writing "132. foo bar"
03:14:28.484 [qtp1060477329-678] DEBUG o.s.c.c.CharSequenceEncoder - [d7eb06e] Writing "133. foo bar"
03:14:28.485 [qtp1060477329-678] DEBUG o.s.c.c.CharSequenceEncoder - [d7eb06e] Writing "134. foo bar"
03:14:28.485 [qtp1060477329-678] DEBUG o.s.c.c.CharSequenceEncoder - [d7eb06e] Writing "135. foo bar"
03:14:28.486 [qtp1060477329-678] DEBUG o.s.c.c.CharSequenceEncoder - [d7eb06e] Writing "136. foo bar"
03:14:28.489 [qtp1060477329-678] DEBUG o.s.c.c.CharSequenceEncoder - [d7eb06e] Writing "137. foo bar"
03:14:28.489 [qtp1060477329-678] DEBUG o.s.c.c.CharSequenceEncoder - [d7eb06e] Writing "138. foo bar"
03:14:28.490 [qtp1060477329-678] DEBUG o.s.c.c.CharSequenceEncoder - [d7eb06e] Writing "139. foo bar"
03:14:28.491 [qtp1060477329-678] DEBUG o.s.c.c.CharSequenceEncoder - [d7eb06e] Writing "140. foo bar"
03:14:28.491 [qtp1060477329-678] DEBUG o.s.c.c.CharSequenceEncoder - [d7eb06e] Writing "141. foo bar"
03:14:28.491 [qtp1060477329-678] DEBUG o.s.c.c.CharSequenceEncoder - [d7eb06e] Writing "142. foo bar"
03:14:28.492 [qtp1060477329-678] DEBUG o.s.c.c.CharSequenceEncoder - [d7eb06e] Writing "143. foo bar"
03:14:28.492 [qtp1060477329-678] DEBUG o.s.c.c.CharSequenceEncoder - [d7eb06e] Writing "144. foo bar"
03:14:28.492 [qtp1060477329-678] DEBUG o.s.c.c.CharSequenceEncoder - [d7eb06e] Writing "145. foo bar"
03:14:28.492 [qtp1060477329-678] DEBUG o.s.c.c.CharSequenceEncoder - [d7eb06e] Writing "146. foo bar"
03:14:28.493 [qtp1060477329-678] DEBUG o.s.c.c.CharSequenceEncoder - [d7eb06e] Writing "147. foo bar"
03:14:28.493 [qtp1060477329-678] DEBUG o.s.c.c.CharSequenceEncoder - [d7eb06e] Writing "148. foo bar"
03:14:28.493 [qtp1060477329-678] DEBUG o.s.c.c.CharSequenceEncoder - [d7eb06e] Writing "149. foo bar"
03:14:28.493 [qtp1060477329-678] DEBUG o.s.c.c.CharSequenceEncoder - [d7eb06e] Writing "150. foo bar"
03:14:28.494 [qtp1060477329-678] DEBUG o.s.c.c.CharSequenceEncoder - [d7eb06e] Writing "151. foo bar"
03:14:28.494 [qtp1060477329-678] DEBUG o.s.c.c.CharSequenceEncoder - [d7eb06e] Writing "152. foo bar"
03:14:28.494 [qtp1060477329-678] DEBUG o.s.c.c.CharSequenceEncoder - [d7eb06e] Writing "153. foo bar"
03:14:28.494 [qtp1060477329-678] DEBUG o.s.c.c.CharSequenceEncoder - [d7eb06e] Writing "154. foo bar"
03:14:28.494 [qtp1060477329-678] DEBUG o.s.c.c.CharSequenceEncoder - [d7eb06e] Writing "155. foo bar"
03:14:28.495 [qtp1060477329-678] DEBUG o.s.c.c.CharSequenceEncoder - [d7eb06e] Writing "156. foo bar"
03:14:28.495 [qtp1060477329-678] DEBUG o.s.c.c.CharSequenceEncoder - [d7eb06e] Writing "157. foo bar"
03:14:28.496 [qtp1060477329-678] DEBUG o.s.c.c.CharSequenceEncoder - [d7eb06e] Writing "158. foo bar"
03:14:28.496 [qtp1060477329-678] DEBUG o.s.c.c.CharSequenceEncoder - [d7eb06e] Writing "159. foo bar"
03:14:28.496 [qtp1060477329-678] DEBUG o.s.c.c.CharSequenceEncoder - [d7eb06e] Writing "160. foo bar"
03:14:28.497 [qtp1060477329-678] DEBUG o.s.c.c.CharSequenceEncoder - [d7eb06e] Writing "161. foo bar"
03:14:28.497 [qtp1060477329-678] DEBUG o.s.c.c.CharSequenceEncoder - [d7eb06e] Writing "162. foo bar"
03:14:28.497 [qtp1060477329-678] DEBUG o.s.c.c.CharSequenceEncoder - [d7eb06e] Writing "163. foo bar"
03:14:28.497 [qtp1060477329-678] DEBUG o.s.c.c.CharSequenceEncoder - [d7eb06e] Writing "164. foo bar"
03:14:28.498 [qtp1060477329-678] DEBUG o.s.c.c.CharSequenceEncoder - [d7eb06e] Writing "165. foo bar"
03:14:28.498 [qtp1060477329-678] DEBUG o.s.c.c.CharSequenceEncoder - [d7eb06e] Writing "166. foo bar"
03:14:28.498 [qtp1060477329-678] DEBUG o.s.c.c.CharSequenceEncoder - [d7eb06e] Writing "167. foo bar"
03:14:28.499 [qtp1060477329-678] DEBUG o.s.c.c.CharSequenceEncoder - [d7eb06e] Writing "168. foo bar"
03:14:28.500 [qtp1060477329-678] DEBUG o.s.c.c.CharSequenceEncoder - [d7eb06e] Writing "169. foo bar"
03:14:28.500 [qtp1060477329-678] DEBUG o.s.c.c.CharSequenceEncoder - [d7eb06e] Writing "170. foo bar"
03:14:28.501 [qtp1060477329-678] DEBUG o.s.c.c.CharSequenceEncoder - [d7eb06e] Writing "171. foo bar"
03:14:28.501 [qtp1060477329-678] DEBUG o.s.c.c.CharSequenceEncoder - [d7eb06e] Writing "172. foo bar"
03:14:28.502 [qtp1060477329-678] DEBUG o.s.c.c.CharSequenceEncoder - [d7eb06e] Writing "173. foo bar"
03:14:28.502 [qtp1060477329-678] DEBUG o.s.c.c.CharSequenceEncoder - [d7eb06e] Writing "174. foo bar"
03:14:28.503 [qtp1060477329-678] DEBUG o.s.c.c.CharSequenceEncoder - [d7eb06e] Writing "175. foo bar"
03:14:28.504 [qtp1060477329-678] DEBUG o.s.c.c.CharSequenceEncoder - [d7eb06e] Writing "176. foo bar"
03:14:28.505 [qtp1060477329-678] DEBUG o.s.c.c.CharSequenceEncoder - [d7eb06e] Writing "177. foo bar"
03:14:28.505 [qtp1060477329-678] DEBUG o.s.c.c.CharSequenceEncoder - [d7eb06e] Writing "178. foo bar"
03:14:28.506 [qtp1060477329-678] DEBUG o.s.c.c.CharSequenceEncoder - [d7eb06e] Writing "179. foo bar"
03:14:28.507 [qtp1060477329-678] DEBUG o.s.c.c.CharSequenceEncoder - [d7eb06e] Writing "180. foo bar"
03:14:28.507 [qtp1060477329-678] DEBUG o.s.c.c.CharSequenceEncoder - [d7eb06e] Writing "181. foo bar"
03:14:28.508 [qtp1060477329-678] DEBUG o.s.c.c.CharSequenceEncoder - [d7eb06e] Writing "182. foo bar"
03:14:28.509 [qtp1060477329-678] DEBUG o.s.c.c.CharSequenceEncoder - [d7eb06e] Writing "183. foo bar"
03:14:28.509 [qtp1060477329-678] DEBUG o.s.c.c.CharSequenceEncoder - [d7eb06e] Writing "184. foo bar"
03:14:28.510 [qtp1060477329-678] DEBUG o.s.c.c.CharSequenceEncoder - [d7eb06e] Writing "185. foo bar"
03:14:28.510 [qtp1060477329-678] DEBUG o.s.c.c.CharSequenceEncoder - [d7eb06e] Writing "186. foo bar"
03:14:28.510 [qtp1060477329-678] DEBUG o.s.c.c.CharSequenceEncoder - [d7eb06e] Writing "187. foo bar"
03:14:28.511 [qtp1060477329-678] DEBUG o.s.c.c.CharSequenceEncoder - [d7eb06e] Writing "188. foo bar"
03:14:28.511 [qtp1060477329-678] DEBUG o.s.c.c.CharSequenceEncoder - [d7eb06e] Writing "189. foo bar"
03:14:28.511 [qtp1060477329-678] DEBUG o.s.c.c.CharSequenceEncoder - [d7eb06e] Writing "190. foo bar"
03:14:28.512 [qtp1060477329-678] DEBUG o.s.c.c.CharSequenceEncoder - [d7eb06e] Writing "191. foo bar"
03:14:28.512 [qtp1060477329-678] DEBUG o.s.c.c.CharSequenceEncoder - [d7eb06e] Writing "192. foo bar"
03:14:28.512 [qtp1060477329-678] DEBUG o.s.c.c.CharSequenceEncoder - [d7eb06e] Writing "193. foo bar"
03:14:28.513 [qtp1060477329-678] DEBUG o.s.c.c.CharSequenceEncoder - [d7eb06e] Writing "194. foo bar"
03:14:28.513 [qtp1060477329-678] DEBUG o.s.c.c.CharSequenceEncoder - [d7eb06e] Writing "195. foo bar"
03:14:28.514 [qtp1060477329-678] DEBUG o.s.c.c.CharSequenceEncoder - [d7eb06e] Writing "196. foo bar"
03:14:28.514 [qtp1060477329-678] DEBUG o.s.c.c.CharSequenceEncoder - [d7eb06e] Writing "197. foo bar"
03:14:28.514 [qtp1060477329-678] DEBUG o.s.c.c.CharSequenceEncoder - [d7eb06e] Writing "198. foo bar"
03:14:28.515 [qtp1060477329-678] DEBUG o.s.c.c.CharSequenceEncoder - [d7eb06e] Writing "199. foo bar"
03:14:28.515 [qtp1060477329-678] DEBUG o.s.c.c.CharSequenceEncoder - [d7eb06e] Writing "200. foo bar"
03:14:28.515 [qtp1060477329-678] DEBUG o.s.c.c.CharSequenceEncoder - [d7eb06e] Writing "201. foo bar"
03:14:28.516 [qtp1060477329-678] DEBUG o.s.c.c.CharSequenceEncoder - [d7eb06e] Writing "202. foo bar"
03:14:28.516 [qtp1060477329-678] DEBUG o.s.c.c.CharSequenceEncoder - [d7eb06e] Writing "203. foo bar"
03:14:28.516 [qtp1060477329-678] DEBUG o.s.c.c.CharSequenceEncoder - [d7eb06e] Writing "204. foo bar"
03:14:28.516 [qtp1060477329-678] DEBUG o.s.c.c.CharSequenceEncoder - [d7eb06e] Writing "205. foo bar"
03:14:28.517 [qtp1060477329-678] DEBUG o.s.c.c.CharSequenceEncoder - [d7eb06e] Writing "206. foo bar"
03:14:28.517 [qtp1060477329-678] DEBUG o.s.c.c.CharSequenceEncoder - [d7eb06e] Writing "207. foo bar"
03:14:28.518 [qtp1060477329-678] DEBUG o.s.c.c.CharSequenceEncoder - [d7eb06e] Writing "208. foo bar"
03:14:28.519 [qtp1060477329-678] DEBUG o.s.c.c.CharSequenceEncoder - [d7eb06e] Writing "209. foo bar"
03:14:28.519 [qtp1060477329-678] DEBUG o.s.c.c.CharSequenceEncoder - [d7eb06e] Writing "210. foo bar"
03:14:28.519 [qtp1060477329-678] DEBUG o.s.c.c.CharSequenceEncoder - [d7eb06e] Writing "211. foo bar"
03:14:28.520 [qtp1060477329-678] DEBUG o.s.c.c.CharSequenceEncoder - [d7eb06e] Writing "212. foo bar"
03:14:28.520 [qtp1060477329-678] DEBUG o.s.c.c.CharSequenceEncoder - [d7eb06e] Writing "213. foo bar"
03:14:28.521 [qtp1060477329-678] DEBUG o.s.c.c.CharSequenceEncoder - [d7eb06e] Writing "214. foo bar"
03:14:28.521 [qtp1060477329-678] DEBUG o.s.c.c.CharSequenceEncoder - [d7eb06e] Writing "215. foo bar"
03:14:28.521 [qtp1060477329-678] DEBUG o.s.c.c.CharSequenceEncoder - [d7eb06e] Writing "216. foo bar"
03:14:28.522 [qtp1060477329-678] DEBUG o.s.c.c.CharSequenceEncoder - [d7eb06e] Writing "217. foo bar"
03:14:28.522 [qtp1060477329-678] DEBUG o.s.c.c.CharSequenceEncoder - [d7eb06e] Writing "218. foo bar"
03:14:28.522 [qtp1060477329-678] DEBUG o.s.c.c.CharSequenceEncoder - [d7eb06e] Writing "219. foo bar"
03:14:28.523 [qtp1060477329-678] DEBUG o.s.c.c.CharSequenceEncoder - [d7eb06e] Writing "220. foo bar"
03:14:28.523 [qtp1060477329-678] DEBUG o.s.c.c.CharSequenceEncoder - [d7eb06e] Writing "221. foo bar"
03:14:28.523 [qtp1060477329-678] DEBUG o.s.c.c.CharSequenceEncoder - [d7eb06e] Writing "222. foo bar"
03:14:28.523 [qtp1060477329-678] DEBUG o.s.c.c.CharSequenceEncoder - [d7eb06e] Writing "223. foo bar"
03:14:28.524 [qtp1060477329-678] DEBUG o.s.c.c.CharSequenceEncoder - [d7eb06e] Writing "224. foo bar"
03:14:28.524 [qtp1060477329-678] DEBUG o.s.c.c.CharSequenceEncoder - [d7eb06e] Writing "225. foo bar"
03:14:28.524 [qtp1060477329-678] DEBUG o.s.c.c.CharSequenceEncoder - [d7eb06e] Writing "226. foo bar"
03:14:28.525 [qtp1060477329-678] DEBUG o.s.c.c.CharSequenceEncoder - [d7eb06e] Writing "227. foo bar"
03:14:28.525 [qtp1060477329-678] DEBUG o.s.c.c.CharSequenceEncoder - [d7eb06e] Writing "228. foo bar"
03:14:28.525 [qtp1060477329-678] DEBUG o.s.c.c.CharSequenceEncoder - [d7eb06e] Writing "229. foo bar"
03:14:28.526 [qtp1060477329-678] DEBUG o.s.c.c.CharSequenceEncoder - [d7eb06e] Writing "230. foo bar"
03:14:28.526 [qtp1060477329-678] DEBUG o.s.c.c.CharSequenceEncoder - [d7eb06e] Writing "231. foo bar"
03:14:28.527 [qtp1060477329-678] DEBUG o.s.c.c.CharSequenceEncoder - [d7eb06e] Writing "232. foo bar"
03:14:28.527 [qtp1060477329-678] DEBUG o.s.c.c.CharSequenceEncoder - [d7eb06e] Writing "233. foo bar"
03:14:28.527 [qtp1060477329-678] DEBUG o.s.c.c.CharSequenceEncoder - [d7eb06e] Writing "234. foo bar"
03:14:28.528 [qtp1060477329-678] DEBUG o.s.c.c.CharSequenceEncoder - [d7eb06e] Writing "235. foo bar"
03:14:28.528 [qtp1060477329-678] DEBUG o.s.c.c.CharSequenceEncoder - [d7eb06e] Writing "236. foo bar"
03:14:28.528 [qtp1060477329-678] DEBUG o.s.c.c.CharSequenceEncoder - [d7eb06e] Writing "237. foo bar"
03:14:28.528 [qtp1060477329-678] DEBUG o.s.c.c.CharSequenceEncoder - [d7eb06e] Writing "238. foo bar"
03:14:28.529 [qtp1060477329-678] DEBUG o.s.c.c.CharSequenceEncoder - [d7eb06e] Writing "239. foo bar"
03:14:28.529 [qtp1060477329-678] DEBUG o.s.c.c.CharSequenceEncoder - [d7eb06e] Writing "240. foo bar"
03:14:28.529 [qtp1060477329-678] DEBUG o.s.c.c.CharSequenceEncoder - [d7eb06e] Writing "241. foo bar"
03:14:28.529 [qtp1060477329-678] DEBUG o.s.c.c.CharSequenceEncoder - [d7eb06e] Writing "242. foo bar"
03:14:28.530 [qtp1060477329-678] DEBUG o.s.c.c.CharSequenceEncoder - [d7eb06e] Writing "243. foo bar"
03:14:28.530 [qtp1060477329-678] DEBUG o.s.c.c.CharSequenceEncoder - [d7eb06e] Writing "244. foo bar"
03:14:28.530 [qtp1060477329-678] DEBUG o.s.c.c.CharSequenceEncoder - [d7eb06e] Writing "245. foo bar"
03:14:28.531 [qtp1060477329-678] DEBUG o.s.c.c.CharSequenceEncoder - [d7eb06e] Writing "246. foo bar"
03:14:28.531 [qtp1060477329-678] DEBUG o.s.c.c.CharSequenceEncoder - [d7eb06e] Writing "247. foo bar"
03:14:28.531 [qtp1060477329-678] DEBUG o.s.c.c.CharSequenceEncoder - [d7eb06e] Writing "248. foo bar"
03:14:28.531 [qtp1060477329-678] DEBUG o.s.c.c.CharSequenceEncoder - [d7eb06e] Writing "249. foo bar"
03:14:28.532 [qtp1060477329-678] DEBUG o.s.c.c.CharSequenceEncoder - [d7eb06e] Writing "250. foo bar"
03:14:28.532 [qtp1060477329-678] DEBUG o.s.c.c.CharSequenceEncoder - [d7eb06e] Writing "251. foo bar"
03:14:28.532 [qtp1060477329-678] DEBUG o.s.c.c.CharSequenceEncoder - [d7eb06e] Writing "252. foo bar"
03:14:28.533 [qtp1060477329-678] DEBUG o.s.c.c.CharSequenceEncoder - [d7eb06e] Writing "253. foo bar"
03:14:28.533 [qtp1060477329-678] DEBUG o.s.c.c.CharSequenceEncoder - [d7eb06e] Writing "254. foo bar"
03:14:28.533 [qtp1060477329-678] DEBUG o.s.c.c.CharSequenceEncoder - [d7eb06e] Writing "255. foo bar"
03:14:28.533 [qtp1060477329-678] DEBUG o.s.c.c.CharSequenceEncoder - [d7eb06e] Writing "256. foo bar"
03:14:28.534 [qtp1060477329-678] DEBUG o.s.c.c.CharSequenceEncoder - [d7eb06e] Writing "257. foo bar"
03:14:28.534 [qtp1060477329-678] DEBUG o.s.c.c.CharSequenceEncoder - [d7eb06e] Writing "258. foo bar"
03:14:28.535 [qtp1060477329-678] DEBUG o.s.c.c.CharSequenceEncoder - [d7eb06e] Writing "259. foo bar"
03:14:28.535 [qtp1060477329-678] DEBUG o.s.c.c.CharSequenceEncoder - [d7eb06e] Writing "260. foo bar"
03:14:28.535 [qtp1060477329-678] DEBUG o.s.c.c.CharSequenceEncoder - [d7eb06e] Writing "261. foo bar"
03:14:28.536 [qtp1060477329-678] DEBUG o.s.c.c.CharSequenceEncoder - [d7eb06e] Writing "262. foo bar"
03:14:28.536 [qtp1060477329-678] DEBUG o.s.c.c.CharSequenceEncoder - [d7eb06e] Writing "263. foo bar"
03:14:28.536 [qtp1060477329-678] DEBUG o.s.c.c.CharSequenceEncoder - [d7eb06e] Writing "264. foo bar"
03:14:28.537 [qtp1060477329-678] DEBUG o.s.c.c.CharSequenceEncoder - [d7eb06e] Writing "265. foo bar"
03:14:28.537 [qtp1060477329-678] DEBUG o.s.c.c.CharSequenceEncoder - [d7eb06e] Writing "266. foo bar"
03:14:28.537 [qtp1060477329-678] DEBUG o.s.c.c.CharSequenceEncoder - [d7eb06e] Writing "267. foo bar"
03:14:28.537 [qtp1060477329-678] DEBUG o.s.c.c.CharSequenceEncoder - [d7eb06e] Writing "268. foo bar"
03:14:28.539 [qtp1060477329-678] DEBUG o.s.c.c.CharSequenceEncoder - [d7eb06e] Writing "269. foo bar"
03:14:28.539 [qtp1060477329-678] DEBUG o.s.c.c.CharSequenceEncoder - [d7eb06e] Writing "270. foo bar"
03:14:28.540 [qtp1060477329-678] DEBUG o.s.c.c.CharSequenceEncoder - [d7eb06e] Writing "271. foo bar"
03:14:28.540 [qtp1060477329-678] DEBUG o.s.c.c.CharSequenceEncoder - [d7eb06e] Writing "272. foo bar"
03:14:28.541 [qtp1060477329-678] DEBUG o.s.c.c.CharSequenceEncoder - [d7eb06e] Writing "273. foo bar"
03:14:28.541 [qtp1060477329-678] DEBUG o.s.c.c.CharSequenceEncoder - [d7eb06e] Writing "274. foo bar"
03:14:28.541 [qtp1060477329-678] DEBUG o.s.c.c.CharSequenceEncoder - [d7eb06e] Writing "275. foo bar"
03:14:28.542 [qtp1060477329-678] DEBUG o.s.c.c.CharSequenceEncoder - [d7eb06e] Writing "276. foo bar"
03:14:28.542 [qtp1060477329-678] DEBUG o.s.c.c.CharSequenceEncoder - [d7eb06e] Writing "277. foo bar"
03:14:28.543 [qtp1060477329-678] DEBUG o.s.c.c.CharSequenceEncoder - [d7eb06e] Writing "278. foo bar"
03:14:28.543 [qtp1060477329-678] DEBUG o.s.c.c.CharSequenceEncoder - [d7eb06e] Writing "279. foo bar"
03:14:28.543 [qtp1060477329-678] DEBUG o.s.c.c.CharSequenceEncoder - [d7eb06e] Writing "280. foo bar"
03:14:28.544 [qtp1060477329-678] DEBUG o.s.c.c.CharSequenceEncoder - [d7eb06e] Writing "281. foo bar"
03:14:28.544 [qtp1060477329-678] DEBUG o.s.c.c.CharSequenceEncoder - [d7eb06e] Writing "282. foo bar"
03:14:28.544 [qtp1060477329-678] DEBUG o.s.c.c.CharSequenceEncoder - [d7eb06e] Writing "283. foo bar"
03:14:28.545 [qtp1060477329-678] DEBUG o.s.c.c.CharSequenceEncoder - [d7eb06e] Writing "284. foo bar"
03:14:28.545 [qtp1060477329-678] DEBUG o.s.c.c.CharSequenceEncoder - [d7eb06e] Writing "285. foo bar"
03:14:28.546 [qtp1060477329-678] DEBUG o.s.c.c.CharSequenceEncoder - [d7eb06e] Writing "286. foo bar"
03:14:28.546 [qtp1060477329-678] DEBUG o.s.c.c.CharSequenceEncoder - [d7eb06e] Writing "287. foo bar"
03:14:28.546 [qtp1060477329-678] DEBUG o.s.c.c.CharSequenceEncoder - [d7eb06e] Writing "288. foo bar"
03:14:28.547 [qtp1060477329-678] DEBUG o.s.c.c.CharSequenceEncoder - [d7eb06e] Writing "289. foo bar"
03:14:28.547 [qtp1060477329-678] DEBUG o.s.c.c.CharSequenceEncoder - [d7eb06e] Writing "290. foo bar"
03:14:28.548 [qtp1060477329-678] DEBUG o.s.c.c.CharSequenceEncoder - [d7eb06e] Writing "291. foo bar"
03:14:28.550 [qtp1060477329-678] DEBUG o.s.c.c.CharSequenceEncoder - [d7eb06e] Writing "292. foo bar"
03:14:28.550 [qtp1060477329-678] DEBUG o.s.c.c.CharSequenceEncoder - [d7eb06e] Writing "293. foo bar"
03:14:28.551 [qtp1060477329-678] DEBUG o.s.c.c.CharSequenceEncoder - [d7eb06e] Writing "294. foo bar"
03:14:28.551 [qtp1060477329-678] DEBUG o.s.c.c.CharSequenceEncoder - [d7eb06e] Writing "295. foo bar"
03:14:28.552 [qtp1060477329-678] DEBUG o.s.c.c.CharSequenceEncoder - [d7eb06e] Writing "296. foo bar"
03:14:28.553 [qtp1060477329-678] DEBUG o.s.c.c.CharSequenceEncoder - [d7eb06e] Writing "297. foo bar"
03:14:28.553 [qtp1060477329-678] DEBUG o.s.c.c.CharSequenceEncoder - [d7eb06e] Writing "298. foo bar"
03:14:28.554 [qtp1060477329-678] DEBUG o.s.c.c.CharSequenceEncoder - [d7eb06e] Writing "299. foo bar"
03:14:28.555 [qtp1060477329-678] DEBUG o.s.c.c.CharSequenceEncoder - [d7eb06e] Writing "300. foo bar"
03:14:28.555 [qtp1060477329-678] DEBUG o.s.c.c.CharSequenceEncoder - [d7eb06e] Writing "301. foo bar"
03:14:28.555 [qtp1060477329-678] DEBUG o.s.c.c.CharSequenceEncoder - [d7eb06e] Writing "302. foo bar"
03:14:28.556 [qtp1060477329-678] DEBUG o.s.c.c.CharSequenceEncoder - [d7eb06e] Writing "303. foo bar"
03:14:28.556 [qtp1060477329-678] DEBUG o.s.c.c.CharSequenceEncoder - [d7eb06e] Writing "304. foo bar"
03:14:28.557 [qtp1060477329-678] DEBUG o.s.c.c.CharSequenceEncoder - [d7eb06e] Writing "305. foo bar"
03:14:28.557 [qtp1060477329-678] DEBUG o.s.c.c.CharSequenceEncoder - [d7eb06e] Writing "306. foo bar"
03:14:28.557 [qtp1060477329-678] DEBUG o.s.c.c.CharSequenceEncoder - [d7eb06e] Writing "307. foo bar"
03:14:28.557 [qtp1060477329-678] DEBUG o.s.c.c.CharSequenceEncoder - [d7eb06e] Writing "308. foo bar"
03:14:28.557 [qtp1060477329-678] DEBUG o.s.c.c.CharSequenceEncoder - [d7eb06e] Writing "309. foo bar"
03:14:28.557 [qtp1060477329-678] DEBUG o.s.c.c.CharSequenceEncoder - [d7eb06e] Writing "310. foo bar"
03:14:28.557 [qtp1060477329-678] DEBUG o.s.c.c.CharSequenceEncoder - [d7eb06e] Writing "311. foo bar"
03:14:28.557 [qtp1060477329-678] DEBUG o.s.c.c.CharSequenceEncoder - [d7eb06e] Writing "312. foo bar"
03:14:28.557 [qtp1060477329-678] DEBUG o.s.c.c.CharSequenceEncoder - [d7eb06e] Writing "313. foo bar"
03:14:28.557 [qtp1060477329-678] DEBUG o.s.c.c.CharSequenceEncoder - [d7eb06e] Writing "314. foo bar"
03:14:28.557 [qtp1060477329-678] DEBUG o.s.c.c.CharSequenceEncoder - [d7eb06e] Writing "315. foo bar"
03:14:28.557 [qtp1060477329-678] DEBUG o.s.c.c.CharSequenceEncoder - [d7eb06e] Writing "316. foo bar"
03:14:28.557 [qtp1060477329-678] DEBUG o.s.c.c.CharSequenceEncoder - [d7eb06e] Writing "317. foo bar"
03:14:28.557 [qtp1060477329-678] DEBUG o.s.c.c.CharSequenceEncoder - [d7eb06e] Writing "318. foo bar"
03:14:28.557 [qtp1060477329-678] DEBUG o.s.c.c.CharSequenceEncoder - [d7eb06e] Writing "319. foo bar"
03:14:28.557 [qtp1060477329-678] DEBUG o.s.c.c.CharSequenceEncoder - [d7eb06e] Writing "320. foo bar"
03:14:28.557 [qtp1060477329-678] DEBUG o.s.c.c.CharSequenceEncoder - [d7eb06e] Writing "321. foo bar"
03:14:28.557 [qtp1060477329-678] DEBUG o.s.c.c.CharSequenceEncoder - [d7eb06e] Writing "322. foo bar"
03:14:28.557 [qtp1060477329-678] DEBUG o.s.c.c.CharSequenceEncoder - [d7eb06e] Writing "323. foo bar"
03:14:28.557 [qtp1060477329-678] DEBUG o.s.c.c.CharSequenceEncoder - [d7eb06e] Writing "324. foo bar"
03:14:28.557 [qtp1060477329-678] DEBUG o.s.c.c.CharSequenceEncoder - [d7eb06e] Writing "325. foo bar"
03:14:28.557 [qtp1060477329-678] DEBUG o.s.c.c.CharSequenceEncoder - [d7eb06e] Writing "326. foo bar"
03:14:28.557 [qtp1060477329-678] DEBUG o.s.c.c.CharSequenceEncoder - [d7eb06e] Writing "327. foo bar"
03:14:28.557 [qtp1060477329-678] DEBUG o.s.c.c.CharSequenceEncoder - [d7eb06e] Writing "328. foo bar"
03:14:28.557 [qtp1060477329-678] DEBUG o.s.c.c.CharSequenceEncoder - [d7eb06e] Writing "329. foo bar"
03:14:28.557 [qtp1060477329-678] DEBUG o.s.c.c.CharSequenceEncoder - [d7eb06e] Writing "330. foo bar"
03:14:28.557 [qtp1060477329-678] DEBUG o.s.c.c.CharSequenceEncoder - [d7eb06e] Writing "331. foo bar"
03:14:28.557 [qtp1060477329-678] DEBUG o.s.c.c.CharSequenceEncoder - [d7eb06e] Writing "332. foo bar"
03:14:28.557 [qtp1060477329-678] DEBUG o.s.c.c.CharSequenceEncoder - [d7eb06e] Writing "333. foo bar"
03:14:28.557 [qtp1060477329-678] DEBUG o.s.c.c.CharSequenceEncoder - [d7eb06e] Writing "334. foo bar"
03:14:28.557 [qtp1060477329-678] DEBUG o.s.c.c.CharSequenceEncoder - [d7eb06e] Writing "335. foo bar"
03:14:28.557 [qtp1060477329-678] DEBUG o.s.c.c.CharSequenceEncoder - [d7eb06e] Writing "336. foo bar"
03:14:28.557 [qtp1060477329-678] DEBUG o.s.c.c.CharSequenceEncoder - [d7eb06e] Writing "337. foo bar"
03:14:28.557 [qtp1060477329-678] DEBUG o.s.c.c.CharSequenceEncoder - [d7eb06e] Writing "338. foo bar"
03:14:28.557 [qtp1060477329-678] DEBUG o.s.c.c.CharSequenceEncoder - [d7eb06e] Writing "339. foo bar"
03:14:28.557 [qtp1060477329-678] DEBUG o.s.c.c.CharSequenceEncoder - [d7eb06e] Writing "340. foo bar"
03:14:28.557 [qtp1060477329-678] DEBUG o.s.c.c.CharSequenceEncoder - [d7eb06e] Writing "341. foo bar"
03:14:28.557 [qtp1060477329-678] DEBUG o.s.c.c.CharSequenceEncoder - [d7eb06e] Writing "342. foo bar"
03:14:28.573 [qtp1060477329-678] DEBUG o.s.c.c.CharSequenceEncoder - [d7eb06e] Writing "343. foo bar"
03:14:28.573 [qtp1060477329-678] DEBUG o.s.c.c.CharSequenceEncoder - [d7eb06e] Writing "344. foo bar"
03:14:28.573 [qtp1060477329-678] DEBUG o.s.c.c.CharSequenceEncoder - [d7eb06e] Writing "345. foo bar"
03:14:28.573 [qtp1060477329-678] DEBUG o.s.c.c.CharSequenceEncoder - [d7eb06e] Writing "346. foo bar"
03:14:28.573 [qtp1060477329-678] DEBUG o.s.c.c.CharSequenceEncoder - [d7eb06e] Writing "347. foo bar"
03:14:28.573 [qtp1060477329-678] DEBUG o.s.c.c.CharSequenceEncoder - [d7eb06e] Writing "348. foo bar"
03:14:28.573 [qtp1060477329-678] DEBUG o.s.c.c.CharSequenceEncoder - [d7eb06e] Writing "349. foo bar"
03:14:28.573 [qtp1060477329-678] DEBUG o.s.c.c.CharSequenceEncoder - [d7eb06e] Writing "350. foo bar"
03:14:28.573 [qtp1060477329-678] DEBUG o.s.c.c.CharSequenceEncoder - [d7eb06e] Writing "351. foo bar"
03:14:28.573 [qtp1060477329-678] DEBUG o.s.c.c.CharSequenceEncoder - [d7eb06e] Writing "352. foo bar"
03:14:28.573 [qtp1060477329-678] DEBUG o.s.c.c.CharSequenceEncoder - [d7eb06e] Writing "353. foo bar"
03:14:28.573 [qtp1060477329-678] DEBUG o.s.c.c.CharSequenceEncoder - [d7eb06e] Writing "354. foo bar"
03:14:28.573 [qtp1060477329-678] DEBUG o.s.c.c.CharSequenceEncoder - [d7eb06e] Writing "355. foo bar"
03:14:28.573 [qtp1060477329-678] DEBUG o.s.c.c.CharSequenceEncoder - [d7eb06e] Writing "356. foo bar"
03:14:28.573 [qtp1060477329-678] DEBUG o.s.c.c.CharSequenceEncoder - [d7eb06e] Writing "357. foo bar"
03:14:28.573 [qtp1060477329-678] DEBUG o.s.c.c.CharSequenceEncoder - [d7eb06e] Writing "358. foo bar"
03:14:28.573 [qtp1060477329-678] DEBUG o.s.c.c.CharSequenceEncoder - [d7eb06e] Writing "359. foo bar"
03:14:28.573 [qtp1060477329-678] DEBUG o.s.c.c.CharSequenceEncoder - [d7eb06e] Writing "360. foo bar"
03:14:28.573 [qtp1060477329-678] DEBUG o.s.c.c.CharSequenceEncoder - [d7eb06e] Writing "361. foo bar"
03:14:28.573 [qtp1060477329-678] DEBUG o.s.c.c.CharSequenceEncoder - [d7eb06e] Writing "362. foo bar"
03:14:28.573 [qtp1060477329-678] DEBUG o.s.c.c.CharSequenceEncoder - [d7eb06e] Writing "363. foo bar"
03:14:28.573 [qtp1060477329-678] DEBUG o.s.c.c.CharSequenceEncoder - [d7eb06e] Writing "364. foo bar"
03:14:28.573 [qtp1060477329-678] DEBUG o.s.c.c.CharSequenceEncoder - [d7eb06e] Writing "365. foo bar"
03:14:28.573 [qtp1060477329-678] DEBUG o.s.c.c.CharSequenceEncoder - [d7eb06e] Writing "366. foo bar"
03:14:28.573 [qtp1060477329-678] DEBUG o.s.c.c.CharSequenceEncoder - [d7eb06e] Writing "367. foo bar"
03:14:28.573 [qtp1060477329-678] DEBUG o.s.c.c.CharSequenceEncoder - [d7eb06e] Writing "368. foo bar"
03:14:28.573 [qtp1060477329-678] DEBUG o.s.c.c.CharSequenceEncoder - [d7eb06e] Writing "369. foo bar"
03:14:28.573 [qtp1060477329-678] DEBUG o.s.c.c.CharSequenceEncoder - [d7eb06e] Writing "370. foo bar"
03:14:28.573 [qtp1060477329-678] DEBUG o.s.c.c.CharSequenceEncoder - [d7eb06e] Writing "371. foo bar"
03:14:28.573 [qtp1060477329-678] DEBUG o.s.c.c.CharSequenceEncoder - [d7eb06e] Writing "372. foo bar"
03:14:28.573 [qtp1060477329-678] DEBUG o.s.c.c.CharSequenceEncoder - [d7eb06e] Writing "373. foo bar"
03:14:28.573 [qtp1060477329-678] DEBUG o.s.c.c.CharSequenceEncoder - [d7eb06e] Writing "374. foo bar"
03:14:28.573 [qtp1060477329-678] DEBUG o.s.c.c.CharSequenceEncoder - [d7eb06e] Writing "375. foo bar"
03:14:28.573 [qtp1060477329-678] DEBUG o.s.c.c.CharSequenceEncoder - [d7eb06e] Writing "376. foo bar"
03:14:28.573 [qtp1060477329-678] DEBUG o.s.c.c.CharSequenceEncoder - [d7eb06e] Writing "377. foo bar"
03:14:28.573 [qtp1060477329-678] DEBUG o.s.c.c.CharSequenceEncoder - [d7eb06e] Writing "378. foo bar"
03:14:28.573 [qtp1060477329-678] DEBUG o.s.c.c.CharSequenceEncoder - [d7eb06e] Writing "379. foo bar"
03:14:28.573 [qtp1060477329-678] DEBUG o.s.c.c.CharSequenceEncoder - [d7eb06e] Writing "380. foo bar"
03:14:28.573 [qtp1060477329-678] DEBUG o.s.c.c.CharSequenceEncoder - [d7eb06e] Writing "381. foo bar"
03:14:28.573 [qtp1060477329-678] DEBUG o.s.c.c.CharSequenceEncoder - [d7eb06e] Writing "382. foo bar"
03:14:28.573 [qtp1060477329-678] DEBUG o.s.c.c.CharSequenceEncoder - [d7eb06e] Writing "383. foo bar"
03:14:28.573 [qtp1060477329-678] DEBUG o.s.c.c.CharSequenceEncoder - [d7eb06e] Writing "384. foo bar"
03:14:28.573 [qtp1060477329-678] DEBUG o.s.c.c.CharSequenceEncoder - [d7eb06e] Writing "385. foo bar"
03:14:28.573 [qtp1060477329-678] DEBUG o.s.c.c.CharSequenceEncoder - [d7eb06e] Writing "386. foo bar"
03:14:28.573 [qtp1060477329-678] DEBUG o.s.c.c.CharSequenceEncoder - [d7eb06e] Writing "387. foo bar"
03:14:28.573 [qtp1060477329-678] DEBUG o.s.c.c.CharSequenceEncoder - [d7eb06e] Writing "388. foo bar"
03:14:28.573 [qtp1060477329-678] DEBUG o.s.c.c.CharSequenceEncoder - [d7eb06e] Writing "389. foo bar"
03:14:28.573 [qtp1060477329-678] DEBUG o.s.c.c.CharSequenceEncoder - [d7eb06e] Writing "390. foo bar"
03:14:28.573 [qtp1060477329-678] DEBUG o.s.c.c.CharSequenceEncoder - [d7eb06e] Writing "391. foo bar"
03:14:28.573 [qtp1060477329-678] DEBUG o.s.c.c.CharSequenceEncoder - [d7eb06e] Writing "392. foo bar"
03:14:28.573 [qtp1060477329-678] DEBUG o.s.c.c.CharSequenceEncoder - [d7eb06e] Writing "393. foo bar"
03:14:28.573 [qtp1060477329-678] DEBUG o.s.c.c.CharSequenceEncoder - [d7eb06e] Writing "394. foo bar"
03:14:28.573 [qtp1060477329-678] DEBUG o.s.c.c.CharSequenceEncoder - [d7eb06e] Writing "395. foo bar"
03:14:28.573 [qtp1060477329-678] DEBUG o.s.c.c.CharSequenceEncoder - [d7eb06e] Writing "396. foo bar"
03:14:28.573 [qtp1060477329-678] DEBUG o.s.c.c.CharSequenceEncoder - [d7eb06e] Writing "397. foo bar"
03:14:28.573 [qtp1060477329-678] DEBUG o.s.c.c.CharSequenceEncoder - [d7eb06e] Writing "398. foo bar"
03:14:28.589 [qtp1060477329-678] DEBUG o.s.c.c.CharSequenceEncoder - [d7eb06e] Writing "399. foo bar"
03:14:28.589 [qtp1060477329-678] DEBUG o.s.c.c.CharSequenceEncoder - [d7eb06e] Writing "400. foo bar"
03:14:28.589 [qtp1060477329-678] DEBUG o.s.c.c.CharSequenceEncoder - [d7eb06e] Writing "401. foo bar"
03:14:28.589 [qtp1060477329-678] DEBUG o.s.c.c.CharSequenceEncoder - [d7eb06e] Writing "402. foo bar"
03:14:28.589 [qtp1060477329-678] DEBUG o.s.c.c.CharSequenceEncoder - [d7eb06e] Writing "403. foo bar"
03:14:28.589 [qtp1060477329-678] DEBUG o.s.c.c.CharSequenceEncoder - [d7eb06e] Writing "404. foo bar"
03:14:28.589 [qtp1060477329-678] DEBUG o.s.c.c.CharSequenceEncoder - [d7eb06e] Writing "405. foo bar"
03:14:28.589 [qtp1060477329-678] DEBUG o.s.c.c.CharSequenceEncoder - [d7eb06e] Writing "406. foo bar"
03:14:28.589 [qtp1060477329-678] DEBUG o.s.c.c.CharSequenceEncoder - [d7eb06e] Writing "407. foo bar"
03:14:28.589 [qtp1060477329-678] DEBUG o.s.c.c.CharSequenceEncoder - [d7eb06e] Writing "408. foo bar"
03:14:28.589 [qtp1060477329-678] DEBUG o.s.c.c.CharSequenceEncoder - [d7eb06e] Writing "409. foo bar"
03:14:28.589 [qtp1060477329-678] DEBUG o.s.c.c.CharSequenceEncoder - [d7eb06e] Writing "410. foo bar"
03:14:28.589 [qtp1060477329-678] DEBUG o.s.c.c.CharSequenceEncoder - [d7eb06e] Writing "411. foo bar"
03:14:28.589 [qtp1060477329-678] DEBUG o.s.c.c.CharSequenceEncoder - [d7eb06e] Writing "412. foo bar"
03:14:28.589 [qtp1060477329-678] DEBUG o.s.c.c.CharSequenceEncoder - [d7eb06e] Writing "413. foo bar"
03:14:28.589 [qtp1060477329-678] DEBUG o.s.c.c.CharSequenceEncoder - [d7eb06e] Writing "414. foo bar"
03:14:28.589 [qtp1060477329-678] DEBUG o.s.c.c.CharSequenceEncoder - [d7eb06e] Writing "415. foo bar"
03:14:28.589 [qtp1060477329-678] DEBUG o.s.c.c.CharSequenceEncoder - [d7eb06e] Writing "416. foo bar"
03:14:28.589 [qtp1060477329-678] DEBUG o.s.c.c.CharSequenceEncoder - [d7eb06e] Writing "417. foo bar"
03:14:28.589 [qtp1060477329-678] DEBUG o.s.c.c.CharSequenceEncoder - [d7eb06e] Writing "418. foo bar"
03:14:28.589 [qtp1060477329-678] DEBUG o.s.c.c.CharSequenceEncoder - [d7eb06e] Writing "419. foo bar"
03:14:28.589 [qtp1060477329-678] DEBUG o.s.c.c.CharSequenceEncoder - [d7eb06e] Writing "420. foo bar"
03:14:28.589 [qtp1060477329-678] DEBUG o.s.c.c.CharSequenceEncoder - [d7eb06e] Writing "421. foo bar"
03:14:28.589 [qtp1060477329-678] DEBUG o.s.c.c.CharSequenceEncoder - [d7eb06e] Writing "422. foo bar"
03:14:28.589 [qtp1060477329-678] DEBUG o.s.c.c.CharSequenceEncoder - [d7eb06e] Writing "423. foo bar"
03:14:28.589 [qtp1060477329-678] DEBUG o.s.c.c.CharSequenceEncoder - [d7eb06e] Writing "424. foo bar"
03:14:28.589 [qtp1060477329-678] DEBUG o.s.c.c.CharSequenceEncoder - [d7eb06e] Writing "425. foo bar"
03:14:28.589 [qtp1060477329-678] DEBUG o.s.c.c.CharSequenceEncoder - [d7eb06e] Writing "426. foo bar"
03:14:28.589 [qtp1060477329-678] DEBUG o.s.c.c.CharSequenceEncoder - [d7eb06e] Writing "427. foo bar"
03:14:28.589 [qtp1060477329-678] DEBUG o.s.c.c.CharSequenceEncoder - [d7eb06e] Writing "428. foo bar"
03:14:28.589 [qtp1060477329-678] DEBUG o.s.c.c.CharSequenceEncoder - [d7eb06e] Writing "429. foo bar"
03:14:28.589 [qtp1060477329-678] DEBUG o.s.c.c.CharSequenceEncoder - [d7eb06e] Writing "430. foo bar"
03:14:28.589 [qtp1060477329-678] DEBUG o.s.c.c.CharSequenceEncoder - [d7eb06e] Writing "431. foo bar"
03:14:28.589 [qtp1060477329-678] DEBUG o.s.c.c.CharSequenceEncoder - [d7eb06e] Writing "432. foo bar"
03:14:28.589 [qtp1060477329-678] DEBUG o.s.c.c.CharSequenceEncoder - [d7eb06e] Writing "433. foo bar"
03:14:28.589 [qtp1060477329-678] DEBUG o.s.c.c.CharSequenceEncoder - [d7eb06e] Writing "434. foo bar"
03:14:28.589 [qtp1060477329-678] DEBUG o.s.c.c.CharSequenceEncoder - [d7eb06e] Writing "435. foo bar"
03:14:28.589 [qtp1060477329-678] DEBUG o.s.c.c.CharSequenceEncoder - [d7eb06e] Writing "436. foo bar"
03:14:28.589 [qtp1060477329-678] DEBUG o.s.c.c.CharSequenceEncoder - [d7eb06e] Writing "437. foo bar"
03:14:28.589 [qtp1060477329-678] DEBUG o.s.c.c.CharSequenceEncoder - [d7eb06e] Writing "438. foo bar"
03:14:28.589 [qtp1060477329-678] DEBUG o.s.c.c.CharSequenceEncoder - [d7eb06e] Writing "439. foo bar"
03:14:28.589 [qtp1060477329-678] DEBUG o.s.c.c.CharSequenceEncoder - [d7eb06e] Writing "440. foo bar"
03:14:28.589 [qtp1060477329-678] DEBUG o.s.c.c.CharSequenceEncoder - [d7eb06e] Writing "441. foo bar"
03:14:28.589 [qtp1060477329-678] DEBUG o.s.c.c.CharSequenceEncoder - [d7eb06e] Writing "442. foo bar"
03:14:28.589 [qtp1060477329-678] DEBUG o.s.c.c.CharSequenceEncoder - [d7eb06e] Writing "443. foo bar"
03:14:28.589 [qtp1060477329-678] DEBUG o.s.c.c.CharSequenceEncoder - [d7eb06e] Writing "444. foo bar"
03:14:28.589 [qtp1060477329-678] DEBUG o.s.c.c.CharSequenceEncoder - [d7eb06e] Writing "445. foo bar"
03:14:28.589 [qtp1060477329-678] DEBUG o.s.c.c.CharSequenceEncoder - [d7eb06e] Writing "446. foo bar"
03:14:28.589 [qtp1060477329-678] DEBUG o.s.c.c.CharSequenceEncoder - [d7eb06e] Writing "447. foo bar"
03:14:28.589 [qtp1060477329-678] DEBUG o.s.c.c.CharSequenceEncoder - [d7eb06e] Writing "448. foo bar"
03:14:28.589 [qtp1060477329-678] DEBUG o.s.c.c.CharSequenceEncoder - [d7eb06e] Writing "449. foo bar"
03:14:28.589 [qtp1060477329-678] DEBUG o.s.c.c.CharSequenceEncoder - [d7eb06e] Writing "450. foo bar"
03:14:28.589 [qtp1060477329-678] DEBUG o.s.c.c.CharSequenceEncoder - [d7eb06e] Writing "451. foo bar"
03:14:28.589 [qtp1060477329-678] DEBUG o.s.c.c.CharSequenceEncoder - [d7eb06e] Writing "452. foo bar"
03:14:28.589 [qtp1060477329-678] DEBUG o.s.c.c.CharSequenceEncoder - [d7eb06e] Writing "453. foo bar"
03:14:28.604 [qtp1060477329-678] DEBUG o.s.c.c.CharSequenceEncoder - [d7eb06e] Writing "454. foo bar"
03:14:28.604 [qtp1060477329-678] DEBUG o.s.c.c.CharSequenceEncoder - [d7eb06e] Writing "455. foo bar"
03:14:28.604 [qtp1060477329-678] DEBUG o.s.c.c.CharSequenceEncoder - [d7eb06e] Writing "456. foo bar"
03:14:28.604 [qtp1060477329-678] DEBUG o.s.c.c.CharSequenceEncoder - [d7eb06e] Writing "457. foo bar"
03:14:28.604 [qtp1060477329-678] DEBUG o.s.c.c.CharSequenceEncoder - [d7eb06e] Writing "458. foo bar"
03:14:28.604 [qtp1060477329-678] DEBUG o.s.c.c.CharSequenceEncoder - [d7eb06e] Writing "459. foo bar"
03:14:28.604 [qtp1060477329-678] DEBUG o.s.c.c.CharSequenceEncoder - [d7eb06e] Writing "460. foo bar"
03:14:28.604 [qtp1060477329-678] DEBUG o.s.c.c.CharSequenceEncoder - [d7eb06e] Writing "461. foo bar"
03:14:28.604 [qtp1060477329-678] DEBUG o.s.c.c.CharSequenceEncoder - [d7eb06e] Writing "462. foo bar"
03:14:28.604 [qtp1060477329-678] DEBUG o.s.c.c.CharSequenceEncoder - [d7eb06e] Writing "463. foo bar"
03:14:28.604 [qtp1060477329-678] DEBUG o.s.c.c.CharSequenceEncoder - [d7eb06e] Writing "464. foo bar"
03:14:28.604 [qtp1060477329-678] DEBUG o.s.c.c.CharSequenceEncoder - [d7eb06e] Writing "465. foo bar"
03:14:28.604 [qtp1060477329-678] DEBUG o.s.c.c.CharSequenceEncoder - [d7eb06e] Writing "466. foo bar"
03:14:28.604 [qtp1060477329-678] DEBUG o.s.c.c.CharSequenceEncoder - [d7eb06e] Writing "467. foo bar"
03:14:28.604 [qtp1060477329-678] DEBUG o.s.c.c.CharSequenceEncoder - [d7eb06e] Writing "468. foo bar"
03:14:28.604 [qtp1060477329-678] DEBUG o.s.c.c.CharSequenceEncoder - [d7eb06e] Writing "469. foo bar"
03:14:28.604 [qtp1060477329-678] DEBUG o.s.c.c.CharSequenceEncoder - [d7eb06e] Writing "470. foo bar"
03:14:28.604 [qtp1060477329-678] DEBUG o.s.c.c.CharSequenceEncoder - [d7eb06e] Writing "471. foo bar"
03:14:28.604 [qtp1060477329-678] DEBUG o.s.c.c.CharSequenceEncoder - [d7eb06e] Writing "472. foo bar"
03:14:28.604 [qtp1060477329-678] DEBUG o.s.c.c.CharSequenceEncoder - [d7eb06e] Writing "473. foo bar"
03:14:28.604 [qtp1060477329-678] DEBUG o.s.c.c.CharSequenceEncoder - [d7eb06e] Writing "474. foo bar"
03:14:28.604 [qtp1060477329-678] DEBUG o.s.c.c.CharSequenceEncoder - [d7eb06e] Writing "475. foo bar"
03:14:28.604 [qtp1060477329-678] DEBUG o.s.c.c.CharSequenceEncoder - [d7eb06e] Writing "476. foo bar"
03:14:28.604 [qtp1060477329-678] DEBUG o.s.c.c.CharSequenceEncoder - [d7eb06e] Writing "477. foo bar"
03:14:28.604 [qtp1060477329-678] DEBUG o.s.c.c.CharSequenceEncoder - [d7eb06e] Writing "478. foo bar"
03:14:28.604 [qtp1060477329-678] DEBUG o.s.c.c.CharSequenceEncoder - [d7eb06e] Writing "479. foo bar"
03:14:28.604 [qtp1060477329-678] DEBUG o.s.c.c.CharSequenceEncoder - [d7eb06e] Writing "480. foo bar"
03:14:28.604 [qtp1060477329-678] DEBUG o.s.c.c.CharSequenceEncoder - [d7eb06e] Writing "481. foo bar"
03:14:28.604 [qtp1060477329-678] DEBUG o.s.c.c.CharSequenceEncoder - [d7eb06e] Writing "482. foo bar"
03:14:28.604 [qtp1060477329-678] DEBUG o.s.c.c.CharSequenceEncoder - [d7eb06e] Writing "483. foo bar"
03:14:28.604 [qtp1060477329-678] DEBUG o.s.c.c.CharSequenceEncoder - [d7eb06e] Writing "484. foo bar"
03:14:28.604 [qtp1060477329-678] DEBUG o.s.c.c.CharSequenceEncoder - [d7eb06e] Writing "485. foo bar"
03:14:28.604 [qtp1060477329-678] DEBUG o.s.c.c.CharSequenceEncoder - [d7eb06e] Writing "486. foo bar"
03:14:28.604 [qtp1060477329-678] DEBUG o.s.c.c.CharSequenceEncoder - [d7eb06e] Writing "487. foo bar"
03:14:28.604 [qtp1060477329-678] DEBUG o.s.c.c.CharSequenceEncoder - [d7eb06e] Writing "488. foo bar"
03:14:28.604 [qtp1060477329-678] DEBUG o.s.c.c.CharSequenceEncoder - [d7eb06e] Writing "489. foo bar"
03:14:28.604 [qtp1060477329-678] DEBUG o.s.c.c.CharSequenceEncoder - [d7eb06e] Writing "490. foo bar"
03:14:28.604 [qtp1060477329-678] DEBUG o.s.c.c.CharSequenceEncoder - [d7eb06e] Writing "491. foo bar"
03:14:28.604 [qtp1060477329-678] DEBUG o.s.c.c.CharSequenceEncoder - [d7eb06e] Writing "492. foo bar"
03:14:28.604 [qtp1060477329-678] DEBUG o.s.c.c.CharSequenceEncoder - [d7eb06e] Writing "493. foo bar"
03:14:28.604 [qtp1060477329-678] DEBUG o.s.c.c.CharSequenceEncoder - [d7eb06e] Writing "494. foo bar"
03:14:28.604 [qtp1060477329-678] DEBUG o.s.c.c.CharSequenceEncoder - [d7eb06e] Writing "495. foo bar"
03:14:28.604 [qtp1060477329-678] DEBUG o.s.c.c.CharSequenceEncoder - [d7eb06e] Writing "496. foo bar"
03:14:28.604 [qtp1060477329-678] DEBUG o.s.c.c.CharSequenceEncoder - [d7eb06e] Writing "497. foo bar"
03:14:28.604 [qtp1060477329-678] DEBUG o.s.c.c.CharSequenceEncoder - [d7eb06e] Writing "498. foo bar"
03:14:28.604 [qtp1060477329-678] DEBUG o.s.c.c.CharSequenceEncoder - [d7eb06e] Writing "499. foo bar"
03:14:28.604 [qtp1060477329-678] DEBUG o.s.c.c.CharSequenceEncoder - [d7eb06e] Writing "500. foo bar"
03:14:28.604 [qtp1060477329-678] DEBUG o.s.c.c.CharSequenceEncoder - [d7eb06e] Writing "501. foo bar"
03:14:28.604 [qtp1060477329-678] DEBUG o.s.c.c.CharSequenceEncoder - [d7eb06e] Writing "502. foo bar"
03:14:28.604 [qtp1060477329-678] DEBUG o.s.c.c.CharSequenceEncoder - [d7eb06e] Writing "503. foo bar"
03:14:28.604 [qtp1060477329-678] DEBUG o.s.c.c.CharSequenceEncoder - [d7eb06e] Writing "504. foo bar"
03:14:28.604 [qtp1060477329-678] DEBUG o.s.c.c.CharSequenceEncoder - [d7eb06e] Writing "505. foo bar"
03:14:28.604 [qtp1060477329-678] DEBUG o.s.c.c.CharSequenceEncoder - [d7eb06e] Writing "506. foo bar"
03:14:28.604 [qtp1060477329-678] DEBUG o.s.c.c.CharSequenceEncoder - [d7eb06e] Writing "507. foo bar"
03:14:28.604 [qtp1060477329-678] DEBUG o.s.c.c.CharSequenceEncoder - [d7eb06e] Writing "508. foo bar"
03:14:28.604 [qtp1060477329-678] DEBUG o.s.c.c.CharSequenceEncoder - [d7eb06e] Writing "509. foo bar"
03:14:28.604 [qtp1060477329-678] DEBUG o.s.c.c.CharSequenceEncoder - [d7eb06e] Writing "510. foo bar"
03:14:28.604 [qtp1060477329-678] DEBUG o.s.c.c.CharSequenceEncoder - [d7eb06e] Writing "511. foo bar"
03:14:28.604 [qtp1060477329-678] DEBUG o.s.c.c.CharSequenceEncoder - [d7eb06e] Writing "512. foo bar"
03:14:28.604 [qtp1060477329-678] DEBUG o.s.c.c.CharSequenceEncoder - [d7eb06e] Writing "513. foo bar"
03:14:28.604 [qtp1060477329-678] DEBUG o.s.c.c.CharSequenceEncoder - [d7eb06e] Writing "514. foo bar"
03:14:28.604 [qtp1060477329-678] DEBUG o.s.c.c.CharSequenceEncoder - [d7eb06e] Writing "515. foo bar"
03:14:28.604 [qtp1060477329-678] DEBUG o.s.c.c.CharSequenceEncoder - [d7eb06e] Writing "516. foo bar"
03:14:28.604 [qtp1060477329-678] DEBUG o.s.c.c.CharSequenceEncoder - [d7eb06e] Writing "517. foo bar"
03:14:28.604 [qtp1060477329-678] DEBUG o.s.c.c.CharSequenceEncoder - [d7eb06e] Writing "518. foo bar"
03:14:28.604 [qtp1060477329-678] DEBUG o.s.c.c.CharSequenceEncoder - [d7eb06e] Writing "519. foo bar"
03:14:28.604 [qtp1060477329-678] DEBUG o.s.c.c.CharSequenceEncoder - [d7eb06e] Writing "520. foo bar"
03:14:28.604 [qtp1060477329-678] DEBUG o.s.c.c.CharSequenceEncoder - [d7eb06e] Writing "521. foo bar"
03:14:28.604 [qtp1060477329-678] DEBUG o.s.c.c.CharSequenceEncoder - [d7eb06e] Writing "522. foo bar"
03:14:28.604 [qtp1060477329-678] DEBUG o.s.c.c.CharSequenceEncoder - [d7eb06e] Writing "523. foo bar"
03:14:28.604 [qtp1060477329-678] DEBUG o.s.c.c.CharSequenceEncoder - [d7eb06e] Writing "524. foo bar"
03:14:28.604 [qtp1060477329-678] DEBUG o.s.c.c.CharSequenceEncoder - [d7eb06e] Writing "525. foo bar"
03:14:28.604 [qtp1060477329-678] DEBUG o.s.c.c.CharSequenceEncoder - [d7eb06e] Writing "526. foo bar"
03:14:28.604 [qtp1060477329-678] DEBUG o.s.c.c.CharSequenceEncoder - [d7eb06e] Writing "527. foo bar"
03:14:28.604 [qtp1060477329-678] DEBUG o.s.c.c.CharSequenceEncoder - [d7eb06e] Writing "528. foo bar"
03:14:28.604 [qtp1060477329-678] DEBUG o.s.c.c.CharSequenceEncoder - [d7eb06e] Writing "529. foo bar"
03:14:28.604 [qtp1060477329-678] DEBUG o.s.c.c.CharSequenceEncoder - [d7eb06e] Writing "530. foo bar"
03:14:28.604 [qtp1060477329-678] DEBUG o.s.c.c.CharSequenceEncoder - [d7eb06e] Writing "531. foo bar"
03:14:28.604 [qtp1060477329-678] DEBUG o.s.c.c.CharSequenceEncoder - [d7eb06e] Writing "532. foo bar"
03:14:28.604 [qtp1060477329-678] DEBUG o.s.c.c.CharSequenceEncoder - [d7eb06e] Writing "533. foo bar"
03:14:28.604 [qtp1060477329-678] DEBUG o.s.c.c.CharSequenceEncoder - [d7eb06e] Writing "534. foo bar"
03:14:28.604 [qtp1060477329-678] DEBUG o.s.c.c.CharSequenceEncoder - [d7eb06e] Writing "535. foo bar"
03:14:28.604 [qtp1060477329-678] DEBUG o.s.c.c.CharSequenceEncoder - [d7eb06e] Writing "536. foo bar"
03:14:28.604 [qtp1060477329-678] DEBUG o.s.c.c.CharSequenceEncoder - [d7eb06e] Writing "537. foo bar"
03:14:28.604 [qtp1060477329-678] DEBUG o.s.c.c.CharSequenceEncoder - [d7eb06e] Writing "538. foo bar"
03:14:28.604 [qtp1060477329-678] DEBUG o.s.c.c.CharSequenceEncoder - [d7eb06e] Writing "539. foo bar"
03:14:28.604 [qtp1060477329-678] DEBUG o.s.c.c.CharSequenceEncoder - [d7eb06e] Writing "540. foo bar"
03:14:28.604 [qtp1060477329-678] DEBUG o.s.c.c.CharSequenceEncoder - [d7eb06e] Writing "541. foo bar"
03:14:28.604 [qtp1060477329-678] DEBUG o.s.c.c.CharSequenceEncoder - [d7eb06e] Writing "542. foo bar"
03:14:28.604 [qtp1060477329-678] DEBUG o.s.c.c.CharSequenceEncoder - [d7eb06e] Writing "543. foo bar"
03:14:28.604 [qtp1060477329-678] DEBUG o.s.c.c.CharSequenceEncoder - [d7eb06e] Writing "544. foo bar"
03:14:28.604 [qtp1060477329-678] DEBUG o.s.c.c.CharSequenceEncoder - [d7eb06e] Writing "545. foo bar"
03:14:28.604 [qtp1060477329-678] DEBUG o.s.c.c.CharSequenceEncoder - [d7eb06e] Writing "546. foo bar"
03:14:28.604 [qtp1060477329-678] DEBUG o.s.c.c.CharSequenceEncoder - [d7eb06e] Writing "547. foo bar"
03:14:28.620 [qtp1060477329-678] DEBUG o.s.c.c.CharSequenceEncoder - [d7eb06e] Writing "548. foo bar"
03:14:28.620 [qtp1060477329-678] DEBUG o.s.c.c.CharSequenceEncoder - [d7eb06e] Writing "549. foo bar"
03:14:28.620 [qtp1060477329-678] DEBUG o.s.c.c.CharSequenceEncoder - [d7eb06e] Writing "550. foo bar"
03:14:28.620 [qtp1060477329-678] DEBUG o.s.c.c.CharSequenceEncoder - [d7eb06e] Writing "551. foo bar"
03:14:28.620 [qtp1060477329-678] DEBUG o.s.c.c.CharSequenceEncoder - [d7eb06e] Writing "552. foo bar"
03:14:28.620 [qtp1060477329-678] DEBUG o.s.c.c.CharSequenceEncoder - [d7eb06e] Writing "553. foo bar"
03:14:28.620 [qtp1060477329-678] DEBUG o.s.c.c.CharSequenceEncoder - [d7eb06e] Writing "554. foo bar"
03:14:28.620 [qtp1060477329-678] DEBUG o.s.c.c.CharSequenceEncoder - [d7eb06e] Writing "555. foo bar"
03:14:28.620 [qtp1060477329-678] DEBUG o.s.c.c.CharSequenceEncoder - [d7eb06e] Writing "556. foo bar"
03:14:28.620 [qtp1060477329-678] DEBUG o.s.c.c.CharSequenceEncoder - [d7eb06e] Writing "557. foo bar"
03:14:28.620 [qtp1060477329-678] DEBUG o.s.c.c.CharSequenceEncoder - [d7eb06e] Writing "558. foo bar"
03:14:28.620 [qtp1060477329-678] DEBUG o.s.c.c.CharSequenceEncoder - [d7eb06e] Writing "559. foo bar"
03:14:28.620 [qtp1060477329-678] DEBUG o.s.c.c.CharSequenceEncoder - [d7eb06e] Writing "560. foo bar"
03:14:28.620 [qtp1060477329-678] DEBUG o.s.c.c.CharSequenceEncoder - [d7eb06e] Writing "561. foo bar"
03:14:28.620 [qtp1060477329-678] DEBUG o.s.c.c.CharSequenceEncoder - [d7eb06e] Writing "562. foo bar"
03:14:28.620 [qtp1060477329-678] DEBUG o.s.c.c.CharSequenceEncoder - [d7eb06e] Writing "563. foo bar"
03:14:28.620 [qtp1060477329-678] DEBUG o.s.c.c.CharSequenceEncoder - [d7eb06e] Writing "564. foo bar"
03:14:28.620 [qtp1060477329-678] DEBUG o.s.c.c.CharSequenceEncoder - [d7eb06e] Writing "565. foo bar"
03:14:28.620 [qtp1060477329-678] DEBUG o.s.c.c.CharSequenceEncoder - [d7eb06e] Writing "566. foo bar"
03:14:28.620 [qtp1060477329-678] DEBUG o.s.c.c.CharSequenceEncoder - [d7eb06e] Writing "567. foo bar"
03:14:28.620 [qtp1060477329-678] DEBUG o.s.c.c.CharSequenceEncoder - [d7eb06e] Writing "568. foo bar"
03:14:28.620 [qtp1060477329-678] DEBUG o.s.c.c.CharSequenceEncoder - [d7eb06e] Writing "569. foo bar"
03:14:28.620 [qtp1060477329-678] DEBUG o.s.c.c.CharSequenceEncoder - [d7eb06e] Writing "570. foo bar"
03:14:28.620 [qtp1060477329-678] DEBUG o.s.c.c.CharSequenceEncoder - [d7eb06e] Writing "571. foo bar"
03:14:28.620 [qtp1060477329-678] DEBUG o.s.c.c.CharSequenceEncoder - [d7eb06e] Writing "572. foo bar"
03:14:28.620 [qtp1060477329-678] DEBUG o.s.c.c.CharSequenceEncoder - [d7eb06e] Writing "573. foo bar"
03:14:28.620 [qtp1060477329-678] DEBUG o.s.c.c.CharSequenceEncoder - [d7eb06e] Writing "574. foo bar"
03:14:28.620 [qtp1060477329-678] DEBUG o.s.c.c.CharSequenceEncoder - [d7eb06e] Writing "575. foo bar"
03:14:28.620 [qtp1060477329-678] DEBUG o.s.c.c.CharSequenceEncoder - [d7eb06e] Writing "576. foo bar"
03:14:28.620 [qtp1060477329-678] DEBUG o.s.c.c.CharSequenceEncoder - [d7eb06e] Writing "577. foo bar"
03:14:28.620 [qtp1060477329-678] DEBUG o.s.c.c.CharSequenceEncoder - [d7eb06e] Writing "578. foo bar"
03:14:28.620 [qtp1060477329-678] DEBUG o.s.c.c.CharSequenceEncoder - [d7eb06e] Writing "579. foo bar"
03:14:28.620 [qtp1060477329-678] DEBUG o.s.c.c.CharSequenceEncoder - [d7eb06e] Writing "580. foo bar"
03:14:28.620 [qtp1060477329-678] DEBUG o.s.c.c.CharSequenceEncoder - [d7eb06e] Writing "581. foo bar"
03:14:28.620 [qtp1060477329-678] DEBUG o.s.c.c.CharSequenceEncoder - [d7eb06e] Writing "582. foo bar"
03:14:28.620 [qtp1060477329-678] DEBUG o.s.c.c.CharSequenceEncoder - [d7eb06e] Writing "583. foo bar"
03:14:28.620 [qtp1060477329-678] DEBUG o.s.c.c.CharSequenceEncoder - [d7eb06e] Writing "584. foo bar"
03:14:28.620 [qtp1060477329-678] DEBUG o.s.c.c.CharSequenceEncoder - [d7eb06e] Writing "585. foo bar"
03:14:28.620 [qtp1060477329-678] DEBUG o.s.c.c.CharSequenceEncoder - [d7eb06e] Writing "586. foo bar"
03:14:28.620 [qtp1060477329-678] DEBUG o.s.c.c.CharSequenceEncoder - [d7eb06e] Writing "587. foo bar"
03:14:28.620 [qtp1060477329-678] DEBUG o.s.c.c.CharSequenceEncoder - [d7eb06e] Writing "588. foo bar"
03:14:28.620 [qtp1060477329-678] DEBUG o.s.c.c.CharSequenceEncoder - [d7eb06e] Writing "589. foo bar"
03:14:28.620 [qtp1060477329-678] DEBUG o.s.c.c.CharSequenceEncoder - [d7eb06e] Writing "590. foo bar"
03:14:28.620 [qtp1060477329-678] DEBUG o.s.c.c.CharSequenceEncoder - [d7eb06e] Writing "591. foo bar"
03:14:28.620 [qtp1060477329-678] DEBUG o.s.c.c.CharSequenceEncoder - [d7eb06e] Writing "592. foo bar"
03:14:28.620 [qtp1060477329-678] DEBUG o.s.c.c.CharSequenceEncoder - [d7eb06e] Writing "593. foo bar"
03:14:28.620 [qtp1060477329-678] DEBUG o.s.c.c.CharSequenceEncoder - [d7eb06e] Writing "594. foo bar"
03:14:28.620 [qtp1060477329-678] DEBUG o.s.c.c.CharSequenceEncoder - [d7eb06e] Writing "595. foo bar"
03:14:28.620 [qtp1060477329-678] DEBUG o.s.c.c.CharSequenceEncoder - [d7eb06e] Writing "596. foo bar"
03:14:28.620 [qtp1060477329-678] DEBUG o.s.c.c.CharSequenceEncoder - [d7eb06e] Writing "597. foo bar"
03:14:28.620 [qtp1060477329-678] DEBUG o.s.c.c.CharSequenceEncoder - [d7eb06e] Writing "598. foo bar"
03:14:28.620 [qtp1060477329-678] DEBUG o.s.c.c.CharSequenceEncoder - [d7eb06e] Writing "599. foo bar"
03:14:28.620 [qtp1060477329-678] DEBUG o.s.c.c.CharSequenceEncoder - [d7eb06e] Writing "600. foo bar"
03:14:28.620 [qtp1060477329-678] DEBUG o.s.c.c.CharSequenceEncoder - [d7eb06e] Writing "601. foo bar"
03:14:28.620 [qtp1060477329-678] DEBUG o.s.c.c.CharSequenceEncoder - [d7eb06e] Writing "602. foo bar"
03:14:28.620 [qtp1060477329-678] DEBUG o.s.c.c.CharSequenceEncoder - [d7eb06e] Writing "603. foo bar"
03:14:28.620 [qtp1060477329-678] DEBUG o.s.c.c.CharSequenceEncoder - [d7eb06e] Writing "604. foo bar"
03:14:28.620 [qtp1060477329-678] DEBUG o.s.c.c.CharSequenceEncoder - [d7eb06e] Writing "605. foo bar"
03:14:28.620 [qtp1060477329-678] DEBUG o.s.c.c.CharSequenceEncoder - [d7eb06e] Writing "606. foo bar"
03:14:28.620 [qtp1060477329-678] DEBUG o.s.c.c.CharSequenceEncoder - [d7eb06e] Writing "607. foo bar"
03:14:28.620 [qtp1060477329-678] DEBUG o.s.c.c.CharSequenceEncoder - [d7eb06e] Writing "608. foo bar"
03:14:28.620 [qtp1060477329-678] DEBUG o.s.c.c.CharSequenceEncoder - [d7eb06e] Writing "609. foo bar"
03:14:28.620 [qtp1060477329-678] DEBUG o.s.c.c.CharSequenceEncoder - [d7eb06e] Writing "610. foo bar"
03:14:28.620 [qtp1060477329-678] DEBUG o.s.c.c.CharSequenceEncoder - [d7eb06e] Writing "611. foo bar"
03:14:28.620 [qtp1060477329-678] DEBUG o.s.c.c.CharSequenceEncoder - [d7eb06e] Writing "612. foo bar"
03:14:28.620 [qtp1060477329-678] DEBUG o.s.c.c.CharSequenceEncoder - [d7eb06e] Writing "613. foo bar"
03:14:28.620 [qtp1060477329-678] DEBUG o.s.c.c.CharSequenceEncoder - [d7eb06e] Writing "614. foo bar"
03:14:28.620 [qtp1060477329-678] DEBUG o.s.c.c.CharSequenceEncoder - [d7eb06e] Writing "615. foo bar"
03:14:28.620 [qtp1060477329-678] DEBUG o.s.c.c.CharSequenceEncoder - [d7eb06e] Writing "616. foo bar"
03:14:28.620 [qtp1060477329-678] DEBUG o.s.c.c.CharSequenceEncoder - [d7eb06e] Writing "617. foo bar"
03:14:28.620 [qtp1060477329-678] DEBUG o.s.c.c.CharSequenceEncoder - [d7eb06e] Writing "618. foo bar"
03:14:28.620 [qtp1060477329-678] DEBUG o.s.c.c.CharSequenceEncoder - [d7eb06e] Writing "619. foo bar"
03:14:28.620 [qtp1060477329-678] DEBUG o.s.c.c.CharSequenceEncoder - [d7eb06e] Writing "620. foo bar"
03:14:28.620 [qtp1060477329-678] DEBUG o.s.c.c.CharSequenceEncoder - [d7eb06e] Writing "621. foo bar"
03:14:28.620 [qtp1060477329-678] DEBUG o.s.c.c.CharSequenceEncoder - [d7eb06e] Writing "622. foo bar"
03:14:28.620 [qtp1060477329-678] DEBUG o.s.c.c.CharSequenceEncoder - [d7eb06e] Writing "623. foo bar"
03:14:28.620 [qtp1060477329-678] DEBUG o.s.c.c.CharSequenceEncoder - [d7eb06e] Writing "624. foo bar"
03:14:28.620 [qtp1060477329-678] DEBUG o.s.c.c.CharSequenceEncoder - [d7eb06e] Writing "625. foo bar"
03:14:28.620 [qtp1060477329-678] DEBUG o.s.c.c.CharSequenceEncoder - [d7eb06e] Writing "626. foo bar"
03:14:28.620 [qtp1060477329-678] DEBUG o.s.c.c.CharSequenceEncoder - [d7eb06e] Writing "627. foo bar"
03:14:28.620 [qtp1060477329-678] DEBUG o.s.c.c.CharSequenceEncoder - [d7eb06e] Writing "628. foo bar"
03:14:28.620 [qtp1060477329-678] DEBUG o.s.c.c.CharSequenceEncoder - [d7eb06e] Writing "629. foo bar"
03:14:28.620 [qtp1060477329-678] DEBUG o.s.c.c.CharSequenceEncoder - [d7eb06e] Writing "630. foo bar"
03:14:28.620 [qtp1060477329-678] DEBUG o.s.c.c.CharSequenceEncoder - [d7eb06e] Writing "631. foo bar"
03:14:28.620 [qtp1060477329-678] DEBUG o.s.c.c.CharSequenceEncoder - [d7eb06e] Writing "632. foo bar"
03:14:28.620 [qtp1060477329-678] DEBUG o.s.c.c.CharSequenceEncoder - [d7eb06e] Writing "633. foo bar"
03:14:28.620 [qtp1060477329-678] DEBUG o.s.c.c.CharSequenceEncoder - [d7eb06e] Writing "634. foo bar"
03:14:28.620 [qtp1060477329-678] DEBUG o.s.c.c.CharSequenceEncoder - [d7eb06e] Writing "635. foo bar"
03:14:28.620 [qtp1060477329-678] DEBUG o.s.c.c.CharSequenceEncoder - [d7eb06e] Writing "636. foo bar"
03:14:28.620 [qtp1060477329-678] DEBUG o.s.c.c.CharSequenceEncoder - [d7eb06e] Writing "637. foo bar"
03:14:28.620 [qtp1060477329-678] DEBUG o.s.c.c.CharSequenceEncoder - [d7eb06e] Writing "638. foo bar"
03:14:28.620 [qtp1060477329-678] DEBUG o.s.c.c.CharSequenceEncoder - [d7eb06e] Writing "639. foo bar"
03:14:28.620 [qtp1060477329-678] DEBUG o.s.c.c.CharSequenceEncoder - [d7eb06e] Writing "640. foo bar"
03:14:28.620 [qtp1060477329-678] DEBUG o.s.c.c.CharSequenceEncoder - [d7eb06e] Writing "641. foo bar"
03:14:28.620 [qtp1060477329-678] DEBUG o.s.c.c.CharSequenceEncoder - [d7eb06e] Writing "642. foo bar"
03:14:28.620 [qtp1060477329-678] DEBUG o.s.c.c.CharSequenceEncoder - [d7eb06e] Writing "643. foo bar"
03:14:28.620 [qtp1060477329-678] DEBUG o.s.c.c.CharSequenceEncoder - [d7eb06e] Writing "644. foo bar"
03:14:28.620 [qtp1060477329-678] DEBUG o.s.c.c.CharSequenceEncoder - [d7eb06e] Writing "645. foo bar"
03:14:28.620 [qtp1060477329-678] DEBUG o.s.c.c.CharSequenceEncoder - [d7eb06e] Writing "646. foo bar"
03:14:28.620 [qtp1060477329-678] DEBUG o.s.c.c.CharSequenceEncoder - [d7eb06e] Writing "647. foo bar"
03:14:28.620 [qtp1060477329-678] DEBUG o.s.c.c.CharSequenceEncoder - [d7eb06e] Writing "648. foo bar"
03:14:28.620 [qtp1060477329-678] DEBUG o.s.c.c.CharSequenceEncoder - [d7eb06e] Writing "649. foo bar"
03:14:28.620 [qtp1060477329-678] DEBUG o.s.c.c.CharSequenceEncoder - [d7eb06e] Writing "650. foo bar"
03:14:28.620 [qtp1060477329-678] DEBUG o.s.c.c.CharSequenceEncoder - [d7eb06e] Writing "651. foo bar"
03:14:28.620 [qtp1060477329-678] DEBUG o.s.c.c.CharSequenceEncoder - [d7eb06e] Writing "652. foo bar"
03:14:28.620 [qtp1060477329-678] DEBUG o.s.c.c.CharSequenceEncoder - [d7eb06e] Writing "653. foo bar"
03:14:28.620 [qtp1060477329-678] DEBUG o.s.c.c.CharSequenceEncoder - [d7eb06e] Writing "654. foo bar"
03:14:28.620 [qtp1060477329-678] DEBUG o.s.c.c.CharSequenceEncoder - [d7eb06e] Writing "655. foo bar"
03:14:28.620 [qtp1060477329-678] DEBUG o.s.c.c.CharSequenceEncoder - [d7eb06e] Writing "656. foo bar"
03:14:28.620 [qtp1060477329-678] DEBUG o.s.c.c.CharSequenceEncoder - [d7eb06e] Writing "657. foo bar"
03:14:28.620 [qtp1060477329-678] DEBUG o.s.c.c.CharSequenceEncoder - [d7eb06e] Writing "658. foo bar"
03:14:28.620 [qtp1060477329-678] DEBUG o.s.c.c.CharSequenceEncoder - [d7eb06e] Writing "659. foo bar"
03:14:28.620 [qtp1060477329-678] DEBUG o.s.c.c.CharSequenceEncoder - [d7eb06e] Writing "660. foo bar"
03:14:28.620 [qtp1060477329-678] DEBUG o.s.c.c.CharSequenceEncoder - [d7eb06e] Writing "661. foo bar"
03:14:28.620 [qtp1060477329-678] DEBUG o.s.c.c.CharSequenceEncoder - [d7eb06e] Writing "662. foo bar"
03:14:28.620 [qtp1060477329-678] DEBUG o.s.c.c.CharSequenceEncoder - [d7eb06e] Writing "663. foo bar"
03:14:28.620 [qtp1060477329-678] DEBUG o.s.c.c.CharSequenceEncoder - [d7eb06e] Writing "664. foo bar"
03:14:28.620 [qtp1060477329-678] DEBUG o.s.c.c.CharSequenceEncoder - [d7eb06e] Writing "665. foo bar"
03:14:28.620 [qtp1060477329-678] DEBUG o.s.c.c.CharSequenceEncoder - [d7eb06e] Writing "666. foo bar"
03:14:28.620 [qtp1060477329-678] DEBUG o.s.c.c.CharSequenceEncoder - [d7eb06e] Writing "667. foo bar"
03:14:28.620 [qtp1060477329-678] DEBUG o.s.c.c.CharSequenceEncoder - [d7eb06e] Writing "668. foo bar"
03:14:28.620 [qtp1060477329-678] DEBUG o.s.c.c.CharSequenceEncoder - [d7eb06e] Writing "669. foo bar"
03:14:28.620 [qtp1060477329-678] DEBUG o.s.c.c.CharSequenceEncoder - [d7eb06e] Writing "670. foo bar"
03:14:28.635 [qtp1060477329-678] DEBUG o.s.c.c.CharSequenceEncoder - [d7eb06e] Writing "671. foo bar"
03:14:28.635 [qtp1060477329-678] DEBUG o.s.c.c.CharSequenceEncoder - [d7eb06e] Writing "672. foo bar"
03:14:28.635 [qtp1060477329-678] DEBUG o.s.c.c.CharSequenceEncoder - [d7eb06e] Writing "673. foo bar"
03:14:28.635 [qtp1060477329-678] DEBUG o.s.c.c.CharSequenceEncoder - [d7eb06e] Writing "674. foo bar"
03:14:28.635 [qtp1060477329-678] DEBUG o.s.c.c.CharSequenceEncoder - [d7eb06e] Writing "675. foo bar"
03:14:28.635 [qtp1060477329-678] DEBUG o.s.c.c.CharSequenceEncoder - [d7eb06e] Writing "676. foo bar"
03:14:28.635 [qtp1060477329-678] DEBUG o.s.c.c.CharSequenceEncoder - [d7eb06e] Writing "677. foo bar"
03:14:28.635 [qtp1060477329-678] DEBUG o.s.c.c.CharSequenceEncoder - [d7eb06e] Writing "678. foo bar"
03:14:28.635 [qtp1060477329-678] DEBUG o.s.c.c.CharSequenceEncoder - [d7eb06e] Writing "679. foo bar"
03:14:28.635 [qtp1060477329-678] DEBUG o.s.c.c.CharSequenceEncoder - [d7eb06e] Writing "680. foo bar"
03:14:28.635 [qtp1060477329-678] DEBUG o.s.c.c.CharSequenceEncoder - [d7eb06e] Writing "681. foo bar"
03:14:28.635 [qtp1060477329-678] DEBUG o.s.c.c.CharSequenceEncoder - [d7eb06e] Writing "682. foo bar"
03:14:28.635 [qtp1060477329-678] DEBUG o.s.c.c.CharSequenceEncoder - [d7eb06e] Writing "683. foo bar"
03:14:28.635 [qtp1060477329-678] DEBUG o.s.c.c.CharSequenceEncoder - [d7eb06e] Writing "684. foo bar"
03:14:28.635 [qtp1060477329-678] DEBUG o.s.c.c.CharSequenceEncoder - [d7eb06e] Writing "685. foo bar"
03:14:28.635 [qtp1060477329-678] DEBUG o.s.c.c.CharSequenceEncoder - [d7eb06e] Writing "686. foo bar"
03:14:28.635 [qtp1060477329-678] DEBUG o.s.c.c.CharSequenceEncoder - [d7eb06e] Writing "687. foo bar"
03:14:28.635 [qtp1060477329-678] DEBUG o.s.c.c.CharSequenceEncoder - [d7eb06e] Writing "688. foo bar"
03:14:28.635 [qtp1060477329-678] DEBUG o.s.c.c.CharSequenceEncoder - [d7eb06e] Writing "689. foo bar"
03:14:28.635 [qtp1060477329-678] DEBUG o.s.c.c.CharSequenceEncoder - [d7eb06e] Writing "690. foo bar"
03:14:28.635 [qtp1060477329-678] DEBUG o.s.c.c.CharSequenceEncoder - [d7eb06e] Writing "691. foo bar"
03:14:28.635 [qtp1060477329-678] DEBUG o.s.c.c.CharSequenceEncoder - [d7eb06e] Writing "692. foo bar"
03:14:28.635 [qtp1060477329-678] DEBUG o.s.c.c.CharSequenceEncoder - [d7eb06e] Writing "693. foo bar"
03:14:28.635 [qtp1060477329-678] DEBUG o.s.c.c.CharSequenceEncoder - [d7eb06e] Writing "694. foo bar"
03:14:28.635 [qtp1060477329-678] DEBUG o.s.c.c.CharSequenceEncoder - [d7eb06e] Writing "695. foo bar"
03:14:28.635 [qtp1060477329-678] DEBUG o.s.c.c.CharSequenceEncoder - [d7eb06e] Writing "696. foo bar"
03:14:28.635 [qtp1060477329-678] DEBUG o.s.c.c.CharSequenceEncoder - [d7eb06e] Writing "697. foo bar"
03:14:28.635 [qtp1060477329-678] DEBUG o.s.c.c.CharSequenceEncoder - [d7eb06e] Writing "698. foo bar"
03:14:28.635 [qtp1060477329-678] DEBUG o.s.c.c.CharSequenceEncoder - [d7eb06e] Writing "699. foo bar"
03:14:28.635 [qtp1060477329-678] DEBUG o.s.c.c.CharSequenceEncoder - [d7eb06e] Writing "700. foo bar"
03:14:28.635 [qtp1060477329-678] DEBUG o.s.c.c.CharSequenceEncoder - [d7eb06e] Writing "701. foo bar"
03:14:28.635 [qtp1060477329-678] DEBUG o.s.c.c.CharSequenceEncoder - [d7eb06e] Writing "702. foo bar"
03:14:28.635 [qtp1060477329-678] DEBUG o.s.c.c.CharSequenceEncoder - [d7eb06e] Writing "703. foo bar"
03:14:28.635 [qtp1060477329-678] DEBUG o.s.c.c.CharSequenceEncoder - [d7eb06e] Writing "704. foo bar"
03:14:28.635 [qtp1060477329-678] DEBUG o.s.c.c.CharSequenceEncoder - [d7eb06e] Writing "705. foo bar"
03:14:28.635 [qtp1060477329-678] DEBUG o.s.c.c.CharSequenceEncoder - [d7eb06e] Writing "706. foo bar"
03:14:28.635 [qtp1060477329-678] DEBUG o.s.c.c.CharSequenceEncoder - [d7eb06e] Writing "707. foo bar"
03:14:28.635 [qtp1060477329-678] DEBUG o.s.c.c.CharSequenceEncoder - [d7eb06e] Writing "708. foo bar"
03:14:28.635 [qtp1060477329-678] DEBUG o.s.c.c.CharSequenceEncoder - [d7eb06e] Writing "709. foo bar"
03:14:28.635 [qtp1060477329-678] DEBUG o.s.c.c.CharSequenceEncoder - [d7eb06e] Writing "710. foo bar"
03:14:28.635 [qtp1060477329-678] DEBUG o.s.c.c.CharSequenceEncoder - [d7eb06e] Writing "711. foo bar"
03:14:28.635 [qtp1060477329-678] DEBUG o.s.c.c.CharSequenceEncoder - [d7eb06e] Writing "712. foo bar"
03:14:28.635 [qtp1060477329-678] DEBUG o.s.c.c.CharSequenceEncoder - [d7eb06e] Writing "713. foo bar"
03:14:28.635 [qtp1060477329-678] DEBUG o.s.c.c.CharSequenceEncoder - [d7eb06e] Writing "714. foo bar"
03:14:28.635 [qtp1060477329-678] DEBUG o.s.c.c.CharSequenceEncoder - [d7eb06e] Writing "715. foo bar"
03:14:28.635 [qtp1060477329-678] DEBUG o.s.c.c.CharSequenceEncoder - [d7eb06e] Writing "716. foo bar"
03:14:28.635 [qtp1060477329-678] DEBUG o.s.c.c.CharSequenceEncoder - [d7eb06e] Writing "717. foo bar"
03:14:28.635 [qtp1060477329-678] DEBUG o.s.c.c.CharSequenceEncoder - [d7eb06e] Writing "718. foo bar"
03:14:28.635 [qtp1060477329-678] DEBUG o.s.c.c.CharSequenceEncoder - [d7eb06e] Writing "719. foo bar"
03:14:28.635 [qtp1060477329-678] DEBUG o.s.c.c.CharSequenceEncoder - [d7eb06e] Writing "720. foo bar"
03:14:28.635 [qtp1060477329-678] DEBUG o.s.c.c.CharSequenceEncoder - [d7eb06e] Writing "721. foo bar"
03:14:28.635 [qtp1060477329-678] DEBUG o.s.c.c.CharSequenceEncoder - [d7eb06e] Writing "722. foo bar"
03:14:28.635 [qtp1060477329-678] DEBUG o.s.c.c.CharSequenceEncoder - [d7eb06e] Writing "723. foo bar"
03:14:28.635 [qtp1060477329-678] DEBUG o.s.c.c.CharSequenceEncoder - [d7eb06e] Writing "724. foo bar"
03:14:28.635 [qtp1060477329-678] DEBUG o.s.c.c.CharSequenceEncoder - [d7eb06e] Writing "725. foo bar"
03:14:28.635 [qtp1060477329-678] DEBUG o.s.c.c.CharSequenceEncoder - [d7eb06e] Writing "726. foo bar"
03:14:28.635 [qtp1060477329-678] DEBUG o.s.c.c.CharSequenceEncoder - [d7eb06e] Writing "727. foo bar"
03:14:28.635 [qtp1060477329-678] DEBUG o.s.c.c.CharSequenceEncoder - [d7eb06e] Writing "728. foo bar"
03:14:28.635 [qtp1060477329-678] DEBUG o.s.c.c.CharSequenceEncoder - [d7eb06e] Writing "729. foo bar"
03:14:28.635 [qtp1060477329-678] DEBUG o.s.c.c.CharSequenceEncoder - [d7eb06e] Writing "730. foo bar"
03:14:28.635 [qtp1060477329-678] DEBUG o.s.c.c.CharSequenceEncoder - [d7eb06e] Writing "731. foo bar"
03:14:28.635 [qtp1060477329-678] DEBUG o.s.c.c.CharSequenceEncoder - [d7eb06e] Writing "732. foo bar"
03:14:28.635 [qtp1060477329-678] DEBUG o.s.c.c.CharSequenceEncoder - [d7eb06e] Writing "733. foo bar"
03:14:28.635 [qtp1060477329-678] DEBUG o.s.c.c.CharSequenceEncoder - [d7eb06e] Writing "734. foo bar"
03:14:28.635 [qtp1060477329-678] DEBUG o.s.c.c.CharSequenceEncoder - [d7eb06e] Writing "735. foo bar"
03:14:28.635 [qtp1060477329-678] DEBUG o.s.c.c.CharSequenceEncoder - [d7eb06e] Writing "736. foo bar"
03:14:28.635 [qtp1060477329-678] DEBUG o.s.c.c.CharSequenceEncoder - [d7eb06e] Writing "737. foo bar"
03:14:28.651 [qtp1060477329-678] DEBUG o.s.c.c.CharSequenceEncoder - [d7eb06e] Writing "738. foo bar"
03:14:28.651 [qtp1060477329-678] DEBUG o.s.c.c.CharSequenceEncoder - [d7eb06e] Writing "739. foo bar"
03:14:28.652 [qtp1060477329-678] DEBUG o.s.c.c.CharSequenceEncoder - [d7eb06e] Writing "740. foo bar"
03:14:28.652 [qtp1060477329-678] DEBUG o.s.c.c.CharSequenceEncoder - [d7eb06e] Writing "741. foo bar"
03:14:28.652 [qtp1060477329-678] DEBUG o.s.c.c.CharSequenceEncoder - [d7eb06e] Writing "742. foo bar"
03:14:28.652 [qtp1060477329-678] DEBUG o.s.c.c.CharSequenceEncoder - [d7eb06e] Writing "743. foo bar"
03:14:28.652 [qtp1060477329-678] DEBUG o.s.c.c.CharSequenceEncoder - [d7eb06e] Writing "744. foo bar"
03:14:28.653 [qtp1060477329-678] DEBUG o.s.c.c.CharSequenceEncoder - [d7eb06e] Writing "745. foo bar"
03:14:28.653 [qtp1060477329-678] DEBUG o.s.c.c.CharSequenceEncoder - [d7eb06e] Writing "746. foo bar"
03:14:28.653 [qtp1060477329-678] DEBUG o.s.c.c.CharSequenceEncoder - [d7eb06e] Writing "747. foo bar"
03:14:28.653 [qtp1060477329-678] DEBUG o.s.c.c.CharSequenceEncoder - [d7eb06e] Writing "748. foo bar"
03:14:28.654 [qtp1060477329-678] DEBUG o.s.c.c.CharSequenceEncoder - [d7eb06e] Writing "749. foo bar"
03:14:28.655 [qtp1060477329-678] DEBUG o.s.c.c.CharSequenceEncoder - [d7eb06e] Writing "750. foo bar"
03:14:28.656 [qtp1060477329-678] DEBUG o.s.c.c.CharSequenceEncoder - [d7eb06e] Writing "751. foo bar"
03:14:28.656 [qtp1060477329-678] DEBUG o.s.c.c.CharSequenceEncoder - [d7eb06e] Writing "752. foo bar"
03:14:28.657 [qtp1060477329-678] DEBUG o.s.c.c.CharSequenceEncoder - [d7eb06e] Writing "753. foo bar"
03:14:28.659 [qtp1060477329-678] DEBUG o.s.c.c.CharSequenceEncoder - [d7eb06e] Writing "754. foo bar"
03:14:28.660 [qtp1060477329-678] DEBUG o.s.c.c.CharSequenceEncoder - [d7eb06e] Writing "755. foo bar"
03:14:28.661 [qtp1060477329-678] DEBUG o.s.c.c.CharSequenceEncoder - [d7eb06e] Writing "756. foo bar"
03:14:28.661 [qtp1060477329-678] DEBUG o.s.c.c.CharSequenceEncoder - [d7eb06e] Writing "757. foo bar"
03:14:28.662 [qtp1060477329-678] DEBUG o.s.c.c.CharSequenceEncoder - [d7eb06e] Writing "758. foo bar"
03:14:28.662 [qtp1060477329-678] DEBUG o.s.c.c.CharSequenceEncoder - [d7eb06e] Writing "759. foo bar"
03:14:28.663 [qtp1060477329-678] DEBUG o.s.c.c.CharSequenceEncoder - [d7eb06e] Writing "760. foo bar"
03:14:28.663 [qtp1060477329-678] DEBUG o.s.c.c.CharSequenceEncoder - [d7eb06e] Writing "761. foo bar"
03:14:28.664 [qtp1060477329-678] DEBUG o.s.c.c.CharSequenceEncoder - [d7eb06e] Writing "762. foo bar"
03:14:28.664 [qtp1060477329-678] DEBUG o.s.c.c.CharSequenceEncoder - [d7eb06e] Writing "763. foo bar"
03:14:28.666 [qtp1060477329-678] DEBUG o.s.c.c.CharSequenceEncoder - [d7eb06e] Writing "764. foo bar"
03:14:28.667 [qtp1060477329-678] DEBUG o.s.c.c.CharSequenceEncoder - [d7eb06e] Writing "765. foo bar"
03:14:28.668 [qtp1060477329-678] DEBUG o.s.c.c.CharSequenceEncoder - [d7eb06e] Writing "766. foo bar"
03:14:28.669 [qtp1060477329-678] DEBUG o.s.c.c.CharSequenceEncoder - [d7eb06e] Writing "767. foo bar"
03:14:28.669 [qtp1060477329-678] DEBUG o.s.c.c.CharSequenceEncoder - [d7eb06e] Writing "768. foo bar"
03:14:28.669 [qtp1060477329-678] DEBUG o.s.c.c.CharSequenceEncoder - [d7eb06e] Writing "769. foo bar"
03:14:28.671 [qtp1060477329-678] DEBUG o.s.c.c.CharSequenceEncoder - [d7eb06e] Writing "770. foo bar"
03:14:28.672 [qtp1060477329-678] DEBUG o.s.c.c.CharSequenceEncoder - [d7eb06e] Writing "771. foo bar"
03:14:28.672 [qtp1060477329-678] DEBUG o.s.c.c.CharSequenceEncoder - [d7eb06e] Writing "772. foo bar"
03:14:28.673 [qtp1060477329-678] DEBUG o.s.c.c.CharSequenceEncoder - [d7eb06e] Writing "773. foo bar"
03:14:28.673 [qtp1060477329-678] DEBUG o.s.c.c.CharSequenceEncoder - [d7eb06e] Writing "774. foo bar"
03:14:28.674 [qtp1060477329-678] DEBUG o.s.c.c.CharSequenceEncoder - [d7eb06e] Writing "775. foo bar"
03:14:28.675 [qtp1060477329-678] DEBUG o.s.c.c.CharSequenceEncoder - [d7eb06e] Writing "776. foo bar"
03:14:28.675 [qtp1060477329-678] DEBUG o.s.c.c.CharSequenceEncoder - [d7eb06e] Writing "777. foo bar"
03:14:28.676 [qtp1060477329-678] DEBUG o.s.c.c.CharSequenceEncoder - [d7eb06e] Writing "778. foo bar"
03:14:28.677 [qtp1060477329-678] DEBUG o.s.c.c.CharSequenceEncoder - [d7eb06e] Writing "779. foo bar"
03:14:28.677 [qtp1060477329-678] DEBUG o.s.c.c.CharSequenceEncoder - [d7eb06e] Writing "780. foo bar"
03:14:28.677 [qtp1060477329-678] DEBUG o.s.c.c.CharSequenceEncoder - [d7eb06e] Writing "781. foo bar"
03:14:28.678 [qtp1060477329-678] DEBUG o.s.c.c.CharSequenceEncoder - [d7eb06e] Writing "782. foo bar"
03:14:28.678 [qtp1060477329-678] DEBUG o.s.c.c.CharSequenceEncoder - [d7eb06e] Writing "783. foo bar"
03:14:28.678 [qtp1060477329-678] DEBUG o.s.c.c.CharSequenceEncoder - [d7eb06e] Writing "784. foo bar"
03:14:28.679 [qtp1060477329-678] DEBUG o.s.c.c.CharSequenceEncoder - [d7eb06e] Writing "785. foo bar"
03:14:28.679 [qtp1060477329-678] DEBUG o.s.c.c.CharSequenceEncoder - [d7eb06e] Writing "786. foo bar"
03:14:28.680 [qtp1060477329-678] DEBUG o.s.c.c.CharSequenceEncoder - [d7eb06e] Writing "787. foo bar"
03:14:28.680 [qtp1060477329-678] DEBUG o.s.c.c.CharSequenceEncoder - [d7eb06e] Writing "788. foo bar"
03:14:28.681 [qtp1060477329-678] DEBUG o.s.c.c.CharSequenceEncoder - [d7eb06e] Writing "789. foo bar"
03:14:28.681 [qtp1060477329-678] DEBUG o.s.c.c.CharSequenceEncoder - [d7eb06e] Writing "790. foo bar"
03:14:28.682 [qtp1060477329-678] DEBUG o.s.c.c.CharSequenceEncoder - [d7eb06e] Writing "791. foo bar"
03:14:28.684 [qtp1060477329-678] DEBUG o.s.c.c.CharSequenceEncoder - [d7eb06e] Writing "792. foo bar"
03:14:28.685 [qtp1060477329-678] DEBUG o.s.c.c.CharSequenceEncoder - [d7eb06e] Writing "793. foo bar"
03:14:28.685 [qtp1060477329-678] DEBUG o.s.c.c.CharSequenceEncoder - [d7eb06e] Writing "794. foo bar"
03:14:28.686 [qtp1060477329-678] DEBUG o.s.c.c.CharSequenceEncoder - [d7eb06e] Writing "795. foo bar"
03:14:28.686 [qtp1060477329-678] DEBUG o.s.c.c.CharSequenceEncoder - [d7eb06e] Writing "796. foo bar"
03:14:28.686 [qtp1060477329-678] DEBUG o.s.c.c.CharSequenceEncoder - [d7eb06e] Writing "797. foo bar"
03:14:28.686 [qtp1060477329-678] DEBUG o.s.c.c.CharSequenceEncoder - [d7eb06e] Writing "798. foo bar"
03:14:28.687 [qtp1060477329-678] DEBUG o.s.c.c.CharSequenceEncoder - [d7eb06e] Writing "799. foo bar"
03:14:28.687 [qtp1060477329-678] DEBUG o.s.c.c.CharSequenceEncoder - [d7eb06e] Writing "800. foo bar"
03:14:28.687 [qtp1060477329-678] DEBUG o.s.c.c.CharSequenceEncoder - [d7eb06e] Writing "801. foo bar"
03:14:28.687 [qtp1060477329-678] DEBUG o.s.c.c.CharSequenceEncoder - [d7eb06e] Writing "802. foo bar"
03:14:28.688 [qtp1060477329-678] DEBUG o.s.c.c.CharSequenceEncoder - [d7eb06e] Writing "803. foo bar"
03:14:28.688 [qtp1060477329-678] DEBUG o.s.c.c.CharSequenceEncoder - [d7eb06e] Writing "804. foo bar"
03:14:28.688 [qtp1060477329-678] DEBUG o.s.c.c.CharSequenceEncoder - [d7eb06e] Writing "805. foo bar"
03:14:28.688 [qtp1060477329-678] DEBUG o.s.c.c.CharSequenceEncoder - [d7eb06e] Writing "806. foo bar"
03:14:28.688 [qtp1060477329-678] DEBUG o.s.c.c.CharSequenceEncoder - [d7eb06e] Writing "807. foo bar"
03:14:28.688 [qtp1060477329-678] DEBUG o.s.c.c.CharSequenceEncoder - [d7eb06e] Writing "808. foo bar"
03:14:28.689 [qtp1060477329-678] DEBUG o.s.c.c.CharSequenceEncoder - [d7eb06e] Writing "809. foo bar"
03:14:28.689 [qtp1060477329-678] DEBUG o.s.c.c.CharSequenceEncoder - [d7eb06e] Writing "810. foo bar"
03:14:28.689 [qtp1060477329-678] DEBUG o.s.c.c.CharSequenceEncoder - [d7eb06e] Writing "811. foo bar"
03:14:28.689 [qtp1060477329-678] DEBUG o.s.c.c.CharSequenceEncoder - [d7eb06e] Writing "812. foo bar"
03:14:28.689 [qtp1060477329-678] DEBUG o.s.c.c.CharSequenceEncoder - [d7eb06e] Writing "813. foo bar"
03:14:28.689 [qtp1060477329-678] DEBUG o.s.c.c.CharSequenceEncoder - [d7eb06e] Writing "814. foo bar"
03:14:28.690 [qtp1060477329-678] DEBUG o.s.c.c.CharSequenceEncoder - [d7eb06e] Writing "815. foo bar"
03:14:28.690 [qtp1060477329-678] DEBUG o.s.c.c.CharSequenceEncoder - [d7eb06e] Writing "816. foo bar"
03:14:28.690 [qtp1060477329-678] DEBUG o.s.c.c.CharSequenceEncoder - [d7eb06e] Writing "817. foo bar"
03:14:28.691 [qtp1060477329-678] DEBUG o.s.c.c.CharSequenceEncoder - [d7eb06e] Writing "818. foo bar"
03:14:28.693 [qtp1060477329-678] DEBUG o.s.c.c.CharSequenceEncoder - [d7eb06e] Writing "819. foo bar"
03:14:28.694 [qtp1060477329-678] DEBUG o.s.c.c.CharSequenceEncoder - [d7eb06e] Writing "820. foo bar"
03:14:28.695 [qtp1060477329-678] DEBUG o.s.c.c.CharSequenceEncoder - [d7eb06e] Writing "821. foo bar"
03:14:28.695 [qtp1060477329-678] DEBUG o.s.c.c.CharSequenceEncoder - [d7eb06e] Writing "822. foo bar"
03:14:28.696 [qtp1060477329-678] DEBUG o.s.c.c.CharSequenceEncoder - [d7eb06e] Writing "823. foo bar"
03:14:28.696 [qtp1060477329-678] DEBUG o.s.c.c.CharSequenceEncoder - [d7eb06e] Writing "824. foo bar"
03:14:28.696 [qtp1060477329-678] DEBUG o.s.c.c.CharSequenceEncoder - [d7eb06e] Writing "825. foo bar"
03:14:28.697 [qtp1060477329-678] DEBUG o.s.c.c.CharSequenceEncoder - [d7eb06e] Writing "826. foo bar"
03:14:28.697 [qtp1060477329-678] DEBUG o.s.c.c.CharSequenceEncoder - [d7eb06e] Writing "827. foo bar"
03:14:28.697 [qtp1060477329-678] DEBUG o.s.c.c.CharSequenceEncoder - [d7eb06e] Writing "828. foo bar"
03:14:28.697 [qtp1060477329-678] DEBUG o.s.c.c.CharSequenceEncoder - [d7eb06e] Writing "829. foo bar"
03:14:28.698 [qtp1060477329-678] DEBUG o.s.c.c.CharSequenceEncoder - [d7eb06e] Writing "830. foo bar"
03:14:28.698 [qtp1060477329-678] DEBUG o.s.c.c.CharSequenceEncoder - [d7eb06e] Writing "831. foo bar"
03:14:28.698 [qtp1060477329-678] DEBUG o.s.c.c.CharSequenceEncoder - [d7eb06e] Writing "832. foo bar"
03:14:28.700 [qtp1060477329-678] DEBUG o.s.c.c.CharSequenceEncoder - [d7eb06e] Writing "833. foo bar"
03:14:28.701 [qtp1060477329-678] DEBUG o.s.c.c.CharSequenceEncoder - [d7eb06e] Writing "834. foo bar"
03:14:28.702 [qtp1060477329-678] DEBUG o.s.c.c.CharSequenceEncoder - [d7eb06e] Writing "835. foo bar"
03:14:28.703 [qtp1060477329-678] DEBUG o.s.c.c.CharSequenceEncoder - [d7eb06e] Writing "836. foo bar"
03:14:28.703 [qtp1060477329-678] DEBUG o.s.c.c.CharSequenceEncoder - [d7eb06e] Writing "837. foo bar"
03:14:28.703 [qtp1060477329-678] DEBUG o.s.c.c.CharSequenceEncoder - [d7eb06e] Writing "838. foo bar"
03:14:28.704 [qtp1060477329-678] DEBUG o.s.c.c.CharSequenceEncoder - [d7eb06e] Writing "839. foo bar"
03:14:28.704 [qtp1060477329-678] DEBUG o.s.c.c.CharSequenceEncoder - [d7eb06e] Writing "840. foo bar"
03:14:28.704 [qtp1060477329-678] DEBUG o.s.c.c.CharSequenceEncoder - [d7eb06e] Writing "841. foo bar"
03:14:28.705 [qtp1060477329-678] DEBUG o.s.c.c.CharSequenceEncoder - [d7eb06e] Writing "842. foo bar"
03:14:28.705 [qtp1060477329-678] DEBUG o.s.c.c.CharSequenceEncoder - [d7eb06e] Writing "843. foo bar"
03:14:28.705 [qtp1060477329-678] DEBUG o.s.c.c.CharSequenceEncoder - [d7eb06e] Writing "844. foo bar"
03:14:28.705 [qtp1060477329-678] DEBUG o.s.c.c.CharSequenceEncoder - [d7eb06e] Writing "845. foo bar"
03:14:28.705 [qtp1060477329-678] DEBUG o.s.c.c.CharSequenceEncoder - [d7eb06e] Writing "846. foo bar"
03:14:28.706 [qtp1060477329-678] DEBUG o.s.c.c.CharSequenceEncoder - [d7eb06e] Writing "847. foo bar"
03:14:28.706 [qtp1060477329-678] DEBUG o.s.c.c.CharSequenceEncoder - [d7eb06e] Writing "848. foo bar"
03:14:28.706 [qtp1060477329-678] DEBUG o.s.c.c.CharSequenceEncoder - [d7eb06e] Writing "849. foo bar"
03:14:28.706 [qtp1060477329-678] DEBUG o.s.c.c.CharSequenceEncoder - [d7eb06e] Writing "850. foo bar"
03:14:28.706 [qtp1060477329-678] DEBUG o.s.c.c.CharSequenceEncoder - [d7eb06e] Writing "851. foo bar"
03:14:28.706 [qtp1060477329-678] DEBUG o.s.c.c.CharSequenceEncoder - [d7eb06e] Writing "852. foo bar"
03:14:28.707 [qtp1060477329-678] DEBUG o.s.c.c.CharSequenceEncoder - [d7eb06e] Writing "853. foo bar"
03:14:28.707 [qtp1060477329-678] DEBUG o.s.c.c.CharSequenceEncoder - [d7eb06e] Writing "854. foo bar"
03:14:28.707 [qtp1060477329-678] DEBUG o.s.c.c.CharSequenceEncoder - [d7eb06e] Writing "855. foo bar"
03:14:28.707 [qtp1060477329-678] DEBUG o.s.c.c.CharSequenceEncoder - [d7eb06e] Writing "856. foo bar"
03:14:28.707 [qtp1060477329-678] DEBUG o.s.c.c.CharSequenceEncoder - [d7eb06e] Writing "857. foo bar"
03:14:28.707 [qtp1060477329-678] DEBUG o.s.c.c.CharSequenceEncoder - [d7eb06e] Writing "858. foo bar"
03:14:28.707 [qtp1060477329-678] DEBUG o.s.c.c.CharSequenceEncoder - [d7eb06e] Writing "859. foo bar"
03:14:28.707 [qtp1060477329-678] DEBUG o.s.c.c.CharSequenceEncoder - [d7eb06e] Writing "860. foo bar"
03:14:28.708 [qtp1060477329-678] DEBUG o.s.c.c.CharSequenceEncoder - [d7eb06e] Writing "861. foo bar"
03:14:28.708 [qtp1060477329-678] DEBUG o.s.c.c.CharSequenceEncoder - [d7eb06e] Writing "862. foo bar"
03:14:28.708 [qtp1060477329-678] DEBUG o.s.c.c.CharSequenceEncoder - [d7eb06e] Writing "863. foo bar"
03:14:28.708 [qtp1060477329-678] DEBUG o.s.c.c.CharSequenceEncoder - [d7eb06e] Writing "864. foo bar"
03:14:28.708 [qtp1060477329-678] DEBUG o.s.c.c.CharSequenceEncoder - [d7eb06e] Writing "865. foo bar"
03:14:28.708 [qtp1060477329-678] DEBUG o.s.c.c.CharSequenceEncoder - [d7eb06e] Writing "866. foo bar"
03:14:28.708 [qtp1060477329-678] DEBUG o.s.c.c.CharSequenceEncoder - [d7eb06e] Writing "867. foo bar"
03:14:28.708 [qtp1060477329-678] DEBUG o.s.c.c.CharSequenceEncoder - [d7eb06e] Writing "868. foo bar"
03:14:28.708 [qtp1060477329-678] DEBUG o.s.c.c.CharSequenceEncoder - [d7eb06e] Writing "869. foo bar"
03:14:28.709 [qtp1060477329-678] DEBUG o.s.c.c.CharSequenceEncoder - [d7eb06e] Writing "870. foo bar"
03:14:28.709 [qtp1060477329-678] DEBUG o.s.c.c.CharSequenceEncoder - [d7eb06e] Writing "871. foo bar"
03:14:28.709 [qtp1060477329-678] DEBUG o.s.c.c.CharSequenceEncoder - [d7eb06e] Writing "872. foo bar"
03:14:28.710 [qtp1060477329-678] DEBUG o.s.c.c.CharSequenceEncoder - [d7eb06e] Writing "873. foo bar"
03:14:28.710 [qtp1060477329-678] DEBUG o.s.c.c.CharSequenceEncoder - [d7eb06e] Writing "874. foo bar"
03:14:28.710 [qtp1060477329-678] DEBUG o.s.c.c.CharSequenceEncoder - [d7eb06e] Writing "875. foo bar"
03:14:28.711 [qtp1060477329-678] DEBUG o.s.c.c.CharSequenceEncoder - [d7eb06e] Writing "876. foo bar"
03:14:28.711 [qtp1060477329-678] DEBUG o.s.c.c.CharSequenceEncoder - [d7eb06e] Writing "877. foo bar"
03:14:28.712 [qtp1060477329-678] DEBUG o.s.c.c.CharSequenceEncoder - [d7eb06e] Writing "878. foo bar"
03:14:28.712 [qtp1060477329-678] DEBUG o.s.c.c.CharSequenceEncoder - [d7eb06e] Writing "879. foo bar"
03:14:28.712 [qtp1060477329-678] DEBUG o.s.c.c.CharSequenceEncoder - [d7eb06e] Writing "880. foo bar"
03:14:28.713 [qtp1060477329-678] DEBUG o.s.c.c.CharSequenceEncoder - [d7eb06e] Writing "881. foo bar"
03:14:28.713 [qtp1060477329-678] DEBUG o.s.c.c.CharSequenceEncoder - [d7eb06e] Writing "882. foo bar"
03:14:28.713 [qtp1060477329-678] DEBUG o.s.c.c.CharSequenceEncoder - [d7eb06e] Writing "883. foo bar"
03:14:28.713 [qtp1060477329-678] DEBUG o.s.c.c.CharSequenceEncoder - [d7eb06e] Writing "884. foo bar"
03:14:28.715 [qtp1060477329-678] DEBUG o.s.c.c.CharSequenceEncoder - [d7eb06e] Writing "885. foo bar"
03:14:28.715 [qtp1060477329-678] DEBUG o.s.c.c.CharSequenceEncoder - [d7eb06e] Writing "886. foo bar"
03:14:28.716 [qtp1060477329-678] DEBUG o.s.c.c.CharSequenceEncoder - [d7eb06e] Writing "887. foo bar"
03:14:28.716 [qtp1060477329-678] DEBUG o.s.c.c.CharSequenceEncoder - [d7eb06e] Writing "888. foo bar"
03:14:28.716 [qtp1060477329-678] DEBUG o.s.c.c.CharSequenceEncoder - [d7eb06e] Writing "889. foo bar"
03:14:28.717 [qtp1060477329-678] DEBUG o.s.c.c.CharSequenceEncoder - [d7eb06e] Writing "890. foo bar"
03:14:28.717 [qtp1060477329-678] DEBUG o.s.c.c.CharSequenceEncoder - [d7eb06e] Writing "891. foo bar"
03:14:28.717 [qtp1060477329-678] DEBUG o.s.c.c.CharSequenceEncoder - [d7eb06e] Writing "892. foo bar"
03:14:28.717 [qtp1060477329-678] DEBUG o.s.c.c.CharSequenceEncoder - [d7eb06e] Writing "893. foo bar"
03:14:28.718 [qtp1060477329-678] DEBUG o.s.c.c.CharSequenceEncoder - [d7eb06e] Writing "894. foo bar"
03:14:28.718 [qtp1060477329-678] DEBUG o.s.c.c.CharSequenceEncoder - [d7eb06e] Writing "895. foo bar"
03:14:28.718 [qtp1060477329-678] DEBUG o.s.c.c.CharSequenceEncoder - [d7eb06e] Writing "896. foo bar"
03:14:28.719 [qtp1060477329-678] DEBUG o.s.c.c.CharSequenceEncoder - [d7eb06e] Writing "897. foo bar"
03:14:28.719 [qtp1060477329-678] DEBUG o.s.c.c.CharSequenceEncoder - [d7eb06e] Writing "898. foo bar"
03:14:28.720 [qtp1060477329-678] DEBUG o.s.c.c.CharSequenceEncoder - [d7eb06e] Writing "899. foo bar"
03:14:28.720 [qtp1060477329-678] DEBUG o.s.c.c.CharSequenceEncoder - [d7eb06e] Writing "900. foo bar"
03:14:28.721 [qtp1060477329-678] DEBUG o.s.c.c.CharSequenceEncoder - [d7eb06e] Writing "901. foo bar"
03:14:28.721 [qtp1060477329-678] DEBUG o.s.c.c.CharSequenceEncoder - [d7eb06e] Writing "902. foo bar"
03:14:28.721 [qtp1060477329-678] DEBUG o.s.c.c.CharSequenceEncoder - [d7eb06e] Writing "903. foo bar"
03:14:28.721 [qtp1060477329-678] DEBUG o.s.c.c.CharSequenceEncoder - [d7eb06e] Writing "904. foo bar"
03:14:28.722 [qtp1060477329-678] DEBUG o.s.c.c.CharSequenceEncoder - [d7eb06e] Writing "905. foo bar"
03:14:28.722 [qtp1060477329-678] DEBUG o.s.c.c.CharSequenceEncoder - [d7eb06e] Writing "906. foo bar"
03:14:28.722 [qtp1060477329-678] DEBUG o.s.c.c.CharSequenceEncoder - [d7eb06e] Writing "907. foo bar"
03:14:28.722 [qtp1060477329-678] DEBUG o.s.c.c.CharSequenceEncoder - [d7eb06e] Writing "908. foo bar"
03:14:28.722 [qtp1060477329-678] DEBUG o.s.c.c.CharSequenceEncoder - [d7eb06e] Writing "909. foo bar"
03:14:28.722 [qtp1060477329-678] DEBUG o.s.c.c.CharSequenceEncoder - [d7eb06e] Writing "910. foo bar"
03:14:28.722 [qtp1060477329-678] DEBUG o.s.c.c.CharSequenceEncoder - [d7eb06e] Writing "911. foo bar"
03:14:28.723 [qtp1060477329-678] DEBUG o.s.c.c.CharSequenceEncoder - [d7eb06e] Writing "912. foo bar"
03:14:28.723 [qtp1060477329-678] DEBUG o.s.c.c.CharSequenceEncoder - [d7eb06e] Writing "913. foo bar"
03:14:28.723 [qtp1060477329-678] DEBUG o.s.c.c.CharSequenceEncoder - [d7eb06e] Writing "914. foo bar"
03:14:28.723 [qtp1060477329-678] DEBUG o.s.c.c.CharSequenceEncoder - [d7eb06e] Writing "915. foo bar"
03:14:28.723 [qtp1060477329-678] DEBUG o.s.c.c.CharSequenceEncoder - [d7eb06e] Writing "916. foo bar"
03:14:28.724 [qtp1060477329-678] DEBUG o.s.c.c.CharSequenceEncoder - [d7eb06e] Writing "917. foo bar"
03:14:28.724 [qtp1060477329-678] DEBUG o.s.c.c.CharSequenceEncoder - [d7eb06e] Writing "918. foo bar"
03:14:28.724 [qtp1060477329-678] DEBUG o.s.c.c.CharSequenceEncoder - [d7eb06e] Writing "919. foo bar"
03:14:28.724 [qtp1060477329-678] DEBUG o.s.c.c.CharSequenceEncoder - [d7eb06e] Writing "920. foo bar"
03:14:28.724 [qtp1060477329-678] DEBUG o.s.c.c.CharSequenceEncoder - [d7eb06e] Writing "921. foo bar"
03:14:28.725 [qtp1060477329-678] DEBUG o.s.c.c.CharSequenceEncoder - [d7eb06e] Writing "922. foo bar"
03:14:28.725 [qtp1060477329-678] DEBUG o.s.c.c.CharSequenceEncoder - [d7eb06e] Writing "923. foo bar"
03:14:28.725 [qtp1060477329-678] DEBUG o.s.c.c.CharSequenceEncoder - [d7eb06e] Writing "924. foo bar"
03:14:28.725 [qtp1060477329-678] DEBUG o.s.c.c.CharSequenceEncoder - [d7eb06e] Writing "925. foo bar"
03:14:28.725 [qtp1060477329-678] DEBUG o.s.c.c.CharSequenceEncoder - [d7eb06e] Writing "926. foo bar"
03:14:28.725 [qtp1060477329-678] DEBUG o.s.c.c.CharSequenceEncoder - [d7eb06e] Writing "927. foo bar"
03:14:28.725 [qtp1060477329-678] DEBUG o.s.c.c.CharSequenceEncoder - [d7eb06e] Writing "928. foo bar"
03:14:28.726 [qtp1060477329-678] DEBUG o.s.c.c.CharSequenceEncoder - [d7eb06e] Writing "929. foo bar"
03:14:28.726 [qtp1060477329-678] DEBUG o.s.c.c.CharSequenceEncoder - [d7eb06e] Writing "930. foo bar"
03:14:28.726 [qtp1060477329-678] DEBUG o.s.c.c.CharSequenceEncoder - [d7eb06e] Writing "931. foo bar"
03:14:28.726 [qtp1060477329-678] DEBUG o.s.c.c.CharSequenceEncoder - [d7eb06e] Writing "932. foo bar"
03:14:28.726 [qtp1060477329-678] DEBUG o.s.c.c.CharSequenceEncoder - [d7eb06e] Writing "933. foo bar"
03:14:28.727 [qtp1060477329-678] DEBUG o.s.c.c.CharSequenceEncoder - [d7eb06e] Writing "934. foo bar"
03:14:28.727 [qtp1060477329-678] DEBUG o.s.c.c.CharSequenceEncoder - [d7eb06e] Writing "935. foo bar"
03:14:28.727 [qtp1060477329-678] DEBUG o.s.c.c.CharSequenceEncoder - [d7eb06e] Writing "936. foo bar"
03:14:28.727 [qtp1060477329-678] DEBUG o.s.c.c.CharSequenceEncoder - [d7eb06e] Writing "937. foo bar"
03:14:28.728 [qtp1060477329-678] DEBUG o.s.c.c.CharSequenceEncoder - [d7eb06e] Writing "938. foo bar"
03:14:28.728 [qtp1060477329-678] DEBUG o.s.c.c.CharSequenceEncoder - [d7eb06e] Writing "939. foo bar"
03:14:28.728 [qtp1060477329-678] DEBUG o.s.c.c.CharSequenceEncoder - [d7eb06e] Writing "940. foo bar"
03:14:28.728 [qtp1060477329-678] DEBUG o.s.c.c.CharSequenceEncoder - [d7eb06e] Writing "941. foo bar"
03:14:28.728 [qtp1060477329-678] DEBUG o.s.c.c.CharSequenceEncoder - [d7eb06e] Writing "942. foo bar"
03:14:28.729 [qtp1060477329-678] DEBUG o.s.c.c.CharSequenceEncoder - [d7eb06e] Writing "943. foo bar"
03:14:28.729 [qtp1060477329-678] DEBUG o.s.c.c.CharSequenceEncoder - [d7eb06e] Writing "944. foo bar"
03:14:28.729 [qtp1060477329-678] DEBUG o.s.c.c.CharSequenceEncoder - [d7eb06e] Writing "945. foo bar"
03:14:28.729 [qtp1060477329-678] DEBUG o.s.c.c.CharSequenceEncoder - [d7eb06e] Writing "946. foo bar"
03:14:28.729 [qtp1060477329-678] DEBUG o.s.c.c.CharSequenceEncoder - [d7eb06e] Writing "947. foo bar"
03:14:28.729 [qtp1060477329-678] DEBUG o.s.c.c.CharSequenceEncoder - [d7eb06e] Writing "948. foo bar"
03:14:28.729 [qtp1060477329-678] DEBUG o.s.c.c.CharSequenceEncoder - [d7eb06e] Writing "949. foo bar"
03:14:28.729 [qtp1060477329-678] DEBUG o.s.c.c.CharSequenceEncoder - [d7eb06e] Writing "950. foo bar"
03:14:28.729 [qtp1060477329-678] DEBUG o.s.c.c.CharSequenceEncoder - [d7eb06e] Writing "951. foo bar"
03:14:28.729 [qtp1060477329-678] DEBUG o.s.c.c.CharSequenceEncoder - [d7eb06e] Writing "952. foo bar"
03:14:28.729 [qtp1060477329-678] DEBUG o.s.c.c.CharSequenceEncoder - [d7eb06e] Writing "953. foo bar"
03:14:28.729 [qtp1060477329-678] DEBUG o.s.c.c.CharSequenceEncoder - [d7eb06e] Writing "954. foo bar"
03:14:28.729 [qtp1060477329-678] DEBUG o.s.c.c.CharSequenceEncoder - [d7eb06e] Writing "955. foo bar"
03:14:28.729 [qtp1060477329-678] DEBUG o.s.c.c.CharSequenceEncoder - [d7eb06e] Writing "956. foo bar"
03:14:28.729 [qtp1060477329-678] DEBUG o.s.c.c.CharSequenceEncoder - [d7eb06e] Writing "957. foo bar"
03:14:28.729 [qtp1060477329-678] DEBUG o.s.c.c.CharSequenceEncoder - [d7eb06e] Writing "958. foo bar"
03:14:28.729 [qtp1060477329-678] DEBUG o.s.c.c.CharSequenceEncoder - [d7eb06e] Writing "959. foo bar"
03:14:28.729 [qtp1060477329-678] DEBUG o.s.c.c.CharSequenceEncoder - [d7eb06e] Writing "960. foo bar"
03:14:28.729 [qtp1060477329-678] DEBUG o.s.c.c.CharSequenceEncoder - [d7eb06e] Writing "961. foo bar"
03:14:28.729 [qtp1060477329-678] DEBUG o.s.c.c.CharSequenceEncoder - [d7eb06e] Writing "962. foo bar"
03:14:28.729 [qtp1060477329-678] DEBUG o.s.c.c.CharSequenceEncoder - [d7eb06e] Writing "963. foo bar"
03:14:28.729 [qtp1060477329-678] DEBUG o.s.c.c.CharSequenceEncoder - [d7eb06e] Writing "964. foo bar"
03:14:28.729 [qtp1060477329-678] DEBUG o.s.c.c.CharSequenceEncoder - [d7eb06e] Writing "965. foo bar"
03:14:28.729 [qtp1060477329-678] DEBUG o.s.c.c.CharSequenceEncoder - [d7eb06e] Writing "966. foo bar"
03:14:28.733 [qtp1060477329-678] DEBUG o.s.c.c.CharSequenceEncoder - [d7eb06e] Writing "967. foo bar"
03:14:28.733 [qtp1060477329-678] DEBUG o.s.c.c.CharSequenceEncoder - [d7eb06e] Writing "968. foo bar"
03:14:28.733 [qtp1060477329-678] DEBUG o.s.c.c.CharSequenceEncoder - [d7eb06e] Writing "969. foo bar"
03:14:28.733 [qtp1060477329-678] DEBUG o.s.c.c.CharSequenceEncoder - [d7eb06e] Writing "970. foo bar"
03:14:28.733 [qtp1060477329-678] DEBUG o.s.c.c.CharSequenceEncoder - [d7eb06e] Writing "971. foo bar"
03:14:28.733 [qtp1060477329-678] DEBUG o.s.c.c.CharSequenceEncoder - [d7eb06e] Writing "972. foo bar"
03:14:28.733 [qtp1060477329-678] DEBUG o.s.c.c.CharSequenceEncoder - [d7eb06e] Writing "973. foo bar"
03:14:28.734 [qtp1060477329-678] DEBUG o.s.c.c.CharSequenceEncoder - [d7eb06e] Writing "974. foo bar"
03:14:28.734 [qtp1060477329-678] DEBUG o.s.c.c.CharSequenceEncoder - [d7eb06e] Writing "975. foo bar"
03:14:28.734 [qtp1060477329-678] DEBUG o.s.c.c.CharSequenceEncoder - [d7eb06e] Writing "976. foo bar"
03:14:28.734 [qtp1060477329-678] DEBUG o.s.c.c.CharSequenceEncoder - [d7eb06e] Writing "977. foo bar"
03:14:28.734 [qtp1060477329-678] DEBUG o.s.c.c.CharSequenceEncoder - [d7eb06e] Writing "978. foo bar"
03:14:28.734 [qtp1060477329-678] DEBUG o.s.c.c.CharSequenceEncoder - [d7eb06e] Writing "979. foo bar"
03:14:28.734 [qtp1060477329-678] DEBUG o.s.c.c.CharSequenceEncoder - [d7eb06e] Writing "980. foo bar"
03:14:28.735 [qtp1060477329-678] DEBUG o.s.c.c.CharSequenceEncoder - [d7eb06e] Writing "981. foo bar"
03:14:28.735 [qtp1060477329-678] DEBUG o.s.c.c.CharSequenceEncoder - [d7eb06e] Writing "982. foo bar"
03:14:28.735 [qtp1060477329-678] DEBUG o.s.c.c.CharSequenceEncoder - [d7eb06e] Writing "983. foo bar"
03:14:28.735 [qtp1060477329-678] DEBUG o.s.c.c.CharSequenceEncoder - [d7eb06e] Writing "984. foo bar"
03:14:28.735 [qtp1060477329-678] DEBUG o.s.c.c.CharSequenceEncoder - [d7eb06e] Writing "985. foo bar"
03:14:28.735 [qtp1060477329-678] DEBUG o.s.c.c.CharSequenceEncoder - [d7eb06e] Writing "986. foo bar"
03:14:28.736 [qtp1060477329-678] DEBUG o.s.c.c.CharSequenceEncoder - [d7eb06e] Writing "987. foo bar"
03:14:28.736 [qtp1060477329-678] DEBUG o.s.c.c.CharSequenceEncoder - [d7eb06e] Writing "988. foo bar"
03:14:28.736 [qtp1060477329-678] DEBUG o.s.c.c.CharSequenceEncoder - [d7eb06e] Writing "989. foo bar"
03:14:28.736 [qtp1060477329-678] DEBUG o.s.c.c.CharSequenceEncoder - [d7eb06e] Writing "990. foo bar"
03:14:28.736 [qtp1060477329-678] DEBUG o.s.c.c.CharSequenceEncoder - [d7eb06e] Writing "991. foo bar"
03:14:28.736 [qtp1060477329-678] DEBUG o.s.c.c.CharSequenceEncoder - [d7eb06e] Writing "992. foo bar"
03:14:28.736 [qtp1060477329-678] DEBUG o.s.c.c.CharSequenceEncoder - [d7eb06e] Writing "993. foo bar"
03:14:28.736 [qtp1060477329-678] DEBUG o.s.c.c.CharSequenceEncoder - [d7eb06e] Writing "994. foo bar"
03:14:28.737 [qtp1060477329-678] DEBUG o.s.c.c.CharSequenceEncoder - [d7eb06e] Writing "995. foo bar"
03:14:28.737 [qtp1060477329-678] DEBUG o.s.c.c.CharSequenceEncoder - [d7eb06e] Writing "996. foo bar"
03:14:28.737 [qtp1060477329-678] DEBUG o.s.c.c.CharSequenceEncoder - [d7eb06e] Writing "997. foo bar"
03:14:28.737 [qtp1060477329-678] DEBUG o.s.c.c.CharSequenceEncoder - [d7eb06e] Writing "998. foo bar"
03:14:28.738 [qtp1060477329-678] DEBUG o.s.c.c.CharSequenceEncoder - [d7eb06e] Writing "999. foo bar"
03:14:28.739 [qtp1060477329-678] ERROR o.s.w.s.a.HttpWebHandlerAdapter - [d7eb06e] Error [java.lang.RuntimeException: Random error] for HTTP GET "/SPR-16051", but ServerHttpResponse already committed (200 OK)
03:14:28.755 [qtp1060477329-678] WARN  o.e.j.s.HttpChannel - /SPR-16051
javax.servlet.ServletException: Failed to create response content
	at org.springframework.http.server.reactive.ServletHttpHandlerAdapter.service(ServletHttpHandlerAdapter.java:162) ~[spring-web-5.3.0-M2.jar:5.3.0-M2]
	at org.eclipse.jetty.servlet.ServletHolder.handle(ServletHolder.java:763) ~[jetty-servlet-9.4.31.v20200723.jar:9.4.31.v20200723]
	at org.eclipse.jetty.servlet.ServletHandler.doHandle(ServletHandler.java:569) ~[jetty-servlet-9.4.31.v20200723.jar:9.4.31.v20200723]
	at org.eclipse.jetty.server.handler.ScopedHandler.nextHandle(ScopedHandler.java:233) ~[jetty-server-9.4.31.v20200723.jar:9.4.31.v20200723]
	at org.eclipse.jetty.server.handler.ContextHandler.doHandle(ContextHandler.java:1377) ~[jetty-server-9.4.31.v20200723.jar:9.4.31.v20200723]
	at org.eclipse.jetty.server.handler.ScopedHandler.nextScope(ScopedHandler.java:188) ~[jetty-server-9.4.31.v20200723.jar:9.4.31.v20200723]
	at org.eclipse.jetty.servlet.ServletHandler.doScope(ServletHandler.java:507) ~[jetty-servlet-9.4.31.v20200723.jar:9.4.31.v20200723]
	at org.eclipse.jetty.server.handler.ScopedHandler.nextScope(ScopedHandler.java:186) ~[jetty-server-9.4.31.v20200723.jar:9.4.31.v20200723]
	at org.eclipse.jetty.server.handler.ContextHandler.doScope(ContextHandler.java:1292) ~[jetty-server-9.4.31.v20200723.jar:9.4.31.v20200723]
	at org.eclipse.jetty.server.handler.ScopedHandler.handle(ScopedHandler.java:141) ~[jetty-server-9.4.31.v20200723.jar:9.4.31.v20200723]
	at org.eclipse.jetty.server.handler.HandlerWrapper.handle(HandlerWrapper.java:127) ~[jetty-server-9.4.31.v20200723.jar:9.4.31.v20200723]
	at org.eclipse.jetty.server.Server.handleAsync(Server.java:544) ~[jetty-server-9.4.31.v20200723.jar:9.4.31.v20200723]
	at org.eclipse.jetty.server.HttpChannel.lambda$handle$2(HttpChannel.java:391) ~[jetty-server-9.4.31.v20200723.jar:9.4.31.v20200723]
	at org.eclipse.jetty.server.HttpChannel.dispatch(HttpChannel.java:556) ~[jetty-server-9.4.31.v20200723.jar:9.4.31.v20200723]
	at org.eclipse.jetty.server.HttpChannel.handle(HttpChannel.java:391) [jetty-server-9.4.31.v20200723.jar:9.4.31.v20200723]
	at org.eclipse.jetty.server.HttpConnection.onFillable(HttpConnection.java:273) [jetty-server-9.4.31.v20200723.jar:9.4.31.v20200723]
	at org.eclipse.jetty.io.AbstractConnection$ReadCallback.succeeded(AbstractConnection.java:311) [jetty-io-9.4.31.v20200723.jar:9.4.31.v20200723]
	at org.eclipse.jetty.io.FillInterest.fillable(FillInterest.java:105) [jetty-io-9.4.31.v20200723.jar:9.4.31.v20200723]
	at org.eclipse.jetty.io.ChannelEndPoint$1.run(ChannelEndPoint.java:104) [jetty-io-9.4.31.v20200723.jar:9.4.31.v20200723]
	at org.eclipse.jetty.util.thread.QueuedThreadPool.runJob(QueuedThreadPool.java:806) [jetty-util-9.4.31.v20200723.jar:9.4.31.v20200723]
	at org.eclipse.jetty.util.thread.QueuedThreadPool$Runner.run(QueuedThreadPool.java:938) [jetty-util-9.4.31.v20200723.jar:9.4.31.v20200723]
	at java.lang.Thread.run(Thread.java:748) [?:1.8.0_261]
Caused by: java.lang.RuntimeException: Random error
	at org.springframework.web.reactive.result.method.annotation.RequestMappingExceptionHandlingIntegrationTests$TestController.lambda$errors$0(RequestMappingExceptionHandlingIntegrationTests.java:154) ~[test/:?]
	Suppressed: reactor.core.publisher.FluxOnAssembly$OnAssemblyException: 
Error has been observed at the following site(s):
	|_ checkpoint ? Handler org.springframework.web.reactive.result.method.annotation.RequestMappingExceptionHandlingIntegrationTests$TestController#errors() [DispatcherHandler]
	|_ checkpoint ? HTTP GET "/SPR-16051" [ExceptionHandlingWebHandler]
Stack trace:
		at org.springframework.web.reactive.result.method.annotation.RequestMappingExceptionHandlingIntegrationTests$TestController.lambda$errors$0(RequestMappingExceptionHandlingIntegrationTests.java:154) ~[test/:?]
		at reactor.core.publisher.FluxMapFuseable$MapFuseableSubscriber.onNext(FluxMapFuseable.java:113) ~[reactor-core-3.4.0-M2.jar:?]
		at reactor.core.publisher.FluxRange$RangeSubscription.slowPath(FluxRange.java:155) ~[reactor-core-3.4.0-M2.jar:?]
		at reactor.core.publisher.FluxRange$RangeSubscription.request(FluxRange.java:110) ~[reactor-core-3.4.0-M2.jar:?]
		at reactor.core.publisher.FluxMapFuseable$MapFuseableSubscriber.request(FluxMapFuseable.java:169) ~[reactor-core-3.4.0-M2.jar:?]
		at reactor.core.publisher.FluxMapFuseable$MapFuseableSubscriber.request(FluxMapFuseable.java:169) ~[reactor-core-3.4.0-M2.jar:?]
		at org.springframework.http.server.reactive.ChannelSendOperator$WriteBarrier.onSubscribe(ChannelSendOperator.java:166) ~[spring-web-5.3.0-M2.jar:5.3.0-M2]
		at reactor.core.publisher.FluxMapFuseable$MapFuseableSubscriber.onSubscribe(FluxMapFuseable.java:96) ~[reactor-core-3.4.0-M2.jar:?]
		at reactor.core.publisher.FluxMapFuseable$MapFuseableSubscriber.onSubscribe(FluxMapFuseable.java:96) ~[reactor-core-3.4.0-M2.jar:?]
		at reactor.core.publisher.FluxRange.subscribe(FluxRange.java:68) ~[reactor-core-3.4.0-M2.jar:?]
		at reactor.core.publisher.InternalFluxOperator.subscribe(InternalFluxOperator.java:62) ~[reactor-core-3.4.0-M2.jar:?]
		at org.springframework.http.server.reactive.ChannelSendOperator.subscribe(ChannelSendOperator.java:77) ~[spring-web-5.3.0-M2.jar:5.3.0-M2]
		at reactor.core.publisher.InternalMonoOperator.subscribe(InternalMonoOperator.java:64) ~[reactor-core-3.4.0-M2.jar:?]
		at reactor.core.publisher.MonoFlatMap$FlatMapMain.onNext(MonoFlatMap.java:157) ~[reactor-core-3.4.0-M2.jar:?]
		at reactor.core.publisher.Operators$MonoSubscriber.complete(Operators.java:1782) ~[reactor-core-3.4.0-M2.jar:?]
		at reactor.core.publisher.MonoFlatMap$FlatMapInner.onNext(MonoFlatMap.java:249) ~[reactor-core-3.4.0-M2.jar:?]
		at reactor.core.publisher.FluxOnErrorResume$ResumeSubscriber.onNext(FluxOnErrorResume.java:79) ~[reactor-core-3.4.0-M2.jar:?]
		at reactor.core.publisher.FluxPeekFuseable$PeekFuseableSubscriber.onNext(FluxPeekFuseable.java:210) ~[reactor-core-3.4.0-M2.jar:?]
		at reactor.core.publisher.FluxPeekFuseable$PeekFuseableSubscriber.onNext(FluxPeekFuseable.java:210) ~[reactor-core-3.4.0-M2.jar:?]
		at reactor.core.publisher.Operators$MonoSubscriber.complete(Operators.java:1782) ~[reactor-core-3.4.0-M2.jar:?]
		at reactor.core.publisher.MonoIgnoreThen$ThenAcceptInner.onNext(MonoIgnoreThen.java:305) ~[reactor-core-3.4.0-M2.jar:?]
		at reactor.core.publisher.Operators$ScalarSubscription.request(Operators.java:2344) ~[reactor-core-3.4.0-M2.jar:?]
		at reactor.core.publisher.MonoIgnoreThen$ThenAcceptInner.onSubscribe(MonoIgnoreThen.java:294) ~[reactor-core-3.4.0-M2.jar:?]
		at reactor.core.publisher.FluxFlatMap.trySubscribeScalarMap(FluxFlatMap.java:191) ~[reactor-core-3.4.0-M2.jar:?]
		at reactor.core.publisher.MonoFlatMap.subscribeOrReturn(MonoFlatMap.java:53) ~[reactor-core-3.4.0-M2.jar:?]
		at reactor.core.publisher.InternalMonoOperator.subscribe(InternalMonoOperator.java:57) ~[reactor-core-3.4.0-M2.jar:?]
		at reactor.core.publisher.MonoDefer.subscribe(MonoDefer.java:52) ~[reactor-core-3.4.0-M2.jar:?]
		at reactor.core.publisher.MonoIgnoreThen$ThenIgnoreMain.drain(MonoIgnoreThen.java:154) ~[reactor-core-3.4.0-M2.jar:?]
		at reactor.core.publisher.MonoIgnoreThen.subscribe(MonoIgnoreThen.java:56) ~[reactor-core-3.4.0-M2.jar:?]
		at reactor.core.publisher.InternalMonoOperator.subscribe(InternalMonoOperator.java:64) ~[reactor-core-3.4.0-M2.jar:?]
		at reactor.core.publisher.MonoFlatMap$FlatMapMain.onNext(MonoFlatMap.java:157) ~[reactor-core-3.4.0-M2.jar:?]
		at reactor.core.publisher.FluxSwitchIfEmpty$SwitchIfEmptySubscriber.onNext(FluxSwitchIfEmpty.java:73) ~[reactor-core-3.4.0-M2.jar:?]
		at reactor.core.publisher.MonoNext$NextSubscriber.onNext(MonoNext.java:82) ~[reactor-core-3.4.0-M2.jar:?]
		at reactor.core.publisher.FluxConcatMap$ConcatMapImmediate.innerNext(FluxConcatMap.java:281) ~[reactor-core-3.4.0-M2.jar:?]
		at reactor.core.publisher.FluxConcatMap$ConcatMapInner.onNext(FluxConcatMap.java:860) ~[reactor-core-3.4.0-M2.jar:?]
		at reactor.core.publisher.FluxMapFuseable$MapFuseableSubscriber.onNext(FluxMapFuseable.java:127) ~[reactor-core-3.4.0-M2.jar:?]
		at reactor.core.publisher.MonoPeekTerminal$MonoTerminalPeekSubscriber.onNext(MonoPeekTerminal.java:180) ~[reactor-core-3.4.0-M2.jar:?]
		at reactor.core.publisher.Operators$ScalarSubscription.request(Operators.java:2344) ~[reactor-core-3.4.0-M2.jar:?]
		at reactor.core.publisher.MonoPeekTerminal$MonoTerminalPeekSubscriber.request(MonoPeekTerminal.java:139) ~[reactor-core-3.4.0-M2.jar:?]
		at reactor.core.publisher.FluxMapFuseable$MapFuseableSubscriber.request(FluxMapFuseable.java:169) ~[reactor-core-3.4.0-M2.jar:?]
		at reactor.core.publisher.Operators$MultiSubscriptionSubscriber.set(Operators.java:2152) ~[reactor-core-3.4.0-M2.jar:?]
		at reactor.core.publisher.Operators$MultiSubscriptionSubscriber.onSubscribe(Operators.java:2026) ~[reactor-core-3.4.0-M2.jar:?]
		at reactor.core.publisher.FluxMapFuseable$MapFuseableSubscriber.onSubscribe(FluxMapFuseable.java:96) ~[reactor-core-3.4.0-M2.jar:?]
		at reactor.core.publisher.MonoPeekTerminal$MonoTerminalPeekSubscriber.onSubscribe(MonoPeekTerminal.java:152) ~[reactor-core-3.4.0-M2.jar:?]
		at reactor.core.publisher.MonoJust.subscribe(MonoJust.java:54) ~[reactor-core-3.4.0-M2.jar:?]
		at reactor.core.publisher.Mono.subscribe(Mono.java:3892) ~[reactor-core-3.4.0-M2.jar:?]
		at reactor.core.publisher.FluxConcatMap$ConcatMapImmediate.drain(FluxConcatMap.java:448) ~[reactor-core-3.4.0-M2.jar:?]
		at reactor.core.publisher.FluxConcatMap$ConcatMapImmediate.onSubscribe(FluxConcatMap.java:218) ~[reactor-core-3.4.0-M2.jar:?]
		at reactor.core.publisher.FluxIterable.subscribe(FluxIterable.java:164) ~[reactor-core-3.4.0-M2.jar:?]
		at reactor.core.publisher.FluxIterable.subscribe(FluxIterable.java:86) ~[reactor-core-3.4.0-M2.jar:?]
		at reactor.core.publisher.InternalMonoOperator.subscribe(InternalMonoOperator.java:64) ~[reactor-core-3.4.0-M2.jar:?]
		at reactor.core.publisher.MonoDefer.subscribe(MonoDefer.java:52) ~[reactor-core-3.4.0-M2.jar:?]
		at reactor.core.publisher.Mono.subscribe(Mono.java:3892) ~[reactor-core-3.4.0-M2.jar:?]
		at reactor.core.publisher.MonoIgnoreThen$ThenIgnoreMain.drain(MonoIgnoreThen.java:173) ~[reactor-core-3.4.0-M2.jar:?]
		at reactor.core.publisher.MonoIgnoreThen.subscribe(MonoIgnoreThen.java:56) ~[reactor-core-3.4.0-M2.jar:?]
		at reactor.core.publisher.Mono.subscribe(Mono.java:3892) ~[reactor-core-3.4.0-M2.jar:?]
		at org.springframework.http.server.reactive.ServletHttpHandlerAdapter.service(ServletHttpHandlerAdapter.java:192) ~[spring-web-5.3.0-M2.jar:5.3.0-M2]
		at org.eclipse.jetty.servlet.ServletHolder.handle(ServletHolder.java:763) ~[jetty-servlet-9.4.31.v20200723.jar:9.4.31.v20200723]
		at org.eclipse.jetty.servlet.ServletHandler.doHandle(ServletHandler.java:569) ~[jetty-servlet-9.4.31.v20200723.jar:9.4.31.v20200723]
		at org.eclipse.jetty.server.handler.ScopedHandler.nextHandle(ScopedHandler.java:233) ~[jetty-server-9.4.31.v20200723.jar:9.4.31.v20200723]
		at org.eclipse.jetty.server.handler.ContextHandler.doHandle(ContextHandler.java:1377) ~[jetty-server-9.4.31.v20200723.jar:9.4.31.v20200723]
		at org.eclipse.jetty.server.handler.ScopedHandler.nextScope(ScopedHandler.java:188) ~[jetty-server-9.4.31.v20200723.jar:9.4.31.v20200723]
		at org.eclipse.jetty.servlet.ServletHandler.doScope(ServletHandler.java:507) ~[jetty-servlet-9.4.31.v20200723.jar:9.4.31.v20200723]
		at org.eclipse.jetty.server.handler.ScopedHandler.nextScope(ScopedHandler.java:186) ~[jetty-server-9.4.31.v20200723.jar:9.4.31.v20200723]
		at org.eclipse.jetty.server.handler.ContextHandler.doScope(ContextHandler.java:1292) ~[jetty-server-9.4.31.v20200723.jar:9.4.31.v20200723]
		at org.eclipse.jetty.server.handler.ScopedHandler.handle(ScopedHandler.java:141) ~[jetty-server-9.4.31.v20200723.jar:9.4.31.v20200723]
		at org.eclipse.jetty.server.handler.HandlerWrapper.handle(HandlerWrapper.java:127) ~[jetty-server-9.4.31.v20200723.jar:9.4.31.v20200723]
		at org.eclipse.jetty.server.Server.handle(Server.java:501) ~[jetty-server-9.4.31.v20200723.jar:9.4.31.v20200723]
		at org.eclipse.jetty.server.HttpChannel.lambda$handle$1(HttpChannel.java:383) ~[jetty-server-9.4.31.v20200723.jar:9.4.31.v20200723]
		at org.eclipse.jetty.server.HttpChannel.dispatch(HttpChannel.java:556) ~[jetty-server-9.4.31.v20200723.jar:9.4.31.v20200723]
		at org.eclipse.jetty.server.HttpChannel.handle(HttpChannel.java:375) [jetty-server-9.4.31.v20200723.jar:9.4.31.v20200723]
		at org.eclipse.jetty.server.HttpConnection.onFillable(HttpConnection.java:273) [jetty-server-9.4.31.v20200723.jar:9.4.31.v20200723]
		at org.eclipse.jetty.io.AbstractConnection$ReadCallback.succeeded(AbstractConnection.java:311) [jetty-io-9.4.31.v20200723.jar:9.4.31.v20200723]
		at org.eclipse.jetty.io.FillInterest.fillable(FillInterest.java:105) [jetty-io-9.4.31.v20200723.jar:9.4.31.v20200723]
		at org.eclipse.jetty.io.ChannelEndPoint$1.run(ChannelEndPoint.java:104) [jetty-io-9.4.31.v20200723.jar:9.4.31.v20200723]
		at org.eclipse.jetty.util.thread.QueuedThreadPool.runJob(QueuedThreadPool.java:806) [jetty-util-9.4.31.v20200723.jar:9.4.31.v20200723]
		at org.eclipse.jetty.util.thread.QueuedThreadPool$Runner.run(QueuedThreadPool.java:938) [jetty-util-9.4.31.v20200723.jar:9.4.31.v20200723]
		at java.lang.Thread.run(Thread.java:748) [?:1.8.0_261]
03:14:28.773 [Test worker] DEBUG o.s.w.t.h.s.r.b.JettyHttpServer - Stopping JettyHttpServer...
03:14:28.773 [Test worker] INFO  o.e.j.s.h.ContextHandler - Stopped o.e.j.s.ServletContextHandler@472706fe{/,null,UNAVAILABLE}
03:14:28.777 [Test worker] INFO  o.e.j.s.AbstractConnector - Stopped ServerConnector@5e4f9dc2{HTTP/1.1, (http/1.1)}{0.0.0.0:0}
03:14:28.779 [Test worker] DEBUG o.s.w.t.h.s.r.b.JettyHttpServer - Server stopped (0 millis).
03:14:28.855 [Test worker] DEBUG o.s.w.r.r.m.a.RequestMappingHandlerMapping - 6 mappings in 'requestMappingHandlerMapping'
03:14:28.905 [Test worker] DEBUG o.s.w.r.r.m.a.ControllerMethodResolver - ControllerAdvice beans: none
03:14:28.933 [Test worker] DEBUG o.s.w.s.a.HttpWebHandlerAdapter - enableLoggingRequestDetails='false': form data and headers will be masked to prevent unsafe logging of potentially sensitive data
03:14:28.933 [Test worker] DEBUG o.s.w.t.h.s.r.b.ReactorHttpServer - Starting ReactorHttpServer...
03:14:28.934 [Test worker] DEBUG o.s.w.t.h.s.r.b.ReactorHttpServer - Server started on port 61912(0 millis).
03:14:28.934 [Test worker] DEBUG o.s.w.c.RestTemplate - HTTP GET http://localhost:61912/SPR-16051
03:14:28.935 [Test worker] DEBUG o.s.w.c.RestTemplate - Accept=[text/plain, application/json, application/x-jackson-smile, application/*+json, */*]
03:14:28.938 [reactor-http-nio-2] DEBUG o.s.w.s.a.HttpWebHandlerAdapter - [57d52c36-15] HTTP GET "/SPR-16051"
03:14:28.939 [reactor-http-nio-2] DEBUG o.s.w.r.r.m.a.RequestMappingHandlerMapping - [57d52c36-15] Mapped to org.springframework.web.reactive.result.method.annotation.RequestMappingExceptionHandlingIntegrationTests$TestController#errors()
03:14:28.940 [reactor-http-nio-2] DEBUG o.s.w.r.r.m.a.ResponseBodyResultHandler - Using 'text/plain;charset=UTF-8' given [text/plain, application/json, application/x-jackson-smile, application/*+json, */*] and supported [text/plain;charset=UTF-8, text/event-stream, text/plain;charset=UTF-8, */*]
03:14:28.940 [reactor-http-nio-2] DEBUG o.s.w.r.r.m.a.ResponseBodyResultHandler - [57d52c36-15] 0..N [java.lang.String]
03:14:28.940 [reactor-http-nio-2] DEBUG o.s.c.c.CharSequenceEncoder - [57d52c36-15] Writing "1. foo bar"
03:14:28.941 [Test worker] DEBUG o.s.w.c.RestTemplate - Response 200 OK
03:14:28.942 [reactor-http-nio-2] DEBUG o.s.c.c.CharSequenceEncoder - [57d52c36-15] Writing "2. foo bar"
03:14:28.942 [reactor-http-nio-2] DEBUG o.s.c.c.CharSequenceEncoder - [57d52c36-15] Writing "3. foo bar"
03:14:28.943 [reactor-http-nio-2] DEBUG o.s.c.c.CharSequenceEncoder - [57d52c36-15] Writing "4. foo bar"
03:14:28.943 [reactor-http-nio-2] DEBUG o.s.c.c.CharSequenceEncoder - [57d52c36-15] Writing "5. foo bar"
03:14:28.944 [reactor-http-nio-2] DEBUG o.s.c.c.CharSequenceEncoder - [57d52c36-15] Writing "6. foo bar"
03:14:28.945 [reactor-http-nio-2] DEBUG o.s.c.c.CharSequenceEncoder - [57d52c36-15] Writing "7. foo bar"
03:14:28.945 [reactor-http-nio-2] DEBUG o.s.c.c.CharSequenceEncoder - [57d52c36-15] Writing "8. foo bar"
03:14:28.946 [reactor-http-nio-2] DEBUG o.s.c.c.CharSequenceEncoder - [57d52c36-15] Writing "9. foo bar"
03:14:28.946 [reactor-http-nio-2] DEBUG o.s.c.c.CharSequenceEncoder - [57d52c36-15] Writing "10. foo bar"
03:14:28.947 [reactor-http-nio-2] DEBUG o.s.c.c.CharSequenceEncoder - [57d52c36-15] Writing "11. foo bar"
03:14:28.947 [reactor-http-nio-2] DEBUG o.s.c.c.CharSequenceEncoder - [57d52c36-15] Writing "12. foo bar"
03:14:28.948 [reactor-http-nio-2] DEBUG o.s.c.c.CharSequenceEncoder - [57d52c36-15] Writing "13. foo bar"
03:14:28.948 [reactor-http-nio-2] DEBUG o.s.c.c.CharSequenceEncoder - [57d52c36-15] Writing "14. foo bar"
03:14:28.949 [reactor-http-nio-2] DEBUG o.s.c.c.CharSequenceEncoder - [57d52c36-15] Writing "15. foo bar"
03:14:28.949 [reactor-http-nio-2] DEBUG o.s.c.c.CharSequenceEncoder - [57d52c36-15] Writing "16. foo bar"
03:14:28.950 [reactor-http-nio-2] DEBUG o.s.c.c.CharSequenceEncoder - [57d52c36-15] Writing "17. foo bar"
03:14:28.951 [reactor-http-nio-2] DEBUG o.s.c.c.CharSequenceEncoder - [57d52c36-15] Writing "18. foo bar"
03:14:28.951 [reactor-http-nio-2] DEBUG o.s.c.c.CharSequenceEncoder - [57d52c36-15] Writing "19. foo bar"
03:14:28.952 [reactor-http-nio-2] DEBUG o.s.c.c.CharSequenceEncoder - [57d52c36-15] Writing "20. foo bar"
03:14:28.952 [reactor-http-nio-2] DEBUG o.s.c.c.CharSequenceEncoder - [57d52c36-15] Writing "21. foo bar"
03:14:28.953 [reactor-http-nio-2] DEBUG o.s.c.c.CharSequenceEncoder - [57d52c36-15] Writing "22. foo bar"
03:14:28.953 [reactor-http-nio-2] DEBUG o.s.c.c.CharSequenceEncoder - [57d52c36-15] Writing "23. foo bar"
03:14:28.954 [reactor-http-nio-2] DEBUG o.s.c.c.CharSequenceEncoder - [57d52c36-15] Writing "24. foo bar"
03:14:28.954 [reactor-http-nio-2] DEBUG o.s.c.c.CharSequenceEncoder - [57d52c36-15] Writing "25. foo bar"
03:14:28.955 [reactor-http-nio-2] DEBUG o.s.c.c.CharSequenceEncoder - [57d52c36-15] Writing "26. foo bar"
03:14:28.955 [reactor-http-nio-2] DEBUG o.s.c.c.CharSequenceEncoder - [57d52c36-15] Writing "27. foo bar"
03:14:28.956 [reactor-http-nio-2] DEBUG o.s.c.c.CharSequenceEncoder - [57d52c36-15] Writing "28. foo bar"
03:14:28.956 [reactor-http-nio-2] DEBUG o.s.c.c.CharSequenceEncoder - [57d52c36-15] Writing "29. foo bar"
03:14:28.957 [reactor-http-nio-2] DEBUG o.s.c.c.CharSequenceEncoder - [57d52c36-15] Writing "30. foo bar"
03:14:28.957 [reactor-http-nio-2] DEBUG o.s.c.c.CharSequenceEncoder - [57d52c36-15] Writing "31. foo bar"
03:14:28.958 [reactor-http-nio-2] DEBUG o.s.c.c.CharSequenceEncoder - [57d52c36-15] Writing "32. foo bar"
03:14:28.960 [reactor-http-nio-2] DEBUG o.s.c.c.CharSequenceEncoder - [57d52c36-15] Writing "33. foo bar"
03:14:28.961 [reactor-http-nio-2] DEBUG o.s.c.c.CharSequenceEncoder - [57d52c36-15] Writing "34. foo bar"
03:14:28.961 [reactor-http-nio-2] DEBUG o.s.c.c.CharSequenceEncoder - [57d52c36-15] Writing "35. foo bar"
03:14:28.961 [reactor-http-nio-2] DEBUG o.s.c.c.CharSequenceEncoder - [57d52c36-15] Writing "36. foo bar"
03:14:28.962 [reactor-http-nio-2] DEBUG o.s.c.c.CharSequenceEncoder - [57d52c36-15] Writing "37. foo bar"
03:14:28.962 [reactor-http-nio-2] DEBUG o.s.c.c.CharSequenceEncoder - [57d52c36-15] Writing "38. foo bar"
03:14:28.963 [reactor-http-nio-2] DEBUG o.s.c.c.CharSequenceEncoder - [57d52c36-15] Writing "39. foo bar"
03:14:28.963 [reactor-http-nio-2] DEBUG o.s.c.c.CharSequenceEncoder - [57d52c36-15] Writing "40. foo bar"
03:14:28.963 [reactor-http-nio-2] DEBUG o.s.c.c.CharSequenceEncoder - [57d52c36-15] Writing "41. foo bar"
03:14:28.964 [reactor-http-nio-2] DEBUG o.s.c.c.CharSequenceEncoder - [57d52c36-15] Writing "42. foo bar"
03:14:28.964 [reactor-http-nio-2] DEBUG o.s.c.c.CharSequenceEncoder - [57d52c36-15] Writing "43. foo bar"
03:14:28.964 [reactor-http-nio-2] DEBUG o.s.c.c.CharSequenceEncoder - [57d52c36-15] Writing "44. foo bar"
03:14:28.965 [reactor-http-nio-2] DEBUG o.s.c.c.CharSequenceEncoder - [57d52c36-15] Writing "45. foo bar"
03:14:28.965 [reactor-http-nio-2] DEBUG o.s.c.c.CharSequenceEncoder - [57d52c36-15] Writing "46. foo bar"
03:14:28.965 [reactor-http-nio-2] DEBUG o.s.c.c.CharSequenceEncoder - [57d52c36-15] Writing "47. foo bar"
03:14:28.966 [reactor-http-nio-2] DEBUG o.s.c.c.CharSequenceEncoder - [57d52c36-15] Writing "48. foo bar"
03:14:28.966 [reactor-http-nio-2] DEBUG o.s.c.c.CharSequenceEncoder - [57d52c36-15] Writing "49. foo bar"
03:14:28.967 [reactor-http-nio-2] DEBUG o.s.c.c.CharSequenceEncoder - [57d52c36-15] Writing "50. foo bar"
03:14:28.967 [reactor-http-nio-2] DEBUG o.s.c.c.CharSequenceEncoder - [57d52c36-15] Writing "51. foo bar"
03:14:28.968 [reactor-http-nio-2] DEBUG o.s.c.c.CharSequenceEncoder - [57d52c36-15] Writing "52. foo bar"
03:14:28.968 [reactor-http-nio-2] DEBUG o.s.c.c.CharSequenceEncoder - [57d52c36-15] Writing "53. foo bar"
03:14:28.968 [reactor-http-nio-2] DEBUG o.s.c.c.CharSequenceEncoder - [57d52c36-15] Writing "54. foo bar"
03:14:28.969 [reactor-http-nio-2] DEBUG o.s.c.c.CharSequenceEncoder - [57d52c36-15] Writing "55. foo bar"
03:14:28.969 [reactor-http-nio-2] DEBUG o.s.c.c.CharSequenceEncoder - [57d52c36-15] Writing "56. foo bar"
03:14:28.969 [reactor-http-nio-2] DEBUG o.s.c.c.CharSequenceEncoder - [57d52c36-15] Writing "57. foo bar"
03:14:28.970 [reactor-http-nio-2] DEBUG o.s.c.c.CharSequenceEncoder - [57d52c36-15] Writing "58. foo bar"
03:14:28.970 [reactor-http-nio-2] DEBUG o.s.c.c.CharSequenceEncoder - [57d52c36-15] Writing "59. foo bar"
03:14:28.971 [reactor-http-nio-2] DEBUG o.s.c.c.CharSequenceEncoder - [57d52c36-15] Writing "60. foo bar"
03:14:28.971 [reactor-http-nio-2] DEBUG o.s.c.c.CharSequenceEncoder - [57d52c36-15] Writing "61. foo bar"
03:14:28.971 [reactor-http-nio-2] DEBUG o.s.c.c.CharSequenceEncoder - [57d52c36-15] Writing "62. foo bar"
03:14:28.971 [reactor-http-nio-2] DEBUG o.s.c.c.CharSequenceEncoder - [57d52c36-15] Writing "63. foo bar"
03:14:28.972 [reactor-http-nio-2] DEBUG o.s.c.c.CharSequenceEncoder - [57d52c36-15] Writing "64. foo bar"
03:14:28.972 [reactor-http-nio-2] DEBUG o.s.c.c.CharSequenceEncoder - [57d52c36-15] Writing "65. foo bar"
03:14:28.972 [reactor-http-nio-2] DEBUG o.s.c.c.CharSequenceEncoder - [57d52c36-15] Writing "66. foo bar"
03:14:28.980 [reactor-http-nio-2] DEBUG o.s.c.c.CharSequenceEncoder - [57d52c36-15] Writing "67. foo bar"
03:14:28.980 [reactor-http-nio-2] DEBUG o.s.c.c.CharSequenceEncoder - [57d52c36-15] Writing "68. foo bar"
03:14:28.981 [reactor-http-nio-2] DEBUG o.s.c.c.CharSequenceEncoder - [57d52c36-15] Writing "69. foo bar"
03:14:28.984 [reactor-http-nio-2] DEBUG o.s.c.c.CharSequenceEncoder - [57d52c36-15] Writing "70. foo bar"
03:14:28.986 [reactor-http-nio-2] DEBUG o.s.c.c.CharSequenceEncoder - [57d52c36-15] Writing "71. foo bar"
03:14:29.000 [reactor-http-nio-2] DEBUG o.s.c.c.CharSequenceEncoder - [57d52c36-15] Writing "72. foo bar"
03:14:29.001 [reactor-http-nio-2] DEBUG o.s.c.c.CharSequenceEncoder - [57d52c36-15] Writing "73. foo bar"
03:14:29.001 [reactor-http-nio-2] DEBUG o.s.c.c.CharSequenceEncoder - [57d52c36-15] Writing "74. foo bar"
03:14:29.002 [reactor-http-nio-2] DEBUG o.s.c.c.CharSequenceEncoder - [57d52c36-15] Writing "75. foo bar"
03:14:29.002 [reactor-http-nio-2] DEBUG o.s.c.c.CharSequenceEncoder - [57d52c36-15] Writing "76. foo bar"
03:14:29.002 [reactor-http-nio-2] DEBUG o.s.c.c.CharSequenceEncoder - [57d52c36-15] Writing "77. foo bar"
03:14:29.003 [reactor-http-nio-2] DEBUG o.s.c.c.CharSequenceEncoder - [57d52c36-15] Writing "78. foo bar"
03:14:29.003 [reactor-http-nio-2] DEBUG o.s.c.c.CharSequenceEncoder - [57d52c36-15] Writing "79. foo bar"
03:14:29.003 [reactor-http-nio-2] DEBUG o.s.c.c.CharSequenceEncoder - [57d52c36-15] Writing "80. foo bar"
03:14:29.004 [reactor-http-nio-2] DEBUG o.s.c.c.CharSequenceEncoder - [57d52c36-15] Writing "81. foo bar"
03:14:29.004 [reactor-http-nio-2] DEBUG o.s.c.c.CharSequenceEncoder - [57d52c36-15] Writing "82. foo bar"
03:14:29.004 [reactor-http-nio-2] DEBUG o.s.c.c.CharSequenceEncoder - [57d52c36-15] Writing "83. foo bar"
03:14:29.005 [reactor-http-nio-2] DEBUG o.s.c.c.CharSequenceEncoder - [57d52c36-15] Writing "84. foo bar"
03:14:29.005 [reactor-http-nio-2] DEBUG o.s.c.c.CharSequenceEncoder - [57d52c36-15] Writing "85. foo bar"
03:14:29.005 [reactor-http-nio-2] DEBUG o.s.c.c.CharSequenceEncoder - [57d52c36-15] Writing "86. foo bar"
03:14:29.006 [reactor-http-nio-2] DEBUG o.s.c.c.CharSequenceEncoder - [57d52c36-15] Writing "87. foo bar"
03:14:29.006 [reactor-http-nio-2] DEBUG o.s.c.c.CharSequenceEncoder - [57d52c36-15] Writing "88. foo bar"
03:14:29.006 [reactor-http-nio-2] DEBUG o.s.c.c.CharSequenceEncoder - [57d52c36-15] Writing "89. foo bar"
03:14:29.006 [reactor-http-nio-2] DEBUG o.s.c.c.CharSequenceEncoder - [57d52c36-15] Writing "90. foo bar"
03:14:29.007 [reactor-http-nio-2] DEBUG o.s.c.c.CharSequenceEncoder - [57d52c36-15] Writing "91. foo bar"
03:14:29.007 [reactor-http-nio-2] DEBUG o.s.c.c.CharSequenceEncoder - [57d52c36-15] Writing "92. foo bar"
03:14:29.007 [reactor-http-nio-2] DEBUG o.s.c.c.CharSequenceEncoder - [57d52c36-15] Writing "93. foo bar"
03:14:29.008 [reactor-http-nio-2] DEBUG o.s.c.c.CharSequenceEncoder - [57d52c36-15] Writing "94. foo bar"
03:14:29.008 [reactor-http-nio-2] DEBUG o.s.c.c.CharSequenceEncoder - [57d52c36-15] Writing "95. foo bar"
03:14:29.008 [reactor-http-nio-2] DEBUG o.s.c.c.CharSequenceEncoder - [57d52c36-15] Writing "96. foo bar"
03:14:29.009 [reactor-http-nio-2] DEBUG o.s.c.c.CharSequenceEncoder - [57d52c36-15] Writing "97. foo bar"
03:14:29.009 [reactor-http-nio-2] DEBUG o.s.c.c.CharSequenceEncoder - [57d52c36-15] Writing "98. foo bar"
03:14:29.009 [reactor-http-nio-2] DEBUG o.s.c.c.CharSequenceEncoder - [57d52c36-15] Writing "99. foo bar"
03:14:29.010 [reactor-http-nio-2] DEBUG o.s.c.c.CharSequenceEncoder - [57d52c36-15] Writing "100. foo bar"
03:14:29.010 [reactor-http-nio-2] DEBUG o.s.c.c.CharSequenceEncoder - [57d52c36-15] Writing "101. foo bar"
03:14:29.011 [reactor-http-nio-2] DEBUG o.s.c.c.CharSequenceEncoder - [57d52c36-15] Writing "102. foo bar"
03:14:29.011 [reactor-http-nio-2] DEBUG o.s.c.c.CharSequenceEncoder - [57d52c36-15] Writing "103. foo bar"
03:14:29.011 [reactor-http-nio-2] DEBUG o.s.c.c.CharSequenceEncoder - [57d52c36-15] Writing "104. foo bar"
03:14:29.016 [reactor-http-nio-2] DEBUG o.s.c.c.CharSequenceEncoder - [57d52c36-15] Writing "105. foo bar"
03:14:29.021 [reactor-http-nio-2] DEBUG o.s.c.c.CharSequenceEncoder - [57d52c36-15] Writing "106. foo bar"
03:14:29.022 [reactor-http-nio-2] DEBUG o.s.c.c.CharSequenceEncoder - [57d52c36-15] Writing "107. foo bar"
03:14:29.022 [reactor-http-nio-2] DEBUG o.s.c.c.CharSequenceEncoder - [57d52c36-15] Writing "108. foo bar"
03:14:29.022 [reactor-http-nio-2] DEBUG o.s.c.c.CharSequenceEncoder - [57d52c36-15] Writing "109. foo bar"
03:14:29.023 [reactor-http-nio-2] DEBUG o.s.c.c.CharSequenceEncoder - [57d52c36-15] Writing "110. foo bar"
03:14:29.023 [reactor-http-nio-2] DEBUG o.s.c.c.CharSequenceEncoder - [57d52c36-15] Writing "111. foo bar"
03:14:29.023 [reactor-http-nio-2] DEBUG o.s.c.c.CharSequenceEncoder - [57d52c36-15] Writing "112. foo bar"
03:14:29.029 [reactor-http-nio-2] DEBUG o.s.c.c.CharSequenceEncoder - [57d52c36-15] Writing "113. foo bar"
03:14:29.030 [reactor-http-nio-2] DEBUG o.s.c.c.CharSequenceEncoder - [57d52c36-15] Writing "114. foo bar"
03:14:29.030 [reactor-http-nio-2] DEBUG o.s.c.c.CharSequenceEncoder - [57d52c36-15] Writing "115. foo bar"
03:14:29.031 [reactor-http-nio-2] DEBUG o.s.c.c.CharSequenceEncoder - [57d52c36-15] Writing "116. foo bar"
03:14:29.031 [reactor-http-nio-2] DEBUG o.s.c.c.CharSequenceEncoder - [57d52c36-15] Writing "117. foo bar"
03:14:29.031 [reactor-http-nio-2] DEBUG o.s.c.c.CharSequenceEncoder - [57d52c36-15] Writing "118. foo bar"
03:14:29.031 [reactor-http-nio-2] DEBUG o.s.c.c.CharSequenceEncoder - [57d52c36-15] Writing "119. foo bar"
03:14:29.032 [reactor-http-nio-2] DEBUG o.s.c.c.CharSequenceEncoder - [57d52c36-15] Writing "120. foo bar"
03:14:29.033 [reactor-http-nio-2] DEBUG o.s.c.c.CharSequenceEncoder - [57d52c36-15] Writing "121. foo bar"
03:14:29.034 [reactor-http-nio-2] DEBUG o.s.c.c.CharSequenceEncoder - [57d52c36-15] Writing "122. foo bar"
03:14:29.035 [reactor-http-nio-2] DEBUG o.s.c.c.CharSequenceEncoder - [57d52c36-15] Writing "123. foo bar"
03:14:29.035 [reactor-http-nio-2] DEBUG o.s.c.c.CharSequenceEncoder - [57d52c36-15] Writing "124. foo bar"
03:14:29.035 [reactor-http-nio-2] DEBUG o.s.c.c.CharSequenceEncoder - [57d52c36-15] Writing "125. foo bar"
03:14:29.036 [reactor-http-nio-2] DEBUG o.s.c.c.CharSequenceEncoder - [57d52c36-15] Writing "126. foo bar"
03:14:29.036 [reactor-http-nio-2] DEBUG o.s.c.c.CharSequenceEncoder - [57d52c36-15] Writing "127. foo bar"
03:14:29.036 [reactor-http-nio-2] DEBUG o.s.c.c.CharSequenceEncoder - [57d52c36-15] Writing "128. foo bar"
03:14:29.050 [Test worker] DEBUG o.s.w.c.RestTemplate - Reading to [java.lang.String] as "text/plain;charset=UTF-8"
03:14:29.101 [reactor-http-nio-2] DEBUG o.s.c.c.CharSequenceEncoder - [57d52c36-15] Writing "129. foo bar"
03:14:29.101 [reactor-http-nio-2] DEBUG o.s.c.c.CharSequenceEncoder - [57d52c36-15] Writing "130. foo bar"
03:14:29.101 [reactor-http-nio-2] DEBUG o.s.c.c.CharSequenceEncoder - [57d52c36-15] Writing "131. foo bar"
03:14:29.101 [reactor-http-nio-2] DEBUG o.s.c.c.CharSequenceEncoder - [57d52c36-15] Writing "132. foo bar"
03:14:29.102 [reactor-http-nio-2] DEBUG o.s.c.c.CharSequenceEncoder - [57d52c36-15] Writing "133. foo bar"
03:14:29.102 [reactor-http-nio-2] DEBUG o.s.c.c.CharSequenceEncoder - [57d52c36-15] Writing "134. foo bar"
03:14:29.102 [reactor-http-nio-2] DEBUG o.s.c.c.CharSequenceEncoder - [57d52c36-15] Writing "135. foo bar"
03:14:29.102 [reactor-http-nio-2] DEBUG o.s.c.c.CharSequenceEncoder - [57d52c36-15] Writing "136. foo bar"
03:14:29.102 [reactor-http-nio-2] DEBUG o.s.c.c.CharSequenceEncoder - [57d52c36-15] Writing "137. foo bar"
03:14:29.102 [reactor-http-nio-2] DEBUG o.s.c.c.CharSequenceEncoder - [57d52c36-15] Writing "138. foo bar"
03:14:29.102 [reactor-http-nio-2] DEBUG o.s.c.c.CharSequenceEncoder - [57d52c36-15] Writing "139. foo bar"
03:14:29.102 [reactor-http-nio-2] DEBUG o.s.c.c.CharSequenceEncoder - [57d52c36-15] Writing "140. foo bar"
03:14:29.102 [reactor-http-nio-2] DEBUG o.s.c.c.CharSequenceEncoder - [57d52c36-15] Writing "141. foo bar"
03:14:29.102 [reactor-http-nio-2] DEBUG o.s.c.c.CharSequenceEncoder - [57d52c36-15] Writing "142. foo bar"
03:14:29.102 [reactor-http-nio-2] DEBUG o.s.c.c.CharSequenceEncoder - [57d52c36-15] Writing "143. foo bar"
03:14:29.102 [reactor-http-nio-2] DEBUG o.s.c.c.CharSequenceEncoder - [57d52c36-15] Writing "144. foo bar"
03:14:29.102 [reactor-http-nio-2] DEBUG o.s.c.c.CharSequenceEncoder - [57d52c36-15] Writing "145. foo bar"
03:14:29.102 [reactor-http-nio-2] DEBUG o.s.c.c.CharSequenceEncoder - [57d52c36-15] Writing "146. foo bar"
03:14:29.102 [reactor-http-nio-2] DEBUG o.s.c.c.CharSequenceEncoder - [57d52c36-15] Writing "147. foo bar"
03:14:29.102 [reactor-http-nio-2] DEBUG o.s.c.c.CharSequenceEncoder - [57d52c36-15] Writing "148. foo bar"
03:14:29.102 [reactor-http-nio-2] DEBUG o.s.c.c.CharSequenceEncoder - [57d52c36-15] Writing "149. foo bar"
03:14:29.102 [reactor-http-nio-2] DEBUG o.s.c.c.CharSequenceEncoder - [57d52c36-15] Writing "150. foo bar"
03:14:29.102 [reactor-http-nio-2] DEBUG o.s.c.c.CharSequenceEncoder - [57d52c36-15] Writing "151. foo bar"
03:14:29.102 [reactor-http-nio-2] DEBUG o.s.c.c.CharSequenceEncoder - [57d52c36-15] Writing "152. foo bar"
03:14:29.102 [reactor-http-nio-2] DEBUG o.s.c.c.CharSequenceEncoder - [57d52c36-15] Writing "153. foo bar"
03:14:29.102 [reactor-http-nio-2] DEBUG o.s.c.c.CharSequenceEncoder - [57d52c36-15] Writing "154. foo bar"
03:14:29.102 [reactor-http-nio-2] DEBUG o.s.c.c.CharSequenceEncoder - [57d52c36-15] Writing "155. foo bar"
03:14:29.102 [reactor-http-nio-2] DEBUG o.s.c.c.CharSequenceEncoder - [57d52c36-15] Writing "156. foo bar"
03:14:29.102 [reactor-http-nio-2] DEBUG o.s.c.c.CharSequenceEncoder - [57d52c36-15] Writing "157. foo bar"
03:14:29.102 [reactor-http-nio-2] DEBUG o.s.c.c.CharSequenceEncoder - [57d52c36-15] Writing "158. foo bar"
03:14:29.102 [reactor-http-nio-2] DEBUG o.s.c.c.CharSequenceEncoder - [57d52c36-15] Writing "159. foo bar"
03:14:29.103 [reactor-http-nio-2] DEBUG o.s.c.c.CharSequenceEncoder - [57d52c36-15] Writing "160. foo bar"
03:14:29.103 [reactor-http-nio-2] DEBUG o.s.c.c.CharSequenceEncoder - [57d52c36-15] Writing "161. foo bar"
03:14:29.103 [reactor-http-nio-2] DEBUG o.s.c.c.CharSequenceEncoder - [57d52c36-15] Writing "162. foo bar"
03:14:29.103 [reactor-http-nio-2] DEBUG o.s.c.c.CharSequenceEncoder - [57d52c36-15] Writing "163. foo bar"
03:14:29.103 [reactor-http-nio-2] DEBUG o.s.c.c.CharSequenceEncoder - [57d52c36-15] Writing "164. foo bar"
03:14:29.103 [reactor-http-nio-2] DEBUG o.s.c.c.CharSequenceEncoder - [57d52c36-15] Writing "165. foo bar"
03:14:29.104 [reactor-http-nio-2] DEBUG o.s.c.c.CharSequenceEncoder - [57d52c36-15] Writing "166. foo bar"
03:14:29.104 [reactor-http-nio-2] DEBUG o.s.c.c.CharSequenceEncoder - [57d52c36-15] Writing "167. foo bar"
03:14:29.104 [reactor-http-nio-2] DEBUG o.s.c.c.CharSequenceEncoder - [57d52c36-15] Writing "168. foo bar"
03:14:29.104 [reactor-http-nio-2] DEBUG o.s.c.c.CharSequenceEncoder - [57d52c36-15] Writing "169. foo bar"
03:14:29.104 [reactor-http-nio-2] DEBUG o.s.c.c.CharSequenceEncoder - [57d52c36-15] Writing "170. foo bar"
03:14:29.104 [reactor-http-nio-2] DEBUG o.s.c.c.CharSequenceEncoder - [57d52c36-15] Writing "171. foo bar"
03:14:29.104 [reactor-http-nio-2] DEBUG o.s.c.c.CharSequenceEncoder - [57d52c36-15] Writing "172. foo bar"
03:14:29.104 [reactor-http-nio-2] DEBUG o.s.c.c.CharSequenceEncoder - [57d52c36-15] Writing "173. foo bar"
03:14:29.104 [reactor-http-nio-2] DEBUG o.s.c.c.CharSequenceEncoder - [57d52c36-15] Writing "174. foo bar"
03:14:29.104 [reactor-http-nio-2] DEBUG o.s.c.c.CharSequenceEncoder - [57d52c36-15] Writing "175. foo bar"
03:14:29.104 [reactor-http-nio-2] DEBUG o.s.c.c.CharSequenceEncoder - [57d52c36-15] Writing "176. foo bar"
03:14:29.104 [reactor-http-nio-2] DEBUG o.s.c.c.CharSequenceEncoder - [57d52c36-15] Writing "177. foo bar"
03:14:29.104 [reactor-http-nio-2] DEBUG o.s.c.c.CharSequenceEncoder - [57d52c36-15] Writing "178. foo bar"
03:14:29.104 [reactor-http-nio-2] DEBUG o.s.c.c.CharSequenceEncoder - [57d52c36-15] Writing "179. foo bar"
03:14:29.104 [reactor-http-nio-2] DEBUG o.s.c.c.CharSequenceEncoder - [57d52c36-15] Writing "180. foo bar"
03:14:29.105 [reactor-http-nio-2] DEBUG o.s.c.c.CharSequenceEncoder - [57d52c36-15] Writing "181. foo bar"
03:14:29.105 [reactor-http-nio-2] DEBUG o.s.c.c.CharSequenceEncoder - [57d52c36-15] Writing "182. foo bar"
03:14:29.105 [reactor-http-nio-2] DEBUG o.s.c.c.CharSequenceEncoder - [57d52c36-15] Writing "183. foo bar"
03:14:29.105 [reactor-http-nio-2] DEBUG o.s.c.c.CharSequenceEncoder - [57d52c36-15] Writing "184. foo bar"
03:14:29.105 [reactor-http-nio-2] DEBUG o.s.c.c.CharSequenceEncoder - [57d52c36-15] Writing "185. foo bar"
03:14:29.105 [reactor-http-nio-2] DEBUG o.s.c.c.CharSequenceEncoder - [57d52c36-15] Writing "186. foo bar"
03:14:29.105 [reactor-http-nio-2] DEBUG o.s.c.c.CharSequenceEncoder - [57d52c36-15] Writing "187. foo bar"
03:14:29.105 [reactor-http-nio-2] DEBUG o.s.c.c.CharSequenceEncoder - [57d52c36-15] Writing "188. foo bar"
03:14:29.105 [reactor-http-nio-2] DEBUG o.s.c.c.CharSequenceEncoder - [57d52c36-15] Writing "189. foo bar"
03:14:29.105 [reactor-http-nio-2] DEBUG o.s.c.c.CharSequenceEncoder - [57d52c36-15] Writing "190. foo bar"
03:14:29.105 [reactor-http-nio-2] DEBUG o.s.c.c.CharSequenceEncoder - [57d52c36-15] Writing "191. foo bar"
03:14:29.105 [reactor-http-nio-2] DEBUG o.s.c.c.CharSequenceEncoder - [57d52c36-15] Writing "192. foo bar"
03:14:29.121 [reactor-http-nio-2] DEBUG o.s.c.c.CharSequenceEncoder - [57d52c36-15] Writing "193. foo bar"
03:14:29.121 [reactor-http-nio-2] DEBUG o.s.c.c.CharSequenceEncoder - [57d52c36-15] Writing "194. foo bar"
03:14:29.121 [reactor-http-nio-2] DEBUG o.s.c.c.CharSequenceEncoder - [57d52c36-15] Writing "195. foo bar"
03:14:29.121 [reactor-http-nio-2] DEBUG o.s.c.c.CharSequenceEncoder - [57d52c36-15] Writing "196. foo bar"
03:14:29.121 [reactor-http-nio-2] DEBUG o.s.c.c.CharSequenceEncoder - [57d52c36-15] Writing "197. foo bar"
03:14:29.121 [reactor-http-nio-2] DEBUG o.s.c.c.CharSequenceEncoder - [57d52c36-15] Writing "198. foo bar"
03:14:29.121 [reactor-http-nio-2] DEBUG o.s.c.c.CharSequenceEncoder - [57d52c36-15] Writing "199. foo bar"
03:14:29.121 [reactor-http-nio-2] DEBUG o.s.c.c.CharSequenceEncoder - [57d52c36-15] Writing "200. foo bar"
03:14:29.121 [reactor-http-nio-2] DEBUG o.s.c.c.CharSequenceEncoder - [57d52c36-15] Writing "201. foo bar"
03:14:29.121 [reactor-http-nio-2] DEBUG o.s.c.c.CharSequenceEncoder - [57d52c36-15] Writing "202. foo bar"
03:14:29.121 [reactor-http-nio-2] DEBUG o.s.c.c.CharSequenceEncoder - [57d52c36-15] Writing "203. foo bar"
03:14:29.121 [reactor-http-nio-2] DEBUG o.s.c.c.CharSequenceEncoder - [57d52c36-15] Writing "204. foo bar"
03:14:29.121 [reactor-http-nio-2] DEBUG o.s.c.c.CharSequenceEncoder - [57d52c36-15] Writing "205. foo bar"
03:14:29.121 [reactor-http-nio-2] DEBUG o.s.c.c.CharSequenceEncoder - [57d52c36-15] Writing "206. foo bar"
03:14:29.121 [reactor-http-nio-2] DEBUG o.s.c.c.CharSequenceEncoder - [57d52c36-15] Writing "207. foo bar"
03:14:29.121 [reactor-http-nio-2] DEBUG o.s.c.c.CharSequenceEncoder - [57d52c36-15] Writing "208. foo bar"
03:14:29.121 [reactor-http-nio-2] DEBUG o.s.c.c.CharSequenceEncoder - [57d52c36-15] Writing "209. foo bar"
03:14:29.122 [reactor-http-nio-2] DEBUG o.s.c.c.CharSequenceEncoder - [57d52c36-15] Writing "210. foo bar"
03:14:29.122 [reactor-http-nio-2] DEBUG o.s.c.c.CharSequenceEncoder - [57d52c36-15] Writing "211. foo bar"
03:14:29.122 [reactor-http-nio-2] DEBUG o.s.c.c.CharSequenceEncoder - [57d52c36-15] Writing "212. foo bar"
03:14:29.122 [reactor-http-nio-2] DEBUG o.s.c.c.CharSequenceEncoder - [57d52c36-15] Writing "213. foo bar"
03:14:29.122 [reactor-http-nio-2] DEBUG o.s.c.c.CharSequenceEncoder - [57d52c36-15] Writing "214. foo bar"
03:14:29.122 [reactor-http-nio-2] DEBUG o.s.c.c.CharSequenceEncoder - [57d52c36-15] Writing "215. foo bar"
03:14:29.122 [reactor-http-nio-2] DEBUG o.s.c.c.CharSequenceEncoder - [57d52c36-15] Writing "216. foo bar"
03:14:29.122 [reactor-http-nio-2] DEBUG o.s.c.c.CharSequenceEncoder - [57d52c36-15] Writing "217. foo bar"
03:14:29.122 [reactor-http-nio-2] DEBUG o.s.c.c.CharSequenceEncoder - [57d52c36-15] Writing "218. foo bar"
03:14:29.122 [reactor-http-nio-2] DEBUG o.s.c.c.CharSequenceEncoder - [57d52c36-15] Writing "219. foo bar"
03:14:29.122 [reactor-http-nio-2] DEBUG o.s.c.c.CharSequenceEncoder - [57d52c36-15] Writing "220. foo bar"
03:14:29.122 [reactor-http-nio-2] DEBUG o.s.c.c.CharSequenceEncoder - [57d52c36-15] Writing "221. foo bar"
03:14:29.122 [reactor-http-nio-2] DEBUG o.s.c.c.CharSequenceEncoder - [57d52c36-15] Writing "222. foo bar"
03:14:29.122 [reactor-http-nio-2] DEBUG o.s.c.c.CharSequenceEncoder - [57d52c36-15] Writing "223. foo bar"
03:14:29.122 [reactor-http-nio-2] DEBUG o.s.c.c.CharSequenceEncoder - [57d52c36-15] Writing "224. foo bar"
03:14:29.122 [reactor-http-nio-2] DEBUG o.s.c.c.CharSequenceEncoder - [57d52c36-15] Writing "225. foo bar"
03:14:29.122 [reactor-http-nio-2] DEBUG o.s.c.c.CharSequenceEncoder - [57d52c36-15] Writing "226. foo bar"
03:14:29.122 [reactor-http-nio-2] DEBUG o.s.c.c.CharSequenceEncoder - [57d52c36-15] Writing "227. foo bar"
03:14:29.122 [reactor-http-nio-2] DEBUG o.s.c.c.CharSequenceEncoder - [57d52c36-15] Writing "228. foo bar"
03:14:29.122 [reactor-http-nio-2] DEBUG o.s.c.c.CharSequenceEncoder - [57d52c36-15] Writing "229. foo bar"
03:14:29.122 [reactor-http-nio-2] DEBUG o.s.c.c.CharSequenceEncoder - [57d52c36-15] Writing "230. foo bar"
03:14:29.122 [reactor-http-nio-2] DEBUG o.s.c.c.CharSequenceEncoder - [57d52c36-15] Writing "231. foo bar"
03:14:29.122 [reactor-http-nio-2] DEBUG o.s.c.c.CharSequenceEncoder - [57d52c36-15] Writing "232. foo bar"
03:14:29.122 [reactor-http-nio-2] DEBUG o.s.c.c.CharSequenceEncoder - [57d52c36-15] Writing "233. foo bar"
03:14:29.122 [reactor-http-nio-2] DEBUG o.s.c.c.CharSequenceEncoder - [57d52c36-15] Writing "234. foo bar"
03:14:29.122 [reactor-http-nio-2] DEBUG o.s.c.c.CharSequenceEncoder - [57d52c36-15] Writing "235. foo bar"
03:14:29.123 [reactor-http-nio-2] DEBUG o.s.c.c.CharSequenceEncoder - [57d52c36-15] Writing "236. foo bar"
03:14:29.124 [reactor-http-nio-2] DEBUG o.s.c.c.CharSequenceEncoder - [57d52c36-15] Writing "237. foo bar"
03:14:29.124 [reactor-http-nio-2] DEBUG o.s.c.c.CharSequenceEncoder - [57d52c36-15] Writing "238. foo bar"
03:14:29.124 [reactor-http-nio-2] DEBUG o.s.c.c.CharSequenceEncoder - [57d52c36-15] Writing "239. foo bar"
03:14:29.124 [reactor-http-nio-2] DEBUG o.s.c.c.CharSequenceEncoder - [57d52c36-15] Writing "240. foo bar"
03:14:29.125 [reactor-http-nio-2] DEBUG o.s.c.c.CharSequenceEncoder - [57d52c36-15] Writing "241. foo bar"
03:14:29.125 [reactor-http-nio-2] DEBUG o.s.c.c.CharSequenceEncoder - [57d52c36-15] Writing "242. foo bar"
03:14:29.125 [reactor-http-nio-2] DEBUG o.s.c.c.CharSequenceEncoder - [57d52c36-15] Writing "243. foo bar"
03:14:29.125 [reactor-http-nio-2] DEBUG o.s.c.c.CharSequenceEncoder - [57d52c36-15] Writing "244. foo bar"
03:14:29.125 [reactor-http-nio-2] DEBUG o.s.c.c.CharSequenceEncoder - [57d52c36-15] Writing "245. foo bar"
03:14:29.125 [reactor-http-nio-2] DEBUG o.s.c.c.CharSequenceEncoder - [57d52c36-15] Writing "246. foo bar"
03:14:29.125 [reactor-http-nio-2] DEBUG o.s.c.c.CharSequenceEncoder - [57d52c36-15] Writing "247. foo bar"
03:14:29.125 [reactor-http-nio-2] DEBUG o.s.c.c.CharSequenceEncoder - [57d52c36-15] Writing "248. foo bar"
03:14:29.125 [reactor-http-nio-2] DEBUG o.s.c.c.CharSequenceEncoder - [57d52c36-15] Writing "249. foo bar"
03:14:29.125 [reactor-http-nio-2] DEBUG o.s.c.c.CharSequenceEncoder - [57d52c36-15] Writing "250. foo bar"
03:14:29.125 [reactor-http-nio-2] DEBUG o.s.c.c.CharSequenceEncoder - [57d52c36-15] Writing "251. foo bar"
03:14:29.125 [reactor-http-nio-2] DEBUG o.s.c.c.CharSequenceEncoder - [57d52c36-15] Writing "252. foo bar"
03:14:29.125 [reactor-http-nio-2] DEBUG o.s.c.c.CharSequenceEncoder - [57d52c36-15] Writing "253. foo bar"
03:14:29.125 [reactor-http-nio-2] DEBUG o.s.c.c.CharSequenceEncoder - [57d52c36-15] Writing "254. foo bar"
03:14:29.125 [reactor-http-nio-2] DEBUG o.s.c.c.CharSequenceEncoder - [57d52c36-15] Writing "255. foo bar"
03:14:29.125 [reactor-http-nio-2] DEBUG o.s.c.c.CharSequenceEncoder - [57d52c36-15] Writing "256. foo bar"
03:14:29.201 [reactor-http-nio-2] DEBUG o.s.c.c.CharSequenceEncoder - [57d52c36-15] Writing "257. foo bar"
03:14:29.201 [reactor-http-nio-2] DEBUG o.s.c.c.CharSequenceEncoder - [57d52c36-15] Writing "258. foo bar"
03:14:29.201 [reactor-http-nio-2] DEBUG o.s.c.c.CharSequenceEncoder - [57d52c36-15] Writing "259. foo bar"
03:14:29.201 [reactor-http-nio-2] DEBUG o.s.c.c.CharSequenceEncoder - [57d52c36-15] Writing "260. foo bar"
03:14:29.201 [reactor-http-nio-2] DEBUG o.s.c.c.CharSequenceEncoder - [57d52c36-15] Writing "261. foo bar"
03:14:29.202 [reactor-http-nio-2] DEBUG o.s.c.c.CharSequenceEncoder - [57d52c36-15] Writing "262. foo bar"
03:14:29.202 [reactor-http-nio-2] DEBUG o.s.c.c.CharSequenceEncoder - [57d52c36-15] Writing "263. foo bar"
03:14:29.202 [reactor-http-nio-2] DEBUG o.s.c.c.CharSequenceEncoder - [57d52c36-15] Writing "264. foo bar"
03:14:29.202 [reactor-http-nio-2] DEBUG o.s.c.c.CharSequenceEncoder - [57d52c36-15] Writing "265. foo bar"
03:14:29.202 [reactor-http-nio-2] DEBUG o.s.c.c.CharSequenceEncoder - [57d52c36-15] Writing "266. foo bar"
03:14:29.203 [reactor-http-nio-2] DEBUG o.s.c.c.CharSequenceEncoder - [57d52c36-15] Writing "267. foo bar"
03:14:29.203 [reactor-http-nio-2] DEBUG o.s.c.c.CharSequenceEncoder - [57d52c36-15] Writing "268. foo bar"
03:14:29.203 [reactor-http-nio-2] DEBUG o.s.c.c.CharSequenceEncoder - [57d52c36-15] Writing "269. foo bar"
03:14:29.204 [reactor-http-nio-2] DEBUG o.s.c.c.CharSequenceEncoder - [57d52c36-15] Writing "270. foo bar"
03:14:29.204 [reactor-http-nio-2] DEBUG o.s.c.c.CharSequenceEncoder - [57d52c36-15] Writing "271. foo bar"
03:14:29.204 [reactor-http-nio-2] DEBUG o.s.c.c.CharSequenceEncoder - [57d52c36-15] Writing "272. foo bar"
03:14:29.204 [reactor-http-nio-2] DEBUG o.s.c.c.CharSequenceEncoder - [57d52c36-15] Writing "273. foo bar"
03:14:29.204 [reactor-http-nio-2] DEBUG o.s.c.c.CharSequenceEncoder - [57d52c36-15] Writing "274. foo bar"
03:14:29.204 [reactor-http-nio-2] DEBUG o.s.c.c.CharSequenceEncoder - [57d52c36-15] Writing "275. foo bar"
03:14:29.205 [reactor-http-nio-2] DEBUG o.s.c.c.CharSequenceEncoder - [57d52c36-15] Writing "276. foo bar"
03:14:29.205 [reactor-http-nio-2] DEBUG o.s.c.c.CharSequenceEncoder - [57d52c36-15] Writing "277. foo bar"
03:14:29.205 [reactor-http-nio-2] DEBUG o.s.c.c.CharSequenceEncoder - [57d52c36-15] Writing "278. foo bar"
03:14:29.205 [reactor-http-nio-2] DEBUG o.s.c.c.CharSequenceEncoder - [57d52c36-15] Writing "279. foo bar"
03:14:29.205 [reactor-http-nio-2] DEBUG o.s.c.c.CharSequenceEncoder - [57d52c36-15] Writing "280. foo bar"
03:14:29.205 [reactor-http-nio-2] DEBUG o.s.c.c.CharSequenceEncoder - [57d52c36-15] Writing "281. foo bar"
03:14:29.206 [reactor-http-nio-2] DEBUG o.s.c.c.CharSequenceEncoder - [57d52c36-15] Writing "282. foo bar"
03:14:29.206 [reactor-http-nio-2] DEBUG o.s.c.c.CharSequenceEncoder - [57d52c36-15] Writing "283. foo bar"
03:14:29.206 [reactor-http-nio-2] DEBUG o.s.c.c.CharSequenceEncoder - [57d52c36-15] Writing "284. foo bar"
03:14:29.207 [reactor-http-nio-2] DEBUG o.s.c.c.CharSequenceEncoder - [57d52c36-15] Writing "285. foo bar"
03:14:29.207 [reactor-http-nio-2] DEBUG o.s.c.c.CharSequenceEncoder - [57d52c36-15] Writing "286. foo bar"
03:14:29.207 [reactor-http-nio-2] DEBUG o.s.c.c.CharSequenceEncoder - [57d52c36-15] Writing "287. foo bar"
03:14:29.207 [reactor-http-nio-2] DEBUG o.s.c.c.CharSequenceEncoder - [57d52c36-15] Writing "288. foo bar"
03:14:29.207 [reactor-http-nio-2] DEBUG o.s.c.c.CharSequenceEncoder - [57d52c36-15] Writing "289. foo bar"
03:14:29.207 [reactor-http-nio-2] DEBUG o.s.c.c.CharSequenceEncoder - [57d52c36-15] Writing "290. foo bar"
03:14:29.208 [reactor-http-nio-2] DEBUG o.s.c.c.CharSequenceEncoder - [57d52c36-15] Writing "291. foo bar"
03:14:29.208 [reactor-http-nio-2] DEBUG o.s.c.c.CharSequenceEncoder - [57d52c36-15] Writing "292. foo bar"
03:14:29.208 [reactor-http-nio-2] DEBUG o.s.c.c.CharSequenceEncoder - [57d52c36-15] Writing "293. foo bar"
03:14:29.208 [reactor-http-nio-2] DEBUG o.s.c.c.CharSequenceEncoder - [57d52c36-15] Writing "294. foo bar"
03:14:29.209 [reactor-http-nio-2] DEBUG o.s.c.c.CharSequenceEncoder - [57d52c36-15] Writing "295. foo bar"
03:14:29.209 [reactor-http-nio-2] DEBUG o.s.c.c.CharSequenceEncoder - [57d52c36-15] Writing "296. foo bar"
03:14:29.209 [reactor-http-nio-2] DEBUG o.s.c.c.CharSequenceEncoder - [57d52c36-15] Writing "297. foo bar"
03:14:29.209 [reactor-http-nio-2] DEBUG o.s.c.c.CharSequenceEncoder - [57d52c36-15] Writing "298. foo bar"
03:14:29.209 [reactor-http-nio-2] DEBUG o.s.c.c.CharSequenceEncoder - [57d52c36-15] Writing "299. foo bar"
03:14:29.209 [reactor-http-nio-2] DEBUG o.s.c.c.CharSequenceEncoder - [57d52c36-15] Writing "300. foo bar"
03:14:29.209 [reactor-http-nio-2] DEBUG o.s.c.c.CharSequenceEncoder - [57d52c36-15] Writing "301. foo bar"
03:14:29.210 [reactor-http-nio-2] DEBUG o.s.c.c.CharSequenceEncoder - [57d52c36-15] Writing "302. foo bar"
03:14:29.210 [reactor-http-nio-2] DEBUG o.s.c.c.CharSequenceEncoder - [57d52c36-15] Writing "303. foo bar"
03:14:29.210 [reactor-http-nio-2] DEBUG o.s.c.c.CharSequenceEncoder - [57d52c36-15] Writing "304. foo bar"
03:14:29.210 [reactor-http-nio-2] DEBUG o.s.c.c.CharSequenceEncoder - [57d52c36-15] Writing "305. foo bar"
03:14:29.211 [reactor-http-nio-2] DEBUG o.s.c.c.CharSequenceEncoder - [57d52c36-15] Writing "306. foo bar"
03:14:29.211 [reactor-http-nio-2] DEBUG o.s.c.c.CharSequenceEncoder - [57d52c36-15] Writing "307. foo bar"
03:14:29.211 [reactor-http-nio-2] DEBUG o.s.c.c.CharSequenceEncoder - [57d52c36-15] Writing "308. foo bar"
03:14:29.211 [reactor-http-nio-2] DEBUG o.s.c.c.CharSequenceEncoder - [57d52c36-15] Writing "309. foo bar"
03:14:29.212 [reactor-http-nio-2] DEBUG o.s.c.c.CharSequenceEncoder - [57d52c36-15] Writing "310. foo bar"
03:14:29.212 [reactor-http-nio-2] DEBUG o.s.c.c.CharSequenceEncoder - [57d52c36-15] Writing "311. foo bar"
03:14:29.212 [reactor-http-nio-2] DEBUG o.s.c.c.CharSequenceEncoder - [57d52c36-15] Writing "312. foo bar"
03:14:29.212 [reactor-http-nio-2] DEBUG o.s.c.c.CharSequenceEncoder - [57d52c36-15] Writing "313. foo bar"
03:14:29.223 [reactor-http-nio-2] DEBUG o.s.c.c.CharSequenceEncoder - [57d52c36-15] Writing "314. foo bar"
03:14:29.225 [reactor-http-nio-2] DEBUG o.s.c.c.CharSequenceEncoder - [57d52c36-15] Writing "315. foo bar"
03:14:29.225 [reactor-http-nio-2] DEBUG o.s.c.c.CharSequenceEncoder - [57d52c36-15] Writing "316. foo bar"
03:14:29.226 [reactor-http-nio-2] DEBUG o.s.c.c.CharSequenceEncoder - [57d52c36-15] Writing "317. foo bar"
03:14:29.226 [reactor-http-nio-2] DEBUG o.s.c.c.CharSequenceEncoder - [57d52c36-15] Writing "318. foo bar"
03:14:29.227 [reactor-http-nio-2] DEBUG o.s.c.c.CharSequenceEncoder - [57d52c36-15] Writing "319. foo bar"
03:14:29.227 [reactor-http-nio-2] DEBUG o.s.c.c.CharSequenceEncoder - [57d52c36-15] Writing "320. foo bar"
03:14:29.240 [reactor-http-nio-2] DEBUG o.s.c.c.CharSequenceEncoder - [57d52c36-15] Writing "321. foo bar"
03:14:29.240 [reactor-http-nio-2] DEBUG o.s.c.c.CharSequenceEncoder - [57d52c36-15] Writing "322. foo bar"
03:14:29.241 [reactor-http-nio-2] DEBUG o.s.c.c.CharSequenceEncoder - [57d52c36-15] Writing "323. foo bar"
03:14:29.241 [reactor-http-nio-2] DEBUG o.s.c.c.CharSequenceEncoder - [57d52c36-15] Writing "324. foo bar"
03:14:29.241 [reactor-http-nio-2] DEBUG o.s.c.c.CharSequenceEncoder - [57d52c36-15] Writing "325. foo bar"
03:14:29.242 [reactor-http-nio-2] DEBUG o.s.c.c.CharSequenceEncoder - [57d52c36-15] Writing "326. foo bar"
03:14:29.242 [reactor-http-nio-2] DEBUG o.s.c.c.CharSequenceEncoder - [57d52c36-15] Writing "327. foo bar"
03:14:29.242 [reactor-http-nio-2] DEBUG o.s.c.c.CharSequenceEncoder - [57d52c36-15] Writing "328. foo bar"
03:14:29.242 [reactor-http-nio-2] DEBUG o.s.c.c.CharSequenceEncoder - [57d52c36-15] Writing "329. foo bar"
03:14:29.242 [reactor-http-nio-2] DEBUG o.s.c.c.CharSequenceEncoder - [57d52c36-15] Writing "330. foo bar"
03:14:29.243 [reactor-http-nio-2] DEBUG o.s.c.c.CharSequenceEncoder - [57d52c36-15] Writing "331. foo bar"
03:14:29.243 [reactor-http-nio-2] DEBUG o.s.c.c.CharSequenceEncoder - [57d52c36-15] Writing "332. foo bar"
03:14:29.243 [reactor-http-nio-2] DEBUG o.s.c.c.CharSequenceEncoder - [57d52c36-15] Writing "333. foo bar"
03:14:29.243 [reactor-http-nio-2] DEBUG o.s.c.c.CharSequenceEncoder - [57d52c36-15] Writing "334. foo bar"
03:14:29.244 [reactor-http-nio-2] DEBUG o.s.c.c.CharSequenceEncoder - [57d52c36-15] Writing "335. foo bar"
03:14:29.244 [reactor-http-nio-2] DEBUG o.s.c.c.CharSequenceEncoder - [57d52c36-15] Writing "336. foo bar"
03:14:29.244 [reactor-http-nio-2] DEBUG o.s.c.c.CharSequenceEncoder - [57d52c36-15] Writing "337. foo bar"
03:14:29.244 [reactor-http-nio-2] DEBUG o.s.c.c.CharSequenceEncoder - [57d52c36-15] Writing "338. foo bar"
03:14:29.245 [reactor-http-nio-2] DEBUG o.s.c.c.CharSequenceEncoder - [57d52c36-15] Writing "339. foo bar"
03:14:29.246 [reactor-http-nio-2] DEBUG o.s.c.c.CharSequenceEncoder - [57d52c36-15] Writing "340. foo bar"
03:14:29.246 [reactor-http-nio-2] DEBUG o.s.c.c.CharSequenceEncoder - [57d52c36-15] Writing "341. foo bar"
03:14:29.246 [reactor-http-nio-2] DEBUG o.s.c.c.CharSequenceEncoder - [57d52c36-15] Writing "342. foo bar"
03:14:29.247 [reactor-http-nio-2] DEBUG o.s.c.c.CharSequenceEncoder - [57d52c36-15] Writing "343. foo bar"
03:14:29.247 [reactor-http-nio-2] DEBUG o.s.c.c.CharSequenceEncoder - [57d52c36-15] Writing "344. foo bar"
03:14:29.247 [reactor-http-nio-2] DEBUG o.s.c.c.CharSequenceEncoder - [57d52c36-15] Writing "345. foo bar"
03:14:29.248 [reactor-http-nio-2] DEBUG o.s.c.c.CharSequenceEncoder - [57d52c36-15] Writing "346. foo bar"
03:14:29.249 [reactor-http-nio-2] DEBUG o.s.c.c.CharSequenceEncoder - [57d52c36-15] Writing "347. foo bar"
03:14:29.249 [reactor-http-nio-2] DEBUG o.s.c.c.CharSequenceEncoder - [57d52c36-15] Writing "348. foo bar"
03:14:29.250 [reactor-http-nio-2] DEBUG o.s.c.c.CharSequenceEncoder - [57d52c36-15] Writing "349. foo bar"
03:14:29.250 [reactor-http-nio-2] DEBUG o.s.c.c.CharSequenceEncoder - [57d52c36-15] Writing "350. foo bar"
03:14:29.250 [reactor-http-nio-2] DEBUG o.s.c.c.CharSequenceEncoder - [57d52c36-15] Writing "351. foo bar"
03:14:29.250 [reactor-http-nio-2] DEBUG o.s.c.c.CharSequenceEncoder - [57d52c36-15] Writing "352. foo bar"
03:14:29.251 [reactor-http-nio-2] DEBUG o.s.c.c.CharSequenceEncoder - [57d52c36-15] Writing "353. foo bar"
03:14:29.251 [reactor-http-nio-2] DEBUG o.s.c.c.CharSequenceEncoder - [57d52c36-15] Writing "354. foo bar"
03:14:29.251 [reactor-http-nio-2] DEBUG o.s.c.c.CharSequenceEncoder - [57d52c36-15] Writing "355. foo bar"
03:14:29.251 [reactor-http-nio-2] DEBUG o.s.c.c.CharSequenceEncoder - [57d52c36-15] Writing "356. foo bar"
03:14:29.252 [reactor-http-nio-2] DEBUG o.s.c.c.CharSequenceEncoder - [57d52c36-15] Writing "357. foo bar"
03:14:29.252 [reactor-http-nio-2] DEBUG o.s.c.c.CharSequenceEncoder - [57d52c36-15] Writing "358. foo bar"
03:14:29.252 [reactor-http-nio-2] DEBUG o.s.c.c.CharSequenceEncoder - [57d52c36-15] Writing "359. foo bar"
03:14:29.253 [reactor-http-nio-2] DEBUG o.s.c.c.CharSequenceEncoder - [57d52c36-15] Writing "360. foo bar"
03:14:29.253 [reactor-http-nio-2] DEBUG o.s.c.c.CharSequenceEncoder - [57d52c36-15] Writing "361. foo bar"
03:14:29.254 [reactor-http-nio-2] DEBUG o.s.c.c.CharSequenceEncoder - [57d52c36-15] Writing "362. foo bar"
03:14:29.256 [reactor-http-nio-2] DEBUG o.s.c.c.CharSequenceEncoder - [57d52c36-15] Writing "363. foo bar"
03:14:29.256 [reactor-http-nio-2] DEBUG o.s.c.c.CharSequenceEncoder - [57d52c36-15] Writing "364. foo bar"
03:14:29.257 [reactor-http-nio-2] DEBUG o.s.c.c.CharSequenceEncoder - [57d52c36-15] Writing "365. foo bar"
03:14:29.257 [reactor-http-nio-2] DEBUG o.s.c.c.CharSequenceEncoder - [57d52c36-15] Writing "366. foo bar"
03:14:29.258 [reactor-http-nio-2] DEBUG o.s.c.c.CharSequenceEncoder - [57d52c36-15] Writing "367. foo bar"
03:14:29.258 [reactor-http-nio-2] DEBUG o.s.c.c.CharSequenceEncoder - [57d52c36-15] Writing "368. foo bar"
03:14:29.259 [reactor-http-nio-2] DEBUG o.s.c.c.CharSequenceEncoder - [57d52c36-15] Writing "369. foo bar"
03:14:29.260 [reactor-http-nio-2] DEBUG o.s.c.c.CharSequenceEncoder - [57d52c36-15] Writing "370. foo bar"
03:14:29.260 [reactor-http-nio-2] DEBUG o.s.c.c.CharSequenceEncoder - [57d52c36-15] Writing "371. foo bar"
03:14:29.260 [reactor-http-nio-2] DEBUG o.s.c.c.CharSequenceEncoder - [57d52c36-15] Writing "372. foo bar"
03:14:29.261 [reactor-http-nio-2] DEBUG o.s.c.c.CharSequenceEncoder - [57d52c36-15] Writing "373. foo bar"
03:14:29.261 [reactor-http-nio-2] DEBUG o.s.c.c.CharSequenceEncoder - [57d52c36-15] Writing "374. foo bar"
03:14:29.261 [reactor-http-nio-2] DEBUG o.s.c.c.CharSequenceEncoder - [57d52c36-15] Writing "375. foo bar"
03:14:29.261 [reactor-http-nio-2] DEBUG o.s.c.c.CharSequenceEncoder - [57d52c36-15] Writing "376. foo bar"
03:14:29.262 [reactor-http-nio-2] DEBUG o.s.c.c.CharSequenceEncoder - [57d52c36-15] Writing "377. foo bar"
03:14:29.262 [reactor-http-nio-2] DEBUG o.s.c.c.CharSequenceEncoder - [57d52c36-15] Writing "378. foo bar"
03:14:29.262 [reactor-http-nio-2] DEBUG o.s.c.c.CharSequenceEncoder - [57d52c36-15] Writing "379. foo bar"
03:14:29.263 [reactor-http-nio-2] DEBUG o.s.c.c.CharSequenceEncoder - [57d52c36-15] Writing "380. foo bar"
03:14:29.263 [reactor-http-nio-2] DEBUG o.s.c.c.CharSequenceEncoder - [57d52c36-15] Writing "381. foo bar"
03:14:29.263 [reactor-http-nio-2] DEBUG o.s.c.c.CharSequenceEncoder - [57d52c36-15] Writing "382. foo bar"
03:14:29.263 [reactor-http-nio-2] DEBUG o.s.c.c.CharSequenceEncoder - [57d52c36-15] Writing "383. foo bar"
03:14:29.265 [reactor-http-nio-2] DEBUG o.s.c.c.CharSequenceEncoder - [57d52c36-15] Writing "384. foo bar"
03:14:29.324 [reactor-http-nio-2] DEBUG o.s.c.c.CharSequenceEncoder - [57d52c36-15] Writing "385. foo bar"
03:14:29.324 [reactor-http-nio-2] DEBUG o.s.c.c.CharSequenceEncoder - [57d52c36-15] Writing "386. foo bar"
03:14:29.324 [reactor-http-nio-2] DEBUG o.s.c.c.CharSequenceEncoder - [57d52c36-15] Writing "387. foo bar"
03:14:29.324 [reactor-http-nio-2] DEBUG o.s.c.c.CharSequenceEncoder - [57d52c36-15] Writing "388. foo bar"
03:14:29.324 [reactor-http-nio-2] DEBUG o.s.c.c.CharSequenceEncoder - [57d52c36-15] Writing "389. foo bar"
03:14:29.324 [reactor-http-nio-2] DEBUG o.s.c.c.CharSequenceEncoder - [57d52c36-15] Writing "390. foo bar"
03:14:29.324 [reactor-http-nio-2] DEBUG o.s.c.c.CharSequenceEncoder - [57d52c36-15] Writing "391. foo bar"
03:14:29.324 [reactor-http-nio-2] DEBUG o.s.c.c.CharSequenceEncoder - [57d52c36-15] Writing "392. foo bar"
03:14:29.325 [reactor-http-nio-2] DEBUG o.s.c.c.CharSequenceEncoder - [57d52c36-15] Writing "393. foo bar"
03:14:29.325 [reactor-http-nio-2] DEBUG o.s.c.c.CharSequenceEncoder - [57d52c36-15] Writing "394. foo bar"
03:14:29.325 [reactor-http-nio-2] DEBUG o.s.c.c.CharSequenceEncoder - [57d52c36-15] Writing "395. foo bar"
03:14:29.325 [reactor-http-nio-2] DEBUG o.s.c.c.CharSequenceEncoder - [57d52c36-15] Writing "396. foo bar"
03:14:29.325 [reactor-http-nio-2] DEBUG o.s.c.c.CharSequenceEncoder - [57d52c36-15] Writing "397. foo bar"
03:14:29.325 [reactor-http-nio-2] DEBUG o.s.c.c.CharSequenceEncoder - [57d52c36-15] Writing "398. foo bar"
03:14:29.325 [reactor-http-nio-2] DEBUG o.s.c.c.CharSequenceEncoder - [57d52c36-15] Writing "399. foo bar"
03:14:29.325 [reactor-http-nio-2] DEBUG o.s.c.c.CharSequenceEncoder - [57d52c36-15] Writing "400. foo bar"
03:14:29.325 [reactor-http-nio-2] DEBUG o.s.c.c.CharSequenceEncoder - [57d52c36-15] Writing "401. foo bar"
03:14:29.325 [reactor-http-nio-2] DEBUG o.s.c.c.CharSequenceEncoder - [57d52c36-15] Writing "402. foo bar"
03:14:29.325 [reactor-http-nio-2] DEBUG o.s.c.c.CharSequenceEncoder - [57d52c36-15] Writing "403. foo bar"
03:14:29.325 [reactor-http-nio-2] DEBUG o.s.c.c.CharSequenceEncoder - [57d52c36-15] Writing "404. foo bar"
03:14:29.325 [reactor-http-nio-2] DEBUG o.s.c.c.CharSequenceEncoder - [57d52c36-15] Writing "405. foo bar"
03:14:29.325 [reactor-http-nio-2] DEBUG o.s.c.c.CharSequenceEncoder - [57d52c36-15] Writing "406. foo bar"
03:14:29.325 [reactor-http-nio-2] DEBUG o.s.c.c.CharSequenceEncoder - [57d52c36-15] Writing "407. foo bar"
03:14:29.325 [reactor-http-nio-2] DEBUG o.s.c.c.CharSequenceEncoder - [57d52c36-15] Writing "408. foo bar"
03:14:29.325 [reactor-http-nio-2] DEBUG o.s.c.c.CharSequenceEncoder - [57d52c36-15] Writing "409. foo bar"
03:14:29.325 [reactor-http-nio-2] DEBUG o.s.c.c.CharSequenceEncoder - [57d52c36-15] Writing "410. foo bar"
03:14:29.325 [reactor-http-nio-2] DEBUG o.s.c.c.CharSequenceEncoder - [57d52c36-15] Writing "411. foo bar"
03:14:29.325 [reactor-http-nio-2] DEBUG o.s.c.c.CharSequenceEncoder - [57d52c36-15] Writing "412. foo bar"
03:14:29.325 [reactor-http-nio-2] DEBUG o.s.c.c.CharSequenceEncoder - [57d52c36-15] Writing "413. foo bar"
03:14:29.325 [reactor-http-nio-2] DEBUG o.s.c.c.CharSequenceEncoder - [57d52c36-15] Writing "414. foo bar"
03:14:29.325 [reactor-http-nio-2] DEBUG o.s.c.c.CharSequenceEncoder - [57d52c36-15] Writing "415. foo bar"
03:14:29.325 [reactor-http-nio-2] DEBUG o.s.c.c.CharSequenceEncoder - [57d52c36-15] Writing "416. foo bar"
03:14:29.325 [reactor-http-nio-2] DEBUG o.s.c.c.CharSequenceEncoder - [57d52c36-15] Writing "417. foo bar"
03:14:29.325 [reactor-http-nio-2] DEBUG o.s.c.c.CharSequenceEncoder - [57d52c36-15] Writing "418. foo bar"
03:14:29.325 [reactor-http-nio-2] DEBUG o.s.c.c.CharSequenceEncoder - [57d52c36-15] Writing "419. foo bar"
03:14:29.325 [reactor-http-nio-2] DEBUG o.s.c.c.CharSequenceEncoder - [57d52c36-15] Writing "420. foo bar"
03:14:29.325 [reactor-http-nio-2] DEBUG o.s.c.c.CharSequenceEncoder - [57d52c36-15] Writing "421. foo bar"
03:14:29.325 [reactor-http-nio-2] DEBUG o.s.c.c.CharSequenceEncoder - [57d52c36-15] Writing "422. foo bar"
03:14:29.325 [reactor-http-nio-2] DEBUG o.s.c.c.CharSequenceEncoder - [57d52c36-15] Writing "423. foo bar"
03:14:29.325 [reactor-http-nio-2] DEBUG o.s.c.c.CharSequenceEncoder - [57d52c36-15] Writing "424. foo bar"
03:14:29.325 [reactor-http-nio-2] DEBUG o.s.c.c.CharSequenceEncoder - [57d52c36-15] Writing "425. foo bar"
03:14:29.325 [reactor-http-nio-2] DEBUG o.s.c.c.CharSequenceEncoder - [57d52c36-15] Writing "426. foo bar"
03:14:29.325 [reactor-http-nio-2] DEBUG o.s.c.c.CharSequenceEncoder - [57d52c36-15] Writing "427. foo bar"
03:14:29.325 [reactor-http-nio-2] DEBUG o.s.c.c.CharSequenceEncoder - [57d52c36-15] Writing "428. foo bar"
03:14:29.325 [reactor-http-nio-2] DEBUG o.s.c.c.CharSequenceEncoder - [57d52c36-15] Writing "429. foo bar"
03:14:29.325 [reactor-http-nio-2] DEBUG o.s.c.c.CharSequenceEncoder - [57d52c36-15] Writing "430. foo bar"
03:14:29.325 [reactor-http-nio-2] DEBUG o.s.c.c.CharSequenceEncoder - [57d52c36-15] Writing "431. foo bar"
03:14:29.326 [reactor-http-nio-2] DEBUG o.s.c.c.CharSequenceEncoder - [57d52c36-15] Writing "432. foo bar"
03:14:29.326 [reactor-http-nio-2] DEBUG o.s.c.c.CharSequenceEncoder - [57d52c36-15] Writing "433. foo bar"
03:14:29.326 [reactor-http-nio-2] DEBUG o.s.c.c.CharSequenceEncoder - [57d52c36-15] Writing "434. foo bar"
03:14:29.326 [reactor-http-nio-2] DEBUG o.s.c.c.CharSequenceEncoder - [57d52c36-15] Writing "435. foo bar"
03:14:29.326 [reactor-http-nio-2] DEBUG o.s.c.c.CharSequenceEncoder - [57d52c36-15] Writing "436. foo bar"
03:14:29.326 [reactor-http-nio-2] DEBUG o.s.c.c.CharSequenceEncoder - [57d52c36-15] Writing "437. foo bar"
03:14:29.326 [reactor-http-nio-2] DEBUG o.s.c.c.CharSequenceEncoder - [57d52c36-15] Writing "438. foo bar"
03:14:29.326 [reactor-http-nio-2] DEBUG o.s.c.c.CharSequenceEncoder - [57d52c36-15] Writing "439. foo bar"
03:14:29.326 [reactor-http-nio-2] DEBUG o.s.c.c.CharSequenceEncoder - [57d52c36-15] Writing "440. foo bar"
03:14:29.326 [reactor-http-nio-2] DEBUG o.s.c.c.CharSequenceEncoder - [57d52c36-15] Writing "441. foo bar"
03:14:29.326 [reactor-http-nio-2] DEBUG o.s.c.c.CharSequenceEncoder - [57d52c36-15] Writing "442. foo bar"
03:14:29.326 [reactor-http-nio-2] DEBUG o.s.c.c.CharSequenceEncoder - [57d52c36-15] Writing "443. foo bar"
03:14:29.326 [reactor-http-nio-2] DEBUG o.s.c.c.CharSequenceEncoder - [57d52c36-15] Writing "444. foo bar"
03:14:29.326 [reactor-http-nio-2] DEBUG o.s.c.c.CharSequenceEncoder - [57d52c36-15] Writing "445. foo bar"
03:14:29.326 [reactor-http-nio-2] DEBUG o.s.c.c.CharSequenceEncoder - [57d52c36-15] Writing "446. foo bar"
03:14:29.326 [reactor-http-nio-2] DEBUG o.s.c.c.CharSequenceEncoder - [57d52c36-15] Writing "447. foo bar"
03:14:29.326 [reactor-http-nio-2] DEBUG o.s.c.c.CharSequenceEncoder - [57d52c36-15] Writing "448. foo bar"
03:14:29.338 [reactor-http-nio-2] DEBUG o.s.c.c.CharSequenceEncoder - [57d52c36-15] Writing "449. foo bar"
03:14:29.338 [reactor-http-nio-2] DEBUG o.s.c.c.CharSequenceEncoder - [57d52c36-15] Writing "450. foo bar"
03:14:29.338 [reactor-http-nio-2] DEBUG o.s.c.c.CharSequenceEncoder - [57d52c36-15] Writing "451. foo bar"
03:14:29.338 [reactor-http-nio-2] DEBUG o.s.c.c.CharSequenceEncoder - [57d52c36-15] Writing "452. foo bar"
03:14:29.338 [reactor-http-nio-2] DEBUG o.s.c.c.CharSequenceEncoder - [57d52c36-15] Writing "453. foo bar"
03:14:29.339 [reactor-http-nio-2] DEBUG o.s.c.c.CharSequenceEncoder - [57d52c36-15] Writing "454. foo bar"
03:14:29.339 [reactor-http-nio-2] DEBUG o.s.c.c.CharSequenceEncoder - [57d52c36-15] Writing "455. foo bar"
03:14:29.339 [reactor-http-nio-2] DEBUG o.s.c.c.CharSequenceEncoder - [57d52c36-15] Writing "456. foo bar"
03:14:29.339 [reactor-http-nio-2] DEBUG o.s.c.c.CharSequenceEncoder - [57d52c36-15] Writing "457. foo bar"
03:14:29.339 [reactor-http-nio-2] DEBUG o.s.c.c.CharSequenceEncoder - [57d52c36-15] Writing "458. foo bar"
03:14:29.339 [reactor-http-nio-2] DEBUG o.s.c.c.CharSequenceEncoder - [57d52c36-15] Writing "459. foo bar"
03:14:29.339 [reactor-http-nio-2] DEBUG o.s.c.c.CharSequenceEncoder - [57d52c36-15] Writing "460. foo bar"
03:14:29.339 [reactor-http-nio-2] DEBUG o.s.c.c.CharSequenceEncoder - [57d52c36-15] Writing "461. foo bar"
03:14:29.339 [reactor-http-nio-2] DEBUG o.s.c.c.CharSequenceEncoder - [57d52c36-15] Writing "462. foo bar"
03:14:29.339 [reactor-http-nio-2] DEBUG o.s.c.c.CharSequenceEncoder - [57d52c36-15] Writing "463. foo bar"
03:14:29.339 [reactor-http-nio-2] DEBUG o.s.c.c.CharSequenceEncoder - [57d52c36-15] Writing "464. foo bar"
03:14:29.339 [reactor-http-nio-2] DEBUG o.s.c.c.CharSequenceEncoder - [57d52c36-15] Writing "465. foo bar"
03:14:29.339 [reactor-http-nio-2] DEBUG o.s.c.c.CharSequenceEncoder - [57d52c36-15] Writing "466. foo bar"
03:14:29.339 [reactor-http-nio-2] DEBUG o.s.c.c.CharSequenceEncoder - [57d52c36-15] Writing "467. foo bar"
03:14:29.339 [reactor-http-nio-2] DEBUG o.s.c.c.CharSequenceEncoder - [57d52c36-15] Writing "468. foo bar"
03:14:29.339 [reactor-http-nio-2] DEBUG o.s.c.c.CharSequenceEncoder - [57d52c36-15] Writing "469. foo bar"
03:14:29.339 [reactor-http-nio-2] DEBUG o.s.c.c.CharSequenceEncoder - [57d52c36-15] Writing "470. foo bar"
03:14:29.339 [reactor-http-nio-2] DEBUG o.s.c.c.CharSequenceEncoder - [57d52c36-15] Writing "471. foo bar"
03:14:29.339 [reactor-http-nio-2] DEBUG o.s.c.c.CharSequenceEncoder - [57d52c36-15] Writing "472. foo bar"
03:14:29.339 [reactor-http-nio-2] DEBUG o.s.c.c.CharSequenceEncoder - [57d52c36-15] Writing "473. foo bar"
03:14:29.339 [reactor-http-nio-2] DEBUG o.s.c.c.CharSequenceEncoder - [57d52c36-15] Writing "474. foo bar"
03:14:29.339 [reactor-http-nio-2] DEBUG o.s.c.c.CharSequenceEncoder - [57d52c36-15] Writing "475. foo bar"
03:14:29.339 [reactor-http-nio-2] DEBUG o.s.c.c.CharSequenceEncoder - [57d52c36-15] Writing "476. foo bar"
03:14:29.339 [reactor-http-nio-2] DEBUG o.s.c.c.CharSequenceEncoder - [57d52c36-15] Writing "477. foo bar"
03:14:29.339 [reactor-http-nio-2] DEBUG o.s.c.c.CharSequenceEncoder - [57d52c36-15] Writing "478. foo bar"
03:14:29.339 [reactor-http-nio-2] DEBUG o.s.c.c.CharSequenceEncoder - [57d52c36-15] Writing "479. foo bar"
03:14:29.340 [reactor-http-nio-2] DEBUG o.s.c.c.CharSequenceEncoder - [57d52c36-15] Writing "480. foo bar"
03:14:29.340 [reactor-http-nio-2] DEBUG o.s.c.c.CharSequenceEncoder - [57d52c36-15] Writing "481. foo bar"
03:14:29.340 [reactor-http-nio-2] DEBUG o.s.c.c.CharSequenceEncoder - [57d52c36-15] Writing "482. foo bar"
03:14:29.340 [reactor-http-nio-2] DEBUG o.s.c.c.CharSequenceEncoder - [57d52c36-15] Writing "483. foo bar"
03:14:29.340 [reactor-http-nio-2] DEBUG o.s.c.c.CharSequenceEncoder - [57d52c36-15] Writing "484. foo bar"
03:14:29.340 [reactor-http-nio-2] DEBUG o.s.c.c.CharSequenceEncoder - [57d52c36-15] Writing "485. foo bar"
03:14:29.340 [reactor-http-nio-2] DEBUG o.s.c.c.CharSequenceEncoder - [57d52c36-15] Writing "486. foo bar"
03:14:29.340 [reactor-http-nio-2] DEBUG o.s.c.c.CharSequenceEncoder - [57d52c36-15] Writing "487. foo bar"
03:14:29.340 [reactor-http-nio-2] DEBUG o.s.c.c.CharSequenceEncoder - [57d52c36-15] Writing "488. foo bar"
03:14:29.340 [reactor-http-nio-2] DEBUG o.s.c.c.CharSequenceEncoder - [57d52c36-15] Writing "489. foo bar"
03:14:29.340 [reactor-http-nio-2] DEBUG o.s.c.c.CharSequenceEncoder - [57d52c36-15] Writing "490. foo bar"
03:14:29.340 [reactor-http-nio-2] DEBUG o.s.c.c.CharSequenceEncoder - [57d52c36-15] Writing "491. foo bar"
03:14:29.340 [reactor-http-nio-2] DEBUG o.s.c.c.CharSequenceEncoder - [57d52c36-15] Writing "492. foo bar"
03:14:29.340 [reactor-http-nio-2] DEBUG o.s.c.c.CharSequenceEncoder - [57d52c36-15] Writing "493. foo bar"
03:14:29.340 [reactor-http-nio-2] DEBUG o.s.c.c.CharSequenceEncoder - [57d52c36-15] Writing "494. foo bar"
03:14:29.340 [reactor-http-nio-2] DEBUG o.s.c.c.CharSequenceEncoder - [57d52c36-15] Writing "495. foo bar"
03:14:29.340 [reactor-http-nio-2] DEBUG o.s.c.c.CharSequenceEncoder - [57d52c36-15] Writing "496. foo bar"
03:14:29.340 [reactor-http-nio-2] DEBUG o.s.c.c.CharSequenceEncoder - [57d52c36-15] Writing "497. foo bar"
03:14:29.340 [reactor-http-nio-2] DEBUG o.s.c.c.CharSequenceEncoder - [57d52c36-15] Writing "498. foo bar"
03:14:29.340 [reactor-http-nio-2] DEBUG o.s.c.c.CharSequenceEncoder - [57d52c36-15] Writing "499. foo bar"
03:14:29.341 [reactor-http-nio-2] DEBUG o.s.c.c.CharSequenceEncoder - [57d52c36-15] Writing "500. foo bar"
03:14:29.341 [reactor-http-nio-2] DEBUG o.s.c.c.CharSequenceEncoder - [57d52c36-15] Writing "501. foo bar"
03:14:29.341 [reactor-http-nio-2] DEBUG o.s.c.c.CharSequenceEncoder - [57d52c36-15] Writing "502. foo bar"
03:14:29.341 [reactor-http-nio-2] DEBUG o.s.c.c.CharSequenceEncoder - [57d52c36-15] Writing "503. foo bar"
03:14:29.341 [reactor-http-nio-2] DEBUG o.s.c.c.CharSequenceEncoder - [57d52c36-15] Writing "504. foo bar"
03:14:29.341 [reactor-http-nio-2] DEBUG o.s.c.c.CharSequenceEncoder - [57d52c36-15] Writing "505. foo bar"
03:14:29.341 [reactor-http-nio-2] DEBUG o.s.c.c.CharSequenceEncoder - [57d52c36-15] Writing "506. foo bar"
03:14:29.341 [reactor-http-nio-2] DEBUG o.s.c.c.CharSequenceEncoder - [57d52c36-15] Writing "507. foo bar"
03:14:29.341 [reactor-http-nio-2] DEBUG o.s.c.c.CharSequenceEncoder - [57d52c36-15] Writing "508. foo bar"
03:14:29.341 [reactor-http-nio-2] DEBUG o.s.c.c.CharSequenceEncoder - [57d52c36-15] Writing "509. foo bar"
03:14:29.341 [reactor-http-nio-2] DEBUG o.s.c.c.CharSequenceEncoder - [57d52c36-15] Writing "510. foo bar"
03:14:29.341 [reactor-http-nio-2] DEBUG o.s.c.c.CharSequenceEncoder - [57d52c36-15] Writing "511. foo bar"
03:14:29.341 [reactor-http-nio-2] DEBUG o.s.c.c.CharSequenceEncoder - [57d52c36-15] Writing "512. foo bar"
03:14:29.370 [reactor-http-nio-2] DEBUG o.s.c.c.CharSequenceEncoder - [57d52c36-15] Writing "513. foo bar"
03:14:29.371 [reactor-http-nio-2] DEBUG o.s.c.c.CharSequenceEncoder - [57d52c36-15] Writing "514. foo bar"
03:14:29.371 [reactor-http-nio-2] DEBUG o.s.c.c.CharSequenceEncoder - [57d52c36-15] Writing "515. foo bar"
03:14:29.371 [reactor-http-nio-2] DEBUG o.s.c.c.CharSequenceEncoder - [57d52c36-15] Writing "516. foo bar"
03:14:29.372 [reactor-http-nio-2] DEBUG o.s.c.c.CharSequenceEncoder - [57d52c36-15] Writing "517. foo bar"
03:14:29.372 [reactor-http-nio-2] DEBUG o.s.c.c.CharSequenceEncoder - [57d52c36-15] Writing "518. foo bar"
03:14:29.372 [reactor-http-nio-2] DEBUG o.s.c.c.CharSequenceEncoder - [57d52c36-15] Writing "519. foo bar"
03:14:29.373 [reactor-http-nio-2] DEBUG o.s.c.c.CharSequenceEncoder - [57d52c36-15] Writing "520. foo bar"
03:14:29.373 [reactor-http-nio-2] DEBUG o.s.c.c.CharSequenceEncoder - [57d52c36-15] Writing "521. foo bar"
03:14:29.373 [reactor-http-nio-2] DEBUG o.s.c.c.CharSequenceEncoder - [57d52c36-15] Writing "522. foo bar"
03:14:29.411 [reactor-http-nio-2] DEBUG o.s.c.c.CharSequenceEncoder - [57d52c36-15] Writing "523. foo bar"
03:14:29.411 [reactor-http-nio-2] DEBUG o.s.c.c.CharSequenceEncoder - [57d52c36-15] Writing "524. foo bar"
03:14:29.412 [reactor-http-nio-2] DEBUG o.s.c.c.CharSequenceEncoder - [57d52c36-15] Writing "525. foo bar"
03:14:29.412 [reactor-http-nio-2] DEBUG o.s.c.c.CharSequenceEncoder - [57d52c36-15] Writing "526. foo bar"
03:14:29.412 [reactor-http-nio-2] DEBUG o.s.c.c.CharSequenceEncoder - [57d52c36-15] Writing "527. foo bar"
03:14:29.413 [reactor-http-nio-2] DEBUG o.s.c.c.CharSequenceEncoder - [57d52c36-15] Writing "528. foo bar"
03:14:29.413 [reactor-http-nio-2] DEBUG o.s.c.c.CharSequenceEncoder - [57d52c36-15] Writing "529. foo bar"
03:14:29.413 [reactor-http-nio-2] DEBUG o.s.c.c.CharSequenceEncoder - [57d52c36-15] Writing "530. foo bar"
03:14:29.415 [reactor-http-nio-2] DEBUG o.s.c.c.CharSequenceEncoder - [57d52c36-15] Writing "531. foo bar"
03:14:29.418 [reactor-http-nio-2] DEBUG o.s.c.c.CharSequenceEncoder - [57d52c36-15] Writing "532. foo bar"
03:14:29.419 [reactor-http-nio-2] DEBUG o.s.c.c.CharSequenceEncoder - [57d52c36-15] Writing "533. foo bar"
03:14:29.419 [reactor-http-nio-2] DEBUG o.s.c.c.CharSequenceEncoder - [57d52c36-15] Writing "534. foo bar"
03:14:29.420 [reactor-http-nio-2] DEBUG o.s.c.c.CharSequenceEncoder - [57d52c36-15] Writing "535. foo bar"
03:14:29.420 [reactor-http-nio-2] DEBUG o.s.c.c.CharSequenceEncoder - [57d52c36-15] Writing "536. foo bar"
03:14:29.421 [reactor-http-nio-2] DEBUG o.s.c.c.CharSequenceEncoder - [57d52c36-15] Writing "537. foo bar"
03:14:29.421 [reactor-http-nio-2] DEBUG o.s.c.c.CharSequenceEncoder - [57d52c36-15] Writing "538. foo bar"
03:14:29.421 [reactor-http-nio-2] DEBUG o.s.c.c.CharSequenceEncoder - [57d52c36-15] Writing "539. foo bar"
03:14:29.421 [reactor-http-nio-2] DEBUG o.s.c.c.CharSequenceEncoder - [57d52c36-15] Writing "540. foo bar"
03:14:29.422 [reactor-http-nio-2] DEBUG o.s.c.c.CharSequenceEncoder - [57d52c36-15] Writing "541. foo bar"
03:14:29.422 [reactor-http-nio-2] DEBUG o.s.c.c.CharSequenceEncoder - [57d52c36-15] Writing "542. foo bar"
03:14:29.422 [reactor-http-nio-2] DEBUG o.s.c.c.CharSequenceEncoder - [57d52c36-15] Writing "543. foo bar"
03:14:29.422 [reactor-http-nio-2] DEBUG o.s.c.c.CharSequenceEncoder - [57d52c36-15] Writing "544. foo bar"
03:14:29.422 [reactor-http-nio-2] DEBUG o.s.c.c.CharSequenceEncoder - [57d52c36-15] Writing "545. foo bar"
03:14:29.422 [reactor-http-nio-2] DEBUG o.s.c.c.CharSequenceEncoder - [57d52c36-15] Writing "546. foo bar"
03:14:29.422 [reactor-http-nio-2] DEBUG o.s.c.c.CharSequenceEncoder - [57d52c36-15] Writing "547. foo bar"
03:14:29.422 [reactor-http-nio-2] DEBUG o.s.c.c.CharSequenceEncoder - [57d52c36-15] Writing "548. foo bar"
03:14:29.422 [reactor-http-nio-2] DEBUG o.s.c.c.CharSequenceEncoder - [57d52c36-15] Writing "549. foo bar"
03:14:29.422 [reactor-http-nio-2] DEBUG o.s.c.c.CharSequenceEncoder - [57d52c36-15] Writing "550. foo bar"
03:14:29.422 [reactor-http-nio-2] DEBUG o.s.c.c.CharSequenceEncoder - [57d52c36-15] Writing "551. foo bar"
03:14:29.422 [reactor-http-nio-2] DEBUG o.s.c.c.CharSequenceEncoder - [57d52c36-15] Writing "552. foo bar"
03:14:29.422 [reactor-http-nio-2] DEBUG o.s.c.c.CharSequenceEncoder - [57d52c36-15] Writing "553. foo bar"
03:14:29.422 [reactor-http-nio-2] DEBUG o.s.c.c.CharSequenceEncoder - [57d52c36-15] Writing "554. foo bar"
03:14:29.422 [reactor-http-nio-2] DEBUG o.s.c.c.CharSequenceEncoder - [57d52c36-15] Writing "555. foo bar"
03:14:29.423 [reactor-http-nio-2] DEBUG o.s.c.c.CharSequenceEncoder - [57d52c36-15] Writing "556. foo bar"
03:14:29.423 [reactor-http-nio-2] DEBUG o.s.c.c.CharSequenceEncoder - [57d52c36-15] Writing "557. foo bar"
03:14:29.423 [reactor-http-nio-2] DEBUG o.s.c.c.CharSequenceEncoder - [57d52c36-15] Writing "558. foo bar"
03:14:29.423 [reactor-http-nio-2] DEBUG o.s.c.c.CharSequenceEncoder - [57d52c36-15] Writing "559. foo bar"
03:14:29.423 [reactor-http-nio-2] DEBUG o.s.c.c.CharSequenceEncoder - [57d52c36-15] Writing "560. foo bar"
03:14:29.423 [reactor-http-nio-2] DEBUG o.s.c.c.CharSequenceEncoder - [57d52c36-15] Writing "561. foo bar"
03:14:29.423 [reactor-http-nio-2] DEBUG o.s.c.c.CharSequenceEncoder - [57d52c36-15] Writing "562. foo bar"
03:14:29.423 [reactor-http-nio-2] DEBUG o.s.c.c.CharSequenceEncoder - [57d52c36-15] Writing "563. foo bar"
03:14:29.423 [reactor-http-nio-2] DEBUG o.s.c.c.CharSequenceEncoder - [57d52c36-15] Writing "564. foo bar"
03:14:29.423 [reactor-http-nio-2] DEBUG o.s.c.c.CharSequenceEncoder - [57d52c36-15] Writing "565. foo bar"
03:14:29.423 [reactor-http-nio-2] DEBUG o.s.c.c.CharSequenceEncoder - [57d52c36-15] Writing "566. foo bar"
03:14:29.423 [reactor-http-nio-2] DEBUG o.s.c.c.CharSequenceEncoder - [57d52c36-15] Writing "567. foo bar"
03:14:29.423 [reactor-http-nio-2] DEBUG o.s.c.c.CharSequenceEncoder - [57d52c36-15] Writing "568. foo bar"
03:14:29.424 [reactor-http-nio-2] DEBUG o.s.c.c.CharSequenceEncoder - [57d52c36-15] Writing "569. foo bar"
03:14:29.424 [reactor-http-nio-2] DEBUG o.s.c.c.CharSequenceEncoder - [57d52c36-15] Writing "570. foo bar"
03:14:29.424 [reactor-http-nio-2] DEBUG o.s.c.c.CharSequenceEncoder - [57d52c36-15] Writing "571. foo bar"
03:14:29.424 [reactor-http-nio-2] DEBUG o.s.c.c.CharSequenceEncoder - [57d52c36-15] Writing "572. foo bar"
03:14:29.424 [reactor-http-nio-2] DEBUG o.s.c.c.CharSequenceEncoder - [57d52c36-15] Writing "573. foo bar"
03:14:29.424 [reactor-http-nio-2] DEBUG o.s.c.c.CharSequenceEncoder - [57d52c36-15] Writing "574. foo bar"
03:14:29.424 [reactor-http-nio-2] DEBUG o.s.c.c.CharSequenceEncoder - [57d52c36-15] Writing "575. foo bar"
03:14:29.425 [reactor-http-nio-2] DEBUG o.s.c.c.CharSequenceEncoder - [57d52c36-15] Writing "576. foo bar"
03:14:29.436 [reactor-http-nio-2] DEBUG o.s.c.c.CharSequenceEncoder - [57d52c36-15] Writing "577. foo bar"
03:14:29.437 [reactor-http-nio-2] DEBUG o.s.c.c.CharSequenceEncoder - [57d52c36-15] Writing "578. foo bar"
03:14:29.437 [reactor-http-nio-2] DEBUG o.s.c.c.CharSequenceEncoder - [57d52c36-15] Writing "579. foo bar"
03:14:29.437 [reactor-http-nio-2] DEBUG o.s.c.c.CharSequenceEncoder - [57d52c36-15] Writing "580. foo bar"
03:14:29.437 [reactor-http-nio-2] DEBUG o.s.c.c.CharSequenceEncoder - [57d52c36-15] Writing "581. foo bar"
03:14:29.437 [reactor-http-nio-2] DEBUG o.s.c.c.CharSequenceEncoder - [57d52c36-15] Writing "582. foo bar"
03:14:29.437 [reactor-http-nio-2] DEBUG o.s.c.c.CharSequenceEncoder - [57d52c36-15] Writing "583. foo bar"
03:14:29.438 [reactor-http-nio-2] DEBUG o.s.c.c.CharSequenceEncoder - [57d52c36-15] Writing "584. foo bar"
03:14:29.438 [reactor-http-nio-2] DEBUG o.s.c.c.CharSequenceEncoder - [57d52c36-15] Writing "585. foo bar"
03:14:29.438 [reactor-http-nio-2] DEBUG o.s.c.c.CharSequenceEncoder - [57d52c36-15] Writing "586. foo bar"
03:14:29.438 [reactor-http-nio-2] DEBUG o.s.c.c.CharSequenceEncoder - [57d52c36-15] Writing "587. foo bar"
03:14:29.438 [reactor-http-nio-2] DEBUG o.s.c.c.CharSequenceEncoder - [57d52c36-15] Writing "588. foo bar"
03:14:29.438 [reactor-http-nio-2] DEBUG o.s.c.c.CharSequenceEncoder - [57d52c36-15] Writing "589. foo bar"
03:14:29.438 [reactor-http-nio-2] DEBUG o.s.c.c.CharSequenceEncoder - [57d52c36-15] Writing "590. foo bar"
03:14:29.438 [reactor-http-nio-2] DEBUG o.s.c.c.CharSequenceEncoder - [57d52c36-15] Writing "591. foo bar"
03:14:29.438 [reactor-http-nio-2] DEBUG o.s.c.c.CharSequenceEncoder - [57d52c36-15] Writing "592. foo bar"
03:14:29.438 [reactor-http-nio-2] DEBUG o.s.c.c.CharSequenceEncoder - [57d52c36-15] Writing "593. foo bar"
03:14:29.438 [reactor-http-nio-2] DEBUG o.s.c.c.CharSequenceEncoder - [57d52c36-15] Writing "594. foo bar"
03:14:29.438 [reactor-http-nio-2] DEBUG o.s.c.c.CharSequenceEncoder - [57d52c36-15] Writing "595. foo bar"
03:14:29.438 [reactor-http-nio-2] DEBUG o.s.c.c.CharSequenceEncoder - [57d52c36-15] Writing "596. foo bar"
03:14:29.438 [reactor-http-nio-2] DEBUG o.s.c.c.CharSequenceEncoder - [57d52c36-15] Writing "597. foo bar"
03:14:29.438 [reactor-http-nio-2] DEBUG o.s.c.c.CharSequenceEncoder - [57d52c36-15] Writing "598. foo bar"
03:14:29.438 [reactor-http-nio-2] DEBUG o.s.c.c.CharSequenceEncoder - [57d52c36-15] Writing "599. foo bar"
03:14:29.438 [reactor-http-nio-2] DEBUG o.s.c.c.CharSequenceEncoder - [57d52c36-15] Writing "600. foo bar"
03:14:29.438 [reactor-http-nio-2] DEBUG o.s.c.c.CharSequenceEncoder - [57d52c36-15] Writing "601. foo bar"
03:14:29.438 [reactor-http-nio-2] DEBUG o.s.c.c.CharSequenceEncoder - [57d52c36-15] Writing "602. foo bar"
03:14:29.438 [reactor-http-nio-2] DEBUG o.s.c.c.CharSequenceEncoder - [57d52c36-15] Writing "603. foo bar"
03:14:29.438 [reactor-http-nio-2] DEBUG o.s.c.c.CharSequenceEncoder - [57d52c36-15] Writing "604. foo bar"
03:14:29.438 [reactor-http-nio-2] DEBUG o.s.c.c.CharSequenceEncoder - [57d52c36-15] Writing "605. foo bar"
03:14:29.439 [reactor-http-nio-2] DEBUG o.s.c.c.CharSequenceEncoder - [57d52c36-15] Writing "606. foo bar"
03:14:29.439 [reactor-http-nio-2] DEBUG o.s.c.c.CharSequenceEncoder - [57d52c36-15] Writing "607. foo bar"
03:14:29.439 [reactor-http-nio-2] DEBUG o.s.c.c.CharSequenceEncoder - [57d52c36-15] Writing "608. foo bar"
03:14:29.439 [reactor-http-nio-2] DEBUG o.s.c.c.CharSequenceEncoder - [57d52c36-15] Writing "609. foo bar"
03:14:29.439 [reactor-http-nio-2] DEBUG o.s.c.c.CharSequenceEncoder - [57d52c36-15] Writing "610. foo bar"
03:14:29.439 [reactor-http-nio-2] DEBUG o.s.c.c.CharSequenceEncoder - [57d52c36-15] Writing "611. foo bar"
03:14:29.439 [reactor-http-nio-2] DEBUG o.s.c.c.CharSequenceEncoder - [57d52c36-15] Writing "612. foo bar"
03:14:29.439 [reactor-http-nio-2] DEBUG o.s.c.c.CharSequenceEncoder - [57d52c36-15] Writing "613. foo bar"
03:14:29.440 [reactor-http-nio-2] DEBUG o.s.c.c.CharSequenceEncoder - [57d52c36-15] Writing "614. foo bar"
03:14:29.440 [reactor-http-nio-2] DEBUG o.s.c.c.CharSequenceEncoder - [57d52c36-15] Writing "615. foo bar"
03:14:29.440 [reactor-http-nio-2] DEBUG o.s.c.c.CharSequenceEncoder - [57d52c36-15] Writing "616. foo bar"
03:14:29.440 [reactor-http-nio-2] DEBUG o.s.c.c.CharSequenceEncoder - [57d52c36-15] Writing "617. foo bar"
03:14:29.440 [reactor-http-nio-2] DEBUG o.s.c.c.CharSequenceEncoder - [57d52c36-15] Writing "618. foo bar"
03:14:29.440 [reactor-http-nio-2] DEBUG o.s.c.c.CharSequenceEncoder - [57d52c36-15] Writing "619. foo bar"
03:14:29.440 [reactor-http-nio-2] DEBUG o.s.c.c.CharSequenceEncoder - [57d52c36-15] Writing "620. foo bar"
03:14:29.440 [reactor-http-nio-2] DEBUG o.s.c.c.CharSequenceEncoder - [57d52c36-15] Writing "621. foo bar"
03:14:29.441 [reactor-http-nio-2] DEBUG o.s.c.c.CharSequenceEncoder - [57d52c36-15] Writing "622. foo bar"
03:14:29.441 [reactor-http-nio-2] DEBUG o.s.c.c.CharSequenceEncoder - [57d52c36-15] Writing "623. foo bar"
03:14:29.441 [reactor-http-nio-2] DEBUG o.s.c.c.CharSequenceEncoder - [57d52c36-15] Writing "624. foo bar"
03:14:29.441 [reactor-http-nio-2] DEBUG o.s.c.c.CharSequenceEncoder - [57d52c36-15] Writing "625. foo bar"
03:14:29.444 [reactor-http-nio-2] DEBUG o.s.c.c.CharSequenceEncoder - [57d52c36-15] Writing "626. foo bar"
03:14:29.445 [reactor-http-nio-2] DEBUG o.s.c.c.CharSequenceEncoder - [57d52c36-15] Writing "627. foo bar"
03:14:29.445 [reactor-http-nio-2] DEBUG o.s.c.c.CharSequenceEncoder - [57d52c36-15] Writing "628. foo bar"
03:14:29.446 [reactor-http-nio-2] DEBUG o.s.c.c.CharSequenceEncoder - [57d52c36-15] Writing "629. foo bar"
03:14:29.446 [reactor-http-nio-2] DEBUG o.s.c.c.CharSequenceEncoder - [57d52c36-15] Writing "630. foo bar"
03:14:29.447 [reactor-http-nio-2] DEBUG o.s.c.c.CharSequenceEncoder - [57d52c36-15] Writing "631. foo bar"
03:14:29.447 [reactor-http-nio-2] DEBUG o.s.c.c.CharSequenceEncoder - [57d52c36-15] Writing "632. foo bar"
03:14:29.450 [reactor-http-nio-2] DEBUG o.s.c.c.CharSequenceEncoder - [57d52c36-15] Writing "633. foo bar"
03:14:29.451 [reactor-http-nio-2] DEBUG o.s.c.c.CharSequenceEncoder - [57d52c36-15] Writing "634. foo bar"
03:14:29.455 [reactor-http-nio-2] DEBUG o.s.c.c.CharSequenceEncoder - [57d52c36-15] Writing "635. foo bar"
03:14:29.472 [reactor-http-nio-2] DEBUG o.s.c.c.CharSequenceEncoder - [57d52c36-15] Writing "636. foo bar"
03:14:29.473 [reactor-http-nio-2] DEBUG o.s.c.c.CharSequenceEncoder - [57d52c36-15] Writing "637. foo bar"
03:14:29.473 [reactor-http-nio-2] DEBUG o.s.c.c.CharSequenceEncoder - [57d52c36-15] Writing "638. foo bar"
03:14:29.473 [reactor-http-nio-2] DEBUG o.s.c.c.CharSequenceEncoder - [57d52c36-15] Writing "639. foo bar"
03:14:29.474 [reactor-http-nio-2] DEBUG o.s.c.c.CharSequenceEncoder - [57d52c36-15] Writing "640. foo bar"
03:14:29.541 [reactor-http-nio-2] DEBUG o.s.c.c.CharSequenceEncoder - [57d52c36-15] Writing "641. foo bar"
03:14:29.542 [reactor-http-nio-2] DEBUG o.s.c.c.CharSequenceEncoder - [57d52c36-15] Writing "642. foo bar"
03:14:29.542 [reactor-http-nio-2] DEBUG o.s.c.c.CharSequenceEncoder - [57d52c36-15] Writing "643. foo bar"
03:14:29.542 [reactor-http-nio-2] DEBUG o.s.c.c.CharSequenceEncoder - [57d52c36-15] Writing "644. foo bar"
03:14:29.542 [reactor-http-nio-2] DEBUG o.s.c.c.CharSequenceEncoder - [57d52c36-15] Writing "645. foo bar"
03:14:29.542 [reactor-http-nio-2] DEBUG o.s.c.c.CharSequenceEncoder - [57d52c36-15] Writing "646. foo bar"
03:14:29.542 [reactor-http-nio-2] DEBUG o.s.c.c.CharSequenceEncoder - [57d52c36-15] Writing "647. foo bar"
03:14:29.543 [reactor-http-nio-2] DEBUG o.s.c.c.CharSequenceEncoder - [57d52c36-15] Writing "648. foo bar"
03:14:29.543 [reactor-http-nio-2] DEBUG o.s.c.c.CharSequenceEncoder - [57d52c36-15] Writing "649. foo bar"
03:14:29.543 [reactor-http-nio-2] DEBUG o.s.c.c.CharSequenceEncoder - [57d52c36-15] Writing "650. foo bar"
03:14:29.543 [reactor-http-nio-2] DEBUG o.s.c.c.CharSequenceEncoder - [57d52c36-15] Writing "651. foo bar"
03:14:29.543 [reactor-http-nio-2] DEBUG o.s.c.c.CharSequenceEncoder - [57d52c36-15] Writing "652. foo bar"
03:14:29.543 [reactor-http-nio-2] DEBUG o.s.c.c.CharSequenceEncoder - [57d52c36-15] Writing "653. foo bar"
03:14:29.543 [reactor-http-nio-2] DEBUG o.s.c.c.CharSequenceEncoder - [57d52c36-15] Writing "654. foo bar"
03:14:29.543 [reactor-http-nio-2] DEBUG o.s.c.c.CharSequenceEncoder - [57d52c36-15] Writing "655. foo bar"
03:14:29.543 [reactor-http-nio-2] DEBUG o.s.c.c.CharSequenceEncoder - [57d52c36-15] Writing "656. foo bar"
03:14:29.543 [reactor-http-nio-2] DEBUG o.s.c.c.CharSequenceEncoder - [57d52c36-15] Writing "657. foo bar"
03:14:29.543 [reactor-http-nio-2] DEBUG o.s.c.c.CharSequenceEncoder - [57d52c36-15] Writing "658. foo bar"
03:14:29.543 [reactor-http-nio-2] DEBUG o.s.c.c.CharSequenceEncoder - [57d52c36-15] Writing "659. foo bar"
03:14:29.543 [reactor-http-nio-2] DEBUG o.s.c.c.CharSequenceEncoder - [57d52c36-15] Writing "660. foo bar"
03:14:29.543 [reactor-http-nio-2] DEBUG o.s.c.c.CharSequenceEncoder - [57d52c36-15] Writing "661. foo bar"
03:14:29.544 [reactor-http-nio-2] DEBUG o.s.c.c.CharSequenceEncoder - [57d52c36-15] Writing "662. foo bar"
03:14:29.544 [reactor-http-nio-2] DEBUG o.s.c.c.CharSequenceEncoder - [57d52c36-15] Writing "663. foo bar"
03:14:29.544 [reactor-http-nio-2] DEBUG o.s.c.c.CharSequenceEncoder - [57d52c36-15] Writing "664. foo bar"
03:14:29.544 [reactor-http-nio-2] DEBUG o.s.c.c.CharSequenceEncoder - [57d52c36-15] Writing "665. foo bar"
03:14:29.544 [reactor-http-nio-2] DEBUG o.s.c.c.CharSequenceEncoder - [57d52c36-15] Writing "666. foo bar"
03:14:29.544 [reactor-http-nio-2] DEBUG o.s.c.c.CharSequenceEncoder - [57d52c36-15] Writing "667. foo bar"
03:14:29.544 [reactor-http-nio-2] DEBUG o.s.c.c.CharSequenceEncoder - [57d52c36-15] Writing "668. foo bar"
03:14:29.544 [reactor-http-nio-2] DEBUG o.s.c.c.CharSequenceEncoder - [57d52c36-15] Writing "669. foo bar"
03:14:29.544 [reactor-http-nio-2] DEBUG o.s.c.c.CharSequenceEncoder - [57d52c36-15] Writing "670. foo bar"
03:14:29.544 [reactor-http-nio-2] DEBUG o.s.c.c.CharSequenceEncoder - [57d52c36-15] Writing "671. foo bar"
03:14:29.544 [reactor-http-nio-2] DEBUG o.s.c.c.CharSequenceEncoder - [57d52c36-15] Writing "672. foo bar"
03:14:29.545 [reactor-http-nio-2] DEBUG o.s.c.c.CharSequenceEncoder - [57d52c36-15] Writing "673. foo bar"
03:14:29.545 [reactor-http-nio-2] DEBUG o.s.c.c.CharSequenceEncoder - [57d52c36-15] Writing "674. foo bar"
03:14:29.545 [reactor-http-nio-2] DEBUG o.s.c.c.CharSequenceEncoder - [57d52c36-15] Writing "675. foo bar"
03:14:29.545 [reactor-http-nio-2] DEBUG o.s.c.c.CharSequenceEncoder - [57d52c36-15] Writing "676. foo bar"
03:14:29.545 [reactor-http-nio-2] DEBUG o.s.c.c.CharSequenceEncoder - [57d52c36-15] Writing "677. foo bar"
03:14:29.545 [reactor-http-nio-2] DEBUG o.s.c.c.CharSequenceEncoder - [57d52c36-15] Writing "678. foo bar"
03:14:29.545 [reactor-http-nio-2] DEBUG o.s.c.c.CharSequenceEncoder - [57d52c36-15] Writing "679. foo bar"
03:14:29.546 [reactor-http-nio-2] DEBUG o.s.c.c.CharSequenceEncoder - [57d52c36-15] Writing "680. foo bar"
03:14:29.547 [reactor-http-nio-2] DEBUG o.s.c.c.CharSequenceEncoder - [57d52c36-15] Writing "681. foo bar"
03:14:29.547 [reactor-http-nio-2] DEBUG o.s.c.c.CharSequenceEncoder - [57d52c36-15] Writing "682. foo bar"
03:14:29.547 [reactor-http-nio-2] DEBUG o.s.c.c.CharSequenceEncoder - [57d52c36-15] Writing "683. foo bar"
03:14:29.548 [reactor-http-nio-2] DEBUG o.s.c.c.CharSequenceEncoder - [57d52c36-15] Writing "684. foo bar"
03:14:29.548 [reactor-http-nio-2] DEBUG o.s.c.c.CharSequenceEncoder - [57d52c36-15] Writing "685. foo bar"
03:14:29.549 [reactor-http-nio-2] DEBUG o.s.c.c.CharSequenceEncoder - [57d52c36-15] Writing "686. foo bar"
03:14:29.549 [reactor-http-nio-2] DEBUG o.s.c.c.CharSequenceEncoder - [57d52c36-15] Writing "687. foo bar"
03:14:29.550 [reactor-http-nio-2] DEBUG o.s.c.c.CharSequenceEncoder - [57d52c36-15] Writing "688. foo bar"
03:14:29.550 [reactor-http-nio-2] DEBUG o.s.c.c.CharSequenceEncoder - [57d52c36-15] Writing "689. foo bar"
03:14:29.550 [reactor-http-nio-2] DEBUG o.s.c.c.CharSequenceEncoder - [57d52c36-15] Writing "690. foo bar"
03:14:29.550 [reactor-http-nio-2] DEBUG o.s.c.c.CharSequenceEncoder - [57d52c36-15] Writing "691. foo bar"
03:14:29.550 [reactor-http-nio-2] DEBUG o.s.c.c.CharSequenceEncoder - [57d52c36-15] Writing "692. foo bar"
03:14:29.550 [reactor-http-nio-2] DEBUG o.s.c.c.CharSequenceEncoder - [57d52c36-15] Writing "693. foo bar"
03:14:29.551 [reactor-http-nio-2] DEBUG o.s.c.c.CharSequenceEncoder - [57d52c36-15] Writing "694. foo bar"
03:14:29.551 [reactor-http-nio-2] DEBUG o.s.c.c.CharSequenceEncoder - [57d52c36-15] Writing "695. foo bar"
03:14:29.551 [reactor-http-nio-2] DEBUG o.s.c.c.CharSequenceEncoder - [57d52c36-15] Writing "696. foo bar"
03:14:29.551 [reactor-http-nio-2] DEBUG o.s.c.c.CharSequenceEncoder - [57d52c36-15] Writing "697. foo bar"
03:14:29.551 [reactor-http-nio-2] DEBUG o.s.c.c.CharSequenceEncoder - [57d52c36-15] Writing "698. foo bar"
03:14:29.551 [reactor-http-nio-2] DEBUG o.s.c.c.CharSequenceEncoder - [57d52c36-15] Writing "699. foo bar"
03:14:29.551 [reactor-http-nio-2] DEBUG o.s.c.c.CharSequenceEncoder - [57d52c36-15] Writing "700. foo bar"
03:14:29.551 [reactor-http-nio-2] DEBUG o.s.c.c.CharSequenceEncoder - [57d52c36-15] Writing "701. foo bar"
03:14:29.552 [reactor-http-nio-2] DEBUG o.s.c.c.CharSequenceEncoder - [57d52c36-15] Writing "702. foo bar"
03:14:29.552 [reactor-http-nio-2] DEBUG o.s.c.c.CharSequenceEncoder - [57d52c36-15] Writing "703. foo bar"
03:14:29.552 [reactor-http-nio-2] DEBUG o.s.c.c.CharSequenceEncoder - [57d52c36-15] Writing "704. foo bar"
03:14:29.584 [reactor-http-nio-2] DEBUG o.s.c.c.CharSequenceEncoder - [57d52c36-15] Writing "705. foo bar"
03:14:29.584 [reactor-http-nio-2] DEBUG o.s.c.c.CharSequenceEncoder - [57d52c36-15] Writing "706. foo bar"
03:14:29.585 [reactor-http-nio-2] DEBUG o.s.c.c.CharSequenceEncoder - [57d52c36-15] Writing "707. foo bar"
03:14:29.585 [reactor-http-nio-2] DEBUG o.s.c.c.CharSequenceEncoder - [57d52c36-15] Writing "708. foo bar"
03:14:29.589 [reactor-http-nio-2] DEBUG o.s.c.c.CharSequenceEncoder - [57d52c36-15] Writing "709. foo bar"
03:14:29.589 [reactor-http-nio-2] DEBUG o.s.c.c.CharSequenceEncoder - [57d52c36-15] Writing "710. foo bar"
03:14:29.589 [reactor-http-nio-2] DEBUG o.s.c.c.CharSequenceEncoder - [57d52c36-15] Writing "711. foo bar"
03:14:29.590 [reactor-http-nio-2] DEBUG o.s.c.c.CharSequenceEncoder - [57d52c36-15] Writing "712. foo bar"
03:14:29.590 [reactor-http-nio-2] DEBUG o.s.c.c.CharSequenceEncoder - [57d52c36-15] Writing "713. foo bar"
03:14:29.590 [reactor-http-nio-2] DEBUG o.s.c.c.CharSequenceEncoder - [57d52c36-15] Writing "714. foo bar"
03:14:29.590 [reactor-http-nio-2] DEBUG o.s.c.c.CharSequenceEncoder - [57d52c36-15] Writing "715. foo bar"
03:14:29.590 [reactor-http-nio-2] DEBUG o.s.c.c.CharSequenceEncoder - [57d52c36-15] Writing "716. foo bar"
03:14:29.590 [reactor-http-nio-2] DEBUG o.s.c.c.CharSequenceEncoder - [57d52c36-15] Writing "717. foo bar"
03:14:29.591 [reactor-http-nio-2] DEBUG o.s.c.c.CharSequenceEncoder - [57d52c36-15] Writing "718. foo bar"
03:14:29.591 [reactor-http-nio-2] DEBUG o.s.c.c.CharSequenceEncoder - [57d52c36-15] Writing "719. foo bar"
03:14:29.591 [reactor-http-nio-2] DEBUG o.s.c.c.CharSequenceEncoder - [57d52c36-15] Writing "720. foo bar"
03:14:29.591 [reactor-http-nio-2] DEBUG o.s.c.c.CharSequenceEncoder - [57d52c36-15] Writing "721. foo bar"
03:14:29.591 [reactor-http-nio-2] DEBUG o.s.c.c.CharSequenceEncoder - [57d52c36-15] Writing "722. foo bar"
03:14:29.591 [reactor-http-nio-2] DEBUG o.s.c.c.CharSequenceEncoder - [57d52c36-15] Writing "723. foo bar"
03:14:29.591 [reactor-http-nio-2] DEBUG o.s.c.c.CharSequenceEncoder - [57d52c36-15] Writing "724. foo bar"
03:14:29.591 [reactor-http-nio-2] DEBUG o.s.c.c.CharSequenceEncoder - [57d52c36-15] Writing "725. foo bar"
03:14:29.591 [reactor-http-nio-2] DEBUG o.s.c.c.CharSequenceEncoder - [57d52c36-15] Writing "726. foo bar"
03:14:29.591 [reactor-http-nio-2] DEBUG o.s.c.c.CharSequenceEncoder - [57d52c36-15] Writing "727. foo bar"
03:14:29.591 [reactor-http-nio-2] DEBUG o.s.c.c.CharSequenceEncoder - [57d52c36-15] Writing "728. foo bar"
03:14:29.592 [reactor-http-nio-2] DEBUG o.s.c.c.CharSequenceEncoder - [57d52c36-15] Writing "729. foo bar"
03:14:29.592 [reactor-http-nio-2] DEBUG o.s.c.c.CharSequenceEncoder - [57d52c36-15] Writing "730. foo bar"
03:14:29.592 [reactor-http-nio-2] DEBUG o.s.c.c.CharSequenceEncoder - [57d52c36-15] Writing "731. foo bar"
03:14:29.592 [reactor-http-nio-2] DEBUG o.s.c.c.CharSequenceEncoder - [57d52c36-15] Writing "732. foo bar"
03:14:29.592 [reactor-http-nio-2] DEBUG o.s.c.c.CharSequenceEncoder - [57d52c36-15] Writing "733. foo bar"
03:14:29.592 [reactor-http-nio-2] DEBUG o.s.c.c.CharSequenceEncoder - [57d52c36-15] Writing "734. foo bar"
03:14:29.592 [reactor-http-nio-2] DEBUG o.s.c.c.CharSequenceEncoder - [57d52c36-15] Writing "735. foo bar"
03:14:29.592 [reactor-http-nio-2] DEBUG o.s.c.c.CharSequenceEncoder - [57d52c36-15] Writing "736. foo bar"
03:14:29.592 [reactor-http-nio-2] DEBUG o.s.c.c.CharSequenceEncoder - [57d52c36-15] Writing "737. foo bar"
03:14:29.593 [reactor-http-nio-2] DEBUG o.s.c.c.CharSequenceEncoder - [57d52c36-15] Writing "738. foo bar"
03:14:29.593 [reactor-http-nio-2] DEBUG o.s.c.c.CharSequenceEncoder - [57d52c36-15] Writing "739. foo bar"
03:14:29.593 [reactor-http-nio-2] DEBUG o.s.c.c.CharSequenceEncoder - [57d52c36-15] Writing "740. foo bar"
03:14:29.593 [reactor-http-nio-2] DEBUG o.s.c.c.CharSequenceEncoder - [57d52c36-15] Writing "741. foo bar"
03:14:29.593 [reactor-http-nio-2] DEBUG o.s.c.c.CharSequenceEncoder - [57d52c36-15] Writing "742. foo bar"
03:14:29.593 [reactor-http-nio-2] DEBUG o.s.c.c.CharSequenceEncoder - [57d52c36-15] Writing "743. foo bar"
03:14:29.593 [reactor-http-nio-2] DEBUG o.s.c.c.CharSequenceEncoder - [57d52c36-15] Writing "744. foo bar"
03:14:29.594 [reactor-http-nio-2] DEBUG o.s.c.c.CharSequenceEncoder - [57d52c36-15] Writing "745. foo bar"
03:14:29.594 [reactor-http-nio-2] DEBUG o.s.c.c.CharSequenceEncoder - [57d52c36-15] Writing "746. foo bar"
03:14:29.594 [reactor-http-nio-2] DEBUG o.s.c.c.CharSequenceEncoder - [57d52c36-15] Writing "747. foo bar"
03:14:29.594 [reactor-http-nio-2] DEBUG o.s.c.c.CharSequenceEncoder - [57d52c36-15] Writing "748. foo bar"
03:14:29.594 [reactor-http-nio-2] DEBUG o.s.c.c.CharSequenceEncoder - [57d52c36-15] Writing "749. foo bar"
03:14:29.594 [reactor-http-nio-2] DEBUG o.s.c.c.CharSequenceEncoder - [57d52c36-15] Writing "750. foo bar"
03:14:29.594 [reactor-http-nio-2] DEBUG o.s.c.c.CharSequenceEncoder - [57d52c36-15] Writing "751. foo bar"
03:14:29.594 [reactor-http-nio-2] DEBUG o.s.c.c.CharSequenceEncoder - [57d52c36-15] Writing "752. foo bar"
03:14:29.594 [reactor-http-nio-2] DEBUG o.s.c.c.CharSequenceEncoder - [57d52c36-15] Writing "753. foo bar"
03:14:29.594 [reactor-http-nio-2] DEBUG o.s.c.c.CharSequenceEncoder - [57d52c36-15] Writing "754. foo bar"
03:14:29.594 [reactor-http-nio-2] DEBUG o.s.c.c.CharSequenceEncoder - [57d52c36-15] Writing "755. foo bar"
03:14:29.596 [reactor-http-nio-2] DEBUG o.s.c.c.CharSequenceEncoder - [57d52c36-15] Writing "756. foo bar"
03:14:29.596 [reactor-http-nio-2] DEBUG o.s.c.c.CharSequenceEncoder - [57d52c36-15] Writing "757. foo bar"
03:14:29.596 [reactor-http-nio-2] DEBUG o.s.c.c.CharSequenceEncoder - [57d52c36-15] Writing "758. foo bar"
03:14:29.596 [reactor-http-nio-2] DEBUG o.s.c.c.CharSequenceEncoder - [57d52c36-15] Writing "759. foo bar"
03:14:29.596 [reactor-http-nio-2] DEBUG o.s.c.c.CharSequenceEncoder - [57d52c36-15] Writing "760. foo bar"
03:14:29.596 [reactor-http-nio-2] DEBUG o.s.c.c.CharSequenceEncoder - [57d52c36-15] Writing "761. foo bar"
03:14:29.596 [reactor-http-nio-2] DEBUG o.s.c.c.CharSequenceEncoder - [57d52c36-15] Writing "762. foo bar"
03:14:29.596 [reactor-http-nio-2] DEBUG o.s.c.c.CharSequenceEncoder - [57d52c36-15] Writing "763. foo bar"
03:14:29.596 [reactor-http-nio-2] DEBUG o.s.c.c.CharSequenceEncoder - [57d52c36-15] Writing "764. foo bar"
03:14:29.596 [reactor-http-nio-2] DEBUG o.s.c.c.CharSequenceEncoder - [57d52c36-15] Writing "765. foo bar"
03:14:29.597 [reactor-http-nio-2] DEBUG o.s.c.c.CharSequenceEncoder - [57d52c36-15] Writing "766. foo bar"
03:14:29.597 [reactor-http-nio-2] DEBUG o.s.c.c.CharSequenceEncoder - [57d52c36-15] Writing "767. foo bar"
03:14:29.597 [reactor-http-nio-2] DEBUG o.s.c.c.CharSequenceEncoder - [57d52c36-15] Writing "768. foo bar"
03:14:29.614 [reactor-http-nio-2] DEBUG o.s.c.c.CharSequenceEncoder - [57d52c36-15] Writing "769. foo bar"
03:14:29.615 [reactor-http-nio-2] DEBUG o.s.c.c.CharSequenceEncoder - [57d52c36-15] Writing "770. foo bar"
03:14:29.615 [reactor-http-nio-2] DEBUG o.s.c.c.CharSequenceEncoder - [57d52c36-15] Writing "771. foo bar"
03:14:29.615 [reactor-http-nio-2] DEBUG o.s.c.c.CharSequenceEncoder - [57d52c36-15] Writing "772. foo bar"
03:14:29.615 [reactor-http-nio-2] DEBUG o.s.c.c.CharSequenceEncoder - [57d52c36-15] Writing "773. foo bar"
03:14:29.615 [reactor-http-nio-2] DEBUG o.s.c.c.CharSequenceEncoder - [57d52c36-15] Writing "774. foo bar"
03:14:29.615 [reactor-http-nio-2] DEBUG o.s.c.c.CharSequenceEncoder - [57d52c36-15] Writing "775. foo bar"
03:14:29.615 [reactor-http-nio-2] DEBUG o.s.c.c.CharSequenceEncoder - [57d52c36-15] Writing "776. foo bar"
03:14:29.616 [reactor-http-nio-2] DEBUG o.s.c.c.CharSequenceEncoder - [57d52c36-15] Writing "777. foo bar"
03:14:29.616 [reactor-http-nio-2] DEBUG o.s.c.c.CharSequenceEncoder - [57d52c36-15] Writing "778. foo bar"
03:14:29.616 [reactor-http-nio-2] DEBUG o.s.c.c.CharSequenceEncoder - [57d52c36-15] Writing "779. foo bar"
03:14:29.616 [reactor-http-nio-2] DEBUG o.s.c.c.CharSequenceEncoder - [57d52c36-15] Writing "780. foo bar"
03:14:29.616 [reactor-http-nio-2] DEBUG o.s.c.c.CharSequenceEncoder - [57d52c36-15] Writing "781. foo bar"
03:14:29.616 [reactor-http-nio-2] DEBUG o.s.c.c.CharSequenceEncoder - [57d52c36-15] Writing "782. foo bar"
03:14:29.616 [reactor-http-nio-2] DEBUG o.s.c.c.CharSequenceEncoder - [57d52c36-15] Writing "783. foo bar"
03:14:29.616 [reactor-http-nio-2] DEBUG o.s.c.c.CharSequenceEncoder - [57d52c36-15] Writing "784. foo bar"
03:14:29.616 [reactor-http-nio-2] DEBUG o.s.c.c.CharSequenceEncoder - [57d52c36-15] Writing "785. foo bar"
03:14:29.617 [reactor-http-nio-2] DEBUG o.s.c.c.CharSequenceEncoder - [57d52c36-15] Writing "786. foo bar"
03:14:29.617 [reactor-http-nio-2] DEBUG o.s.c.c.CharSequenceEncoder - [57d52c36-15] Writing "787. foo bar"
03:14:29.617 [reactor-http-nio-2] DEBUG o.s.c.c.CharSequenceEncoder - [57d52c36-15] Writing "788. foo bar"
03:14:29.617 [reactor-http-nio-2] DEBUG o.s.c.c.CharSequenceEncoder - [57d52c36-15] Writing "789. foo bar"
03:14:29.617 [reactor-http-nio-2] DEBUG o.s.c.c.CharSequenceEncoder - [57d52c36-15] Writing "790. foo bar"
03:14:29.617 [reactor-http-nio-2] DEBUG o.s.c.c.CharSequenceEncoder - [57d52c36-15] Writing "791. foo bar"
03:14:29.617 [reactor-http-nio-2] DEBUG o.s.c.c.CharSequenceEncoder - [57d52c36-15] Writing "792. foo bar"
03:14:29.617 [reactor-http-nio-2] DEBUG o.s.c.c.CharSequenceEncoder - [57d52c36-15] Writing "793. foo bar"
03:14:29.618 [reactor-http-nio-2] DEBUG o.s.c.c.CharSequenceEncoder - [57d52c36-15] Writing "794. foo bar"
03:14:29.618 [reactor-http-nio-2] DEBUG o.s.c.c.CharSequenceEncoder - [57d52c36-15] Writing "795. foo bar"
03:14:29.618 [reactor-http-nio-2] DEBUG o.s.c.c.CharSequenceEncoder - [57d52c36-15] Writing "796. foo bar"
03:14:29.618 [reactor-http-nio-2] DEBUG o.s.c.c.CharSequenceEncoder - [57d52c36-15] Writing "797. foo bar"
03:14:29.618 [reactor-http-nio-2] DEBUG o.s.c.c.CharSequenceEncoder - [57d52c36-15] Writing "798. foo bar"
03:14:29.618 [reactor-http-nio-2] DEBUG o.s.c.c.CharSequenceEncoder - [57d52c36-15] Writing "799. foo bar"
03:14:29.618 [reactor-http-nio-2] DEBUG o.s.c.c.CharSequenceEncoder - [57d52c36-15] Writing "800. foo bar"
03:14:29.618 [reactor-http-nio-2] DEBUG o.s.c.c.CharSequenceEncoder - [57d52c36-15] Writing "801. foo bar"
03:14:29.618 [reactor-http-nio-2] DEBUG o.s.c.c.CharSequenceEncoder - [57d52c36-15] Writing "802. foo bar"
03:14:29.618 [reactor-http-nio-2] DEBUG o.s.c.c.CharSequenceEncoder - [57d52c36-15] Writing "803. foo bar"
03:14:29.618 [reactor-http-nio-2] DEBUG o.s.c.c.CharSequenceEncoder - [57d52c36-15] Writing "804. foo bar"
03:14:29.618 [reactor-http-nio-2] DEBUG o.s.c.c.CharSequenceEncoder - [57d52c36-15] Writing "805. foo bar"
03:14:29.619 [reactor-http-nio-2] DEBUG o.s.c.c.CharSequenceEncoder - [57d52c36-15] Writing "806. foo bar"
03:14:29.619 [reactor-http-nio-2] DEBUG o.s.c.c.CharSequenceEncoder - [57d52c36-15] Writing "807. foo bar"
03:14:29.619 [reactor-http-nio-2] DEBUG o.s.c.c.CharSequenceEncoder - [57d52c36-15] Writing "808. foo bar"
03:14:29.619 [reactor-http-nio-2] DEBUG o.s.c.c.CharSequenceEncoder - [57d52c36-15] Writing "809. foo bar"
03:14:29.619 [reactor-http-nio-2] DEBUG o.s.c.c.CharSequenceEncoder - [57d52c36-15] Writing "810. foo bar"
03:14:29.619 [reactor-http-nio-2] DEBUG o.s.c.c.CharSequenceEncoder - [57d52c36-15] Writing "811. foo bar"
03:14:29.619 [reactor-http-nio-2] DEBUG o.s.c.c.CharSequenceEncoder - [57d52c36-15] Writing "812. foo bar"
03:14:29.619 [reactor-http-nio-2] DEBUG o.s.c.c.CharSequenceEncoder - [57d52c36-15] Writing "813. foo bar"
03:14:29.619 [reactor-http-nio-2] DEBUG o.s.c.c.CharSequenceEncoder - [57d52c36-15] Writing "814. foo bar"
03:14:29.619 [reactor-http-nio-2] DEBUG o.s.c.c.CharSequenceEncoder - [57d52c36-15] Writing "815. foo bar"
03:14:29.619 [reactor-http-nio-2] DEBUG o.s.c.c.CharSequenceEncoder - [57d52c36-15] Writing "816. foo bar"
03:14:29.619 [reactor-http-nio-2] DEBUG o.s.c.c.CharSequenceEncoder - [57d52c36-15] Writing "817. foo bar"
03:14:29.619 [reactor-http-nio-2] DEBUG o.s.c.c.CharSequenceEncoder - [57d52c36-15] Writing "818. foo bar"
03:14:29.619 [reactor-http-nio-2] DEBUG o.s.c.c.CharSequenceEncoder - [57d52c36-15] Writing "819. foo bar"
03:14:29.619 [reactor-http-nio-2] DEBUG o.s.c.c.CharSequenceEncoder - [57d52c36-15] Writing "820. foo bar"
03:14:29.619 [reactor-http-nio-2] DEBUG o.s.c.c.CharSequenceEncoder - [57d52c36-15] Writing "821. foo bar"
03:14:29.620 [reactor-http-nio-2] DEBUG o.s.c.c.CharSequenceEncoder - [57d52c36-15] Writing "822. foo bar"
03:14:29.620 [reactor-http-nio-2] DEBUG o.s.c.c.CharSequenceEncoder - [57d52c36-15] Writing "823. foo bar"
03:14:29.620 [reactor-http-nio-2] DEBUG o.s.c.c.CharSequenceEncoder - [57d52c36-15] Writing "824. foo bar"
03:14:29.620 [reactor-http-nio-2] DEBUG o.s.c.c.CharSequenceEncoder - [57d52c36-15] Writing "825. foo bar"
03:14:29.620 [reactor-http-nio-2] DEBUG o.s.c.c.CharSequenceEncoder - [57d52c36-15] Writing "826. foo bar"
03:14:29.620 [reactor-http-nio-2] DEBUG o.s.c.c.CharSequenceEncoder - [57d52c36-15] Writing "827. foo bar"
03:14:29.620 [reactor-http-nio-2] DEBUG o.s.c.c.CharSequenceEncoder - [57d52c36-15] Writing "828. foo bar"
03:14:29.620 [reactor-http-nio-2] DEBUG o.s.c.c.CharSequenceEncoder - [57d52c36-15] Writing "829. foo bar"
03:14:29.620 [reactor-http-nio-2] DEBUG o.s.c.c.CharSequenceEncoder - [57d52c36-15] Writing "830. foo bar"
03:14:29.620 [reactor-http-nio-2] DEBUG o.s.c.c.CharSequenceEncoder - [57d52c36-15] Writing "831. foo bar"
03:14:29.620 [reactor-http-nio-2] DEBUG o.s.c.c.CharSequenceEncoder - [57d52c36-15] Writing "832. foo bar"
03:14:29.631 [reactor-http-nio-2] DEBUG o.s.c.c.CharSequenceEncoder - [57d52c36-15] Writing "833. foo bar"
03:14:29.632 [reactor-http-nio-2] DEBUG o.s.c.c.CharSequenceEncoder - [57d52c36-15] Writing "834. foo bar"
03:14:29.632 [reactor-http-nio-2] DEBUG o.s.c.c.CharSequenceEncoder - [57d52c36-15] Writing "835. foo bar"
03:14:29.632 [reactor-http-nio-2] DEBUG o.s.c.c.CharSequenceEncoder - [57d52c36-15] Writing "836. foo bar"
03:14:29.633 [reactor-http-nio-2] DEBUG o.s.c.c.CharSequenceEncoder - [57d52c36-15] Writing "837. foo bar"
03:14:29.633 [reactor-http-nio-2] DEBUG o.s.c.c.CharSequenceEncoder - [57d52c36-15] Writing "838. foo bar"
03:14:29.635 [reactor-http-nio-2] DEBUG o.s.c.c.CharSequenceEncoder - [57d52c36-15] Writing "839. foo bar"
03:14:29.644 [reactor-http-nio-2] DEBUG o.s.c.c.CharSequenceEncoder - [57d52c36-15] Writing "840. foo bar"
03:14:29.655 [reactor-http-nio-2] DEBUG o.s.c.c.CharSequenceEncoder - [57d52c36-15] Writing "841. foo bar"
03:14:29.658 [reactor-http-nio-2] DEBUG o.s.c.c.CharSequenceEncoder - [57d52c36-15] Writing "842. foo bar"
03:14:29.658 [reactor-http-nio-2] DEBUG o.s.c.c.CharSequenceEncoder - [57d52c36-15] Writing "843. foo bar"
03:14:29.659 [reactor-http-nio-2] DEBUG o.s.c.c.CharSequenceEncoder - [57d52c36-15] Writing "844. foo bar"
03:14:29.659 [reactor-http-nio-2] DEBUG o.s.c.c.CharSequenceEncoder - [57d52c36-15] Writing "845. foo bar"
03:14:29.659 [reactor-http-nio-2] DEBUG o.s.c.c.CharSequenceEncoder - [57d52c36-15] Writing "846. foo bar"
03:14:29.659 [reactor-http-nio-2] DEBUG o.s.c.c.CharSequenceEncoder - [57d52c36-15] Writing "847. foo bar"
03:14:29.660 [reactor-http-nio-2] DEBUG o.s.c.c.CharSequenceEncoder - [57d52c36-15] Writing "848. foo bar"
03:14:29.660 [reactor-http-nio-2] DEBUG o.s.c.c.CharSequenceEncoder - [57d52c36-15] Writing "849. foo bar"
03:14:29.660 [reactor-http-nio-2] DEBUG o.s.c.c.CharSequenceEncoder - [57d52c36-15] Writing "850. foo bar"
03:14:29.660 [reactor-http-nio-2] DEBUG o.s.c.c.CharSequenceEncoder - [57d52c36-15] Writing "851. foo bar"
03:14:29.661 [reactor-http-nio-2] DEBUG o.s.c.c.CharSequenceEncoder - [57d52c36-15] Writing "852. foo bar"
03:14:29.661 [reactor-http-nio-2] DEBUG o.s.c.c.CharSequenceEncoder - [57d52c36-15] Writing "853. foo bar"
03:14:29.661 [reactor-http-nio-2] DEBUG o.s.c.c.CharSequenceEncoder - [57d52c36-15] Writing "854. foo bar"
03:14:29.662 [reactor-http-nio-2] DEBUG o.s.c.c.CharSequenceEncoder - [57d52c36-15] Writing "855. foo bar"
03:14:29.662 [reactor-http-nio-2] DEBUG o.s.c.c.CharSequenceEncoder - [57d52c36-15] Writing "856. foo bar"
03:14:29.662 [reactor-http-nio-2] DEBUG o.s.c.c.CharSequenceEncoder - [57d52c36-15] Writing "857. foo bar"
03:14:29.662 [reactor-http-nio-2] DEBUG o.s.c.c.CharSequenceEncoder - [57d52c36-15] Writing "858. foo bar"
03:14:29.662 [reactor-http-nio-2] DEBUG o.s.c.c.CharSequenceEncoder - [57d52c36-15] Writing "859. foo bar"
03:14:29.662 [reactor-http-nio-2] DEBUG o.s.c.c.CharSequenceEncoder - [57d52c36-15] Writing "860. foo bar"
03:14:29.663 [reactor-http-nio-2] DEBUG o.s.c.c.CharSequenceEncoder - [57d52c36-15] Writing "861. foo bar"
03:14:29.663 [reactor-http-nio-2] DEBUG o.s.c.c.CharSequenceEncoder - [57d52c36-15] Writing "862. foo bar"
03:14:29.663 [reactor-http-nio-2] DEBUG o.s.c.c.CharSequenceEncoder - [57d52c36-15] Writing "863. foo bar"
03:14:29.663 [reactor-http-nio-2] DEBUG o.s.c.c.CharSequenceEncoder - [57d52c36-15] Writing "864. foo bar"
03:14:29.663 [reactor-http-nio-2] DEBUG o.s.c.c.CharSequenceEncoder - [57d52c36-15] Writing "865. foo bar"
03:14:29.664 [reactor-http-nio-2] DEBUG o.s.c.c.CharSequenceEncoder - [57d52c36-15] Writing "866. foo bar"
03:14:29.664 [reactor-http-nio-2] DEBUG o.s.c.c.CharSequenceEncoder - [57d52c36-15] Writing "867. foo bar"
03:14:29.664 [reactor-http-nio-2] DEBUG o.s.c.c.CharSequenceEncoder - [57d52c36-15] Writing "868. foo bar"
03:14:29.667 [reactor-http-nio-2] DEBUG o.s.c.c.CharSequenceEncoder - [57d52c36-15] Writing "869. foo bar"
03:14:29.667 [reactor-http-nio-2] DEBUG o.s.c.c.CharSequenceEncoder - [57d52c36-15] Writing "870. foo bar"
03:14:29.668 [reactor-http-nio-2] DEBUG o.s.c.c.CharSequenceEncoder - [57d52c36-15] Writing "871. foo bar"
03:14:29.668 [reactor-http-nio-2] DEBUG o.s.c.c.CharSequenceEncoder - [57d52c36-15] Writing "872. foo bar"
03:14:29.668 [reactor-http-nio-2] DEBUG o.s.c.c.CharSequenceEncoder - [57d52c36-15] Writing "873. foo bar"
03:14:29.668 [reactor-http-nio-2] DEBUG o.s.c.c.CharSequenceEncoder - [57d52c36-15] Writing "874. foo bar"
03:14:29.668 [reactor-http-nio-2] DEBUG o.s.c.c.CharSequenceEncoder - [57d52c36-15] Writing "875. foo bar"
03:14:29.668 [reactor-http-nio-2] DEBUG o.s.c.c.CharSequenceEncoder - [57d52c36-15] Writing "876. foo bar"
03:14:29.668 [reactor-http-nio-2] DEBUG o.s.c.c.CharSequenceEncoder - [57d52c36-15] Writing "877. foo bar"
03:14:29.669 [reactor-http-nio-2] DEBUG o.s.c.c.CharSequenceEncoder - [57d52c36-15] Writing "878. foo bar"
03:14:29.669 [reactor-http-nio-2] DEBUG o.s.c.c.CharSequenceEncoder - [57d52c36-15] Writing "879. foo bar"
03:14:29.669 [reactor-http-nio-2] DEBUG o.s.c.c.CharSequenceEncoder - [57d52c36-15] Writing "880. foo bar"
03:14:29.670 [reactor-http-nio-2] DEBUG o.s.c.c.CharSequenceEncoder - [57d52c36-15] Writing "881. foo bar"
03:14:29.670 [reactor-http-nio-2] DEBUG o.s.c.c.CharSequenceEncoder - [57d52c36-15] Writing "882. foo bar"
03:14:29.670 [reactor-http-nio-2] DEBUG o.s.c.c.CharSequenceEncoder - [57d52c36-15] Writing "883. foo bar"
03:14:29.670 [reactor-http-nio-2] DEBUG o.s.c.c.CharSequenceEncoder - [57d52c36-15] Writing "884. foo bar"
03:14:29.670 [reactor-http-nio-2] DEBUG o.s.c.c.CharSequenceEncoder - [57d52c36-15] Writing "885. foo bar"
03:14:29.670 [reactor-http-nio-2] DEBUG o.s.c.c.CharSequenceEncoder - [57d52c36-15] Writing "886. foo bar"
03:14:29.670 [reactor-http-nio-2] DEBUG o.s.c.c.CharSequenceEncoder - [57d52c36-15] Writing "887. foo bar"
03:14:29.670 [reactor-http-nio-2] DEBUG o.s.c.c.CharSequenceEncoder - [57d52c36-15] Writing "888. foo bar"
03:14:29.670 [reactor-http-nio-2] DEBUG o.s.c.c.CharSequenceEncoder - [57d52c36-15] Writing "889. foo bar"
03:14:29.671 [reactor-http-nio-2] DEBUG o.s.c.c.CharSequenceEncoder - [57d52c36-15] Writing "890. foo bar"
03:14:29.671 [reactor-http-nio-2] DEBUG o.s.c.c.CharSequenceEncoder - [57d52c36-15] Writing "891. foo bar"
03:14:29.671 [reactor-http-nio-2] DEBUG o.s.c.c.CharSequenceEncoder - [57d52c36-15] Writing "892. foo bar"
03:14:29.671 [reactor-http-nio-2] DEBUG o.s.c.c.CharSequenceEncoder - [57d52c36-15] Writing "893. foo bar"
03:14:29.671 [reactor-http-nio-2] DEBUG o.s.c.c.CharSequenceEncoder - [57d52c36-15] Writing "894. foo bar"
03:14:29.671 [reactor-http-nio-2] DEBUG o.s.c.c.CharSequenceEncoder - [57d52c36-15] Writing "895. foo bar"
03:14:29.671 [reactor-http-nio-2] DEBUG o.s.c.c.CharSequenceEncoder - [57d52c36-15] Writing "896. foo bar"
03:14:29.706 [reactor-http-nio-2] DEBUG o.s.c.c.CharSequenceEncoder - [57d52c36-15] Writing "897. foo bar"
03:14:29.706 [reactor-http-nio-2] DEBUG o.s.c.c.CharSequenceEncoder - [57d52c36-15] Writing "898. foo bar"
03:14:29.706 [reactor-http-nio-2] DEBUG o.s.c.c.CharSequenceEncoder - [57d52c36-15] Writing "899. foo bar"
03:14:29.706 [reactor-http-nio-2] DEBUG o.s.c.c.CharSequenceEncoder - [57d52c36-15] Writing "900. foo bar"
03:14:29.706 [reactor-http-nio-2] DEBUG o.s.c.c.CharSequenceEncoder - [57d52c36-15] Writing "901. foo bar"
03:14:29.706 [reactor-http-nio-2] DEBUG o.s.c.c.CharSequenceEncoder - [57d52c36-15] Writing "902. foo bar"
03:14:29.706 [reactor-http-nio-2] DEBUG o.s.c.c.CharSequenceEncoder - [57d52c36-15] Writing "903. foo bar"
03:14:29.707 [reactor-http-nio-2] DEBUG o.s.c.c.CharSequenceEncoder - [57d52c36-15] Writing "904. foo bar"
03:14:29.707 [reactor-http-nio-2] DEBUG o.s.c.c.CharSequenceEncoder - [57d52c36-15] Writing "905. foo bar"
03:14:29.707 [reactor-http-nio-2] DEBUG o.s.c.c.CharSequenceEncoder - [57d52c36-15] Writing "906. foo bar"
03:14:29.707 [reactor-http-nio-2] DEBUG o.s.c.c.CharSequenceEncoder - [57d52c36-15] Writing "907. foo bar"
03:14:29.707 [reactor-http-nio-2] DEBUG o.s.c.c.CharSequenceEncoder - [57d52c36-15] Writing "908. foo bar"
03:14:29.708 [reactor-http-nio-2] DEBUG o.s.c.c.CharSequenceEncoder - [57d52c36-15] Writing "909. foo bar"
03:14:29.708 [reactor-http-nio-2] DEBUG o.s.c.c.CharSequenceEncoder - [57d52c36-15] Writing "910. foo bar"
03:14:29.708 [reactor-http-nio-2] DEBUG o.s.c.c.CharSequenceEncoder - [57d52c36-15] Writing "911. foo bar"
03:14:29.708 [reactor-http-nio-2] DEBUG o.s.c.c.CharSequenceEncoder - [57d52c36-15] Writing "912. foo bar"
03:14:29.709 [reactor-http-nio-2] DEBUG o.s.c.c.CharSequenceEncoder - [57d52c36-15] Writing "913. foo bar"
03:14:29.709 [reactor-http-nio-2] DEBUG o.s.c.c.CharSequenceEncoder - [57d52c36-15] Writing "914. foo bar"
03:14:29.709 [reactor-http-nio-2] DEBUG o.s.c.c.CharSequenceEncoder - [57d52c36-15] Writing "915. foo bar"
03:14:29.709 [reactor-http-nio-2] DEBUG o.s.c.c.CharSequenceEncoder - [57d52c36-15] Writing "916. foo bar"
03:14:29.709 [reactor-http-nio-2] DEBUG o.s.c.c.CharSequenceEncoder - [57d52c36-15] Writing "917. foo bar"
03:14:29.709 [reactor-http-nio-2] DEBUG o.s.c.c.CharSequenceEncoder - [57d52c36-15] Writing "918. foo bar"
03:14:29.709 [reactor-http-nio-2] DEBUG o.s.c.c.CharSequenceEncoder - [57d52c36-15] Writing "919. foo bar"
03:14:29.710 [reactor-http-nio-2] DEBUG o.s.c.c.CharSequenceEncoder - [57d52c36-15] Writing "920. foo bar"
03:14:29.710 [reactor-http-nio-2] DEBUG o.s.c.c.CharSequenceEncoder - [57d52c36-15] Writing "921. foo bar"
03:14:29.710 [reactor-http-nio-2] DEBUG o.s.c.c.CharSequenceEncoder - [57d52c36-15] Writing "922. foo bar"
03:14:29.710 [reactor-http-nio-2] DEBUG o.s.c.c.CharSequenceEncoder - [57d52c36-15] Writing "923. foo bar"
03:14:29.730 [reactor-http-nio-2] DEBUG o.s.c.c.CharSequenceEncoder - [57d52c36-15] Writing "924. foo bar"
03:14:29.730 [reactor-http-nio-2] DEBUG o.s.c.c.CharSequenceEncoder - [57d52c36-15] Writing "925. foo bar"
03:14:29.730 [reactor-http-nio-2] DEBUG o.s.c.c.CharSequenceEncoder - [57d52c36-15] Writing "926. foo bar"
03:14:29.740 [reactor-http-nio-2] DEBUG o.s.c.c.CharSequenceEncoder - [57d52c36-15] Writing "927. foo bar"
03:14:29.740 [reactor-http-nio-2] DEBUG o.s.c.c.CharSequenceEncoder - [57d52c36-15] Writing "928. foo bar"
03:14:29.740 [reactor-http-nio-2] DEBUG o.s.c.c.CharSequenceEncoder - [57d52c36-15] Writing "929. foo bar"
03:14:29.740 [reactor-http-nio-2] DEBUG o.s.c.c.CharSequenceEncoder - [57d52c36-15] Writing "930. foo bar"
03:14:29.740 [reactor-http-nio-2] DEBUG o.s.c.c.CharSequenceEncoder - [57d52c36-15] Writing "931. foo bar"
03:14:29.740 [reactor-http-nio-2] DEBUG o.s.c.c.CharSequenceEncoder - [57d52c36-15] Writing "932. foo bar"
03:14:29.740 [reactor-http-nio-2] DEBUG o.s.c.c.CharSequenceEncoder - [57d52c36-15] Writing "933. foo bar"
03:14:29.741 [reactor-http-nio-2] DEBUG o.s.c.c.CharSequenceEncoder - [57d52c36-15] Writing "934. foo bar"
03:14:29.741 [reactor-http-nio-2] DEBUG o.s.c.c.CharSequenceEncoder - [57d52c36-15] Writing "935. foo bar"
03:14:29.741 [reactor-http-nio-2] DEBUG o.s.c.c.CharSequenceEncoder - [57d52c36-15] Writing "936. foo bar"
03:14:29.741 [reactor-http-nio-2] DEBUG o.s.c.c.CharSequenceEncoder - [57d52c36-15] Writing "937. foo bar"
03:14:29.741 [reactor-http-nio-2] DEBUG o.s.c.c.CharSequenceEncoder - [57d52c36-15] Writing "938. foo bar"
03:14:29.741 [reactor-http-nio-2] DEBUG o.s.c.c.CharSequenceEncoder - [57d52c36-15] Writing "939. foo bar"
03:14:29.741 [reactor-http-nio-2] DEBUG o.s.c.c.CharSequenceEncoder - [57d52c36-15] Writing "940. foo bar"
03:14:29.741 [reactor-http-nio-2] DEBUG o.s.c.c.CharSequenceEncoder - [57d52c36-15] Writing "941. foo bar"
03:14:29.741 [reactor-http-nio-2] DEBUG o.s.c.c.CharSequenceEncoder - [57d52c36-15] Writing "942. foo bar"
03:14:29.741 [reactor-http-nio-2] DEBUG o.s.c.c.CharSequenceEncoder - [57d52c36-15] Writing "943. foo bar"
03:14:29.741 [reactor-http-nio-2] DEBUG o.s.c.c.CharSequenceEncoder - [57d52c36-15] Writing "944. foo bar"
03:14:29.741 [reactor-http-nio-2] DEBUG o.s.c.c.CharSequenceEncoder - [57d52c36-15] Writing "945. foo bar"
03:14:29.741 [reactor-http-nio-2] DEBUG o.s.c.c.CharSequenceEncoder - [57d52c36-15] Writing "946. foo bar"
03:14:29.741 [reactor-http-nio-2] DEBUG o.s.c.c.CharSequenceEncoder - [57d52c36-15] Writing "947. foo bar"
03:14:29.741 [reactor-http-nio-2] DEBUG o.s.c.c.CharSequenceEncoder - [57d52c36-15] Writing "948. foo bar"
03:14:29.741 [reactor-http-nio-2] DEBUG o.s.c.c.CharSequenceEncoder - [57d52c36-15] Writing "949. foo bar"
03:14:29.741 [reactor-http-nio-2] DEBUG o.s.c.c.CharSequenceEncoder - [57d52c36-15] Writing "950. foo bar"
03:14:29.741 [reactor-http-nio-2] DEBUG o.s.c.c.CharSequenceEncoder - [57d52c36-15] Writing "951. foo bar"
03:14:29.741 [reactor-http-nio-2] DEBUG o.s.c.c.CharSequenceEncoder - [57d52c36-15] Writing "952. foo bar"
03:14:29.741 [reactor-http-nio-2] DEBUG o.s.c.c.CharSequenceEncoder - [57d52c36-15] Writing "953. foo bar"
03:14:29.741 [reactor-http-nio-2] DEBUG o.s.c.c.CharSequenceEncoder - [57d52c36-15] Writing "954. foo bar"
03:14:29.741 [reactor-http-nio-2] DEBUG o.s.c.c.CharSequenceEncoder - [57d52c36-15] Writing "955. foo bar"
03:14:29.741 [reactor-http-nio-2] DEBUG o.s.c.c.CharSequenceEncoder - [57d52c36-15] Writing "956. foo bar"
03:14:29.741 [reactor-http-nio-2] DEBUG o.s.c.c.CharSequenceEncoder - [57d52c36-15] Writing "957. foo bar"
03:14:29.741 [reactor-http-nio-2] DEBUG o.s.c.c.CharSequenceEncoder - [57d52c36-15] Writing "958. foo bar"
03:14:29.741 [reactor-http-nio-2] DEBUG o.s.c.c.CharSequenceEncoder - [57d52c36-15] Writing "959. foo bar"
03:14:29.741 [reactor-http-nio-2] DEBUG o.s.c.c.CharSequenceEncoder - [57d52c36-15] Writing "960. foo bar"
03:14:29.757 [reactor-http-nio-2] DEBUG o.s.c.c.CharSequenceEncoder - [57d52c36-15] Writing "961. foo bar"
03:14:29.757 [reactor-http-nio-2] DEBUG o.s.c.c.CharSequenceEncoder - [57d52c36-15] Writing "962. foo bar"
03:14:29.757 [reactor-http-nio-2] DEBUG o.s.c.c.CharSequenceEncoder - [57d52c36-15] Writing "963. foo bar"
03:14:29.757 [reactor-http-nio-2] DEBUG o.s.c.c.CharSequenceEncoder - [57d52c36-15] Writing "964. foo bar"
03:14:29.758 [reactor-http-nio-2] DEBUG o.s.c.c.CharSequenceEncoder - [57d52c36-15] Writing "965. foo bar"
03:14:29.758 [reactor-http-nio-2] DEBUG o.s.c.c.CharSequenceEncoder - [57d52c36-15] Writing "966. foo bar"
03:14:29.758 [reactor-http-nio-2] DEBUG o.s.c.c.CharSequenceEncoder - [57d52c36-15] Writing "967. foo bar"
03:14:29.758 [reactor-http-nio-2] DEBUG o.s.c.c.CharSequenceEncoder - [57d52c36-15] Writing "968. foo bar"
03:14:29.758 [reactor-http-nio-2] DEBUG o.s.c.c.CharSequenceEncoder - [57d52c36-15] Writing "969. foo bar"
03:14:29.758 [reactor-http-nio-2] DEBUG o.s.c.c.CharSequenceEncoder - [57d52c36-15] Writing "970. foo bar"
03:14:29.758 [reactor-http-nio-2] DEBUG o.s.c.c.CharSequenceEncoder - [57d52c36-15] Writing "971. foo bar"
03:14:29.758 [reactor-http-nio-2] DEBUG o.s.c.c.CharSequenceEncoder - [57d52c36-15] Writing "972. foo bar"
03:14:29.759 [reactor-http-nio-2] DEBUG o.s.c.c.CharSequenceEncoder - [57d52c36-15] Writing "973. foo bar"
03:14:29.759 [reactor-http-nio-2] DEBUG o.s.c.c.CharSequenceEncoder - [57d52c36-15] Writing "974. foo bar"
03:14:29.759 [reactor-http-nio-2] DEBUG o.s.c.c.CharSequenceEncoder - [57d52c36-15] Writing "975. foo bar"
03:14:29.759 [reactor-http-nio-2] DEBUG o.s.c.c.CharSequenceEncoder - [57d52c36-15] Writing "976. foo bar"
03:14:29.759 [reactor-http-nio-2] DEBUG o.s.c.c.CharSequenceEncoder - [57d52c36-15] Writing "977. foo bar"
03:14:29.759 [reactor-http-nio-2] DEBUG o.s.c.c.CharSequenceEncoder - [57d52c36-15] Writing "978. foo bar"
03:14:29.759 [reactor-http-nio-2] DEBUG o.s.c.c.CharSequenceEncoder - [57d52c36-15] Writing "979. foo bar"
03:14:29.759 [reactor-http-nio-2] DEBUG o.s.c.c.CharSequenceEncoder - [57d52c36-15] Writing "980. foo bar"
03:14:29.759 [reactor-http-nio-2] DEBUG o.s.c.c.CharSequenceEncoder - [57d52c36-15] Writing "981. foo bar"
03:14:29.759 [reactor-http-nio-2] DEBUG o.s.c.c.CharSequenceEncoder - [57d52c36-15] Writing "982. foo bar"
03:14:29.759 [reactor-http-nio-2] DEBUG o.s.c.c.CharSequenceEncoder - [57d52c36-15] Writing "983. foo bar"
03:14:29.759 [reactor-http-nio-2] DEBUG o.s.c.c.CharSequenceEncoder - [57d52c36-15] Writing "984. foo bar"
03:14:29.759 [reactor-http-nio-2] DEBUG o.s.c.c.CharSequenceEncoder - [57d52c36-15] Writing "985. foo bar"
03:14:29.759 [reactor-http-nio-2] DEBUG o.s.c.c.CharSequenceEncoder - [57d52c36-15] Writing "986. foo bar"
03:14:29.760 [reactor-http-nio-2] DEBUG o.s.c.c.CharSequenceEncoder - [57d52c36-15] Writing "987. foo bar"
03:14:29.760 [reactor-http-nio-2] DEBUG o.s.c.c.CharSequenceEncoder - [57d52c36-15] Writing "988. foo bar"
03:14:29.760 [reactor-http-nio-2] DEBUG o.s.c.c.CharSequenceEncoder - [57d52c36-15] Writing "989. foo bar"
03:14:29.760 [reactor-http-nio-2] DEBUG o.s.c.c.CharSequenceEncoder - [57d52c36-15] Writing "990. foo bar"
03:14:29.760 [reactor-http-nio-2] DEBUG o.s.c.c.CharSequenceEncoder - [57d52c36-15] Writing "991. foo bar"
03:14:29.760 [reactor-http-nio-2] DEBUG o.s.c.c.CharSequenceEncoder - [57d52c36-15] Writing "992. foo bar"
03:14:29.760 [reactor-http-nio-2] DEBUG o.s.c.c.CharSequenceEncoder - [57d52c36-15] Writing "993. foo bar"
03:14:29.760 [reactor-http-nio-2] DEBUG o.s.c.c.CharSequenceEncoder - [57d52c36-15] Writing "994. foo bar"
03:14:29.760 [reactor-http-nio-2] DEBUG o.s.c.c.CharSequenceEncoder - [57d52c36-15] Writing "995. foo bar"
03:14:29.761 [reactor-http-nio-2] DEBUG o.s.c.c.CharSequenceEncoder - [57d52c36-15] Writing "996. foo bar"
03:14:29.761 [reactor-http-nio-2] DEBUG o.s.c.c.CharSequenceEncoder - [57d52c36-15] Writing "997. foo bar"
03:14:29.761 [reactor-http-nio-2] DEBUG o.s.c.c.CharSequenceEncoder - [57d52c36-15] Writing "998. foo bar"
03:14:29.761 [reactor-http-nio-2] DEBUG o.s.c.c.CharSequenceEncoder - [57d52c36-15] Writing "999. foo bar"
03:14:29.783 [reactor-http-nio-2] ERROR o.s.w.s.a.HttpWebHandlerAdapter - [57d52c36-15] Error [java.lang.RuntimeException: Random error] for HTTP GET "/SPR-16051", but ServerHttpResponse already committed (200 OK)
03:14:29.784 [reactor-http-nio-2] ERROR r.n.h.s.HttpServerOperations - [id: 0x57d52c36, L:/127.0.0.1:61912 - R:/127.0.0.1:61913] Error finishing response. Closing connection
java.lang.RuntimeException: Random error
	at org.springframework.web.reactive.result.method.annotation.RequestMappingExceptionHandlingIntegrationTests$TestController.lambda$errors$0(RequestMappingExceptionHandlingIntegrationTests.java:154) ~[test/:?]
	Suppressed: reactor.core.publisher.FluxOnAssembly$OnAssemblyException: 
Error has been observed at the following site(s):
	|_ checkpoint ? Handler org.springframework.web.reactive.result.method.annotation.RequestMappingExceptionHandlingIntegrationTests$TestController#errors() [DispatcherHandler]
	|_ checkpoint ? HTTP GET "/SPR-16051" [ExceptionHandlingWebHandler]
Stack trace:
		at org.springframework.web.reactive.result.method.annotation.RequestMappingExceptionHandlingIntegrationTests$TestController.lambda$errors$0(RequestMappingExceptionHandlingIntegrationTests.java:154) ~[test/:?]
		at reactor.core.publisher.FluxMapFuseable$MapFuseableSubscriber.onNext(FluxMapFuseable.java:113) ~[reactor-core-3.4.0-M2.jar:?]
		at reactor.core.publisher.FluxRange$RangeSubscription.slowPath(FluxRange.java:155) ~[reactor-core-3.4.0-M2.jar:?]
		at reactor.core.publisher.FluxRange$RangeSubscription.request(FluxRange.java:110) ~[reactor-core-3.4.0-M2.jar:?]
		at reactor.core.publisher.FluxMapFuseable$MapFuseableSubscriber.request(FluxMapFuseable.java:169) ~[reactor-core-3.4.0-M2.jar:?]
		at reactor.core.publisher.FluxMapFuseable$MapFuseableSubscriber.request(FluxMapFuseable.java:169) ~[reactor-core-3.4.0-M2.jar:?]
		at org.springframework.http.server.reactive.ChannelSendOperator$WriteBarrier.request(ChannelSendOperator.java:272) ~[spring-web-5.3.0-M2.jar:5.3.0-M2]
		at reactor.core.publisher.FluxMap$MapSubscriber.request(FluxMap.java:162) ~[reactor-core-3.4.0-M2.jar:?]
		at reactor.netty.channel.MonoSendMany$SendManyInner.run(MonoSendMany.java:356) [reactor-netty-core-1.0.0-M2.jar:1.0.0-M2]
		at reactor.netty.channel.MonoSendMany$SendManyInner.trySchedule(MonoSendMany.java:419) [reactor-netty-core-1.0.0-M2.jar:1.0.0-M2]
		at reactor.netty.channel.MonoSendMany$SendManyInner.trySuccess(MonoSendMany.java:570) [reactor-netty-core-1.0.0-M2.jar:1.0.0-M2]
		at reactor.netty.channel.MonoSendMany$SendManyInner.trySuccess(MonoSendMany.java:114) [reactor-netty-core-1.0.0-M2.jar:1.0.0-M2]
		at io.netty.util.concurrent.PromiseCombiner.tryPromise(PromiseCombiner.java:170) [netty-common-4.1.51.Final.jar:4.1.51.Final]
		at io.netty.util.concurrent.PromiseCombiner.access$600(PromiseCombiner.java:35) [netty-common-4.1.51.Final.jar:4.1.51.Final]
		at io.netty.util.concurrent.PromiseCombiner$1.operationComplete0(PromiseCombiner.java:62) [netty-common-4.1.51.Final.jar:4.1.51.Final]
		at io.netty.util.concurrent.PromiseCombiner$1.operationComplete(PromiseCombiner.java:44) [netty-common-4.1.51.Final.jar:4.1.51.Final]
		at io.netty.util.concurrent.DefaultPromise.notifyListener0(DefaultPromise.java:577) [netty-common-4.1.51.Final.jar:4.1.51.Final]
		at io.netty.util.concurrent.DefaultPromise.notifyListenersNow(DefaultPromise.java:551) [netty-common-4.1.51.Final.jar:4.1.51.Final]
		at io.netty.util.concurrent.DefaultPromise.notifyListeners(DefaultPromise.java:490) [netty-common-4.1.51.Final.jar:4.1.51.Final]
		at io.netty.util.concurrent.DefaultPromise.setValue0(DefaultPromise.java:615) [netty-common-4.1.51.Final.jar:4.1.51.Final]
		at io.netty.util.concurrent.DefaultPromise.setSuccess0(DefaultPromise.java:604) [netty-common-4.1.51.Final.jar:4.1.51.Final]
		at io.netty.util.concurrent.DefaultPromise.trySuccess(DefaultPromise.java:104) [netty-common-4.1.51.Final.jar:4.1.51.Final]
		at io.netty.util.internal.PromiseNotificationUtil.trySuccess(PromiseNotificationUtil.java:48) [netty-common-4.1.51.Final.jar:4.1.51.Final]
		at io.netty.channel.ChannelOutboundBuffer.safeSuccess(ChannelOutboundBuffer.java:717) [netty-transport-4.1.51.Final.jar:4.1.51.Final]
		at io.netty.channel.ChannelOutboundBuffer.remove(ChannelOutboundBuffer.java:272) [netty-transport-4.1.51.Final.jar:4.1.51.Final]
		at io.netty.channel.ChannelOutboundBuffer.removeBytes(ChannelOutboundBuffer.java:352) [netty-transport-4.1.51.Final.jar:4.1.51.Final]
		at io.netty.channel.socket.nio.NioSocketChannel.doWrite(NioSocketChannel.java:431) [netty-transport-4.1.51.Final.jar:4.1.51.Final]
		at io.netty.channel.AbstractChannel$AbstractUnsafe.flush0(AbstractChannel.java:930) [netty-transport-4.1.51.Final.jar:4.1.51.Final]
		at io.netty.channel.nio.AbstractNioChannel$AbstractNioUnsafe.flush0(AbstractNioChannel.java:354) [netty-transport-4.1.51.Final.jar:4.1.51.Final]
		at io.netty.channel.AbstractChannel$AbstractUnsafe.flush(AbstractChannel.java:897) [netty-transport-4.1.51.Final.jar:4.1.51.Final]
		at io.netty.channel.DefaultChannelPipeline$HeadContext.flush(DefaultChannelPipeline.java:1372) [netty-transport-4.1.51.Final.jar:4.1.51.Final]
		at io.netty.channel.AbstractChannelHandlerContext.invokeFlush0(AbstractChannelHandlerContext.java:750) [netty-transport-4.1.51.Final.jar:4.1.51.Final]
		at io.netty.channel.AbstractChannelHandlerContext.invokeFlush(AbstractChannelHandlerContext.java:742) [netty-transport-4.1.51.Final.jar:4.1.51.Final]
		at io.netty.channel.AbstractChannelHandlerContext.flush(AbstractChannelHandlerContext.java:728) [netty-transport-4.1.51.Final.jar:4.1.51.Final]
		at io.netty.channel.CombinedChannelDuplexHandler$DelegatingChannelHandlerContext.flush(CombinedChannelDuplexHandler.java:531) [netty-transport-4.1.51.Final.jar:4.1.51.Final]
		at io.netty.channel.ChannelOutboundHandlerAdapter.flush(ChannelOutboundHandlerAdapter.java:125) [netty-transport-4.1.51.Final.jar:4.1.51.Final]
		at io.netty.channel.CombinedChannelDuplexHandler.flush(CombinedChannelDuplexHandler.java:356) [netty-transport-4.1.51.Final.jar:4.1.51.Final]
		at io.netty.channel.AbstractChannelHandlerContext.invokeFlush0(AbstractChannelHandlerContext.java:750) [netty-transport-4.1.51.Final.jar:4.1.51.Final]
		at io.netty.channel.AbstractChannelHandlerContext.invokeFlush(AbstractChannelHandlerContext.java:742) [netty-transport-4.1.51.Final.jar:4.1.51.Final]
		at io.netty.channel.AbstractChannelHandlerContext.flush(AbstractChannelHandlerContext.java:728) [netty-transport-4.1.51.Final.jar:4.1.51.Final]
		at reactor.netty.channel.MonoSendMany$SendManyInner$AsyncFlush.run(MonoSendMany.java:758) [reactor-netty-core-1.0.0-M2.jar:1.0.0-M2]
		at io.netty.util.concurrent.AbstractEventExecutor.safeExecute(AbstractEventExecutor.java:164) [netty-common-4.1.51.Final.jar:4.1.51.Final]
		at io.netty.util.concurrent.SingleThreadEventExecutor.runAllTasks(SingleThreadEventExecutor.java:472) [netty-common-4.1.51.Final.jar:4.1.51.Final]
		at io.netty.channel.nio.NioEventLoop.run(NioEventLoop.java:497) [netty-transport-4.1.51.Final.jar:4.1.51.Final]
		at io.netty.util.concurrent.SingleThreadEventExecutor$4.run(SingleThreadEventExecutor.java:989) [netty-common-4.1.51.Final.jar:4.1.51.Final]
		at io.netty.util.internal.ThreadExecutorMap$2.run(ThreadExecutorMap.java:74) [netty-common-4.1.51.Final.jar:4.1.51.Final]
		at io.netty.util.concurrent.FastThreadLocalRunnable.run(FastThreadLocalRunnable.java:30) [netty-common-4.1.51.Final.jar:4.1.51.Final]
		at java.lang.Thread.run(Thread.java:748) [?:1.8.0_261]
03:14:29.790 [Test worker] DEBUG o.s.w.t.h.s.r.b.ReactorHttpServer - Stopping ReactorHttpServer...
03:14:29.790 [Test worker] DEBUG o.s.w.t.h.s.r.b.ReactorHttpServer - Server stopped (0 millis).
03:14:29.834 [Test worker] DEBUG o.s.w.r.r.m.a.RequestMappingHandlerMapping - 6 mappings in 'requestMappingHandlerMapping'
03:14:29.890 [Test worker] DEBUG o.s.w.r.r.m.a.ControllerMethodResolver - ControllerAdvice beans: none
03:14:30.013 [Test worker] DEBUG o.s.w.s.a.HttpWebHandlerAdapter - enableLoggingRequestDetails='false': form data and headers will be masked to prevent unsafe logging of potentially sensitive data
03:14:30.014 [Test worker] DEBUG o.s.w.t.h.s.r.b.TomcatHttpServer - Starting TomcatHttpServer...
03:14:30.028 [Test worker] DEBUG o.s.w.t.h.s.r.b.TomcatHttpServer - Server started on port 61914(0 millis).
03:14:30.028 [Test worker] DEBUG o.s.w.c.RestTemplate - HTTP GET http://localhost:61914/SPR-16051
03:14:30.029 [Test worker] DEBUG o.s.w.c.RestTemplate - Accept=[text/plain, application/json, application/x-jackson-smile, application/*+json, */*]
03:14:30.313 [http-nio-auto-15-exec-1] DEBUG o.s.w.s.a.HttpWebHandlerAdapter - [59b37b3e] HTTP GET "/SPR-16051"
03:14:30.314 [http-nio-auto-15-exec-1] DEBUG o.s.w.r.r.m.a.RequestMappingHandlerMapping - [59b37b3e] Mapped to org.springframework.web.reactive.result.method.annotation.RequestMappingExceptionHandlingIntegrationTests$TestController#errors()
03:14:30.315 [http-nio-auto-15-exec-1] DEBUG o.s.w.r.r.m.a.ResponseBodyResultHandler - Using 'text/plain;charset=UTF-8' given [text/plain, application/json, application/x-jackson-smile, application/*+json, */*] and supported [text/plain;charset=UTF-8, text/event-stream, text/plain;charset=UTF-8, */*]
03:14:30.315 [http-nio-auto-15-exec-1] DEBUG o.s.w.r.r.m.a.ResponseBodyResultHandler - [59b37b3e] 0..N [java.lang.String]
03:14:30.315 [http-nio-auto-15-exec-1] DEBUG o.s.c.c.CharSequenceEncoder - [59b37b3e] Writing "1. foo bar"
03:14:30.318 [http-nio-auto-15-exec-1] DEBUG o.s.c.c.CharSequenceEncoder - [59b37b3e] Writing "2. foo bar"
03:14:30.318 [http-nio-auto-15-exec-1] DEBUG o.s.c.c.CharSequenceEncoder - [59b37b3e] Writing "3. foo bar"
03:14:30.318 [http-nio-auto-15-exec-1] DEBUG o.s.c.c.CharSequenceEncoder - [59b37b3e] Writing "4. foo bar"
03:14:30.318 [http-nio-auto-15-exec-1] DEBUG o.s.c.c.CharSequenceEncoder - [59b37b3e] Writing "5. foo bar"
03:14:30.318 [http-nio-auto-15-exec-1] DEBUG o.s.c.c.CharSequenceEncoder - [59b37b3e] Writing "6. foo bar"
03:14:30.318 [http-nio-auto-15-exec-1] DEBUG o.s.c.c.CharSequenceEncoder - [59b37b3e] Writing "7. foo bar"
03:14:30.318 [http-nio-auto-15-exec-1] DEBUG o.s.c.c.CharSequenceEncoder - [59b37b3e] Writing "8. foo bar"
03:14:30.320 [http-nio-auto-15-exec-1] DEBUG o.s.c.c.CharSequenceEncoder - [59b37b3e] Writing "9. foo bar"
03:14:30.320 [http-nio-auto-15-exec-1] DEBUG o.s.c.c.CharSequenceEncoder - [59b37b3e] Writing "10. foo bar"
03:14:30.320 [http-nio-auto-15-exec-1] DEBUG o.s.c.c.CharSequenceEncoder - [59b37b3e] Writing "11. foo bar"
03:14:30.333 [http-nio-auto-15-exec-1] DEBUG o.s.c.c.CharSequenceEncoder - [59b37b3e] Writing "12. foo bar"
03:14:30.334 [http-nio-auto-15-exec-1] DEBUG o.s.c.c.CharSequenceEncoder - [59b37b3e] Writing "13. foo bar"
03:14:30.334 [http-nio-auto-15-exec-1] DEBUG o.s.c.c.CharSequenceEncoder - [59b37b3e] Writing "14. foo bar"
03:14:30.334 [http-nio-auto-15-exec-1] DEBUG o.s.c.c.CharSequenceEncoder - [59b37b3e] Writing "15. foo bar"
03:14:30.334 [http-nio-auto-15-exec-1] DEBUG o.s.c.c.CharSequenceEncoder - [59b37b3e] Writing "16. foo bar"
03:14:30.334 [http-nio-auto-15-exec-1] DEBUG o.s.c.c.CharSequenceEncoder - [59b37b3e] Writing "17. foo bar"
03:14:30.334 [http-nio-auto-15-exec-1] DEBUG o.s.c.c.CharSequenceEncoder - [59b37b3e] Writing "18. foo bar"
03:14:30.337 [http-nio-auto-15-exec-1] DEBUG o.s.c.c.CharSequenceEncoder - [59b37b3e] Writing "19. foo bar"
03:14:30.337 [http-nio-auto-15-exec-1] DEBUG o.s.c.c.CharSequenceEncoder - [59b37b3e] Writing "20. foo bar"
03:14:30.337 [http-nio-auto-15-exec-1] DEBUG o.s.c.c.CharSequenceEncoder - [59b37b3e] Writing "21. foo bar"
03:14:30.337 [http-nio-auto-15-exec-1] DEBUG o.s.c.c.CharSequenceEncoder - [59b37b3e] Writing "22. foo bar"
03:14:30.337 [http-nio-auto-15-exec-1] DEBUG o.s.c.c.CharSequenceEncoder - [59b37b3e] Writing "23. foo bar"
03:14:30.337 [http-nio-auto-15-exec-1] DEBUG o.s.c.c.CharSequenceEncoder - [59b37b3e] Writing "24. foo bar"
03:14:30.337 [http-nio-auto-15-exec-1] DEBUG o.s.c.c.CharSequenceEncoder - [59b37b3e] Writing "25. foo bar"
03:14:30.339 [http-nio-auto-15-exec-1] DEBUG o.s.c.c.CharSequenceEncoder - [59b37b3e] Writing "26. foo bar"
03:14:30.339 [http-nio-auto-15-exec-1] DEBUG o.s.c.c.CharSequenceEncoder - [59b37b3e] Writing "27. foo bar"
03:14:30.339 [http-nio-auto-15-exec-1] DEBUG o.s.c.c.CharSequenceEncoder - [59b37b3e] Writing "28. foo bar"
03:14:30.343 [http-nio-auto-15-exec-1] DEBUG o.s.c.c.CharSequenceEncoder - [59b37b3e] Writing "29. foo bar"
03:14:30.345 [http-nio-auto-15-exec-1] DEBUG o.s.c.c.CharSequenceEncoder - [59b37b3e] Writing "30. foo bar"
03:14:30.345 [http-nio-auto-15-exec-1] DEBUG o.s.c.c.CharSequenceEncoder - [59b37b3e] Writing "31. foo bar"
03:14:30.345 [http-nio-auto-15-exec-1] DEBUG o.s.c.c.CharSequenceEncoder - [59b37b3e] Writing "32. foo bar"
03:14:30.346 [http-nio-auto-15-exec-1] DEBUG o.s.c.c.CharSequenceEncoder - [59b37b3e] Writing "33. foo bar"
03:14:30.346 [http-nio-auto-15-exec-1] DEBUG o.s.c.c.CharSequenceEncoder - [59b37b3e] Writing "34. foo bar"
03:14:30.346 [http-nio-auto-15-exec-1] DEBUG o.s.c.c.CharSequenceEncoder - [59b37b3e] Writing "35. foo bar"
03:14:30.346 [http-nio-auto-15-exec-1] DEBUG o.s.c.c.CharSequenceEncoder - [59b37b3e] Writing "36. foo bar"
03:14:30.346 [http-nio-auto-15-exec-1] DEBUG o.s.c.c.CharSequenceEncoder - [59b37b3e] Writing "37. foo bar"
03:14:30.346 [http-nio-auto-15-exec-1] DEBUG o.s.c.c.CharSequenceEncoder - [59b37b3e] Writing "38. foo bar"
03:14:30.346 [http-nio-auto-15-exec-1] DEBUG o.s.c.c.CharSequenceEncoder - [59b37b3e] Writing "39. foo bar"
03:14:30.346 [http-nio-auto-15-exec-1] DEBUG o.s.c.c.CharSequenceEncoder - [59b37b3e] Writing "40. foo bar"
03:14:30.347 [http-nio-auto-15-exec-1] DEBUG o.s.c.c.CharSequenceEncoder - [59b37b3e] Writing "41. foo bar"
03:14:30.347 [http-nio-auto-15-exec-1] DEBUG o.s.c.c.CharSequenceEncoder - [59b37b3e] Writing "42. foo bar"
03:14:30.349 [http-nio-auto-15-exec-1] DEBUG o.s.c.c.CharSequenceEncoder - [59b37b3e] Writing "43. foo bar"
03:14:30.349 [http-nio-auto-15-exec-1] DEBUG o.s.c.c.CharSequenceEncoder - [59b37b3e] Writing "44. foo bar"
03:14:30.349 [http-nio-auto-15-exec-1] DEBUG o.s.c.c.CharSequenceEncoder - [59b37b3e] Writing "45. foo bar"
03:14:30.352 [http-nio-auto-15-exec-1] DEBUG o.s.c.c.CharSequenceEncoder - [59b37b3e] Writing "46. foo bar"
03:14:30.352 [http-nio-auto-15-exec-1] DEBUG o.s.c.c.CharSequenceEncoder - [59b37b3e] Writing "47. foo bar"
03:14:30.352 [http-nio-auto-15-exec-1] DEBUG o.s.c.c.CharSequenceEncoder - [59b37b3e] Writing "48. foo bar"
03:14:30.352 [http-nio-auto-15-exec-1] DEBUG o.s.c.c.CharSequenceEncoder - [59b37b3e] Writing "49. foo bar"
03:14:30.352 [http-nio-auto-15-exec-1] DEBUG o.s.c.c.CharSequenceEncoder - [59b37b3e] Writing "50. foo bar"
03:14:30.354 [http-nio-auto-15-exec-1] DEBUG o.s.c.c.CharSequenceEncoder - [59b37b3e] Writing "51. foo bar"
03:14:30.354 [http-nio-auto-15-exec-1] DEBUG o.s.c.c.CharSequenceEncoder - [59b37b3e] Writing "52. foo bar"
03:14:30.355 [http-nio-auto-15-exec-1] DEBUG o.s.c.c.CharSequenceEncoder - [59b37b3e] Writing "53. foo bar"
03:14:30.355 [http-nio-auto-15-exec-1] DEBUG o.s.c.c.CharSequenceEncoder - [59b37b3e] Writing "54. foo bar"
03:14:30.355 [http-nio-auto-15-exec-1] DEBUG o.s.c.c.CharSequenceEncoder - [59b37b3e] Writing "55. foo bar"
03:14:30.355 [http-nio-auto-15-exec-1] DEBUG o.s.c.c.CharSequenceEncoder - [59b37b3e] Writing "56. foo bar"
03:14:30.355 [http-nio-auto-15-exec-1] DEBUG o.s.c.c.CharSequenceEncoder - [59b37b3e] Writing "57. foo bar"
03:14:30.355 [http-nio-auto-15-exec-1] DEBUG o.s.c.c.CharSequenceEncoder - [59b37b3e] Writing "58. foo bar"
03:14:30.356 [http-nio-auto-15-exec-1] DEBUG o.s.c.c.CharSequenceEncoder - [59b37b3e] Writing "59. foo bar"
03:14:30.356 [http-nio-auto-15-exec-1] DEBUG o.s.c.c.CharSequenceEncoder - [59b37b3e] Writing "60. foo bar"
03:14:30.356 [http-nio-auto-15-exec-1] DEBUG o.s.c.c.CharSequenceEncoder - [59b37b3e] Writing "61. foo bar"
03:14:30.356 [http-nio-auto-15-exec-1] DEBUG o.s.c.c.CharSequenceEncoder - [59b37b3e] Writing "62. foo bar"
03:14:30.356 [http-nio-auto-15-exec-1] DEBUG o.s.c.c.CharSequenceEncoder - [59b37b3e] Writing "63. foo bar"
03:14:30.356 [http-nio-auto-15-exec-1] DEBUG o.s.c.c.CharSequenceEncoder - [59b37b3e] Writing "64. foo bar"
03:14:30.356 [http-nio-auto-15-exec-1] DEBUG o.s.c.c.CharSequenceEncoder - [59b37b3e] Writing "65. foo bar"
03:14:30.356 [http-nio-auto-15-exec-1] DEBUG o.s.c.c.CharSequenceEncoder - [59b37b3e] Writing "66. foo bar"
03:14:30.356 [http-nio-auto-15-exec-1] DEBUG o.s.c.c.CharSequenceEncoder - [59b37b3e] Writing "67. foo bar"
03:14:30.356 [http-nio-auto-15-exec-1] DEBUG o.s.c.c.CharSequenceEncoder - [59b37b3e] Writing "68. foo bar"
03:14:30.357 [http-nio-auto-15-exec-1] DEBUG o.s.c.c.CharSequenceEncoder - [59b37b3e] Writing "69. foo bar"
03:14:30.357 [http-nio-auto-15-exec-1] DEBUG o.s.c.c.CharSequenceEncoder - [59b37b3e] Writing "70. foo bar"
03:14:30.357 [http-nio-auto-15-exec-1] DEBUG o.s.c.c.CharSequenceEncoder - [59b37b3e] Writing "71. foo bar"
03:14:30.357 [http-nio-auto-15-exec-1] DEBUG o.s.c.c.CharSequenceEncoder - [59b37b3e] Writing "72. foo bar"
03:14:30.357 [http-nio-auto-15-exec-1] DEBUG o.s.c.c.CharSequenceEncoder - [59b37b3e] Writing "73. foo bar"
03:14:30.357 [http-nio-auto-15-exec-1] DEBUG o.s.c.c.CharSequenceEncoder - [59b37b3e] Writing "74. foo bar"
03:14:30.357 [http-nio-auto-15-exec-1] DEBUG o.s.c.c.CharSequenceEncoder - [59b37b3e] Writing "75. foo bar"
03:14:30.357 [http-nio-auto-15-exec-1] DEBUG o.s.c.c.CharSequenceEncoder - [59b37b3e] Writing "76. foo bar"
03:14:30.357 [http-nio-auto-15-exec-1] DEBUG o.s.c.c.CharSequenceEncoder - [59b37b3e] Writing "77. foo bar"
03:14:30.358 [http-nio-auto-15-exec-1] DEBUG o.s.c.c.CharSequenceEncoder - [59b37b3e] Writing "78. foo bar"
03:14:30.358 [http-nio-auto-15-exec-1] DEBUG o.s.c.c.CharSequenceEncoder - [59b37b3e] Writing "79. foo bar"
03:14:30.358 [http-nio-auto-15-exec-1] DEBUG o.s.c.c.CharSequenceEncoder - [59b37b3e] Writing "80. foo bar"
03:14:30.358 [http-nio-auto-15-exec-1] DEBUG o.s.c.c.CharSequenceEncoder - [59b37b3e] Writing "81. foo bar"
03:14:30.358 [http-nio-auto-15-exec-1] DEBUG o.s.c.c.CharSequenceEncoder - [59b37b3e] Writing "82. foo bar"
03:14:30.358 [http-nio-auto-15-exec-1] DEBUG o.s.c.c.CharSequenceEncoder - [59b37b3e] Writing "83. foo bar"
03:14:30.358 [http-nio-auto-15-exec-1] DEBUG o.s.c.c.CharSequenceEncoder - [59b37b3e] Writing "84. foo bar"
03:14:30.359 [http-nio-auto-15-exec-1] DEBUG o.s.c.c.CharSequenceEncoder - [59b37b3e] Writing "85. foo bar"
03:14:30.359 [http-nio-auto-15-exec-1] DEBUG o.s.c.c.CharSequenceEncoder - [59b37b3e] Writing "86. foo bar"
03:14:30.359 [http-nio-auto-15-exec-1] DEBUG o.s.c.c.CharSequenceEncoder - [59b37b3e] Writing "87. foo bar"
03:14:30.359 [http-nio-auto-15-exec-1] DEBUG o.s.c.c.CharSequenceEncoder - [59b37b3e] Writing "88. foo bar"
03:14:30.359 [http-nio-auto-15-exec-1] DEBUG o.s.c.c.CharSequenceEncoder - [59b37b3e] Writing "89. foo bar"
03:14:30.359 [http-nio-auto-15-exec-1] DEBUG o.s.c.c.CharSequenceEncoder - [59b37b3e] Writing "90. foo bar"
03:14:30.359 [http-nio-auto-15-exec-1] DEBUG o.s.c.c.CharSequenceEncoder - [59b37b3e] Writing "91. foo bar"
03:14:30.359 [http-nio-auto-15-exec-1] DEBUG o.s.c.c.CharSequenceEncoder - [59b37b3e] Writing "92. foo bar"
03:14:30.362 [http-nio-auto-15-exec-1] DEBUG o.s.c.c.CharSequenceEncoder - [59b37b3e] Writing "93. foo bar"
03:14:30.363 [http-nio-auto-15-exec-1] DEBUG o.s.c.c.CharSequenceEncoder - [59b37b3e] Writing "94. foo bar"
03:14:30.363 [http-nio-auto-15-exec-1] DEBUG o.s.c.c.CharSequenceEncoder - [59b37b3e] Writing "95. foo bar"
03:14:30.363 [http-nio-auto-15-exec-1] DEBUG o.s.c.c.CharSequenceEncoder - [59b37b3e] Writing "96. foo bar"
03:14:30.364 [http-nio-auto-15-exec-1] DEBUG o.s.c.c.CharSequenceEncoder - [59b37b3e] Writing "97. foo bar"
03:14:30.364 [http-nio-auto-15-exec-1] DEBUG o.s.c.c.CharSequenceEncoder - [59b37b3e] Writing "98. foo bar"
03:14:30.364 [http-nio-auto-15-exec-1] DEBUG o.s.c.c.CharSequenceEncoder - [59b37b3e] Writing "99. foo bar"
03:14:30.364 [http-nio-auto-15-exec-1] DEBUG o.s.c.c.CharSequenceEncoder - [59b37b3e] Writing "100. foo bar"
03:14:30.364 [http-nio-auto-15-exec-1] DEBUG o.s.c.c.CharSequenceEncoder - [59b37b3e] Writing "101. foo bar"
03:14:30.364 [http-nio-auto-15-exec-1] DEBUG o.s.c.c.CharSequenceEncoder - [59b37b3e] Writing "102. foo bar"
03:14:30.364 [http-nio-auto-15-exec-1] DEBUG o.s.c.c.CharSequenceEncoder - [59b37b3e] Writing "103. foo bar"
03:14:30.365 [http-nio-auto-15-exec-1] DEBUG o.s.c.c.CharSequenceEncoder - [59b37b3e] Writing "104. foo bar"
03:14:30.365 [http-nio-auto-15-exec-1] DEBUG o.s.c.c.CharSequenceEncoder - [59b37b3e] Writing "105. foo bar"
03:14:30.367 [http-nio-auto-15-exec-1] DEBUG o.s.c.c.CharSequenceEncoder - [59b37b3e] Writing "106. foo bar"
03:14:30.367 [http-nio-auto-15-exec-1] DEBUG o.s.c.c.CharSequenceEncoder - [59b37b3e] Writing "107. foo bar"
03:14:30.367 [http-nio-auto-15-exec-1] DEBUG o.s.c.c.CharSequenceEncoder - [59b37b3e] Writing "108. foo bar"
03:14:30.368 [http-nio-auto-15-exec-1] DEBUG o.s.c.c.CharSequenceEncoder - [59b37b3e] Writing "109. foo bar"
03:14:30.368 [http-nio-auto-15-exec-1] DEBUG o.s.c.c.CharSequenceEncoder - [59b37b3e] Writing "110. foo bar"
03:14:30.368 [http-nio-auto-15-exec-1] DEBUG o.s.c.c.CharSequenceEncoder - [59b37b3e] Writing "111. foo bar"
03:14:30.368 [http-nio-auto-15-exec-1] DEBUG o.s.c.c.CharSequenceEncoder - [59b37b3e] Writing "112. foo bar"
03:14:30.368 [http-nio-auto-15-exec-1] DEBUG o.s.c.c.CharSequenceEncoder - [59b37b3e] Writing "113. foo bar"
03:14:30.368 [http-nio-auto-15-exec-1] DEBUG o.s.c.c.CharSequenceEncoder - [59b37b3e] Writing "114. foo bar"
03:14:30.369 [http-nio-auto-15-exec-1] DEBUG o.s.c.c.CharSequenceEncoder - [59b37b3e] Writing "115. foo bar"
03:14:30.369 [http-nio-auto-15-exec-1] DEBUG o.s.c.c.CharSequenceEncoder - [59b37b3e] Writing "116. foo bar"
03:14:30.369 [http-nio-auto-15-exec-1] DEBUG o.s.c.c.CharSequenceEncoder - [59b37b3e] Writing "117. foo bar"
03:14:30.369 [http-nio-auto-15-exec-1] DEBUG o.s.c.c.CharSequenceEncoder - [59b37b3e] Writing "118. foo bar"
03:14:30.369 [http-nio-auto-15-exec-1] DEBUG o.s.c.c.CharSequenceEncoder - [59b37b3e] Writing "119. foo bar"
03:14:30.369 [http-nio-auto-15-exec-1] DEBUG o.s.c.c.CharSequenceEncoder - [59b37b3e] Writing "120. foo bar"
03:14:30.370 [http-nio-auto-15-exec-1] DEBUG o.s.c.c.CharSequenceEncoder - [59b37b3e] Writing "121. foo bar"
03:14:30.370 [http-nio-auto-15-exec-1] DEBUG o.s.c.c.CharSequenceEncoder - [59b37b3e] Writing "122. foo bar"
03:14:30.370 [http-nio-auto-15-exec-1] DEBUG o.s.c.c.CharSequenceEncoder - [59b37b3e] Writing "123. foo bar"
03:14:30.370 [http-nio-auto-15-exec-1] DEBUG o.s.c.c.CharSequenceEncoder - [59b37b3e] Writing "124. foo bar"
03:14:30.370 [http-nio-auto-15-exec-1] DEBUG o.s.c.c.CharSequenceEncoder - [59b37b3e] Writing "125. foo bar"
03:14:30.370 [http-nio-auto-15-exec-1] DEBUG o.s.c.c.CharSequenceEncoder - [59b37b3e] Writing "126. foo bar"
03:14:30.370 [http-nio-auto-15-exec-1] DEBUG o.s.c.c.CharSequenceEncoder - [59b37b3e] Writing "127. foo bar"
03:14:30.370 [http-nio-auto-15-exec-1] DEBUG o.s.c.c.CharSequenceEncoder - [59b37b3e] Writing "128. foo bar"
03:14:30.370 [http-nio-auto-15-exec-1] DEBUG o.s.c.c.CharSequenceEncoder - [59b37b3e] Writing "129. foo bar"
03:14:30.371 [http-nio-auto-15-exec-1] DEBUG o.s.c.c.CharSequenceEncoder - [59b37b3e] Writing "130. foo bar"
03:14:30.371 [http-nio-auto-15-exec-1] DEBUG o.s.c.c.CharSequenceEncoder - [59b37b3e] Writing "131. foo bar"
03:14:30.371 [http-nio-auto-15-exec-1] DEBUG o.s.c.c.CharSequenceEncoder - [59b37b3e] Writing "132. foo bar"
03:14:30.373 [http-nio-auto-15-exec-1] DEBUG o.s.c.c.CharSequenceEncoder - [59b37b3e] Writing "133. foo bar"
03:14:30.373 [http-nio-auto-15-exec-1] DEBUG o.s.c.c.CharSequenceEncoder - [59b37b3e] Writing "134. foo bar"
03:14:30.373 [http-nio-auto-15-exec-1] DEBUG o.s.c.c.CharSequenceEncoder - [59b37b3e] Writing "135. foo bar"
03:14:30.373 [http-nio-auto-15-exec-1] DEBUG o.s.c.c.CharSequenceEncoder - [59b37b3e] Writing "136. foo bar"
03:14:30.373 [http-nio-auto-15-exec-1] DEBUG o.s.c.c.CharSequenceEncoder - [59b37b3e] Writing "137. foo bar"
03:14:30.374 [http-nio-auto-15-exec-1] DEBUG o.s.c.c.CharSequenceEncoder - [59b37b3e] Writing "138. foo bar"
03:14:30.374 [http-nio-auto-15-exec-1] DEBUG o.s.c.c.CharSequenceEncoder - [59b37b3e] Writing "139. foo bar"
03:14:30.374 [http-nio-auto-15-exec-1] DEBUG o.s.c.c.CharSequenceEncoder - [59b37b3e] Writing "140. foo bar"
03:14:30.374 [http-nio-auto-15-exec-1] DEBUG o.s.c.c.CharSequenceEncoder - [59b37b3e] Writing "141. foo bar"
03:14:30.374 [http-nio-auto-15-exec-1] DEBUG o.s.c.c.CharSequenceEncoder - [59b37b3e] Writing "142. foo bar"
03:14:30.375 [http-nio-auto-15-exec-1] DEBUG o.s.c.c.CharSequenceEncoder - [59b37b3e] Writing "143. foo bar"
03:14:30.375 [http-nio-auto-15-exec-1] DEBUG o.s.c.c.CharSequenceEncoder - [59b37b3e] Writing "144. foo bar"
03:14:30.375 [http-nio-auto-15-exec-1] DEBUG o.s.c.c.CharSequenceEncoder - [59b37b3e] Writing "145. foo bar"
03:14:30.375 [http-nio-auto-15-exec-1] DEBUG o.s.c.c.CharSequenceEncoder - [59b37b3e] Writing "146. foo bar"
03:14:30.375 [http-nio-auto-15-exec-1] DEBUG o.s.c.c.CharSequenceEncoder - [59b37b3e] Writing "147. foo bar"
03:14:30.375 [http-nio-auto-15-exec-1] DEBUG o.s.c.c.CharSequenceEncoder - [59b37b3e] Writing "148. foo bar"
03:14:30.375 [http-nio-auto-15-exec-1] DEBUG o.s.c.c.CharSequenceEncoder - [59b37b3e] Writing "149. foo bar"
03:14:30.375 [http-nio-auto-15-exec-1] DEBUG o.s.c.c.CharSequenceEncoder - [59b37b3e] Writing "150. foo bar"
03:14:30.377 [http-nio-auto-15-exec-1] DEBUG o.s.c.c.CharSequenceEncoder - [59b37b3e] Writing "151. foo bar"
03:14:30.377 [http-nio-auto-15-exec-1] DEBUG o.s.c.c.CharSequenceEncoder - [59b37b3e] Writing "152. foo bar"
03:14:30.377 [http-nio-auto-15-exec-1] DEBUG o.s.c.c.CharSequenceEncoder - [59b37b3e] Writing "153. foo bar"
03:14:30.378 [http-nio-auto-15-exec-1] DEBUG o.s.c.c.CharSequenceEncoder - [59b37b3e] Writing "154. foo bar"
03:14:30.378 [http-nio-auto-15-exec-1] DEBUG o.s.c.c.CharSequenceEncoder - [59b37b3e] Writing "155. foo bar"
03:14:30.378 [http-nio-auto-15-exec-1] DEBUG o.s.c.c.CharSequenceEncoder - [59b37b3e] Writing "156. foo bar"
03:14:30.379 [http-nio-auto-15-exec-1] DEBUG o.s.c.c.CharSequenceEncoder - [59b37b3e] Writing "157. foo bar"
03:14:30.379 [http-nio-auto-15-exec-1] DEBUG o.s.c.c.CharSequenceEncoder - [59b37b3e] Writing "158. foo bar"
03:14:30.379 [http-nio-auto-15-exec-1] DEBUG o.s.c.c.CharSequenceEncoder - [59b37b3e] Writing "159. foo bar"
03:14:30.380 [http-nio-auto-15-exec-1] DEBUG o.s.c.c.CharSequenceEncoder - [59b37b3e] Writing "160. foo bar"
03:14:30.380 [http-nio-auto-15-exec-1] DEBUG o.s.c.c.CharSequenceEncoder - [59b37b3e] Writing "161. foo bar"
03:14:30.380 [http-nio-auto-15-exec-1] DEBUG o.s.c.c.CharSequenceEncoder - [59b37b3e] Writing "162. foo bar"
03:14:30.380 [http-nio-auto-15-exec-1] DEBUG o.s.c.c.CharSequenceEncoder - [59b37b3e] Writing "163. foo bar"
03:14:30.380 [http-nio-auto-15-exec-1] DEBUG o.s.c.c.CharSequenceEncoder - [59b37b3e] Writing "164. foo bar"
03:14:30.380 [http-nio-auto-15-exec-1] DEBUG o.s.c.c.CharSequenceEncoder - [59b37b3e] Writing "165. foo bar"
03:14:30.380 [http-nio-auto-15-exec-1] DEBUG o.s.c.c.CharSequenceEncoder - [59b37b3e] Writing "166. foo bar"
03:14:30.380 [http-nio-auto-15-exec-1] DEBUG o.s.c.c.CharSequenceEncoder - [59b37b3e] Writing "167. foo bar"
03:14:30.380 [http-nio-auto-15-exec-1] DEBUG o.s.c.c.CharSequenceEncoder - [59b37b3e] Writing "168. foo bar"
03:14:30.380 [http-nio-auto-15-exec-1] DEBUG o.s.c.c.CharSequenceEncoder - [59b37b3e] Writing "169. foo bar"
03:14:30.380 [http-nio-auto-15-exec-1] DEBUG o.s.c.c.CharSequenceEncoder - [59b37b3e] Writing "170. foo bar"
03:14:30.380 [http-nio-auto-15-exec-1] DEBUG o.s.c.c.CharSequenceEncoder - [59b37b3e] Writing "171. foo bar"
03:14:30.380 [http-nio-auto-15-exec-1] DEBUG o.s.c.c.CharSequenceEncoder - [59b37b3e] Writing "172. foo bar"
03:14:30.380 [http-nio-auto-15-exec-1] DEBUG o.s.c.c.CharSequenceEncoder - [59b37b3e] Writing "173. foo bar"
03:14:30.381 [http-nio-auto-15-exec-1] DEBUG o.s.c.c.CharSequenceEncoder - [59b37b3e] Writing "174. foo bar"
03:14:30.382 [http-nio-auto-15-exec-1] DEBUG o.s.c.c.CharSequenceEncoder - [59b37b3e] Writing "175. foo bar"
03:14:30.382 [http-nio-auto-15-exec-1] DEBUG o.s.c.c.CharSequenceEncoder - [59b37b3e] Writing "176. foo bar"
03:14:30.383 [http-nio-auto-15-exec-1] DEBUG o.s.c.c.CharSequenceEncoder - [59b37b3e] Writing "177. foo bar"
03:14:30.383 [http-nio-auto-15-exec-1] DEBUG o.s.c.c.CharSequenceEncoder - [59b37b3e] Writing "178. foo bar"
03:14:30.383 [http-nio-auto-15-exec-1] DEBUG o.s.c.c.CharSequenceEncoder - [59b37b3e] Writing "179. foo bar"
03:14:30.383 [http-nio-auto-15-exec-1] DEBUG o.s.c.c.CharSequenceEncoder - [59b37b3e] Writing "180. foo bar"
03:14:30.383 [http-nio-auto-15-exec-1] DEBUG o.s.c.c.CharSequenceEncoder - [59b37b3e] Writing "181. foo bar"
03:14:30.384 [http-nio-auto-15-exec-1] DEBUG o.s.c.c.CharSequenceEncoder - [59b37b3e] Writing "182. foo bar"
03:14:30.385 [http-nio-auto-15-exec-1] DEBUG o.s.c.c.CharSequenceEncoder - [59b37b3e] Writing "183. foo bar"
03:14:30.385 [http-nio-auto-15-exec-1] DEBUG o.s.c.c.CharSequenceEncoder - [59b37b3e] Writing "184. foo bar"
03:14:30.385 [http-nio-auto-15-exec-1] DEBUG o.s.c.c.CharSequenceEncoder - [59b37b3e] Writing "185. foo bar"
03:14:30.385 [http-nio-auto-15-exec-1] DEBUG o.s.c.c.CharSequenceEncoder - [59b37b3e] Writing "186. foo bar"
03:14:30.385 [http-nio-auto-15-exec-1] DEBUG o.s.c.c.CharSequenceEncoder - [59b37b3e] Writing "187. foo bar"
03:14:30.385 [http-nio-auto-15-exec-1] DEBUG o.s.c.c.CharSequenceEncoder - [59b37b3e] Writing "188. foo bar"
03:14:30.385 [http-nio-auto-15-exec-1] DEBUG o.s.c.c.CharSequenceEncoder - [59b37b3e] Writing "189. foo bar"
03:14:30.385 [http-nio-auto-15-exec-1] DEBUG o.s.c.c.CharSequenceEncoder - [59b37b3e] Writing "190. foo bar"
03:14:30.385 [http-nio-auto-15-exec-1] DEBUG o.s.c.c.CharSequenceEncoder - [59b37b3e] Writing "191. foo bar"
03:14:30.385 [http-nio-auto-15-exec-1] DEBUG o.s.c.c.CharSequenceEncoder - [59b37b3e] Writing "192. foo bar"
03:14:30.386 [http-nio-auto-15-exec-1] DEBUG o.s.c.c.CharSequenceEncoder - [59b37b3e] Writing "193. foo bar"
03:14:30.386 [http-nio-auto-15-exec-1] DEBUG o.s.c.c.CharSequenceEncoder - [59b37b3e] Writing "194. foo bar"
03:14:30.386 [http-nio-auto-15-exec-1] DEBUG o.s.c.c.CharSequenceEncoder - [59b37b3e] Writing "195. foo bar"
03:14:30.386 [http-nio-auto-15-exec-1] DEBUG o.s.c.c.CharSequenceEncoder - [59b37b3e] Writing "196. foo bar"
03:14:30.386 [http-nio-auto-15-exec-1] DEBUG o.s.c.c.CharSequenceEncoder - [59b37b3e] Writing "197. foo bar"
03:14:30.386 [http-nio-auto-15-exec-1] DEBUG o.s.c.c.CharSequenceEncoder - [59b37b3e] Writing "198. foo bar"
03:14:30.387 [http-nio-auto-15-exec-1] DEBUG o.s.c.c.CharSequenceEncoder - [59b37b3e] Writing "199. foo bar"
03:14:30.389 [http-nio-auto-15-exec-1] DEBUG o.s.c.c.CharSequenceEncoder - [59b37b3e] Writing "200. foo bar"
03:14:30.389 [http-nio-auto-15-exec-1] DEBUG o.s.c.c.CharSequenceEncoder - [59b37b3e] Writing "201. foo bar"
03:14:30.389 [http-nio-auto-15-exec-1] DEBUG o.s.c.c.CharSequenceEncoder - [59b37b3e] Writing "202. foo bar"
03:14:30.389 [http-nio-auto-15-exec-1] DEBUG o.s.c.c.CharSequenceEncoder - [59b37b3e] Writing "203. foo bar"
03:14:30.392 [http-nio-auto-15-exec-1] DEBUG o.s.c.c.CharSequenceEncoder - [59b37b3e] Writing "204. foo bar"
03:14:30.393 [http-nio-auto-15-exec-1] DEBUG o.s.c.c.CharSequenceEncoder - [59b37b3e] Writing "205. foo bar"
03:14:30.393 [http-nio-auto-15-exec-1] DEBUG o.s.c.c.CharSequenceEncoder - [59b37b3e] Writing "206. foo bar"
03:14:30.393 [http-nio-auto-15-exec-1] DEBUG o.s.c.c.CharSequenceEncoder - [59b37b3e] Writing "207. foo bar"
03:14:30.393 [http-nio-auto-15-exec-1] DEBUG o.s.c.c.CharSequenceEncoder - [59b37b3e] Writing "208. foo bar"
03:14:30.393 [http-nio-auto-15-exec-1] DEBUG o.s.c.c.CharSequenceEncoder - [59b37b3e] Writing "209. foo bar"
03:14:30.393 [http-nio-auto-15-exec-1] DEBUG o.s.c.c.CharSequenceEncoder - [59b37b3e] Writing "210. foo bar"
03:14:30.393 [http-nio-auto-15-exec-1] DEBUG o.s.c.c.CharSequenceEncoder - [59b37b3e] Writing "211. foo bar"
03:14:30.395 [http-nio-auto-15-exec-1] DEBUG o.s.c.c.CharSequenceEncoder - [59b37b3e] Writing "212. foo bar"
03:14:30.395 [http-nio-auto-15-exec-1] DEBUG o.s.c.c.CharSequenceEncoder - [59b37b3e] Writing "213. foo bar"
03:14:30.395 [http-nio-auto-15-exec-1] DEBUG o.s.c.c.CharSequenceEncoder - [59b37b3e] Writing "214. foo bar"
03:14:30.395 [http-nio-auto-15-exec-1] DEBUG o.s.c.c.CharSequenceEncoder - [59b37b3e] Writing "215. foo bar"
03:14:30.395 [http-nio-auto-15-exec-1] DEBUG o.s.c.c.CharSequenceEncoder - [59b37b3e] Writing "216. foo bar"
03:14:30.396 [http-nio-auto-15-exec-1] DEBUG o.s.c.c.CharSequenceEncoder - [59b37b3e] Writing "217. foo bar"
03:14:30.396 [http-nio-auto-15-exec-1] DEBUG o.s.c.c.CharSequenceEncoder - [59b37b3e] Writing "218. foo bar"
03:14:30.397 [http-nio-auto-15-exec-1] DEBUG o.s.c.c.CharSequenceEncoder - [59b37b3e] Writing "219. foo bar"
03:14:30.397 [http-nio-auto-15-exec-1] DEBUG o.s.c.c.CharSequenceEncoder - [59b37b3e] Writing "220. foo bar"
03:14:30.399 [http-nio-auto-15-exec-1] DEBUG o.s.c.c.CharSequenceEncoder - [59b37b3e] Writing "221. foo bar"
03:14:30.399 [http-nio-auto-15-exec-1] DEBUG o.s.c.c.CharSequenceEncoder - [59b37b3e] Writing "222. foo bar"
03:14:30.399 [http-nio-auto-15-exec-1] DEBUG o.s.c.c.CharSequenceEncoder - [59b37b3e] Writing "223. foo bar"
03:14:30.400 [http-nio-auto-15-exec-1] DEBUG o.s.c.c.CharSequenceEncoder - [59b37b3e] Writing "224. foo bar"
03:14:30.400 [http-nio-auto-15-exec-1] DEBUG o.s.c.c.CharSequenceEncoder - [59b37b3e] Writing "225. foo bar"
03:14:30.400 [http-nio-auto-15-exec-1] DEBUG o.s.c.c.CharSequenceEncoder - [59b37b3e] Writing "226. foo bar"
03:14:30.400 [http-nio-auto-15-exec-1] DEBUG o.s.c.c.CharSequenceEncoder - [59b37b3e] Writing "227. foo bar"
03:14:30.400 [http-nio-auto-15-exec-1] DEBUG o.s.c.c.CharSequenceEncoder - [59b37b3e] Writing "228. foo bar"
03:14:30.400 [http-nio-auto-15-exec-1] DEBUG o.s.c.c.CharSequenceEncoder - [59b37b3e] Writing "229. foo bar"
03:14:30.400 [http-nio-auto-15-exec-1] DEBUG o.s.c.c.CharSequenceEncoder - [59b37b3e] Writing "230. foo bar"
03:14:30.400 [http-nio-auto-15-exec-1] DEBUG o.s.c.c.CharSequenceEncoder - [59b37b3e] Writing "231. foo bar"
03:14:30.400 [http-nio-auto-15-exec-1] DEBUG o.s.c.c.CharSequenceEncoder - [59b37b3e] Writing "232. foo bar"
03:14:30.400 [http-nio-auto-15-exec-1] DEBUG o.s.c.c.CharSequenceEncoder - [59b37b3e] Writing "233. foo bar"
03:14:30.406 [http-nio-auto-15-exec-1] DEBUG o.s.c.c.CharSequenceEncoder - [59b37b3e] Writing "234. foo bar"
03:14:30.406 [http-nio-auto-15-exec-1] DEBUG o.s.c.c.CharSequenceEncoder - [59b37b3e] Writing "235. foo bar"
03:14:30.406 [http-nio-auto-15-exec-1] DEBUG o.s.c.c.CharSequenceEncoder - [59b37b3e] Writing "236. foo bar"
03:14:30.406 [http-nio-auto-15-exec-1] DEBUG o.s.c.c.CharSequenceEncoder - [59b37b3e] Writing "237. foo bar"
03:14:30.409 [http-nio-auto-15-exec-1] DEBUG o.s.c.c.CharSequenceEncoder - [59b37b3e] Writing "238. foo bar"
03:14:30.409 [http-nio-auto-15-exec-1] DEBUG o.s.c.c.CharSequenceEncoder - [59b37b3e] Writing "239. foo bar"
03:14:30.410 [http-nio-auto-15-exec-1] DEBUG o.s.c.c.CharSequenceEncoder - [59b37b3e] Writing "240. foo bar"
03:14:30.410 [http-nio-auto-15-exec-1] DEBUG o.s.c.c.CharSequenceEncoder - [59b37b3e] Writing "241. foo bar"
03:14:30.411 [http-nio-auto-15-exec-1] DEBUG o.s.c.c.CharSequenceEncoder - [59b37b3e] Writing "242. foo bar"
03:14:30.411 [http-nio-auto-15-exec-1] DEBUG o.s.c.c.CharSequenceEncoder - [59b37b3e] Writing "243. foo bar"
03:14:30.411 [http-nio-auto-15-exec-1] DEBUG o.s.c.c.CharSequenceEncoder - [59b37b3e] Writing "244. foo bar"
03:14:30.411 [http-nio-auto-15-exec-1] DEBUG o.s.c.c.CharSequenceEncoder - [59b37b3e] Writing "245. foo bar"
03:14:30.411 [http-nio-auto-15-exec-1] DEBUG o.s.c.c.CharSequenceEncoder - [59b37b3e] Writing "246. foo bar"
03:14:30.411 [http-nio-auto-15-exec-1] DEBUG o.s.c.c.CharSequenceEncoder - [59b37b3e] Writing "247. foo bar"
03:14:30.411 [http-nio-auto-15-exec-1] DEBUG o.s.c.c.CharSequenceEncoder - [59b37b3e] Writing "248. foo bar"
03:14:30.412 [http-nio-auto-15-exec-1] DEBUG o.s.c.c.CharSequenceEncoder - [59b37b3e] Writing "249. foo bar"
03:14:30.412 [http-nio-auto-15-exec-1] DEBUG o.s.c.c.CharSequenceEncoder - [59b37b3e] Writing "250. foo bar"
03:14:30.412 [http-nio-auto-15-exec-1] DEBUG o.s.c.c.CharSequenceEncoder - [59b37b3e] Writing "251. foo bar"
03:14:30.412 [http-nio-auto-15-exec-1] DEBUG o.s.c.c.CharSequenceEncoder - [59b37b3e] Writing "252. foo bar"
03:14:30.413 [http-nio-auto-15-exec-1] DEBUG o.s.c.c.CharSequenceEncoder - [59b37b3e] Writing "253. foo bar"
03:14:30.413 [http-nio-auto-15-exec-1] DEBUG o.s.c.c.CharSequenceEncoder - [59b37b3e] Writing "254. foo bar"
03:14:30.433 [http-nio-auto-15-exec-1] DEBUG o.s.c.c.CharSequenceEncoder - [59b37b3e] Writing "255. foo bar"
03:14:30.433 [http-nio-auto-15-exec-1] DEBUG o.s.c.c.CharSequenceEncoder - [59b37b3e] Writing "256. foo bar"
03:14:30.434 [http-nio-auto-15-exec-1] DEBUG o.s.c.c.CharSequenceEncoder - [59b37b3e] Writing "257. foo bar"
03:14:30.434 [http-nio-auto-15-exec-1] DEBUG o.s.c.c.CharSequenceEncoder - [59b37b3e] Writing "258. foo bar"
03:14:30.434 [http-nio-auto-15-exec-1] DEBUG o.s.c.c.CharSequenceEncoder - [59b37b3e] Writing "259. foo bar"
03:14:30.434 [http-nio-auto-15-exec-1] DEBUG o.s.c.c.CharSequenceEncoder - [59b37b3e] Writing "260. foo bar"
03:14:30.434 [http-nio-auto-15-exec-1] DEBUG o.s.c.c.CharSequenceEncoder - [59b37b3e] Writing "261. foo bar"
03:14:30.434 [http-nio-auto-15-exec-1] DEBUG o.s.c.c.CharSequenceEncoder - [59b37b3e] Writing "262. foo bar"
03:14:30.435 [http-nio-auto-15-exec-1] DEBUG o.s.c.c.CharSequenceEncoder - [59b37b3e] Writing "263. foo bar"
03:14:30.436 [http-nio-auto-15-exec-1] DEBUG o.s.c.c.CharSequenceEncoder - [59b37b3e] Writing "264. foo bar"
03:14:30.436 [http-nio-auto-15-exec-1] DEBUG o.s.c.c.CharSequenceEncoder - [59b37b3e] Writing "265. foo bar"
03:14:30.436 [http-nio-auto-15-exec-1] DEBUG o.s.c.c.CharSequenceEncoder - [59b37b3e] Writing "266. foo bar"
03:14:30.436 [http-nio-auto-15-exec-1] DEBUG o.s.c.c.CharSequenceEncoder - [59b37b3e] Writing "267. foo bar"
03:14:30.436 [http-nio-auto-15-exec-1] DEBUG o.s.c.c.CharSequenceEncoder - [59b37b3e] Writing "268. foo bar"
03:14:30.436 [http-nio-auto-15-exec-1] DEBUG o.s.c.c.CharSequenceEncoder - [59b37b3e] Writing "269. foo bar"
03:14:30.437 [http-nio-auto-15-exec-1] DEBUG o.s.c.c.CharSequenceEncoder - [59b37b3e] Writing "270. foo bar"
03:14:30.437 [http-nio-auto-15-exec-1] DEBUG o.s.c.c.CharSequenceEncoder - [59b37b3e] Writing "271. foo bar"
03:14:30.437 [http-nio-auto-15-exec-1] DEBUG o.s.c.c.CharSequenceEncoder - [59b37b3e] Writing "272. foo bar"
03:14:30.437 [http-nio-auto-15-exec-1] DEBUG o.s.c.c.CharSequenceEncoder - [59b37b3e] Writing "273. foo bar"
03:14:30.437 [http-nio-auto-15-exec-1] DEBUG o.s.c.c.CharSequenceEncoder - [59b37b3e] Writing "274. foo bar"
03:14:30.437 [http-nio-auto-15-exec-1] DEBUG o.s.c.c.CharSequenceEncoder - [59b37b3e] Writing "275. foo bar"
03:14:30.437 [http-nio-auto-15-exec-1] DEBUG o.s.c.c.CharSequenceEncoder - [59b37b3e] Writing "276. foo bar"
03:14:30.437 [http-nio-auto-15-exec-1] DEBUG o.s.c.c.CharSequenceEncoder - [59b37b3e] Writing "277. foo bar"
03:14:30.437 [http-nio-auto-15-exec-1] DEBUG o.s.c.c.CharSequenceEncoder - [59b37b3e] Writing "278. foo bar"
03:14:30.437 [http-nio-auto-15-exec-1] DEBUG o.s.c.c.CharSequenceEncoder - [59b37b3e] Writing "279. foo bar"
03:14:30.437 [http-nio-auto-15-exec-1] DEBUG o.s.c.c.CharSequenceEncoder - [59b37b3e] Writing "280. foo bar"
03:14:30.437 [http-nio-auto-15-exec-1] DEBUG o.s.c.c.CharSequenceEncoder - [59b37b3e] Writing "281. foo bar"
03:14:30.437 [http-nio-auto-15-exec-1] DEBUG o.s.c.c.CharSequenceEncoder - [59b37b3e] Writing "282. foo bar"
03:14:30.437 [http-nio-auto-15-exec-1] DEBUG o.s.c.c.CharSequenceEncoder - [59b37b3e] Writing "283. foo bar"
03:14:30.437 [http-nio-auto-15-exec-1] DEBUG o.s.c.c.CharSequenceEncoder - [59b37b3e] Writing "284. foo bar"
03:14:30.438 [http-nio-auto-15-exec-1] DEBUG o.s.c.c.CharSequenceEncoder - [59b37b3e] Writing "285. foo bar"
03:14:30.438 [http-nio-auto-15-exec-1] DEBUG o.s.c.c.CharSequenceEncoder - [59b37b3e] Writing "286. foo bar"
03:14:30.438 [http-nio-auto-15-exec-1] DEBUG o.s.c.c.CharSequenceEncoder - [59b37b3e] Writing "287. foo bar"
03:14:30.438 [http-nio-auto-15-exec-1] DEBUG o.s.c.c.CharSequenceEncoder - [59b37b3e] Writing "288. foo bar"
03:14:30.438 [http-nio-auto-15-exec-1] DEBUG o.s.c.c.CharSequenceEncoder - [59b37b3e] Writing "289. foo bar"
03:14:30.438 [http-nio-auto-15-exec-1] DEBUG o.s.c.c.CharSequenceEncoder - [59b37b3e] Writing "290. foo bar"
03:14:30.438 [http-nio-auto-15-exec-1] DEBUG o.s.c.c.CharSequenceEncoder - [59b37b3e] Writing "291. foo bar"
03:14:30.438 [http-nio-auto-15-exec-1] DEBUG o.s.c.c.CharSequenceEncoder - [59b37b3e] Writing "292. foo bar"
03:14:30.438 [http-nio-auto-15-exec-1] DEBUG o.s.c.c.CharSequenceEncoder - [59b37b3e] Writing "293. foo bar"
03:14:30.439 [http-nio-auto-15-exec-1] DEBUG o.s.c.c.CharSequenceEncoder - [59b37b3e] Writing "294. foo bar"
03:14:30.440 [http-nio-auto-15-exec-1] DEBUG o.s.c.c.CharSequenceEncoder - [59b37b3e] Writing "295. foo bar"
03:14:30.440 [http-nio-auto-15-exec-1] DEBUG o.s.c.c.CharSequenceEncoder - [59b37b3e] Writing "296. foo bar"
03:14:30.440 [http-nio-auto-15-exec-1] DEBUG o.s.c.c.CharSequenceEncoder - [59b37b3e] Writing "297. foo bar"
03:14:30.440 [http-nio-auto-15-exec-1] DEBUG o.s.c.c.CharSequenceEncoder - [59b37b3e] Writing "298. foo bar"
03:14:30.440 [http-nio-auto-15-exec-1] DEBUG o.s.c.c.CharSequenceEncoder - [59b37b3e] Writing "299. foo bar"
03:14:30.440 [http-nio-auto-15-exec-1] DEBUG o.s.c.c.CharSequenceEncoder - [59b37b3e] Writing "300. foo bar"
03:14:30.440 [http-nio-auto-15-exec-1] DEBUG o.s.c.c.CharSequenceEncoder - [59b37b3e] Writing "301. foo bar"
03:14:30.441 [http-nio-auto-15-exec-1] DEBUG o.s.c.c.CharSequenceEncoder - [59b37b3e] Writing "302. foo bar"
03:14:30.441 [http-nio-auto-15-exec-1] DEBUG o.s.c.c.CharSequenceEncoder - [59b37b3e] Writing "303. foo bar"
03:14:30.441 [http-nio-auto-15-exec-1] DEBUG o.s.c.c.CharSequenceEncoder - [59b37b3e] Writing "304. foo bar"
03:14:30.441 [http-nio-auto-15-exec-1] DEBUG o.s.c.c.CharSequenceEncoder - [59b37b3e] Writing "305. foo bar"
03:14:30.441 [http-nio-auto-15-exec-1] DEBUG o.s.c.c.CharSequenceEncoder - [59b37b3e] Writing "306. foo bar"
03:14:30.441 [http-nio-auto-15-exec-1] DEBUG o.s.c.c.CharSequenceEncoder - [59b37b3e] Writing "307. foo bar"
03:14:30.441 [http-nio-auto-15-exec-1] DEBUG o.s.c.c.CharSequenceEncoder - [59b37b3e] Writing "308. foo bar"
03:14:30.441 [http-nio-auto-15-exec-1] DEBUG o.s.c.c.CharSequenceEncoder - [59b37b3e] Writing "309. foo bar"
03:14:30.441 [http-nio-auto-15-exec-1] DEBUG o.s.c.c.CharSequenceEncoder - [59b37b3e] Writing "310. foo bar"
03:14:30.441 [http-nio-auto-15-exec-1] DEBUG o.s.c.c.CharSequenceEncoder - [59b37b3e] Writing "311. foo bar"
03:14:30.441 [http-nio-auto-15-exec-1] DEBUG o.s.c.c.CharSequenceEncoder - [59b37b3e] Writing "312. foo bar"
03:14:30.441 [http-nio-auto-15-exec-1] DEBUG o.s.c.c.CharSequenceEncoder - [59b37b3e] Writing "313. foo bar"
03:14:30.441 [http-nio-auto-15-exec-1] DEBUG o.s.c.c.CharSequenceEncoder - [59b37b3e] Writing "314. foo bar"
03:14:30.442 [http-nio-auto-15-exec-1] DEBUG o.s.c.c.CharSequenceEncoder - [59b37b3e] Writing "315. foo bar"
03:14:30.442 [http-nio-auto-15-exec-1] DEBUG o.s.c.c.CharSequenceEncoder - [59b37b3e] Writing "316. foo bar"
03:14:30.446 [http-nio-auto-15-exec-1] DEBUG o.s.c.c.CharSequenceEncoder - [59b37b3e] Writing "317. foo bar"
03:14:30.446 [http-nio-auto-15-exec-1] DEBUG o.s.c.c.CharSequenceEncoder - [59b37b3e] Writing "318. foo bar"
03:14:30.447 [http-nio-auto-15-exec-1] DEBUG o.s.c.c.CharSequenceEncoder - [59b37b3e] Writing "319. foo bar"
03:14:30.447 [http-nio-auto-15-exec-1] DEBUG o.s.c.c.CharSequenceEncoder - [59b37b3e] Writing "320. foo bar"
03:14:30.447 [http-nio-auto-15-exec-1] DEBUG o.s.c.c.CharSequenceEncoder - [59b37b3e] Writing "321. foo bar"
03:14:30.447 [http-nio-auto-15-exec-1] DEBUG o.s.c.c.CharSequenceEncoder - [59b37b3e] Writing "322. foo bar"
03:14:30.447 [http-nio-auto-15-exec-1] DEBUG o.s.c.c.CharSequenceEncoder - [59b37b3e] Writing "323. foo bar"
03:14:30.447 [http-nio-auto-15-exec-1] DEBUG o.s.c.c.CharSequenceEncoder - [59b37b3e] Writing "324. foo bar"
03:14:30.448 [http-nio-auto-15-exec-1] DEBUG o.s.c.c.CharSequenceEncoder - [59b37b3e] Writing "325. foo bar"
03:14:30.448 [http-nio-auto-15-exec-1] DEBUG o.s.c.c.CharSequenceEncoder - [59b37b3e] Writing "326. foo bar"
03:14:30.448 [http-nio-auto-15-exec-1] DEBUG o.s.c.c.CharSequenceEncoder - [59b37b3e] Writing "327. foo bar"
03:14:30.448 [http-nio-auto-15-exec-1] DEBUG o.s.c.c.CharSequenceEncoder - [59b37b3e] Writing "328. foo bar"
03:14:30.448 [http-nio-auto-15-exec-1] DEBUG o.s.c.c.CharSequenceEncoder - [59b37b3e] Writing "329. foo bar"
03:14:30.448 [http-nio-auto-15-exec-1] DEBUG o.s.c.c.CharSequenceEncoder - [59b37b3e] Writing "330. foo bar"
03:14:30.450 [http-nio-auto-15-exec-1] DEBUG o.s.c.c.CharSequenceEncoder - [59b37b3e] Writing "331. foo bar"
03:14:30.451 [http-nio-auto-15-exec-1] DEBUG o.s.c.c.CharSequenceEncoder - [59b37b3e] Writing "332. foo bar"
03:14:30.452 [http-nio-auto-15-exec-1] DEBUG o.s.c.c.CharSequenceEncoder - [59b37b3e] Writing "333. foo bar"
03:14:30.452 [http-nio-auto-15-exec-1] DEBUG o.s.c.c.CharSequenceEncoder - [59b37b3e] Writing "334. foo bar"
03:14:30.452 [http-nio-auto-15-exec-1] DEBUG o.s.c.c.CharSequenceEncoder - [59b37b3e] Writing "335. foo bar"
03:14:30.452 [http-nio-auto-15-exec-1] DEBUG o.s.c.c.CharSequenceEncoder - [59b37b3e] Writing "336. foo bar"
03:14:30.452 [http-nio-auto-15-exec-1] DEBUG o.s.c.c.CharSequenceEncoder - [59b37b3e] Writing "337. foo bar"
03:14:30.452 [http-nio-auto-15-exec-1] DEBUG o.s.c.c.CharSequenceEncoder - [59b37b3e] Writing "338. foo bar"
03:14:30.453 [http-nio-auto-15-exec-1] DEBUG o.s.c.c.CharSequenceEncoder - [59b37b3e] Writing "339. foo bar"
03:14:30.571 [http-nio-auto-15-exec-1] DEBUG o.s.c.c.CharSequenceEncoder - [59b37b3e] Writing "340. foo bar"
03:14:30.572 [http-nio-auto-15-exec-1] DEBUG o.s.c.c.CharSequenceEncoder - [59b37b3e] Writing "341. foo bar"
03:14:30.573 [http-nio-auto-15-exec-1] DEBUG o.s.c.c.CharSequenceEncoder - [59b37b3e] Writing "342. foo bar"
03:14:30.573 [http-nio-auto-15-exec-1] DEBUG o.s.c.c.CharSequenceEncoder - [59b37b3e] Writing "343. foo bar"
03:14:30.573 [http-nio-auto-15-exec-1] DEBUG o.s.c.c.CharSequenceEncoder - [59b37b3e] Writing "344. foo bar"
03:14:30.574 [http-nio-auto-15-exec-1] DEBUG o.s.c.c.CharSequenceEncoder - [59b37b3e] Writing "345. foo bar"
03:14:30.574 [http-nio-auto-15-exec-1] DEBUG o.s.c.c.CharSequenceEncoder - [59b37b3e] Writing "346. foo bar"
03:14:30.574 [http-nio-auto-15-exec-1] DEBUG o.s.c.c.CharSequenceEncoder - [59b37b3e] Writing "347. foo bar"
03:14:30.579 [http-nio-auto-15-exec-1] DEBUG o.s.c.c.CharSequenceEncoder - [59b37b3e] Writing "348. foo bar"
03:14:30.586 [http-nio-auto-15-exec-1] DEBUG o.s.c.c.CharSequenceEncoder - [59b37b3e] Writing "349. foo bar"
03:14:30.587 [http-nio-auto-15-exec-1] DEBUG o.s.c.c.CharSequenceEncoder - [59b37b3e] Writing "350. foo bar"
03:14:30.587 [http-nio-auto-15-exec-1] DEBUG o.s.c.c.CharSequenceEncoder - [59b37b3e] Writing "351. foo bar"
03:14:30.589 [http-nio-auto-15-exec-1] DEBUG o.s.c.c.CharSequenceEncoder - [59b37b3e] Writing "352. foo bar"
03:14:30.591 [http-nio-auto-15-exec-1] DEBUG o.s.c.c.CharSequenceEncoder - [59b37b3e] Writing "353. foo bar"
03:14:30.595 [http-nio-auto-15-exec-1] DEBUG o.s.c.c.CharSequenceEncoder - [59b37b3e] Writing "354. foo bar"
03:14:30.598 [http-nio-auto-15-exec-1] DEBUG o.s.c.c.CharSequenceEncoder - [59b37b3e] Writing "355. foo bar"
03:14:30.598 [http-nio-auto-15-exec-1] DEBUG o.s.c.c.CharSequenceEncoder - [59b37b3e] Writing "356. foo bar"
03:14:30.598 [http-nio-auto-15-exec-1] DEBUG o.s.c.c.CharSequenceEncoder - [59b37b3e] Writing "357. foo bar"
03:14:30.598 [http-nio-auto-15-exec-1] DEBUG o.s.c.c.CharSequenceEncoder - [59b37b3e] Writing "358. foo bar"
03:14:30.599 [http-nio-auto-15-exec-1] DEBUG o.s.c.c.CharSequenceEncoder - [59b37b3e] Writing "359. foo bar"
03:14:30.599 [http-nio-auto-15-exec-1] DEBUG o.s.c.c.CharSequenceEncoder - [59b37b3e] Writing "360. foo bar"
03:14:30.599 [http-nio-auto-15-exec-1] DEBUG o.s.c.c.CharSequenceEncoder - [59b37b3e] Writing "361. foo bar"
03:14:30.599 [http-nio-auto-15-exec-1] DEBUG o.s.c.c.CharSequenceEncoder - [59b37b3e] Writing "362. foo bar"
03:14:30.599 [http-nio-auto-15-exec-1] DEBUG o.s.c.c.CharSequenceEncoder - [59b37b3e] Writing "363. foo bar"
03:14:30.599 [http-nio-auto-15-exec-1] DEBUG o.s.c.c.CharSequenceEncoder - [59b37b3e] Writing "364. foo bar"
03:14:30.600 [http-nio-auto-15-exec-1] DEBUG o.s.c.c.CharSequenceEncoder - [59b37b3e] Writing "365. foo bar"
03:14:30.600 [http-nio-auto-15-exec-1] DEBUG o.s.c.c.CharSequenceEncoder - [59b37b3e] Writing "366. foo bar"
03:14:30.600 [http-nio-auto-15-exec-1] DEBUG o.s.c.c.CharSequenceEncoder - [59b37b3e] Writing "367. foo bar"
03:14:30.600 [http-nio-auto-15-exec-1] DEBUG o.s.c.c.CharSequenceEncoder - [59b37b3e] Writing "368. foo bar"
03:14:30.600 [http-nio-auto-15-exec-1] DEBUG o.s.c.c.CharSequenceEncoder - [59b37b3e] Writing "369. foo bar"
03:14:30.600 [http-nio-auto-15-exec-1] DEBUG o.s.c.c.CharSequenceEncoder - [59b37b3e] Writing "370. foo bar"
03:14:30.600 [http-nio-auto-15-exec-1] DEBUG o.s.c.c.CharSequenceEncoder - [59b37b3e] Writing "371. foo bar"
03:14:30.600 [http-nio-auto-15-exec-1] DEBUG o.s.c.c.CharSequenceEncoder - [59b37b3e] Writing "372. foo bar"
03:14:30.600 [http-nio-auto-15-exec-1] DEBUG o.s.c.c.CharSequenceEncoder - [59b37b3e] Writing "373. foo bar"
03:14:30.601 [http-nio-auto-15-exec-1] DEBUG o.s.c.c.CharSequenceEncoder - [59b37b3e] Writing "374. foo bar"
03:14:30.601 [http-nio-auto-15-exec-1] DEBUG o.s.c.c.CharSequenceEncoder - [59b37b3e] Writing "375. foo bar"
03:14:30.601 [http-nio-auto-15-exec-1] DEBUG o.s.c.c.CharSequenceEncoder - [59b37b3e] Writing "376. foo bar"
03:14:30.601 [http-nio-auto-15-exec-1] DEBUG o.s.c.c.CharSequenceEncoder - [59b37b3e] Writing "377. foo bar"
03:14:30.601 [http-nio-auto-15-exec-1] DEBUG o.s.c.c.CharSequenceEncoder - [59b37b3e] Writing "378. foo bar"
03:14:30.601 [http-nio-auto-15-exec-1] DEBUG o.s.c.c.CharSequenceEncoder - [59b37b3e] Writing "379. foo bar"
03:14:30.601 [http-nio-auto-15-exec-1] DEBUG o.s.c.c.CharSequenceEncoder - [59b37b3e] Writing "380. foo bar"
03:14:30.602 [http-nio-auto-15-exec-1] DEBUG o.s.c.c.CharSequenceEncoder - [59b37b3e] Writing "381. foo bar"
03:14:30.602 [http-nio-auto-15-exec-1] DEBUG o.s.c.c.CharSequenceEncoder - [59b37b3e] Writing "382. foo bar"
03:14:30.602 [http-nio-auto-15-exec-1] DEBUG o.s.c.c.CharSequenceEncoder - [59b37b3e] Writing "383. foo bar"
03:14:30.602 [http-nio-auto-15-exec-1] DEBUG o.s.c.c.CharSequenceEncoder - [59b37b3e] Writing "384. foo bar"
03:14:30.604 [http-nio-auto-15-exec-1] DEBUG o.s.c.c.CharSequenceEncoder - [59b37b3e] Writing "385. foo bar"
03:14:30.604 [http-nio-auto-15-exec-1] DEBUG o.s.c.c.CharSequenceEncoder - [59b37b3e] Writing "386. foo bar"
03:14:30.604 [http-nio-auto-15-exec-1] DEBUG o.s.c.c.CharSequenceEncoder - [59b37b3e] Writing "387. foo bar"
03:14:30.605 [http-nio-auto-15-exec-1] DEBUG o.s.c.c.CharSequenceEncoder - [59b37b3e] Writing "388. foo bar"
03:14:30.605 [http-nio-auto-15-exec-1] DEBUG o.s.c.c.CharSequenceEncoder - [59b37b3e] Writing "389. foo bar"
03:14:30.605 [http-nio-auto-15-exec-1] DEBUG o.s.c.c.CharSequenceEncoder - [59b37b3e] Writing "390. foo bar"
03:14:30.605 [http-nio-auto-15-exec-1] DEBUG o.s.c.c.CharSequenceEncoder - [59b37b3e] Writing "391. foo bar"
03:14:30.605 [http-nio-auto-15-exec-1] DEBUG o.s.c.c.CharSequenceEncoder - [59b37b3e] Writing "392. foo bar"
03:14:30.605 [http-nio-auto-15-exec-1] DEBUG o.s.c.c.CharSequenceEncoder - [59b37b3e] Writing "393. foo bar"
03:14:30.605 [http-nio-auto-15-exec-1] DEBUG o.s.c.c.CharSequenceEncoder - [59b37b3e] Writing "394. foo bar"
03:14:30.605 [http-nio-auto-15-exec-1] DEBUG o.s.c.c.CharSequenceEncoder - [59b37b3e] Writing "395. foo bar"
03:14:30.605 [http-nio-auto-15-exec-1] DEBUG o.s.c.c.CharSequenceEncoder - [59b37b3e] Writing "396. foo bar"
03:14:30.606 [http-nio-auto-15-exec-1] DEBUG o.s.c.c.CharSequenceEncoder - [59b37b3e] Writing "397. foo bar"
03:14:30.606 [http-nio-auto-15-exec-1] DEBUG o.s.c.c.CharSequenceEncoder - [59b37b3e] Writing "398. foo bar"
03:14:30.606 [http-nio-auto-15-exec-1] DEBUG o.s.c.c.CharSequenceEncoder - [59b37b3e] Writing "399. foo bar"
03:14:30.606 [http-nio-auto-15-exec-1] DEBUG o.s.c.c.CharSequenceEncoder - [59b37b3e] Writing "400. foo bar"
03:14:30.606 [http-nio-auto-15-exec-1] DEBUG o.s.c.c.CharSequenceEncoder - [59b37b3e] Writing "401. foo bar"
03:14:30.606 [http-nio-auto-15-exec-1] DEBUG o.s.c.c.CharSequenceEncoder - [59b37b3e] Writing "402. foo bar"
03:14:30.607 [http-nio-auto-15-exec-1] DEBUG o.s.c.c.CharSequenceEncoder - [59b37b3e] Writing "403. foo bar"
03:14:30.607 [http-nio-auto-15-exec-1] DEBUG o.s.c.c.CharSequenceEncoder - [59b37b3e] Writing "404. foo bar"
03:14:30.607 [http-nio-auto-15-exec-1] DEBUG o.s.c.c.CharSequenceEncoder - [59b37b3e] Writing "405. foo bar"
03:14:30.607 [http-nio-auto-15-exec-1] DEBUG o.s.c.c.CharSequenceEncoder - [59b37b3e] Writing "406. foo bar"
03:14:30.607 [http-nio-auto-15-exec-1] DEBUG o.s.c.c.CharSequenceEncoder - [59b37b3e] Writing "407. foo bar"
03:14:30.607 [http-nio-auto-15-exec-1] DEBUG o.s.c.c.CharSequenceEncoder - [59b37b3e] Writing "408. foo bar"
03:14:30.607 [http-nio-auto-15-exec-1] DEBUG o.s.c.c.CharSequenceEncoder - [59b37b3e] Writing "409. foo bar"
03:14:30.607 [http-nio-auto-15-exec-1] DEBUG o.s.c.c.CharSequenceEncoder - [59b37b3e] Writing "410. foo bar"
03:14:30.607 [http-nio-auto-15-exec-1] DEBUG o.s.c.c.CharSequenceEncoder - [59b37b3e] Writing "411. foo bar"
03:14:30.607 [http-nio-auto-15-exec-1] DEBUG o.s.c.c.CharSequenceEncoder - [59b37b3e] Writing "412. foo bar"
03:14:30.607 [http-nio-auto-15-exec-1] DEBUG o.s.c.c.CharSequenceEncoder - [59b37b3e] Writing "413. foo bar"
03:14:30.607 [http-nio-auto-15-exec-1] DEBUG o.s.c.c.CharSequenceEncoder - [59b37b3e] Writing "414. foo bar"
03:14:30.607 [http-nio-auto-15-exec-1] DEBUG o.s.c.c.CharSequenceEncoder - [59b37b3e] Writing "415. foo bar"
03:14:30.607 [http-nio-auto-15-exec-1] DEBUG o.s.c.c.CharSequenceEncoder - [59b37b3e] Writing "416. foo bar"
03:14:30.607 [http-nio-auto-15-exec-1] DEBUG o.s.c.c.CharSequenceEncoder - [59b37b3e] Writing "417. foo bar"
03:14:30.608 [http-nio-auto-15-exec-1] DEBUG o.s.c.c.CharSequenceEncoder - [59b37b3e] Writing "418. foo bar"
03:14:30.608 [http-nio-auto-15-exec-1] DEBUG o.s.c.c.CharSequenceEncoder - [59b37b3e] Writing "419. foo bar"
03:14:30.608 [http-nio-auto-15-exec-1] DEBUG o.s.c.c.CharSequenceEncoder - [59b37b3e] Writing "420. foo bar"
03:14:30.608 [http-nio-auto-15-exec-1] DEBUG o.s.c.c.CharSequenceEncoder - [59b37b3e] Writing "421. foo bar"
03:14:30.608 [http-nio-auto-15-exec-1] DEBUG o.s.c.c.CharSequenceEncoder - [59b37b3e] Writing "422. foo bar"
03:14:30.608 [http-nio-auto-15-exec-1] DEBUG o.s.c.c.CharSequenceEncoder - [59b37b3e] Writing "423. foo bar"
03:14:30.608 [http-nio-auto-15-exec-1] DEBUG o.s.c.c.CharSequenceEncoder - [59b37b3e] Writing "424. foo bar"
03:14:30.608 [http-nio-auto-15-exec-1] DEBUG o.s.c.c.CharSequenceEncoder - [59b37b3e] Writing "425. foo bar"
03:14:30.608 [http-nio-auto-15-exec-1] DEBUG o.s.c.c.CharSequenceEncoder - [59b37b3e] Writing "426. foo bar"
03:14:30.608 [http-nio-auto-15-exec-1] DEBUG o.s.c.c.CharSequenceEncoder - [59b37b3e] Writing "427. foo bar"
03:14:30.608 [http-nio-auto-15-exec-1] DEBUG o.s.c.c.CharSequenceEncoder - [59b37b3e] Writing "428. foo bar"
03:14:30.608 [http-nio-auto-15-exec-1] DEBUG o.s.c.c.CharSequenceEncoder - [59b37b3e] Writing "429. foo bar"
03:14:30.608 [http-nio-auto-15-exec-1] DEBUG o.s.c.c.CharSequenceEncoder - [59b37b3e] Writing "430. foo bar"
03:14:30.608 [http-nio-auto-15-exec-1] DEBUG o.s.c.c.CharSequenceEncoder - [59b37b3e] Writing "431. foo bar"
03:14:30.608 [http-nio-auto-15-exec-1] DEBUG o.s.c.c.CharSequenceEncoder - [59b37b3e] Writing "432. foo bar"
03:14:30.608 [http-nio-auto-15-exec-1] DEBUG o.s.c.c.CharSequenceEncoder - [59b37b3e] Writing "433. foo bar"
03:14:30.608 [http-nio-auto-15-exec-1] DEBUG o.s.c.c.CharSequenceEncoder - [59b37b3e] Writing "434. foo bar"
03:14:30.608 [http-nio-auto-15-exec-1] DEBUG o.s.c.c.CharSequenceEncoder - [59b37b3e] Writing "435. foo bar"
03:14:30.608 [http-nio-auto-15-exec-1] DEBUG o.s.c.c.CharSequenceEncoder - [59b37b3e] Writing "436. foo bar"
03:14:30.609 [http-nio-auto-15-exec-1] DEBUG o.s.c.c.CharSequenceEncoder - [59b37b3e] Writing "437. foo bar"
03:14:30.609 [http-nio-auto-15-exec-1] DEBUG o.s.c.c.CharSequenceEncoder - [59b37b3e] Writing "438. foo bar"
03:14:30.609 [http-nio-auto-15-exec-1] DEBUG o.s.c.c.CharSequenceEncoder - [59b37b3e] Writing "439. foo bar"
03:14:30.609 [http-nio-auto-15-exec-1] DEBUG o.s.c.c.CharSequenceEncoder - [59b37b3e] Writing "440. foo bar"
03:14:30.610 [http-nio-auto-15-exec-1] DEBUG o.s.c.c.CharSequenceEncoder - [59b37b3e] Writing "441. foo bar"
03:14:30.610 [http-nio-auto-15-exec-1] DEBUG o.s.c.c.CharSequenceEncoder - [59b37b3e] Writing "442. foo bar"
03:14:30.610 [http-nio-auto-15-exec-1] DEBUG o.s.c.c.CharSequenceEncoder - [59b37b3e] Writing "443. foo bar"
03:14:30.610 [http-nio-auto-15-exec-1] DEBUG o.s.c.c.CharSequenceEncoder - [59b37b3e] Writing "444. foo bar"
03:14:30.610 [http-nio-auto-15-exec-1] DEBUG o.s.c.c.CharSequenceEncoder - [59b37b3e] Writing "445. foo bar"
03:14:30.610 [http-nio-auto-15-exec-1] DEBUG o.s.c.c.CharSequenceEncoder - [59b37b3e] Writing "446. foo bar"
03:14:30.610 [http-nio-auto-15-exec-1] DEBUG o.s.c.c.CharSequenceEncoder - [59b37b3e] Writing "447. foo bar"
03:14:30.610 [http-nio-auto-15-exec-1] DEBUG o.s.c.c.CharSequenceEncoder - [59b37b3e] Writing "448. foo bar"
03:14:30.610 [http-nio-auto-15-exec-1] DEBUG o.s.c.c.CharSequenceEncoder - [59b37b3e] Writing "449. foo bar"
03:14:30.610 [http-nio-auto-15-exec-1] DEBUG o.s.c.c.CharSequenceEncoder - [59b37b3e] Writing "450. foo bar"
03:14:30.610 [http-nio-auto-15-exec-1] DEBUG o.s.c.c.CharSequenceEncoder - [59b37b3e] Writing "451. foo bar"
03:14:30.610 [http-nio-auto-15-exec-1] DEBUG o.s.c.c.CharSequenceEncoder - [59b37b3e] Writing "452. foo bar"
03:14:30.610 [http-nio-auto-15-exec-1] DEBUG o.s.c.c.CharSequenceEncoder - [59b37b3e] Writing "453. foo bar"
03:14:30.610 [http-nio-auto-15-exec-1] DEBUG o.s.c.c.CharSequenceEncoder - [59b37b3e] Writing "454. foo bar"
03:14:30.610 [http-nio-auto-15-exec-1] DEBUG o.s.c.c.CharSequenceEncoder - [59b37b3e] Writing "455. foo bar"
03:14:30.610 [http-nio-auto-15-exec-1] DEBUG o.s.c.c.CharSequenceEncoder - [59b37b3e] Writing "456. foo bar"
03:14:30.610 [http-nio-auto-15-exec-1] DEBUG o.s.c.c.CharSequenceEncoder - [59b37b3e] Writing "457. foo bar"
03:14:30.610 [http-nio-auto-15-exec-1] DEBUG o.s.c.c.CharSequenceEncoder - [59b37b3e] Writing "458. foo bar"
03:14:30.610 [http-nio-auto-15-exec-1] DEBUG o.s.c.c.CharSequenceEncoder - [59b37b3e] Writing "459. foo bar"
03:14:30.610 [http-nio-auto-15-exec-1] DEBUG o.s.c.c.CharSequenceEncoder - [59b37b3e] Writing "460. foo bar"
03:14:30.610 [http-nio-auto-15-exec-1] DEBUG o.s.c.c.CharSequenceEncoder - [59b37b3e] Writing "461. foo bar"
03:14:30.610 [http-nio-auto-15-exec-1] DEBUG o.s.c.c.CharSequenceEncoder - [59b37b3e] Writing "462. foo bar"
03:14:30.611 [http-nio-auto-15-exec-1] DEBUG o.s.c.c.CharSequenceEncoder - [59b37b3e] Writing "463. foo bar"
03:14:30.611 [http-nio-auto-15-exec-1] DEBUG o.s.c.c.CharSequenceEncoder - [59b37b3e] Writing "464. foo bar"
03:14:30.611 [http-nio-auto-15-exec-1] DEBUG o.s.c.c.CharSequenceEncoder - [59b37b3e] Writing "465. foo bar"
03:14:30.612 [http-nio-auto-15-exec-1] DEBUG o.s.c.c.CharSequenceEncoder - [59b37b3e] Writing "466. foo bar"
03:14:30.615 [http-nio-auto-15-exec-1] DEBUG o.s.c.c.CharSequenceEncoder - [59b37b3e] Writing "467. foo bar"
03:14:30.616 [http-nio-auto-15-exec-1] DEBUG o.s.c.c.CharSequenceEncoder - [59b37b3e] Writing "468. foo bar"
03:14:30.617 [http-nio-auto-15-exec-1] DEBUG o.s.c.c.CharSequenceEncoder - [59b37b3e] Writing "469. foo bar"
03:14:30.617 [http-nio-auto-15-exec-1] DEBUG o.s.c.c.CharSequenceEncoder - [59b37b3e] Writing "470. foo bar"
03:14:30.618 [http-nio-auto-15-exec-1] DEBUG o.s.c.c.CharSequenceEncoder - [59b37b3e] Writing "471. foo bar"
03:14:30.618 [http-nio-auto-15-exec-1] DEBUG o.s.c.c.CharSequenceEncoder - [59b37b3e] Writing "472. foo bar"
03:14:30.618 [http-nio-auto-15-exec-1] DEBUG o.s.c.c.CharSequenceEncoder - [59b37b3e] Writing "473. foo bar"
03:14:30.618 [http-nio-auto-15-exec-1] DEBUG o.s.c.c.CharSequenceEncoder - [59b37b3e] Writing "474. foo bar"
03:14:30.618 [http-nio-auto-15-exec-1] DEBUG o.s.c.c.CharSequenceEncoder - [59b37b3e] Writing "475. foo bar"
03:14:30.618 [http-nio-auto-15-exec-1] DEBUG o.s.c.c.CharSequenceEncoder - [59b37b3e] Writing "476. foo bar"
03:14:30.618 [http-nio-auto-15-exec-1] DEBUG o.s.c.c.CharSequenceEncoder - [59b37b3e] Writing "477. foo bar"
03:14:30.618 [http-nio-auto-15-exec-1] DEBUG o.s.c.c.CharSequenceEncoder - [59b37b3e] Writing "478. foo bar"
03:14:30.618 [http-nio-auto-15-exec-1] DEBUG o.s.c.c.CharSequenceEncoder - [59b37b3e] Writing "479. foo bar"
03:14:30.618 [http-nio-auto-15-exec-1] DEBUG o.s.c.c.CharSequenceEncoder - [59b37b3e] Writing "480. foo bar"
03:14:30.619 [http-nio-auto-15-exec-1] DEBUG o.s.c.c.CharSequenceEncoder - [59b37b3e] Writing "481. foo bar"
03:14:30.619 [http-nio-auto-15-exec-1] DEBUG o.s.c.c.CharSequenceEncoder - [59b37b3e] Writing "482. foo bar"
03:14:30.619 [http-nio-auto-15-exec-1] DEBUG o.s.c.c.CharSequenceEncoder - [59b37b3e] Writing "483. foo bar"
03:14:30.619 [http-nio-auto-15-exec-1] DEBUG o.s.c.c.CharSequenceEncoder - [59b37b3e] Writing "484. foo bar"
03:14:30.619 [http-nio-auto-15-exec-1] DEBUG o.s.c.c.CharSequenceEncoder - [59b37b3e] Writing "485. foo bar"
03:14:30.619 [http-nio-auto-15-exec-1] DEBUG o.s.c.c.CharSequenceEncoder - [59b37b3e] Writing "486. foo bar"
03:14:30.619 [http-nio-auto-15-exec-1] DEBUG o.s.c.c.CharSequenceEncoder - [59b37b3e] Writing "487. foo bar"
03:14:30.620 [http-nio-auto-15-exec-1] DEBUG o.s.c.c.CharSequenceEncoder - [59b37b3e] Writing "488. foo bar"
03:14:30.620 [http-nio-auto-15-exec-1] DEBUG o.s.c.c.CharSequenceEncoder - [59b37b3e] Writing "489. foo bar"
03:14:30.620 [http-nio-auto-15-exec-1] DEBUG o.s.c.c.CharSequenceEncoder - [59b37b3e] Writing "490. foo bar"
03:14:30.620 [http-nio-auto-15-exec-1] DEBUG o.s.c.c.CharSequenceEncoder - [59b37b3e] Writing "491. foo bar"
03:14:30.620 [http-nio-auto-15-exec-1] DEBUG o.s.c.c.CharSequenceEncoder - [59b37b3e] Writing "492. foo bar"
03:14:30.621 [http-nio-auto-15-exec-1] DEBUG o.s.c.c.CharSequenceEncoder - [59b37b3e] Writing "493. foo bar"
03:14:30.621 [http-nio-auto-15-exec-1] DEBUG o.s.c.c.CharSequenceEncoder - [59b37b3e] Writing "494. foo bar"
03:14:30.622 [http-nio-auto-15-exec-1] DEBUG o.s.c.c.CharSequenceEncoder - [59b37b3e] Writing "495. foo bar"
03:14:30.622 [http-nio-auto-15-exec-1] DEBUG o.s.c.c.CharSequenceEncoder - [59b37b3e] Writing "496. foo bar"
03:14:30.622 [http-nio-auto-15-exec-1] DEBUG o.s.c.c.CharSequenceEncoder - [59b37b3e] Writing "497. foo bar"
03:14:30.622 [http-nio-auto-15-exec-1] DEBUG o.s.c.c.CharSequenceEncoder - [59b37b3e] Writing "498. foo bar"
03:14:30.623 [http-nio-auto-15-exec-1] DEBUG o.s.c.c.CharSequenceEncoder - [59b37b3e] Writing "499. foo bar"
03:14:30.623 [http-nio-auto-15-exec-1] DEBUG o.s.c.c.CharSequenceEncoder - [59b37b3e] Writing "500. foo bar"
03:14:30.623 [http-nio-auto-15-exec-1] DEBUG o.s.c.c.CharSequenceEncoder - [59b37b3e] Writing "501. foo bar"
03:14:30.623 [http-nio-auto-15-exec-1] DEBUG o.s.c.c.CharSequenceEncoder - [59b37b3e] Writing "502. foo bar"
03:14:30.624 [http-nio-auto-15-exec-1] DEBUG o.s.c.c.CharSequenceEncoder - [59b37b3e] Writing "503. foo bar"
03:14:30.624 [http-nio-auto-15-exec-1] DEBUG o.s.c.c.CharSequenceEncoder - [59b37b3e] Writing "504. foo bar"
03:14:30.624 [http-nio-auto-15-exec-1] DEBUG o.s.c.c.CharSequenceEncoder - [59b37b3e] Writing "505. foo bar"
03:14:30.625 [http-nio-auto-15-exec-1] DEBUG o.s.c.c.CharSequenceEncoder - [59b37b3e] Writing "506. foo bar"
03:14:30.625 [http-nio-auto-15-exec-1] DEBUG o.s.c.c.CharSequenceEncoder - [59b37b3e] Writing "507. foo bar"
03:14:30.625 [http-nio-auto-15-exec-1] DEBUG o.s.c.c.CharSequenceEncoder - [59b37b3e] Writing "508. foo bar"
03:14:30.625 [http-nio-auto-15-exec-1] DEBUG o.s.c.c.CharSequenceEncoder - [59b37b3e] Writing "509. foo bar"
03:14:30.625 [http-nio-auto-15-exec-1] DEBUG o.s.c.c.CharSequenceEncoder - [59b37b3e] Writing "510. foo bar"
03:14:30.625 [http-nio-auto-15-exec-1] DEBUG o.s.c.c.CharSequenceEncoder - [59b37b3e] Writing "511. foo bar"
03:14:30.626 [http-nio-auto-15-exec-1] DEBUG o.s.c.c.CharSequenceEncoder - [59b37b3e] Writing "512. foo bar"
03:14:30.626 [http-nio-auto-15-exec-1] DEBUG o.s.c.c.CharSequenceEncoder - [59b37b3e] Writing "513. foo bar"
03:14:30.626 [http-nio-auto-15-exec-1] DEBUG o.s.c.c.CharSequenceEncoder - [59b37b3e] Writing "514. foo bar"
03:14:30.626 [http-nio-auto-15-exec-1] DEBUG o.s.c.c.CharSequenceEncoder - [59b37b3e] Writing "515. foo bar"
03:14:30.626 [http-nio-auto-15-exec-1] DEBUG o.s.c.c.CharSequenceEncoder - [59b37b3e] Writing "516. foo bar"
03:14:30.626 [http-nio-auto-15-exec-1] DEBUG o.s.c.c.CharSequenceEncoder - [59b37b3e] Writing "517. foo bar"
03:14:30.626 [http-nio-auto-15-exec-1] DEBUG o.s.c.c.CharSequenceEncoder - [59b37b3e] Writing "518. foo bar"
03:14:30.626 [http-nio-auto-15-exec-1] DEBUG o.s.c.c.CharSequenceEncoder - [59b37b3e] Writing "519. foo bar"
03:14:30.626 [http-nio-auto-15-exec-1] DEBUG o.s.c.c.CharSequenceEncoder - [59b37b3e] Writing "520. foo bar"
03:14:30.626 [http-nio-auto-15-exec-1] DEBUG o.s.c.c.CharSequenceEncoder - [59b37b3e] Writing "521. foo bar"
03:14:30.626 [http-nio-auto-15-exec-1] DEBUG o.s.c.c.CharSequenceEncoder - [59b37b3e] Writing "522. foo bar"
03:14:30.626 [http-nio-auto-15-exec-1] DEBUG o.s.c.c.CharSequenceEncoder - [59b37b3e] Writing "523. foo bar"
03:14:30.627 [http-nio-auto-15-exec-1] DEBUG o.s.c.c.CharSequenceEncoder - [59b37b3e] Writing "524. foo bar"
03:14:30.627 [http-nio-auto-15-exec-1] DEBUG o.s.c.c.CharSequenceEncoder - [59b37b3e] Writing "525. foo bar"
03:14:30.627 [http-nio-auto-15-exec-1] DEBUG o.s.c.c.CharSequenceEncoder - [59b37b3e] Writing "526. foo bar"
03:14:30.627 [http-nio-auto-15-exec-1] DEBUG o.s.c.c.CharSequenceEncoder - [59b37b3e] Writing "527. foo bar"
03:14:30.627 [http-nio-auto-15-exec-1] DEBUG o.s.c.c.CharSequenceEncoder - [59b37b3e] Writing "528. foo bar"
03:14:30.627 [http-nio-auto-15-exec-1] DEBUG o.s.c.c.CharSequenceEncoder - [59b37b3e] Writing "529. foo bar"
03:14:30.627 [http-nio-auto-15-exec-1] DEBUG o.s.c.c.CharSequenceEncoder - [59b37b3e] Writing "530. foo bar"
03:14:30.628 [http-nio-auto-15-exec-1] DEBUG o.s.c.c.CharSequenceEncoder - [59b37b3e] Writing "531. foo bar"
03:14:30.628 [http-nio-auto-15-exec-1] DEBUG o.s.c.c.CharSequenceEncoder - [59b37b3e] Writing "532. foo bar"
03:14:30.628 [http-nio-auto-15-exec-1] DEBUG o.s.c.c.CharSequenceEncoder - [59b37b3e] Writing "533. foo bar"
03:14:30.628 [http-nio-auto-15-exec-1] DEBUG o.s.c.c.CharSequenceEncoder - [59b37b3e] Writing "534. foo bar"
03:14:30.628 [http-nio-auto-15-exec-1] DEBUG o.s.c.c.CharSequenceEncoder - [59b37b3e] Writing "535. foo bar"
03:14:30.628 [http-nio-auto-15-exec-1] DEBUG o.s.c.c.CharSequenceEncoder - [59b37b3e] Writing "536. foo bar"
03:14:30.629 [http-nio-auto-15-exec-1] DEBUG o.s.c.c.CharSequenceEncoder - [59b37b3e] Writing "537. foo bar"
03:14:30.629 [http-nio-auto-15-exec-1] DEBUG o.s.c.c.CharSequenceEncoder - [59b37b3e] Writing "538. foo bar"
03:14:30.629 [http-nio-auto-15-exec-1] DEBUG o.s.c.c.CharSequenceEncoder - [59b37b3e] Writing "539. foo bar"
03:14:30.630 [http-nio-auto-15-exec-1] DEBUG o.s.c.c.CharSequenceEncoder - [59b37b3e] Writing "540. foo bar"
03:14:30.630 [http-nio-auto-15-exec-1] DEBUG o.s.c.c.CharSequenceEncoder - [59b37b3e] Writing "541. foo bar"
03:14:30.630 [http-nio-auto-15-exec-1] DEBUG o.s.c.c.CharSequenceEncoder - [59b37b3e] Writing "542. foo bar"
03:14:30.630 [http-nio-auto-15-exec-1] DEBUG o.s.c.c.CharSequenceEncoder - [59b37b3e] Writing "543. foo bar"
03:14:30.630 [http-nio-auto-15-exec-1] DEBUG o.s.c.c.CharSequenceEncoder - [59b37b3e] Writing "544. foo bar"
03:14:30.630 [http-nio-auto-15-exec-1] DEBUG o.s.c.c.CharSequenceEncoder - [59b37b3e] Writing "545. foo bar"
03:14:30.630 [http-nio-auto-15-exec-1] DEBUG o.s.c.c.CharSequenceEncoder - [59b37b3e] Writing "546. foo bar"
03:14:30.630 [http-nio-auto-15-exec-1] DEBUG o.s.c.c.CharSequenceEncoder - [59b37b3e] Writing "547. foo bar"
03:14:30.630 [http-nio-auto-15-exec-1] DEBUG o.s.c.c.CharSequenceEncoder - [59b37b3e] Writing "548. foo bar"
03:14:30.630 [http-nio-auto-15-exec-1] DEBUG o.s.c.c.CharSequenceEncoder - [59b37b3e] Writing "549. foo bar"
03:14:30.630 [http-nio-auto-15-exec-1] DEBUG o.s.c.c.CharSequenceEncoder - [59b37b3e] Writing "550. foo bar"
03:14:30.630 [http-nio-auto-15-exec-1] DEBUG o.s.c.c.CharSequenceEncoder - [59b37b3e] Writing "551. foo bar"
03:14:30.630 [http-nio-auto-15-exec-1] DEBUG o.s.c.c.CharSequenceEncoder - [59b37b3e] Writing "552. foo bar"
03:14:30.630 [http-nio-auto-15-exec-1] DEBUG o.s.c.c.CharSequenceEncoder - [59b37b3e] Writing "553. foo bar"
03:14:30.630 [http-nio-auto-15-exec-1] DEBUG o.s.c.c.CharSequenceEncoder - [59b37b3e] Writing "554. foo bar"
03:14:30.630 [http-nio-auto-15-exec-1] DEBUG o.s.c.c.CharSequenceEncoder - [59b37b3e] Writing "555. foo bar"
03:14:30.630 [http-nio-auto-15-exec-1] DEBUG o.s.c.c.CharSequenceEncoder - [59b37b3e] Writing "556. foo bar"
03:14:30.630 [http-nio-auto-15-exec-1] DEBUG o.s.c.c.CharSequenceEncoder - [59b37b3e] Writing "557. foo bar"
03:14:30.630 [http-nio-auto-15-exec-1] DEBUG o.s.c.c.CharSequenceEncoder - [59b37b3e] Writing "558. foo bar"
03:14:30.630 [http-nio-auto-15-exec-1] DEBUG o.s.c.c.CharSequenceEncoder - [59b37b3e] Writing "559. foo bar"
03:14:30.630 [http-nio-auto-15-exec-1] DEBUG o.s.c.c.CharSequenceEncoder - [59b37b3e] Writing "560. foo bar"
03:14:30.630 [http-nio-auto-15-exec-1] DEBUG o.s.c.c.CharSequenceEncoder - [59b37b3e] Writing "561. foo bar"
03:14:30.630 [http-nio-auto-15-exec-1] DEBUG o.s.c.c.CharSequenceEncoder - [59b37b3e] Writing "562. foo bar"
03:14:30.630 [http-nio-auto-15-exec-1] DEBUG o.s.c.c.CharSequenceEncoder - [59b37b3e] Writing "563. foo bar"
03:14:30.630 [http-nio-auto-15-exec-1] DEBUG o.s.c.c.CharSequenceEncoder - [59b37b3e] Writing "564. foo bar"
03:14:30.630 [http-nio-auto-15-exec-1] DEBUG o.s.c.c.CharSequenceEncoder - [59b37b3e] Writing "565. foo bar"
03:14:30.630 [http-nio-auto-15-exec-1] DEBUG o.s.c.c.CharSequenceEncoder - [59b37b3e] Writing "566. foo bar"
03:14:30.630 [http-nio-auto-15-exec-1] DEBUG o.s.c.c.CharSequenceEncoder - [59b37b3e] Writing "567. foo bar"
03:14:30.630 [http-nio-auto-15-exec-1] DEBUG o.s.c.c.CharSequenceEncoder - [59b37b3e] Writing "568. foo bar"
03:14:30.630 [http-nio-auto-15-exec-1] DEBUG o.s.c.c.CharSequenceEncoder - [59b37b3e] Writing "569. foo bar"
03:14:30.631 [http-nio-auto-15-exec-1] DEBUG o.s.c.c.CharSequenceEncoder - [59b37b3e] Writing "570. foo bar"
03:14:30.631 [http-nio-auto-15-exec-1] DEBUG o.s.c.c.CharSequenceEncoder - [59b37b3e] Writing "571. foo bar"
03:14:30.631 [http-nio-auto-15-exec-1] DEBUG o.s.c.c.CharSequenceEncoder - [59b37b3e] Writing "572. foo bar"
03:14:30.631 [http-nio-auto-15-exec-1] DEBUG o.s.c.c.CharSequenceEncoder - [59b37b3e] Writing "573. foo bar"
03:14:30.631 [http-nio-auto-15-exec-1] DEBUG o.s.c.c.CharSequenceEncoder - [59b37b3e] Writing "574. foo bar"
03:14:30.631 [http-nio-auto-15-exec-1] DEBUG o.s.c.c.CharSequenceEncoder - [59b37b3e] Writing "575. foo bar"
03:14:30.631 [http-nio-auto-15-exec-1] DEBUG o.s.c.c.CharSequenceEncoder - [59b37b3e] Writing "576. foo bar"
03:14:30.631 [http-nio-auto-15-exec-1] DEBUG o.s.c.c.CharSequenceEncoder - [59b37b3e] Writing "577. foo bar"
03:14:30.631 [http-nio-auto-15-exec-1] DEBUG o.s.c.c.CharSequenceEncoder - [59b37b3e] Writing "578. foo bar"
03:14:30.631 [http-nio-auto-15-exec-1] DEBUG o.s.c.c.CharSequenceEncoder - [59b37b3e] Writing "579. foo bar"
03:14:30.631 [http-nio-auto-15-exec-1] DEBUG o.s.c.c.CharSequenceEncoder - [59b37b3e] Writing "580. foo bar"
03:14:30.631 [http-nio-auto-15-exec-1] DEBUG o.s.c.c.CharSequenceEncoder - [59b37b3e] Writing "581. foo bar"
03:14:30.631 [http-nio-auto-15-exec-1] DEBUG o.s.c.c.CharSequenceEncoder - [59b37b3e] Writing "582. foo bar"
03:14:30.631 [http-nio-auto-15-exec-1] DEBUG o.s.c.c.CharSequenceEncoder - [59b37b3e] Writing "583. foo bar"
03:14:30.631 [http-nio-auto-15-exec-1] DEBUG o.s.c.c.CharSequenceEncoder - [59b37b3e] Writing "584. foo bar"
03:14:30.631 [http-nio-auto-15-exec-1] DEBUG o.s.c.c.CharSequenceEncoder - [59b37b3e] Writing "585. foo bar"
03:14:30.631 [http-nio-auto-15-exec-1] DEBUG o.s.c.c.CharSequenceEncoder - [59b37b3e] Writing "586. foo bar"
03:14:30.631 [http-nio-auto-15-exec-1] DEBUG o.s.c.c.CharSequenceEncoder - [59b37b3e] Writing "587. foo bar"
03:14:30.631 [http-nio-auto-15-exec-1] DEBUG o.s.c.c.CharSequenceEncoder - [59b37b3e] Writing "588. foo bar"
03:14:30.631 [http-nio-auto-15-exec-1] DEBUG o.s.c.c.CharSequenceEncoder - [59b37b3e] Writing "589. foo bar"
03:14:30.631 [http-nio-auto-15-exec-1] DEBUG o.s.c.c.CharSequenceEncoder - [59b37b3e] Writing "590. foo bar"
03:14:30.631 [http-nio-auto-15-exec-1] DEBUG o.s.c.c.CharSequenceEncoder - [59b37b3e] Writing "591. foo bar"
03:14:30.631 [http-nio-auto-15-exec-1] DEBUG o.s.c.c.CharSequenceEncoder - [59b37b3e] Writing "592. foo bar"
03:14:30.631 [http-nio-auto-15-exec-1] DEBUG o.s.c.c.CharSequenceEncoder - [59b37b3e] Writing "593. foo bar"
03:14:30.631 [http-nio-auto-15-exec-1] DEBUG o.s.c.c.CharSequenceEncoder - [59b37b3e] Writing "594. foo bar"
03:14:30.631 [http-nio-auto-15-exec-1] DEBUG o.s.c.c.CharSequenceEncoder - [59b37b3e] Writing "595. foo bar"
03:14:30.631 [http-nio-auto-15-exec-1] DEBUG o.s.c.c.CharSequenceEncoder - [59b37b3e] Writing "596. foo bar"
03:14:30.631 [http-nio-auto-15-exec-1] DEBUG o.s.c.c.CharSequenceEncoder - [59b37b3e] Writing "597. foo bar"
03:14:30.631 [http-nio-auto-15-exec-1] DEBUG o.s.c.c.CharSequenceEncoder - [59b37b3e] Writing "598. foo bar"
03:14:30.631 [http-nio-auto-15-exec-1] DEBUG o.s.c.c.CharSequenceEncoder - [59b37b3e] Writing "599. foo bar"
03:14:30.631 [http-nio-auto-15-exec-1] DEBUG o.s.c.c.CharSequenceEncoder - [59b37b3e] Writing "600. foo bar"
03:14:30.631 [http-nio-auto-15-exec-1] DEBUG o.s.c.c.CharSequenceEncoder - [59b37b3e] Writing "601. foo bar"
03:14:30.631 [http-nio-auto-15-exec-1] DEBUG o.s.c.c.CharSequenceEncoder - [59b37b3e] Writing "602. foo bar"
03:14:30.631 [http-nio-auto-15-exec-1] DEBUG o.s.c.c.CharSequenceEncoder - [59b37b3e] Writing "603. foo bar"
03:14:30.632 [http-nio-auto-15-exec-1] DEBUG o.s.c.c.CharSequenceEncoder - [59b37b3e] Writing "604. foo bar"
03:14:30.632 [http-nio-auto-15-exec-1] DEBUG o.s.c.c.CharSequenceEncoder - [59b37b3e] Writing "605. foo bar"
03:14:30.632 [http-nio-auto-15-exec-1] DEBUG o.s.c.c.CharSequenceEncoder - [59b37b3e] Writing "606. foo bar"
03:14:30.632 [http-nio-auto-15-exec-1] DEBUG o.s.c.c.CharSequenceEncoder - [59b37b3e] Writing "607. foo bar"
03:14:30.632 [http-nio-auto-15-exec-1] DEBUG o.s.c.c.CharSequenceEncoder - [59b37b3e] Writing "608. foo bar"
03:14:30.632 [http-nio-auto-15-exec-1] DEBUG o.s.c.c.CharSequenceEncoder - [59b37b3e] Writing "609. foo bar"
03:14:30.632 [http-nio-auto-15-exec-1] DEBUG o.s.c.c.CharSequenceEncoder - [59b37b3e] Writing "610. foo bar"
03:14:30.632 [http-nio-auto-15-exec-1] DEBUG o.s.c.c.CharSequenceEncoder - [59b37b3e] Writing "611. foo bar"
03:14:30.632 [http-nio-auto-15-exec-1] DEBUG o.s.c.c.CharSequenceEncoder - [59b37b3e] Writing "612. foo bar"
03:14:30.632 [http-nio-auto-15-exec-1] DEBUG o.s.c.c.CharSequenceEncoder - [59b37b3e] Writing "613. foo bar"
03:14:30.632 [http-nio-auto-15-exec-1] DEBUG o.s.c.c.CharSequenceEncoder - [59b37b3e] Writing "614. foo bar"
03:14:30.632 [http-nio-auto-15-exec-1] DEBUG o.s.c.c.CharSequenceEncoder - [59b37b3e] Writing "615. foo bar"
03:14:30.632 [http-nio-auto-15-exec-1] DEBUG o.s.c.c.CharSequenceEncoder - [59b37b3e] Writing "616. foo bar"
03:14:30.632 [http-nio-auto-15-exec-1] DEBUG o.s.c.c.CharSequenceEncoder - [59b37b3e] Writing "617. foo bar"
03:14:30.632 [http-nio-auto-15-exec-1] DEBUG o.s.c.c.CharSequenceEncoder - [59b37b3e] Writing "618. foo bar"
03:14:30.632 [http-nio-auto-15-exec-1] DEBUG o.s.c.c.CharSequenceEncoder - [59b37b3e] Writing "619. foo bar"
03:14:30.632 [http-nio-auto-15-exec-1] DEBUG o.s.c.c.CharSequenceEncoder - [59b37b3e] Writing "620. foo bar"
03:14:30.632 [http-nio-auto-15-exec-1] DEBUG o.s.c.c.CharSequenceEncoder - [59b37b3e] Writing "621. foo bar"
03:14:30.632 [http-nio-auto-15-exec-1] DEBUG o.s.c.c.CharSequenceEncoder - [59b37b3e] Writing "622. foo bar"
03:14:30.632 [http-nio-auto-15-exec-1] DEBUG o.s.c.c.CharSequenceEncoder - [59b37b3e] Writing "623. foo bar"
03:14:30.633 [http-nio-auto-15-exec-1] DEBUG o.s.c.c.CharSequenceEncoder - [59b37b3e] Writing "624. foo bar"
03:14:30.633 [http-nio-auto-15-exec-1] DEBUG o.s.c.c.CharSequenceEncoder - [59b37b3e] Writing "625. foo bar"
03:14:30.633 [http-nio-auto-15-exec-1] DEBUG o.s.c.c.CharSequenceEncoder - [59b37b3e] Writing "626. foo bar"
03:14:30.633 [http-nio-auto-15-exec-1] DEBUG o.s.c.c.CharSequenceEncoder - [59b37b3e] Writing "627. foo bar"
03:14:30.633 [http-nio-auto-15-exec-1] DEBUG o.s.c.c.CharSequenceEncoder - [59b37b3e] Writing "628. foo bar"
03:14:30.633 [http-nio-auto-15-exec-1] DEBUG o.s.c.c.CharSequenceEncoder - [59b37b3e] Writing "629. foo bar"
03:14:30.633 [http-nio-auto-15-exec-1] DEBUG o.s.c.c.CharSequenceEncoder - [59b37b3e] Writing "630. foo bar"
03:14:30.633 [http-nio-auto-15-exec-1] DEBUG o.s.c.c.CharSequenceEncoder - [59b37b3e] Writing "631. foo bar"
03:14:30.633 [http-nio-auto-15-exec-1] DEBUG o.s.c.c.CharSequenceEncoder - [59b37b3e] Writing "632. foo bar"
03:14:30.633 [http-nio-auto-15-exec-1] DEBUG o.s.c.c.CharSequenceEncoder - [59b37b3e] Writing "633. foo bar"
03:14:30.633 [http-nio-auto-15-exec-1] DEBUG o.s.c.c.CharSequenceEncoder - [59b37b3e] Writing "634. foo bar"
03:14:30.633 [http-nio-auto-15-exec-1] DEBUG o.s.c.c.CharSequenceEncoder - [59b37b3e] Writing "635. foo bar"
03:14:30.633 [http-nio-auto-15-exec-1] DEBUG o.s.c.c.CharSequenceEncoder - [59b37b3e] Writing "636. foo bar"
03:14:30.633 [http-nio-auto-15-exec-1] DEBUG o.s.c.c.CharSequenceEncoder - [59b37b3e] Writing "637. foo bar"
03:14:30.633 [http-nio-auto-15-exec-1] DEBUG o.s.c.c.CharSequenceEncoder - [59b37b3e] Writing "638. foo bar"
03:14:30.633 [http-nio-auto-15-exec-1] DEBUG o.s.c.c.CharSequenceEncoder - [59b37b3e] Writing "639. foo bar"
03:14:30.633 [http-nio-auto-15-exec-1] DEBUG o.s.c.c.CharSequenceEncoder - [59b37b3e] Writing "640. foo bar"
03:14:30.633 [http-nio-auto-15-exec-1] DEBUG o.s.c.c.CharSequenceEncoder - [59b37b3e] Writing "641. foo bar"
03:14:30.633 [http-nio-auto-15-exec-1] DEBUG o.s.c.c.CharSequenceEncoder - [59b37b3e] Writing "642. foo bar"
03:14:30.634 [http-nio-auto-15-exec-1] DEBUG o.s.c.c.CharSequenceEncoder - [59b37b3e] Writing "643. foo bar"
03:14:30.634 [http-nio-auto-15-exec-1] DEBUG o.s.c.c.CharSequenceEncoder - [59b37b3e] Writing "644. foo bar"
03:14:30.634 [http-nio-auto-15-exec-1] DEBUG o.s.c.c.CharSequenceEncoder - [59b37b3e] Writing "645. foo bar"
03:14:30.635 [http-nio-auto-15-exec-1] DEBUG o.s.c.c.CharSequenceEncoder - [59b37b3e] Writing "646. foo bar"
03:14:30.635 [http-nio-auto-15-exec-1] DEBUG o.s.c.c.CharSequenceEncoder - [59b37b3e] Writing "647. foo bar"
03:14:30.635 [http-nio-auto-15-exec-1] DEBUG o.s.c.c.CharSequenceEncoder - [59b37b3e] Writing "648. foo bar"
03:14:30.636 [http-nio-auto-15-exec-1] DEBUG o.s.c.c.CharSequenceEncoder - [59b37b3e] Writing "649. foo bar"
03:14:30.636 [http-nio-auto-15-exec-1] DEBUG o.s.c.c.CharSequenceEncoder - [59b37b3e] Writing "650. foo bar"
03:14:30.636 [http-nio-auto-15-exec-1] DEBUG o.s.c.c.CharSequenceEncoder - [59b37b3e] Writing "651. foo bar"
03:14:30.636 [http-nio-auto-15-exec-1] DEBUG o.s.c.c.CharSequenceEncoder - [59b37b3e] Writing "652. foo bar"
03:14:30.637 [http-nio-auto-15-exec-1] DEBUG o.s.c.c.CharSequenceEncoder - [59b37b3e] Writing "653. foo bar"
03:14:30.637 [http-nio-auto-15-exec-1] DEBUG o.s.c.c.CharSequenceEncoder - [59b37b3e] Writing "654. foo bar"
03:14:30.637 [http-nio-auto-15-exec-1] DEBUG o.s.c.c.CharSequenceEncoder - [59b37b3e] Writing "655. foo bar"
03:14:30.637 [http-nio-auto-15-exec-1] DEBUG o.s.c.c.CharSequenceEncoder - [59b37b3e] Writing "656. foo bar"
03:14:30.637 [http-nio-auto-15-exec-1] DEBUG o.s.c.c.CharSequenceEncoder - [59b37b3e] Writing "657. foo bar"
03:14:30.637 [http-nio-auto-15-exec-1] DEBUG o.s.c.c.CharSequenceEncoder - [59b37b3e] Writing "658. foo bar"
03:14:30.637 [http-nio-auto-15-exec-1] DEBUG o.s.c.c.CharSequenceEncoder - [59b37b3e] Writing "659. foo bar"
03:14:30.637 [http-nio-auto-15-exec-1] DEBUG o.s.c.c.CharSequenceEncoder - [59b37b3e] Writing "660. foo bar"
03:14:30.638 [http-nio-auto-15-exec-1] DEBUG o.s.c.c.CharSequenceEncoder - [59b37b3e] Writing "661. foo bar"
03:14:30.638 [http-nio-auto-15-exec-1] DEBUG o.s.c.c.CharSequenceEncoder - [59b37b3e] Writing "662. foo bar"
03:14:30.638 [http-nio-auto-15-exec-1] DEBUG o.s.c.c.CharSequenceEncoder - [59b37b3e] Writing "663. foo bar"
03:14:30.639 [http-nio-auto-15-exec-1] DEBUG o.s.c.c.CharSequenceEncoder - [59b37b3e] Writing "664. foo bar"
03:14:30.639 [http-nio-auto-15-exec-1] DEBUG o.s.c.c.CharSequenceEncoder - [59b37b3e] Writing "665. foo bar"
03:14:30.639 [http-nio-auto-15-exec-1] DEBUG o.s.c.c.CharSequenceEncoder - [59b37b3e] Writing "666. foo bar"
03:14:30.639 [http-nio-auto-15-exec-1] DEBUG o.s.c.c.CharSequenceEncoder - [59b37b3e] Writing "667. foo bar"
03:14:30.639 [http-nio-auto-15-exec-1] DEBUG o.s.c.c.CharSequenceEncoder - [59b37b3e] Writing "668. foo bar"
03:14:30.639 [http-nio-auto-15-exec-1] DEBUG o.s.c.c.CharSequenceEncoder - [59b37b3e] Writing "669. foo bar"
03:14:30.639 [http-nio-auto-15-exec-1] DEBUG o.s.c.c.CharSequenceEncoder - [59b37b3e] Writing "670. foo bar"
03:14:30.639 [http-nio-auto-15-exec-1] DEBUG o.s.c.c.CharSequenceEncoder - [59b37b3e] Writing "671. foo bar"
03:14:30.639 [http-nio-auto-15-exec-1] DEBUG o.s.c.c.CharSequenceEncoder - [59b37b3e] Writing "672. foo bar"
03:14:30.639 [http-nio-auto-15-exec-1] DEBUG o.s.c.c.CharSequenceEncoder - [59b37b3e] Writing "673. foo bar"
03:14:30.640 [http-nio-auto-15-exec-1] DEBUG o.s.c.c.CharSequenceEncoder - [59b37b3e] Writing "674. foo bar"
03:14:30.640 [http-nio-auto-15-exec-1] DEBUG o.s.c.c.CharSequenceEncoder - [59b37b3e] Writing "675. foo bar"
03:14:30.640 [http-nio-auto-15-exec-1] DEBUG o.s.c.c.CharSequenceEncoder - [59b37b3e] Writing "676. foo bar"
03:14:30.640 [http-nio-auto-15-exec-1] DEBUG o.s.c.c.CharSequenceEncoder - [59b37b3e] Writing "677. foo bar"
03:14:30.641 [http-nio-auto-15-exec-1] DEBUG o.s.c.c.CharSequenceEncoder - [59b37b3e] Writing "678. foo bar"
03:14:30.641 [http-nio-auto-15-exec-1] DEBUG o.s.c.c.CharSequenceEncoder - [59b37b3e] Writing "679. foo bar"
03:14:30.641 [http-nio-auto-15-exec-1] DEBUG o.s.c.c.CharSequenceEncoder - [59b37b3e] Writing "680. foo bar"
03:14:30.641 [http-nio-auto-15-exec-1] DEBUG o.s.c.c.CharSequenceEncoder - [59b37b3e] Writing "681. foo bar"
03:14:30.641 [http-nio-auto-15-exec-1] DEBUG o.s.c.c.CharSequenceEncoder - [59b37b3e] Writing "682. foo bar"
03:14:30.641 [http-nio-auto-15-exec-1] DEBUG o.s.c.c.CharSequenceEncoder - [59b37b3e] Writing "683. foo bar"
03:14:30.641 [http-nio-auto-15-exec-1] DEBUG o.s.c.c.CharSequenceEncoder - [59b37b3e] Writing "684. foo bar"
03:14:30.641 [http-nio-auto-15-exec-1] DEBUG o.s.c.c.CharSequenceEncoder - [59b37b3e] Writing "685. foo bar"
03:14:30.641 [http-nio-auto-15-exec-1] DEBUG o.s.c.c.CharSequenceEncoder - [59b37b3e] Writing "686. foo bar"
03:14:30.642 [http-nio-auto-15-exec-1] DEBUG o.s.c.c.CharSequenceEncoder - [59b37b3e] Writing "687. foo bar"
03:14:30.642 [http-nio-auto-15-exec-1] DEBUG o.s.c.c.CharSequenceEncoder - [59b37b3e] Writing "688. foo bar"
03:14:30.643 [http-nio-auto-15-exec-1] DEBUG o.s.c.c.CharSequenceEncoder - [59b37b3e] Writing "689. foo bar"
03:14:30.643 [http-nio-auto-15-exec-1] DEBUG o.s.c.c.CharSequenceEncoder - [59b37b3e] Writing "690. foo bar"
03:14:30.643 [http-nio-auto-15-exec-1] DEBUG o.s.c.c.CharSequenceEncoder - [59b37b3e] Writing "691. foo bar"
03:14:30.643 [http-nio-auto-15-exec-1] DEBUG o.s.c.c.CharSequenceEncoder - [59b37b3e] Writing "692. foo bar"
03:14:30.647 [Test worker] DEBUG o.s.w.c.RestTemplate - Response 200 OK
03:14:30.647 [Test worker] DEBUG o.s.w.c.RestTemplate - Reading to [java.lang.String] as "text/plain;charset=UTF-8"
03:14:30.648 [http-nio-auto-15-exec-1] DEBUG o.s.c.c.CharSequenceEncoder - [59b37b3e] Writing "693. foo bar"
03:14:30.794 [http-nio-auto-15-exec-2] DEBUG o.s.c.c.CharSequenceEncoder - [59b37b3e] Writing "694. foo bar"
03:14:30.794 [http-nio-auto-15-exec-2] DEBUG o.s.c.c.CharSequenceEncoder - [59b37b3e] Writing "695. foo bar"
03:14:30.794 [http-nio-auto-15-exec-2] DEBUG o.s.c.c.CharSequenceEncoder - [59b37b3e] Writing "696. foo bar"
03:14:30.794 [http-nio-auto-15-exec-2] DEBUG o.s.c.c.CharSequenceEncoder - [59b37b3e] Writing "697. foo bar"
03:14:30.794 [http-nio-auto-15-exec-2] DEBUG o.s.c.c.CharSequenceEncoder - [59b37b3e] Writing "698. foo bar"
03:14:30.794 [http-nio-auto-15-exec-2] DEBUG o.s.c.c.CharSequenceEncoder - [59b37b3e] Writing "699. foo bar"
03:14:30.794 [http-nio-auto-15-exec-2] DEBUG o.s.c.c.CharSequenceEncoder - [59b37b3e] Writing "700. foo bar"
03:14:30.794 [http-nio-auto-15-exec-2] DEBUG o.s.c.c.CharSequenceEncoder - [59b37b3e] Writing "701. foo bar"
03:14:30.794 [http-nio-auto-15-exec-2] DEBUG o.s.c.c.CharSequenceEncoder - [59b37b3e] Writing "702. foo bar"
03:14:30.794 [http-nio-auto-15-exec-2] DEBUG o.s.c.c.CharSequenceEncoder - [59b37b3e] Writing "703. foo bar"
03:14:30.794 [http-nio-auto-15-exec-2] DEBUG o.s.c.c.CharSequenceEncoder - [59b37b3e] Writing "704. foo bar"
03:14:30.794 [http-nio-auto-15-exec-2] DEBUG o.s.c.c.CharSequenceEncoder - [59b37b3e] Writing "705. foo bar"
03:14:30.794 [http-nio-auto-15-exec-2] DEBUG o.s.c.c.CharSequenceEncoder - [59b37b3e] Writing "706. foo bar"
03:14:30.794 [http-nio-auto-15-exec-2] DEBUG o.s.c.c.CharSequenceEncoder - [59b37b3e] Writing "707. foo bar"
03:14:30.794 [http-nio-auto-15-exec-2] DEBUG o.s.c.c.CharSequenceEncoder - [59b37b3e] Writing "708. foo bar"
03:14:30.794 [http-nio-auto-15-exec-2] DEBUG o.s.c.c.CharSequenceEncoder - [59b37b3e] Writing "709. foo bar"
03:14:30.794 [http-nio-auto-15-exec-2] DEBUG o.s.c.c.CharSequenceEncoder - [59b37b3e] Writing "710. foo bar"
03:14:30.794 [http-nio-auto-15-exec-2] DEBUG o.s.c.c.CharSequenceEncoder - [59b37b3e] Writing "711. foo bar"
03:14:30.794 [http-nio-auto-15-exec-2] DEBUG o.s.c.c.CharSequenceEncoder - [59b37b3e] Writing "712. foo bar"
03:14:30.794 [http-nio-auto-15-exec-2] DEBUG o.s.c.c.CharSequenceEncoder - [59b37b3e] Writing "713. foo bar"
03:14:30.794 [http-nio-auto-15-exec-2] DEBUG o.s.c.c.CharSequenceEncoder - [59b37b3e] Writing "714. foo bar"
03:14:30.794 [http-nio-auto-15-exec-2] DEBUG o.s.c.c.CharSequenceEncoder - [59b37b3e] Writing "715. foo bar"
03:14:30.794 [http-nio-auto-15-exec-2] DEBUG o.s.c.c.CharSequenceEncoder - [59b37b3e] Writing "716. foo bar"
03:14:30.794 [http-nio-auto-15-exec-2] DEBUG o.s.c.c.CharSequenceEncoder - [59b37b3e] Writing "717. foo bar"
03:14:30.794 [http-nio-auto-15-exec-2] DEBUG o.s.c.c.CharSequenceEncoder - [59b37b3e] Writing "718. foo bar"
03:14:30.794 [http-nio-auto-15-exec-2] DEBUG o.s.c.c.CharSequenceEncoder - [59b37b3e] Writing "719. foo bar"
03:14:30.794 [http-nio-auto-15-exec-2] DEBUG o.s.c.c.CharSequenceEncoder - [59b37b3e] Writing "720. foo bar"
03:14:30.794 [http-nio-auto-15-exec-2] DEBUG o.s.c.c.CharSequenceEncoder - [59b37b3e] Writing "721. foo bar"
03:14:30.794 [http-nio-auto-15-exec-2] DEBUG o.s.c.c.CharSequenceEncoder - [59b37b3e] Writing "722. foo bar"
03:14:30.794 [http-nio-auto-15-exec-2] DEBUG o.s.c.c.CharSequenceEncoder - [59b37b3e] Writing "723. foo bar"
03:14:30.794 [http-nio-auto-15-exec-2] DEBUG o.s.c.c.CharSequenceEncoder - [59b37b3e] Writing "724. foo bar"
03:14:30.794 [http-nio-auto-15-exec-2] DEBUG o.s.c.c.CharSequenceEncoder - [59b37b3e] Writing "725. foo bar"
03:14:30.794 [http-nio-auto-15-exec-2] DEBUG o.s.c.c.CharSequenceEncoder - [59b37b3e] Writing "726. foo bar"
03:14:30.794 [http-nio-auto-15-exec-2] DEBUG o.s.c.c.CharSequenceEncoder - [59b37b3e] Writing "727. foo bar"
03:14:30.794 [http-nio-auto-15-exec-2] DEBUG o.s.c.c.CharSequenceEncoder - [59b37b3e] Writing "728. foo bar"
03:14:30.795 [http-nio-auto-15-exec-2] DEBUG o.s.c.c.CharSequenceEncoder - [59b37b3e] Writing "729. foo bar"
03:14:30.795 [http-nio-auto-15-exec-2] DEBUG o.s.c.c.CharSequenceEncoder - [59b37b3e] Writing "730. foo bar"
03:14:30.795 [http-nio-auto-15-exec-2] DEBUG o.s.c.c.CharSequenceEncoder - [59b37b3e] Writing "731. foo bar"
03:14:30.795 [http-nio-auto-15-exec-2] DEBUG o.s.c.c.CharSequenceEncoder - [59b37b3e] Writing "732. foo bar"
03:14:30.795 [http-nio-auto-15-exec-2] DEBUG o.s.c.c.CharSequenceEncoder - [59b37b3e] Writing "733. foo bar"
03:14:30.795 [http-nio-auto-15-exec-2] DEBUG o.s.c.c.CharSequenceEncoder - [59b37b3e] Writing "734. foo bar"
03:14:30.797 [http-nio-auto-15-exec-2] DEBUG o.s.c.c.CharSequenceEncoder - [59b37b3e] Writing "735. foo bar"
03:14:30.798 [http-nio-auto-15-exec-2] DEBUG o.s.c.c.CharSequenceEncoder - [59b37b3e] Writing "736. foo bar"
03:14:30.798 [http-nio-auto-15-exec-2] DEBUG o.s.c.c.CharSequenceEncoder - [59b37b3e] Writing "737. foo bar"
03:14:30.798 [http-nio-auto-15-exec-2] DEBUG o.s.c.c.CharSequenceEncoder - [59b37b3e] Writing "738. foo bar"
03:14:30.798 [http-nio-auto-15-exec-2] DEBUG o.s.c.c.CharSequenceEncoder - [59b37b3e] Writing "739. foo bar"
03:14:30.798 [http-nio-auto-15-exec-2] DEBUG o.s.c.c.CharSequenceEncoder - [59b37b3e] Writing "740. foo bar"
03:14:30.798 [http-nio-auto-15-exec-2] DEBUG o.s.c.c.CharSequenceEncoder - [59b37b3e] Writing "741. foo bar"
03:14:30.798 [http-nio-auto-15-exec-2] DEBUG o.s.c.c.CharSequenceEncoder - [59b37b3e] Writing "742. foo bar"
03:14:30.798 [http-nio-auto-15-exec-2] DEBUG o.s.c.c.CharSequenceEncoder - [59b37b3e] Writing "743. foo bar"
03:14:30.800 [http-nio-auto-15-exec-2] DEBUG o.s.c.c.CharSequenceEncoder - [59b37b3e] Writing "744. foo bar"
03:14:30.800 [http-nio-auto-15-exec-2] DEBUG o.s.c.c.CharSequenceEncoder - [59b37b3e] Writing "745. foo bar"
03:14:30.800 [http-nio-auto-15-exec-2] DEBUG o.s.c.c.CharSequenceEncoder - [59b37b3e] Writing "746. foo bar"
03:14:30.800 [http-nio-auto-15-exec-2] DEBUG o.s.c.c.CharSequenceEncoder - [59b37b3e] Writing "747. foo bar"
03:14:30.800 [http-nio-auto-15-exec-2] DEBUG o.s.c.c.CharSequenceEncoder - [59b37b3e] Writing "748. foo bar"
03:14:30.800 [http-nio-auto-15-exec-2] DEBUG o.s.c.c.CharSequenceEncoder - [59b37b3e] Writing "749. foo bar"
03:14:30.800 [http-nio-auto-15-exec-2] DEBUG o.s.c.c.CharSequenceEncoder - [59b37b3e] Writing "750. foo bar"
03:14:30.800 [http-nio-auto-15-exec-2] DEBUG o.s.c.c.CharSequenceEncoder - [59b37b3e] Writing "751. foo bar"
03:14:30.800 [http-nio-auto-15-exec-2] DEBUG o.s.c.c.CharSequenceEncoder - [59b37b3e] Writing "752. foo bar"
03:14:30.800 [http-nio-auto-15-exec-2] DEBUG o.s.c.c.CharSequenceEncoder - [59b37b3e] Writing "753. foo bar"
03:14:30.800 [http-nio-auto-15-exec-2] DEBUG o.s.c.c.CharSequenceEncoder - [59b37b3e] Writing "754. foo bar"
03:14:30.800 [http-nio-auto-15-exec-2] DEBUG o.s.c.c.CharSequenceEncoder - [59b37b3e] Writing "755. foo bar"
03:14:30.800 [http-nio-auto-15-exec-2] DEBUG o.s.c.c.CharSequenceEncoder - [59b37b3e] Writing "756. foo bar"
03:14:30.800 [http-nio-auto-15-exec-2] DEBUG o.s.c.c.CharSequenceEncoder - [59b37b3e] Writing "757. foo bar"
03:14:30.800 [http-nio-auto-15-exec-2] DEBUG o.s.c.c.CharSequenceEncoder - [59b37b3e] Writing "758. foo bar"
03:14:30.800 [http-nio-auto-15-exec-2] DEBUG o.s.c.c.CharSequenceEncoder - [59b37b3e] Writing "759. foo bar"
03:14:30.800 [http-nio-auto-15-exec-2] DEBUG o.s.c.c.CharSequenceEncoder - [59b37b3e] Writing "760. foo bar"
03:14:30.800 [http-nio-auto-15-exec-2] DEBUG o.s.c.c.CharSequenceEncoder - [59b37b3e] Writing "761. foo bar"
03:14:30.800 [http-nio-auto-15-exec-2] DEBUG o.s.c.c.CharSequenceEncoder - [59b37b3e] Writing "762. foo bar"
03:14:30.800 [http-nio-auto-15-exec-2] DEBUG o.s.c.c.CharSequenceEncoder - [59b37b3e] Writing "763. foo bar"
03:14:30.800 [http-nio-auto-15-exec-2] DEBUG o.s.c.c.CharSequenceEncoder - [59b37b3e] Writing "764. foo bar"
03:14:30.800 [http-nio-auto-15-exec-2] DEBUG o.s.c.c.CharSequenceEncoder - [59b37b3e] Writing "765. foo bar"
03:14:30.800 [http-nio-auto-15-exec-2] DEBUG o.s.c.c.CharSequenceEncoder - [59b37b3e] Writing "766. foo bar"
03:14:30.800 [http-nio-auto-15-exec-2] DEBUG o.s.c.c.CharSequenceEncoder - [59b37b3e] Writing "767. foo bar"
03:14:30.800 [http-nio-auto-15-exec-2] DEBUG o.s.c.c.CharSequenceEncoder - [59b37b3e] Writing "768. foo bar"
03:14:30.800 [http-nio-auto-15-exec-2] DEBUG o.s.c.c.CharSequenceEncoder - [59b37b3e] Writing "769. foo bar"
03:14:30.800 [http-nio-auto-15-exec-2] DEBUG o.s.c.c.CharSequenceEncoder - [59b37b3e] Writing "770. foo bar"
03:14:30.800 [http-nio-auto-15-exec-2] DEBUG o.s.c.c.CharSequenceEncoder - [59b37b3e] Writing "771. foo bar"
03:14:30.800 [http-nio-auto-15-exec-2] DEBUG o.s.c.c.CharSequenceEncoder - [59b37b3e] Writing "772. foo bar"
03:14:30.800 [http-nio-auto-15-exec-2] DEBUG o.s.c.c.CharSequenceEncoder - [59b37b3e] Writing "773. foo bar"
03:14:30.800 [http-nio-auto-15-exec-2] DEBUG o.s.c.c.CharSequenceEncoder - [59b37b3e] Writing "774. foo bar"
03:14:30.800 [http-nio-auto-15-exec-2] DEBUG o.s.c.c.CharSequenceEncoder - [59b37b3e] Writing "775. foo bar"
03:14:30.800 [http-nio-auto-15-exec-2] DEBUG o.s.c.c.CharSequenceEncoder - [59b37b3e] Writing "776. foo bar"
03:14:30.800 [http-nio-auto-15-exec-2] DEBUG o.s.c.c.CharSequenceEncoder - [59b37b3e] Writing "777. foo bar"
03:14:30.800 [http-nio-auto-15-exec-2] DEBUG o.s.c.c.CharSequenceEncoder - [59b37b3e] Writing "778. foo bar"
03:14:30.800 [http-nio-auto-15-exec-2] DEBUG o.s.c.c.CharSequenceEncoder - [59b37b3e] Writing "779. foo bar"
03:14:30.800 [http-nio-auto-15-exec-2] DEBUG o.s.c.c.CharSequenceEncoder - [59b37b3e] Writing "780. foo bar"
03:14:30.800 [http-nio-auto-15-exec-2] DEBUG o.s.c.c.CharSequenceEncoder - [59b37b3e] Writing "781. foo bar"
03:14:30.800 [http-nio-auto-15-exec-2] DEBUG o.s.c.c.CharSequenceEncoder - [59b37b3e] Writing "782. foo bar"
03:14:30.800 [http-nio-auto-15-exec-2] DEBUG o.s.c.c.CharSequenceEncoder - [59b37b3e] Writing "783. foo bar"
03:14:30.800 [http-nio-auto-15-exec-2] DEBUG o.s.c.c.CharSequenceEncoder - [59b37b3e] Writing "784. foo bar"
03:14:30.800 [http-nio-auto-15-exec-2] DEBUG o.s.c.c.CharSequenceEncoder - [59b37b3e] Writing "785. foo bar"
03:14:30.800 [http-nio-auto-15-exec-2] DEBUG o.s.c.c.CharSequenceEncoder - [59b37b3e] Writing "786. foo bar"
03:14:30.800 [http-nio-auto-15-exec-2] DEBUG o.s.c.c.CharSequenceEncoder - [59b37b3e] Writing "787. foo bar"
03:14:30.800 [http-nio-auto-15-exec-2] DEBUG o.s.c.c.CharSequenceEncoder - [59b37b3e] Writing "788. foo bar"
03:14:30.800 [http-nio-auto-15-exec-2] DEBUG o.s.c.c.CharSequenceEncoder - [59b37b3e] Writing "789. foo bar"
03:14:30.800 [http-nio-auto-15-exec-2] DEBUG o.s.c.c.CharSequenceEncoder - [59b37b3e] Writing "790. foo bar"
03:14:30.800 [http-nio-auto-15-exec-2] DEBUG o.s.c.c.CharSequenceEncoder - [59b37b3e] Writing "791. foo bar"
03:14:30.800 [http-nio-auto-15-exec-2] DEBUG o.s.c.c.CharSequenceEncoder - [59b37b3e] Writing "792. foo bar"
03:14:30.800 [http-nio-auto-15-exec-2] DEBUG o.s.c.c.CharSequenceEncoder - [59b37b3e] Writing "793. foo bar"
03:14:30.800 [http-nio-auto-15-exec-2] DEBUG o.s.c.c.CharSequenceEncoder - [59b37b3e] Writing "794. foo bar"
03:14:30.800 [http-nio-auto-15-exec-2] DEBUG o.s.c.c.CharSequenceEncoder - [59b37b3e] Writing "795. foo bar"
03:14:30.800 [http-nio-auto-15-exec-2] DEBUG o.s.c.c.CharSequenceEncoder - [59b37b3e] Writing "796. foo bar"
03:14:30.800 [http-nio-auto-15-exec-2] DEBUG o.s.c.c.CharSequenceEncoder - [59b37b3e] Writing "797. foo bar"
03:14:30.800 [http-nio-auto-15-exec-2] DEBUG o.s.c.c.CharSequenceEncoder - [59b37b3e] Writing "798. foo bar"
03:14:30.800 [http-nio-auto-15-exec-2] DEBUG o.s.c.c.CharSequenceEncoder - [59b37b3e] Writing "799. foo bar"
03:14:30.800 [http-nio-auto-15-exec-2] DEBUG o.s.c.c.CharSequenceEncoder - [59b37b3e] Writing "800. foo bar"
03:14:30.801 [http-nio-auto-15-exec-2] DEBUG o.s.c.c.CharSequenceEncoder - [59b37b3e] Writing "801. foo bar"
03:14:30.801 [http-nio-auto-15-exec-2] DEBUG o.s.c.c.CharSequenceEncoder - [59b37b3e] Writing "802. foo bar"
03:14:30.801 [http-nio-auto-15-exec-2] DEBUG o.s.c.c.CharSequenceEncoder - [59b37b3e] Writing "803. foo bar"
03:14:30.801 [http-nio-auto-15-exec-2] DEBUG o.s.c.c.CharSequenceEncoder - [59b37b3e] Writing "804. foo bar"
03:14:30.801 [http-nio-auto-15-exec-2] DEBUG o.s.c.c.CharSequenceEncoder - [59b37b3e] Writing "805. foo bar"
03:14:30.801 [http-nio-auto-15-exec-2] DEBUG o.s.c.c.CharSequenceEncoder - [59b37b3e] Writing "806. foo bar"
03:14:30.801 [http-nio-auto-15-exec-2] DEBUG o.s.c.c.CharSequenceEncoder - [59b37b3e] Writing "807. foo bar"
03:14:30.801 [http-nio-auto-15-exec-2] DEBUG o.s.c.c.CharSequenceEncoder - [59b37b3e] Writing "808. foo bar"
03:14:30.801 [http-nio-auto-15-exec-2] DEBUG o.s.c.c.CharSequenceEncoder - [59b37b3e] Writing "809. foo bar"
03:14:30.801 [http-nio-auto-15-exec-2] DEBUG o.s.c.c.CharSequenceEncoder - [59b37b3e] Writing "810. foo bar"
03:14:30.801 [http-nio-auto-15-exec-2] DEBUG o.s.c.c.CharSequenceEncoder - [59b37b3e] Writing "811. foo bar"
03:14:30.801 [http-nio-auto-15-exec-2] DEBUG o.s.c.c.CharSequenceEncoder - [59b37b3e] Writing "812. foo bar"
03:14:30.801 [http-nio-auto-15-exec-2] DEBUG o.s.c.c.CharSequenceEncoder - [59b37b3e] Writing "813. foo bar"
03:14:30.801 [http-nio-auto-15-exec-2] DEBUG o.s.c.c.CharSequenceEncoder - [59b37b3e] Writing "814. foo bar"
03:14:30.801 [http-nio-auto-15-exec-2] DEBUG o.s.c.c.CharSequenceEncoder - [59b37b3e] Writing "815. foo bar"
03:14:30.801 [http-nio-auto-15-exec-2] DEBUG o.s.c.c.CharSequenceEncoder - [59b37b3e] Writing "816. foo bar"
03:14:30.801 [http-nio-auto-15-exec-2] DEBUG o.s.c.c.CharSequenceEncoder - [59b37b3e] Writing "817. foo bar"
03:14:30.801 [http-nio-auto-15-exec-2] DEBUG o.s.c.c.CharSequenceEncoder - [59b37b3e] Writing "818. foo bar"
03:14:30.801 [http-nio-auto-15-exec-2] DEBUG o.s.c.c.CharSequenceEncoder - [59b37b3e] Writing "819. foo bar"
03:14:30.801 [http-nio-auto-15-exec-2] DEBUG o.s.c.c.CharSequenceEncoder - [59b37b3e] Writing "820. foo bar"
03:14:30.801 [http-nio-auto-15-exec-2] DEBUG o.s.c.c.CharSequenceEncoder - [59b37b3e] Writing "821. foo bar"
03:14:30.801 [http-nio-auto-15-exec-2] DEBUG o.s.c.c.CharSequenceEncoder - [59b37b3e] Writing "822. foo bar"
03:14:30.801 [http-nio-auto-15-exec-2] DEBUG o.s.c.c.CharSequenceEncoder - [59b37b3e] Writing "823. foo bar"
03:14:30.801 [http-nio-auto-15-exec-2] DEBUG o.s.c.c.CharSequenceEncoder - [59b37b3e] Writing "824. foo bar"
03:14:30.801 [http-nio-auto-15-exec-2] DEBUG o.s.c.c.CharSequenceEncoder - [59b37b3e] Writing "825. foo bar"
03:14:30.801 [http-nio-auto-15-exec-2] DEBUG o.s.c.c.CharSequenceEncoder - [59b37b3e] Writing "826. foo bar"
03:14:30.801 [http-nio-auto-15-exec-2] DEBUG o.s.c.c.CharSequenceEncoder - [59b37b3e] Writing "827. foo bar"
03:14:30.801 [http-nio-auto-15-exec-2] DEBUG o.s.c.c.CharSequenceEncoder - [59b37b3e] Writing "828. foo bar"
03:14:30.801 [http-nio-auto-15-exec-2] DEBUG o.s.c.c.CharSequenceEncoder - [59b37b3e] Writing "829. foo bar"
03:14:30.801 [http-nio-auto-15-exec-2] DEBUG o.s.c.c.CharSequenceEncoder - [59b37b3e] Writing "830. foo bar"
03:14:30.801 [http-nio-auto-15-exec-2] DEBUG o.s.c.c.CharSequenceEncoder - [59b37b3e] Writing "831. foo bar"
03:14:30.801 [http-nio-auto-15-exec-2] DEBUG o.s.c.c.CharSequenceEncoder - [59b37b3e] Writing "832. foo bar"
03:14:30.801 [http-nio-auto-15-exec-2] DEBUG o.s.c.c.CharSequenceEncoder - [59b37b3e] Writing "833. foo bar"
03:14:30.801 [http-nio-auto-15-exec-2] DEBUG o.s.c.c.CharSequenceEncoder - [59b37b3e] Writing "834. foo bar"
03:14:30.801 [http-nio-auto-15-exec-2] DEBUG o.s.c.c.CharSequenceEncoder - [59b37b3e] Writing "835. foo bar"
03:14:30.801 [http-nio-auto-15-exec-2] DEBUG o.s.c.c.CharSequenceEncoder - [59b37b3e] Writing "836. foo bar"
03:14:30.801 [http-nio-auto-15-exec-2] DEBUG o.s.c.c.CharSequenceEncoder - [59b37b3e] Writing "837. foo bar"
03:14:30.801 [http-nio-auto-15-exec-2] DEBUG o.s.c.c.CharSequenceEncoder - [59b37b3e] Writing "838. foo bar"
03:14:30.801 [http-nio-auto-15-exec-2] DEBUG o.s.c.c.CharSequenceEncoder - [59b37b3e] Writing "839. foo bar"
03:14:30.801 [http-nio-auto-15-exec-2] DEBUG o.s.c.c.CharSequenceEncoder - [59b37b3e] Writing "840. foo bar"
03:14:30.801 [http-nio-auto-15-exec-2] DEBUG o.s.c.c.CharSequenceEncoder - [59b37b3e] Writing "841. foo bar"
03:14:30.801 [http-nio-auto-15-exec-2] DEBUG o.s.c.c.CharSequenceEncoder - [59b37b3e] Writing "842. foo bar"
03:14:30.801 [http-nio-auto-15-exec-2] DEBUG o.s.c.c.CharSequenceEncoder - [59b37b3e] Writing "843. foo bar"
03:14:30.801 [http-nio-auto-15-exec-2] DEBUG o.s.c.c.CharSequenceEncoder - [59b37b3e] Writing "844. foo bar"
03:14:30.801 [http-nio-auto-15-exec-2] DEBUG o.s.c.c.CharSequenceEncoder - [59b37b3e] Writing "845. foo bar"
03:14:30.801 [http-nio-auto-15-exec-2] DEBUG o.s.c.c.CharSequenceEncoder - [59b37b3e] Writing "846. foo bar"
03:14:30.801 [http-nio-auto-15-exec-2] DEBUG o.s.c.c.CharSequenceEncoder - [59b37b3e] Writing "847. foo bar"
03:14:30.801 [http-nio-auto-15-exec-2] DEBUG o.s.c.c.CharSequenceEncoder - [59b37b3e] Writing "848. foo bar"
03:14:30.801 [http-nio-auto-15-exec-2] DEBUG o.s.c.c.CharSequenceEncoder - [59b37b3e] Writing "849. foo bar"
03:14:30.801 [http-nio-auto-15-exec-2] DEBUG o.s.c.c.CharSequenceEncoder - [59b37b3e] Writing "850. foo bar"
03:14:30.801 [http-nio-auto-15-exec-2] DEBUG o.s.c.c.CharSequenceEncoder - [59b37b3e] Writing "851. foo bar"
03:14:30.801 [http-nio-auto-15-exec-2] DEBUG o.s.c.c.CharSequenceEncoder - [59b37b3e] Writing "852. foo bar"
03:14:30.801 [http-nio-auto-15-exec-2] DEBUG o.s.c.c.CharSequenceEncoder - [59b37b3e] Writing "853. foo bar"
03:14:30.801 [http-nio-auto-15-exec-2] DEBUG o.s.c.c.CharSequenceEncoder - [59b37b3e] Writing "854. foo bar"
03:14:30.801 [http-nio-auto-15-exec-2] DEBUG o.s.c.c.CharSequenceEncoder - [59b37b3e] Writing "855. foo bar"
03:14:30.801 [http-nio-auto-15-exec-2] DEBUG o.s.c.c.CharSequenceEncoder - [59b37b3e] Writing "856. foo bar"
03:14:30.801 [http-nio-auto-15-exec-2] DEBUG o.s.c.c.CharSequenceEncoder - [59b37b3e] Writing "857. foo bar"
03:14:30.801 [http-nio-auto-15-exec-2] DEBUG o.s.c.c.CharSequenceEncoder - [59b37b3e] Writing "858. foo bar"
03:14:30.801 [http-nio-auto-15-exec-2] DEBUG o.s.c.c.CharSequenceEncoder - [59b37b3e] Writing "859. foo bar"
03:14:30.801 [http-nio-auto-15-exec-2] DEBUG o.s.c.c.CharSequenceEncoder - [59b37b3e] Writing "860. foo bar"
03:14:30.801 [http-nio-auto-15-exec-2] DEBUG o.s.c.c.CharSequenceEncoder - [59b37b3e] Writing "861. foo bar"
03:14:30.801 [http-nio-auto-15-exec-2] DEBUG o.s.c.c.CharSequenceEncoder - [59b37b3e] Writing "862. foo bar"
03:14:30.801 [http-nio-auto-15-exec-2] DEBUG o.s.c.c.CharSequenceEncoder - [59b37b3e] Writing "863. foo bar"
03:14:30.801 [http-nio-auto-15-exec-2] DEBUG o.s.c.c.CharSequenceEncoder - [59b37b3e] Writing "864. foo bar"
03:14:30.801 [http-nio-auto-15-exec-2] DEBUG o.s.c.c.CharSequenceEncoder - [59b37b3e] Writing "865. foo bar"
03:14:30.801 [http-nio-auto-15-exec-2] DEBUG o.s.c.c.CharSequenceEncoder - [59b37b3e] Writing "866. foo bar"
03:14:30.801 [http-nio-auto-15-exec-2] DEBUG o.s.c.c.CharSequenceEncoder - [59b37b3e] Writing "867. foo bar"
03:14:30.801 [http-nio-auto-15-exec-2] DEBUG o.s.c.c.CharSequenceEncoder - [59b37b3e] Writing "868. foo bar"
03:14:30.801 [http-nio-auto-15-exec-2] DEBUG o.s.c.c.CharSequenceEncoder - [59b37b3e] Writing "869. foo bar"
03:14:30.802 [http-nio-auto-15-exec-2] DEBUG o.s.c.c.CharSequenceEncoder - [59b37b3e] Writing "870. foo bar"
03:14:30.804 [http-nio-auto-15-exec-2] DEBUG o.s.c.c.CharSequenceEncoder - [59b37b3e] Writing "871. foo bar"
03:14:30.804 [http-nio-auto-15-exec-2] DEBUG o.s.c.c.CharSequenceEncoder - [59b37b3e] Writing "872. foo bar"
03:14:30.804 [http-nio-auto-15-exec-2] DEBUG o.s.c.c.CharSequenceEncoder - [59b37b3e] Writing "873. foo bar"
03:14:30.804 [http-nio-auto-15-exec-2] DEBUG o.s.c.c.CharSequenceEncoder - [59b37b3e] Writing "874. foo bar"
03:14:30.804 [http-nio-auto-15-exec-2] DEBUG o.s.c.c.CharSequenceEncoder - [59b37b3e] Writing "875. foo bar"
03:14:30.804 [http-nio-auto-15-exec-2] DEBUG o.s.c.c.CharSequenceEncoder - [59b37b3e] Writing "876. foo bar"
03:14:30.804 [http-nio-auto-15-exec-2] DEBUG o.s.c.c.CharSequenceEncoder - [59b37b3e] Writing "877. foo bar"
03:14:30.804 [http-nio-auto-15-exec-2] DEBUG o.s.c.c.CharSequenceEncoder - [59b37b3e] Writing "878. foo bar"
03:14:30.804 [http-nio-auto-15-exec-2] DEBUG o.s.c.c.CharSequenceEncoder - [59b37b3e] Writing "879. foo bar"
03:14:30.804 [http-nio-auto-15-exec-2] DEBUG o.s.c.c.CharSequenceEncoder - [59b37b3e] Writing "880. foo bar"
03:14:30.804 [http-nio-auto-15-exec-2] DEBUG o.s.c.c.CharSequenceEncoder - [59b37b3e] Writing "881. foo bar"
03:14:30.804 [http-nio-auto-15-exec-2] DEBUG o.s.c.c.CharSequenceEncoder - [59b37b3e] Writing "882. foo bar"
03:14:30.804 [http-nio-auto-15-exec-2] DEBUG o.s.c.c.CharSequenceEncoder - [59b37b3e] Writing "883. foo bar"
03:14:30.804 [http-nio-auto-15-exec-2] DEBUG o.s.c.c.CharSequenceEncoder - [59b37b3e] Writing "884. foo bar"
03:14:30.804 [http-nio-auto-15-exec-2] DEBUG o.s.c.c.CharSequenceEncoder - [59b37b3e] Writing "885. foo bar"
03:14:30.804 [http-nio-auto-15-exec-2] DEBUG o.s.c.c.CharSequenceEncoder - [59b37b3e] Writing "886. foo bar"
03:14:30.804 [http-nio-auto-15-exec-2] DEBUG o.s.c.c.CharSequenceEncoder - [59b37b3e] Writing "887. foo bar"
03:14:30.804 [http-nio-auto-15-exec-2] DEBUG o.s.c.c.CharSequenceEncoder - [59b37b3e] Writing "888. foo bar"
03:14:30.804 [http-nio-auto-15-exec-2] DEBUG o.s.c.c.CharSequenceEncoder - [59b37b3e] Writing "889. foo bar"
03:14:30.804 [http-nio-auto-15-exec-2] DEBUG o.s.c.c.CharSequenceEncoder - [59b37b3e] Writing "890. foo bar"
03:14:30.804 [http-nio-auto-15-exec-2] DEBUG o.s.c.c.CharSequenceEncoder - [59b37b3e] Writing "891. foo bar"
03:14:30.804 [http-nio-auto-15-exec-2] DEBUG o.s.c.c.CharSequenceEncoder - [59b37b3e] Writing "892. foo bar"
03:14:30.804 [http-nio-auto-15-exec-2] DEBUG o.s.c.c.CharSequenceEncoder - [59b37b3e] Writing "893. foo bar"
03:14:30.804 [http-nio-auto-15-exec-2] DEBUG o.s.c.c.CharSequenceEncoder - [59b37b3e] Writing "894. foo bar"
03:14:30.804 [http-nio-auto-15-exec-2] DEBUG o.s.c.c.CharSequenceEncoder - [59b37b3e] Writing "895. foo bar"
03:14:30.805 [http-nio-auto-15-exec-2] DEBUG o.s.c.c.CharSequenceEncoder - [59b37b3e] Writing "896. foo bar"
03:14:30.805 [http-nio-auto-15-exec-2] DEBUG o.s.c.c.CharSequenceEncoder - [59b37b3e] Writing "897. foo bar"
03:14:30.805 [http-nio-auto-15-exec-2] DEBUG o.s.c.c.CharSequenceEncoder - [59b37b3e] Writing "898. foo bar"
03:14:30.805 [http-nio-auto-15-exec-2] DEBUG o.s.c.c.CharSequenceEncoder - [59b37b3e] Writing "899. foo bar"
03:14:30.805 [http-nio-auto-15-exec-2] DEBUG o.s.c.c.CharSequenceEncoder - [59b37b3e] Writing "900. foo bar"
03:14:30.805 [http-nio-auto-15-exec-2] DEBUG o.s.c.c.CharSequenceEncoder - [59b37b3e] Writing "901. foo bar"
03:14:30.805 [http-nio-auto-15-exec-2] DEBUG o.s.c.c.CharSequenceEncoder - [59b37b3e] Writing "902. foo bar"
03:14:30.805 [http-nio-auto-15-exec-2] DEBUG o.s.c.c.CharSequenceEncoder - [59b37b3e] Writing "903. foo bar"
03:14:30.805 [http-nio-auto-15-exec-2] DEBUG o.s.c.c.CharSequenceEncoder - [59b37b3e] Writing "904. foo bar"
03:14:30.805 [http-nio-auto-15-exec-2] DEBUG o.s.c.c.CharSequenceEncoder - [59b37b3e] Writing "905. foo bar"
03:14:30.805 [http-nio-auto-15-exec-2] DEBUG o.s.c.c.CharSequenceEncoder - [59b37b3e] Writing "906. foo bar"
03:14:30.805 [http-nio-auto-15-exec-2] DEBUG o.s.c.c.CharSequenceEncoder - [59b37b3e] Writing "907. foo bar"
03:14:30.805 [http-nio-auto-15-exec-2] DEBUG o.s.c.c.CharSequenceEncoder - [59b37b3e] Writing "908. foo bar"
03:14:30.805 [http-nio-auto-15-exec-2] DEBUG o.s.c.c.CharSequenceEncoder - [59b37b3e] Writing "909. foo bar"
03:14:30.805 [http-nio-auto-15-exec-2] DEBUG o.s.c.c.CharSequenceEncoder - [59b37b3e] Writing "910. foo bar"
03:14:30.805 [http-nio-auto-15-exec-2] DEBUG o.s.c.c.CharSequenceEncoder - [59b37b3e] Writing "911. foo bar"
03:14:30.805 [http-nio-auto-15-exec-2] DEBUG o.s.c.c.CharSequenceEncoder - [59b37b3e] Writing "912. foo bar"
03:14:30.805 [http-nio-auto-15-exec-2] DEBUG o.s.c.c.CharSequenceEncoder - [59b37b3e] Writing "913. foo bar"
03:14:30.805 [http-nio-auto-15-exec-2] DEBUG o.s.c.c.CharSequenceEncoder - [59b37b3e] Writing "914. foo bar"
03:14:30.805 [http-nio-auto-15-exec-2] DEBUG o.s.c.c.CharSequenceEncoder - [59b37b3e] Writing "915. foo bar"
03:14:30.805 [http-nio-auto-15-exec-2] DEBUG o.s.c.c.CharSequenceEncoder - [59b37b3e] Writing "916. foo bar"
03:14:30.805 [http-nio-auto-15-exec-2] DEBUG o.s.c.c.CharSequenceEncoder - [59b37b3e] Writing "917. foo bar"
03:14:30.805 [http-nio-auto-15-exec-2] DEBUG o.s.c.c.CharSequenceEncoder - [59b37b3e] Writing "918. foo bar"
03:14:30.805 [http-nio-auto-15-exec-2] DEBUG o.s.c.c.CharSequenceEncoder - [59b37b3e] Writing "919. foo bar"
03:14:30.805 [http-nio-auto-15-exec-2] DEBUG o.s.c.c.CharSequenceEncoder - [59b37b3e] Writing "920. foo bar"
03:14:30.805 [http-nio-auto-15-exec-2] DEBUG o.s.c.c.CharSequenceEncoder - [59b37b3e] Writing "921. foo bar"
03:14:30.805 [http-nio-auto-15-exec-2] DEBUG o.s.c.c.CharSequenceEncoder - [59b37b3e] Writing "922. foo bar"
03:14:30.805 [http-nio-auto-15-exec-2] DEBUG o.s.c.c.CharSequenceEncoder - [59b37b3e] Writing "923. foo bar"
03:14:30.805 [http-nio-auto-15-exec-2] DEBUG o.s.c.c.CharSequenceEncoder - [59b37b3e] Writing "924. foo bar"
03:14:30.805 [http-nio-auto-15-exec-2] DEBUG o.s.c.c.CharSequenceEncoder - [59b37b3e] Writing "925. foo bar"
03:14:30.805 [http-nio-auto-15-exec-2] DEBUG o.s.c.c.CharSequenceEncoder - [59b37b3e] Writing "926. foo bar"
03:14:30.805 [http-nio-auto-15-exec-2] DEBUG o.s.c.c.CharSequenceEncoder - [59b37b3e] Writing "927. foo bar"
03:14:30.805 [http-nio-auto-15-exec-2] DEBUG o.s.c.c.CharSequenceEncoder - [59b37b3e] Writing "928. foo bar"
03:14:30.805 [http-nio-auto-15-exec-2] DEBUG o.s.c.c.CharSequenceEncoder - [59b37b3e] Writing "929. foo bar"
03:14:30.805 [http-nio-auto-15-exec-2] DEBUG o.s.c.c.CharSequenceEncoder - [59b37b3e] Writing "930. foo bar"
03:14:30.805 [http-nio-auto-15-exec-2] DEBUG o.s.c.c.CharSequenceEncoder - [59b37b3e] Writing "931. foo bar"
03:14:30.805 [http-nio-auto-15-exec-2] DEBUG o.s.c.c.CharSequenceEncoder - [59b37b3e] Writing "932. foo bar"
03:14:30.805 [http-nio-auto-15-exec-2] DEBUG o.s.c.c.CharSequenceEncoder - [59b37b3e] Writing "933. foo bar"
03:14:30.805 [http-nio-auto-15-exec-2] DEBUG o.s.c.c.CharSequenceEncoder - [59b37b3e] Writing "934. foo bar"
03:14:30.805 [http-nio-auto-15-exec-2] DEBUG o.s.c.c.CharSequenceEncoder - [59b37b3e] Writing "935. foo bar"
03:14:30.806 [http-nio-auto-15-exec-2] DEBUG o.s.c.c.CharSequenceEncoder - [59b37b3e] Writing "936. foo bar"
03:14:30.806 [http-nio-auto-15-exec-2] DEBUG o.s.c.c.CharSequenceEncoder - [59b37b3e] Writing "937. foo bar"
03:14:30.806 [http-nio-auto-15-exec-2] DEBUG o.s.c.c.CharSequenceEncoder - [59b37b3e] Writing "938. foo bar"
03:14:30.806 [http-nio-auto-15-exec-2] DEBUG o.s.c.c.CharSequenceEncoder - [59b37b3e] Writing "939. foo bar"
03:14:30.806 [http-nio-auto-15-exec-2] DEBUG o.s.c.c.CharSequenceEncoder - [59b37b3e] Writing "940. foo bar"
03:14:30.806 [http-nio-auto-15-exec-2] DEBUG o.s.c.c.CharSequenceEncoder - [59b37b3e] Writing "941. foo bar"
03:14:30.806 [http-nio-auto-15-exec-2] DEBUG o.s.c.c.CharSequenceEncoder - [59b37b3e] Writing "942. foo bar"
03:14:30.806 [http-nio-auto-15-exec-2] DEBUG o.s.c.c.CharSequenceEncoder - [59b37b3e] Writing "943. foo bar"
03:14:30.806 [http-nio-auto-15-exec-2] DEBUG o.s.c.c.CharSequenceEncoder - [59b37b3e] Writing "944. foo bar"
03:14:30.806 [http-nio-auto-15-exec-2] DEBUG o.s.c.c.CharSequenceEncoder - [59b37b3e] Writing "945. foo bar"
03:14:30.806 [http-nio-auto-15-exec-2] DEBUG o.s.c.c.CharSequenceEncoder - [59b37b3e] Writing "946. foo bar"
03:14:30.806 [http-nio-auto-15-exec-2] DEBUG o.s.c.c.CharSequenceEncoder - [59b37b3e] Writing "947. foo bar"
03:14:30.806 [http-nio-auto-15-exec-2] DEBUG o.s.c.c.CharSequenceEncoder - [59b37b3e] Writing "948. foo bar"
03:14:30.806 [http-nio-auto-15-exec-2] DEBUG o.s.c.c.CharSequenceEncoder - [59b37b3e] Writing "949. foo bar"
03:14:30.806 [http-nio-auto-15-exec-2] DEBUG o.s.c.c.CharSequenceEncoder - [59b37b3e] Writing "950. foo bar"
03:14:30.806 [http-nio-auto-15-exec-2] DEBUG o.s.c.c.CharSequenceEncoder - [59b37b3e] Writing "951. foo bar"
03:14:30.806 [http-nio-auto-15-exec-2] DEBUG o.s.c.c.CharSequenceEncoder - [59b37b3e] Writing "952. foo bar"
03:14:30.806 [http-nio-auto-15-exec-2] DEBUG o.s.c.c.CharSequenceEncoder - [59b37b3e] Writing "953. foo bar"
03:14:30.806 [http-nio-auto-15-exec-2] DEBUG o.s.c.c.CharSequenceEncoder - [59b37b3e] Writing "954. foo bar"
03:14:30.806 [http-nio-auto-15-exec-2] DEBUG o.s.c.c.CharSequenceEncoder - [59b37b3e] Writing "955. foo bar"
03:14:30.806 [http-nio-auto-15-exec-2] DEBUG o.s.c.c.CharSequenceEncoder - [59b37b3e] Writing "956. foo bar"
03:14:30.806 [http-nio-auto-15-exec-2] DEBUG o.s.c.c.CharSequenceEncoder - [59b37b3e] Writing "957. foo bar"
03:14:30.806 [http-nio-auto-15-exec-2] DEBUG o.s.c.c.CharSequenceEncoder - [59b37b3e] Writing "958. foo bar"
03:14:30.806 [http-nio-auto-15-exec-2] DEBUG o.s.c.c.CharSequenceEncoder - [59b37b3e] Writing "959. foo bar"
03:14:30.806 [http-nio-auto-15-exec-2] DEBUG o.s.c.c.CharSequenceEncoder - [59b37b3e] Writing "960. foo bar"
03:14:30.806 [http-nio-auto-15-exec-2] DEBUG o.s.c.c.CharSequenceEncoder - [59b37b3e] Writing "961. foo bar"
03:14:30.806 [http-nio-auto-15-exec-2] DEBUG o.s.c.c.CharSequenceEncoder - [59b37b3e] Writing "962. foo bar"
03:14:30.806 [http-nio-auto-15-exec-2] DEBUG o.s.c.c.CharSequenceEncoder - [59b37b3e] Writing "963. foo bar"
03:14:30.806 [http-nio-auto-15-exec-2] DEBUG o.s.c.c.CharSequenceEncoder - [59b37b3e] Writing "964. foo bar"
03:14:30.806 [http-nio-auto-15-exec-2] DEBUG o.s.c.c.CharSequenceEncoder - [59b37b3e] Writing "965. foo bar"
03:14:30.806 [http-nio-auto-15-exec-2] DEBUG o.s.c.c.CharSequenceEncoder - [59b37b3e] Writing "966. foo bar"
03:14:30.806 [http-nio-auto-15-exec-2] DEBUG o.s.c.c.CharSequenceEncoder - [59b37b3e] Writing "967. foo bar"
03:14:30.806 [http-nio-auto-15-exec-2] DEBUG o.s.c.c.CharSequenceEncoder - [59b37b3e] Writing "968. foo bar"
03:14:30.806 [http-nio-auto-15-exec-2] DEBUG o.s.c.c.CharSequenceEncoder - [59b37b3e] Writing "969. foo bar"
03:14:30.806 [http-nio-auto-15-exec-2] DEBUG o.s.c.c.CharSequenceEncoder - [59b37b3e] Writing "970. foo bar"
03:14:30.806 [http-nio-auto-15-exec-2] DEBUG o.s.c.c.CharSequenceEncoder - [59b37b3e] Writing "971. foo bar"
03:14:30.806 [http-nio-auto-15-exec-2] DEBUG o.s.c.c.CharSequenceEncoder - [59b37b3e] Writing "972. foo bar"
03:14:30.806 [http-nio-auto-15-exec-2] DEBUG o.s.c.c.CharSequenceEncoder - [59b37b3e] Writing "973. foo bar"
03:14:30.806 [http-nio-auto-15-exec-2] DEBUG o.s.c.c.CharSequenceEncoder - [59b37b3e] Writing "974. foo bar"
03:14:30.806 [http-nio-auto-15-exec-2] DEBUG o.s.c.c.CharSequenceEncoder - [59b37b3e] Writing "975. foo bar"
03:14:30.806 [http-nio-auto-15-exec-2] DEBUG o.s.c.c.CharSequenceEncoder - [59b37b3e] Writing "976. foo bar"
03:14:30.806 [http-nio-auto-15-exec-2] DEBUG o.s.c.c.CharSequenceEncoder - [59b37b3e] Writing "977. foo bar"
03:14:30.806 [http-nio-auto-15-exec-2] DEBUG o.s.c.c.CharSequenceEncoder - [59b37b3e] Writing "978. foo bar"
03:14:30.806 [http-nio-auto-15-exec-2] DEBUG o.s.c.c.CharSequenceEncoder - [59b37b3e] Writing "979. foo bar"
03:14:30.806 [http-nio-auto-15-exec-2] DEBUG o.s.c.c.CharSequenceEncoder - [59b37b3e] Writing "980. foo bar"
03:14:30.807 [http-nio-auto-15-exec-2] DEBUG o.s.c.c.CharSequenceEncoder - [59b37b3e] Writing "981. foo bar"
03:14:30.807 [http-nio-auto-15-exec-2] DEBUG o.s.c.c.CharSequenceEncoder - [59b37b3e] Writing "982. foo bar"
03:14:30.807 [http-nio-auto-15-exec-2] DEBUG o.s.c.c.CharSequenceEncoder - [59b37b3e] Writing "983. foo bar"
03:14:30.807 [http-nio-auto-15-exec-2] DEBUG o.s.c.c.CharSequenceEncoder - [59b37b3e] Writing "984. foo bar"
03:14:30.807 [http-nio-auto-15-exec-2] DEBUG o.s.c.c.CharSequenceEncoder - [59b37b3e] Writing "985. foo bar"
03:14:30.807 [http-nio-auto-15-exec-2] DEBUG o.s.c.c.CharSequenceEncoder - [59b37b3e] Writing "986. foo bar"
03:14:30.807 [http-nio-auto-15-exec-2] DEBUG o.s.c.c.CharSequenceEncoder - [59b37b3e] Writing "987. foo bar"
03:14:30.807 [http-nio-auto-15-exec-2] DEBUG o.s.c.c.CharSequenceEncoder - [59b37b3e] Writing "988. foo bar"
03:14:30.807 [http-nio-auto-15-exec-2] DEBUG o.s.c.c.CharSequenceEncoder - [59b37b3e] Writing "989. foo bar"
03:14:30.807 [http-nio-auto-15-exec-2] DEBUG o.s.c.c.CharSequenceEncoder - [59b37b3e] Writing "990. foo bar"
03:14:30.807 [http-nio-auto-15-exec-2] DEBUG o.s.c.c.CharSequenceEncoder - [59b37b3e] Writing "991. foo bar"
03:14:30.807 [http-nio-auto-15-exec-2] DEBUG o.s.c.c.CharSequenceEncoder - [59b37b3e] Writing "992. foo bar"
03:14:30.807 [http-nio-auto-15-exec-2] DEBUG o.s.c.c.CharSequenceEncoder - [59b37b3e] Writing "993. foo bar"
03:14:30.807 [http-nio-auto-15-exec-2] DEBUG o.s.c.c.CharSequenceEncoder - [59b37b3e] Writing "994. foo bar"
03:14:30.807 [http-nio-auto-15-exec-2] DEBUG o.s.c.c.CharSequenceEncoder - [59b37b3e] Writing "995. foo bar"
03:14:30.807 [http-nio-auto-15-exec-2] DEBUG o.s.c.c.CharSequenceEncoder - [59b37b3e] Writing "996. foo bar"
03:14:30.807 [http-nio-auto-15-exec-2] DEBUG o.s.c.c.CharSequenceEncoder - [59b37b3e] Writing "997. foo bar"
03:14:30.807 [http-nio-auto-15-exec-2] DEBUG o.s.c.c.CharSequenceEncoder - [59b37b3e] Writing "998. foo bar"
03:14:30.807 [http-nio-auto-15-exec-2] DEBUG o.s.c.c.CharSequenceEncoder - [59b37b3e] Writing "999. foo bar"
03:14:30.808 [http-nio-auto-15-exec-2] ERROR o.s.w.s.a.HttpWebHandlerAdapter - [59b37b3e] Error [java.lang.RuntimeException: Random error] for HTTP GET "/SPR-16051", but ServerHttpResponse already committed (200 OK)
03:14:31.370 [http-nio-auto-15-exec-2] DEBUG o.s.h.s.r.ServletHttpHandlerAdapter - [59b37b3e] Error notification: javax.servlet.ServletException: Failed to create response content
03:14:31.374 [Test worker] DEBUG o.s.w.t.h.s.r.b.TomcatHttpServer - Stopping TomcatHttpServer...
03:14:32.041 [Test worker] DEBUG o.s.w.t.h.s.r.b.TomcatHttpServer - Server stopped (0 millis).
03:14:32.166 [Test worker] DEBUG o.s.w.r.r.m.a.RequestMappingHandlerMapping - 6 mappings in 'requestMappingHandlerMapping'
03:14:32.188 [Test worker] DEBUG o.s.w.r.r.m.a.ControllerMethodResolver - ControllerAdvice beans: none
03:14:32.205 [Test worker] DEBUG o.s.w.s.a.HttpWebHandlerAdapter - enableLoggingRequestDetails='false': form data and headers will be masked to prevent unsafe logging of potentially sensitive data
03:14:32.205 [Test worker] DEBUG o.s.w.t.h.s.r.b.UndertowHttpServer - Starting UndertowHttpServer...
03:14:32.205 [Test worker] INFO  i.undertow - starting server: Undertow - 2.1.3.Final
03:14:32.213 [Test worker] DEBUG o.s.w.t.h.s.r.b.UndertowHttpServer - Server started on port 61945(0 millis).
03:14:32.214 [Test worker] DEBUG o.s.w.c.RestTemplate - HTTP GET http://localhost:61945/SPR-16051
03:14:32.214 [Test worker] DEBUG o.s.w.c.RestTemplate - Accept=[text/plain, application/json, application/x-jackson-smile, application/*+json, */*]
03:14:32.220 [XNIO-15 I/O-3] DEBUG o.s.w.s.a.HttpWebHandlerAdapter - [e898df3] HTTP GET "/SPR-16051"
03:14:32.220 [XNIO-15 I/O-3] DEBUG o.s.w.r.r.m.a.RequestMappingHandlerMapping - [e898df3] Mapped to org.springframework.web.reactive.result.method.annotation.RequestMappingExceptionHandlingIntegrationTests$TestController#errors()
03:14:32.221 [XNIO-15 I/O-3] DEBUG o.s.w.r.r.m.a.ResponseBodyResultHandler - Using 'text/plain;charset=UTF-8' given [text/plain, application/json, application/x-jackson-smile, application/*+json, */*] and supported [text/plain;charset=UTF-8, text/event-stream, text/plain;charset=UTF-8, */*]
03:14:32.221 [XNIO-15 I/O-3] DEBUG o.s.w.r.r.m.a.ResponseBodyResultHandler - [e898df3] 0..N [java.lang.String]
03:14:32.221 [XNIO-15 I/O-3] DEBUG o.s.c.c.CharSequenceEncoder - [e898df3] Writing "1. foo bar"
03:14:32.222 [XNIO-15 I/O-3] DEBUG o.s.c.c.CharSequenceEncoder - [e898df3] Writing "2. foo bar"
03:14:32.222 [Test worker] DEBUG o.s.w.c.RestTemplate - Response 200 OK
03:14:32.222 [XNIO-15 I/O-3] DEBUG o.s.c.c.CharSequenceEncoder - [e898df3] Writing "3. foo bar"
03:14:32.222 [XNIO-15 I/O-3] DEBUG o.s.c.c.CharSequenceEncoder - [e898df3] Writing "4. foo bar"
03:14:32.222 [Test worker] DEBUG o.s.w.c.RestTemplate - Reading to [java.lang.String] as "text/plain;charset=UTF-8"
03:14:32.222 [XNIO-15 I/O-3] DEBUG o.s.c.c.CharSequenceEncoder - [e898df3] Writing "5. foo bar"
03:14:32.222 [XNIO-15 I/O-3] DEBUG o.s.c.c.CharSequenceEncoder - [e898df3] Writing "6. foo bar"
03:14:32.222 [XNIO-15 I/O-3] DEBUG o.s.c.c.CharSequenceEncoder - [e898df3] Writing "7. foo bar"
03:14:32.222 [XNIO-15 I/O-3] DEBUG o.s.c.c.CharSequenceEncoder - [e898df3] Writing "8. foo bar"
03:14:32.222 [XNIO-15 I/O-3] DEBUG o.s.c.c.CharSequenceEncoder - [e898df3] Writing "9. foo bar"
03:14:32.223 [XNIO-15 I/O-3] DEBUG o.s.c.c.CharSequenceEncoder - [e898df3] Writing "10. foo bar"
03:14:32.223 [XNIO-15 I/O-3] DEBUG o.s.c.c.CharSequenceEncoder - [e898df3] Writing "11. foo bar"
03:14:32.223 [XNIO-15 I/O-3] DEBUG o.s.c.c.CharSequenceEncoder - [e898df3] Writing "12. foo bar"
03:14:32.223 [XNIO-15 I/O-3] DEBUG o.s.c.c.CharSequenceEncoder - [e898df3] Writing "13. foo bar"
03:14:32.223 [XNIO-15 I/O-3] DEBUG o.s.c.c.CharSequenceEncoder - [e898df3] Writing "14. foo bar"
03:14:32.223 [XNIO-15 I/O-3] DEBUG o.s.c.c.CharSequenceEncoder - [e898df3] Writing "15. foo bar"
03:14:32.223 [XNIO-15 I/O-3] DEBUG o.s.c.c.CharSequenceEncoder - [e898df3] Writing "16. foo bar"
03:14:32.223 [XNIO-15 I/O-3] DEBUG o.s.c.c.CharSequenceEncoder - [e898df3] Writing "17. foo bar"
03:14:32.223 [XNIO-15 I/O-3] DEBUG o.s.c.c.CharSequenceEncoder - [e898df3] Writing "18. foo bar"
03:14:32.224 [XNIO-15 I/O-3] DEBUG o.s.c.c.CharSequenceEncoder - [e898df3] Writing "19. foo bar"
03:14:32.224 [XNIO-15 I/O-3] DEBUG o.s.c.c.CharSequenceEncoder - [e898df3] Writing "20. foo bar"
03:14:32.224 [XNIO-15 I/O-3] DEBUG o.s.c.c.CharSequenceEncoder - [e898df3] Writing "21. foo bar"
03:14:32.224 [XNIO-15 I/O-3] DEBUG o.s.c.c.CharSequenceEncoder - [e898df3] Writing "22. foo bar"
03:14:32.224 [XNIO-15 I/O-3] DEBUG o.s.c.c.CharSequenceEncoder - [e898df3] Writing "23. foo bar"
03:14:32.224 [XNIO-15 I/O-3] DEBUG o.s.c.c.CharSequenceEncoder - [e898df3] Writing "24. foo bar"
03:14:32.224 [XNIO-15 I/O-3] DEBUG o.s.c.c.CharSequenceEncoder - [e898df3] Writing "25. foo bar"
03:14:32.224 [XNIO-15 I/O-3] DEBUG o.s.c.c.CharSequenceEncoder - [e898df3] Writing "26. foo bar"
03:14:32.224 [XNIO-15 I/O-3] DEBUG o.s.c.c.CharSequenceEncoder - [e898df3] Writing "27. foo bar"
03:14:32.224 [XNIO-15 I/O-3] DEBUG o.s.c.c.CharSequenceEncoder - [e898df3] Writing "28. foo bar"
03:14:32.224 [XNIO-15 I/O-3] DEBUG o.s.c.c.CharSequenceEncoder - [e898df3] Writing "29. foo bar"
03:14:32.224 [XNIO-15 I/O-3] DEBUG o.s.c.c.CharSequenceEncoder - [e898df3] Writing "30. foo bar"
03:14:32.225 [XNIO-15 I/O-3] DEBUG o.s.c.c.CharSequenceEncoder - [e898df3] Writing "31. foo bar"
03:14:32.225 [XNIO-15 I/O-3] DEBUG o.s.c.c.CharSequenceEncoder - [e898df3] Writing "32. foo bar"
03:14:32.225 [XNIO-15 I/O-3] DEBUG o.s.c.c.CharSequenceEncoder - [e898df3] Writing "33. foo bar"
03:14:32.225 [XNIO-15 I/O-3] DEBUG o.s.c.c.CharSequenceEncoder - [e898df3] Writing "34. foo bar"
03:14:32.225 [XNIO-15 I/O-3] DEBUG o.s.c.c.CharSequenceEncoder - [e898df3] Writing "35. foo bar"
03:14:32.225 [XNIO-15 I/O-3] DEBUG o.s.c.c.CharSequenceEncoder - [e898df3] Writing "36. foo bar"
03:14:32.225 [XNIO-15 I/O-3] DEBUG o.s.c.c.CharSequenceEncoder - [e898df3] Writing "37. foo bar"
03:14:32.225 [XNIO-15 I/O-3] DEBUG o.s.c.c.CharSequenceEncoder - [e898df3] Writing "38. foo bar"
03:14:32.225 [XNIO-15 I/O-3] DEBUG o.s.c.c.CharSequenceEncoder - [e898df3] Writing "39. foo bar"
03:14:32.225 [XNIO-15 I/O-3] DEBUG o.s.c.c.CharSequenceEncoder - [e898df3] Writing "40. foo bar"
03:14:32.225 [XNIO-15 I/O-3] DEBUG o.s.c.c.CharSequenceEncoder - [e898df3] Writing "41. foo bar"
03:14:32.225 [XNIO-15 I/O-3] DEBUG o.s.c.c.CharSequenceEncoder - [e898df3] Writing "42. foo bar"
03:14:32.225 [XNIO-15 I/O-3] DEBUG o.s.c.c.CharSequenceEncoder - [e898df3] Writing "43. foo bar"
03:14:32.225 [XNIO-15 I/O-3] DEBUG o.s.c.c.CharSequenceEncoder - [e898df3] Writing "44. foo bar"
03:14:32.226 [XNIO-15 I/O-3] DEBUG o.s.c.c.CharSequenceEncoder - [e898df3] Writing "45. foo bar"
03:14:32.226 [XNIO-15 I/O-3] DEBUG o.s.c.c.CharSequenceEncoder - [e898df3] Writing "46. foo bar"
03:14:32.226 [XNIO-15 I/O-3] DEBUG o.s.c.c.CharSequenceEncoder - [e898df3] Writing "47. foo bar"
03:14:32.226 [XNIO-15 I/O-3] DEBUG o.s.c.c.CharSequenceEncoder - [e898df3] Writing "48. foo bar"
03:14:32.226 [XNIO-15 I/O-3] DEBUG o.s.c.c.CharSequenceEncoder - [e898df3] Writing "49. foo bar"
03:14:32.226 [XNIO-15 I/O-3] DEBUG o.s.c.c.CharSequenceEncoder - [e898df3] Writing "50. foo bar"
03:14:32.226 [XNIO-15 I/O-3] DEBUG o.s.c.c.CharSequenceEncoder - [e898df3] Writing "51. foo bar"
03:14:32.226 [XNIO-15 I/O-3] DEBUG o.s.c.c.CharSequenceEncoder - [e898df3] Writing "52. foo bar"
03:14:32.226 [XNIO-15 I/O-3] DEBUG o.s.c.c.CharSequenceEncoder - [e898df3] Writing "53. foo bar"
03:14:32.226 [XNIO-15 I/O-3] DEBUG o.s.c.c.CharSequenceEncoder - [e898df3] Writing "54. foo bar"
03:14:32.226 [XNIO-15 I/O-3] DEBUG o.s.c.c.CharSequenceEncoder - [e898df3] Writing "55. foo bar"
03:14:32.226 [XNIO-15 I/O-3] DEBUG o.s.c.c.CharSequenceEncoder - [e898df3] Writing "56. foo bar"
03:14:32.226 [XNIO-15 I/O-3] DEBUG o.s.c.c.CharSequenceEncoder - [e898df3] Writing "57. foo bar"
03:14:32.226 [XNIO-15 I/O-3] DEBUG o.s.c.c.CharSequenceEncoder - [e898df3] Writing "58. foo bar"
03:14:32.227 [XNIO-15 I/O-3] DEBUG o.s.c.c.CharSequenceEncoder - [e898df3] Writing "59. foo bar"
03:14:32.227 [XNIO-15 I/O-3] DEBUG o.s.c.c.CharSequenceEncoder - [e898df3] Writing "60. foo bar"
03:14:32.227 [XNIO-15 I/O-3] DEBUG o.s.c.c.CharSequenceEncoder - [e898df3] Writing "61. foo bar"
03:14:32.227 [XNIO-15 I/O-3] DEBUG o.s.c.c.CharSequenceEncoder - [e898df3] Writing "62. foo bar"
03:14:32.227 [XNIO-15 I/O-3] DEBUG o.s.c.c.CharSequenceEncoder - [e898df3] Writing "63. foo bar"
03:14:32.227 [XNIO-15 I/O-3] DEBUG o.s.c.c.CharSequenceEncoder - [e898df3] Writing "64. foo bar"
03:14:32.227 [XNIO-15 I/O-3] DEBUG o.s.c.c.CharSequenceEncoder - [e898df3] Writing "65. foo bar"
03:14:32.227 [XNIO-15 I/O-3] DEBUG o.s.c.c.CharSequenceEncoder - [e898df3] Writing "66. foo bar"
03:14:32.228 [XNIO-15 I/O-3] DEBUG o.s.c.c.CharSequenceEncoder - [e898df3] Writing "67. foo bar"
03:14:32.228 [XNIO-15 I/O-3] DEBUG o.s.c.c.CharSequenceEncoder - [e898df3] Writing "68. foo bar"
03:14:32.228 [XNIO-15 I/O-3] DEBUG o.s.c.c.CharSequenceEncoder - [e898df3] Writing "69. foo bar"
03:14:32.228 [XNIO-15 I/O-3] DEBUG o.s.c.c.CharSequenceEncoder - [e898df3] Writing "70. foo bar"
03:14:32.228 [XNIO-15 I/O-3] DEBUG o.s.c.c.CharSequenceEncoder - [e898df3] Writing "71. foo bar"
03:14:32.228 [XNIO-15 I/O-3] DEBUG o.s.c.c.CharSequenceEncoder - [e898df3] Writing "72. foo bar"
03:14:32.229 [XNIO-15 I/O-3] DEBUG o.s.c.c.CharSequenceEncoder - [e898df3] Writing "73. foo bar"
03:14:32.229 [XNIO-15 I/O-3] DEBUG o.s.c.c.CharSequenceEncoder - [e898df3] Writing "74. foo bar"
03:14:32.229 [XNIO-15 I/O-3] DEBUG o.s.c.c.CharSequenceEncoder - [e898df3] Writing "75. foo bar"
03:14:32.229 [XNIO-15 I/O-3] DEBUG o.s.c.c.CharSequenceEncoder - [e898df3] Writing "76. foo bar"
03:14:32.229 [XNIO-15 I/O-3] DEBUG o.s.c.c.CharSequenceEncoder - [e898df3] Writing "77. foo bar"
03:14:32.229 [XNIO-15 I/O-3] DEBUG o.s.c.c.CharSequenceEncoder - [e898df3] Writing "78. foo bar"
03:14:32.229 [XNIO-15 I/O-3] DEBUG o.s.c.c.CharSequenceEncoder - [e898df3] Writing "79. foo bar"
03:14:32.229 [XNIO-15 I/O-3] DEBUG o.s.c.c.CharSequenceEncoder - [e898df3] Writing "80. foo bar"
03:14:32.230 [XNIO-15 I/O-3] DEBUG o.s.c.c.CharSequenceEncoder - [e898df3] Writing "81. foo bar"
03:14:32.230 [XNIO-15 I/O-3] DEBUG o.s.c.c.CharSequenceEncoder - [e898df3] Writing "82. foo bar"
03:14:32.230 [XNIO-15 I/O-3] DEBUG o.s.c.c.CharSequenceEncoder - [e898df3] Writing "83. foo bar"
03:14:32.230 [XNIO-15 I/O-3] DEBUG o.s.c.c.CharSequenceEncoder - [e898df3] Writing "84. foo bar"
03:14:32.230 [XNIO-15 I/O-3] DEBUG o.s.c.c.CharSequenceEncoder - [e898df3] Writing "85. foo bar"
03:14:32.230 [XNIO-15 I/O-3] DEBUG o.s.c.c.CharSequenceEncoder - [e898df3] Writing "86. foo bar"
03:14:32.230 [XNIO-15 I/O-3] DEBUG o.s.c.c.CharSequenceEncoder - [e898df3] Writing "87. foo bar"
03:14:32.230 [XNIO-15 I/O-3] DEBUG o.s.c.c.CharSequenceEncoder - [e898df3] Writing "88. foo bar"
03:14:32.230 [XNIO-15 I/O-3] DEBUG o.s.c.c.CharSequenceEncoder - [e898df3] Writing "89. foo bar"
03:14:32.230 [XNIO-15 I/O-3] DEBUG o.s.c.c.CharSequenceEncoder - [e898df3] Writing "90. foo bar"
03:14:32.231 [XNIO-15 I/O-3] DEBUG o.s.c.c.CharSequenceEncoder - [e898df3] Writing "91. foo bar"
03:14:32.231 [XNIO-15 I/O-3] DEBUG o.s.c.c.CharSequenceEncoder - [e898df3] Writing "92. foo bar"
03:14:32.231 [XNIO-15 I/O-3] DEBUG o.s.c.c.CharSequenceEncoder - [e898df3] Writing "93. foo bar"
03:14:32.231 [XNIO-15 I/O-3] DEBUG o.s.c.c.CharSequenceEncoder - [e898df3] Writing "94. foo bar"
03:14:32.231 [XNIO-15 I/O-3] DEBUG o.s.c.c.CharSequenceEncoder - [e898df3] Writing "95. foo bar"
03:14:32.231 [XNIO-15 I/O-3] DEBUG o.s.c.c.CharSequenceEncoder - [e898df3] Writing "96. foo bar"
03:14:32.231 [XNIO-15 I/O-3] DEBUG o.s.c.c.CharSequenceEncoder - [e898df3] Writing "97. foo bar"
03:14:32.231 [XNIO-15 I/O-3] DEBUG o.s.c.c.CharSequenceEncoder - [e898df3] Writing "98. foo bar"
03:14:32.231 [XNIO-15 I/O-3] DEBUG o.s.c.c.CharSequenceEncoder - [e898df3] Writing "99. foo bar"
03:14:32.231 [XNIO-15 I/O-3] DEBUG o.s.c.c.CharSequenceEncoder - [e898df3] Writing "100. foo bar"
03:14:32.231 [XNIO-15 I/O-3] DEBUG o.s.c.c.CharSequenceEncoder - [e898df3] Writing "101. foo bar"
03:14:32.232 [XNIO-15 I/O-3] DEBUG o.s.c.c.CharSequenceEncoder - [e898df3] Writing "102. foo bar"
03:14:32.232 [XNIO-15 I/O-3] DEBUG o.s.c.c.CharSequenceEncoder - [e898df3] Writing "103. foo bar"
03:14:32.232 [XNIO-15 I/O-3] DEBUG o.s.c.c.CharSequenceEncoder - [e898df3] Writing "104. foo bar"
03:14:32.232 [XNIO-15 I/O-3] DEBUG o.s.c.c.CharSequenceEncoder - [e898df3] Writing "105. foo bar"
03:14:32.232 [XNIO-15 I/O-3] DEBUG o.s.c.c.CharSequenceEncoder - [e898df3] Writing "106. foo bar"
03:14:32.232 [XNIO-15 I/O-3] DEBUG o.s.c.c.CharSequenceEncoder - [e898df3] Writing "107. foo bar"
03:14:32.232 [XNIO-15 I/O-3] DEBUG o.s.c.c.CharSequenceEncoder - [e898df3] Writing "108. foo bar"
03:14:32.232 [XNIO-15 I/O-3] DEBUG o.s.c.c.CharSequenceEncoder - [e898df3] Writing "109. foo bar"
03:14:32.232 [XNIO-15 I/O-3] DEBUG o.s.c.c.CharSequenceEncoder - [e898df3] Writing "110. foo bar"
03:14:32.232 [XNIO-15 I/O-3] DEBUG o.s.c.c.CharSequenceEncoder - [e898df3] Writing "111. foo bar"
03:14:32.232 [XNIO-15 I/O-3] DEBUG o.s.c.c.CharSequenceEncoder - [e898df3] Writing "112. foo bar"
03:14:32.232 [XNIO-15 I/O-3] DEBUG o.s.c.c.CharSequenceEncoder - [e898df3] Writing "113. foo bar"
03:14:32.233 [XNIO-15 I/O-3] DEBUG o.s.c.c.CharSequenceEncoder - [e898df3] Writing "114. foo bar"
03:14:32.233 [XNIO-15 I/O-3] DEBUG o.s.c.c.CharSequenceEncoder - [e898df3] Writing "115. foo bar"
03:14:32.233 [XNIO-15 I/O-3] DEBUG o.s.c.c.CharSequenceEncoder - [e898df3] Writing "116. foo bar"
03:14:32.233 [XNIO-15 I/O-3] DEBUG o.s.c.c.CharSequenceEncoder - [e898df3] Writing "117. foo bar"
03:14:32.233 [XNIO-15 I/O-3] DEBUG o.s.c.c.CharSequenceEncoder - [e898df3] Writing "118. foo bar"
03:14:32.233 [XNIO-15 I/O-3] DEBUG o.s.c.c.CharSequenceEncoder - [e898df3] Writing "119. foo bar"
03:14:32.233 [XNIO-15 I/O-3] DEBUG o.s.c.c.CharSequenceEncoder - [e898df3] Writing "120. foo bar"
03:14:32.233 [XNIO-15 I/O-3] DEBUG o.s.c.c.CharSequenceEncoder - [e898df3] Writing "121. foo bar"
03:14:32.233 [XNIO-15 I/O-3] DEBUG o.s.c.c.CharSequenceEncoder - [e898df3] Writing "122. foo bar"
03:14:32.233 [XNIO-15 I/O-3] DEBUG o.s.c.c.CharSequenceEncoder - [e898df3] Writing "123. foo bar"
03:14:32.233 [XNIO-15 I/O-3] DEBUG o.s.c.c.CharSequenceEncoder - [e898df3] Writing "124. foo bar"
03:14:32.233 [XNIO-15 I/O-3] DEBUG o.s.c.c.CharSequenceEncoder - [e898df3] Writing "125. foo bar"
03:14:32.233 [XNIO-15 I/O-3] DEBUG o.s.c.c.CharSequenceEncoder - [e898df3] Writing "126. foo bar"
03:14:32.233 [XNIO-15 I/O-3] DEBUG o.s.c.c.CharSequenceEncoder - [e898df3] Writing "127. foo bar"
03:14:32.233 [XNIO-15 I/O-3] DEBUG o.s.c.c.CharSequenceEncoder - [e898df3] Writing "128. foo bar"
03:14:32.234 [XNIO-15 I/O-3] DEBUG o.s.c.c.CharSequenceEncoder - [e898df3] Writing "129. foo bar"
03:14:32.234 [XNIO-15 I/O-3] DEBUG o.s.c.c.CharSequenceEncoder - [e898df3] Writing "130. foo bar"
03:14:32.234 [XNIO-15 I/O-3] DEBUG o.s.c.c.CharSequenceEncoder - [e898df3] Writing "131. foo bar"
03:14:32.234 [XNIO-15 I/O-3] DEBUG o.s.c.c.CharSequenceEncoder - [e898df3] Writing "132. foo bar"
03:14:32.234 [XNIO-15 I/O-3] DEBUG o.s.c.c.CharSequenceEncoder - [e898df3] Writing "133. foo bar"
03:14:32.234 [XNIO-15 I/O-3] DEBUG o.s.c.c.CharSequenceEncoder - [e898df3] Writing "134. foo bar"
03:14:32.234 [XNIO-15 I/O-3] DEBUG o.s.c.c.CharSequenceEncoder - [e898df3] Writing "135. foo bar"
03:14:32.234 [XNIO-15 I/O-3] DEBUG o.s.c.c.CharSequenceEncoder - [e898df3] Writing "136. foo bar"
03:14:32.234 [XNIO-15 I/O-3] DEBUG o.s.c.c.CharSequenceEncoder - [e898df3] Writing "137. foo bar"
03:14:32.234 [XNIO-15 I/O-3] DEBUG o.s.c.c.CharSequenceEncoder - [e898df3] Writing "138. foo bar"
03:14:32.234 [XNIO-15 I/O-3] DEBUG o.s.c.c.CharSequenceEncoder - [e898df3] Writing "139. foo bar"
03:14:32.234 [XNIO-15 I/O-3] DEBUG o.s.c.c.CharSequenceEncoder - [e898df3] Writing "140. foo bar"
03:14:32.234 [XNIO-15 I/O-3] DEBUG o.s.c.c.CharSequenceEncoder - [e898df3] Writing "141. foo bar"
03:14:32.234 [XNIO-15 I/O-3] DEBUG o.s.c.c.CharSequenceEncoder - [e898df3] Writing "142. foo bar"
03:14:32.234 [XNIO-15 I/O-3] DEBUG o.s.c.c.CharSequenceEncoder - [e898df3] Writing "143. foo bar"
03:14:32.234 [XNIO-15 I/O-3] DEBUG o.s.c.c.CharSequenceEncoder - [e898df3] Writing "144. foo bar"
03:14:32.235 [XNIO-15 I/O-3] DEBUG o.s.c.c.CharSequenceEncoder - [e898df3] Writing "145. foo bar"
03:14:32.235 [XNIO-15 I/O-3] DEBUG o.s.c.c.CharSequenceEncoder - [e898df3] Writing "146. foo bar"
03:14:32.235 [XNIO-15 I/O-3] DEBUG o.s.c.c.CharSequenceEncoder - [e898df3] Writing "147. foo bar"
03:14:32.235 [XNIO-15 I/O-3] DEBUG o.s.c.c.CharSequenceEncoder - [e898df3] Writing "148. foo bar"
03:14:32.235 [XNIO-15 I/O-3] DEBUG o.s.c.c.CharSequenceEncoder - [e898df3] Writing "149. foo bar"
03:14:32.235 [XNIO-15 I/O-3] DEBUG o.s.c.c.CharSequenceEncoder - [e898df3] Writing "150. foo bar"
03:14:32.235 [XNIO-15 I/O-3] DEBUG o.s.c.c.CharSequenceEncoder - [e898df3] Writing "151. foo bar"
03:14:32.235 [XNIO-15 I/O-3] DEBUG o.s.c.c.CharSequenceEncoder - [e898df3] Writing "152. foo bar"
03:14:32.235 [XNIO-15 I/O-3] DEBUG o.s.c.c.CharSequenceEncoder - [e898df3] Writing "153. foo bar"
03:14:32.235 [XNIO-15 I/O-3] DEBUG o.s.c.c.CharSequenceEncoder - [e898df3] Writing "154. foo bar"
03:14:32.235 [XNIO-15 I/O-3] DEBUG o.s.c.c.CharSequenceEncoder - [e898df3] Writing "155. foo bar"
03:14:32.235 [XNIO-15 I/O-3] DEBUG o.s.c.c.CharSequenceEncoder - [e898df3] Writing "156. foo bar"
03:14:32.235 [XNIO-15 I/O-3] DEBUG o.s.c.c.CharSequenceEncoder - [e898df3] Writing "157. foo bar"
03:14:32.235 [XNIO-15 I/O-3] DEBUG o.s.c.c.CharSequenceEncoder - [e898df3] Writing "158. foo bar"
03:14:32.236 [XNIO-15 I/O-3] DEBUG o.s.c.c.CharSequenceEncoder - [e898df3] Writing "159. foo bar"
03:14:32.236 [XNIO-15 I/O-3] DEBUG o.s.c.c.CharSequenceEncoder - [e898df3] Writing "160. foo bar"
03:14:32.236 [XNIO-15 I/O-3] DEBUG o.s.c.c.CharSequenceEncoder - [e898df3] Writing "161. foo bar"
03:14:32.236 [XNIO-15 I/O-3] DEBUG o.s.c.c.CharSequenceEncoder - [e898df3] Writing "162. foo bar"
03:14:32.236 [XNIO-15 I/O-3] DEBUG o.s.c.c.CharSequenceEncoder - [e898df3] Writing "163. foo bar"
03:14:32.236 [XNIO-15 I/O-3] DEBUG o.s.c.c.CharSequenceEncoder - [e898df3] Writing "164. foo bar"
03:14:32.236 [XNIO-15 I/O-3] DEBUG o.s.c.c.CharSequenceEncoder - [e898df3] Writing "165. foo bar"
03:14:32.236 [XNIO-15 I/O-3] DEBUG o.s.c.c.CharSequenceEncoder - [e898df3] Writing "166. foo bar"
03:14:32.236 [XNIO-15 I/O-3] DEBUG o.s.c.c.CharSequenceEncoder - [e898df3] Writing "167. foo bar"
03:14:32.236 [XNIO-15 I/O-3] DEBUG o.s.c.c.CharSequenceEncoder - [e898df3] Writing "168. foo bar"
03:14:32.236 [XNIO-15 I/O-3] DEBUG o.s.c.c.CharSequenceEncoder - [e898df3] Writing "169. foo bar"
03:14:32.236 [XNIO-15 I/O-3] DEBUG o.s.c.c.CharSequenceEncoder - [e898df3] Writing "170. foo bar"
03:14:32.236 [XNIO-15 I/O-3] DEBUG o.s.c.c.CharSequenceEncoder - [e898df3] Writing "171. foo bar"
03:14:32.236 [XNIO-15 I/O-3] DEBUG o.s.c.c.CharSequenceEncoder - [e898df3] Writing "172. foo bar"
03:14:32.237 [XNIO-15 I/O-3] DEBUG o.s.c.c.CharSequenceEncoder - [e898df3] Writing "173. foo bar"
03:14:32.237 [XNIO-15 I/O-3] DEBUG o.s.c.c.CharSequenceEncoder - [e898df3] Writing "174. foo bar"
03:14:32.237 [XNIO-15 I/O-3] DEBUG o.s.c.c.CharSequenceEncoder - [e898df3] Writing "175. foo bar"
03:14:32.237 [XNIO-15 I/O-3] DEBUG o.s.c.c.CharSequenceEncoder - [e898df3] Writing "176. foo bar"
03:14:32.237 [XNIO-15 I/O-3] DEBUG o.s.c.c.CharSequenceEncoder - [e898df3] Writing "177. foo bar"
03:14:32.237 [XNIO-15 I/O-3] DEBUG o.s.c.c.CharSequenceEncoder - [e898df3] Writing "178. foo bar"
03:14:32.237 [XNIO-15 I/O-3] DEBUG o.s.c.c.CharSequenceEncoder - [e898df3] Writing "179. foo bar"
03:14:32.237 [XNIO-15 I/O-3] DEBUG o.s.c.c.CharSequenceEncoder - [e898df3] Writing "180. foo bar"
03:14:32.237 [XNIO-15 I/O-3] DEBUG o.s.c.c.CharSequenceEncoder - [e898df3] Writing "181. foo bar"
03:14:32.237 [XNIO-15 I/O-3] DEBUG o.s.c.c.CharSequenceEncoder - [e898df3] Writing "182. foo bar"
03:14:32.238 [XNIO-15 I/O-3] DEBUG o.s.c.c.CharSequenceEncoder - [e898df3] Writing "183. foo bar"
03:14:32.238 [XNIO-15 I/O-3] DEBUG o.s.c.c.CharSequenceEncoder - [e898df3] Writing "184. foo bar"
03:14:32.238 [XNIO-15 I/O-3] DEBUG o.s.c.c.CharSequenceEncoder - [e898df3] Writing "185. foo bar"
03:14:32.238 [XNIO-15 I/O-3] DEBUG o.s.c.c.CharSequenceEncoder - [e898df3] Writing "186. foo bar"
03:14:32.238 [XNIO-15 I/O-3] DEBUG o.s.c.c.CharSequenceEncoder - [e898df3] Writing "187. foo bar"
03:14:32.238 [XNIO-15 I/O-3] DEBUG o.s.c.c.CharSequenceEncoder - [e898df3] Writing "188. foo bar"
03:14:32.238 [XNIO-15 I/O-3] DEBUG o.s.c.c.CharSequenceEncoder - [e898df3] Writing "189. foo bar"
03:14:32.238 [XNIO-15 I/O-3] DEBUG o.s.c.c.CharSequenceEncoder - [e898df3] Writing "190. foo bar"
03:14:32.238 [XNIO-15 I/O-3] DEBUG o.s.c.c.CharSequenceEncoder - [e898df3] Writing "191. foo bar"
03:14:32.238 [XNIO-15 I/O-3] DEBUG o.s.c.c.CharSequenceEncoder - [e898df3] Writing "192. foo bar"
03:14:32.238 [XNIO-15 I/O-3] DEBUG o.s.c.c.CharSequenceEncoder - [e898df3] Writing "193. foo bar"
03:14:32.238 [XNIO-15 I/O-3] DEBUG o.s.c.c.CharSequenceEncoder - [e898df3] Writing "194. foo bar"
03:14:32.239 [XNIO-15 I/O-3] DEBUG o.s.c.c.CharSequenceEncoder - [e898df3] Writing "195. foo bar"
03:14:32.239 [XNIO-15 I/O-3] DEBUG o.s.c.c.CharSequenceEncoder - [e898df3] Writing "196. foo bar"
03:14:32.239 [XNIO-15 I/O-3] DEBUG o.s.c.c.CharSequenceEncoder - [e898df3] Writing "197. foo bar"
03:14:32.239 [XNIO-15 I/O-3] DEBUG o.s.c.c.CharSequenceEncoder - [e898df3] Writing "198. foo bar"
03:14:32.239 [XNIO-15 I/O-3] DEBUG o.s.c.c.CharSequenceEncoder - [e898df3] Writing "199. foo bar"
03:14:32.239 [XNIO-15 I/O-3] DEBUG o.s.c.c.CharSequenceEncoder - [e898df3] Writing "200. foo bar"
03:14:32.239 [XNIO-15 I/O-3] DEBUG o.s.c.c.CharSequenceEncoder - [e898df3] Writing "201. foo bar"
03:14:32.239 [XNIO-15 I/O-3] DEBUG o.s.c.c.CharSequenceEncoder - [e898df3] Writing "202. foo bar"
03:14:32.239 [XNIO-15 I/O-3] DEBUG o.s.c.c.CharSequenceEncoder - [e898df3] Writing "203. foo bar"
03:14:32.240 [XNIO-15 I/O-3] DEBUG o.s.c.c.CharSequenceEncoder - [e898df3] Writing "204. foo bar"
03:14:32.240 [XNIO-15 I/O-3] DEBUG o.s.c.c.CharSequenceEncoder - [e898df3] Writing "205. foo bar"
03:14:32.240 [XNIO-15 I/O-3] DEBUG o.s.c.c.CharSequenceEncoder - [e898df3] Writing "206. foo bar"
03:14:32.240 [XNIO-15 I/O-3] DEBUG o.s.c.c.CharSequenceEncoder - [e898df3] Writing "207. foo bar"
03:14:32.240 [XNIO-15 I/O-3] DEBUG o.s.c.c.CharSequenceEncoder - [e898df3] Writing "208. foo bar"
03:14:32.240 [XNIO-15 I/O-3] DEBUG o.s.c.c.CharSequenceEncoder - [e898df3] Writing "209. foo bar"
03:14:32.240 [XNIO-15 I/O-3] DEBUG o.s.c.c.CharSequenceEncoder - [e898df3] Writing "210. foo bar"
03:14:32.240 [XNIO-15 I/O-3] DEBUG o.s.c.c.CharSequenceEncoder - [e898df3] Writing "211. foo bar"
03:14:32.240 [XNIO-15 I/O-3] DEBUG o.s.c.c.CharSequenceEncoder - [e898df3] Writing "212. foo bar"
03:14:32.240 [XNIO-15 I/O-3] DEBUG o.s.c.c.CharSequenceEncoder - [e898df3] Writing "213. foo bar"
03:14:32.241 [XNIO-15 I/O-3] DEBUG o.s.c.c.CharSequenceEncoder - [e898df3] Writing "214. foo bar"
03:14:32.241 [XNIO-15 I/O-3] DEBUG o.s.c.c.CharSequenceEncoder - [e898df3] Writing "215. foo bar"
03:14:32.241 [XNIO-15 I/O-3] DEBUG o.s.c.c.CharSequenceEncoder - [e898df3] Writing "216. foo bar"
03:14:32.241 [XNIO-15 I/O-3] DEBUG o.s.c.c.CharSequenceEncoder - [e898df3] Writing "217. foo bar"
03:14:32.241 [XNIO-15 I/O-3] DEBUG o.s.c.c.CharSequenceEncoder - [e898df3] Writing "218. foo bar"
03:14:32.241 [XNIO-15 I/O-3] DEBUG o.s.c.c.CharSequenceEncoder - [e898df3] Writing "219. foo bar"
03:14:32.241 [XNIO-15 I/O-3] DEBUG o.s.c.c.CharSequenceEncoder - [e898df3] Writing "220. foo bar"
03:14:32.241 [XNIO-15 I/O-3] DEBUG o.s.c.c.CharSequenceEncoder - [e898df3] Writing "221. foo bar"
03:14:32.242 [XNIO-15 I/O-3] DEBUG o.s.c.c.CharSequenceEncoder - [e898df3] Writing "222. foo bar"
03:14:32.242 [XNIO-15 I/O-3] DEBUG o.s.c.c.CharSequenceEncoder - [e898df3] Writing "223. foo bar"
03:14:32.242 [XNIO-15 I/O-3] DEBUG o.s.c.c.CharSequenceEncoder - [e898df3] Writing "224. foo bar"
03:14:32.242 [XNIO-15 I/O-3] DEBUG o.s.c.c.CharSequenceEncoder - [e898df3] Writing "225. foo bar"
03:14:32.242 [XNIO-15 I/O-3] DEBUG o.s.c.c.CharSequenceEncoder - [e898df3] Writing "226. foo bar"
03:14:32.242 [XNIO-15 I/O-3] DEBUG o.s.c.c.CharSequenceEncoder - [e898df3] Writing "227. foo bar"
03:14:32.242 [XNIO-15 I/O-3] DEBUG o.s.c.c.CharSequenceEncoder - [e898df3] Writing "228. foo bar"
03:14:32.243 [XNIO-15 I/O-3] DEBUG o.s.c.c.CharSequenceEncoder - [e898df3] Writing "229. foo bar"
03:14:32.243 [XNIO-15 I/O-3] DEBUG o.s.c.c.CharSequenceEncoder - [e898df3] Writing "230. foo bar"
03:14:32.243 [XNIO-15 I/O-3] DEBUG o.s.c.c.CharSequenceEncoder - [e898df3] Writing "231. foo bar"
03:14:32.243 [XNIO-15 I/O-3] DEBUG o.s.c.c.CharSequenceEncoder - [e898df3] Writing "232. foo bar"
03:14:32.243 [XNIO-15 I/O-3] DEBUG o.s.c.c.CharSequenceEncoder - [e898df3] Writing "233. foo bar"
03:14:32.243 [XNIO-15 I/O-3] DEBUG o.s.c.c.CharSequenceEncoder - [e898df3] Writing "234. foo bar"
03:14:32.243 [XNIO-15 I/O-3] DEBUG o.s.c.c.CharSequenceEncoder - [e898df3] Writing "235. foo bar"
03:14:32.243 [XNIO-15 I/O-3] DEBUG o.s.c.c.CharSequenceEncoder - [e898df3] Writing "236. foo bar"
03:14:32.243 [XNIO-15 I/O-3] DEBUG o.s.c.c.CharSequenceEncoder - [e898df3] Writing "237. foo bar"
03:14:32.243 [XNIO-15 I/O-3] DEBUG o.s.c.c.CharSequenceEncoder - [e898df3] Writing "238. foo bar"
03:14:32.244 [XNIO-15 I/O-3] DEBUG o.s.c.c.CharSequenceEncoder - [e898df3] Writing "239. foo bar"
03:14:32.244 [XNIO-15 I/O-3] DEBUG o.s.c.c.CharSequenceEncoder - [e898df3] Writing "240. foo bar"
03:14:32.244 [XNIO-15 I/O-3] DEBUG o.s.c.c.CharSequenceEncoder - [e898df3] Writing "241. foo bar"
03:14:32.244 [XNIO-15 I/O-3] DEBUG o.s.c.c.CharSequenceEncoder - [e898df3] Writing "242. foo bar"
03:14:32.244 [XNIO-15 I/O-3] DEBUG o.s.c.c.CharSequenceEncoder - [e898df3] Writing "243. foo bar"
03:14:32.244 [XNIO-15 I/O-3] DEBUG o.s.c.c.CharSequenceEncoder - [e898df3] Writing "244. foo bar"
03:14:32.244 [XNIO-15 I/O-3] DEBUG o.s.c.c.CharSequenceEncoder - [e898df3] Writing "245. foo bar"
03:14:32.244 [XNIO-15 I/O-3] DEBUG o.s.c.c.CharSequenceEncoder - [e898df3] Writing "246. foo bar"
03:14:32.245 [XNIO-15 I/O-3] DEBUG o.s.c.c.CharSequenceEncoder - [e898df3] Writing "247. foo bar"
03:14:32.245 [XNIO-15 I/O-3] DEBUG o.s.c.c.CharSequenceEncoder - [e898df3] Writing "248. foo bar"
03:14:32.245 [XNIO-15 I/O-3] DEBUG o.s.c.c.CharSequenceEncoder - [e898df3] Writing "249. foo bar"
03:14:32.245 [XNIO-15 I/O-3] DEBUG o.s.c.c.CharSequenceEncoder - [e898df3] Writing "250. foo bar"
03:14:32.245 [XNIO-15 I/O-3] DEBUG o.s.c.c.CharSequenceEncoder - [e898df3] Writing "251. foo bar"
03:14:32.245 [XNIO-15 I/O-3] DEBUG o.s.c.c.CharSequenceEncoder - [e898df3] Writing "252. foo bar"
03:14:32.245 [XNIO-15 I/O-3] DEBUG o.s.c.c.CharSequenceEncoder - [e898df3] Writing "253. foo bar"
03:14:32.245 [XNIO-15 I/O-3] DEBUG o.s.c.c.CharSequenceEncoder - [e898df3] Writing "254. foo bar"
03:14:32.245 [XNIO-15 I/O-3] DEBUG o.s.c.c.CharSequenceEncoder - [e898df3] Writing "255. foo bar"
03:14:32.245 [XNIO-15 I/O-3] DEBUG o.s.c.c.CharSequenceEncoder - [e898df3] Writing "256. foo bar"
03:14:32.245 [XNIO-15 I/O-3] DEBUG o.s.c.c.CharSequenceEncoder - [e898df3] Writing "257. foo bar"
03:14:32.246 [XNIO-15 I/O-3] DEBUG o.s.c.c.CharSequenceEncoder - [e898df3] Writing "258. foo bar"
03:14:32.246 [XNIO-15 I/O-3] DEBUG o.s.c.c.CharSequenceEncoder - [e898df3] Writing "259. foo bar"
03:14:32.246 [XNIO-15 I/O-3] DEBUG o.s.c.c.CharSequenceEncoder - [e898df3] Writing "260. foo bar"
03:14:32.246 [XNIO-15 I/O-3] DEBUG o.s.c.c.CharSequenceEncoder - [e898df3] Writing "261. foo bar"
03:14:32.246 [XNIO-15 I/O-3] DEBUG o.s.c.c.CharSequenceEncoder - [e898df3] Writing "262. foo bar"
03:14:32.246 [XNIO-15 I/O-3] DEBUG o.s.c.c.CharSequenceEncoder - [e898df3] Writing "263. foo bar"
03:14:32.246 [XNIO-15 I/O-3] DEBUG o.s.c.c.CharSequenceEncoder - [e898df3] Writing "264. foo bar"
03:14:32.246 [XNIO-15 I/O-3] DEBUG o.s.c.c.CharSequenceEncoder - [e898df3] Writing "265. foo bar"
03:14:32.246 [XNIO-15 I/O-3] DEBUG o.s.c.c.CharSequenceEncoder - [e898df3] Writing "266. foo bar"
03:14:32.246 [XNIO-15 I/O-3] DEBUG o.s.c.c.CharSequenceEncoder - [e898df3] Writing "267. foo bar"
03:14:32.247 [XNIO-15 I/O-3] DEBUG o.s.c.c.CharSequenceEncoder - [e898df3] Writing "268. foo bar"
03:14:32.247 [XNIO-15 I/O-3] DEBUG o.s.c.c.CharSequenceEncoder - [e898df3] Writing "269. foo bar"
03:14:32.247 [XNIO-15 I/O-3] DEBUG o.s.c.c.CharSequenceEncoder - [e898df3] Writing "270. foo bar"
03:14:32.247 [XNIO-15 I/O-3] DEBUG o.s.c.c.CharSequenceEncoder - [e898df3] Writing "271. foo bar"
03:14:32.247 [XNIO-15 I/O-3] DEBUG o.s.c.c.CharSequenceEncoder - [e898df3] Writing "272. foo bar"
03:14:32.247 [XNIO-15 I/O-3] DEBUG o.s.c.c.CharSequenceEncoder - [e898df3] Writing "273. foo bar"
03:14:32.247 [XNIO-15 I/O-3] DEBUG o.s.c.c.CharSequenceEncoder - [e898df3] Writing "274. foo bar"
03:14:32.247 [XNIO-15 I/O-3] DEBUG o.s.c.c.CharSequenceEncoder - [e898df3] Writing "275. foo bar"
03:14:32.247 [XNIO-15 I/O-3] DEBUG o.s.c.c.CharSequenceEncoder - [e898df3] Writing "276. foo bar"
03:14:32.247 [XNIO-15 I/O-3] DEBUG o.s.c.c.CharSequenceEncoder - [e898df3] Writing "277. foo bar"
03:14:32.247 [XNIO-15 I/O-3] DEBUG o.s.c.c.CharSequenceEncoder - [e898df3] Writing "278. foo bar"
03:14:32.247 [XNIO-15 I/O-3] DEBUG o.s.c.c.CharSequenceEncoder - [e898df3] Writing "279. foo bar"
03:14:32.248 [XNIO-15 I/O-3] DEBUG o.s.c.c.CharSequenceEncoder - [e898df3] Writing "280. foo bar"
03:14:32.248 [XNIO-15 I/O-3] DEBUG o.s.c.c.CharSequenceEncoder - [e898df3] Writing "281. foo bar"
03:14:32.248 [XNIO-15 I/O-3] DEBUG o.s.c.c.CharSequenceEncoder - [e898df3] Writing "282. foo bar"
03:14:32.248 [XNIO-15 I/O-3] DEBUG o.s.c.c.CharSequenceEncoder - [e898df3] Writing "283. foo bar"
03:14:32.248 [XNIO-15 I/O-3] DEBUG o.s.c.c.CharSequenceEncoder - [e898df3] Writing "284. foo bar"
03:14:32.248 [XNIO-15 I/O-3] DEBUG o.s.c.c.CharSequenceEncoder - [e898df3] Writing "285. foo bar"
03:14:32.248 [XNIO-15 I/O-3] DEBUG o.s.c.c.CharSequenceEncoder - [e898df3] Writing "286. foo bar"
03:14:32.248 [XNIO-15 I/O-3] DEBUG o.s.c.c.CharSequenceEncoder - [e898df3] Writing "287. foo bar"
03:14:32.248 [XNIO-15 I/O-3] DEBUG o.s.c.c.CharSequenceEncoder - [e898df3] Writing "288. foo bar"
03:14:32.248 [XNIO-15 I/O-3] DEBUG o.s.c.c.CharSequenceEncoder - [e898df3] Writing "289. foo bar"
03:14:32.248 [XNIO-15 I/O-3] DEBUG o.s.c.c.CharSequenceEncoder - [e898df3] Writing "290. foo bar"
03:14:32.248 [XNIO-15 I/O-3] DEBUG o.s.c.c.CharSequenceEncoder - [e898df3] Writing "291. foo bar"
03:14:32.249 [XNIO-15 I/O-3] DEBUG o.s.c.c.CharSequenceEncoder - [e898df3] Writing "292. foo bar"
03:14:32.249 [XNIO-15 I/O-3] DEBUG o.s.c.c.CharSequenceEncoder - [e898df3] Writing "293. foo bar"
03:14:32.249 [XNIO-15 I/O-3] DEBUG o.s.c.c.CharSequenceEncoder - [e898df3] Writing "294. foo bar"
03:14:32.249 [XNIO-15 I/O-3] DEBUG o.s.c.c.CharSequenceEncoder - [e898df3] Writing "295. foo bar"
03:14:32.249 [XNIO-15 I/O-3] DEBUG o.s.c.c.CharSequenceEncoder - [e898df3] Writing "296. foo bar"
03:14:32.249 [XNIO-15 I/O-3] DEBUG o.s.c.c.CharSequenceEncoder - [e898df3] Writing "297. foo bar"
03:14:32.249 [XNIO-15 I/O-3] DEBUG o.s.c.c.CharSequenceEncoder - [e898df3] Writing "298. foo bar"
03:14:32.249 [XNIO-15 I/O-3] DEBUG o.s.c.c.CharSequenceEncoder - [e898df3] Writing "299. foo bar"
03:14:32.249 [XNIO-15 I/O-3] DEBUG o.s.c.c.CharSequenceEncoder - [e898df3] Writing "300. foo bar"
03:14:32.249 [XNIO-15 I/O-3] DEBUG o.s.c.c.CharSequenceEncoder - [e898df3] Writing "301. foo bar"
03:14:32.250 [XNIO-15 I/O-3] DEBUG o.s.c.c.CharSequenceEncoder - [e898df3] Writing "302. foo bar"
03:14:32.250 [XNIO-15 I/O-3] DEBUG o.s.c.c.CharSequenceEncoder - [e898df3] Writing "303. foo bar"
03:14:32.250 [XNIO-15 I/O-3] DEBUG o.s.c.c.CharSequenceEncoder - [e898df3] Writing "304. foo bar"
03:14:32.250 [XNIO-15 I/O-3] DEBUG o.s.c.c.CharSequenceEncoder - [e898df3] Writing "305. foo bar"
03:14:32.250 [XNIO-15 I/O-3] DEBUG o.s.c.c.CharSequenceEncoder - [e898df3] Writing "306. foo bar"
03:14:32.250 [XNIO-15 I/O-3] DEBUG o.s.c.c.CharSequenceEncoder - [e898df3] Writing "307. foo bar"
03:14:32.250 [XNIO-15 I/O-3] DEBUG o.s.c.c.CharSequenceEncoder - [e898df3] Writing "308. foo bar"
03:14:32.250 [XNIO-15 I/O-3] DEBUG o.s.c.c.CharSequenceEncoder - [e898df3] Writing "309. foo bar"
03:14:32.250 [XNIO-15 I/O-3] DEBUG o.s.c.c.CharSequenceEncoder - [e898df3] Writing "310. foo bar"
03:14:32.250 [XNIO-15 I/O-3] DEBUG o.s.c.c.CharSequenceEncoder - [e898df3] Writing "311. foo bar"
03:14:32.250 [XNIO-15 I/O-3] DEBUG o.s.c.c.CharSequenceEncoder - [e898df3] Writing "312. foo bar"
03:14:32.251 [XNIO-15 I/O-3] DEBUG o.s.c.c.CharSequenceEncoder - [e898df3] Writing "313. foo bar"
03:14:32.251 [XNIO-15 I/O-3] DEBUG o.s.c.c.CharSequenceEncoder - [e898df3] Writing "314. foo bar"
03:14:32.251 [XNIO-15 I/O-3] DEBUG o.s.c.c.CharSequenceEncoder - [e898df3] Writing "315. foo bar"
03:14:32.251 [XNIO-15 I/O-3] DEBUG o.s.c.c.CharSequenceEncoder - [e898df3] Writing "316. foo bar"
03:14:32.251 [XNIO-15 I/O-3] DEBUG o.s.c.c.CharSequenceEncoder - [e898df3] Writing "317. foo bar"
03:14:32.251 [XNIO-15 I/O-3] DEBUG o.s.c.c.CharSequenceEncoder - [e898df3] Writing "318. foo bar"
03:14:32.252 [XNIO-15 I/O-3] DEBUG o.s.c.c.CharSequenceEncoder - [e898df3] Writing "319. foo bar"
03:14:32.252 [XNIO-15 I/O-3] DEBUG o.s.c.c.CharSequenceEncoder - [e898df3] Writing "320. foo bar"
03:14:32.252 [XNIO-15 I/O-3] DEBUG o.s.c.c.CharSequenceEncoder - [e898df3] Writing "321. foo bar"
03:14:32.252 [XNIO-15 I/O-3] DEBUG o.s.c.c.CharSequenceEncoder - [e898df3] Writing "322. foo bar"
03:14:32.252 [XNIO-15 I/O-3] DEBUG o.s.c.c.CharSequenceEncoder - [e898df3] Writing "323. foo bar"
03:14:32.252 [XNIO-15 I/O-3] DEBUG o.s.c.c.CharSequenceEncoder - [e898df3] Writing "324. foo bar"
03:14:32.253 [XNIO-15 I/O-3] DEBUG o.s.c.c.CharSequenceEncoder - [e898df3] Writing "325. foo bar"
03:14:32.253 [XNIO-15 I/O-3] DEBUG o.s.c.c.CharSequenceEncoder - [e898df3] Writing "326. foo bar"
03:14:32.253 [XNIO-15 I/O-3] DEBUG o.s.c.c.CharSequenceEncoder - [e898df3] Writing "327. foo bar"
03:14:32.253 [XNIO-15 I/O-3] DEBUG o.s.c.c.CharSequenceEncoder - [e898df3] Writing "328. foo bar"
03:14:32.253 [XNIO-15 I/O-3] DEBUG o.s.c.c.CharSequenceEncoder - [e898df3] Writing "329. foo bar"
03:14:32.254 [XNIO-15 I/O-3] DEBUG o.s.c.c.CharSequenceEncoder - [e898df3] Writing "330. foo bar"
03:14:32.254 [XNIO-15 I/O-3] DEBUG o.s.c.c.CharSequenceEncoder - [e898df3] Writing "331. foo bar"
03:14:32.254 [XNIO-15 I/O-3] DEBUG o.s.c.c.CharSequenceEncoder - [e898df3] Writing "332. foo bar"
03:14:32.254 [XNIO-15 I/O-3] DEBUG o.s.c.c.CharSequenceEncoder - [e898df3] Writing "333. foo bar"
03:14:32.254 [XNIO-15 I/O-3] DEBUG o.s.c.c.CharSequenceEncoder - [e898df3] Writing "334. foo bar"
03:14:32.254 [XNIO-15 I/O-3] DEBUG o.s.c.c.CharSequenceEncoder - [e898df3] Writing "335. foo bar"
03:14:32.254 [XNIO-15 I/O-3] DEBUG o.s.c.c.CharSequenceEncoder - [e898df3] Writing "336. foo bar"
03:14:32.254 [XNIO-15 I/O-3] DEBUG o.s.c.c.CharSequenceEncoder - [e898df3] Writing "337. foo bar"
03:14:32.255 [XNIO-15 I/O-3] DEBUG o.s.c.c.CharSequenceEncoder - [e898df3] Writing "338. foo bar"
03:14:32.255 [XNIO-15 I/O-3] DEBUG o.s.c.c.CharSequenceEncoder - [e898df3] Writing "339. foo bar"
03:14:32.255 [XNIO-15 I/O-3] DEBUG o.s.c.c.CharSequenceEncoder - [e898df3] Writing "340. foo bar"
03:14:32.256 [XNIO-15 I/O-3] DEBUG o.s.c.c.CharSequenceEncoder - [e898df3] Writing "341. foo bar"
03:14:32.256 [XNIO-15 I/O-3] DEBUG o.s.c.c.CharSequenceEncoder - [e898df3] Writing "342. foo bar"
03:14:32.256 [XNIO-15 I/O-3] DEBUG o.s.c.c.CharSequenceEncoder - [e898df3] Writing "343. foo bar"
03:14:32.256 [XNIO-15 I/O-3] DEBUG o.s.c.c.CharSequenceEncoder - [e898df3] Writing "344. foo bar"
03:14:32.256 [XNIO-15 I/O-3] DEBUG o.s.c.c.CharSequenceEncoder - [e898df3] Writing "345. foo bar"
03:14:32.256 [XNIO-15 I/O-3] DEBUG o.s.c.c.CharSequenceEncoder - [e898df3] Writing "346. foo bar"
03:14:32.257 [XNIO-15 I/O-3] DEBUG o.s.c.c.CharSequenceEncoder - [e898df3] Writing "347. foo bar"
03:14:32.257 [XNIO-15 I/O-3] DEBUG o.s.c.c.CharSequenceEncoder - [e898df3] Writing "348. foo bar"
03:14:32.258 [XNIO-15 I/O-3] DEBUG o.s.c.c.CharSequenceEncoder - [e898df3] Writing "349. foo bar"
03:14:32.258 [XNIO-15 I/O-3] DEBUG o.s.c.c.CharSequenceEncoder - [e898df3] Writing "350. foo bar"
03:14:32.258 [XNIO-15 I/O-3] DEBUG o.s.c.c.CharSequenceEncoder - [e898df3] Writing "351. foo bar"
03:14:32.258 [XNIO-15 I/O-3] DEBUG o.s.c.c.CharSequenceEncoder - [e898df3] Writing "352. foo bar"
03:14:32.258 [XNIO-15 I/O-3] DEBUG o.s.c.c.CharSequenceEncoder - [e898df3] Writing "353. foo bar"
03:14:32.259 [XNIO-15 I/O-3] DEBUG o.s.c.c.CharSequenceEncoder - [e898df3] Writing "354. foo bar"
03:14:32.259 [XNIO-15 I/O-3] DEBUG o.s.c.c.CharSequenceEncoder - [e898df3] Writing "355. foo bar"
03:14:32.259 [XNIO-15 I/O-3] DEBUG o.s.c.c.CharSequenceEncoder - [e898df3] Writing "356. foo bar"
03:14:32.259 [XNIO-15 I/O-3] DEBUG o.s.c.c.CharSequenceEncoder - [e898df3] Writing "357. foo bar"
03:14:32.259 [XNIO-15 I/O-3] DEBUG o.s.c.c.CharSequenceEncoder - [e898df3] Writing "358. foo bar"
03:14:32.259 [XNIO-15 I/O-3] DEBUG o.s.c.c.CharSequenceEncoder - [e898df3] Writing "359. foo bar"
03:14:32.260 [XNIO-15 I/O-3] DEBUG o.s.c.c.CharSequenceEncoder - [e898df3] Writing "360. foo bar"
03:14:32.260 [XNIO-15 I/O-3] DEBUG o.s.c.c.CharSequenceEncoder - [e898df3] Writing "361. foo bar"
03:14:32.261 [XNIO-15 I/O-3] DEBUG o.s.c.c.CharSequenceEncoder - [e898df3] Writing "362. foo bar"
03:14:32.261 [XNIO-15 I/O-3] DEBUG o.s.c.c.CharSequenceEncoder - [e898df3] Writing "363. foo bar"
03:14:32.261 [XNIO-15 I/O-3] DEBUG o.s.c.c.CharSequenceEncoder - [e898df3] Writing "364. foo bar"
03:14:32.262 [XNIO-15 I/O-3] DEBUG o.s.c.c.CharSequenceEncoder - [e898df3] Writing "365. foo bar"
03:14:32.263 [XNIO-15 I/O-3] DEBUG o.s.c.c.CharSequenceEncoder - [e898df3] Writing "366. foo bar"
03:14:32.263 [XNIO-15 I/O-3] DEBUG o.s.c.c.CharSequenceEncoder - [e898df3] Writing "367. foo bar"
03:14:32.263 [XNIO-15 I/O-3] DEBUG o.s.c.c.CharSequenceEncoder - [e898df3] Writing "368. foo bar"
03:14:32.263 [XNIO-15 I/O-3] DEBUG o.s.c.c.CharSequenceEncoder - [e898df3] Writing "369. foo bar"
03:14:32.264 [XNIO-15 I/O-3] DEBUG o.s.c.c.CharSequenceEncoder - [e898df3] Writing "370. foo bar"
03:14:32.264 [XNIO-15 I/O-3] DEBUG o.s.c.c.CharSequenceEncoder - [e898df3] Writing "371. foo bar"
03:14:32.264 [XNIO-15 I/O-3] DEBUG o.s.c.c.CharSequenceEncoder - [e898df3] Writing "372. foo bar"
03:14:32.264 [XNIO-15 I/O-3] DEBUG o.s.c.c.CharSequenceEncoder - [e898df3] Writing "373. foo bar"
03:14:32.264 [XNIO-15 I/O-3] DEBUG o.s.c.c.CharSequenceEncoder - [e898df3] Writing "374. foo bar"
03:14:32.264 [XNIO-15 I/O-3] DEBUG o.s.c.c.CharSequenceEncoder - [e898df3] Writing "375. foo bar"
03:14:32.265 [XNIO-15 I/O-3] DEBUG o.s.c.c.CharSequenceEncoder - [e898df3] Writing "376. foo bar"
03:14:32.265 [XNIO-15 I/O-3] DEBUG o.s.c.c.CharSequenceEncoder - [e898df3] Writing "377. foo bar"
03:14:32.265 [XNIO-15 I/O-3] DEBUG o.s.c.c.CharSequenceEncoder - [e898df3] Writing "378. foo bar"
03:14:32.265 [XNIO-15 I/O-3] DEBUG o.s.c.c.CharSequenceEncoder - [e898df3] Writing "379. foo bar"
03:14:32.265 [XNIO-15 I/O-3] DEBUG o.s.c.c.CharSequenceEncoder - [e898df3] Writing "380. foo bar"
03:14:32.265 [XNIO-15 I/O-3] DEBUG o.s.c.c.CharSequenceEncoder - [e898df3] Writing "381. foo bar"
03:14:32.265 [XNIO-15 I/O-3] DEBUG o.s.c.c.CharSequenceEncoder - [e898df3] Writing "382. foo bar"
03:14:32.265 [XNIO-15 I/O-3] DEBUG o.s.c.c.CharSequenceEncoder - [e898df3] Writing "383. foo bar"
03:14:32.266 [XNIO-15 I/O-3] DEBUG o.s.c.c.CharSequenceEncoder - [e898df3] Writing "384. foo bar"
03:14:32.266 [XNIO-15 I/O-3] DEBUG o.s.c.c.CharSequenceEncoder - [e898df3] Writing "385. foo bar"
03:14:32.266 [XNIO-15 I/O-3] DEBUG o.s.c.c.CharSequenceEncoder - [e898df3] Writing "386. foo bar"
03:14:32.266 [XNIO-15 I/O-3] DEBUG o.s.c.c.CharSequenceEncoder - [e898df3] Writing "387. foo bar"
03:14:32.266 [XNIO-15 I/O-3] DEBUG o.s.c.c.CharSequenceEncoder - [e898df3] Writing "388. foo bar"
03:14:32.266 [XNIO-15 I/O-3] DEBUG o.s.c.c.CharSequenceEncoder - [e898df3] Writing "389. foo bar"
03:14:32.266 [XNIO-15 I/O-3] DEBUG o.s.c.c.CharSequenceEncoder - [e898df3] Writing "390. foo bar"
03:14:32.266 [XNIO-15 I/O-3] DEBUG o.s.c.c.CharSequenceEncoder - [e898df3] Writing "391. foo bar"
03:14:32.266 [XNIO-15 I/O-3] DEBUG o.s.c.c.CharSequenceEncoder - [e898df3] Writing "392. foo bar"
03:14:32.266 [XNIO-15 I/O-3] DEBUG o.s.c.c.CharSequenceEncoder - [e898df3] Writing "393. foo bar"
03:14:32.267 [XNIO-15 I/O-3] DEBUG o.s.c.c.CharSequenceEncoder - [e898df3] Writing "394. foo bar"
03:14:32.267 [XNIO-15 I/O-3] DEBUG o.s.c.c.CharSequenceEncoder - [e898df3] Writing "395. foo bar"
03:14:32.267 [XNIO-15 I/O-3] DEBUG o.s.c.c.CharSequenceEncoder - [e898df3] Writing "396. foo bar"
03:14:32.267 [XNIO-15 I/O-3] DEBUG o.s.c.c.CharSequenceEncoder - [e898df3] Writing "397. foo bar"
03:14:32.267 [XNIO-15 I/O-3] DEBUG o.s.c.c.CharSequenceEncoder - [e898df3] Writing "398. foo bar"
03:14:32.267 [XNIO-15 I/O-3] DEBUG o.s.c.c.CharSequenceEncoder - [e898df3] Writing "399. foo bar"
03:14:32.267 [XNIO-15 I/O-3] DEBUG o.s.c.c.CharSequenceEncoder - [e898df3] Writing "400. foo bar"
03:14:32.267 [XNIO-15 I/O-3] DEBUG o.s.c.c.CharSequenceEncoder - [e898df3] Writing "401. foo bar"
03:14:32.267 [XNIO-15 I/O-3] DEBUG o.s.c.c.CharSequenceEncoder - [e898df3] Writing "402. foo bar"
03:14:32.267 [XNIO-15 I/O-3] DEBUG o.s.c.c.CharSequenceEncoder - [e898df3] Writing "403. foo bar"
03:14:32.267 [XNIO-15 I/O-3] DEBUG o.s.c.c.CharSequenceEncoder - [e898df3] Writing "404. foo bar"
03:14:32.267 [XNIO-15 I/O-3] DEBUG o.s.c.c.CharSequenceEncoder - [e898df3] Writing "405. foo bar"
03:14:32.268 [XNIO-15 I/O-3] DEBUG o.s.c.c.CharSequenceEncoder - [e898df3] Writing "406. foo bar"
03:14:32.268 [XNIO-15 I/O-3] DEBUG o.s.c.c.CharSequenceEncoder - [e898df3] Writing "407. foo bar"
03:14:32.268 [XNIO-15 I/O-3] DEBUG o.s.c.c.CharSequenceEncoder - [e898df3] Writing "408. foo bar"
03:14:32.268 [XNIO-15 I/O-3] DEBUG o.s.c.c.CharSequenceEncoder - [e898df3] Writing "409. foo bar"
03:14:32.268 [XNIO-15 I/O-3] DEBUG o.s.c.c.CharSequenceEncoder - [e898df3] Writing "410. foo bar"
03:14:32.269 [XNIO-15 I/O-3] DEBUG o.s.c.c.CharSequenceEncoder - [e898df3] Writing "411. foo bar"
03:14:32.270 [XNIO-15 I/O-3] DEBUG o.s.c.c.CharSequenceEncoder - [e898df3] Writing "412. foo bar"
03:14:32.270 [XNIO-15 I/O-3] DEBUG o.s.c.c.CharSequenceEncoder - [e898df3] Writing "413. foo bar"
03:14:32.270 [XNIO-15 I/O-3] DEBUG o.s.c.c.CharSequenceEncoder - [e898df3] Writing "414. foo bar"
03:14:32.270 [XNIO-15 I/O-3] DEBUG o.s.c.c.CharSequenceEncoder - [e898df3] Writing "415. foo bar"
03:14:32.270 [XNIO-15 I/O-3] DEBUG o.s.c.c.CharSequenceEncoder - [e898df3] Writing "416. foo bar"
03:14:32.270 [XNIO-15 I/O-3] DEBUG o.s.c.c.CharSequenceEncoder - [e898df3] Writing "417. foo bar"
03:14:32.271 [XNIO-15 I/O-3] DEBUG o.s.c.c.CharSequenceEncoder - [e898df3] Writing "418. foo bar"
03:14:32.271 [XNIO-15 I/O-3] DEBUG o.s.c.c.CharSequenceEncoder - [e898df3] Writing "419. foo bar"
03:14:32.271 [XNIO-15 I/O-3] DEBUG o.s.c.c.CharSequenceEncoder - [e898df3] Writing "420. foo bar"
03:14:32.271 [XNIO-15 I/O-3] DEBUG o.s.c.c.CharSequenceEncoder - [e898df3] Writing "421. foo bar"
03:14:32.271 [XNIO-15 I/O-3] DEBUG o.s.c.c.CharSequenceEncoder - [e898df3] Writing "422. foo bar"
03:14:32.271 [XNIO-15 I/O-3] DEBUG o.s.c.c.CharSequenceEncoder - [e898df3] Writing "423. foo bar"
03:14:32.271 [XNIO-15 I/O-3] DEBUG o.s.c.c.CharSequenceEncoder - [e898df3] Writing "424. foo bar"
03:14:32.272 [XNIO-15 I/O-3] DEBUG o.s.c.c.CharSequenceEncoder - [e898df3] Writing "425. foo bar"
03:14:32.272 [XNIO-15 I/O-3] DEBUG o.s.c.c.CharSequenceEncoder - [e898df3] Writing "426. foo bar"
03:14:32.272 [XNIO-15 I/O-3] DEBUG o.s.c.c.CharSequenceEncoder - [e898df3] Writing "427. foo bar"
03:14:32.272 [XNIO-15 I/O-3] DEBUG o.s.c.c.CharSequenceEncoder - [e898df3] Writing "428. foo bar"
03:14:32.272 [XNIO-15 I/O-3] DEBUG o.s.c.c.CharSequenceEncoder - [e898df3] Writing "429. foo bar"
03:14:32.272 [XNIO-15 I/O-3] DEBUG o.s.c.c.CharSequenceEncoder - [e898df3] Writing "430. foo bar"
03:14:32.273 [XNIO-15 I/O-3] DEBUG o.s.c.c.CharSequenceEncoder - [e898df3] Writing "431. foo bar"
03:14:32.273 [XNIO-15 I/O-3] DEBUG o.s.c.c.CharSequenceEncoder - [e898df3] Writing "432. foo bar"
03:14:32.273 [XNIO-15 I/O-3] DEBUG o.s.c.c.CharSequenceEncoder - [e898df3] Writing "433. foo bar"
03:14:32.273 [XNIO-15 I/O-3] DEBUG o.s.c.c.CharSequenceEncoder - [e898df3] Writing "434. foo bar"
03:14:32.273 [XNIO-15 I/O-3] DEBUG o.s.c.c.CharSequenceEncoder - [e898df3] Writing "435. foo bar"
03:14:32.273 [XNIO-15 I/O-3] DEBUG o.s.c.c.CharSequenceEncoder - [e898df3] Writing "436. foo bar"
03:14:32.273 [XNIO-15 I/O-3] DEBUG o.s.c.c.CharSequenceEncoder - [e898df3] Writing "437. foo bar"
03:14:32.273 [XNIO-15 I/O-3] DEBUG o.s.c.c.CharSequenceEncoder - [e898df3] Writing "438. foo bar"
03:14:32.274 [XNIO-15 I/O-3] DEBUG o.s.c.c.CharSequenceEncoder - [e898df3] Writing "439. foo bar"
03:14:32.274 [XNIO-15 I/O-3] DEBUG o.s.c.c.CharSequenceEncoder - [e898df3] Writing "440. foo bar"
03:14:32.274 [XNIO-15 I/O-3] DEBUG o.s.c.c.CharSequenceEncoder - [e898df3] Writing "441. foo bar"
03:14:32.274 [XNIO-15 I/O-3] DEBUG o.s.c.c.CharSequenceEncoder - [e898df3] Writing "442. foo bar"
03:14:32.274 [XNIO-15 I/O-3] DEBUG o.s.c.c.CharSequenceEncoder - [e898df3] Writing "443. foo bar"
03:14:32.274 [XNIO-15 I/O-3] DEBUG o.s.c.c.CharSequenceEncoder - [e898df3] Writing "444. foo bar"
03:14:32.274 [XNIO-15 I/O-3] DEBUG o.s.c.c.CharSequenceEncoder - [e898df3] Writing "445. foo bar"
03:14:32.274 [XNIO-15 I/O-3] DEBUG o.s.c.c.CharSequenceEncoder - [e898df3] Writing "446. foo bar"
03:14:32.274 [XNIO-15 I/O-3] DEBUG o.s.c.c.CharSequenceEncoder - [e898df3] Writing "447. foo bar"
03:14:32.275 [XNIO-15 I/O-3] DEBUG o.s.c.c.CharSequenceEncoder - [e898df3] Writing "448. foo bar"
03:14:32.275 [XNIO-15 I/O-3] DEBUG o.s.c.c.CharSequenceEncoder - [e898df3] Writing "449. foo bar"
03:14:32.275 [XNIO-15 I/O-3] DEBUG o.s.c.c.CharSequenceEncoder - [e898df3] Writing "450. foo bar"
03:14:32.275 [XNIO-15 I/O-3] DEBUG o.s.c.c.CharSequenceEncoder - [e898df3] Writing "451. foo bar"
03:14:32.275 [XNIO-15 I/O-3] DEBUG o.s.c.c.CharSequenceEncoder - [e898df3] Writing "452. foo bar"
03:14:32.275 [XNIO-15 I/O-3] DEBUG o.s.c.c.CharSequenceEncoder - [e898df3] Writing "453. foo bar"
03:14:32.276 [XNIO-15 I/O-3] DEBUG o.s.c.c.CharSequenceEncoder - [e898df3] Writing "454. foo bar"
03:14:32.276 [XNIO-15 I/O-3] DEBUG o.s.c.c.CharSequenceEncoder - [e898df3] Writing "455. foo bar"
03:14:32.276 [XNIO-15 I/O-3] DEBUG o.s.c.c.CharSequenceEncoder - [e898df3] Writing "456. foo bar"
03:14:32.276 [XNIO-15 I/O-3] DEBUG o.s.c.c.CharSequenceEncoder - [e898df3] Writing "457. foo bar"
03:14:32.276 [XNIO-15 I/O-3] DEBUG o.s.c.c.CharSequenceEncoder - [e898df3] Writing "458. foo bar"
03:14:32.276 [XNIO-15 I/O-3] DEBUG o.s.c.c.CharSequenceEncoder - [e898df3] Writing "459. foo bar"
03:14:32.276 [XNIO-15 I/O-3] DEBUG o.s.c.c.CharSequenceEncoder - [e898df3] Writing "460. foo bar"
03:14:32.277 [XNIO-15 I/O-3] DEBUG o.s.c.c.CharSequenceEncoder - [e898df3] Writing "461. foo bar"
03:14:32.277 [XNIO-15 I/O-3] DEBUG o.s.c.c.CharSequenceEncoder - [e898df3] Writing "462. foo bar"
03:14:32.277 [XNIO-15 I/O-3] DEBUG o.s.c.c.CharSequenceEncoder - [e898df3] Writing "463. foo bar"
03:14:32.277 [XNIO-15 I/O-3] DEBUG o.s.c.c.CharSequenceEncoder - [e898df3] Writing "464. foo bar"
03:14:32.277 [XNIO-15 I/O-3] DEBUG o.s.c.c.CharSequenceEncoder - [e898df3] Writing "465. foo bar"
03:14:32.277 [XNIO-15 I/O-3] DEBUG o.s.c.c.CharSequenceEncoder - [e898df3] Writing "466. foo bar"
03:14:32.277 [XNIO-15 I/O-3] DEBUG o.s.c.c.CharSequenceEncoder - [e898df3] Writing "467. foo bar"
03:14:32.278 [XNIO-15 I/O-3] DEBUG o.s.c.c.CharSequenceEncoder - [e898df3] Writing "468. foo bar"
03:14:32.278 [XNIO-15 I/O-3] DEBUG o.s.c.c.CharSequenceEncoder - [e898df3] Writing "469. foo bar"
03:14:32.278 [XNIO-15 I/O-3] DEBUG o.s.c.c.CharSequenceEncoder - [e898df3] Writing "470. foo bar"
03:14:32.278 [XNIO-15 I/O-3] DEBUG o.s.c.c.CharSequenceEncoder - [e898df3] Writing "471. foo bar"
03:14:32.278 [XNIO-15 I/O-3] DEBUG o.s.c.c.CharSequenceEncoder - [e898df3] Writing "472. foo bar"
03:14:32.278 [XNIO-15 I/O-3] DEBUG o.s.c.c.CharSequenceEncoder - [e898df3] Writing "473. foo bar"
03:14:32.278 [XNIO-15 I/O-3] DEBUG o.s.c.c.CharSequenceEncoder - [e898df3] Writing "474. foo bar"
03:14:32.279 [XNIO-15 I/O-3] DEBUG o.s.c.c.CharSequenceEncoder - [e898df3] Writing "475. foo bar"
03:14:32.279 [XNIO-15 I/O-3] DEBUG o.s.c.c.CharSequenceEncoder - [e898df3] Writing "476. foo bar"
03:14:32.279 [XNIO-15 I/O-3] DEBUG o.s.c.c.CharSequenceEncoder - [e898df3] Writing "477. foo bar"
03:14:32.279 [XNIO-15 I/O-3] DEBUG o.s.c.c.CharSequenceEncoder - [e898df3] Writing "478. foo bar"
03:14:32.279 [XNIO-15 I/O-3] DEBUG o.s.c.c.CharSequenceEncoder - [e898df3] Writing "479. foo bar"
03:14:32.279 [XNIO-15 I/O-3] DEBUG o.s.c.c.CharSequenceEncoder - [e898df3] Writing "480. foo bar"
03:14:32.279 [XNIO-15 I/O-3] DEBUG o.s.c.c.CharSequenceEncoder - [e898df3] Writing "481. foo bar"
03:14:32.280 [XNIO-15 I/O-3] DEBUG o.s.c.c.CharSequenceEncoder - [e898df3] Writing "482. foo bar"
03:14:32.280 [XNIO-15 I/O-3] DEBUG o.s.c.c.CharSequenceEncoder - [e898df3] Writing "483. foo bar"
03:14:32.280 [XNIO-15 I/O-3] DEBUG o.s.c.c.CharSequenceEncoder - [e898df3] Writing "484. foo bar"
03:14:32.280 [XNIO-15 I/O-3] DEBUG o.s.c.c.CharSequenceEncoder - [e898df3] Writing "485. foo bar"
03:14:32.280 [XNIO-15 I/O-3] DEBUG o.s.c.c.CharSequenceEncoder - [e898df3] Writing "486. foo bar"
03:14:32.280 [XNIO-15 I/O-3] DEBUG o.s.c.c.CharSequenceEncoder - [e898df3] Writing "487. foo bar"
03:14:32.280 [XNIO-15 I/O-3] DEBUG o.s.c.c.CharSequenceEncoder - [e898df3] Writing "488. foo bar"
03:14:32.281 [XNIO-15 I/O-3] DEBUG o.s.c.c.CharSequenceEncoder - [e898df3] Writing "489. foo bar"
03:14:32.281 [XNIO-15 I/O-3] DEBUG o.s.c.c.CharSequenceEncoder - [e898df3] Writing "490. foo bar"
03:14:32.281 [XNIO-15 I/O-3] DEBUG o.s.c.c.CharSequenceEncoder - [e898df3] Writing "491. foo bar"
03:14:32.281 [XNIO-15 I/O-3] DEBUG o.s.c.c.CharSequenceEncoder - [e898df3] Writing "492. foo bar"
03:14:32.281 [XNIO-15 I/O-3] DEBUG o.s.c.c.CharSequenceEncoder - [e898df3] Writing "493. foo bar"
03:14:32.281 [XNIO-15 I/O-3] DEBUG o.s.c.c.CharSequenceEncoder - [e898df3] Writing "494. foo bar"
03:14:32.282 [XNIO-15 I/O-3] DEBUG o.s.c.c.CharSequenceEncoder - [e898df3] Writing "495. foo bar"
03:14:32.282 [XNIO-15 I/O-3] DEBUG o.s.c.c.CharSequenceEncoder - [e898df3] Writing "496. foo bar"
03:14:32.282 [XNIO-15 I/O-3] DEBUG o.s.c.c.CharSequenceEncoder - [e898df3] Writing "497. foo bar"
03:14:32.282 [XNIO-15 I/O-3] DEBUG o.s.c.c.CharSequenceEncoder - [e898df3] Writing "498. foo bar"
03:14:32.282 [XNIO-15 I/O-3] DEBUG o.s.c.c.CharSequenceEncoder - [e898df3] Writing "499. foo bar"
03:14:32.282 [XNIO-15 I/O-3] DEBUG o.s.c.c.CharSequenceEncoder - [e898df3] Writing "500. foo bar"
03:14:32.282 [XNIO-15 I/O-3] DEBUG o.s.c.c.CharSequenceEncoder - [e898df3] Writing "501. foo bar"
03:14:32.282 [XNIO-15 I/O-3] DEBUG o.s.c.c.CharSequenceEncoder - [e898df3] Writing "502. foo bar"
03:14:32.283 [XNIO-15 I/O-3] DEBUG o.s.c.c.CharSequenceEncoder - [e898df3] Writing "503. foo bar"
03:14:32.283 [XNIO-15 I/O-3] DEBUG o.s.c.c.CharSequenceEncoder - [e898df3] Writing "504. foo bar"
03:14:32.283 [XNIO-15 I/O-3] DEBUG o.s.c.c.CharSequenceEncoder - [e898df3] Writing "505. foo bar"
03:14:32.283 [XNIO-15 I/O-3] DEBUG o.s.c.c.CharSequenceEncoder - [e898df3] Writing "506. foo bar"
03:14:32.283 [XNIO-15 I/O-3] DEBUG o.s.c.c.CharSequenceEncoder - [e898df3] Writing "507. foo bar"
03:14:32.283 [XNIO-15 I/O-3] DEBUG o.s.c.c.CharSequenceEncoder - [e898df3] Writing "508. foo bar"
03:14:32.283 [XNIO-15 I/O-3] DEBUG o.s.c.c.CharSequenceEncoder - [e898df3] Writing "509. foo bar"
03:14:32.284 [XNIO-15 I/O-3] DEBUG o.s.c.c.CharSequenceEncoder - [e898df3] Writing "510. foo bar"
03:14:32.284 [XNIO-15 I/O-3] DEBUG o.s.c.c.CharSequenceEncoder - [e898df3] Writing "511. foo bar"
03:14:32.284 [XNIO-15 I/O-3] DEBUG o.s.c.c.CharSequenceEncoder - [e898df3] Writing "512. foo bar"
03:14:32.284 [XNIO-15 I/O-3] DEBUG o.s.c.c.CharSequenceEncoder - [e898df3] Writing "513. foo bar"
03:14:32.284 [XNIO-15 I/O-3] DEBUG o.s.c.c.CharSequenceEncoder - [e898df3] Writing "514. foo bar"
03:14:32.284 [XNIO-15 I/O-3] DEBUG o.s.c.c.CharSequenceEncoder - [e898df3] Writing "515. foo bar"
03:14:32.284 [XNIO-15 I/O-3] DEBUG o.s.c.c.CharSequenceEncoder - [e898df3] Writing "516. foo bar"
03:14:32.284 [XNIO-15 I/O-3] DEBUG o.s.c.c.CharSequenceEncoder - [e898df3] Writing "517. foo bar"
03:14:32.285 [XNIO-15 I/O-3] DEBUG o.s.c.c.CharSequenceEncoder - [e898df3] Writing "518. foo bar"
03:14:32.285 [XNIO-15 I/O-3] DEBUG o.s.c.c.CharSequenceEncoder - [e898df3] Writing "519. foo bar"
03:14:32.285 [XNIO-15 I/O-3] DEBUG o.s.c.c.CharSequenceEncoder - [e898df3] Writing "520. foo bar"
03:14:32.285 [XNIO-15 I/O-3] DEBUG o.s.c.c.CharSequenceEncoder - [e898df3] Writing "521. foo bar"
03:14:32.285 [XNIO-15 I/O-3] DEBUG o.s.c.c.CharSequenceEncoder - [e898df3] Writing "522. foo bar"
03:14:32.285 [XNIO-15 I/O-3] DEBUG o.s.c.c.CharSequenceEncoder - [e898df3] Writing "523. foo bar"
03:14:32.286 [XNIO-15 I/O-3] DEBUG o.s.c.c.CharSequenceEncoder - [e898df3] Writing "524. foo bar"
03:14:32.286 [XNIO-15 I/O-3] DEBUG o.s.c.c.CharSequenceEncoder - [e898df3] Writing "525. foo bar"
03:14:32.286 [XNIO-15 I/O-3] DEBUG o.s.c.c.CharSequenceEncoder - [e898df3] Writing "526. foo bar"
03:14:32.286 [XNIO-15 I/O-3] DEBUG o.s.c.c.CharSequenceEncoder - [e898df3] Writing "527. foo bar"
03:14:32.286 [XNIO-15 I/O-3] DEBUG o.s.c.c.CharSequenceEncoder - [e898df3] Writing "528. foo bar"
03:14:32.286 [XNIO-15 I/O-3] DEBUG o.s.c.c.CharSequenceEncoder - [e898df3] Writing "529. foo bar"
03:14:32.286 [XNIO-15 I/O-3] DEBUG o.s.c.c.CharSequenceEncoder - [e898df3] Writing "530. foo bar"
03:14:32.287 [XNIO-15 I/O-3] DEBUG o.s.c.c.CharSequenceEncoder - [e898df3] Writing "531. foo bar"
03:14:32.287 [XNIO-15 I/O-3] DEBUG o.s.c.c.CharSequenceEncoder - [e898df3] Writing "532. foo bar"
03:14:32.287 [XNIO-15 I/O-3] DEBUG o.s.c.c.CharSequenceEncoder - [e898df3] Writing "533. foo bar"
03:14:32.287 [XNIO-15 I/O-3] DEBUG o.s.c.c.CharSequenceEncoder - [e898df3] Writing "534. foo bar"
03:14:32.287 [XNIO-15 I/O-3] DEBUG o.s.c.c.CharSequenceEncoder - [e898df3] Writing "535. foo bar"
03:14:32.287 [XNIO-15 I/O-3] DEBUG o.s.c.c.CharSequenceEncoder - [e898df3] Writing "536. foo bar"
03:14:32.287 [XNIO-15 I/O-3] DEBUG o.s.c.c.CharSequenceEncoder - [e898df3] Writing "537. foo bar"
03:14:32.288 [XNIO-15 I/O-3] DEBUG o.s.c.c.CharSequenceEncoder - [e898df3] Writing "538. foo bar"
03:14:32.288 [XNIO-15 I/O-3] DEBUG o.s.c.c.CharSequenceEncoder - [e898df3] Writing "539. foo bar"
03:14:32.288 [XNIO-15 I/O-3] DEBUG o.s.c.c.CharSequenceEncoder - [e898df3] Writing "540. foo bar"
03:14:32.288 [XNIO-15 I/O-3] DEBUG o.s.c.c.CharSequenceEncoder - [e898df3] Writing "541. foo bar"
03:14:32.288 [XNIO-15 I/O-3] DEBUG o.s.c.c.CharSequenceEncoder - [e898df3] Writing "542. foo bar"
03:14:32.288 [XNIO-15 I/O-3] DEBUG o.s.c.c.CharSequenceEncoder - [e898df3] Writing "543. foo bar"
03:14:32.288 [XNIO-15 I/O-3] DEBUG o.s.c.c.CharSequenceEncoder - [e898df3] Writing "544. foo bar"
03:14:32.288 [XNIO-15 I/O-3] DEBUG o.s.c.c.CharSequenceEncoder - [e898df3] Writing "545. foo bar"
03:14:32.288 [XNIO-15 I/O-3] DEBUG o.s.c.c.CharSequenceEncoder - [e898df3] Writing "546. foo bar"
03:14:32.289 [XNIO-15 I/O-3] DEBUG o.s.c.c.CharSequenceEncoder - [e898df3] Writing "547. foo bar"
03:14:32.289 [XNIO-15 I/O-3] DEBUG o.s.c.c.CharSequenceEncoder - [e898df3] Writing "548. foo bar"
03:14:32.289 [XNIO-15 I/O-3] DEBUG o.s.c.c.CharSequenceEncoder - [e898df3] Writing "549. foo bar"
03:14:32.289 [XNIO-15 I/O-3] DEBUG o.s.c.c.CharSequenceEncoder - [e898df3] Writing "550. foo bar"
03:14:32.289 [XNIO-15 I/O-3] DEBUG o.s.c.c.CharSequenceEncoder - [e898df3] Writing "551. foo bar"
03:14:32.289 [XNIO-15 I/O-3] DEBUG o.s.c.c.CharSequenceEncoder - [e898df3] Writing "552. foo bar"
03:14:32.289 [XNIO-15 I/O-3] DEBUG o.s.c.c.CharSequenceEncoder - [e898df3] Writing "553. foo bar"
03:14:32.289 [XNIO-15 I/O-3] DEBUG o.s.c.c.CharSequenceEncoder - [e898df3] Writing "554. foo bar"
03:14:32.289 [XNIO-15 I/O-3] DEBUG o.s.c.c.CharSequenceEncoder - [e898df3] Writing "555. foo bar"
03:14:32.290 [XNIO-15 I/O-3] DEBUG o.s.c.c.CharSequenceEncoder - [e898df3] Writing "556. foo bar"
03:14:32.290 [XNIO-15 I/O-3] DEBUG o.s.c.c.CharSequenceEncoder - [e898df3] Writing "557. foo bar"
03:14:32.290 [XNIO-15 I/O-3] DEBUG o.s.c.c.CharSequenceEncoder - [e898df3] Writing "558. foo bar"
03:14:32.290 [XNIO-15 I/O-3] DEBUG o.s.c.c.CharSequenceEncoder - [e898df3] Writing "559. foo bar"
03:14:32.290 [XNIO-15 I/O-3] DEBUG o.s.c.c.CharSequenceEncoder - [e898df3] Writing "560. foo bar"
03:14:32.290 [XNIO-15 I/O-3] DEBUG o.s.c.c.CharSequenceEncoder - [e898df3] Writing "561. foo bar"
03:14:32.290 [XNIO-15 I/O-3] DEBUG o.s.c.c.CharSequenceEncoder - [e898df3] Writing "562. foo bar"
03:14:32.290 [XNIO-15 I/O-3] DEBUG o.s.c.c.CharSequenceEncoder - [e898df3] Writing "563. foo bar"
03:14:32.290 [XNIO-15 I/O-3] DEBUG o.s.c.c.CharSequenceEncoder - [e898df3] Writing "564. foo bar"
03:14:32.291 [XNIO-15 I/O-3] DEBUG o.s.c.c.CharSequenceEncoder - [e898df3] Writing "565. foo bar"
03:14:32.291 [XNIO-15 I/O-3] DEBUG o.s.c.c.CharSequenceEncoder - [e898df3] Writing "566. foo bar"
03:14:32.291 [XNIO-15 I/O-3] DEBUG o.s.c.c.CharSequenceEncoder - [e898df3] Writing "567. foo bar"
03:14:32.291 [XNIO-15 I/O-3] DEBUG o.s.c.c.CharSequenceEncoder - [e898df3] Writing "568. foo bar"
03:14:32.291 [XNIO-15 I/O-3] DEBUG o.s.c.c.CharSequenceEncoder - [e898df3] Writing "569. foo bar"
03:14:32.291 [XNIO-15 I/O-3] DEBUG o.s.c.c.CharSequenceEncoder - [e898df3] Writing "570. foo bar"
03:14:32.291 [XNIO-15 I/O-3] DEBUG o.s.c.c.CharSequenceEncoder - [e898df3] Writing "571. foo bar"
03:14:32.291 [XNIO-15 I/O-3] DEBUG o.s.c.c.CharSequenceEncoder - [e898df3] Writing "572. foo bar"
03:14:32.291 [XNIO-15 I/O-3] DEBUG o.s.c.c.CharSequenceEncoder - [e898df3] Writing "573. foo bar"
03:14:32.292 [XNIO-15 I/O-3] DEBUG o.s.c.c.CharSequenceEncoder - [e898df3] Writing "574. foo bar"
03:14:32.292 [XNIO-15 I/O-3] DEBUG o.s.c.c.CharSequenceEncoder - [e898df3] Writing "575. foo bar"
03:14:32.292 [XNIO-15 I/O-3] DEBUG o.s.c.c.CharSequenceEncoder - [e898df3] Writing "576. foo bar"
03:14:32.292 [XNIO-15 I/O-3] DEBUG o.s.c.c.CharSequenceEncoder - [e898df3] Writing "577. foo bar"
03:14:32.292 [XNIO-15 I/O-3] DEBUG o.s.c.c.CharSequenceEncoder - [e898df3] Writing "578. foo bar"
03:14:32.292 [XNIO-15 I/O-3] DEBUG o.s.c.c.CharSequenceEncoder - [e898df3] Writing "579. foo bar"
03:14:32.292 [XNIO-15 I/O-3] DEBUG o.s.c.c.CharSequenceEncoder - [e898df3] Writing "580. foo bar"
03:14:32.293 [XNIO-15 I/O-3] DEBUG o.s.c.c.CharSequenceEncoder - [e898df3] Writing "581. foo bar"
03:14:32.293 [XNIO-15 I/O-3] DEBUG o.s.c.c.CharSequenceEncoder - [e898df3] Writing "582. foo bar"
03:14:32.293 [XNIO-15 I/O-3] DEBUG o.s.c.c.CharSequenceEncoder - [e898df3] Writing "583. foo bar"
03:14:32.293 [XNIO-15 I/O-3] DEBUG o.s.c.c.CharSequenceEncoder - [e898df3] Writing "584. foo bar"
03:14:32.293 [XNIO-15 I/O-3] DEBUG o.s.c.c.CharSequenceEncoder - [e898df3] Writing "585. foo bar"
03:14:32.293 [XNIO-15 I/O-3] DEBUG o.s.c.c.CharSequenceEncoder - [e898df3] Writing "586. foo bar"
03:14:32.293 [XNIO-15 I/O-3] DEBUG o.s.c.c.CharSequenceEncoder - [e898df3] Writing "587. foo bar"
03:14:32.293 [XNIO-15 I/O-3] DEBUG o.s.c.c.CharSequenceEncoder - [e898df3] Writing "588. foo bar"
03:14:32.294 [XNIO-15 I/O-3] DEBUG o.s.c.c.CharSequenceEncoder - [e898df3] Writing "589. foo bar"
03:14:32.294 [XNIO-15 I/O-3] DEBUG o.s.c.c.CharSequenceEncoder - [e898df3] Writing "590. foo bar"
03:14:32.294 [XNIO-15 I/O-3] DEBUG o.s.c.c.CharSequenceEncoder - [e898df3] Writing "591. foo bar"
03:14:32.294 [XNIO-15 I/O-3] DEBUG o.s.c.c.CharSequenceEncoder - [e898df3] Writing "592. foo bar"
03:14:32.294 [XNIO-15 I/O-3] DEBUG o.s.c.c.CharSequenceEncoder - [e898df3] Writing "593. foo bar"
03:14:32.294 [XNIO-15 I/O-3] DEBUG o.s.c.c.CharSequenceEncoder - [e898df3] Writing "594. foo bar"
03:14:32.296 [XNIO-15 I/O-3] DEBUG o.s.c.c.CharSequenceEncoder - [e898df3] Writing "595. foo bar"
03:14:32.296 [XNIO-15 I/O-3] DEBUG o.s.c.c.CharSequenceEncoder - [e898df3] Writing "596. foo bar"
03:14:32.297 [XNIO-15 I/O-3] DEBUG o.s.c.c.CharSequenceEncoder - [e898df3] Writing "597. foo bar"
03:14:32.297 [XNIO-15 I/O-3] DEBUG o.s.c.c.CharSequenceEncoder - [e898df3] Writing "598. foo bar"
03:14:32.297 [XNIO-15 I/O-3] DEBUG o.s.c.c.CharSequenceEncoder - [e898df3] Writing "599. foo bar"
03:14:32.297 [XNIO-15 I/O-3] DEBUG o.s.c.c.CharSequenceEncoder - [e898df3] Writing "600. foo bar"
03:14:32.297 [XNIO-15 I/O-3] DEBUG o.s.c.c.CharSequenceEncoder - [e898df3] Writing "601. foo bar"
03:14:32.298 [XNIO-15 I/O-3] DEBUG o.s.c.c.CharSequenceEncoder - [e898df3] Writing "602. foo bar"
03:14:32.298 [XNIO-15 I/O-3] DEBUG o.s.c.c.CharSequenceEncoder - [e898df3] Writing "603. foo bar"
03:14:32.298 [XNIO-15 I/O-3] DEBUG o.s.c.c.CharSequenceEncoder - [e898df3] Writing "604. foo bar"
03:14:32.298 [XNIO-15 I/O-3] DEBUG o.s.c.c.CharSequenceEncoder - [e898df3] Writing "605. foo bar"
03:14:32.299 [XNIO-15 I/O-3] DEBUG o.s.c.c.CharSequenceEncoder - [e898df3] Writing "606. foo bar"
03:14:32.299 [XNIO-15 I/O-3] DEBUG o.s.c.c.CharSequenceEncoder - [e898df3] Writing "607. foo bar"
03:14:32.299 [XNIO-15 I/O-3] DEBUG o.s.c.c.CharSequenceEncoder - [e898df3] Writing "608. foo bar"
03:14:32.299 [XNIO-15 I/O-3] DEBUG o.s.c.c.CharSequenceEncoder - [e898df3] Writing "609. foo bar"
03:14:32.299 [XNIO-15 I/O-3] DEBUG o.s.c.c.CharSequenceEncoder - [e898df3] Writing "610. foo bar"
03:14:32.299 [XNIO-15 I/O-3] DEBUG o.s.c.c.CharSequenceEncoder - [e898df3] Writing "611. foo bar"
03:14:32.299 [XNIO-15 I/O-3] DEBUG o.s.c.c.CharSequenceEncoder - [e898df3] Writing "612. foo bar"
03:14:32.299 [XNIO-15 I/O-3] DEBUG o.s.c.c.CharSequenceEncoder - [e898df3] Writing "613. foo bar"
03:14:32.299 [XNIO-15 I/O-3] DEBUG o.s.c.c.CharSequenceEncoder - [e898df3] Writing "614. foo bar"
03:14:32.299 [XNIO-15 I/O-3] DEBUG o.s.c.c.CharSequenceEncoder - [e898df3] Writing "615. foo bar"
03:14:32.300 [XNIO-15 I/O-3] DEBUG o.s.c.c.CharSequenceEncoder - [e898df3] Writing "616. foo bar"
03:14:32.300 [XNIO-15 I/O-3] DEBUG o.s.c.c.CharSequenceEncoder - [e898df3] Writing "617. foo bar"
03:14:32.300 [XNIO-15 I/O-3] DEBUG o.s.c.c.CharSequenceEncoder - [e898df3] Writing "618. foo bar"
03:14:32.300 [XNIO-15 I/O-3] DEBUG o.s.c.c.CharSequenceEncoder - [e898df3] Writing "619. foo bar"
03:14:32.300 [XNIO-15 I/O-3] DEBUG o.s.c.c.CharSequenceEncoder - [e898df3] Writing "620. foo bar"
03:14:32.300 [XNIO-15 I/O-3] DEBUG o.s.c.c.CharSequenceEncoder - [e898df3] Writing "621. foo bar"
03:14:32.300 [XNIO-15 I/O-3] DEBUG o.s.c.c.CharSequenceEncoder - [e898df3] Writing "622. foo bar"
03:14:32.300 [XNIO-15 I/O-3] DEBUG o.s.c.c.CharSequenceEncoder - [e898df3] Writing "623. foo bar"
03:14:32.300 [XNIO-15 I/O-3] DEBUG o.s.c.c.CharSequenceEncoder - [e898df3] Writing "624. foo bar"
03:14:32.300 [XNIO-15 I/O-3] DEBUG o.s.c.c.CharSequenceEncoder - [e898df3] Writing "625. foo bar"
03:14:32.300 [XNIO-15 I/O-3] DEBUG o.s.c.c.CharSequenceEncoder - [e898df3] Writing "626. foo bar"
03:14:32.300 [XNIO-15 I/O-3] DEBUG o.s.c.c.CharSequenceEncoder - [e898df3] Writing "627. foo bar"
03:14:32.300 [XNIO-15 I/O-3] DEBUG o.s.c.c.CharSequenceEncoder - [e898df3] Writing "628. foo bar"
03:14:32.300 [XNIO-15 I/O-3] DEBUG o.s.c.c.CharSequenceEncoder - [e898df3] Writing "629. foo bar"
03:14:32.301 [XNIO-15 I/O-3] DEBUG o.s.c.c.CharSequenceEncoder - [e898df3] Writing "630. foo bar"
03:14:32.301 [XNIO-15 I/O-3] DEBUG o.s.c.c.CharSequenceEncoder - [e898df3] Writing "631. foo bar"
03:14:32.301 [XNIO-15 I/O-3] DEBUG o.s.c.c.CharSequenceEncoder - [e898df3] Writing "632. foo bar"
03:14:32.301 [XNIO-15 I/O-3] DEBUG o.s.c.c.CharSequenceEncoder - [e898df3] Writing "633. foo bar"
03:14:32.301 [XNIO-15 I/O-3] DEBUG o.s.c.c.CharSequenceEncoder - [e898df3] Writing "634. foo bar"
03:14:32.301 [XNIO-15 I/O-3] DEBUG o.s.c.c.CharSequenceEncoder - [e898df3] Writing "635. foo bar"
03:14:32.301 [XNIO-15 I/O-3] DEBUG o.s.c.c.CharSequenceEncoder - [e898df3] Writing "636. foo bar"
03:14:32.301 [XNIO-15 I/O-3] DEBUG o.s.c.c.CharSequenceEncoder - [e898df3] Writing "637. foo bar"
03:14:32.301 [XNIO-15 I/O-3] DEBUG o.s.c.c.CharSequenceEncoder - [e898df3] Writing "638. foo bar"
03:14:32.301 [XNIO-15 I/O-3] DEBUG o.s.c.c.CharSequenceEncoder - [e898df3] Writing "639. foo bar"
03:14:32.301 [XNIO-15 I/O-3] DEBUG o.s.c.c.CharSequenceEncoder - [e898df3] Writing "640. foo bar"
03:14:32.301 [XNIO-15 I/O-3] DEBUG o.s.c.c.CharSequenceEncoder - [e898df3] Writing "641. foo bar"
03:14:32.301 [XNIO-15 I/O-3] DEBUG o.s.c.c.CharSequenceEncoder - [e898df3] Writing "642. foo bar"
03:14:32.302 [XNIO-15 I/O-3] DEBUG o.s.c.c.CharSequenceEncoder - [e898df3] Writing "643. foo bar"
03:14:32.303 [XNIO-15 I/O-3] DEBUG o.s.c.c.CharSequenceEncoder - [e898df3] Writing "644. foo bar"
03:14:32.303 [XNIO-15 I/O-3] DEBUG o.s.c.c.CharSequenceEncoder - [e898df3] Writing "645. foo bar"
03:14:32.303 [XNIO-15 I/O-3] DEBUG o.s.c.c.CharSequenceEncoder - [e898df3] Writing "646. foo bar"
03:14:32.303 [XNIO-15 I/O-3] DEBUG o.s.c.c.CharSequenceEncoder - [e898df3] Writing "647. foo bar"
03:14:32.303 [XNIO-15 I/O-3] DEBUG o.s.c.c.CharSequenceEncoder - [e898df3] Writing "648. foo bar"
03:14:32.303 [XNIO-15 I/O-3] DEBUG o.s.c.c.CharSequenceEncoder - [e898df3] Writing "649. foo bar"
03:14:32.303 [XNIO-15 I/O-3] DEBUG o.s.c.c.CharSequenceEncoder - [e898df3] Writing "650. foo bar"
03:14:32.304 [XNIO-15 I/O-3] DEBUG o.s.c.c.CharSequenceEncoder - [e898df3] Writing "651. foo bar"
03:14:32.304 [XNIO-15 I/O-3] DEBUG o.s.c.c.CharSequenceEncoder - [e898df3] Writing "652. foo bar"
03:14:32.304 [XNIO-15 I/O-3] DEBUG o.s.c.c.CharSequenceEncoder - [e898df3] Writing "653. foo bar"
03:14:32.304 [XNIO-15 I/O-3] DEBUG o.s.c.c.CharSequenceEncoder - [e898df3] Writing "654. foo bar"
03:14:32.304 [XNIO-15 I/O-3] DEBUG o.s.c.c.CharSequenceEncoder - [e898df3] Writing "655. foo bar"
03:14:32.304 [XNIO-15 I/O-3] DEBUG o.s.c.c.CharSequenceEncoder - [e898df3] Writing "656. foo bar"
03:14:32.304 [XNIO-15 I/O-3] DEBUG o.s.c.c.CharSequenceEncoder - [e898df3] Writing "657. foo bar"
03:14:32.304 [XNIO-15 I/O-3] DEBUG o.s.c.c.CharSequenceEncoder - [e898df3] Writing "658. foo bar"
03:14:32.304 [XNIO-15 I/O-3] DEBUG o.s.c.c.CharSequenceEncoder - [e898df3] Writing "659. foo bar"
03:14:32.304 [XNIO-15 I/O-3] DEBUG o.s.c.c.CharSequenceEncoder - [e898df3] Writing "660. foo bar"
03:14:32.304 [XNIO-15 I/O-3] DEBUG o.s.c.c.CharSequenceEncoder - [e898df3] Writing "661. foo bar"
03:14:32.304 [XNIO-15 I/O-3] DEBUG o.s.c.c.CharSequenceEncoder - [e898df3] Writing "662. foo bar"
03:14:32.304 [XNIO-15 I/O-3] DEBUG o.s.c.c.CharSequenceEncoder - [e898df3] Writing "663. foo bar"
03:14:32.304 [XNIO-15 I/O-3] DEBUG o.s.c.c.CharSequenceEncoder - [e898df3] Writing "664. foo bar"
03:14:32.304 [XNIO-15 I/O-3] DEBUG o.s.c.c.CharSequenceEncoder - [e898df3] Writing "665. foo bar"
03:14:32.305 [XNIO-15 I/O-3] DEBUG o.s.c.c.CharSequenceEncoder - [e898df3] Writing "666. foo bar"
03:14:32.305 [XNIO-15 I/O-3] DEBUG o.s.c.c.CharSequenceEncoder - [e898df3] Writing "667. foo bar"
03:14:32.305 [XNIO-15 I/O-3] DEBUG o.s.c.c.CharSequenceEncoder - [e898df3] Writing "668. foo bar"
03:14:32.305 [XNIO-15 I/O-3] DEBUG o.s.c.c.CharSequenceEncoder - [e898df3] Writing "669. foo bar"
03:14:32.305 [XNIO-15 I/O-3] DEBUG o.s.c.c.CharSequenceEncoder - [e898df3] Writing "670. foo bar"
03:14:32.305 [XNIO-15 I/O-3] DEBUG o.s.c.c.CharSequenceEncoder - [e898df3] Writing "671. foo bar"
03:14:32.305 [XNIO-15 I/O-3] DEBUG o.s.c.c.CharSequenceEncoder - [e898df3] Writing "672. foo bar"
03:14:32.306 [XNIO-15 I/O-3] DEBUG o.s.c.c.CharSequenceEncoder - [e898df3] Writing "673. foo bar"
03:14:32.306 [XNIO-15 I/O-3] DEBUG o.s.c.c.CharSequenceEncoder - [e898df3] Writing "674. foo bar"
03:14:32.306 [XNIO-15 I/O-3] DEBUG o.s.c.c.CharSequenceEncoder - [e898df3] Writing "675. foo bar"
03:14:32.306 [XNIO-15 I/O-3] DEBUG o.s.c.c.CharSequenceEncoder - [e898df3] Writing "676. foo bar"
03:14:32.306 [XNIO-15 I/O-3] DEBUG o.s.c.c.CharSequenceEncoder - [e898df3] Writing "677. foo bar"
03:14:32.306 [XNIO-15 I/O-3] DEBUG o.s.c.c.CharSequenceEncoder - [e898df3] Writing "678. foo bar"
03:14:32.307 [XNIO-15 I/O-3] DEBUG o.s.c.c.CharSequenceEncoder - [e898df3] Writing "679. foo bar"
03:14:32.307 [XNIO-15 I/O-3] DEBUG o.s.c.c.CharSequenceEncoder - [e898df3] Writing "680. foo bar"
03:14:32.307 [XNIO-15 I/O-3] DEBUG o.s.c.c.CharSequenceEncoder - [e898df3] Writing "681. foo bar"
03:14:32.307 [XNIO-15 I/O-3] DEBUG o.s.c.c.CharSequenceEncoder - [e898df3] Writing "682. foo bar"
03:14:32.307 [XNIO-15 I/O-3] DEBUG o.s.c.c.CharSequenceEncoder - [e898df3] Writing "683. foo bar"
03:14:32.307 [XNIO-15 I/O-3] DEBUG o.s.c.c.CharSequenceEncoder - [e898df3] Writing "684. foo bar"
03:14:32.307 [XNIO-15 I/O-3] DEBUG o.s.c.c.CharSequenceEncoder - [e898df3] Writing "685. foo bar"
03:14:32.307 [XNIO-15 I/O-3] DEBUG o.s.c.c.CharSequenceEncoder - [e898df3] Writing "686. foo bar"
03:14:32.308 [XNIO-15 I/O-3] DEBUG o.s.c.c.CharSequenceEncoder - [e898df3] Writing "687. foo bar"
03:14:32.308 [XNIO-15 I/O-3] DEBUG o.s.c.c.CharSequenceEncoder - [e898df3] Writing "688. foo bar"
03:14:32.308 [XNIO-15 I/O-3] DEBUG o.s.c.c.CharSequenceEncoder - [e898df3] Writing "689. foo bar"
03:14:32.308 [XNIO-15 I/O-3] DEBUG o.s.c.c.CharSequenceEncoder - [e898df3] Writing "690. foo bar"
03:14:32.308 [XNIO-15 I/O-3] DEBUG o.s.c.c.CharSequenceEncoder - [e898df3] Writing "691. foo bar"
03:14:32.308 [XNIO-15 I/O-3] DEBUG o.s.c.c.CharSequenceEncoder - [e898df3] Writing "692. foo bar"
03:14:32.309 [XNIO-15 I/O-3] DEBUG o.s.c.c.CharSequenceEncoder - [e898df3] Writing "693. foo bar"
03:14:32.309 [XNIO-15 I/O-3] DEBUG o.s.c.c.CharSequenceEncoder - [e898df3] Writing "694. foo bar"
03:14:32.309 [XNIO-15 I/O-3] DEBUG o.s.c.c.CharSequenceEncoder - [e898df3] Writing "695. foo bar"
03:14:32.309 [XNIO-15 I/O-3] DEBUG o.s.c.c.CharSequenceEncoder - [e898df3] Writing "696. foo bar"
03:14:32.310 [XNIO-15 I/O-3] DEBUG o.s.c.c.CharSequenceEncoder - [e898df3] Writing "697. foo bar"
03:14:32.310 [XNIO-15 I/O-3] DEBUG o.s.c.c.CharSequenceEncoder - [e898df3] Writing "698. foo bar"
03:14:32.310 [XNIO-15 I/O-3] DEBUG o.s.c.c.CharSequenceEncoder - [e898df3] Writing "699. foo bar"
03:14:32.310 [XNIO-15 I/O-3] DEBUG o.s.c.c.CharSequenceEncoder - [e898df3] Writing "700. foo bar"
03:14:32.310 [XNIO-15 I/O-3] DEBUG o.s.c.c.CharSequenceEncoder - [e898df3] Writing "701. foo bar"
03:14:32.310 [XNIO-15 I/O-3] DEBUG o.s.c.c.CharSequenceEncoder - [e898df3] Writing "702. foo bar"
03:14:32.310 [XNIO-15 I/O-3] DEBUG o.s.c.c.CharSequenceEncoder - [e898df3] Writing "703. foo bar"
03:14:32.310 [XNIO-15 I/O-3] DEBUG o.s.c.c.CharSequenceEncoder - [e898df3] Writing "704. foo bar"
03:14:32.311 [XNIO-15 I/O-3] DEBUG o.s.c.c.CharSequenceEncoder - [e898df3] Writing "705. foo bar"
03:14:32.311 [XNIO-15 I/O-3] DEBUG o.s.c.c.CharSequenceEncoder - [e898df3] Writing "706. foo bar"
03:14:32.311 [XNIO-15 I/O-3] DEBUG o.s.c.c.CharSequenceEncoder - [e898df3] Writing "707. foo bar"
03:14:32.311 [XNIO-15 I/O-3] DEBUG o.s.c.c.CharSequenceEncoder - [e898df3] Writing "708. foo bar"
03:14:32.311 [XNIO-15 I/O-3] DEBUG o.s.c.c.CharSequenceEncoder - [e898df3] Writing "709. foo bar"
03:14:32.311 [XNIO-15 I/O-3] DEBUG o.s.c.c.CharSequenceEncoder - [e898df3] Writing "710. foo bar"
03:14:32.311 [XNIO-15 I/O-3] DEBUG o.s.c.c.CharSequenceEncoder - [e898df3] Writing "711. foo bar"
03:14:32.311 [XNIO-15 I/O-3] DEBUG o.s.c.c.CharSequenceEncoder - [e898df3] Writing "712. foo bar"
03:14:32.312 [XNIO-15 I/O-3] DEBUG o.s.c.c.CharSequenceEncoder - [e898df3] Writing "713. foo bar"
03:14:32.312 [XNIO-15 I/O-3] DEBUG o.s.c.c.CharSequenceEncoder - [e898df3] Writing "714. foo bar"
03:14:32.312 [XNIO-15 I/O-3] DEBUG o.s.c.c.CharSequenceEncoder - [e898df3] Writing "715. foo bar"
03:14:32.312 [XNIO-15 I/O-3] DEBUG o.s.c.c.CharSequenceEncoder - [e898df3] Writing "716. foo bar"
03:14:32.312 [XNIO-15 I/O-3] DEBUG o.s.c.c.CharSequenceEncoder - [e898df3] Writing "717. foo bar"
03:14:32.313 [XNIO-15 I/O-3] DEBUG o.s.c.c.CharSequenceEncoder - [e898df3] Writing "718. foo bar"
03:14:32.313 [XNIO-15 I/O-3] DEBUG o.s.c.c.CharSequenceEncoder - [e898df3] Writing "719. foo bar"
03:14:32.313 [XNIO-15 I/O-3] DEBUG o.s.c.c.CharSequenceEncoder - [e898df3] Writing "720. foo bar"
03:14:32.313 [XNIO-15 I/O-3] DEBUG o.s.c.c.CharSequenceEncoder - [e898df3] Writing "721. foo bar"
03:14:32.314 [XNIO-15 I/O-3] DEBUG o.s.c.c.CharSequenceEncoder - [e898df3] Writing "722. foo bar"
03:14:32.314 [XNIO-15 I/O-3] DEBUG o.s.c.c.CharSequenceEncoder - [e898df3] Writing "723. foo bar"
03:14:32.314 [XNIO-15 I/O-3] DEBUG o.s.c.c.CharSequenceEncoder - [e898df3] Writing "724. foo bar"
03:14:32.314 [XNIO-15 I/O-3] DEBUG o.s.c.c.CharSequenceEncoder - [e898df3] Writing "725. foo bar"
03:14:32.314 [XNIO-15 I/O-3] DEBUG o.s.c.c.CharSequenceEncoder - [e898df3] Writing "726. foo bar"
03:14:32.314 [XNIO-15 I/O-3] DEBUG o.s.c.c.CharSequenceEncoder - [e898df3] Writing "727. foo bar"
03:14:32.314 [XNIO-15 I/O-3] DEBUG o.s.c.c.CharSequenceEncoder - [e898df3] Writing "728. foo bar"
03:14:32.314 [XNIO-15 I/O-3] DEBUG o.s.c.c.CharSequenceEncoder - [e898df3] Writing "729. foo bar"
03:14:32.314 [XNIO-15 I/O-3] DEBUG o.s.c.c.CharSequenceEncoder - [e898df3] Writing "730. foo bar"
03:14:32.314 [XNIO-15 I/O-3] DEBUG o.s.c.c.CharSequenceEncoder - [e898df3] Writing "731. foo bar"
03:14:32.314 [XNIO-15 I/O-3] DEBUG o.s.c.c.CharSequenceEncoder - [e898df3] Writing "732. foo bar"
03:14:32.314 [XNIO-15 I/O-3] DEBUG o.s.c.c.CharSequenceEncoder - [e898df3] Writing "733. foo bar"
03:14:32.315 [XNIO-15 I/O-3] DEBUG o.s.c.c.CharSequenceEncoder - [e898df3] Writing "734. foo bar"
03:14:32.315 [XNIO-15 I/O-3] DEBUG o.s.c.c.CharSequenceEncoder - [e898df3] Writing "735. foo bar"
03:14:32.316 [XNIO-15 I/O-3] DEBUG o.s.c.c.CharSequenceEncoder - [e898df3] Writing "736. foo bar"
03:14:32.316 [XNIO-15 I/O-3] DEBUG o.s.c.c.CharSequenceEncoder - [e898df3] Writing "737. foo bar"
03:14:32.316 [XNIO-15 I/O-3] DEBUG o.s.c.c.CharSequenceEncoder - [e898df3] Writing "738. foo bar"
03:14:32.316 [XNIO-15 I/O-3] DEBUG o.s.c.c.CharSequenceEncoder - [e898df3] Writing "739. foo bar"
03:14:32.316 [XNIO-15 I/O-3] DEBUG o.s.c.c.CharSequenceEncoder - [e898df3] Writing "740. foo bar"
03:14:32.316 [XNIO-15 I/O-3] DEBUG o.s.c.c.CharSequenceEncoder - [e898df3] Writing "741. foo bar"
03:14:32.317 [XNIO-15 I/O-3] DEBUG o.s.c.c.CharSequenceEncoder - [e898df3] Writing "742. foo bar"
03:14:32.317 [XNIO-15 I/O-3] DEBUG o.s.c.c.CharSequenceEncoder - [e898df3] Writing "743. foo bar"
03:14:32.317 [XNIO-15 I/O-3] DEBUG o.s.c.c.CharSequenceEncoder - [e898df3] Writing "744. foo bar"
03:14:32.317 [XNIO-15 I/O-3] DEBUG o.s.c.c.CharSequenceEncoder - [e898df3] Writing "745. foo bar"
03:14:32.318 [XNIO-15 I/O-3] DEBUG o.s.c.c.CharSequenceEncoder - [e898df3] Writing "746. foo bar"
03:14:32.318 [XNIO-15 I/O-3] DEBUG o.s.c.c.CharSequenceEncoder - [e898df3] Writing "747. foo bar"
03:14:32.318 [XNIO-15 I/O-3] DEBUG o.s.c.c.CharSequenceEncoder - [e898df3] Writing "748. foo bar"
03:14:32.322 [XNIO-15 I/O-3] DEBUG o.s.c.c.CharSequenceEncoder - [e898df3] Writing "749. foo bar"
03:14:32.322 [XNIO-15 I/O-3] DEBUG o.s.c.c.CharSequenceEncoder - [e898df3] Writing "750. foo bar"
03:14:32.322 [XNIO-15 I/O-3] DEBUG o.s.c.c.CharSequenceEncoder - [e898df3] Writing "751. foo bar"
03:14:32.323 [XNIO-15 I/O-3] DEBUG o.s.c.c.CharSequenceEncoder - [e898df3] Writing "752. foo bar"
03:14:32.323 [XNIO-15 I/O-3] DEBUG o.s.c.c.CharSequenceEncoder - [e898df3] Writing "753. foo bar"
03:14:32.324 [XNIO-15 I/O-3] DEBUG o.s.c.c.CharSequenceEncoder - [e898df3] Writing "754. foo bar"
03:14:32.324 [XNIO-15 I/O-3] DEBUG o.s.c.c.CharSequenceEncoder - [e898df3] Writing "755. foo bar"
03:14:32.324 [XNIO-15 I/O-3] DEBUG o.s.c.c.CharSequenceEncoder - [e898df3] Writing "756. foo bar"
03:14:32.325 [XNIO-15 I/O-3] DEBUG o.s.c.c.CharSequenceEncoder - [e898df3] Writing "757. foo bar"
03:14:32.325 [XNIO-15 I/O-3] DEBUG o.s.c.c.CharSequenceEncoder - [e898df3] Writing "758. foo bar"
03:14:32.325 [XNIO-15 I/O-3] DEBUG o.s.c.c.CharSequenceEncoder - [e898df3] Writing "759. foo bar"
03:14:32.326 [XNIO-15 I/O-3] DEBUG o.s.c.c.CharSequenceEncoder - [e898df3] Writing "760. foo bar"
03:14:32.326 [XNIO-15 I/O-3] DEBUG o.s.c.c.CharSequenceEncoder - [e898df3] Writing "761. foo bar"
03:14:32.327 [XNIO-15 I/O-3] DEBUG o.s.c.c.CharSequenceEncoder - [e898df3] Writing "762. foo bar"
03:14:32.327 [XNIO-15 I/O-3] DEBUG o.s.c.c.CharSequenceEncoder - [e898df3] Writing "763. foo bar"
03:14:32.327 [XNIO-15 I/O-3] DEBUG o.s.c.c.CharSequenceEncoder - [e898df3] Writing "764. foo bar"
03:14:32.328 [XNIO-15 I/O-3] DEBUG o.s.c.c.CharSequenceEncoder - [e898df3] Writing "765. foo bar"
03:14:32.328 [XNIO-15 I/O-3] DEBUG o.s.c.c.CharSequenceEncoder - [e898df3] Writing "766. foo bar"
03:14:32.329 [XNIO-15 I/O-3] DEBUG o.s.c.c.CharSequenceEncoder - [e898df3] Writing "767. foo bar"
03:14:32.331 [XNIO-15 I/O-3] DEBUG o.s.c.c.CharSequenceEncoder - [e898df3] Writing "768. foo bar"
03:14:32.332 [XNIO-15 I/O-3] DEBUG o.s.c.c.CharSequenceEncoder - [e898df3] Writing "769. foo bar"
03:14:32.333 [XNIO-15 I/O-3] DEBUG o.s.c.c.CharSequenceEncoder - [e898df3] Writing "770. foo bar"
03:14:32.333 [XNIO-15 I/O-3] DEBUG o.s.c.c.CharSequenceEncoder - [e898df3] Writing "771. foo bar"
03:14:32.334 [XNIO-15 I/O-3] DEBUG o.s.c.c.CharSequenceEncoder - [e898df3] Writing "772. foo bar"
03:14:32.335 [XNIO-15 I/O-3] DEBUG o.s.c.c.CharSequenceEncoder - [e898df3] Writing "773. foo bar"
03:14:32.335 [XNIO-15 I/O-3] DEBUG o.s.c.c.CharSequenceEncoder - [e898df3] Writing "774. foo bar"
03:14:32.336 [XNIO-15 I/O-3] DEBUG o.s.c.c.CharSequenceEncoder - [e898df3] Writing "775. foo bar"
03:14:32.337 [XNIO-15 I/O-3] DEBUG o.s.c.c.CharSequenceEncoder - [e898df3] Writing "776. foo bar"
03:14:32.337 [XNIO-15 I/O-3] DEBUG o.s.c.c.CharSequenceEncoder - [e898df3] Writing "777. foo bar"
03:14:32.337 [XNIO-15 I/O-3] DEBUG o.s.c.c.CharSequenceEncoder - [e898df3] Writing "778. foo bar"
03:14:32.341 [XNIO-15 I/O-3] DEBUG o.s.c.c.CharSequenceEncoder - [e898df3] Writing "779. foo bar"
03:14:32.342 [XNIO-15 I/O-3] DEBUG o.s.c.c.CharSequenceEncoder - [e898df3] Writing "780. foo bar"
03:14:32.343 [XNIO-15 I/O-3] DEBUG o.s.c.c.CharSequenceEncoder - [e898df3] Writing "781. foo bar"
03:14:32.343 [XNIO-15 I/O-3] DEBUG o.s.c.c.CharSequenceEncoder - [e898df3] Writing "782. foo bar"
03:14:32.343 [XNIO-15 I/O-3] DEBUG o.s.c.c.CharSequenceEncoder - [e898df3] Writing "783. foo bar"
03:14:32.344 [XNIO-15 I/O-3] DEBUG o.s.c.c.CharSequenceEncoder - [e898df3] Writing "784. foo bar"
03:14:32.344 [XNIO-15 I/O-3] DEBUG o.s.c.c.CharSequenceEncoder - [e898df3] Writing "785. foo bar"
03:14:32.345 [XNIO-15 I/O-3] DEBUG o.s.c.c.CharSequenceEncoder - [e898df3] Writing "786. foo bar"
03:14:32.346 [XNIO-15 I/O-3] DEBUG o.s.c.c.CharSequenceEncoder - [e898df3] Writing "787. foo bar"
03:14:32.347 [XNIO-15 I/O-3] DEBUG o.s.c.c.CharSequenceEncoder - [e898df3] Writing "788. foo bar"
03:14:32.348 [XNIO-15 I/O-3] DEBUG o.s.c.c.CharSequenceEncoder - [e898df3] Writing "789. foo bar"
03:14:32.349 [XNIO-15 I/O-3] DEBUG o.s.c.c.CharSequenceEncoder - [e898df3] Writing "790. foo bar"
03:14:32.350 [XNIO-15 I/O-3] DEBUG o.s.c.c.CharSequenceEncoder - [e898df3] Writing "791. foo bar"
03:14:32.353 [XNIO-15 I/O-3] DEBUG o.s.c.c.CharSequenceEncoder - [e898df3] Writing "792. foo bar"
03:14:32.354 [XNIO-15 I/O-3] DEBUG o.s.c.c.CharSequenceEncoder - [e898df3] Writing "793. foo bar"
03:14:32.355 [XNIO-15 I/O-3] DEBUG o.s.c.c.CharSequenceEncoder - [e898df3] Writing "794. foo bar"
03:14:32.356 [XNIO-15 I/O-3] DEBUG o.s.c.c.CharSequenceEncoder - [e898df3] Writing "795. foo bar"
03:14:32.357 [XNIO-15 I/O-3] DEBUG o.s.c.c.CharSequenceEncoder - [e898df3] Writing "796. foo bar"
03:14:32.358 [XNIO-15 I/O-3] DEBUG o.s.c.c.CharSequenceEncoder - [e898df3] Writing "797. foo bar"
03:14:32.359 [XNIO-15 I/O-3] DEBUG o.s.c.c.CharSequenceEncoder - [e898df3] Writing "798. foo bar"
03:14:32.359 [XNIO-15 I/O-3] DEBUG o.s.c.c.CharSequenceEncoder - [e898df3] Writing "799. foo bar"
03:14:32.359 [XNIO-15 I/O-3] DEBUG o.s.c.c.CharSequenceEncoder - [e898df3] Writing "800. foo bar"
03:14:32.359 [XNIO-15 I/O-3] DEBUG o.s.c.c.CharSequenceEncoder - [e898df3] Writing "801. foo bar"
03:14:32.360 [XNIO-15 I/O-3] DEBUG o.s.c.c.CharSequenceEncoder - [e898df3] Writing "802. foo bar"
03:14:32.360 [XNIO-15 I/O-3] DEBUG o.s.c.c.CharSequenceEncoder - [e898df3] Writing "803. foo bar"
03:14:32.360 [XNIO-15 I/O-3] DEBUG o.s.c.c.CharSequenceEncoder - [e898df3] Writing "804. foo bar"
03:14:32.360 [XNIO-15 I/O-3] DEBUG o.s.c.c.CharSequenceEncoder - [e898df3] Writing "805. foo bar"
03:14:32.361 [XNIO-15 I/O-3] DEBUG o.s.c.c.CharSequenceEncoder - [e898df3] Writing "806. foo bar"
03:14:32.361 [XNIO-15 I/O-3] DEBUG o.s.c.c.CharSequenceEncoder - [e898df3] Writing "807. foo bar"
03:14:32.361 [XNIO-15 I/O-3] DEBUG o.s.c.c.CharSequenceEncoder - [e898df3] Writing "808. foo bar"
03:14:32.361 [XNIO-15 I/O-3] DEBUG o.s.c.c.CharSequenceEncoder - [e898df3] Writing "809. foo bar"
03:14:32.361 [XNIO-15 I/O-3] DEBUG o.s.c.c.CharSequenceEncoder - [e898df3] Writing "810. foo bar"
03:14:32.362 [XNIO-15 I/O-3] DEBUG o.s.c.c.CharSequenceEncoder - [e898df3] Writing "811. foo bar"
03:14:32.362 [XNIO-15 I/O-3] DEBUG o.s.c.c.CharSequenceEncoder - [e898df3] Writing "812. foo bar"
03:14:32.362 [XNIO-15 I/O-3] DEBUG o.s.c.c.CharSequenceEncoder - [e898df3] Writing "813. foo bar"
03:14:32.362 [XNIO-15 I/O-3] DEBUG o.s.c.c.CharSequenceEncoder - [e898df3] Writing "814. foo bar"
03:14:32.362 [XNIO-15 I/O-3] DEBUG o.s.c.c.CharSequenceEncoder - [e898df3] Writing "815. foo bar"
03:14:32.363 [XNIO-15 I/O-3] DEBUG o.s.c.c.CharSequenceEncoder - [e898df3] Writing "816. foo bar"
03:14:32.363 [XNIO-15 I/O-3] DEBUG o.s.c.c.CharSequenceEncoder - [e898df3] Writing "817. foo bar"
03:14:32.363 [XNIO-15 I/O-3] DEBUG o.s.c.c.CharSequenceEncoder - [e898df3] Writing "818. foo bar"
03:14:32.363 [XNIO-15 I/O-3] DEBUG o.s.c.c.CharSequenceEncoder - [e898df3] Writing "819. foo bar"
03:14:32.363 [XNIO-15 I/O-3] DEBUG o.s.c.c.CharSequenceEncoder - [e898df3] Writing "820. foo bar"
03:14:32.364 [XNIO-15 I/O-3] DEBUG o.s.c.c.CharSequenceEncoder - [e898df3] Writing "821. foo bar"
03:14:32.364 [XNIO-15 I/O-3] DEBUG o.s.c.c.CharSequenceEncoder - [e898df3] Writing "822. foo bar"
03:14:32.364 [XNIO-15 I/O-3] DEBUG o.s.c.c.CharSequenceEncoder - [e898df3] Writing "823. foo bar"
03:14:32.364 [XNIO-15 I/O-3] DEBUG o.s.c.c.CharSequenceEncoder - [e898df3] Writing "824. foo bar"
03:14:32.364 [XNIO-15 I/O-3] DEBUG o.s.c.c.CharSequenceEncoder - [e898df3] Writing "825. foo bar"
03:14:32.365 [XNIO-15 I/O-3] DEBUG o.s.c.c.CharSequenceEncoder - [e898df3] Writing "826. foo bar"
03:14:32.365 [XNIO-15 I/O-3] DEBUG o.s.c.c.CharSequenceEncoder - [e898df3] Writing "827. foo bar"
03:14:32.365 [XNIO-15 I/O-3] DEBUG o.s.c.c.CharSequenceEncoder - [e898df3] Writing "828. foo bar"
03:14:32.365 [XNIO-15 I/O-3] DEBUG o.s.c.c.CharSequenceEncoder - [e898df3] Writing "829. foo bar"
03:14:32.365 [XNIO-15 I/O-3] DEBUG o.s.c.c.CharSequenceEncoder - [e898df3] Writing "830. foo bar"
03:14:32.366 [XNIO-15 I/O-3] DEBUG o.s.c.c.CharSequenceEncoder - [e898df3] Writing "831. foo bar"
03:14:32.366 [XNIO-15 I/O-3] DEBUG o.s.c.c.CharSequenceEncoder - [e898df3] Writing "832. foo bar"
03:14:32.366 [XNIO-15 I/O-3] DEBUG o.s.c.c.CharSequenceEncoder - [e898df3] Writing "833. foo bar"
03:14:32.366 [XNIO-15 I/O-3] DEBUG o.s.c.c.CharSequenceEncoder - [e898df3] Writing "834. foo bar"
03:14:32.367 [XNIO-15 I/O-3] DEBUG o.s.c.c.CharSequenceEncoder - [e898df3] Writing "835. foo bar"
03:14:32.367 [XNIO-15 I/O-3] DEBUG o.s.c.c.CharSequenceEncoder - [e898df3] Writing "836. foo bar"
03:14:32.367 [XNIO-15 I/O-3] DEBUG o.s.c.c.CharSequenceEncoder - [e898df3] Writing "837. foo bar"
03:14:32.367 [XNIO-15 I/O-3] DEBUG o.s.c.c.CharSequenceEncoder - [e898df3] Writing "838. foo bar"
03:14:32.367 [XNIO-15 I/O-3] DEBUG o.s.c.c.CharSequenceEncoder - [e898df3] Writing "839. foo bar"
03:14:32.367 [XNIO-15 I/O-3] DEBUG o.s.c.c.CharSequenceEncoder - [e898df3] Writing "840. foo bar"
03:14:32.367 [XNIO-15 I/O-3] DEBUG o.s.c.c.CharSequenceEncoder - [e898df3] Writing "841. foo bar"
03:14:32.368 [XNIO-15 I/O-3] DEBUG o.s.c.c.CharSequenceEncoder - [e898df3] Writing "842. foo bar"
03:14:32.368 [XNIO-15 I/O-3] DEBUG o.s.c.c.CharSequenceEncoder - [e898df3] Writing "843. foo bar"
03:14:32.368 [XNIO-15 I/O-3] DEBUG o.s.c.c.CharSequenceEncoder - [e898df3] Writing "844. foo bar"
03:14:32.368 [XNIO-15 I/O-3] DEBUG o.s.c.c.CharSequenceEncoder - [e898df3] Writing "845. foo bar"
03:14:32.368 [XNIO-15 I/O-3] DEBUG o.s.c.c.CharSequenceEncoder - [e898df3] Writing "846. foo bar"
03:14:32.369 [XNIO-15 I/O-3] DEBUG o.s.c.c.CharSequenceEncoder - [e898df3] Writing "847. foo bar"
03:14:32.369 [XNIO-15 I/O-3] DEBUG o.s.c.c.CharSequenceEncoder - [e898df3] Writing "848. foo bar"
03:14:32.377 [XNIO-15 I/O-3] DEBUG o.s.c.c.CharSequenceEncoder - [e898df3] Writing "849. foo bar"
03:14:32.377 [XNIO-15 I/O-3] DEBUG o.s.c.c.CharSequenceEncoder - [e898df3] Writing "850. foo bar"
03:14:32.377 [XNIO-15 I/O-3] DEBUG o.s.c.c.CharSequenceEncoder - [e898df3] Writing "851. foo bar"
03:14:32.377 [XNIO-15 I/O-3] DEBUG o.s.c.c.CharSequenceEncoder - [e898df3] Writing "852. foo bar"
03:14:32.377 [XNIO-15 I/O-3] DEBUG o.s.c.c.CharSequenceEncoder - [e898df3] Writing "853. foo bar"
03:14:32.378 [XNIO-15 I/O-3] DEBUG o.s.c.c.CharSequenceEncoder - [e898df3] Writing "854. foo bar"
03:14:32.378 [XNIO-15 I/O-3] DEBUG o.s.c.c.CharSequenceEncoder - [e898df3] Writing "855. foo bar"
03:14:32.378 [XNIO-15 I/O-3] DEBUG o.s.c.c.CharSequenceEncoder - [e898df3] Writing "856. foo bar"
03:14:32.378 [XNIO-15 I/O-3] DEBUG o.s.c.c.CharSequenceEncoder - [e898df3] Writing "857. foo bar"
03:14:32.379 [XNIO-15 I/O-3] DEBUG o.s.c.c.CharSequenceEncoder - [e898df3] Writing "858. foo bar"
03:14:32.379 [XNIO-15 I/O-3] DEBUG o.s.c.c.CharSequenceEncoder - [e898df3] Writing "859. foo bar"
03:14:32.379 [XNIO-15 I/O-3] DEBUG o.s.c.c.CharSequenceEncoder - [e898df3] Writing "860. foo bar"
03:14:32.379 [XNIO-15 I/O-3] DEBUG o.s.c.c.CharSequenceEncoder - [e898df3] Writing "861. foo bar"
03:14:32.380 [XNIO-15 I/O-3] DEBUG o.s.c.c.CharSequenceEncoder - [e898df3] Writing "862. foo bar"
03:14:32.380 [XNIO-15 I/O-3] DEBUG o.s.c.c.CharSequenceEncoder - [e898df3] Writing "863. foo bar"
03:14:32.380 [XNIO-15 I/O-3] DEBUG o.s.c.c.CharSequenceEncoder - [e898df3] Writing "864. foo bar"
03:14:32.380 [XNIO-15 I/O-3] DEBUG o.s.c.c.CharSequenceEncoder - [e898df3] Writing "865. foo bar"
03:14:32.380 [XNIO-15 I/O-3] DEBUG o.s.c.c.CharSequenceEncoder - [e898df3] Writing "866. foo bar"
03:14:32.381 [XNIO-15 I/O-3] DEBUG o.s.c.c.CharSequenceEncoder - [e898df3] Writing "867. foo bar"
03:14:32.381 [XNIO-15 I/O-3] DEBUG o.s.c.c.CharSequenceEncoder - [e898df3] Writing "868. foo bar"
03:14:32.381 [XNIO-15 I/O-3] DEBUG o.s.c.c.CharSequenceEncoder - [e898df3] Writing "869. foo bar"
03:14:32.381 [XNIO-15 I/O-3] DEBUG o.s.c.c.CharSequenceEncoder - [e898df3] Writing "870. foo bar"
03:14:32.382 [XNIO-15 I/O-3] DEBUG o.s.c.c.CharSequenceEncoder - [e898df3] Writing "871. foo bar"
03:14:32.382 [XNIO-15 I/O-3] DEBUG o.s.c.c.CharSequenceEncoder - [e898df3] Writing "872. foo bar"
03:14:32.382 [XNIO-15 I/O-3] DEBUG o.s.c.c.CharSequenceEncoder - [e898df3] Writing "873. foo bar"
03:14:32.383 [XNIO-15 I/O-3] DEBUG o.s.c.c.CharSequenceEncoder - [e898df3] Writing "874. foo bar"
03:14:32.383 [XNIO-15 I/O-3] DEBUG o.s.c.c.CharSequenceEncoder - [e898df3] Writing "875. foo bar"
03:14:32.383 [XNIO-15 I/O-3] DEBUG o.s.c.c.CharSequenceEncoder - [e898df3] Writing "876. foo bar"
03:14:32.383 [XNIO-15 I/O-3] DEBUG o.s.c.c.CharSequenceEncoder - [e898df3] Writing "877. foo bar"
03:14:32.384 [XNIO-15 I/O-3] DEBUG o.s.c.c.CharSequenceEncoder - [e898df3] Writing "878. foo bar"
03:14:32.384 [XNIO-15 I/O-3] DEBUG o.s.c.c.CharSequenceEncoder - [e898df3] Writing "879. foo bar"
03:14:32.384 [XNIO-15 I/O-3] DEBUG o.s.c.c.CharSequenceEncoder - [e898df3] Writing "880. foo bar"
03:14:32.385 [XNIO-15 I/O-3] DEBUG o.s.c.c.CharSequenceEncoder - [e898df3] Writing "881. foo bar"
03:14:32.385 [XNIO-15 I/O-3] DEBUG o.s.c.c.CharSequenceEncoder - [e898df3] Writing "882. foo bar"
03:14:32.385 [XNIO-15 I/O-3] DEBUG o.s.c.c.CharSequenceEncoder - [e898df3] Writing "883. foo bar"
03:14:32.386 [XNIO-15 I/O-3] DEBUG o.s.c.c.CharSequenceEncoder - [e898df3] Writing "884. foo bar"
03:14:32.386 [XNIO-15 I/O-3] DEBUG o.s.c.c.CharSequenceEncoder - [e898df3] Writing "885. foo bar"
03:14:32.387 [XNIO-15 I/O-3] DEBUG o.s.c.c.CharSequenceEncoder - [e898df3] Writing "886. foo bar"
03:14:32.388 [XNIO-15 I/O-3] DEBUG o.s.c.c.CharSequenceEncoder - [e898df3] Writing "887. foo bar"
03:14:32.388 [XNIO-15 I/O-3] DEBUG o.s.c.c.CharSequenceEncoder - [e898df3] Writing "888. foo bar"
03:14:32.389 [XNIO-15 I/O-3] DEBUG o.s.c.c.CharSequenceEncoder - [e898df3] Writing "889. foo bar"
03:14:32.390 [XNIO-15 I/O-3] DEBUG o.s.c.c.CharSequenceEncoder - [e898df3] Writing "890. foo bar"
03:14:32.390 [XNIO-15 I/O-3] DEBUG o.s.c.c.CharSequenceEncoder - [e898df3] Writing "891. foo bar"
03:14:32.390 [XNIO-15 I/O-3] DEBUG o.s.c.c.CharSequenceEncoder - [e898df3] Writing "892. foo bar"
03:14:32.391 [XNIO-15 I/O-3] DEBUG o.s.c.c.CharSequenceEncoder - [e898df3] Writing "893. foo bar"
03:14:32.391 [XNIO-15 I/O-3] DEBUG o.s.c.c.CharSequenceEncoder - [e898df3] Writing "894. foo bar"
03:14:32.391 [XNIO-15 I/O-3] DEBUG o.s.c.c.CharSequenceEncoder - [e898df3] Writing "895. foo bar"
03:14:32.392 [XNIO-15 I/O-3] DEBUG o.s.c.c.CharSequenceEncoder - [e898df3] Writing "896. foo bar"
03:14:32.392 [XNIO-15 I/O-3] DEBUG o.s.c.c.CharSequenceEncoder - [e898df3] Writing "897. foo bar"
03:14:32.393 [XNIO-15 I/O-3] DEBUG o.s.c.c.CharSequenceEncoder - [e898df3] Writing "898. foo bar"
03:14:32.394 [XNIO-15 I/O-3] DEBUG o.s.c.c.CharSequenceEncoder - [e898df3] Writing "899. foo bar"
03:14:32.395 [XNIO-15 I/O-3] DEBUG o.s.c.c.CharSequenceEncoder - [e898df3] Writing "900. foo bar"
03:14:32.395 [XNIO-15 I/O-3] DEBUG o.s.c.c.CharSequenceEncoder - [e898df3] Writing "901. foo bar"
03:14:32.396 [XNIO-15 I/O-3] DEBUG o.s.c.c.CharSequenceEncoder - [e898df3] Writing "902. foo bar"
03:14:32.396 [XNIO-15 I/O-3] DEBUG o.s.c.c.CharSequenceEncoder - [e898df3] Writing "903. foo bar"
03:14:32.397 [XNIO-15 I/O-3] DEBUG o.s.c.c.CharSequenceEncoder - [e898df3] Writing "904. foo bar"
03:14:32.397 [XNIO-15 I/O-3] DEBUG o.s.c.c.CharSequenceEncoder - [e898df3] Writing "905. foo bar"
03:14:32.398 [XNIO-15 I/O-3] DEBUG o.s.c.c.CharSequenceEncoder - [e898df3] Writing "906. foo bar"
03:14:32.398 [XNIO-15 I/O-3] DEBUG o.s.c.c.CharSequenceEncoder - [e898df3] Writing "907. foo bar"
03:14:32.398 [XNIO-15 I/O-3] DEBUG o.s.c.c.CharSequenceEncoder - [e898df3] Writing "908. foo bar"
03:14:32.399 [XNIO-15 I/O-3] DEBUG o.s.c.c.CharSequenceEncoder - [e898df3] Writing "909. foo bar"
03:14:32.399 [XNIO-15 I/O-3] DEBUG o.s.c.c.CharSequenceEncoder - [e898df3] Writing "910. foo bar"
03:14:32.399 [XNIO-15 I/O-3] DEBUG o.s.c.c.CharSequenceEncoder - [e898df3] Writing "911. foo bar"
03:14:32.400 [XNIO-15 I/O-3] DEBUG o.s.c.c.CharSequenceEncoder - [e898df3] Writing "912. foo bar"
03:14:32.400 [XNIO-15 I/O-3] DEBUG o.s.c.c.CharSequenceEncoder - [e898df3] Writing "913. foo bar"
03:14:32.401 [XNIO-15 I/O-3] DEBUG o.s.c.c.CharSequenceEncoder - [e898df3] Writing "914. foo bar"
03:14:32.402 [XNIO-15 I/O-3] DEBUG o.s.c.c.CharSequenceEncoder - [e898df3] Writing "915. foo bar"
03:14:32.403 [XNIO-15 I/O-3] DEBUG o.s.c.c.CharSequenceEncoder - [e898df3] Writing "916. foo bar"
03:14:32.403 [XNIO-15 I/O-3] DEBUG o.s.c.c.CharSequenceEncoder - [e898df3] Writing "917. foo bar"
03:14:32.403 [XNIO-15 I/O-3] DEBUG o.s.c.c.CharSequenceEncoder - [e898df3] Writing "918. foo bar"
03:14:32.403 [XNIO-15 I/O-3] DEBUG o.s.c.c.CharSequenceEncoder - [e898df3] Writing "919. foo bar"
03:14:32.404 [XNIO-15 I/O-3] DEBUG o.s.c.c.CharSequenceEncoder - [e898df3] Writing "920. foo bar"
03:14:32.404 [XNIO-15 I/O-3] DEBUG o.s.c.c.CharSequenceEncoder - [e898df3] Writing "921. foo bar"
03:14:32.405 [XNIO-15 I/O-3] DEBUG o.s.c.c.CharSequenceEncoder - [e898df3] Writing "922. foo bar"
03:14:32.405 [XNIO-15 I/O-3] DEBUG o.s.c.c.CharSequenceEncoder - [e898df3] Writing "923. foo bar"
03:14:32.405 [XNIO-15 I/O-3] DEBUG o.s.c.c.CharSequenceEncoder - [e898df3] Writing "924. foo bar"
03:14:32.405 [XNIO-15 I/O-3] DEBUG o.s.c.c.CharSequenceEncoder - [e898df3] Writing "925. foo bar"
03:14:32.405 [XNIO-15 I/O-3] DEBUG o.s.c.c.CharSequenceEncoder - [e898df3] Writing "926. foo bar"
03:14:32.406 [XNIO-15 I/O-3] DEBUG o.s.c.c.CharSequenceEncoder - [e898df3] Writing "927. foo bar"
03:14:32.407 [XNIO-15 I/O-3] DEBUG o.s.c.c.CharSequenceEncoder - [e898df3] Writing "928. foo bar"
03:14:32.407 [XNIO-15 I/O-3] DEBUG o.s.c.c.CharSequenceEncoder - [e898df3] Writing "929. foo bar"
03:14:32.408 [XNIO-15 I/O-3] DEBUG o.s.c.c.CharSequenceEncoder - [e898df3] Writing "930. foo bar"
03:14:32.408 [XNIO-15 I/O-3] DEBUG o.s.c.c.CharSequenceEncoder - [e898df3] Writing "931. foo bar"
03:14:32.408 [XNIO-15 I/O-3] DEBUG o.s.c.c.CharSequenceEncoder - [e898df3] Writing "932. foo bar"
03:14:32.408 [XNIO-15 I/O-3] DEBUG o.s.c.c.CharSequenceEncoder - [e898df3] Writing "933. foo bar"
03:14:32.409 [XNIO-15 I/O-3] DEBUG o.s.c.c.CharSequenceEncoder - [e898df3] Writing "934. foo bar"
03:14:32.409 [XNIO-15 I/O-3] DEBUG o.s.c.c.CharSequenceEncoder - [e898df3] Writing "935. foo bar"
03:14:32.409 [XNIO-15 I/O-3] DEBUG o.s.c.c.CharSequenceEncoder - [e898df3] Writing "936. foo bar"
03:14:32.409 [XNIO-15 I/O-3] DEBUG o.s.c.c.CharSequenceEncoder - [e898df3] Writing "937. foo bar"
03:14:32.409 [XNIO-15 I/O-3] DEBUG o.s.c.c.CharSequenceEncoder - [e898df3] Writing "938. foo bar"
03:14:32.409 [XNIO-15 I/O-3] DEBUG o.s.c.c.CharSequenceEncoder - [e898df3] Writing "939. foo bar"
03:14:32.409 [XNIO-15 I/O-3] DEBUG o.s.c.c.CharSequenceEncoder - [e898df3] Writing "940. foo bar"
03:14:32.409 [XNIO-15 I/O-3] DEBUG o.s.c.c.CharSequenceEncoder - [e898df3] Writing "941. foo bar"
03:14:32.410 [XNIO-15 I/O-3] DEBUG o.s.c.c.CharSequenceEncoder - [e898df3] Writing "942. foo bar"
03:14:32.410 [XNIO-15 I/O-3] DEBUG o.s.c.c.CharSequenceEncoder - [e898df3] Writing "943. foo bar"
03:14:32.410 [XNIO-15 I/O-3] DEBUG o.s.c.c.CharSequenceEncoder - [e898df3] Writing "944. foo bar"
03:14:32.410 [XNIO-15 I/O-3] DEBUG o.s.c.c.CharSequenceEncoder - [e898df3] Writing "945. foo bar"
03:14:32.410 [XNIO-15 I/O-3] DEBUG o.s.c.c.CharSequenceEncoder - [e898df3] Writing "946. foo bar"
03:14:32.410 [XNIO-15 I/O-3] DEBUG o.s.c.c.CharSequenceEncoder - [e898df3] Writing "947. foo bar"
03:14:32.410 [XNIO-15 I/O-3] DEBUG o.s.c.c.CharSequenceEncoder - [e898df3] Writing "948. foo bar"
03:14:32.411 [XNIO-15 I/O-3] DEBUG o.s.c.c.CharSequenceEncoder - [e898df3] Writing "949. foo bar"
03:14:32.411 [XNIO-15 I/O-3] DEBUG o.s.c.c.CharSequenceEncoder - [e898df3] Writing "950. foo bar"
03:14:32.411 [XNIO-15 I/O-3] DEBUG o.s.c.c.CharSequenceEncoder - [e898df3] Writing "951. foo bar"
03:14:32.411 [XNIO-15 I/O-3] DEBUG o.s.c.c.CharSequenceEncoder - [e898df3] Writing "952. foo bar"
03:14:32.411 [XNIO-15 I/O-3] DEBUG o.s.c.c.CharSequenceEncoder - [e898df3] Writing "953. foo bar"
03:14:32.411 [XNIO-15 I/O-3] DEBUG o.s.c.c.CharSequenceEncoder - [e898df3] Writing "954. foo bar"
03:14:32.411 [XNIO-15 I/O-3] DEBUG o.s.c.c.CharSequenceEncoder - [e898df3] Writing "955. foo bar"
03:14:32.411 [XNIO-15 I/O-3] DEBUG o.s.c.c.CharSequenceEncoder - [e898df3] Writing "956. foo bar"
03:14:32.412 [XNIO-15 I/O-3] DEBUG o.s.c.c.CharSequenceEncoder - [e898df3] Writing "957. foo bar"
03:14:32.412 [XNIO-15 I/O-3] DEBUG o.s.c.c.CharSequenceEncoder - [e898df3] Writing "958. foo bar"
03:14:32.412 [XNIO-15 I/O-3] DEBUG o.s.c.c.CharSequenceEncoder - [e898df3] Writing "959. foo bar"
03:14:32.412 [XNIO-15 I/O-3] DEBUG o.s.c.c.CharSequenceEncoder - [e898df3] Writing "960. foo bar"
03:14:32.414 [XNIO-15 I/O-3] DEBUG o.s.c.c.CharSequenceEncoder - [e898df3] Writing "961. foo bar"
03:14:32.415 [XNIO-15 I/O-3] DEBUG o.s.c.c.CharSequenceEncoder - [e898df3] Writing "962. foo bar"
03:14:32.415 [XNIO-15 I/O-3] DEBUG o.s.c.c.CharSequenceEncoder - [e898df3] Writing "963. foo bar"
03:14:32.416 [XNIO-15 I/O-3] DEBUG o.s.c.c.CharSequenceEncoder - [e898df3] Writing "964. foo bar"
03:14:32.416 [XNIO-15 I/O-3] DEBUG o.s.c.c.CharSequenceEncoder - [e898df3] Writing "965. foo bar"
03:14:32.416 [XNIO-15 I/O-3] DEBUG o.s.c.c.CharSequenceEncoder - [e898df3] Writing "966. foo bar"
03:14:32.417 [XNIO-15 I/O-3] DEBUG o.s.c.c.CharSequenceEncoder - [e898df3] Writing "967. foo bar"
03:14:32.417 [XNIO-15 I/O-3] DEBUG o.s.c.c.CharSequenceEncoder - [e898df3] Writing "968. foo bar"
03:14:32.418 [XNIO-15 I/O-3] DEBUG o.s.c.c.CharSequenceEncoder - [e898df3] Writing "969. foo bar"
03:14:32.418 [XNIO-15 I/O-3] DEBUG o.s.c.c.CharSequenceEncoder - [e898df3] Writing "970. foo bar"
03:14:32.419 [XNIO-15 I/O-3] DEBUG o.s.c.c.CharSequenceEncoder - [e898df3] Writing "971. foo bar"
03:14:32.419 [XNIO-15 I/O-3] DEBUG o.s.c.c.CharSequenceEncoder - [e898df3] Writing "972. foo bar"
03:14:32.419 [XNIO-15 I/O-3] DEBUG o.s.c.c.CharSequenceEncoder - [e898df3] Writing "973. foo bar"
03:14:32.420 [XNIO-15 I/O-3] DEBUG o.s.c.c.CharSequenceEncoder - [e898df3] Writing "974. foo bar"
03:14:32.420 [XNIO-15 I/O-3] DEBUG o.s.c.c.CharSequenceEncoder - [e898df3] Writing "975. foo bar"
03:14:32.421 [XNIO-15 I/O-3] DEBUG o.s.c.c.CharSequenceEncoder - [e898df3] Writing "976. foo bar"
03:14:32.421 [XNIO-15 I/O-3] DEBUG o.s.c.c.CharSequenceEncoder - [e898df3] Writing "977. foo bar"
03:14:32.421 [XNIO-15 I/O-3] DEBUG o.s.c.c.CharSequenceEncoder - [e898df3] Writing "978. foo bar"
03:14:32.422 [XNIO-15 I/O-3] DEBUG o.s.c.c.CharSequenceEncoder - [e898df3] Writing "979. foo bar"
03:14:32.422 [XNIO-15 I/O-3] DEBUG o.s.c.c.CharSequenceEncoder - [e898df3] Writing "980. foo bar"
03:14:32.423 [XNIO-15 I/O-3] DEBUG o.s.c.c.CharSequenceEncoder - [e898df3] Writing "981. foo bar"
03:14:32.423 [XNIO-15 I/O-3] DEBUG o.s.c.c.CharSequenceEncoder - [e898df3] Writing "982. foo bar"
03:14:32.423 [XNIO-15 I/O-3] DEBUG o.s.c.c.CharSequenceEncoder - [e898df3] Writing "983. foo bar"
03:14:32.424 [XNIO-15 I/O-3] DEBUG o.s.c.c.CharSequenceEncoder - [e898df3] Writing "984. foo bar"
03:14:32.425 [XNIO-15 I/O-3] DEBUG o.s.c.c.CharSequenceEncoder - [e898df3] Writing "985. foo bar"
03:14:32.425 [XNIO-15 I/O-3] DEBUG o.s.c.c.CharSequenceEncoder - [e898df3] Writing "986. foo bar"
03:14:32.426 [XNIO-15 I/O-3] DEBUG o.s.c.c.CharSequenceEncoder - [e898df3] Writing "987. foo bar"
03:14:32.427 [XNIO-15 I/O-3] DEBUG o.s.c.c.CharSequenceEncoder - [e898df3] Writing "988. foo bar"
03:14:32.427 [XNIO-15 I/O-3] DEBUG o.s.c.c.CharSequenceEncoder - [e898df3] Writing "989. foo bar"
03:14:32.428 [XNIO-15 I/O-3] DEBUG o.s.c.c.CharSequenceEncoder - [e898df3] Writing "990. foo bar"
03:14:32.428 [XNIO-15 I/O-3] DEBUG o.s.c.c.CharSequenceEncoder - [e898df3] Writing "991. foo bar"
03:14:32.431 [XNIO-15 I/O-3] DEBUG o.s.c.c.CharSequenceEncoder - [e898df3] Writing "992. foo bar"
03:14:32.432 [XNIO-15 I/O-3] DEBUG o.s.c.c.CharSequenceEncoder - [e898df3] Writing "993. foo bar"
03:14:32.432 [XNIO-15 I/O-3] DEBUG o.s.c.c.CharSequenceEncoder - [e898df3] Writing "994. foo bar"
03:14:32.433 [XNIO-15 I/O-3] DEBUG o.s.c.c.CharSequenceEncoder - [e898df3] Writing "995. foo bar"
03:14:32.433 [XNIO-15 I/O-3] DEBUG o.s.c.c.CharSequenceEncoder - [e898df3] Writing "996. foo bar"
03:14:32.434 [XNIO-15 I/O-3] DEBUG o.s.c.c.CharSequenceEncoder - [e898df3] Writing "997. foo bar"
03:14:32.434 [XNIO-15 I/O-3] DEBUG o.s.c.c.CharSequenceEncoder - [e898df3] Writing "998. foo bar"
03:14:32.434 [XNIO-15 I/O-3] DEBUG o.s.c.c.CharSequenceEncoder - [e898df3] Writing "999. foo bar"
03:14:32.435 [XNIO-15 I/O-3] ERROR o.s.w.s.a.HttpWebHandlerAdapter - [e898df3] Error [java.lang.RuntimeException: Random error] for HTTP GET "/SPR-16051", but ServerHttpResponse already committed (200 OK)
03:14:32.435 [XNIO-15 I/O-3] DEBUG o.s.h.s.r.UndertowHttpHandlerAdapter - [e898df3] Closing connection
03:14:32.437 [Test worker] DEBUG o.s.w.t.h.s.r.b.UndertowHttpServer - Stopping UndertowHttpServer...
03:14:32.437 [Test worker] INFO  i.undertow - stopping server: Undertow - 2.1.3.Final
03:14:32.471 [Test worker] DEBUG o.s.w.t.h.s.r.b.UndertowHttpServer - Server stopped (0 millis).
03:14:32.575 [Test worker] DEBUG o.s.w.r.r.m.a.RequestMappingHandlerMapping - 6 mappings in 'requestMappingHandlerMapping'
03:14:32.663 [Test worker] DEBUG o.s.w.r.r.m.a.ControllerMethodResolver - ControllerAdvice beans: none
03:14:32.723 [Test worker] DEBUG o.s.w.s.a.HttpWebHandlerAdapter - enableLoggingRequestDetails='false': form data and headers will be masked to prevent unsafe logging of potentially sensitive data
03:14:32.723 [Test worker] WARN  o.e.j.s.h.ContextHandler - Empty contextPath
03:14:32.724 [Test worker] INFO  o.e.j.s.h.ContextHandler - Started o.e.j.s.ServletContextHandler@23fbabc0{/,null,AVAILABLE}
03:14:32.724 [Test worker] DEBUG o.s.w.t.h.s.r.b.JettyHttpServer - Starting JettyHttpServer...
03:14:32.725 [Test worker] INFO  o.e.j.s.Server - jetty-9.4.31.v20200723; built: 2020-07-23T17:57:36.812Z; git: 450ba27947e13e66baa8cd1ce7e85a4461cacc1d; jvm 1.8.0_261-b12
03:14:32.756 [Test worker] INFO  o.e.j.s.AbstractConnector - Started ServerConnector@2bbf53cd{HTTP/1.1, (http/1.1)}{0.0.0.0:61947}
03:14:32.756 [Test worker] INFO  o.e.j.s.Server - Started @104339ms
03:14:32.756 [Test worker] DEBUG o.s.w.t.h.s.r.b.JettyHttpServer - Server started on port 61947(0 millis).
03:14:32.756 [Test worker] DEBUG o.s.w.c.RestTemplate - HTTP GET http://localhost:61947/thrown-exception-with-cause
03:14:32.757 [Test worker] DEBUG o.s.w.c.RestTemplate - Accept=[text/plain, application/json, application/x-jackson-smile, application/*+json, */*]
03:14:32.760 [qtp726353147-720] DEBUG o.s.w.s.a.HttpWebHandlerAdapter - [243a5ac1] HTTP GET "/thrown-exception-with-cause"
03:14:32.762 [qtp726353147-720] DEBUG o.s.w.r.r.m.a.RequestMappingHandlerMapping - [243a5ac1] Mapped to org.springframework.web.reactive.result.method.annotation.RequestMappingExceptionHandlingIntegrationTests$TestController#handleAndThrowExceptionWithCause()
03:14:32.763 [qtp726353147-720] DEBUG o.s.w.r.r.m.a.RequestMappingHandlerAdapter - [243a5ac1] Using @ExceptionHandler org.springframework.web.reactive.result.method.annotation.RequestMappingExceptionHandlingIntegrationTests$TestController#handleStateException(IllegalStateException)
03:14:32.763 [qtp726353147-720] DEBUG o.s.w.r.r.m.a.ResponseEntityResultHandler - Using 'text/plain;charset=UTF-8' given [text/plain, application/json, application/x-jackson-smile, application/*+json, */*] and supported [text/plain;charset=UTF-8, text/event-stream, text/plain;charset=UTF-8, */*]
03:14:32.763 [qtp726353147-720] DEBUG o.s.w.r.r.m.a.ResponseEntityResultHandler - [243a5ac1] 0..1 [java.lang.String]
03:14:32.763 [qtp726353147-720] DEBUG o.s.c.c.CharSequenceEncoder - [243a5ac1] Writing "Recovered from error: State"
03:14:32.764 [Test worker] DEBUG o.s.w.c.RestTemplate - Response 200 OK
03:14:32.764 [Test worker] DEBUG o.s.w.c.RestTemplate - Reading to [java.lang.String] as "text/plain;charset=utf-8"
03:14:32.764 [Test worker] DEBUG o.s.w.t.h.s.r.b.JettyHttpServer - Stopping JettyHttpServer...
03:14:32.764 [Test worker] INFO  o.e.j.s.h.ContextHandler - Stopped o.e.j.s.ServletContextHandler@23fbabc0{/,null,UNAVAILABLE}
03:14:32.765 [qtp726353147-720] DEBUG o.s.w.s.a.HttpWebHandlerAdapter - [243a5ac1] Completed 200 OK
03:14:32.767 [Test worker] INFO  o.e.j.s.AbstractConnector - Stopped ServerConnector@2bbf53cd{HTTP/1.1, (http/1.1)}{0.0.0.0:0}
03:14:32.768 [Test worker] DEBUG o.s.w.t.h.s.r.b.JettyHttpServer - Server stopped (0 millis).
03:14:32.871 [Test worker] DEBUG o.s.w.r.r.m.a.RequestMappingHandlerMapping - 6 mappings in 'requestMappingHandlerMapping'
03:14:32.904 [Test worker] DEBUG o.s.w.r.r.m.a.ControllerMethodResolver - ControllerAdvice beans: none
03:14:32.959 [Test worker] DEBUG o.s.w.s.a.HttpWebHandlerAdapter - enableLoggingRequestDetails='false': form data and headers will be masked to prevent unsafe logging of potentially sensitive data
03:14:32.960 [Test worker] DEBUG o.s.w.t.h.s.r.b.ReactorHttpServer - Starting ReactorHttpServer...
03:14:32.962 [Test worker] DEBUG o.s.w.t.h.s.r.b.ReactorHttpServer - Server started on port 61953(0 millis).
03:14:32.962 [Test worker] DEBUG o.s.w.c.RestTemplate - HTTP GET http://localhost:61953/thrown-exception-with-cause
03:14:32.962 [Test worker] DEBUG o.s.w.c.RestTemplate - Accept=[text/plain, application/json, application/x-jackson-smile, application/*+json, */*]
03:14:33.002 [reactor-http-nio-4] DEBUG o.s.w.s.a.HttpWebHandlerAdapter - [17b6ddcf-16] HTTP GET "/thrown-exception-with-cause"
03:14:33.002 [reactor-http-nio-4] DEBUG o.s.w.r.r.m.a.RequestMappingHandlerMapping - [17b6ddcf-16] Mapped to org.springframework.web.reactive.result.method.annotation.RequestMappingExceptionHandlingIntegrationTests$TestController#handleAndThrowExceptionWithCause()
03:14:33.003 [reactor-http-nio-4] DEBUG o.s.w.r.r.m.a.RequestMappingHandlerAdapter - [17b6ddcf-16] Using @ExceptionHandler org.springframework.web.reactive.result.method.annotation.RequestMappingExceptionHandlingIntegrationTests$TestController#handleStateException(IllegalStateException)
03:14:33.004 [reactor-http-nio-4] DEBUG o.s.w.r.r.m.a.ResponseEntityResultHandler - Using 'text/plain;charset=UTF-8' given [text/plain, application/json, application/x-jackson-smile, application/*+json, */*] and supported [text/plain;charset=UTF-8, text/event-stream, text/plain;charset=UTF-8, */*]
03:14:33.004 [reactor-http-nio-4] DEBUG o.s.w.r.r.m.a.ResponseEntityResultHandler - [17b6ddcf-16] 0..1 [java.lang.String]
03:14:33.004 [reactor-http-nio-4] DEBUG o.s.c.c.CharSequenceEncoder - [17b6ddcf-16] Writing "Recovered from error: State"
03:14:33.006 [Test worker] DEBUG o.s.w.c.RestTemplate - Response 200 OK
03:14:33.006 [reactor-http-nio-4] DEBUG o.s.w.s.a.HttpWebHandlerAdapter - [17b6ddcf-16] Completed 200 OK
03:14:33.006 [Test worker] DEBUG o.s.w.c.RestTemplate - Reading to [java.lang.String] as "text/plain;charset=UTF-8"
03:14:33.006 [Test worker] DEBUG o.s.w.t.h.s.r.b.ReactorHttpServer - Stopping ReactorHttpServer...
03:14:33.006 [Test worker] DEBUG o.s.w.t.h.s.r.b.ReactorHttpServer - Server stopped (0 millis).
03:14:33.096 [Test worker] DEBUG o.s.w.r.r.m.a.RequestMappingHandlerMapping - 6 mappings in 'requestMappingHandlerMapping'
03:14:33.142 [Test worker] DEBUG o.s.w.r.r.m.a.ControllerMethodResolver - ControllerAdvice beans: none
03:14:33.215 [Test worker] DEBUG o.s.w.s.a.HttpWebHandlerAdapter - enableLoggingRequestDetails='false': form data and headers will be masked to prevent unsafe logging of potentially sensitive data
03:14:33.216 [Test worker] DEBUG o.s.w.t.h.s.r.b.TomcatHttpServer - Starting TomcatHttpServer...
03:14:33.263 [Test worker] DEBUG o.s.w.t.h.s.r.b.TomcatHttpServer - Server started on port 61956(0 millis).
03:14:33.263 [Test worker] DEBUG o.s.w.c.RestTemplate - HTTP GET http://localhost:61956/thrown-exception-with-cause
03:14:33.263 [Test worker] DEBUG o.s.w.c.RestTemplate - Accept=[text/plain, application/json, application/x-jackson-smile, application/*+json, */*]
03:14:33.365 [http-nio-auto-16-exec-1] DEBUG o.s.w.s.a.HttpWebHandlerAdapter - [4ae051e7] HTTP GET "/thrown-exception-with-cause"
03:14:33.366 [http-nio-auto-16-exec-1] DEBUG o.s.w.r.r.m.a.RequestMappingHandlerMapping - [4ae051e7] Mapped to org.springframework.web.reactive.result.method.annotation.RequestMappingExceptionHandlingIntegrationTests$TestController#handleAndThrowExceptionWithCause()
03:14:33.370 [http-nio-auto-16-exec-1] DEBUG o.s.w.r.r.m.a.RequestMappingHandlerAdapter - [4ae051e7] Using @ExceptionHandler org.springframework.web.reactive.result.method.annotation.RequestMappingExceptionHandlingIntegrationTests$TestController#handleStateException(IllegalStateException)
03:14:33.371 [http-nio-auto-16-exec-1] DEBUG o.s.w.r.r.m.a.ResponseEntityResultHandler - Using 'text/plain;charset=UTF-8' given [text/plain, application/json, application/x-jackson-smile, application/*+json, */*] and supported [text/plain;charset=UTF-8, text/event-stream, text/plain;charset=UTF-8, */*]
03:14:33.371 [http-nio-auto-16-exec-1] DEBUG o.s.w.r.r.m.a.ResponseEntityResultHandler - [4ae051e7] 0..1 [java.lang.String]
03:14:33.371 [http-nio-auto-16-exec-1] DEBUG o.s.c.c.CharSequenceEncoder - [4ae051e7] Writing "Recovered from error: State"
03:14:33.372 [http-nio-auto-16-exec-1] DEBUG o.s.w.s.a.HttpWebHandlerAdapter - [4ae051e7] Completed 200 OK
03:14:33.372 [Test worker] DEBUG o.s.w.c.RestTemplate - Response 200 OK
03:14:33.372 [Test worker] DEBUG o.s.w.c.RestTemplate - Reading to [java.lang.String] as "text/plain;charset=UTF-8"
03:14:33.378 [Test worker] DEBUG o.s.w.t.h.s.r.b.TomcatHttpServer - Stopping TomcatHttpServer...
03:14:34.393 [Test worker] DEBUG o.s.w.t.h.s.r.b.TomcatHttpServer - Server stopped (0 millis).
03:14:34.509 [Test worker] DEBUG o.s.w.r.r.m.a.RequestMappingHandlerMapping - 6 mappings in 'requestMappingHandlerMapping'
03:14:34.544 [Test worker] DEBUG o.s.w.r.r.m.a.ControllerMethodResolver - ControllerAdvice beans: none
03:14:34.585 [Test worker] DEBUG o.s.w.s.a.HttpWebHandlerAdapter - enableLoggingRequestDetails='false': form data and headers will be masked to prevent unsafe logging of potentially sensitive data
03:14:34.585 [Test worker] DEBUG o.s.w.t.h.s.r.b.UndertowHttpServer - Starting UndertowHttpServer...
03:14:34.585 [Test worker] INFO  i.undertow - starting server: Undertow - 2.1.3.Final
03:14:34.597 [Test worker] DEBUG o.s.w.t.h.s.r.b.UndertowHttpServer - Server started on port 61999(0 millis).
03:14:34.597 [Test worker] DEBUG o.s.w.c.RestTemplate - HTTP GET http://localhost:61999/thrown-exception-with-cause
03:14:34.598 [Test worker] DEBUG o.s.w.c.RestTemplate - Accept=[text/plain, application/json, application/x-jackson-smile, application/*+json, */*]
03:14:34.604 [XNIO-16 I/O-4] DEBUG o.s.w.s.a.HttpWebHandlerAdapter - [291219fc] HTTP GET "/thrown-exception-with-cause"
03:14:34.604 [XNIO-16 I/O-4] DEBUG o.s.w.r.r.m.a.RequestMappingHandlerMapping - [291219fc] Mapped to org.springframework.web.reactive.result.method.annotation.RequestMappingExceptionHandlingIntegrationTests$TestController#handleAndThrowExceptionWithCause()
03:14:34.604 [XNIO-16 I/O-4] DEBUG o.s.w.r.r.m.a.RequestMappingHandlerAdapter - [291219fc] Using @ExceptionHandler org.springframework.web.reactive.result.method.annotation.RequestMappingExceptionHandlingIntegrationTests$TestController#handleStateException(IllegalStateException)
03:14:34.604 [XNIO-16 I/O-4] DEBUG o.s.w.r.r.m.a.ResponseEntityResultHandler - Using 'text/plain;charset=UTF-8' given [text/plain, application/json, application/x-jackson-smile, application/*+json, */*] and supported [text/plain;charset=UTF-8, text/event-stream, text/plain;charset=UTF-8, */*]
03:14:34.604 [XNIO-16 I/O-4] DEBUG o.s.w.r.r.m.a.ResponseEntityResultHandler - [291219fc] 0..1 [java.lang.String]
03:14:34.604 [XNIO-16 I/O-4] DEBUG o.s.c.c.CharSequenceEncoder - [291219fc] Writing "Recovered from error: State"
03:14:34.604 [XNIO-16 I/O-4] DEBUG o.s.w.s.a.HttpWebHandlerAdapter - [291219fc] Completed 200 OK
03:14:34.604 [Test worker] DEBUG o.s.w.c.RestTemplate - Response 200 OK
03:14:34.604 [Test worker] DEBUG o.s.w.c.RestTemplate - Reading to [java.lang.String] as "text/plain;charset=UTF-8"
03:14:34.604 [Test worker] DEBUG o.s.w.t.h.s.r.b.UndertowHttpServer - Stopping UndertowHttpServer...
03:14:34.604 [Test worker] INFO  i.undertow - stopping server: Undertow - 2.1.3.Final
03:14:34.604 [Test worker] DEBUG o.s.w.t.h.s.r.b.UndertowHttpServer - Server stopped (0 millis).
]]></system-out>
  <system-err><![CDATA[]]></system-err>
</testsuite>
