<?xml version="1.0" encoding="UTF-8"?>
<testsuite name="org.springframework.web.reactive.result.method.annotation.ResponseEntityResultHandlerTests" tests="18" skipped="0" failures="0" errors="0" timestamp="2023-03-20T08:20:11" hostname="DESKTOP-VGJP1PJ" time="0.125">
  <properties/>
  <testcase name="handleReturnValueEtagInvalidIfNoneMatch()" classname="org.springframework.web.reactive.result.method.annotation.ResponseEntityResultHandlerTests" time="0.01"/>
  <testcase name="supports()" classname="org.springframework.web.reactive.result.method.annotation.ResponseEntityResultHandlerTests" time="0.004"/>
  <testcase name="handleMonoWithWildcardBodyTypeAndNullBody()" classname="org.springframework.web.reactive.result.method.annotation.ResponseEntityResultHandlerTests" time="0.004"/>
  <testcase name="handleReturnTypes()" classname="org.springframework.web.reactive.result.method.annotation.ResponseEntityResultHandlerTests" time="0.013"/>
  <testcase name="defaultOrder()" classname="org.springframework.web.reactive.result.method.annotation.ResponseEntityResultHandlerTests" time="0.004"/>
  <testcase name="responseEntityHeaders()" classname="org.springframework.web.reactive.result.method.annotation.ResponseEntityResultHandlerTests" time="0.007"/>
  <testcase name="handleReturnValueEtag()" classname="org.springframework.web.reactive.result.method.annotation.ResponseEntityResultHandlerTests" time="0.004"/>
  <testcase name="handleReturnValueChangedETagAndLastModified()" classname="org.springframework.web.reactive.result.method.annotation.ResponseEntityResultHandlerTests" time="0.007"/>
  <testcase name="handleWithPresetContentTypeShouldFailWithServerError()" classname="org.springframework.web.reactive.result.method.annotation.ResponseEntityResultHandlerTests" time="0.011"/>
  <testcase name="handleResponseEntityWithNullBody()" classname="org.springframework.web.reactive.result.method.annotation.ResponseEntityResultHandlerTests" time="0.005"/>
  <testcase name="handleReturnValueETagAndLastModified()" classname="org.springframework.web.reactive.result.method.annotation.ResponseEntityResultHandlerTests" time="0.006"/>
  <testcase name="handleWithProducibleContentTypeShouldFailWithServerError()" classname="org.springframework.web.reactive.result.method.annotation.ResponseEntityResultHandlerTests" time="0.004"/>
  <testcase name="doesNotSupport()" classname="org.springframework.web.reactive.result.method.annotation.ResponseEntityResultHandlerTests" time="0.003"/>
  <testcase name="handleReturnValueLastModified()" classname="org.springframework.web.reactive.result.method.annotation.ResponseEntityResultHandlerTests" time="0.005"/>
  <testcase name="responseEntityStatusCode()" classname="org.springframework.web.reactive.result.method.annotation.ResponseEntityResultHandlerTests" time="0.004"/>
  <testcase name="handleMonoWithWildcardBodyType()" classname="org.springframework.web.reactive.result.method.annotation.ResponseEntityResultHandlerTests" time="0.008"/>
  <testcase name="httpHeaders()" classname="org.springframework.web.reactive.result.method.annotation.ResponseEntityResultHandlerTests" time="0.01"/>
  <testcase name="handleWithPresetContentType()" classname="org.springframework.web.reactive.result.method.annotation.ResponseEntityResultHandlerTests" time="0.007"/>
  <system-out><![CDATA[03:20:11.149 [Test worker] DEBUG o.s.w.r.r.m.a.ResponseEntityResultHandler - Using 'text/plain;charset=UTF-8' given [*/*] and supported [text/plain;charset=UTF-8, text/plain;charset=UTF-8, */*]
03:20:11.149 [Test worker] DEBUG o.s.w.r.r.m.a.ResponseEntityResultHandler - [2b24742b] 0..1 [java.lang.String]
03:20:11.149 [Test worker] DEBUG o.s.c.c.CharSequenceEncoder - [2b24742b] Writing "body"
03:20:11.164 [Test worker] DEBUG o.s.w.r.r.m.a.ResponseEntityResultHandler - Using 'text/plain;charset=UTF-8' given [*/*] and supported [text/plain;charset=UTF-8, text/plain;charset=UTF-8, */*]
03:20:11.164 [Test worker] DEBUG o.s.w.r.r.m.a.ResponseEntityResultHandler - [7c665a70] 0..1 [java.lang.String]
03:20:11.164 [Test worker] DEBUG o.s.c.c.CharSequenceEncoder - [7c665a70] Writing "abc"
03:20:11.166 [Test worker] DEBUG o.s.w.r.r.m.a.ResponseEntityResultHandler - Using 'text/plain;charset=UTF-8' given [*/*] and supported [text/plain;charset=UTF-8, text/plain;charset=UTF-8, */*]
03:20:11.166 [Test worker] DEBUG o.s.w.r.r.m.a.ResponseEntityResultHandler - [31d2460f] 0..1 [java.lang.String]
03:20:11.166 [Test worker] DEBUG o.s.c.c.CharSequenceEncoder - [31d2460f] Writing "abc"
03:20:11.167 [Test worker] DEBUG o.s.w.r.r.m.a.ResponseEntityResultHandler - Using 'text/plain;charset=UTF-8' given [*/*] and supported [text/plain;charset=UTF-8, text/plain;charset=UTF-8, */*]
03:20:11.168 [Test worker] DEBUG o.s.w.r.r.m.a.ResponseEntityResultHandler - [19c6ef35] 0..1 [java.lang.String]
03:20:11.168 [Test worker] DEBUG o.s.c.c.CharSequenceEncoder - [19c6ef35] Writing "abc"
03:20:11.169 [Test worker] DEBUG o.s.w.r.r.m.a.ResponseEntityResultHandler - Using 'text/plain;charset=UTF-8' given [*/*] and supported [text/plain;charset=UTF-8, text/plain;charset=UTF-8, */*]
03:20:11.169 [Test worker] DEBUG o.s.w.r.r.m.a.ResponseEntityResultHandler - [7525995a] 0..1 [java.lang.String]
03:20:11.170 [Test worker] DEBUG o.s.c.c.CharSequenceEncoder - [7525995a] Writing "abc"
03:20:11.171 [Test worker] DEBUG o.s.w.r.r.m.a.ResponseEntityResultHandler - Using 'text/plain;charset=UTF-8' given [*/*] and supported [text/plain;charset=UTF-8, text/plain;charset=UTF-8, */*]
03:20:11.171 [Test worker] DEBUG o.s.w.r.r.m.a.ResponseEntityResultHandler - [3b5ef854] 0..1 [java.lang.String]
03:20:11.172 [Test worker] DEBUG o.s.c.c.CharSequenceEncoder - [3b5ef854] Writing "abc"
03:20:11.194 [Test worker] DEBUG o.s.w.r.r.m.a.ResponseEntityResultHandler - Using 'text/plain;charset=UTF-8' given [*/*] and supported [text/plain;charset=UTF-8, text/plain;charset=UTF-8, */*]
03:20:11.194 [Test worker] DEBUG o.s.w.r.r.m.a.ResponseEntityResultHandler - [6fb868bd] 0..1 [java.lang.String]
03:20:11.195 [Test worker] DEBUG o.s.c.c.CharSequenceEncoder - [6fb868bd] Writing "body"
03:20:11.206 [Test worker] DEBUG o.s.w.r.r.m.a.ResponseEntityResultHandler - [2368b146] Found 'Content-Type:application/xml' in response
03:20:11.206 [Test worker] DEBUG o.s.w.r.r.m.a.ResponseEntityResultHandler - [2368b146] 0..1 [java.lang.String]
03:20:11.223 [Test worker] DEBUG o.s.w.r.r.m.a.ResponseEntityResultHandler - Using 'application/xml' given [*/*] and supported [application/xml]
03:20:11.223 [Test worker] DEBUG o.s.w.r.r.m.a.ResponseEntityResultHandler - [262d9002] 0..1 [java.lang.String]
03:20:11.245 [Test worker] DEBUG o.s.w.r.r.m.a.ResponseEntityResultHandler - Using 'application/json' given [*/*] and supported [application/json]
03:20:11.245 [Test worker] DEBUG o.s.w.r.r.m.a.ResponseEntityResultHandler - [3b2b6285] 0..1 [java.lang.String]
03:20:11.245 [Test worker] DEBUG o.s.c.c.CharSequenceEncoder - [3b2b6285] Writing "body"
]]></system-out>
  <system-err><![CDATA[]]></system-err>
</testsuite>
