<?xml version="1.0" encoding="UTF-8"?>
<testsuite name="org.springframework.web.reactive.result.method.annotation.RequestMappingDataBindingIntegrationTests" tests="8" skipped="0" failures="0" errors="0" timestamp="2023-03-20T08:15:02" hostname="DESKTOP-VGJP1PJ" time="2.725">
  <properties/>
  <testcase name="handleDateParam(HttpServer)[1]" classname="org.springframework.web.reactive.result.method.annotation.RequestMappingDataBindingIntegrationTests" time="0.212"/>
  <testcase name="handleDateParam(HttpServer)[2]" classname="org.springframework.web.reactive.result.method.annotation.RequestMappingDataBindingIntegrationTests" time="0.163"/>
  <testcase name="handleDateParam(HttpServer)[3]" classname="org.springframework.web.reactive.result.method.annotation.RequestMappingDataBindingIntegrationTests" time="0.643"/>
  <testcase name="handleDateParam(HttpServer)[4]" classname="org.springframework.web.reactive.result.method.annotation.RequestMappingDataBindingIntegrationTests" time="0.256"/>
  <testcase name="handleForm(HttpServer)[1]" classname="org.springframework.web.reactive.result.method.annotation.RequestMappingDataBindingIntegrationTests" time="0.13"/>
  <testcase name="handleForm(HttpServer)[2]" classname="org.springframework.web.reactive.result.method.annotation.RequestMappingDataBindingIntegrationTests" time="0.153"/>
  <testcase name="handleForm(HttpServer)[3]" classname="org.springframework.web.reactive.result.method.annotation.RequestMappingDataBindingIntegrationTests" time="0.498"/>
  <testcase name="handleForm(HttpServer)[4]" classname="org.springframework.web.reactive.result.method.annotation.RequestMappingDataBindingIntegrationTests" time="0.519"/>
  <system-out><![CDATA[03:15:02.149 [Test worker] DEBUG o.s.w.r.r.m.a.RequestMappingHandlerMapping - 2 mappings in 'requestMappingHandlerMapping'
03:15:02.182 [Test worker] DEBUG o.s.w.r.r.m.a.ControllerMethodResolver - ControllerAdvice beans: none
03:15:02.226 [Test worker] DEBUG o.s.w.s.a.HttpWebHandlerAdapter - enableLoggingRequestDetails='false': form data and headers will be masked to prevent unsafe logging of potentially sensitive data
03:15:02.226 [Test worker] WARN  o.e.j.s.h.ContextHandler - Empty contextPath
03:15:02.227 [Test worker] INFO  o.e.j.s.h.ContextHandler - Started o.e.j.s.ServletContextHandler@6e2f27c7{/,null,AVAILABLE}
03:15:02.227 [Test worker] DEBUG o.s.w.t.h.s.r.b.JettyHttpServer - Starting JettyHttpServer...
03:15:02.228 [Test worker] INFO  o.e.j.s.Server - jetty-9.4.31.v20200723; built: 2020-07-23T17:57:36.812Z; git: 450ba27947e13e66baa8cd1ce7e85a4461cacc1d; jvm 1.8.0_261-b12
03:15:02.252 [Test worker] INFO  o.e.j.s.AbstractConnector - Started ServerConnector@42b4c864{HTTP/1.1, (http/1.1)}{0.0.0.0:62490}
03:15:02.252 [Test worker] INFO  o.e.j.s.Server - Started @133863ms
03:15:02.252 [Test worker] DEBUG o.s.w.t.h.s.r.b.JettyHttpServer - Server started on port 62490(0 millis).
03:15:02.252 [Test worker] DEBUG o.s.w.c.RestTemplate - HTTP POST http://localhost:62490/date-param?date=2016-10-31&date-pattern=YYYY-mm-dd
03:15:02.253 [Test worker] DEBUG o.s.w.c.RestTemplate - Accept=[text/plain, application/json, application/x-jackson-smile, application/*+json, */*]
03:15:02.262 [qtp1778562315-1216] DEBUG o.s.w.s.a.HttpWebHandlerAdapter - [3cab6281] HTTP POST "/date-param?date=2016-10-31&date-pattern=YYYY-mm-dd"
03:15:02.262 [qtp1778562315-1216] DEBUG o.s.w.r.r.m.a.RequestMappingHandlerMapping - [3cab6281] Mapped to org.springframework.web.reactive.result.method.annotation.RequestMappingDataBindingIntegrationTests$TestController#handleDateParam(Date)
03:15:02.275 [qtp1778562315-1216] DEBUG o.s.w.r.r.m.a.ResponseBodyResultHandler - Using 'text/plain;charset=UTF-8' given [text/plain, application/json, application/x-jackson-smile, application/*+json, */*] and supported [text/plain;charset=UTF-8, text/event-stream, text/plain;charset=UTF-8, */*]
03:15:02.275 [qtp1778562315-1216] DEBUG o.s.w.r.r.m.a.ResponseBodyResultHandler - [3cab6281] 0..1 [java.lang.String]
03:15:02.276 [qtp1778562315-1216] DEBUG o.s.c.c.CharSequenceEncoder - [3cab6281] Writing "Processed date!"
03:15:02.277 [Test worker] DEBUG o.s.w.c.RestTemplate - Response 200 OK
03:15:02.277 [Test worker] DEBUG o.s.w.c.RestTemplate - Reading to [java.lang.String] as "text/plain;charset=utf-8"
03:15:02.277 [Test worker] DEBUG o.s.w.t.h.s.r.b.JettyHttpServer - Stopping JettyHttpServer...
03:15:02.278 [Test worker] INFO  o.e.j.s.h.ContextHandler - Stopped o.e.j.s.ServletContextHandler@6e2f27c7{/,null,UNAVAILABLE}
03:15:02.278 [qtp1778562315-1216] DEBUG o.s.w.s.a.HttpWebHandlerAdapter - [3cab6281] Completed 200 OK
03:15:02.281 [Test worker] INFO  o.e.j.s.AbstractConnector - Stopped ServerConnector@42b4c864{HTTP/1.1, (http/1.1)}{0.0.0.0:0}
03:15:02.282 [Test worker] DEBUG o.s.w.t.h.s.r.b.JettyHttpServer - Server stopped (0 millis).
03:15:02.380 [Test worker] DEBUG o.s.w.r.r.m.a.RequestMappingHandlerMapping - 2 mappings in 'requestMappingHandlerMapping'
03:15:02.420 [Test worker] DEBUG o.s.w.r.r.m.a.ControllerMethodResolver - ControllerAdvice beans: none
03:15:02.453 [Test worker] DEBUG o.s.w.s.a.HttpWebHandlerAdapter - enableLoggingRequestDetails='false': form data and headers will be masked to prevent unsafe logging of potentially sensitive data
03:15:02.454 [Test worker] DEBUG o.s.w.t.h.s.r.b.ReactorHttpServer - Starting ReactorHttpServer...
03:15:02.456 [Test worker] DEBUG o.s.w.t.h.s.r.b.ReactorHttpServer - Server started on port 62496(0 millis).
03:15:02.456 [Test worker] DEBUG o.s.w.c.RestTemplate - HTTP POST http://localhost:62496/date-param?date=2016-10-31&date-pattern=YYYY-mm-dd
03:15:02.456 [Test worker] DEBUG o.s.w.c.RestTemplate - Accept=[text/plain, application/json, application/x-jackson-smile, application/*+json, */*]
03:15:02.464 [reactor-http-nio-4] DEBUG o.s.w.s.a.HttpWebHandlerAdapter - [e48b391a-32] HTTP POST "/date-param?date=2016-10-31&date-pattern=YYYY-mm-dd"
03:15:02.465 [reactor-http-nio-4] DEBUG o.s.w.r.r.m.a.RequestMappingHandlerMapping - [e48b391a-32] Mapped to org.springframework.web.reactive.result.method.annotation.RequestMappingDataBindingIntegrationTests$TestController#handleDateParam(Date)
03:15:02.467 [reactor-http-nio-4] DEBUG o.s.w.r.r.m.a.ResponseBodyResultHandler - Using 'text/plain;charset=UTF-8' given [text/plain, application/json, application/x-jackson-smile, application/*+json, */*] and supported [text/plain;charset=UTF-8, text/event-stream, text/plain;charset=UTF-8, */*]
03:15:02.467 [reactor-http-nio-4] DEBUG o.s.w.r.r.m.a.ResponseBodyResultHandler - [e48b391a-32] 0..1 [java.lang.String]
03:15:02.468 [reactor-http-nio-4] DEBUG o.s.c.c.CharSequenceEncoder - [e48b391a-32] Writing "Processed date!"
03:15:02.469 [Test worker] DEBUG o.s.w.c.RestTemplate - Response 200 OK
03:15:02.469 [reactor-http-nio-4] DEBUG o.s.w.s.a.HttpWebHandlerAdapter - [e48b391a-32] Completed 200 OK
03:15:02.469 [Test worker] DEBUG o.s.w.c.RestTemplate - Reading to [java.lang.String] as "text/plain;charset=UTF-8"
03:15:02.470 [Test worker] DEBUG o.s.w.t.h.s.r.b.ReactorHttpServer - Stopping ReactorHttpServer...
03:15:02.470 [Test worker] DEBUG o.s.w.t.h.s.r.b.ReactorHttpServer - Server stopped (0 millis).
03:15:02.527 [Test worker] DEBUG o.s.w.r.r.m.a.RequestMappingHandlerMapping - 2 mappings in 'requestMappingHandlerMapping'
03:15:02.559 [Test worker] DEBUG o.s.w.r.r.m.a.ControllerMethodResolver - ControllerAdvice beans: none
03:15:02.590 [Test worker] DEBUG o.s.w.s.a.HttpWebHandlerAdapter - enableLoggingRequestDetails='false': form data and headers will be masked to prevent unsafe logging of potentially sensitive data
03:15:02.592 [Test worker] DEBUG o.s.w.t.h.s.r.b.TomcatHttpServer - Starting TomcatHttpServer...
03:15:02.616 [Test worker] DEBUG o.s.w.t.h.s.r.b.TomcatHttpServer - Server started on port 62498(0 millis).
03:15:02.616 [Test worker] DEBUG o.s.w.c.RestTemplate - HTTP POST http://localhost:62498/date-param?date=2016-10-31&date-pattern=YYYY-mm-dd
03:15:02.616 [Test worker] DEBUG o.s.w.c.RestTemplate - Accept=[text/plain, application/json, application/x-jackson-smile, application/*+json, */*]
03:15:02.630 [http-nio-auto-30-exec-1] DEBUG o.s.w.s.a.HttpWebHandlerAdapter - [5161b0d9] HTTP POST "/date-param?date=2016-10-31&date-pattern=YYYY-mm-dd"
03:15:02.631 [http-nio-auto-30-exec-1] DEBUG o.s.w.r.r.m.a.RequestMappingHandlerMapping - [5161b0d9] Mapped to org.springframework.web.reactive.result.method.annotation.RequestMappingDataBindingIntegrationTests$TestController#handleDateParam(Date)
03:15:02.634 [http-nio-auto-30-exec-1] DEBUG o.s.w.r.r.m.a.ResponseBodyResultHandler - Using 'text/plain;charset=UTF-8' given [text/plain, application/json, application/x-jackson-smile, application/*+json, */*] and supported [text/plain;charset=UTF-8, text/event-stream, text/plain;charset=UTF-8, */*]
03:15:02.634 [http-nio-auto-30-exec-1] DEBUG o.s.w.r.r.m.a.ResponseBodyResultHandler - [5161b0d9] 0..1 [java.lang.String]
03:15:02.634 [http-nio-auto-30-exec-1] DEBUG o.s.c.c.CharSequenceEncoder - [5161b0d9] Writing "Processed date!"
03:15:02.635 [http-nio-auto-30-exec-1] DEBUG o.s.w.s.a.HttpWebHandlerAdapter - [5161b0d9] Completed 200 OK
03:15:02.635 [Test worker] DEBUG o.s.w.c.RestTemplate - Response 200 OK
03:15:02.635 [Test worker] DEBUG o.s.w.c.RestTemplate - Reading to [java.lang.String] as "text/plain;charset=UTF-8"
03:15:02.637 [Test worker] DEBUG o.s.w.t.h.s.r.b.TomcatHttpServer - Stopping TomcatHttpServer...
03:15:03.132 [Test worker] DEBUG o.s.w.t.h.s.r.b.TomcatHttpServer - Server stopped (0 millis).
03:15:03.248 [Test worker] DEBUG o.s.w.r.r.m.a.RequestMappingHandlerMapping - 2 mappings in 'requestMappingHandlerMapping'
03:15:03.330 [Test worker] DEBUG o.s.w.r.r.m.a.ControllerMethodResolver - ControllerAdvice beans: none
03:15:03.369 [Test worker] DEBUG o.s.w.s.a.HttpWebHandlerAdapter - enableLoggingRequestDetails='false': form data and headers will be masked to prevent unsafe logging of potentially sensitive data
03:15:03.370 [Test worker] DEBUG o.s.w.t.h.s.r.b.UndertowHttpServer - Starting UndertowHttpServer...
03:15:03.370 [Test worker] INFO  i.undertow - starting server: Undertow - 2.1.3.Final
03:15:03.385 [Test worker] DEBUG o.s.w.t.h.s.r.b.UndertowHttpServer - Server started on port 62515(0 millis).
03:15:03.387 [Test worker] DEBUG o.s.w.c.RestTemplate - HTTP POST http://localhost:62515/date-param?date=2016-10-31&date-pattern=YYYY-mm-dd
03:15:03.388 [Test worker] DEBUG o.s.w.c.RestTemplate - Accept=[text/plain, application/json, application/x-jackson-smile, application/*+json, */*]
03:15:03.398 [XNIO-29 I/O-3] DEBUG o.s.w.s.a.HttpWebHandlerAdapter - [4f40691b] HTTP POST "/date-param?date=2016-10-31&date-pattern=YYYY-mm-dd"
03:15:03.399 [XNIO-29 I/O-3] DEBUG o.s.w.r.r.m.a.RequestMappingHandlerMapping - [4f40691b] Mapped to org.springframework.web.reactive.result.method.annotation.RequestMappingDataBindingIntegrationTests$TestController#handleDateParam(Date)
03:15:03.403 [XNIO-29 I/O-3] DEBUG o.s.w.r.r.m.a.ResponseBodyResultHandler - Using 'text/plain;charset=UTF-8' given [text/plain, application/json, application/x-jackson-smile, application/*+json, */*] and supported [text/plain;charset=UTF-8, text/event-stream, text/plain;charset=UTF-8, */*]
03:15:03.403 [XNIO-29 I/O-3] DEBUG o.s.w.r.r.m.a.ResponseBodyResultHandler - [4f40691b] 0..1 [java.lang.String]
03:15:03.403 [XNIO-29 I/O-3] DEBUG o.s.c.c.CharSequenceEncoder - [4f40691b] Writing "Processed date!"
03:15:03.404 [Test worker] DEBUG o.s.w.c.RestTemplate - Response 200 OK
03:15:03.404 [XNIO-29 I/O-3] DEBUG o.s.w.s.a.HttpWebHandlerAdapter - [4f40691b] Completed 200 OK
03:15:03.404 [Test worker] DEBUG o.s.w.c.RestTemplate - Reading to [java.lang.String] as "text/plain;charset=UTF-8"
03:15:03.404 [Test worker] DEBUG o.s.w.t.h.s.r.b.UndertowHttpServer - Stopping UndertowHttpServer...
03:15:03.404 [Test worker] INFO  i.undertow - stopping server: Undertow - 2.1.3.Final
03:15:03.407 [Test worker] DEBUG o.s.w.t.h.s.r.b.UndertowHttpServer - Server stopped (0 millis).
03:15:03.470 [Test worker] DEBUG o.s.w.r.r.m.a.RequestMappingHandlerMapping - 2 mappings in 'requestMappingHandlerMapping'
03:15:03.494 [Test worker] DEBUG o.s.w.r.r.m.a.ControllerMethodResolver - ControllerAdvice beans: none
03:15:03.518 [Test worker] DEBUG o.s.w.s.a.HttpWebHandlerAdapter - enableLoggingRequestDetails='false': form data and headers will be masked to prevent unsafe logging of potentially sensitive data
03:15:03.519 [Test worker] WARN  o.e.j.s.h.ContextHandler - Empty contextPath
03:15:03.519 [Test worker] INFO  o.e.j.s.h.ContextHandler - Started o.e.j.s.ServletContextHandler@74d5b464{/,null,AVAILABLE}
03:15:03.519 [Test worker] DEBUG o.s.w.t.h.s.r.b.JettyHttpServer - Starting JettyHttpServer...
03:15:03.520 [Test worker] INFO  o.e.j.s.Server - jetty-9.4.31.v20200723; built: 2020-07-23T17:57:36.812Z; git: 450ba27947e13e66baa8cd1ce7e85a4461cacc1d; jvm 1.8.0_261-b12
03:15:03.526 [Test worker] INFO  o.e.j.s.AbstractConnector - Started ServerConnector@14edd8ad{HTTP/1.1, (http/1.1)}{0.0.0.0:62517}
03:15:03.526 [Test worker] INFO  o.e.j.s.Server - Started @135138ms
03:15:03.526 [Test worker] DEBUG o.s.w.t.h.s.r.b.JettyHttpServer - Server started on port 62517(0 millis).
03:15:03.526 [Test worker] DEBUG o.s.w.c.RestTemplate - HTTP POST http://localhost:62517/foos/1
03:15:03.527 [Test worker] DEBUG o.s.w.c.RestTemplate - Accept=[text/plain, application/json, application/x-jackson-smile, application/*+json, */*]
03:15:03.528 [Test worker] DEBUG o.s.w.c.RestTemplate - Writing [{name=[George], age=[5]}] as "application/x-www-form-urlencoded"
03:15:03.537 [qtp868175259-1262] DEBUG o.s.w.s.a.HttpWebHandlerAdapter - [57480fbf] HTTP POST "/foos/1"
03:15:03.538 [qtp868175259-1262] DEBUG o.s.w.r.r.m.a.RequestMappingHandlerMapping - [57480fbf] Mapped to org.springframework.web.reactive.result.method.annotation.RequestMappingDataBindingIntegrationTests$TestController#handleForm(Foo, Errors)
03:15:03.544 [qtp868175259-1262] DEBUG o.s.h.c.FormHttpMessageReader - [57480fbf] Read form fields [name, age] (content masked)
03:15:03.552 [qtp868175259-1262] DEBUG o.s.w.r.r.m.a.ResponseBodyResultHandler - Using 'text/plain;charset=UTF-8' given [text/plain] and supported [text/plain;charset=UTF-8, text/event-stream, text/plain;charset=UTF-8, */*]
03:15:03.552 [qtp868175259-1262] DEBUG o.s.w.r.r.m.a.ResponseBodyResultHandler - [57480fbf] 0..1 [java.lang.String]
03:15:03.552 [qtp868175259-1262] DEBUG o.s.c.c.CharSequenceEncoder - [57480fbf] Writing "Processed form: Foo[id=1, name='George', age=5]"
03:15:03.553 [Test worker] DEBUG o.s.w.c.RestTemplate - Response 200 OK
03:15:03.553 [Test worker] DEBUG o.s.w.c.RestTemplate - Reading to [java.lang.String] as "text/plain;charset=utf-8"
03:15:03.554 [Test worker] DEBUG o.s.w.t.h.s.r.b.JettyHttpServer - Stopping JettyHttpServer...
03:15:03.554 [Test worker] INFO  o.e.j.s.h.ContextHandler - Stopped o.e.j.s.ServletContextHandler@74d5b464{/,null,UNAVAILABLE}
03:15:03.554 [qtp868175259-1262] DEBUG o.s.w.s.a.HttpWebHandlerAdapter - [57480fbf] Completed 200 OK
03:15:03.557 [Test worker] INFO  o.e.j.s.AbstractConnector - Stopped ServerConnector@14edd8ad{HTTP/1.1, (http/1.1)}{0.0.0.0:0}
03:15:03.559 [Test worker] DEBUG o.s.w.t.h.s.r.b.JettyHttpServer - Server stopped (0 millis).
03:15:03.647 [Test worker] DEBUG o.s.w.r.r.m.a.RequestMappingHandlerMapping - 2 mappings in 'requestMappingHandlerMapping'
03:15:03.684 [Test worker] DEBUG o.s.w.r.r.m.a.ControllerMethodResolver - ControllerAdvice beans: none
03:15:03.713 [Test worker] DEBUG o.s.w.s.a.HttpWebHandlerAdapter - enableLoggingRequestDetails='false': form data and headers will be masked to prevent unsafe logging of potentially sensitive data
03:15:03.714 [Test worker] DEBUG o.s.w.t.h.s.r.b.ReactorHttpServer - Starting ReactorHttpServer...
03:15:03.715 [Test worker] DEBUG o.s.w.t.h.s.r.b.ReactorHttpServer - Server started on port 62523(0 millis).
03:15:03.715 [Test worker] DEBUG o.s.w.c.RestTemplate - HTTP POST http://localhost:62523/foos/1
03:15:03.715 [Test worker] DEBUG o.s.w.c.RestTemplate - Accept=[text/plain, application/json, application/x-jackson-smile, application/*+json, */*]
03:15:03.716 [Test worker] DEBUG o.s.w.c.RestTemplate - Writing [{name=[George], age=[5]}] as "application/x-www-form-urlencoded"
03:15:03.724 [reactor-http-nio-2] DEBUG o.s.w.s.a.HttpWebHandlerAdapter - [f75a90f9-33] HTTP POST "/foos/1"
03:15:03.724 [reactor-http-nio-2] DEBUG o.s.w.r.r.m.a.RequestMappingHandlerMapping - [f75a90f9-33] Mapped to org.springframework.web.reactive.result.method.annotation.RequestMappingDataBindingIntegrationTests$TestController#handleForm(Foo, Errors)
03:15:03.727 [reactor-http-nio-2] DEBUG o.s.h.c.FormHttpMessageReader - [f75a90f9-33] Read form fields [name, age] (content masked)
03:15:03.732 [reactor-http-nio-2] DEBUG o.s.w.r.r.m.a.ResponseBodyResultHandler - Using 'text/plain;charset=UTF-8' given [text/plain] and supported [text/plain;charset=UTF-8, text/event-stream, text/plain;charset=UTF-8, */*]
03:15:03.732 [reactor-http-nio-2] DEBUG o.s.w.r.r.m.a.ResponseBodyResultHandler - [f75a90f9-33] 0..1 [java.lang.String]
03:15:03.732 [reactor-http-nio-2] DEBUG o.s.c.c.CharSequenceEncoder - [f75a90f9-33] Writing "Processed form: Foo[id=1, name='George', age=5]"
03:15:03.734 [Test worker] DEBUG o.s.w.c.RestTemplate - Response 200 OK
03:15:03.734 [reactor-http-nio-2] DEBUG o.s.w.s.a.HttpWebHandlerAdapter - [f75a90f9-33] Completed 200 OK
03:15:03.734 [Test worker] DEBUG o.s.w.c.RestTemplate - Reading to [java.lang.String] as "text/plain;charset=UTF-8"
03:15:03.734 [Test worker] DEBUG o.s.w.t.h.s.r.b.ReactorHttpServer - Stopping ReactorHttpServer...
03:15:03.735 [Test worker] DEBUG o.s.w.t.h.s.r.b.ReactorHttpServer - Server stopped (0 millis).
03:15:03.801 [Test worker] DEBUG o.s.w.r.r.m.a.RequestMappingHandlerMapping - 2 mappings in 'requestMappingHandlerMapping'
03:15:03.837 [Test worker] DEBUG o.s.w.r.r.m.a.ControllerMethodResolver - ControllerAdvice beans: none
03:15:03.869 [Test worker] DEBUG o.s.w.s.a.HttpWebHandlerAdapter - enableLoggingRequestDetails='false': form data and headers will be masked to prevent unsafe logging of potentially sensitive data
03:15:03.870 [Test worker] DEBUG o.s.w.t.h.s.r.b.TomcatHttpServer - Starting TomcatHttpServer...
03:15:03.888 [Test worker] DEBUG o.s.w.t.h.s.r.b.TomcatHttpServer - Server started on port 62525(0 millis).
03:15:03.888 [Test worker] DEBUG o.s.w.c.RestTemplate - HTTP POST http://localhost:62525/foos/1
03:15:03.889 [Test worker] DEBUG o.s.w.c.RestTemplate - Accept=[text/plain, application/json, application/x-jackson-smile, application/*+json, */*]
03:15:03.890 [Test worker] DEBUG o.s.w.c.RestTemplate - Writing [{name=[George], age=[5]}] as "application/x-www-form-urlencoded"
03:15:03.903 [http-nio-auto-31-exec-1] DEBUG o.s.w.s.a.HttpWebHandlerAdapter - [4e8dd91b] HTTP POST "/foos/1"
03:15:03.904 [http-nio-auto-31-exec-1] DEBUG o.s.w.r.r.m.a.RequestMappingHandlerMapping - [4e8dd91b] Mapped to org.springframework.web.reactive.result.method.annotation.RequestMappingDataBindingIntegrationTests$TestController#handleForm(Foo, Errors)
03:15:03.906 [http-nio-auto-31-exec-1] DEBUG o.s.h.c.FormHttpMessageReader - [4e8dd91b] Read form fields [name, age] (content masked)
03:15:03.910 [http-nio-auto-31-exec-1] DEBUG o.s.w.r.r.m.a.ResponseBodyResultHandler - Using 'text/plain;charset=UTF-8' given [text/plain] and supported [text/plain;charset=UTF-8, text/event-stream, text/plain;charset=UTF-8, */*]
03:15:03.910 [http-nio-auto-31-exec-1] DEBUG o.s.w.r.r.m.a.ResponseBodyResultHandler - [4e8dd91b] 0..1 [java.lang.String]
03:15:03.910 [http-nio-auto-31-exec-1] DEBUG o.s.c.c.CharSequenceEncoder - [4e8dd91b] Writing "Processed form: Foo[id=1, name='George', age=5]"
03:15:03.911 [http-nio-auto-31-exec-1] DEBUG o.s.w.s.a.HttpWebHandlerAdapter - [4e8dd91b] Completed 200 OK
03:15:03.911 [Test worker] DEBUG o.s.w.c.RestTemplate - Response 200 OK
03:15:03.911 [Test worker] DEBUG o.s.w.c.RestTemplate - Reading to [java.lang.String] as "text/plain;charset=UTF-8"
03:15:03.913 [Test worker] DEBUG o.s.w.t.h.s.r.b.TomcatHttpServer - Stopping TomcatHttpServer...
03:15:04.258 [Test worker] DEBUG o.s.w.t.h.s.r.b.TomcatHttpServer - Server stopped (0 millis).
03:15:04.390 [Test worker] DEBUG o.s.w.r.r.m.a.RequestMappingHandlerMapping - 2 mappings in 'requestMappingHandlerMapping'
03:15:04.455 [Test worker] DEBUG o.s.w.r.r.m.a.ControllerMethodResolver - ControllerAdvice beans: none
03:15:04.508 [Test worker] DEBUG o.s.w.s.a.HttpWebHandlerAdapter - enableLoggingRequestDetails='false': form data and headers will be masked to prevent unsafe logging of potentially sensitive data
03:15:04.509 [Test worker] DEBUG o.s.w.t.h.s.r.b.UndertowHttpServer - Starting UndertowHttpServer...
03:15:04.509 [Test worker] INFO  i.undertow - starting server: Undertow - 2.1.3.Final
03:15:04.521 [Test worker] DEBUG o.s.w.t.h.s.r.b.UndertowHttpServer - Server started on port 62542(0 millis).
03:15:04.521 [Test worker] DEBUG o.s.w.c.RestTemplate - HTTP POST http://localhost:62542/foos/1
03:15:04.522 [Test worker] DEBUG o.s.w.c.RestTemplate - Accept=[text/plain, application/json, application/x-jackson-smile, application/*+json, */*]
03:15:04.522 [Test worker] DEBUG o.s.w.c.RestTemplate - Writing [{name=[George], age=[5]}] as "application/x-www-form-urlencoded"
03:15:04.747 [XNIO-30 I/O-4] DEBUG o.s.w.s.a.HttpWebHandlerAdapter - [4fbe4fca] HTTP POST "/foos/1"
03:15:04.748 [XNIO-30 I/O-4] DEBUG o.s.w.r.r.m.a.RequestMappingHandlerMapping - [4fbe4fca] Mapped to org.springframework.web.reactive.result.method.annotation.RequestMappingDataBindingIntegrationTests$TestController#handleForm(Foo, Errors)
03:15:04.752 [XNIO-30 I/O-4] DEBUG o.s.h.c.FormHttpMessageReader - [4fbe4fca] Read form fields [name, age] (content masked)
03:15:04.789 [XNIO-30 I/O-4] DEBUG o.s.w.r.r.m.a.ResponseBodyResultHandler - Using 'text/plain;charset=UTF-8' given [text/plain] and supported [text/plain;charset=UTF-8, text/event-stream, text/plain;charset=UTF-8, */*]
03:15:04.789 [XNIO-30 I/O-4] DEBUG o.s.w.r.r.m.a.ResponseBodyResultHandler - [4fbe4fca] 0..1 [java.lang.String]
03:15:04.789 [XNIO-30 I/O-4] DEBUG o.s.c.c.CharSequenceEncoder - [4fbe4fca] Writing "Processed form: Foo[id=1, name='George', age=5]"
03:15:04.791 [XNIO-30 I/O-4] DEBUG o.s.w.s.a.HttpWebHandlerAdapter - [4fbe4fca] Completed 200 OK
03:15:04.791 [Test worker] DEBUG o.s.w.c.RestTemplate - Response 200 OK
03:15:04.791 [Test worker] DEBUG o.s.w.c.RestTemplate - Reading to [java.lang.String] as "text/plain;charset=UTF-8"
03:15:04.791 [Test worker] DEBUG o.s.w.t.h.s.r.b.UndertowHttpServer - Stopping UndertowHttpServer...
03:15:04.791 [Test worker] INFO  i.undertow - stopping server: Undertow - 2.1.3.Final
03:15:04.795 [Test worker] DEBUG o.s.w.t.h.s.r.b.UndertowHttpServer - Server stopped (0 millis).
]]></system-out>
  <system-err><![CDATA[]]></system-err>
</testsuite>
