<?xml version="1.0" encoding="UTF-8"?>
<testsuite name="org.springframework.web.reactive.result.view.UrlBasedViewResolverTests" tests="5" skipped="0" failures="0" errors="0" timestamp="2023-03-20T08:18:47" hostname="DESKTOP-VGJP1PJ" time="0.289">
  <properties/>
  <testcase name="viewNames()" classname="org.springframework.web.reactive.result.view.UrlBasedViewResolverTests" time="0.168"/>
  <testcase name="urlBasedViewResolverDoesNotOverrideCustomRequestContextAttributeWithNull()" classname="org.springframework.web.reactive.result.view.UrlBasedViewResolverTests" time="0.037"/>
  <testcase name="redirectView()" classname="org.springframework.web.reactive.result.view.UrlBasedViewResolverTests" time="0.072"/>
  <testcase name="urlBasedViewResolverOverridesCustomRequestContextAttributeWithNonNullValue()" classname="org.springframework.web.reactive.result.view.UrlBasedViewResolverTests" time="0.004"/>
  <testcase name="customizedRedirectView()" classname="org.springframework.web.reactive.result.view.UrlBasedViewResolverTests" time="0.006"/>
  <system-out><![CDATA[]]></system-out>
  <system-err><![CDATA[]]></system-err>
</testsuite>
