<?xml version="1.0" encoding="UTF-8"?>
<testsuite name="org.springframework.web.reactive.socket.server.upgrade.ReactorNettyRequestUpgradeStrategyTests" tests="1" skipped="0" failures="0" errors="0" timestamp="2023-03-20T08:14:44" hostname="DESKTOP-VGJP1PJ" time="0.077">
  <properties/>
  <testcase name="defaultWebSocketSpecBuilderIsUniquePerRequest()" classname="org.springframework.web.reactive.socket.server.upgrade.ReactorNettyRequestUpgradeStrategyTests" time="0.077"/>
  <system-out><![CDATA[]]></system-out>
  <system-err><![CDATA[]]></system-err>
</testsuite>
