<?xml version="1.0" encoding="UTF-8"?>
<testsuite name="org.springframework.web.reactive.function.server.DispatcherHandlerIntegrationTests" tests="16" skipped="0" failures="0" errors="0" timestamp="2023-03-20T08:13:58" hostname="DESKTOP-VGJP1PJ" time="10.221">
  <properties/>
  <testcase name="flux(HttpServer)[1]" classname="org.springframework.web.reactive.function.server.DispatcherHandlerIntegrationTests" time="0.89"/>
  <testcase name="flux(HttpServer)[2]" classname="org.springframework.web.reactive.function.server.DispatcherHandlerIntegrationTests" time="0.282"/>
  <testcase name="flux(HttpServer)[3]" classname="org.springframework.web.reactive.function.server.DispatcherHandlerIntegrationTests" time="1.345"/>
  <testcase name="flux(HttpServer)[4]" classname="org.springframework.web.reactive.function.server.DispatcherHandlerIntegrationTests" time="0.163"/>
  <testcase name="mono(HttpServer)[1]" classname="org.springframework.web.reactive.function.server.DispatcherHandlerIntegrationTests" time="0.145"/>
  <testcase name="mono(HttpServer)[2]" classname="org.springframework.web.reactive.function.server.DispatcherHandlerIntegrationTests" time="0.165"/>
  <testcase name="mono(HttpServer)[3]" classname="org.springframework.web.reactive.function.server.DispatcherHandlerIntegrationTests" time="0.69"/>
  <testcase name="mono(HttpServer)[4]" classname="org.springframework.web.reactive.function.server.DispatcherHandlerIntegrationTests" time="0.382"/>
  <testcase name="attributes(HttpServer)[1]" classname="org.springframework.web.reactive.function.server.DispatcherHandlerIntegrationTests" time="0.274"/>
  <testcase name="attributes(HttpServer)[2]" classname="org.springframework.web.reactive.function.server.DispatcherHandlerIntegrationTests" time="0.398"/>
  <testcase name="attributes(HttpServer)[3]" classname="org.springframework.web.reactive.function.server.DispatcherHandlerIntegrationTests" time="1.697"/>
  <testcase name="attributes(HttpServer)[4]" classname="org.springframework.web.reactive.function.server.DispatcherHandlerIntegrationTests" time="0.138"/>
  <testcase name="controller(HttpServer)[1]" classname="org.springframework.web.reactive.function.server.DispatcherHandlerIntegrationTests" time="0.137"/>
  <testcase name="controller(HttpServer)[2]" classname="org.springframework.web.reactive.function.server.DispatcherHandlerIntegrationTests" time="0.123"/>
  <testcase name="controller(HttpServer)[3]" classname="org.springframework.web.reactive.function.server.DispatcherHandlerIntegrationTests" time="2.789"/>
  <testcase name="controller(HttpServer)[4]" classname="org.springframework.web.reactive.function.server.DispatcherHandlerIntegrationTests" time="0.201"/>
  <system-out><![CDATA[03:13:58.687 [Test worker] DEBUG o.s.w.r.r.m.a.RequestMappingHandlerMapping - 1 mappings in 'requestMappingHandlerMapping'
03:13:59.009 [Test worker] DEBUG o.s.w.r.f.s.s.RouterFunctionMapping - 3 RouterFunction(s) in 'routerFunctionMapping'
03:13:59.083 [Test worker] DEBUG o.s.w.r.r.m.a.ControllerMethodResolver - ControllerAdvice beans: none
03:13:59.185 [Test worker] DEBUG o.s.w.s.a.HttpWebHandlerAdapter - enableLoggingRequestDetails='false': form data and headers will be masked to prevent unsafe logging of potentially sensitive data
03:13:59.187 [Test worker] WARN  o.e.j.s.h.ContextHandler - Empty contextPath
03:13:59.188 [Test worker] INFO  o.e.j.s.h.ContextHandler - Started o.e.j.s.ServletContextHandler@1f1e6751{/,null,AVAILABLE}
03:13:59.189 [Test worker] DEBUG o.s.w.t.h.s.r.b.JettyHttpServer - Starting JettyHttpServer...
03:13:59.189 [Test worker] INFO  o.e.j.s.Server - jetty-9.4.31.v20200723; built: 2020-07-23T17:57:36.812Z; git: 450ba27947e13e66baa8cd1ce7e85a4461cacc1d; jvm 1.8.0_261-b12
03:13:59.222 [Test worker] INFO  o.e.j.s.AbstractConnector - Started ServerConnector@439ed22b{HTTP/1.1, (http/1.1)}{0.0.0.0:61350}
03:13:59.222 [Test worker] INFO  o.e.j.s.Server - Started @70834ms
03:13:59.222 [Test worker] DEBUG o.s.w.t.h.s.r.b.JettyHttpServer - Server started on port 61350(0 millis).
03:13:59.247 [Test worker] DEBUG o.s.w.c.RestTemplate - HTTP GET http://localhost:61350/flux
03:13:59.250 [Test worker] DEBUG o.s.w.c.RestTemplate - Accept=[application/json, application/x-jackson-smile, application/*+json]
03:13:59.265 [qtp420769476-180] DEBUG o.s.w.s.a.HttpWebHandlerAdapter - [2304d97b] HTTP GET "/flux"
03:13:59.268 [qtp420769476-180] DEBUG o.s.w.r.f.s.s.RouterFunctionMapping - [2304d97b] Mapped to org.springframework.web.reactive.function.server.DispatcherHandlerIntegrationTests$TestConfiguration$$Lambda$1011/1723340206@5d7b402f
03:13:59.322 [qtp420769476-180] DEBUG o.s.h.c.j.Jackson2JsonEncoder - [2304d97b] Encoding [[Person{name='John'}, Person{name='Jane'}]]
03:13:59.355 [Test worker] DEBUG o.s.w.c.RestTemplate - Response 200 OK
03:13:59.356 [Test worker] DEBUG o.s.w.c.RestTemplate - Reading to [java.util.List<org.springframework.web.reactive.function.server.DispatcherHandlerIntegrationTests$Person>]
03:13:59.359 [Test worker] DEBUG o.s.w.t.h.s.r.b.JettyHttpServer - Stopping JettyHttpServer...
03:13:59.360 [Test worker] INFO  o.e.j.s.h.ContextHandler - Stopped o.e.j.s.ServletContextHandler@1f1e6751{/,null,UNAVAILABLE}
03:13:59.362 [Test worker] INFO  o.e.j.s.AbstractConnector - Stopped ServerConnector@439ed22b{HTTP/1.1, (http/1.1)}{0.0.0.0:0}
03:13:59.367 [qtp420769476-187] WARN  o.e.j.i.AbstractConnection - 
java.util.concurrent.RejectedExecutionException: HttpChannelOverHttp@5b9dcd2f{s=HttpChannelState@3d7558a0{s=WOKEN rs=ASYNC os=ABORTED is=IDLE awp=true se=false i=false al=3},r=1,c=false/false,a=WOKEN,uri=//localhost:61350/flux,age=103}
	at org.eclipse.jetty.util.thread.QueuedThreadPool.execute(QueuedThreadPool.java:516) ~[jetty-util-9.4.31.v20200723.jar:9.4.31.v20200723]
	at org.eclipse.jetty.server.HttpChannel.execute(HttpChannel.java:928) ~[jetty-server-9.4.31.v20200723.jar:9.4.31.v20200723]
	at org.eclipse.jetty.server.HttpOutput.onWriteComplete(HttpOutput.java:345) ~[jetty-server-9.4.31.v20200723.jar:9.4.31.v20200723]
	at org.eclipse.jetty.server.HttpOutput.access$200(HttpOutput.java:61) ~[jetty-server-9.4.31.v20200723.jar:9.4.31.v20200723]
	at org.eclipse.jetty.server.HttpOutput$ChannelWriteCB.onCompleteFailure(HttpOutput.java:1560) ~[jetty-server-9.4.31.v20200723.jar:9.4.31.v20200723]
	at org.eclipse.jetty.util.IteratingCallback.failed(IteratingCallback.java:402) ~[jetty-util-9.4.31.v20200723.jar:9.4.31.v20200723]
	at org.eclipse.jetty.util.Callback$Nested.failed(Callback.java:279) ~[jetty-util-9.4.31.v20200723.jar:9.4.31.v20200723]
	at org.eclipse.jetty.server.HttpChannel$SendCallback.failed(HttpChannel.java:1239) ~[jetty-server-9.4.31.v20200723.jar:9.4.31.v20200723]
	at org.eclipse.jetty.io.AbstractConnection.lambda$failedCallback$0(AbstractConnection.java:92) ~[jetty-io-9.4.31.v20200723.jar:9.4.31.v20200723]
	at org.eclipse.jetty.io.AbstractConnection.failedCallback(AbstractConnection.java:115) [jetty-io-9.4.31.v20200723.jar:9.4.31.v20200723]
	at org.eclipse.jetty.server.HttpConnection.access$1200(HttpConnection.java:56) [jetty-server-9.4.31.v20200723.jar:9.4.31.v20200723]
	at org.eclipse.jetty.server.HttpConnection$SendCallback.onCompleteFailure(HttpConnection.java:897) [jetty-server-9.4.31.v20200723.jar:9.4.31.v20200723]
	at org.eclipse.jetty.util.IteratingCallback.close(IteratingCallback.java:428) [jetty-util-9.4.31.v20200723.jar:9.4.31.v20200723]
	at org.eclipse.jetty.server.HttpConnection.onClose(HttpConnection.java:513) [jetty-server-9.4.31.v20200723.jar:9.4.31.v20200723]
	at org.eclipse.jetty.io.SelectorManager.connectionClosed(SelectorManager.java:345) [jetty-io-9.4.31.v20200723.jar:9.4.31.v20200723]
	at org.eclipse.jetty.io.ManagedSelector$DestroyEndPoint.run(ManagedSelector.java:1062) [jetty-io-9.4.31.v20200723.jar:9.4.31.v20200723]
	at org.eclipse.jetty.util.thread.QueuedThreadPool.runJob(QueuedThreadPool.java:806) [jetty-util-9.4.31.v20200723.jar:9.4.31.v20200723]
	at org.eclipse.jetty.util.thread.QueuedThreadPool$Runner.run(QueuedThreadPool.java:938) [jetty-util-9.4.31.v20200723.jar:9.4.31.v20200723]
	at java.lang.Thread.run(Thread.java:748) [?:1.8.0_261]
03:13:59.378 [Test worker] DEBUG o.s.w.t.h.s.r.b.JettyHttpServer - Server stopped (0 millis).
03:13:59.560 [Test worker] DEBUG o.s.w.r.r.m.a.RequestMappingHandlerMapping - 1 mappings in 'requestMappingHandlerMapping'
03:13:59.570 [Test worker] DEBUG o.s.w.r.f.s.s.RouterFunctionMapping - 3 RouterFunction(s) in 'routerFunctionMapping'
03:13:59.593 [Test worker] DEBUG o.s.w.r.r.m.a.ControllerMethodResolver - ControllerAdvice beans: none
03:13:59.662 [Test worker] DEBUG o.s.w.s.a.HttpWebHandlerAdapter - enableLoggingRequestDetails='false': form data and headers will be masked to prevent unsafe logging of potentially sensitive data
03:13:59.662 [Test worker] DEBUG o.s.w.t.h.s.r.b.ReactorHttpServer - Starting ReactorHttpServer...
03:13:59.665 [Test worker] DEBUG o.s.w.t.h.s.r.b.ReactorHttpServer - Server started on port 61356(0 millis).
03:13:59.666 [Test worker] DEBUG o.s.w.c.RestTemplate - HTTP GET http://localhost:61356/flux
03:13:59.666 [Test worker] DEBUG o.s.w.c.RestTemplate - Accept=[application/json, application/x-jackson-smile, application/*+json]
03:13:59.672 [reactor-http-nio-4] DEBUG o.s.w.s.a.HttpWebHandlerAdapter - [9500335f-4] HTTP GET "/flux"
03:13:59.673 [reactor-http-nio-4] DEBUG o.s.w.r.f.s.s.RouterFunctionMapping - [9500335f-4] Mapped to org.springframework.web.reactive.function.server.DispatcherHandlerIntegrationTests$TestConfiguration$$Lambda$1011/1723340206@72a4015
03:13:59.674 [reactor-http-nio-4] DEBUG o.s.h.c.j.Jackson2JsonEncoder - [9500335f-4] Encoding [[Person{name='John'}, Person{name='Jane'}]]
03:13:59.676 [reactor-http-nio-4] DEBUG o.s.w.s.a.HttpWebHandlerAdapter - [9500335f-4] Completed 200 OK
03:13:59.678 [Test worker] DEBUG o.s.w.c.RestTemplate - Response 200 OK
03:13:59.678 [Test worker] DEBUG o.s.w.c.RestTemplate - Reading to [java.util.List<org.springframework.web.reactive.function.server.DispatcherHandlerIntegrationTests$Person>]
03:13:59.686 [Test worker] DEBUG o.s.w.t.h.s.r.b.ReactorHttpServer - Stopping ReactorHttpServer...
03:13:59.687 [Test worker] DEBUG o.s.w.t.h.s.r.b.ReactorHttpServer - Server stopped (0 millis).
03:13:59.793 [Test worker] DEBUG o.s.w.r.r.m.a.RequestMappingHandlerMapping - 1 mappings in 'requestMappingHandlerMapping'
03:13:59.871 [Test worker] DEBUG o.s.w.r.f.s.s.RouterFunctionMapping - 3 RouterFunction(s) in 'routerFunctionMapping'
03:13:59.926 [Test worker] DEBUG o.s.w.r.r.m.a.ControllerMethodResolver - ControllerAdvice beans: none
03:13:59.961 [Test worker] DEBUG o.s.w.s.a.HttpWebHandlerAdapter - enableLoggingRequestDetails='false': form data and headers will be masked to prevent unsafe logging of potentially sensitive data
03:13:59.963 [Test worker] DEBUG o.s.w.t.h.s.r.b.TomcatHttpServer - Starting TomcatHttpServer...
03:13:59.999 [Test worker] DEBUG o.s.w.t.h.s.r.b.TomcatHttpServer - Server started on port 61358(0 millis).
03:14:00.001 [Test worker] DEBUG o.s.w.c.RestTemplate - HTTP GET http://localhost:61358/flux
03:14:00.003 [Test worker] DEBUG o.s.w.c.RestTemplate - Accept=[application/json, application/x-jackson-smile, application/*+json]
03:14:00.161 [http-nio-auto-4-exec-1] DEBUG o.s.w.s.a.HttpWebHandlerAdapter - [12117156] HTTP GET "/flux"
03:14:00.161 [http-nio-auto-4-exec-1] DEBUG o.s.w.r.f.s.s.RouterFunctionMapping - [12117156] Mapped to org.springframework.web.reactive.function.server.DispatcherHandlerIntegrationTests$TestConfiguration$$Lambda$1011/1723340206@1cd68d64
03:14:00.163 [http-nio-auto-4-exec-1] DEBUG o.s.h.c.j.Jackson2JsonEncoder - [12117156] Encoding [[Person{name='John'}, Person{name='Jane'}]]
03:14:00.164 [http-nio-auto-4-exec-1] DEBUG o.s.w.s.a.HttpWebHandlerAdapter - [12117156] Completed 200 OK
03:14:00.167 [Test worker] DEBUG o.s.w.c.RestTemplate - Response 200 OK
03:14:00.167 [Test worker] DEBUG o.s.w.c.RestTemplate - Reading to [java.util.List<org.springframework.web.reactive.function.server.DispatcherHandlerIntegrationTests$Person>]
03:14:00.169 [Test worker] DEBUG o.s.w.t.h.s.r.b.TomcatHttpServer - Stopping TomcatHttpServer...
03:14:01.108 [Test worker] DEBUG o.s.w.t.h.s.r.b.TomcatHttpServer - Server stopped (0 millis).
03:14:01.167 [Test worker] DEBUG o.s.w.r.r.m.a.RequestMappingHandlerMapping - 1 mappings in 'requestMappingHandlerMapping'
03:14:01.193 [Test worker] DEBUG o.s.w.r.f.s.s.RouterFunctionMapping - 3 RouterFunction(s) in 'routerFunctionMapping'
03:14:01.208 [Test worker] DEBUG o.s.w.r.r.m.a.ControllerMethodResolver - ControllerAdvice beans: none
03:14:01.258 [Test worker] DEBUG o.s.w.s.a.HttpWebHandlerAdapter - enableLoggingRequestDetails='false': form data and headers will be masked to prevent unsafe logging of potentially sensitive data
03:14:01.259 [Test worker] DEBUG o.s.w.t.h.s.r.b.UndertowHttpServer - Starting UndertowHttpServer...
03:14:01.259 [Test worker] INFO  i.undertow - starting server: Undertow - 2.1.3.Final
03:14:01.267 [Test worker] DEBUG o.s.w.t.h.s.r.b.UndertowHttpServer - Server started on port 61402(0 millis).
03:14:01.269 [Test worker] DEBUG o.s.w.c.RestTemplate - HTTP GET http://localhost:61402/flux
03:14:01.270 [Test worker] DEBUG o.s.w.c.RestTemplate - Accept=[application/json, application/x-jackson-smile, application/*+json]
03:14:01.276 [XNIO-3 I/O-4] DEBUG o.s.w.s.a.HttpWebHandlerAdapter - [7c03a7b1] HTTP GET "/flux"
03:14:01.276 [XNIO-3 I/O-4] DEBUG o.s.w.r.f.s.s.RouterFunctionMapping - [7c03a7b1] Mapped to org.springframework.web.reactive.function.server.DispatcherHandlerIntegrationTests$TestConfiguration$$Lambda$1011/1723340206@20069d0
03:14:01.278 [XNIO-3 I/O-4] DEBUG o.s.h.c.j.Jackson2JsonEncoder - [7c03a7b1] Encoding [[Person{name='John'}, Person{name='Jane'}]]
03:14:01.285 [XNIO-3 I/O-4] DEBUG o.s.w.s.a.HttpWebHandlerAdapter - [7c03a7b1] Completed 200 OK
03:14:01.287 [Test worker] DEBUG o.s.w.c.RestTemplate - Response 200 OK
03:14:01.287 [Test worker] DEBUG o.s.w.c.RestTemplate - Reading to [java.util.List<org.springframework.web.reactive.function.server.DispatcherHandlerIntegrationTests$Person>]
03:14:01.288 [Test worker] DEBUG o.s.w.t.h.s.r.b.UndertowHttpServer - Stopping UndertowHttpServer...
03:14:01.289 [Test worker] INFO  i.undertow - stopping server: Undertow - 2.1.3.Final
03:14:01.294 [Test worker] DEBUG o.s.w.t.h.s.r.b.UndertowHttpServer - Server stopped (0 millis).
03:14:01.340 [Test worker] DEBUG o.s.w.r.r.m.a.RequestMappingHandlerMapping - 1 mappings in 'requestMappingHandlerMapping'
03:14:01.356 [Test worker] DEBUG o.s.w.r.f.s.s.RouterFunctionMapping - 3 RouterFunction(s) in 'routerFunctionMapping'
03:14:01.392 [Test worker] DEBUG o.s.w.r.r.m.a.ControllerMethodResolver - ControllerAdvice beans: none
03:14:01.425 [Test worker] DEBUG o.s.w.s.a.HttpWebHandlerAdapter - enableLoggingRequestDetails='false': form data and headers will be masked to prevent unsafe logging of potentially sensitive data
03:14:01.426 [Test worker] WARN  o.e.j.s.h.ContextHandler - Empty contextPath
03:14:01.426 [Test worker] INFO  o.e.j.s.h.ContextHandler - Started o.e.j.s.ServletContextHandler@6c1ca943{/,null,AVAILABLE}
03:14:01.427 [Test worker] DEBUG o.s.w.t.h.s.r.b.JettyHttpServer - Starting JettyHttpServer...
03:14:01.427 [Test worker] INFO  o.e.j.s.Server - jetty-9.4.31.v20200723; built: 2020-07-23T17:57:36.812Z; git: 450ba27947e13e66baa8cd1ce7e85a4461cacc1d; jvm 1.8.0_261-b12
03:14:01.439 [Test worker] INFO  o.e.j.s.AbstractConnector - Started ServerConnector@6328fe58{HTTP/1.1, (http/1.1)}{0.0.0.0:61404}
03:14:01.439 [Test worker] INFO  o.e.j.s.Server - Started @73051ms
03:14:01.440 [Test worker] DEBUG o.s.w.t.h.s.r.b.JettyHttpServer - Server started on port 61404(0 millis).
03:14:01.440 [Test worker] DEBUG o.s.w.c.RestTemplate - HTTP GET http://localhost:61404/mono
03:14:01.441 [Test worker] DEBUG o.s.w.c.RestTemplate - Accept=[application/json, application/x-jackson-smile, application/*+json]
03:14:01.448 [qtp934660566-222] DEBUG o.s.w.s.a.HttpWebHandlerAdapter - [51ed4e6d] HTTP GET "/mono"
03:14:01.448 [qtp934660566-222] DEBUG o.s.w.r.f.s.s.RouterFunctionMapping - [51ed4e6d] Mapped to org.springframework.web.reactive.function.server.DispatcherHandlerIntegrationTests$TestConfiguration$$Lambda$1010/905951792@5f2aaa20
03:14:01.450 [qtp934660566-222] DEBUG o.s.h.c.j.Jackson2JsonEncoder - [51ed4e6d] Encoding [Person{name='John'}]
03:14:01.451 [qtp934660566-222] DEBUG o.s.w.s.a.HttpWebHandlerAdapter - [51ed4e6d] Completed 200 OK
03:14:01.455 [Test worker] DEBUG o.s.w.c.RestTemplate - Response 200 OK
03:14:01.456 [Test worker] DEBUG o.s.w.c.RestTemplate - Reading to [org.springframework.web.reactive.function.server.DispatcherHandlerIntegrationTests$Person]
03:14:01.456 [Test worker] DEBUG o.s.w.t.h.s.r.b.JettyHttpServer - Stopping JettyHttpServer...
03:14:01.457 [Test worker] INFO  o.e.j.s.h.ContextHandler - Stopped o.e.j.s.ServletContextHandler@6c1ca943{/,null,UNAVAILABLE}
03:14:01.462 [Test worker] INFO  o.e.j.s.AbstractConnector - Stopped ServerConnector@6328fe58{HTTP/1.1, (http/1.1)}{0.0.0.0:0}
03:14:01.464 [Test worker] DEBUG o.s.w.t.h.s.r.b.JettyHttpServer - Server stopped (0 millis).
03:14:01.500 [Test worker] DEBUG o.s.w.r.r.m.a.RequestMappingHandlerMapping - 1 mappings in 'requestMappingHandlerMapping'
03:14:01.529 [Test worker] DEBUG o.s.w.r.f.s.s.RouterFunctionMapping - 3 RouterFunction(s) in 'routerFunctionMapping'
03:14:01.586 [Test worker] DEBUG o.s.w.r.r.m.a.ControllerMethodResolver - ControllerAdvice beans: none
03:14:01.629 [Test worker] DEBUG o.s.w.s.a.HttpWebHandlerAdapter - enableLoggingRequestDetails='false': form data and headers will be masked to prevent unsafe logging of potentially sensitive data
03:14:01.629 [Test worker] DEBUG o.s.w.t.h.s.r.b.ReactorHttpServer - Starting ReactorHttpServer...
03:14:01.633 [Test worker] DEBUG o.s.w.t.h.s.r.b.ReactorHttpServer - Server started on port 61410(0 millis).
03:14:01.633 [Test worker] DEBUG o.s.w.c.RestTemplate - HTTP GET http://localhost:61410/mono
03:14:01.635 [Test worker] DEBUG o.s.w.c.RestTemplate - Accept=[application/json, application/x-jackson-smile, application/*+json]
03:14:01.639 [reactor-http-nio-2] DEBUG o.s.w.s.a.HttpWebHandlerAdapter - [072cae69-5] HTTP GET "/mono"
03:14:01.639 [reactor-http-nio-2] DEBUG o.s.w.r.f.s.s.RouterFunctionMapping - [072cae69-5] Mapped to org.springframework.web.reactive.function.server.DispatcherHandlerIntegrationTests$TestConfiguration$$Lambda$1010/905951792@5deae6a2
03:14:01.641 [reactor-http-nio-2] DEBUG o.s.h.c.j.Jackson2JsonEncoder - [072cae69-5] Encoding [Person{name='John'}]
03:14:01.643 [reactor-http-nio-2] DEBUG o.s.w.s.a.HttpWebHandlerAdapter - [072cae69-5] Completed 200 OK
03:14:01.644 [Test worker] DEBUG o.s.w.c.RestTemplate - Response 200 OK
03:14:01.644 [Test worker] DEBUG o.s.w.c.RestTemplate - Reading to [org.springframework.web.reactive.function.server.DispatcherHandlerIntegrationTests$Person]
03:14:01.645 [Test worker] DEBUG o.s.w.t.h.s.r.b.ReactorHttpServer - Stopping ReactorHttpServer...
03:14:01.646 [Test worker] DEBUG o.s.w.t.h.s.r.b.ReactorHttpServer - Server stopped (0 millis).
03:14:01.707 [Test worker] DEBUG o.s.w.r.r.m.a.RequestMappingHandlerMapping - 1 mappings in 'requestMappingHandlerMapping'
03:14:01.718 [Test worker] DEBUG o.s.w.r.f.s.s.RouterFunctionMapping - 3 RouterFunction(s) in 'routerFunctionMapping'
03:14:01.746 [Test worker] DEBUG o.s.w.r.r.m.a.ControllerMethodResolver - ControllerAdvice beans: none
03:14:01.784 [Test worker] DEBUG o.s.w.s.a.HttpWebHandlerAdapter - enableLoggingRequestDetails='false': form data and headers will be masked to prevent unsafe logging of potentially sensitive data
03:14:01.785 [Test worker] DEBUG o.s.w.t.h.s.r.b.TomcatHttpServer - Starting TomcatHttpServer...
03:14:01.810 [Test worker] DEBUG o.s.w.t.h.s.r.b.TomcatHttpServer - Server started on port 61412(0 millis).
03:14:01.812 [Test worker] DEBUG o.s.w.c.RestTemplate - HTTP GET http://localhost:61412/mono
03:14:01.815 [Test worker] DEBUG o.s.w.c.RestTemplate - Accept=[application/json, application/x-jackson-smile, application/*+json]
03:14:01.878 [http-nio-auto-5-exec-10] DEBUG o.s.w.s.a.HttpWebHandlerAdapter - [4de84008] HTTP GET "/mono"
03:14:01.878 [http-nio-auto-5-exec-10] DEBUG o.s.w.r.f.s.s.RouterFunctionMapping - [4de84008] Mapped to org.springframework.web.reactive.function.server.DispatcherHandlerIntegrationTests$TestConfiguration$$Lambda$1010/905951792@432fa7c5
03:14:01.879 [http-nio-auto-5-exec-10] DEBUG o.s.h.c.j.Jackson2JsonEncoder - [4de84008] Encoding [Person{name='John'}]
03:14:01.881 [Test worker] DEBUG o.s.w.c.RestTemplate - Response 200 OK
03:14:01.881 [http-nio-auto-5-exec-10] DEBUG o.s.w.s.a.HttpWebHandlerAdapter - [4de84008] Completed 200 OK
03:14:01.881 [Test worker] DEBUG o.s.w.c.RestTemplate - Reading to [org.springframework.web.reactive.function.server.DispatcherHandlerIntegrationTests$Person]
03:14:01.883 [Test worker] DEBUG o.s.w.t.h.s.r.b.TomcatHttpServer - Stopping TomcatHttpServer...
03:14:02.360 [Test worker] DEBUG o.s.w.t.h.s.r.b.TomcatHttpServer - Server stopped (0 millis).
03:14:02.499 [Test worker] DEBUG o.s.w.r.r.m.a.RequestMappingHandlerMapping - 1 mappings in 'requestMappingHandlerMapping'
03:14:02.567 [Test worker] DEBUG o.s.w.r.f.s.s.RouterFunctionMapping - 3 RouterFunction(s) in 'routerFunctionMapping'
03:14:02.637 [Test worker] DEBUG o.s.w.r.r.m.a.ControllerMethodResolver - ControllerAdvice beans: none
03:14:02.736 [Test worker] DEBUG o.s.w.s.a.HttpWebHandlerAdapter - enableLoggingRequestDetails='false': form data and headers will be masked to prevent unsafe logging of potentially sensitive data
03:14:02.737 [Test worker] DEBUG o.s.w.t.h.s.r.b.UndertowHttpServer - Starting UndertowHttpServer...
03:14:02.737 [Test worker] INFO  i.undertow - starting server: Undertow - 2.1.3.Final
03:14:02.748 [Test worker] DEBUG o.s.w.t.h.s.r.b.UndertowHttpServer - Server started on port 61429(0 millis).
03:14:02.749 [Test worker] DEBUG o.s.w.c.RestTemplate - HTTP GET http://localhost:61429/mono
03:14:02.750 [Test worker] DEBUG o.s.w.c.RestTemplate - Accept=[application/json, application/x-jackson-smile, application/*+json]
03:14:02.760 [XNIO-4 I/O-3] DEBUG o.s.w.s.a.HttpWebHandlerAdapter - [53ac4862] HTTP GET "/mono"
03:14:02.760 [XNIO-4 I/O-3] DEBUG o.s.w.r.f.s.s.RouterFunctionMapping - [53ac4862] Mapped to org.springframework.web.reactive.function.server.DispatcherHandlerIntegrationTests$TestConfiguration$$Lambda$1010/905951792@5d6bac67
03:14:02.761 [XNIO-4 I/O-3] DEBUG o.s.h.c.j.Jackson2JsonEncoder - [53ac4862] Encoding [Person{name='John'}]
03:14:02.763 [XNIO-4 I/O-3] DEBUG o.s.w.s.a.HttpWebHandlerAdapter - [53ac4862] Completed 200 OK
03:14:02.763 [Test worker] DEBUG o.s.w.c.RestTemplate - Response 200 OK
03:14:02.764 [Test worker] DEBUG o.s.w.c.RestTemplate - Reading to [org.springframework.web.reactive.function.server.DispatcherHandlerIntegrationTests$Person]
03:14:02.765 [Test worker] DEBUG o.s.w.t.h.s.r.b.UndertowHttpServer - Stopping UndertowHttpServer...
03:14:02.765 [Test worker] INFO  i.undertow - stopping server: Undertow - 2.1.3.Final
03:14:02.769 [Test worker] DEBUG o.s.w.t.h.s.r.b.UndertowHttpServer - Server stopped (0 millis).
03:14:02.807 [Test worker] DEBUG o.s.w.r.r.m.a.RequestMappingHandlerMapping - 1 mappings in 'requestMappingHandlerMapping'
03:14:02.841 [Test worker] DEBUG o.s.w.r.f.s.s.RouterFunctionMapping - 3 RouterFunction(s) in 'routerFunctionMapping'
03:14:02.871 [Test worker] DEBUG o.s.w.r.r.m.a.ControllerMethodResolver - ControllerAdvice beans: none
03:14:02.926 [Test worker] DEBUG o.s.w.s.a.HttpWebHandlerAdapter - enableLoggingRequestDetails='false': form data and headers will be masked to prevent unsafe logging of potentially sensitive data
03:14:02.927 [Test worker] WARN  o.e.j.s.h.ContextHandler - Empty contextPath
03:14:02.928 [Test worker] INFO  o.e.j.s.h.ContextHandler - Started o.e.j.s.ServletContextHandler@5f4b21cf{/,null,AVAILABLE}
03:14:02.928 [Test worker] DEBUG o.s.w.t.h.s.r.b.JettyHttpServer - Starting JettyHttpServer...
03:14:02.929 [Test worker] INFO  o.e.j.s.Server - jetty-9.4.31.v20200723; built: 2020-07-23T17:57:36.812Z; git: 450ba27947e13e66baa8cd1ce7e85a4461cacc1d; jvm 1.8.0_261-b12
03:14:03.019 [Test worker] INFO  o.e.j.s.AbstractConnector - Started ServerConnector@7d249908{HTTP/1.1, (http/1.1)}{0.0.0.0:61431}
03:14:03.019 [Test worker] INFO  o.e.j.s.Server - Started @74631ms
03:14:03.019 [Test worker] DEBUG o.s.w.t.h.s.r.b.JettyHttpServer - Server started on port 61431(0 millis).
03:14:03.022 [Test worker] DEBUG o.s.w.c.RestTemplate - HTTP GET http://localhost:61431/attributes/bar
03:14:03.025 [Test worker] DEBUG o.s.w.c.RestTemplate - Accept=[text/plain, application/json, application/x-jackson-smile, application/*+json, */*]
03:14:03.035 [qtp1241349761-259] DEBUG o.s.w.s.a.HttpWebHandlerAdapter - [306f818c] HTTP GET "/attributes/bar"
03:14:03.045 [qtp1241349761-259] DEBUG o.s.w.r.f.s.s.RouterFunctionMapping - [306f818c] Mapped to org.springframework.web.reactive.function.server.DispatcherHandlerIntegrationTests$TestConfiguration$$Lambda$1012/504192616@76d3320e
03:14:03.046 [qtp1241349761-259] DEBUG o.s.w.s.a.HttpWebHandlerAdapter - [306f818c] Completed 200 OK
03:14:03.050 [Test worker] DEBUG o.s.w.c.RestTemplate - Response 200 OK
03:14:03.051 [Test worker] DEBUG o.s.w.t.h.s.r.b.JettyHttpServer - Stopping JettyHttpServer...
03:14:03.051 [Test worker] INFO  o.e.j.s.h.ContextHandler - Stopped o.e.j.s.ServletContextHandler@5f4b21cf{/,null,UNAVAILABLE}
03:14:03.056 [Test worker] INFO  o.e.j.s.AbstractConnector - Stopped ServerConnector@7d249908{HTTP/1.1, (http/1.1)}{0.0.0.0:0}
03:14:03.065 [Test worker] DEBUG o.s.w.t.h.s.r.b.JettyHttpServer - Server stopped (0 millis).
03:14:03.126 [Test worker] DEBUG o.s.w.r.r.m.a.RequestMappingHandlerMapping - 1 mappings in 'requestMappingHandlerMapping'
03:14:03.171 [Test worker] DEBUG o.s.w.r.f.s.s.RouterFunctionMapping - 3 RouterFunction(s) in 'routerFunctionMapping'
03:14:03.316 [Test worker] DEBUG o.s.w.r.r.m.a.ControllerMethodResolver - ControllerAdvice beans: none
03:14:03.379 [Test worker] DEBUG o.s.w.s.a.HttpWebHandlerAdapter - enableLoggingRequestDetails='false': form data and headers will be masked to prevent unsafe logging of potentially sensitive data
03:14:03.379 [Test worker] DEBUG o.s.w.t.h.s.r.b.ReactorHttpServer - Starting ReactorHttpServer...
03:14:03.478 [Test worker] DEBUG o.s.w.t.h.s.r.b.ReactorHttpServer - Server started on port 61453(0 millis).
03:14:03.479 [Test worker] DEBUG o.s.w.c.RestTemplate - HTTP GET http://localhost:61453/attributes/bar
03:14:03.479 [Test worker] DEBUG o.s.w.c.RestTemplate - Accept=[text/plain, application/json, application/x-jackson-smile, application/*+json, */*]
03:14:03.484 [reactor-http-nio-4] DEBUG o.s.w.s.a.HttpWebHandlerAdapter - [4f6a9a4f-6] HTTP GET "/attributes/bar"
03:14:03.485 [reactor-http-nio-4] DEBUG o.s.w.r.f.s.s.RouterFunctionMapping - [4f6a9a4f-6] Mapped to org.springframework.web.reactive.function.server.DispatcherHandlerIntegrationTests$TestConfiguration$$Lambda$1012/504192616@312f5508
03:14:03.485 [reactor-http-nio-4] DEBUG o.s.w.s.a.HttpWebHandlerAdapter - [4f6a9a4f-6] Completed 200 OK
03:14:03.487 [Test worker] DEBUG o.s.w.c.RestTemplate - Response 200 OK
03:14:03.487 [Test worker] DEBUG o.s.w.t.h.s.r.b.ReactorHttpServer - Stopping ReactorHttpServer...
03:14:03.487 [Test worker] DEBUG o.s.w.t.h.s.r.b.ReactorHttpServer - Server stopped (0 millis).
03:14:03.605 [Test worker] DEBUG o.s.w.r.r.m.a.RequestMappingHandlerMapping - 1 mappings in 'requestMappingHandlerMapping'
03:14:03.620 [Test worker] DEBUG o.s.w.r.f.s.s.RouterFunctionMapping - 3 RouterFunction(s) in 'routerFunctionMapping'
03:14:03.701 [Test worker] DEBUG o.s.w.r.r.m.a.ControllerMethodResolver - ControllerAdvice beans: none
03:14:03.936 [Test worker] DEBUG o.s.w.s.a.HttpWebHandlerAdapter - enableLoggingRequestDetails='false': form data and headers will be masked to prevent unsafe logging of potentially sensitive data
03:14:03.937 [Test worker] DEBUG o.s.w.t.h.s.r.b.TomcatHttpServer - Starting TomcatHttpServer...
03:14:04.017 [Test worker] DEBUG o.s.w.t.h.s.r.b.TomcatHttpServer - Server started on port 61455(0 millis).
03:14:04.023 [Test worker] DEBUG o.s.w.c.RestTemplate - HTTP GET http://localhost:61455/attributes/bar
03:14:04.059 [Test worker] DEBUG o.s.w.c.RestTemplate - Accept=[text/plain, application/json, application/x-jackson-smile, application/*+json, */*]
03:14:04.721 [http-nio-auto-6-exec-1] DEBUG o.s.w.s.a.HttpWebHandlerAdapter - [6e960057] HTTP GET "/attributes/bar"
03:14:04.722 [http-nio-auto-6-exec-1] DEBUG o.s.w.r.f.s.s.RouterFunctionMapping - [6e960057] Mapped to org.springframework.web.reactive.function.server.DispatcherHandlerIntegrationTests$TestConfiguration$$Lambda$1012/504192616@6051f3f5
03:14:04.723 [http-nio-auto-6-exec-1] DEBUG o.s.w.s.a.HttpWebHandlerAdapter - [6e960057] Completed 200 OK
03:14:04.724 [Test worker] DEBUG o.s.w.c.RestTemplate - Response 200 OK
03:14:04.725 [Test worker] DEBUG o.s.w.t.h.s.r.b.TomcatHttpServer - Stopping TomcatHttpServer...
03:14:05.202 [Test worker] DEBUG o.s.w.t.h.s.r.b.TomcatHttpServer - Server stopped (0 millis).
03:14:05.263 [Test worker] DEBUG o.s.w.r.r.m.a.RequestMappingHandlerMapping - 1 mappings in 'requestMappingHandlerMapping'
03:14:05.282 [Test worker] DEBUG o.s.w.r.f.s.s.RouterFunctionMapping - 3 RouterFunction(s) in 'routerFunctionMapping'
03:14:05.303 [Test worker] DEBUG o.s.w.r.r.m.a.ControllerMethodResolver - ControllerAdvice beans: none
03:14:05.339 [Test worker] DEBUG o.s.w.s.a.HttpWebHandlerAdapter - enableLoggingRequestDetails='false': form data and headers will be masked to prevent unsafe logging of potentially sensitive data
03:14:05.339 [Test worker] DEBUG o.s.w.t.h.s.r.b.UndertowHttpServer - Starting UndertowHttpServer...
03:14:05.339 [Test worker] INFO  i.undertow - starting server: Undertow - 2.1.3.Final
03:14:05.350 [Test worker] DEBUG o.s.w.t.h.s.r.b.UndertowHttpServer - Server started on port 61496(0 millis).
03:14:05.350 [Test worker] DEBUG o.s.w.c.RestTemplate - HTTP GET http://localhost:61496/attributes/bar
03:14:05.350 [Test worker] DEBUG o.s.w.c.RestTemplate - Accept=[text/plain, application/json, application/x-jackson-smile, application/*+json, */*]
03:14:05.353 [XNIO-5 I/O-4] DEBUG o.s.w.s.a.HttpWebHandlerAdapter - [7b3f8709] HTTP GET "/attributes/bar"
03:14:05.354 [XNIO-5 I/O-4] DEBUG o.s.w.r.f.s.s.RouterFunctionMapping - [7b3f8709] Mapped to org.springframework.web.reactive.function.server.DispatcherHandlerIntegrationTests$TestConfiguration$$Lambda$1012/504192616@75f8761e
03:14:05.354 [XNIO-5 I/O-4] DEBUG o.s.w.s.a.HttpWebHandlerAdapter - [7b3f8709] Completed 200 OK
03:14:05.355 [Test worker] DEBUG o.s.w.c.RestTemplate - Response 200 OK
03:14:05.355 [Test worker] DEBUG o.s.w.t.h.s.r.b.UndertowHttpServer - Stopping UndertowHttpServer...
03:14:05.355 [Test worker] INFO  i.undertow - stopping server: Undertow - 2.1.3.Final
03:14:05.359 [Test worker] DEBUG o.s.w.t.h.s.r.b.UndertowHttpServer - Server stopped (0 millis).
03:14:05.404 [Test worker] DEBUG o.s.w.r.r.m.a.RequestMappingHandlerMapping - 1 mappings in 'requestMappingHandlerMapping'
03:14:05.416 [Test worker] DEBUG o.s.w.r.f.s.s.RouterFunctionMapping - 3 RouterFunction(s) in 'routerFunctionMapping'
03:14:05.435 [Test worker] DEBUG o.s.w.r.r.m.a.ControllerMethodResolver - ControllerAdvice beans: none
03:14:05.480 [Test worker] DEBUG o.s.w.s.a.HttpWebHandlerAdapter - enableLoggingRequestDetails='false': form data and headers will be masked to prevent unsafe logging of potentially sensitive data
03:14:05.480 [Test worker] WARN  o.e.j.s.h.ContextHandler - Empty contextPath
03:14:05.483 [Test worker] INFO  o.e.j.s.h.ContextHandler - Started o.e.j.s.ServletContextHandler@2865dc06{/,null,AVAILABLE}
03:14:05.483 [Test worker] DEBUG o.s.w.t.h.s.r.b.JettyHttpServer - Starting JettyHttpServer...
03:14:05.484 [Test worker] INFO  o.e.j.s.Server - jetty-9.4.31.v20200723; built: 2020-07-23T17:57:36.812Z; git: 450ba27947e13e66baa8cd1ce7e85a4461cacc1d; jvm 1.8.0_261-b12
03:14:05.497 [Test worker] INFO  o.e.j.s.AbstractConnector - Started ServerConnector@1376d123{HTTP/1.1, (http/1.1)}{0.0.0.0:61498}
03:14:05.497 [Test worker] INFO  o.e.j.s.Server - Started @77109ms
03:14:05.497 [Test worker] DEBUG o.s.w.t.h.s.r.b.JettyHttpServer - Server started on port 61498(0 millis).
03:14:05.498 [Test worker] DEBUG o.s.w.c.RestTemplate - HTTP GET http://localhost:61498/controller
03:14:05.499 [Test worker] DEBUG o.s.w.c.RestTemplate - Accept=[application/json, application/x-jackson-smile, application/*+json]
03:14:05.502 [qtp1182104324-295] DEBUG o.s.w.s.a.HttpWebHandlerAdapter - [26ee5a85] HTTP GET "/controller"
03:14:05.506 [qtp1182104324-295] DEBUG o.s.w.r.r.m.a.RequestMappingHandlerMapping - [26ee5a85] Mapped to org.springframework.web.reactive.function.server.DispatcherHandlerIntegrationTests$PersonController#controller()
03:14:05.521 [qtp1182104324-295] DEBUG o.s.w.r.r.m.a.ResponseBodyResultHandler - Using 'application/json' given [application/json, application/x-jackson-smile, application/*+json] and supported [application/json, application/*+json, application/x-ndjson, application/x-jackson-smile, application/*+x-jackson-smile, text/event-stream]
03:14:05.521 [qtp1182104324-295] DEBUG o.s.w.r.r.m.a.ResponseBodyResultHandler - [26ee5a85] 0..1 [org.springframework.web.reactive.function.server.DispatcherHandlerIntegrationTests$Person]
03:14:05.522 [qtp1182104324-295] DEBUG o.s.h.c.j.Jackson2JsonEncoder - [26ee5a85] Encoding [Person{name='John'}]
03:14:05.523 [Test worker] DEBUG o.s.w.c.RestTemplate - Response 200 OK
03:14:05.523 [Test worker] DEBUG o.s.w.c.RestTemplate - Reading to [org.springframework.web.reactive.function.server.DispatcherHandlerIntegrationTests$Person]
03:14:05.523 [Test worker] DEBUG o.s.w.t.h.s.r.b.JettyHttpServer - Stopping JettyHttpServer...
03:14:05.524 [Test worker] INFO  o.e.j.s.h.ContextHandler - Stopped o.e.j.s.ServletContextHandler@2865dc06{/,null,UNAVAILABLE}
03:14:05.524 [qtp1182104324-295] DEBUG o.s.w.s.a.HttpWebHandlerAdapter - [26ee5a85] Completed 200 OK
03:14:05.527 [Test worker] INFO  o.e.j.s.AbstractConnector - Stopped ServerConnector@1376d123{HTTP/1.1, (http/1.1)}{0.0.0.0:0}
03:14:05.529 [Test worker] DEBUG o.s.w.t.h.s.r.b.JettyHttpServer - Server stopped (0 millis).
03:14:05.578 [Test worker] DEBUG o.s.w.r.r.m.a.RequestMappingHandlerMapping - 1 mappings in 'requestMappingHandlerMapping'
03:14:05.593 [Test worker] DEBUG o.s.w.r.f.s.s.RouterFunctionMapping - 3 RouterFunction(s) in 'routerFunctionMapping'
03:14:05.630 [Test worker] DEBUG o.s.w.r.r.m.a.ControllerMethodResolver - ControllerAdvice beans: none
03:14:05.649 [Test worker] DEBUG o.s.w.s.a.HttpWebHandlerAdapter - enableLoggingRequestDetails='false': form data and headers will be masked to prevent unsafe logging of potentially sensitive data
03:14:05.649 [Test worker] DEBUG o.s.w.t.h.s.r.b.ReactorHttpServer - Starting ReactorHttpServer...
03:14:05.649 [Test worker] DEBUG o.s.w.t.h.s.r.b.ReactorHttpServer - Server started on port 61504(0 millis).
03:14:05.649 [Test worker] DEBUG o.s.w.c.RestTemplate - HTTP GET http://localhost:61504/controller
03:14:05.649 [Test worker] DEBUG o.s.w.c.RestTemplate - Accept=[application/json, application/x-jackson-smile, application/*+json]
03:14:05.664 [reactor-http-nio-2] DEBUG o.s.w.s.a.HttpWebHandlerAdapter - [3b4bc1c1-7] HTTP GET "/controller"
03:14:05.664 [reactor-http-nio-2] DEBUG o.s.w.r.r.m.a.RequestMappingHandlerMapping - [3b4bc1c1-7] Mapped to org.springframework.web.reactive.function.server.DispatcherHandlerIntegrationTests$PersonController#controller()
03:14:05.664 [reactor-http-nio-2] DEBUG o.s.w.r.r.m.a.ResponseBodyResultHandler - Using 'application/json' given [application/json, application/x-jackson-smile, application/*+json] and supported [application/json, application/*+json, application/x-ndjson, application/x-jackson-smile, application/*+x-jackson-smile, text/event-stream]
03:14:05.664 [reactor-http-nio-2] DEBUG o.s.w.r.r.m.a.ResponseBodyResultHandler - [3b4bc1c1-7] 0..1 [org.springframework.web.reactive.function.server.DispatcherHandlerIntegrationTests$Person]
03:14:05.664 [reactor-http-nio-2] DEBUG o.s.h.c.j.Jackson2JsonEncoder - [3b4bc1c1-7] Encoding [Person{name='John'}]
03:14:05.664 [Test worker] DEBUG o.s.w.c.RestTemplate - Response 200 OK
03:14:05.664 [reactor-http-nio-2] DEBUG o.s.w.s.a.HttpWebHandlerAdapter - [3b4bc1c1-7] Completed 200 OK
03:14:05.664 [Test worker] DEBUG o.s.w.c.RestTemplate - Reading to [org.springframework.web.reactive.function.server.DispatcherHandlerIntegrationTests$Person]
03:14:05.664 [Test worker] DEBUG o.s.w.t.h.s.r.b.ReactorHttpServer - Stopping ReactorHttpServer...
03:14:05.664 [Test worker] DEBUG o.s.w.t.h.s.r.b.ReactorHttpServer - Server stopped (0 millis).
03:14:05.711 [Test worker] DEBUG o.s.w.r.r.m.a.RequestMappingHandlerMapping - 1 mappings in 'requestMappingHandlerMapping'
03:14:05.826 [Test worker] DEBUG o.s.w.r.f.s.s.RouterFunctionMapping - 3 RouterFunction(s) in 'routerFunctionMapping'
03:14:05.919 [Test worker] DEBUG o.s.w.r.r.m.a.ControllerMethodResolver - ControllerAdvice beans: none
03:14:06.028 [Test worker] DEBUG o.s.w.s.a.HttpWebHandlerAdapter - enableLoggingRequestDetails='false': form data and headers will be masked to prevent unsafe logging of potentially sensitive data
03:14:06.028 [Test worker] DEBUG o.s.w.t.h.s.r.b.TomcatHttpServer - Starting TomcatHttpServer...
03:14:06.075 [Test worker] DEBUG o.s.w.t.h.s.r.b.TomcatHttpServer - Server started on port 61506(0 millis).
03:14:06.075 [Test worker] DEBUG o.s.w.c.RestTemplate - HTTP GET http://localhost:61506/controller
03:14:06.075 [Test worker] DEBUG o.s.w.c.RestTemplate - Accept=[application/json, application/x-jackson-smile, application/*+json]
03:14:07.288 [http-nio-auto-7-exec-1] DEBUG o.s.w.s.a.HttpWebHandlerAdapter - [cffcde] HTTP GET "/controller"
03:14:07.289 [http-nio-auto-7-exec-1] DEBUG o.s.w.r.r.m.a.RequestMappingHandlerMapping - [cffcde] Mapped to org.springframework.web.reactive.function.server.DispatcherHandlerIntegrationTests$PersonController#controller()
03:14:07.291 [http-nio-auto-7-exec-1] DEBUG o.s.w.r.r.m.a.ResponseBodyResultHandler - Using 'application/json' given [application/json, application/x-jackson-smile, application/*+json] and supported [application/json, application/*+json, application/x-ndjson, application/x-jackson-smile, application/*+x-jackson-smile, text/event-stream]
03:14:07.291 [http-nio-auto-7-exec-1] DEBUG o.s.w.r.r.m.a.ResponseBodyResultHandler - [cffcde] 0..1 [org.springframework.web.reactive.function.server.DispatcherHandlerIntegrationTests$Person]
03:14:07.291 [http-nio-auto-7-exec-1] DEBUG o.s.h.c.j.Jackson2JsonEncoder - [cffcde] Encoding [Person{name='John'}]
03:14:07.293 [Test worker] DEBUG o.s.w.c.RestTemplate - Response 200 OK
03:14:07.293 [Test worker] DEBUG o.s.w.c.RestTemplate - Reading to [org.springframework.web.reactive.function.server.DispatcherHandlerIntegrationTests$Person]
03:14:07.294 [Test worker] DEBUG o.s.w.t.h.s.r.b.TomcatHttpServer - Stopping TomcatHttpServer...
03:14:07.299 [http-nio-auto-7-exec-1] DEBUG o.s.w.s.a.HttpWebHandlerAdapter - [cffcde] Completed 200 OK
03:14:08.484 [Test worker] DEBUG o.s.w.t.h.s.r.b.TomcatHttpServer - Server stopped (0 millis).
03:14:08.573 [Test worker] DEBUG o.s.w.r.r.m.a.RequestMappingHandlerMapping - 1 mappings in 'requestMappingHandlerMapping'
03:14:08.588 [Test worker] DEBUG o.s.w.r.f.s.s.RouterFunctionMapping - 3 RouterFunction(s) in 'routerFunctionMapping'
03:14:08.619 [Test worker] DEBUG o.s.w.r.r.m.a.ControllerMethodResolver - ControllerAdvice beans: none
03:14:08.675 [Test worker] DEBUG o.s.w.s.a.HttpWebHandlerAdapter - enableLoggingRequestDetails='false': form data and headers will be masked to prevent unsafe logging of potentially sensitive data
03:14:08.675 [Test worker] DEBUG o.s.w.t.h.s.r.b.UndertowHttpServer - Starting UndertowHttpServer...
03:14:08.676 [Test worker] INFO  i.undertow - starting server: Undertow - 2.1.3.Final
03:14:08.690 [Test worker] DEBUG o.s.w.t.h.s.r.b.UndertowHttpServer - Server started on port 61551(0 millis).
03:14:08.690 [Test worker] DEBUG o.s.w.c.RestTemplate - HTTP GET http://localhost:61551/controller
03:14:08.692 [Test worker] DEBUG o.s.w.c.RestTemplate - Accept=[application/json, application/x-jackson-smile, application/*+json]
03:14:08.698 [XNIO-6 I/O-1] DEBUG o.s.w.s.a.HttpWebHandlerAdapter - [444d3422] HTTP GET "/controller"
03:14:08.698 [XNIO-6 I/O-1] DEBUG o.s.w.r.r.m.a.RequestMappingHandlerMapping - [444d3422] Mapped to org.springframework.web.reactive.function.server.DispatcherHandlerIntegrationTests$PersonController#controller()
03:14:08.698 [XNIO-6 I/O-1] DEBUG o.s.w.r.r.m.a.ResponseBodyResultHandler - Using 'application/json' given [application/json, application/x-jackson-smile, application/*+json] and supported [application/json, application/*+json, application/x-ndjson, application/x-jackson-smile, application/*+x-jackson-smile, text/event-stream]
03:14:08.698 [XNIO-6 I/O-1] DEBUG o.s.w.r.r.m.a.ResponseBodyResultHandler - [444d3422] 0..1 [org.springframework.web.reactive.function.server.DispatcherHandlerIntegrationTests$Person]
03:14:08.698 [XNIO-6 I/O-1] DEBUG o.s.h.c.j.Jackson2JsonEncoder - [444d3422] Encoding [Person{name='John'}]
03:14:08.698 [Test worker] DEBUG o.s.w.c.RestTemplate - Response 200 OK
03:14:08.698 [XNIO-6 I/O-1] DEBUG o.s.w.s.a.HttpWebHandlerAdapter - [444d3422] Completed 200 OK
03:14:08.698 [Test worker] DEBUG o.s.w.c.RestTemplate - Reading to [org.springframework.web.reactive.function.server.DispatcherHandlerIntegrationTests$Person]
03:14:08.698 [Test worker] DEBUG o.s.w.t.h.s.r.b.UndertowHttpServer - Stopping UndertowHttpServer...
03:14:08.698 [Test worker] INFO  i.undertow - stopping server: Undertow - 2.1.3.Final
03:14:08.698 [Test worker] DEBUG o.s.w.t.h.s.r.b.UndertowHttpServer - Server stopped (0 millis).
]]></system-out>
  <system-err><![CDATA[]]></system-err>
</testsuite>
