<?xml version="1.0" encoding="UTF-8"?>
<testsuite name="org.springframework.web.reactive.result.view.freemarker.FreeMarkerMacroTests" tests="27" skipped="0" failures="0" errors="0" timestamp="2023-03-20T08:15:49" hostname="DESKTOP-VGJP1PJ" time="1.952">
  <properties/>
  <testcase name="formSingleSelectFromList()" classname="org.springframework.web.reactive.result.view.freemarker.FreeMarkerMacroTests" time="1.177"/>
  <testcase name="formInputText()" classname="org.springframework.web.reactive.result.view.freemarker.FreeMarkerMacroTests" time="0.028"/>
  <testcase name="formMultiSelect()" classname="org.springframework.web.reactive.result.view.freemarker.FreeMarkerMacroTests" time="0.028"/>
  <testcase name="formInputWithCss()" classname="org.springframework.web.reactive.result.view.freemarker.FreeMarkerMacroTests" time="0.02"/>
  <testcase name="formRadioButtons()" classname="org.springframework.web.reactive.result.view.freemarker.FreeMarkerMacroTests" time="0.037"/>
  <testcase name="springMacroRequestContextIsAutomaticallyExposedAsModelAttribute()" classname="org.springframework.web.reactive.result.view.freemarker.FreeMarkerMacroTests" time="0.084"/>
  <testcase name="defaultMessage()" classname="org.springframework.web.reactive.result.view.freemarker.FreeMarkerMacroTests" time="0.016"/>
  <testcase name="formCheckboxForStringArray()" classname="org.springframework.web.reactive.result.view.freemarker.FreeMarkerMacroTests" time="0.039"/>
  <testcase name="formInputPassword()" classname="org.springframework.web.reactive.result.view.freemarker.FreeMarkerMacroTests" time="0.028"/>
  <testcase name="formCheckboxForBooleanProperty()" classname="org.springframework.web.reactive.result.view.freemarker.FreeMarkerMacroTests" time="0.033"/>
  <testcase name="formCheckboxForStringProperty()" classname="org.springframework.web.reactive.result.view.freemarker.FreeMarkerMacroTests" time="0.024"/>
  <testcase name="messageArgs()" classname="org.springframework.web.reactive.result.view.freemarker.FreeMarkerMacroTests" time="0.032"/>
  <testcase name="formCheckboxForNestedPath()" classname="org.springframework.web.reactive.result.view.freemarker.FreeMarkerMacroTests" time="0.023"/>
  <testcase name="urlParams()" classname="org.springframework.web.reactive.result.view.freemarker.FreeMarkerMacroTests" time="0.021"/>
  <testcase name="age()" classname="org.springframework.web.reactive.result.view.freemarker.FreeMarkerMacroTests" time="0.012"/>
  <testcase name="url()" classname="org.springframework.web.reactive.result.view.freemarker.FreeMarkerMacroTests" time="0.01"/>
  <testcase name="name()" classname="org.springframework.web.reactive.result.view.freemarker.FreeMarkerMacroTests" time="0.013"/>
  <testcase name="formSingleSelectFromMap()" classname="org.springframework.web.reactive.result.view.freemarker.FreeMarkerMacroTests" time="0.016"/>
  <testcase name="formTextareaWithCustomRowsAndColumns()" classname="org.springframework.web.reactive.result.view.freemarker.FreeMarkerMacroTests" time="0.01"/>
  <testcase name="message()" classname="org.springframework.web.reactive.result.view.freemarker.FreeMarkerMacroTests" time="0.013"/>
  <testcase name="forInputWithNestedPath()" classname="org.springframework.web.reactive.result.view.freemarker.FreeMarkerMacroTests" time="0.011"/>
  <testcase name="formTextarea()" classname="org.springframework.web.reactive.result.view.freemarker.FreeMarkerMacroTests" time="0.033"/>
  <testcase name="messageArgsWithDefaultMessage()" classname="org.springframework.web.reactive.result.view.freemarker.FreeMarkerMacroTests" time="0.015"/>
  <testcase name="formPasswordInput()" classname="org.springframework.web.reactive.result.view.freemarker.FreeMarkerMacroTests" time="0.019"/>
  <testcase name="formHiddenInput()" classname="org.springframework.web.reactive.result.view.freemarker.FreeMarkerMacroTests" time="0.096"/>
  <testcase name="formInput()" classname="org.springframework.web.reactive.result.view.freemarker.FreeMarkerMacroTests" time="0.077"/>
  <testcase name="formInputHidden()" classname="org.springframework.web.reactive.result.view.freemarker.FreeMarkerMacroTests" time="0.016"/>
  <system-out><![CDATA[03:15:49.762 [Test worker] DEBUG o.s.w.r.r.v.f.FreeMarkerConfigurer - Template loader path [class path resource []] resolved to file path [F:\spring-framework-5.3.x\spring-framework-5.3.0-M2\spring-webflux\build\classes\java\test]
03:15:49.768 [Test worker] DEBUG o.s.w.r.r.v.f.FreeMarkerConfigurer - Template loader path [URL [file://C:/Users/radl/AppData/Local/Temp/]] resolved to file path [C:\Users\radl\AppData\Local\Temp]
03:15:50.335 [Test worker] DEBUG o.s.w.r.r.v.f.FreeMarkerView - [50c578e2] View name 'myView', model {command=Darren, springMacroRequestContext=org.springframework.web.reactive.result.view.DummyMacroRequestContext@56d40fa1, msgArgs=[Ljava.lang.Object;@202c56e3, nameOptionMap={Rob&Harrop=Rob Harrop, Darren=Darren Davison, John=John Doe, Fred=Fred Bloggs}, options=[Rob Harrop, Darren Davison, John Doe, Fred Bloggs]}
03:15:50.338 [Test worker] DEBUG o.s.w.r.r.v.f.FreeMarkerView - [50c578e2] Rendering [tmp.ftl]
03:15:50.939 [Test worker] DEBUG o.s.w.r.r.v.f.FreeMarkerConfigurer - Template loader path [class path resource []] resolved to file path [F:\spring-framework-5.3.x\spring-framework-5.3.0-M2\spring-webflux\build\classes\java\test]
03:15:50.939 [Test worker] DEBUG o.s.w.r.r.v.f.FreeMarkerConfigurer - Template loader path [URL [file://C:/Users/radl/AppData/Local/Temp/]] resolved to file path [C:\Users\radl\AppData\Local\Temp]
03:15:50.941 [Test worker] DEBUG o.s.w.r.r.v.f.FreeMarkerView - [3600f96f] View name 'myView', model {command=Darren, springMacroRequestContext=org.springframework.web.reactive.result.view.DummyMacroRequestContext@79d06b7b, msgArgs=[Ljava.lang.Object;@5717c13, nameOptionMap={Rob&Harrop=Rob Harrop, Darren=Darren Davison, John=John Doe, Fred=Fred Bloggs}, options=[Rob Harrop, Darren Davison, John Doe, Fred Bloggs]}
03:15:50.941 [Test worker] DEBUG o.s.w.r.r.v.f.FreeMarkerView - [3600f96f] Rendering [tmp.ftl]
03:15:50.968 [Test worker] DEBUG o.s.w.r.r.v.f.FreeMarkerConfigurer - Template loader path [class path resource []] resolved to file path [F:\spring-framework-5.3.x\spring-framework-5.3.0-M2\spring-webflux\build\classes\java\test]
03:15:50.968 [Test worker] DEBUG o.s.w.r.r.v.f.FreeMarkerConfigurer - Template loader path [URL [file://C:/Users/radl/AppData/Local/Temp/]] resolved to file path [C:\Users\radl\AppData\Local\Temp]
03:15:50.969 [Test worker] DEBUG o.s.w.r.r.v.f.FreeMarkerView - [50d69960] View name 'myView', model {command=Darren, springMacroRequestContext=org.springframework.web.reactive.result.view.DummyMacroRequestContext@777092d7, msgArgs=[Ljava.lang.Object;@28d517da, nameOptionMap={Rob&Harrop=Rob Harrop, Darren=Darren Davison, John=John Doe, Fred=Fred Bloggs}, options=[Rob Harrop, Darren Davison, John Doe, Fred Bloggs]}
03:15:50.970 [Test worker] DEBUG o.s.w.r.r.v.f.FreeMarkerView - [50d69960] Rendering [tmp.ftl]
03:15:50.997 [Test worker] DEBUG o.s.w.r.r.v.f.FreeMarkerConfigurer - Template loader path [class path resource []] resolved to file path [F:\spring-framework-5.3.x\spring-framework-5.3.0-M2\spring-webflux\build\classes\java\test]
03:15:50.997 [Test worker] DEBUG o.s.w.r.r.v.f.FreeMarkerConfigurer - Template loader path [URL [file://C:/Users/radl/AppData/Local/Temp/]] resolved to file path [C:\Users\radl\AppData\Local\Temp]
03:15:50.998 [Test worker] DEBUG o.s.w.r.r.v.f.FreeMarkerView - [40eb291d] View name 'myView', model {command=Darren, springMacroRequestContext=org.springframework.web.reactive.result.view.DummyMacroRequestContext@2091debf, msgArgs=[Ljava.lang.Object;@5c6f52db, nameOptionMap={Rob&Harrop=Rob Harrop, Darren=Darren Davison, John=John Doe, Fred=Fred Bloggs}, options=[Rob Harrop, Darren Davison, John Doe, Fred Bloggs]}
03:15:50.998 [Test worker] DEBUG o.s.w.r.r.v.f.FreeMarkerView - [40eb291d] Rendering [tmp.ftl]
03:15:51.017 [Test worker] DEBUG o.s.w.r.r.v.f.FreeMarkerConfigurer - Template loader path [class path resource []] resolved to file path [F:\spring-framework-5.3.x\spring-framework-5.3.0-M2\spring-webflux\build\classes\java\test]
03:15:51.017 [Test worker] DEBUG o.s.w.r.r.v.f.FreeMarkerConfigurer - Template loader path [URL [file://C:/Users/radl/AppData/Local/Temp/]] resolved to file path [C:\Users\radl\AppData\Local\Temp]
03:15:51.019 [Test worker] DEBUG o.s.w.r.r.v.f.FreeMarkerView - [587c3c3c] View name 'myView', model {command=Darren, springMacroRequestContext=org.springframework.web.reactive.result.view.DummyMacroRequestContext@5d40549f, msgArgs=[Ljava.lang.Object;@1928a67f, nameOptionMap={Rob&Harrop=Rob Harrop, Darren=Darren Davison, John=John Doe, Fred=Fred Bloggs}, options=[Rob Harrop, Darren Davison, John Doe, Fred Bloggs]}
03:15:51.019 [Test worker] DEBUG o.s.w.r.r.v.f.FreeMarkerView - [587c3c3c] Rendering [tmp.ftl]
03:15:51.055 [Test worker] DEBUG o.s.w.r.r.v.f.FreeMarkerConfigurer - Template loader path [class path resource []] resolved to file path [F:\spring-framework-5.3.x\spring-framework-5.3.0-M2\spring-webflux\build\classes\java\test]
03:15:51.055 [Test worker] DEBUG o.s.w.r.r.v.f.FreeMarkerConfigurer - Template loader path [URL [file://C:/Users/radl/AppData/Local/Temp/]] resolved to file path [C:\Users\radl\AppData\Local\Temp]
03:15:51.056 [Test worker] DEBUG o.s.w.r.r.v.f.FreeMarkerMacroTests$1 - [307600b9] View name 'myView', model {testBean=Dilbert}
03:15:51.056 [Test worker] DEBUG o.s.w.r.r.v.f.FreeMarkerMacroTests$1 - [307600b9] Rendering [tmp.ftl]
03:15:51.139 [Test worker] DEBUG o.s.w.r.r.v.f.FreeMarkerConfigurer - Template loader path [class path resource []] resolved to file path [F:\spring-framework-5.3.x\spring-framework-5.3.0-M2\spring-webflux\build\classes\java\test]
03:15:51.140 [Test worker] DEBUG o.s.w.r.r.v.f.FreeMarkerConfigurer - Template loader path [URL [file://C:/Users/radl/AppData/Local/Temp/]] resolved to file path [C:\Users\radl\AppData\Local\Temp]
03:15:51.141 [Test worker] DEBUG o.s.w.r.r.v.f.FreeMarkerView - [12c6f756] View name 'myView', model {command=Darren, springMacroRequestContext=org.springframework.web.reactive.result.view.DummyMacroRequestContext@2642397, msgArgs=[Ljava.lang.Object;@7fde3403, nameOptionMap={Rob&Harrop=Rob Harrop, Darren=Darren Davison, John=John Doe, Fred=Fred Bloggs}, options=[Rob Harrop, Darren Davison, John Doe, Fred Bloggs]}
03:15:51.141 [Test worker] DEBUG o.s.w.r.r.v.f.FreeMarkerView - [12c6f756] Rendering [tmp.ftl]
03:15:51.157 [Test worker] DEBUG o.s.w.r.r.v.f.FreeMarkerConfigurer - Template loader path [class path resource []] resolved to file path [F:\spring-framework-5.3.x\spring-framework-5.3.0-M2\spring-webflux\build\classes\java\test]
03:15:51.157 [Test worker] DEBUG o.s.w.r.r.v.f.FreeMarkerConfigurer - Template loader path [URL [file://C:/Users/radl/AppData/Local/Temp/]] resolved to file path [C:\Users\radl\AppData\Local\Temp]
03:15:51.158 [Test worker] DEBUG o.s.w.r.r.v.f.FreeMarkerView - [15d4b47c] View name 'myView', model {command=Darren, springMacroRequestContext=org.springframework.web.reactive.result.view.DummyMacroRequestContext@3e46b5e4, msgArgs=[Ljava.lang.Object;@3548e636, nameOptionMap={Rob&Harrop=Rob Harrop, Darren=Darren Davison, John=John Doe, Fred=Fred Bloggs}, options=[Rob Harrop, Darren Davison, John Doe, Fred Bloggs]}
03:15:51.158 [Test worker] DEBUG o.s.w.r.r.v.f.FreeMarkerView - [15d4b47c] Rendering [tmp.ftl]
03:15:51.198 [Test worker] DEBUG o.s.w.r.r.v.f.FreeMarkerConfigurer - Template loader path [class path resource []] resolved to file path [F:\spring-framework-5.3.x\spring-framework-5.3.0-M2\spring-webflux\build\classes\java\test]
03:15:51.198 [Test worker] DEBUG o.s.w.r.r.v.f.FreeMarkerConfigurer - Template loader path [URL [file://C:/Users/radl/AppData/Local/Temp/]] resolved to file path [C:\Users\radl\AppData\Local\Temp]
03:15:51.200 [Test worker] DEBUG o.s.w.r.r.v.f.FreeMarkerView - [59d7014b] View name 'myView', model {command=Darren, springMacroRequestContext=org.springframework.web.reactive.result.view.DummyMacroRequestContext@55bd906, msgArgs=[Ljava.lang.Object;@35455de7, nameOptionMap={Rob&Harrop=Rob Harrop, Darren=Darren Davison, John=John Doe, Fred=Fred Bloggs}, options=[Rob Harrop, Darren Davison, John Doe, Fred Bloggs]}
03:15:51.200 [Test worker] DEBUG o.s.w.r.r.v.f.FreeMarkerView - [59d7014b] Rendering [tmp.ftl]
03:15:51.226 [Test worker] DEBUG o.s.w.r.r.v.f.FreeMarkerConfigurer - Template loader path [class path resource []] resolved to file path [F:\spring-framework-5.3.x\spring-framework-5.3.0-M2\spring-webflux\build\classes\java\test]
03:15:51.226 [Test worker] DEBUG o.s.w.r.r.v.f.FreeMarkerConfigurer - Template loader path [URL [file://C:/Users/radl/AppData/Local/Temp/]] resolved to file path [C:\Users\radl\AppData\Local\Temp]
03:15:51.228 [Test worker] DEBUG o.s.w.r.r.v.f.FreeMarkerView - [75cf3ad0] View name 'myView', model {command=Darren, springMacroRequestContext=org.springframework.web.reactive.result.view.DummyMacroRequestContext@b607f1, msgArgs=[Ljava.lang.Object;@1ca71db3, nameOptionMap={Rob&Harrop=Rob Harrop, Darren=Darren Davison, John=John Doe, Fred=Fred Bloggs}, options=[Rob Harrop, Darren Davison, John Doe, Fred Bloggs]}
03:15:51.228 [Test worker] DEBUG o.s.w.r.r.v.f.FreeMarkerView - [75cf3ad0] Rendering [tmp.ftl]
03:15:51.261 [Test worker] DEBUG o.s.w.r.r.v.f.FreeMarkerConfigurer - Template loader path [class path resource []] resolved to file path [F:\spring-framework-5.3.x\spring-framework-5.3.0-M2\spring-webflux\build\classes\java\test]
03:15:51.261 [Test worker] DEBUG o.s.w.r.r.v.f.FreeMarkerConfigurer - Template loader path [URL [file://C:/Users/radl/AppData/Local/Temp/]] resolved to file path [C:\Users\radl\AppData\Local\Temp]
03:15:51.262 [Test worker] DEBUG o.s.w.r.r.v.f.FreeMarkerView - [26bd25c0] View name 'myView', model {command=Darren, springMacroRequestContext=org.springframework.web.reactive.result.view.DummyMacroRequestContext@3042b9ef, msgArgs=[Ljava.lang.Object;@3f7c63ab, nameOptionMap={Rob&Harrop=Rob Harrop, Darren=Darren Davison, John=John Doe, Fred=Fred Bloggs}, options=[Rob Harrop, Darren Davison, John Doe, Fred Bloggs]}
03:15:51.263 [Test worker] DEBUG o.s.w.r.r.v.f.FreeMarkerView - [26bd25c0] Rendering [tmp.ftl]
03:15:51.286 [Test worker] DEBUG o.s.w.r.r.v.f.FreeMarkerConfigurer - Template loader path [class path resource []] resolved to file path [F:\spring-framework-5.3.x\spring-framework-5.3.0-M2\spring-webflux\build\classes\java\test]
03:15:51.286 [Test worker] DEBUG o.s.w.r.r.v.f.FreeMarkerConfigurer - Template loader path [URL [file://C:/Users/radl/AppData/Local/Temp/]] resolved to file path [C:\Users\radl\AppData\Local\Temp]
03:15:51.287 [Test worker] DEBUG o.s.w.r.r.v.f.FreeMarkerView - [539dbb1c] View name 'myView', model {command=Darren, springMacroRequestContext=org.springframework.web.reactive.result.view.DummyMacroRequestContext@1fddedf0, msgArgs=[Ljava.lang.Object;@688fb153, nameOptionMap={Rob&Harrop=Rob Harrop, Darren=Darren Davison, John=John Doe, Fred=Fred Bloggs}, options=[Rob Harrop, Darren Davison, John Doe, Fred Bloggs]}
03:15:51.290 [Test worker] DEBUG o.s.w.r.r.v.f.FreeMarkerView - [539dbb1c] Rendering [tmp.ftl]
03:15:51.318 [Test worker] DEBUG o.s.w.r.r.v.f.FreeMarkerConfigurer - Template loader path [class path resource []] resolved to file path [F:\spring-framework-5.3.x\spring-framework-5.3.0-M2\spring-webflux\build\classes\java\test]
03:15:51.318 [Test worker] DEBUG o.s.w.r.r.v.f.FreeMarkerConfigurer - Template loader path [URL [file://C:/Users/radl/AppData/Local/Temp/]] resolved to file path [C:\Users\radl\AppData\Local\Temp]
03:15:51.330 [Test worker] DEBUG o.s.w.r.r.v.f.FreeMarkerView - [40689e37] View name 'myView', model {command=Darren, springMacroRequestContext=org.springframework.web.reactive.result.view.DummyMacroRequestContext@ba0554c, msgArgs=[Ljava.lang.Object;@5e6c7d7c, nameOptionMap={Rob&Harrop=Rob Harrop, Darren=Darren Davison, John=John Doe, Fred=Fred Bloggs}, options=[Rob Harrop, Darren Davison, John Doe, Fred Bloggs]}
03:15:51.330 [Test worker] DEBUG o.s.w.r.r.v.f.FreeMarkerView - [40689e37] Rendering [tmp.ftl]
03:15:51.343 [Test worker] DEBUG o.s.w.r.r.v.f.FreeMarkerConfigurer - Template loader path [class path resource []] resolved to file path [F:\spring-framework-5.3.x\spring-framework-5.3.0-M2\spring-webflux\build\classes\java\test]
03:15:51.343 [Test worker] DEBUG o.s.w.r.r.v.f.FreeMarkerConfigurer - Template loader path [URL [file://C:/Users/radl/AppData/Local/Temp/]] resolved to file path [C:\Users\radl\AppData\Local\Temp]
03:15:51.345 [Test worker] DEBUG o.s.w.r.r.v.f.FreeMarkerView - [353d927f] View name 'myView', model {command=Darren, springMacroRequestContext=org.springframework.web.reactive.result.view.DummyMacroRequestContext@5c665100, msgArgs=[Ljava.lang.Object;@4480c0ea, nameOptionMap={Rob&Harrop=Rob Harrop, Darren=Darren Davison, John=John Doe, Fred=Fred Bloggs}, options=[Rob Harrop, Darren Davison, John Doe, Fred Bloggs]}
03:15:51.345 [Test worker] DEBUG o.s.w.r.r.v.f.FreeMarkerView - [353d927f] Rendering [tmp.ftl]
03:15:51.363 [Test worker] DEBUG o.s.w.r.r.v.f.FreeMarkerConfigurer - Template loader path [class path resource []] resolved to file path [F:\spring-framework-5.3.x\spring-framework-5.3.0-M2\spring-webflux\build\classes\java\test]
03:15:51.363 [Test worker] DEBUG o.s.w.r.r.v.f.FreeMarkerConfigurer - Template loader path [URL [file://C:/Users/radl/AppData/Local/Temp/]] resolved to file path [C:\Users\radl\AppData\Local\Temp]
03:15:51.365 [Test worker] DEBUG o.s.w.r.r.v.f.FreeMarkerView - [a5b7a71] View name 'myView', model {command=Darren, springMacroRequestContext=org.springframework.web.reactive.result.view.DummyMacroRequestContext@2b7aa628, msgArgs=[Ljava.lang.Object;@7b3f5015, nameOptionMap={Rob&Harrop=Rob Harrop, Darren=Darren Davison, John=John Doe, Fred=Fred Bloggs}, options=[Rob Harrop, Darren Davison, John Doe, Fred Bloggs]}
03:15:51.365 [Test worker] DEBUG o.s.w.r.r.v.f.FreeMarkerView - [a5b7a71] Rendering [tmp.ftl]
03:15:51.376 [Test worker] DEBUG o.s.w.r.r.v.f.FreeMarkerConfigurer - Template loader path [class path resource []] resolved to file path [F:\spring-framework-5.3.x\spring-framework-5.3.0-M2\spring-webflux\build\classes\java\test]
03:15:51.376 [Test worker] DEBUG o.s.w.r.r.v.f.FreeMarkerConfigurer - Template loader path [URL [file://C:/Users/radl/AppData/Local/Temp/]] resolved to file path [C:\Users\radl\AppData\Local\Temp]
03:15:51.377 [Test worker] DEBUG o.s.w.r.r.v.f.FreeMarkerView - [66966edb] View name 'myView', model {command=Darren, springMacroRequestContext=org.springframework.web.reactive.result.view.DummyMacroRequestContext@5b281e63, msgArgs=[Ljava.lang.Object;@58a08d5a, nameOptionMap={Rob&Harrop=Rob Harrop, Darren=Darren Davison, John=John Doe, Fred=Fred Bloggs}, options=[Rob Harrop, Darren Davison, John Doe, Fred Bloggs]}
03:15:51.377 [Test worker] DEBUG o.s.w.r.r.v.f.FreeMarkerView - [66966edb] Rendering [tmp.ftl]
03:15:51.387 [Test worker] DEBUG o.s.w.r.r.v.f.FreeMarkerConfigurer - Template loader path [class path resource []] resolved to file path [F:\spring-framework-5.3.x\spring-framework-5.3.0-M2\spring-webflux\build\classes\java\test]
03:15:51.387 [Test worker] DEBUG o.s.w.r.r.v.f.FreeMarkerConfigurer - Template loader path [URL [file://C:/Users/radl/AppData/Local/Temp/]] resolved to file path [C:\Users\radl\AppData\Local\Temp]
03:15:51.388 [Test worker] DEBUG o.s.w.r.r.v.f.FreeMarkerView - [2cbbf214] View name 'myView', model {command=Darren, springMacroRequestContext=org.springframework.web.reactive.result.view.DummyMacroRequestContext@2a9c6aa, msgArgs=[Ljava.lang.Object;@397b9dbd, nameOptionMap={Rob&Harrop=Rob Harrop, Darren=Darren Davison, John=John Doe, Fred=Fred Bloggs}, options=[Rob Harrop, Darren Davison, John Doe, Fred Bloggs]}
03:15:51.388 [Test worker] DEBUG o.s.w.r.r.v.f.FreeMarkerView - [2cbbf214] Rendering [tmp.ftl]
03:15:51.400 [Test worker] DEBUG o.s.w.r.r.v.f.FreeMarkerConfigurer - Template loader path [class path resource []] resolved to file path [F:\spring-framework-5.3.x\spring-framework-5.3.0-M2\spring-webflux\build\classes\java\test]
03:15:51.400 [Test worker] DEBUG o.s.w.r.r.v.f.FreeMarkerConfigurer - Template loader path [URL [file://C:/Users/radl/AppData/Local/Temp/]] resolved to file path [C:\Users\radl\AppData\Local\Temp]
03:15:51.402 [Test worker] DEBUG o.s.w.r.r.v.f.FreeMarkerView - [ae9cdb6] View name 'myView', model {command=Darren, springMacroRequestContext=org.springframework.web.reactive.result.view.DummyMacroRequestContext@27a94c4d, msgArgs=[Ljava.lang.Object;@475e1201, nameOptionMap={Rob&Harrop=Rob Harrop, Darren=Darren Davison, John=John Doe, Fred=Fred Bloggs}, options=[Rob Harrop, Darren Davison, John Doe, Fred Bloggs]}
03:15:51.402 [Test worker] DEBUG o.s.w.r.r.v.f.FreeMarkerView - [ae9cdb6] Rendering [tmp.ftl]
03:15:51.415 [Test worker] DEBUG o.s.w.r.r.v.f.FreeMarkerConfigurer - Template loader path [class path resource []] resolved to file path [F:\spring-framework-5.3.x\spring-framework-5.3.0-M2\spring-webflux\build\classes\java\test]
03:15:51.416 [Test worker] DEBUG o.s.w.r.r.v.f.FreeMarkerConfigurer - Template loader path [URL [file://C:/Users/radl/AppData/Local/Temp/]] resolved to file path [C:\Users\radl\AppData\Local\Temp]
03:15:51.417 [Test worker] DEBUG o.s.w.r.r.v.f.FreeMarkerView - [203b3a57] View name 'myView', model {command=Darren, springMacroRequestContext=org.springframework.web.reactive.result.view.DummyMacroRequestContext@47d0974d, msgArgs=[Ljava.lang.Object;@a543a91, nameOptionMap={Rob&Harrop=Rob Harrop, Darren=Darren Davison, John=John Doe, Fred=Fred Bloggs}, options=[Rob Harrop, Darren Davison, John Doe, Fred Bloggs]}
03:15:51.417 [Test worker] DEBUG o.s.w.r.r.v.f.FreeMarkerView - [203b3a57] Rendering [tmp.ftl]
03:15:51.428 [Test worker] DEBUG o.s.w.r.r.v.f.FreeMarkerConfigurer - Template loader path [class path resource []] resolved to file path [F:\spring-framework-5.3.x\spring-framework-5.3.0-M2\spring-webflux\build\classes\java\test]
03:15:51.428 [Test worker] DEBUG o.s.w.r.r.v.f.FreeMarkerConfigurer - Template loader path [URL [file://C:/Users/radl/AppData/Local/Temp/]] resolved to file path [C:\Users\radl\AppData\Local\Temp]
03:15:51.429 [Test worker] DEBUG o.s.w.r.r.v.f.FreeMarkerView - [6ac50c3d] View name 'myView', model {command=Darren, springMacroRequestContext=org.springframework.web.reactive.result.view.DummyMacroRequestContext@1bfa3d1a, msgArgs=[Ljava.lang.Object;@77a63f27, nameOptionMap={Rob&Harrop=Rob Harrop, Darren=Darren Davison, John=John Doe, Fred=Fred Bloggs}, options=[Rob Harrop, Darren Davison, John Doe, Fred Bloggs]}
03:15:51.430 [Test worker] DEBUG o.s.w.r.r.v.f.FreeMarkerView - [6ac50c3d] Rendering [tmp.ftl]
03:15:51.441 [Test worker] DEBUG o.s.w.r.r.v.f.FreeMarkerConfigurer - Template loader path [class path resource []] resolved to file path [F:\spring-framework-5.3.x\spring-framework-5.3.0-M2\spring-webflux\build\classes\java\test]
03:15:51.441 [Test worker] DEBUG o.s.w.r.r.v.f.FreeMarkerConfigurer - Template loader path [URL [file://C:/Users/radl/AppData/Local/Temp/]] resolved to file path [C:\Users\radl\AppData\Local\Temp]
03:15:51.442 [Test worker] DEBUG o.s.w.r.r.v.f.FreeMarkerView - [65d25d57] View name 'myView', model {command=Darren, springMacroRequestContext=org.springframework.web.reactive.result.view.DummyMacroRequestContext@776b02d4, msgArgs=[Ljava.lang.Object;@3f13f186, nameOptionMap={Rob&Harrop=Rob Harrop, Darren=Darren Davison, John=John Doe, Fred=Fred Bloggs}, options=[Rob Harrop, Darren Davison, John Doe, Fred Bloggs]}
03:15:51.442 [Test worker] DEBUG o.s.w.r.r.v.f.FreeMarkerView - [65d25d57] Rendering [tmp.ftl]
03:15:51.453 [Test worker] DEBUG o.s.w.r.r.v.f.FreeMarkerConfigurer - Template loader path [class path resource []] resolved to file path [F:\spring-framework-5.3.x\spring-framework-5.3.0-M2\spring-webflux\build\classes\java\test]
03:15:51.453 [Test worker] DEBUG o.s.w.r.r.v.f.FreeMarkerConfigurer - Template loader path [URL [file://C:/Users/radl/AppData/Local/Temp/]] resolved to file path [C:\Users\radl\AppData\Local\Temp]
03:15:51.454 [Test worker] DEBUG o.s.w.r.r.v.f.FreeMarkerView - [8e208c3] View name 'myView', model {command=Darren, springMacroRequestContext=org.springframework.web.reactive.result.view.DummyMacroRequestContext@46965e28, msgArgs=[Ljava.lang.Object;@52e89d7c, nameOptionMap={Rob&Harrop=Rob Harrop, Darren=Darren Davison, John=John Doe, Fred=Fred Bloggs}, options=[Rob Harrop, Darren Davison, John Doe, Fred Bloggs]}
03:15:51.455 [Test worker] DEBUG o.s.w.r.r.v.f.FreeMarkerView - [8e208c3] Rendering [tmp.ftl]
03:15:51.487 [Test worker] DEBUG o.s.w.r.r.v.f.FreeMarkerConfigurer - Template loader path [class path resource []] resolved to file path [F:\spring-framework-5.3.x\spring-framework-5.3.0-M2\spring-webflux\build\classes\java\test]
03:15:51.487 [Test worker] DEBUG o.s.w.r.r.v.f.FreeMarkerConfigurer - Template loader path [URL [file://C:/Users/radl/AppData/Local/Temp/]] resolved to file path [C:\Users\radl\AppData\Local\Temp]
03:15:51.489 [Test worker] DEBUG o.s.w.r.r.v.f.FreeMarkerView - [43380253] View name 'myView', model {command=Darren, springMacroRequestContext=org.springframework.web.reactive.result.view.DummyMacroRequestContext@103b35c9, msgArgs=[Ljava.lang.Object;@4e49a6f7, nameOptionMap={Rob&Harrop=Rob Harrop, Darren=Darren Davison, John=John Doe, Fred=Fred Bloggs}, options=[Rob Harrop, Darren Davison, John Doe, Fred Bloggs]}
03:15:51.489 [Test worker] DEBUG o.s.w.r.r.v.f.FreeMarkerView - [43380253] Rendering [tmp.ftl]
03:15:51.503 [Test worker] DEBUG o.s.w.r.r.v.f.FreeMarkerConfigurer - Template loader path [class path resource []] resolved to file path [F:\spring-framework-5.3.x\spring-framework-5.3.0-M2\spring-webflux\build\classes\java\test]
03:15:51.503 [Test worker] DEBUG o.s.w.r.r.v.f.FreeMarkerConfigurer - Template loader path [URL [file://C:/Users/radl/AppData/Local/Temp/]] resolved to file path [C:\Users\radl\AppData\Local\Temp]
03:15:51.505 [Test worker] DEBUG o.s.w.r.r.v.f.FreeMarkerView - [31354825] View name 'myView', model {command=Darren, springMacroRequestContext=org.springframework.web.reactive.result.view.DummyMacroRequestContext@7a64ec98, msgArgs=[Ljava.lang.Object;@6ae7ad3a, nameOptionMap={Rob&Harrop=Rob Harrop, Darren=Darren Davison, John=John Doe, Fred=Fred Bloggs}, options=[Rob Harrop, Darren Davison, John Doe, Fred Bloggs]}
03:15:51.505 [Test worker] DEBUG o.s.w.r.r.v.f.FreeMarkerView - [31354825] Rendering [tmp.ftl]
03:15:51.526 [Test worker] DEBUG o.s.w.r.r.v.f.FreeMarkerConfigurer - Template loader path [class path resource []] resolved to file path [F:\spring-framework-5.3.x\spring-framework-5.3.0-M2\spring-webflux\build\classes\java\test]
03:15:51.526 [Test worker] DEBUG o.s.w.r.r.v.f.FreeMarkerConfigurer - Template loader path [URL [file://C:/Users/radl/AppData/Local/Temp/]] resolved to file path [C:\Users\radl\AppData\Local\Temp]
03:15:51.528 [Test worker] DEBUG o.s.w.r.r.v.f.FreeMarkerView - [3c99941a] View name 'myView', model {command=Darren, springMacroRequestContext=org.springframework.web.reactive.result.view.DummyMacroRequestContext@52a24578, msgArgs=[Ljava.lang.Object;@5e6167fe, nameOptionMap={Rob&Harrop=Rob Harrop, Darren=Darren Davison, John=John Doe, Fred=Fred Bloggs}, options=[Rob Harrop, Darren Davison, John Doe, Fred Bloggs]}
03:15:51.529 [Test worker] DEBUG o.s.w.r.r.v.f.FreeMarkerView - [3c99941a] Rendering [tmp.ftl]
03:15:51.620 [Test worker] DEBUG o.s.w.r.r.v.f.FreeMarkerConfigurer - Template loader path [class path resource []] resolved to file path [F:\spring-framework-5.3.x\spring-framework-5.3.0-M2\spring-webflux\build\classes\java\test]
03:15:51.620 [Test worker] DEBUG o.s.w.r.r.v.f.FreeMarkerConfigurer - Template loader path [URL [file://C:/Users/radl/AppData/Local/Temp/]] resolved to file path [C:\Users\radl\AppData\Local\Temp]
03:15:51.622 [Test worker] DEBUG o.s.w.r.r.v.f.FreeMarkerView - [6d222570] View name 'myView', model {command=Darren, springMacroRequestContext=org.springframework.web.reactive.result.view.DummyMacroRequestContext@304399d6, msgArgs=[Ljava.lang.Object;@cb315fe, nameOptionMap={Rob&Harrop=Rob Harrop, Darren=Darren Davison, John=John Doe, Fred=Fred Bloggs}, options=[Rob Harrop, Darren Davison, John Doe, Fred Bloggs]}
03:15:51.622 [Test worker] DEBUG o.s.w.r.r.v.f.FreeMarkerView - [6d222570] Rendering [tmp.ftl]
03:15:51.698 [Test worker] DEBUG o.s.w.r.r.v.f.FreeMarkerConfigurer - Template loader path [class path resource []] resolved to file path [F:\spring-framework-5.3.x\spring-framework-5.3.0-M2\spring-webflux\build\classes\java\test]
03:15:51.699 [Test worker] DEBUG o.s.w.r.r.v.f.FreeMarkerConfigurer - Template loader path [URL [file://C:/Users/radl/AppData/Local/Temp/]] resolved to file path [C:\Users\radl\AppData\Local\Temp]
03:15:51.700 [Test worker] DEBUG o.s.w.r.r.v.f.FreeMarkerView - [37677606] View name 'myView', model {command=Darren, springMacroRequestContext=org.springframework.web.reactive.result.view.DummyMacroRequestContext@2ba630e3, msgArgs=[Ljava.lang.Object;@1ef6ed1d, nameOptionMap={Rob&Harrop=Rob Harrop, Darren=Darren Davison, John=John Doe, Fred=Fred Bloggs}, options=[Rob Harrop, Darren Davison, John Doe, Fred Bloggs]}
03:15:51.700 [Test worker] DEBUG o.s.w.r.r.v.f.FreeMarkerView - [37677606] Rendering [tmp.ftl]
]]></system-out>
  <system-err><![CDATA[]]></system-err>
</testsuite>
