<?xml version="1.0" encoding="UTF-8"?>
<testsuite name="org.springframework.web.reactive.resource.PathResourceResolverTests" tests="9" skipped="0" failures="0" errors="0" timestamp="2023-03-20T08:19:55" hostname="DESKTOP-VGJP1PJ" time="0.025">
  <properties/>
  <testcase name="checkFileLocation()" classname="org.springframework.web.reactive.resource.PathResourceResolverTests" time="0.0"/>
  <testcase name="ignoreInvalidEscapeSequence()" classname="org.springframework.web.reactive.resource.PathResourceResolverTests" time="0.001"/>
  <testcase name="checkResourceWithAllowedLocations()" classname="org.springframework.web.reactive.resource.PathResourceResolverTests" time="0.002"/>
  <testcase name="resolveFromClasspathRoot()" classname="org.springframework.web.reactive.resource.PathResourceResolverTests" time="0.001"/>
  <testcase name="resolveFromClasspath()" classname="org.springframework.web.reactive.resource.PathResourceResolverTests" time="0.001"/>
  <testcase name="resolvePathRootResource()" classname="org.springframework.web.reactive.resource.PathResourceResolverTests" time="0.0"/>
  <testcase name="checkRelativeLocation()" classname="org.springframework.web.reactive.resource.PathResourceResolverTests" time="0.001"/>
  <testcase name="resolveWithEncodedPath()" classname="org.springframework.web.reactive.resource.PathResourceResolverTests" time="0.003"/>
  <testcase name="checkResource()" classname="org.springframework.web.reactive.resource.PathResourceResolverTests" time="0.011"/>
  <system-out><![CDATA[03:19:55.601 [Test worker] WARN  o.s.w.r.r.PathResourceResolver - Resource path "../testsecret/secret.txt" was successfully resolved but resource "file:/F:/spring-framework-5.3.x/spring-framework-5.3.0-M2/spring-webflux/build/resources/test/org/springframework/web/reactive/resource/testsecret/secret.txt" is neither under the current location "file:/F:/spring-framework-5.3.x/spring-framework-5.3.0-M2/spring-webflux/build/resources/test/org/springframework/web/reactive/resource/test/" nor under any of the allowed locations []
03:19:55.603 [Test worker] WARN  o.s.w.r.r.PathResourceResolver - Resource path "test/../../testsecret/secret.txt" was successfully resolved but resource "file:/F:/spring-framework-5.3.x/spring-framework-5.3.0-M2/spring-webflux/build/resources/test/org/springframework/web/reactive/resource/testsecret/secret.txt" is neither under the current location "file:/F:/spring-framework-5.3.x/spring-framework-5.3.0-M2/spring-webflux/build/resources/test/org/springframework/web/reactive/resource/test/" nor under any of the allowed locations []
03:19:55.604 [Test worker] WARN  o.s.w.r.r.PathResourceResolver - Resource path "file:/F:/spring-framework-5.3.x/spring-framework-5.3.0-M2/spring-webflux/build/resources/test/org/springframework/web/reactive/resource/testsecret/secret.txt" was successfully resolved but resource "file:/F:/spring-framework-5.3.x/spring-framework-5.3.0-M2/spring-webflux/build/resources/test/org/springframework/web/reactive/resource/testsecret/secret.txt" is neither under the current location "file:/F:/spring-framework-5.3.x/spring-framework-5.3.0-M2/spring-webflux/build/resources/test/org/springframework/web/reactive/resource/test/" nor under any of the allowed locations []
03:19:55.604 [Test worker] WARN  o.s.w.r.r.PathResourceResolver - Resource path "/file:/F:/spring-framework-5.3.x/spring-framework-5.3.0-M2/spring-webflux/build/resources/test/org/springframework/web/reactive/resource/testsecret/secret.txt" was successfully resolved but resource "file:/F:/spring-framework-5.3.x/spring-framework-5.3.0-M2/spring-webflux/build/resources/test/org/springframework/web/reactive/resource/testsecret/secret.txt" is neither under the current location "file:/F:/spring-framework-5.3.x/spring-framework-5.3.0-M2/spring-webflux/build/resources/test/org/springframework/web/reactive/resource/test/" nor under any of the allowed locations []
03:19:55.605 [Test worker] WARN  o.s.w.r.r.PathResourceResolver - Resource path "//F:/spring-framework-5.3.x/spring-framework-5.3.0-M2/spring-webflux/build/resources/test/org/springframework/web/reactive/resource/testsecret/secret.txt" was successfully resolved but resource "file:/F:/spring-framework-5.3.x/spring-framework-5.3.0-M2/spring-webflux/build/resources/test/org/springframework/web/reactive/resource/testsecret/secret.txt" is neither under the current location "file:/F:/spring-framework-5.3.x/spring-framework-5.3.0-M2/spring-webflux/build/resources/test/org/springframework/web/reactive/resource/test/" nor under any of the allowed locations []
03:19:55.606 [Test worker] WARN  o.s.w.r.r.PathResourceResolver - Resolved resource path contains encoded "../" or "..\": file:/F:/spring-framework-5.3.x/spring-framework-5.3.0-M2/spring-webflux/build/resources/test/org/springframework/web/reactive/resource/test/%2E%2E/testsecret/secret.txt
03:19:55.606 [Test worker] WARN  o.s.w.r.r.PathResourceResolver - Resource path "/%2E%2E/testsecret/secret.txt" was successfully resolved but resource "file:/F:/spring-framework-5.3.x/spring-framework-5.3.0-M2/spring-webflux/build/resources/test/org/springframework/web/reactive/resource/test/%2E%2E/testsecret/secret.txt" is neither under the current location "file:/F:/spring-framework-5.3.x/spring-framework-5.3.0-M2/spring-webflux/build/resources/test/org/springframework/web/reactive/resource/test/" nor under any of the allowed locations []
03:19:55.608 [Test worker] WARN  o.s.w.r.r.PathResourceResolver - Resolved resource path contains encoded "../" or "..\": file:/F:/spring-framework-5.3.x/spring-framework-5.3.0-M2/spring-webflux/build/resources/test/org/springframework/web/reactive/resource/test/%2e%2e/testsecret/secret.txt
03:19:55.608 [Test worker] WARN  o.s.w.r.r.PathResourceResolver - Resource path "/%2e%2e/testsecret/secret.txt" was successfully resolved but resource "file:/F:/spring-framework-5.3.x/spring-framework-5.3.0-M2/spring-webflux/build/resources/test/org/springframework/web/reactive/resource/test/%2e%2e/testsecret/secret.txt" is neither under the current location "file:/F:/spring-framework-5.3.x/spring-framework-5.3.0-M2/spring-webflux/build/resources/test/org/springframework/web/reactive/resource/test/" nor under any of the allowed locations []
03:19:55.609 [Test worker] WARN  o.s.w.r.r.PathResourceResolver - Resource path " /F:/spring-framework-5.3.x/spring-framework-5.3.0-M2/spring-webflux/build/resources/test/org/springframework/web/reactive/resource/testsecret/secret.txt" was successfully resolved but resource "file:/F:/spring-framework-5.3.x/spring-framework-5.3.0-M2/spring-webflux/build/resources/test/org/springframework/web/reactive/resource/testsecret/secret.txt" is neither under the current location "file:/F:/spring-framework-5.3.x/spring-framework-5.3.0-M2/spring-webflux/build/resources/test/org/springframework/web/reactive/resource/test/" nor under any of the allowed locations []
03:19:55.610 [Test worker] WARN  o.s.w.r.r.PathResourceResolver - Resource path "/  /F:/spring-framework-5.3.x/spring-framework-5.3.0-M2/spring-webflux/build/resources/test/org/springframework/web/reactive/resource/testsecret/secret.txt" was successfully resolved but resource "file:/F:/spring-framework-5.3.x/spring-framework-5.3.0-M2/spring-webflux/build/resources/test/org/springframework/web/reactive/resource/testsecret/secret.txt" is neither under the current location "file:/F:/spring-framework-5.3.x/spring-framework-5.3.0-M2/spring-webflux/build/resources/test/org/springframework/web/reactive/resource/test/" nor under any of the allowed locations []
03:19:55.611 [Test worker] WARN  o.s.w.r.r.PathResourceResolver - Resource path "url:/F:/spring-framework-5.3.x/spring-framework-5.3.0-M2/spring-webflux/build/resources/test/org/springframework/web/reactive/resource/testsecret/secret.txt" was successfully resolved but resource "file:/F:/spring-framework-5.3.x/spring-framework-5.3.0-M2/spring-webflux/build/resources/test/org/springframework/web/reactive/resource/testsecret/secret.txt" is neither under the current location "file:/F:/spring-framework-5.3.x/spring-framework-5.3.0-M2/spring-webflux/build/resources/test/org/springframework/web/reactive/resource/test/" nor under any of the allowed locations []
]]></system-out>
  <system-err><![CDATA[]]></system-err>
</testsuite>
