<?xml version="1.0" encoding="UTF-8"?>
<testsuite name="org.springframework.web.reactive.function.server.LocaleContextResolverIntegrationTests" tests="4" skipped="0" failures="0" errors="0" timestamp="2023-03-20T08:14:08" hostname="DESKTOP-VGJP1PJ" time="4.64">
  <properties/>
  <testcase name="fixedLocale(HttpServer)[1]" classname="org.springframework.web.reactive.function.server.LocaleContextResolverIntegrationTests" time="0.103"/>
  <testcase name="fixedLocale(HttpServer)[2]" classname="org.springframework.web.reactive.function.server.LocaleContextResolverIntegrationTests" time="0.049"/>
  <testcase name="fixedLocale(HttpServer)[3]" classname="org.springframework.web.reactive.function.server.LocaleContextResolverIntegrationTests" time="4.391"/>
  <testcase name="fixedLocale(HttpServer)[4]" classname="org.springframework.web.reactive.function.server.LocaleContextResolverIntegrationTests" time="0.091"/>
  <system-out><![CDATA[03:14:08.730 [Test worker] DEBUG o.s.w.s.a.HttpWebHandlerAdapter - enableLoggingRequestDetails='false': form data and headers will be masked to prevent unsafe logging of potentially sensitive data
03:14:08.730 [Test worker] WARN  o.e.j.s.h.ContextHandler - Empty contextPath
03:14:08.730 [Test worker] INFO  o.e.j.s.h.ContextHandler - Started o.e.j.s.ServletContextHandler@527e524{/,null,AVAILABLE}
03:14:08.730 [Test worker] DEBUG o.s.w.t.h.s.r.b.JettyHttpServer - Starting JettyHttpServer...
03:14:08.730 [Test worker] INFO  o.e.j.s.Server - jetty-9.4.31.v20200723; built: 2020-07-23T17:57:36.812Z; git: 450ba27947e13e66baa8cd1ce7e85a4461cacc1d; jvm 1.8.0_261-b12
03:14:08.761 [Test worker] INFO  o.e.j.s.AbstractConnector - Started ServerConnector@225d465c{HTTP/1.1, (http/1.1)}{0.0.0.0:61553}
03:14:08.761 [Test worker] INFO  o.e.j.s.Server - Started @80387ms
03:14:08.761 [Test worker] DEBUG o.s.w.t.h.s.r.b.JettyHttpServer - Server started on port 61553(0 millis).
03:14:08.776 [Test worker] DEBUG o.s.w.r.f.c.ExchangeFunctions - [4a5ccc8b] HTTP GET http://localhost:61553/
03:14:08.776 [qtp1872898767-331] DEBUG o.s.w.s.a.HttpWebHandlerAdapter - [6d33174e] HTTP GET "/"
03:14:08.792 [qtp1872898767-331] DEBUG o.s.w.s.a.HttpWebHandlerAdapter - [6d33174e] Completed 200 OK
03:14:08.792 [reactor-http-nio-3] DEBUG o.s.w.r.f.c.ExchangeFunctions - [4a5ccc8b] Response 200 OK
03:14:08.808 [Test worker] DEBUG o.s.w.t.h.s.r.b.JettyHttpServer - Stopping JettyHttpServer...
03:14:08.808 [Test worker] INFO  o.e.j.s.h.ContextHandler - Stopped o.e.j.s.ServletContextHandler@527e524{/,null,UNAVAILABLE}
03:14:08.808 [Test worker] INFO  o.e.j.s.AbstractConnector - Stopped ServerConnector@225d465c{HTTP/1.1, (http/1.1)}{0.0.0.0:0}
03:14:08.808 [Test worker] DEBUG o.s.w.t.h.s.r.b.JettyHttpServer - Server stopped (0 millis).
03:14:08.839 [Test worker] DEBUG o.s.w.s.a.HttpWebHandlerAdapter - enableLoggingRequestDetails='false': form data and headers will be masked to prevent unsafe logging of potentially sensitive data
03:14:08.854 [Test worker] DEBUG o.s.w.t.h.s.r.b.ReactorHttpServer - Starting ReactorHttpServer...
03:14:08.854 [Test worker] DEBUG o.s.w.t.h.s.r.b.ReactorHttpServer - Server started on port 61559(0 millis).
03:14:08.854 [Test worker] DEBUG o.s.w.r.f.c.ExchangeFunctions - [5cc23f64] HTTP GET http://localhost:61559/
03:14:08.854 [reactor-http-nio-2] DEBUG o.s.w.s.a.HttpWebHandlerAdapter - [8121297f-8] HTTP GET "/"
03:14:08.854 [reactor-http-nio-2] DEBUG o.s.w.s.a.HttpWebHandlerAdapter - [8121297f-8] Completed 200 OK
03:14:08.854 [reactor-http-nio-1] DEBUG o.s.w.r.f.c.ExchangeFunctions - [5cc23f64] Response 200 OK
03:14:08.854 [Test worker] DEBUG o.s.w.t.h.s.r.b.ReactorHttpServer - Stopping ReactorHttpServer...
03:14:08.854 [Test worker] DEBUG o.s.w.t.h.s.r.b.ReactorHttpServer - Server stopped (0 millis).
03:14:08.901 [Test worker] DEBUG o.s.w.s.a.HttpWebHandlerAdapter - enableLoggingRequestDetails='false': form data and headers will be masked to prevent unsafe logging of potentially sensitive data
03:14:08.901 [Test worker] DEBUG o.s.w.t.h.s.r.b.TomcatHttpServer - Starting TomcatHttpServer...
03:14:08.951 [Test worker] DEBUG o.s.w.t.h.s.r.b.TomcatHttpServer - Server started on port 61561(0 millis).
03:14:08.951 [Test worker] DEBUG o.s.w.r.f.c.ExchangeFunctions - [4ad0870d] HTTP GET http://localhost:61561/
03:14:12.376 [http-nio-auto-8-exec-10] DEBUG o.s.w.s.a.HttpWebHandlerAdapter - [66ab067c] HTTP GET "/"
03:14:12.377 [http-nio-auto-8-exec-10] DEBUG o.s.w.s.a.HttpWebHandlerAdapter - [66ab067c] Completed 200 OK
03:14:12.383 [reactor-http-nio-3] DEBUG o.s.w.r.f.c.ExchangeFunctions - [4ad0870d] Response 200 OK
03:14:12.384 [Test worker] DEBUG o.s.w.t.h.s.r.b.TomcatHttpServer - Stopping TomcatHttpServer...
03:14:13.259 [Test worker] DEBUG o.s.w.t.h.s.r.b.TomcatHttpServer - Server stopped (0 millis).
03:14:13.283 [Test worker] DEBUG o.s.w.s.a.HttpWebHandlerAdapter - enableLoggingRequestDetails='false': form data and headers will be masked to prevent unsafe logging of potentially sensitive data
03:14:13.283 [Test worker] DEBUG o.s.w.t.h.s.r.b.UndertowHttpServer - Starting UndertowHttpServer...
03:14:13.283 [Test worker] INFO  i.undertow - starting server: Undertow - 2.1.3.Final
03:14:13.310 [Test worker] DEBUG o.s.w.t.h.s.r.b.UndertowHttpServer - Server started on port 61593(0 millis).
03:14:13.311 [Test worker] DEBUG o.s.w.r.f.c.ExchangeFunctions - [1ca8d6af] HTTP GET http://localhost:61593/
03:14:13.340 [XNIO-7 I/O-4] DEBUG o.s.w.s.a.HttpWebHandlerAdapter - [1fc002e] HTTP GET "/"
03:14:13.340 [XNIO-7 I/O-4] DEBUG o.s.w.s.a.HttpWebHandlerAdapter - [1fc002e] Completed 200 OK
03:14:13.342 [reactor-http-nio-4] DEBUG o.s.w.r.f.c.ExchangeFunctions - [1ca8d6af] Response 200 OK
03:14:13.342 [Test worker] DEBUG o.s.w.t.h.s.r.b.UndertowHttpServer - Stopping UndertowHttpServer...
03:14:13.342 [Test worker] INFO  i.undertow - stopping server: Undertow - 2.1.3.Final
03:14:13.353 [Test worker] DEBUG o.s.w.t.h.s.r.b.UndertowHttpServer - Server stopped (0 millis).
]]></system-out>
  <system-err><![CDATA[]]></system-err>
</testsuite>
