<?xml version="1.0" encoding="UTF-8"?>
<testsuite name="org.springframework.web.reactive.resource.CssLinkResourceTransformerTests" tests="6" skipped="0" failures="0" errors="0" timestamp="2023-03-20T08:16:01" hostname="DESKTOP-VGJP1PJ" time="0.812">
  <properties/>
  <testcase name="transformSkippedForNonCssResource()" classname="org.springframework.web.reactive.resource.CssLinkResourceTransformerTests" time="0.463"/>
  <testcase name="transformEmptyUrlFunction()" classname="org.springframework.web.reactive.resource.CssLinkResourceTransformerTests" time="0.025"/>
  <testcase name="transformSkippedForGzippedResource(GzippedFiles)" classname="org.springframework.web.reactive.resource.CssLinkResourceTransformerTests" time="0.221"/>
  <testcase name="transformNoLinks()" classname="org.springframework.web.reactive.resource.CssLinkResourceTransformerTests" time="0.011"/>
  <testcase name="transformExtLinksNotAllowed()" classname="org.springframework.web.reactive.resource.CssLinkResourceTransformerTests" time="0.054"/>
  <testcase name="transform()" classname="org.springframework.web.reactive.resource.CssLinkResourceTransformerTests" time="0.036"/>
  <system-out><![CDATA[]]></system-out>
  <system-err><![CDATA[]]></system-err>
</testsuite>
