<?xml version="1.0" encoding="UTF-8"?>
<testsuite name="org.springframework.web.reactive.config.DelegatingWebFluxConfigurationIntegrationTests" tests="15" skipped="0" failures="0" errors="0" timestamp="2023-03-20T08:13:15" hostname="DESKTOP-VGJP1PJ" time="16.191">
  <properties/>
  <testcase name="responseEntityResultHandlerWithPrimaryUsesQualifiedRequestedContentTypeResolver()" classname="org.springframework.web.reactive.config.DelegatingWebFluxConfigurationIntegrationTests" time="9.008"/>
  <testcase name="responseBodyResultHandlerUsesWebFluxInfrastructureByDefault()" classname="org.springframework.web.reactive.config.DelegatingWebFluxConfigurationIntegrationTests" time="0.087"/>
  <testcase name="viewResolutionResultHandlerWithPrimaryUsesQualifiedReactiveAdapterRegistry()" classname="org.springframework.web.reactive.config.DelegatingWebFluxConfigurationIntegrationTests" time="0.255"/>
  <testcase name="responseBodyResultHandlerWithPrimaryUsesQualifiedRequestedContentTypeResolver()" classname="org.springframework.web.reactive.config.DelegatingWebFluxConfigurationIntegrationTests" time="0.14"/>
  <testcase name="responseEntityResultHandlerWithPrimaryUsesQualifiedReactiveAdapterRegistry()" classname="org.springframework.web.reactive.config.DelegatingWebFluxConfigurationIntegrationTests" time="0.26"/>
  <testcase name="viewResolutionResultHandlerUsesWebFluxInfrastructureByDefault()" classname="org.springframework.web.reactive.config.DelegatingWebFluxConfigurationIntegrationTests" time="0.283"/>
  <testcase name="requestMappingHandlerAdapterWithPrimaryUsesQualifiedReactiveAdapterRegistry()" classname="org.springframework.web.reactive.config.DelegatingWebFluxConfigurationIntegrationTests" time="0.178"/>
  <testcase name="responseEntityResultHandlerUsesWebFluxInfrastructureByDefault()" classname="org.springframework.web.reactive.config.DelegatingWebFluxConfigurationIntegrationTests" time="0.381"/>
  <testcase name="requestMappingHandlerAdapterUsesWebFluxInfrastructureByDefault()" classname="org.springframework.web.reactive.config.DelegatingWebFluxConfigurationIntegrationTests" time="0.335"/>
  <testcase name="requestMappingHandlerAdapterWithPrimaryUsesQualifiedValidator()" classname="org.springframework.web.reactive.config.DelegatingWebFluxConfigurationIntegrationTests" time="0.477"/>
  <testcase name="requestMappingHandlerMappingUsesWebFluxInfrastructureByDefault()" classname="org.springframework.web.reactive.config.DelegatingWebFluxConfigurationIntegrationTests" time="1.053"/>
  <testcase name="requestMappingHandlerAdapterWithPrimaryUsesQualifiedConversionService()" classname="org.springframework.web.reactive.config.DelegatingWebFluxConfigurationIntegrationTests" time="1.367"/>
  <testcase name="requestMappingHandlerMappingWithPrimaryUsesQualifiedRequestedContentTypeResolver()" classname="org.springframework.web.reactive.config.DelegatingWebFluxConfigurationIntegrationTests" time="0.52"/>
  <testcase name="viewResolutionResultHandlerWithPrimaryUsesQualifiedRequestedContentTypeResolver()" classname="org.springframework.web.reactive.config.DelegatingWebFluxConfigurationIntegrationTests" time="0.75"/>
  <testcase name="responseBodyResultHandlerWithPrimaryUsesQualifiedReactiveAdapterRegistry()" classname="org.springframework.web.reactive.config.DelegatingWebFluxConfigurationIntegrationTests" time="0.955"/>
  <system-out><![CDATA[03:13:22.020 [Test worker] WARN  o.s.h.c.j.Jackson2ObjectMapperBuilder - For Jackson Kotlin classes support please add "com.fasterxml.jackson.module:jackson-module-kotlin" to the classpath
03:13:23.074 [Test worker] INFO  o.h.v.i.u.Version - HV000001: Hibernate Validator 6.1.5.Final
03:13:24.392 [Test worker] DEBUG o.s.w.r.r.m.a.ControllerMethodResolver - ControllerAdvice beans: none
03:13:24.687 [Test worker] DEBUG o.s.w.r.r.m.a.ControllerMethodResolver - ControllerAdvice beans: none
03:13:24.935 [Test worker] DEBUG o.s.w.r.r.m.a.ControllerMethodResolver - ControllerAdvice beans: none
03:13:25.085 [Test worker] DEBUG o.s.w.r.r.m.a.ControllerMethodResolver - ControllerAdvice beans: none
03:13:25.243 [Test worker] DEBUG o.s.w.r.r.m.a.ControllerMethodResolver - ControllerAdvice beans: none
03:13:25.599 [Test worker] DEBUG o.s.w.r.r.m.a.ControllerMethodResolver - ControllerAdvice beans: none
03:13:25.768 [Test worker] DEBUG o.s.w.r.r.m.a.ControllerMethodResolver - ControllerAdvice beans: none
03:13:25.970 [Test worker] DEBUG o.s.w.r.r.m.a.ControllerMethodResolver - ControllerAdvice beans: none
03:13:26.472 [Test worker] DEBUG o.s.w.r.r.m.a.ControllerMethodResolver - ControllerAdvice beans: none
03:13:26.850 [Test worker] DEBUG o.s.w.r.r.m.a.ControllerMethodResolver - ControllerAdvice beans: none
03:13:27.951 [Test worker] DEBUG o.s.w.r.r.m.a.ControllerMethodResolver - ControllerAdvice beans: none
03:13:29.255 [Test worker] DEBUG o.s.w.r.r.m.a.ControllerMethodResolver - ControllerAdvice beans: none
03:13:29.905 [Test worker] DEBUG o.s.w.r.r.m.a.ControllerMethodResolver - ControllerAdvice beans: none
03:13:30.747 [Test worker] DEBUG o.s.w.r.r.m.a.ControllerMethodResolver - ControllerAdvice beans: none
03:13:31.466 [Test worker] DEBUG o.s.w.r.r.m.a.ControllerMethodResolver - ControllerAdvice beans: none
]]></system-out>
  <system-err><![CDATA[]]></system-err>
</testsuite>
