<?xml version="1.0" encoding="UTF-8"?>
<testsuite name="org.springframework.web.reactive.function.server.RouterFunctionTests" tests="4" skipped="0" failures="0" errors="0" timestamp="2023-03-20T08:16:00" hostname="DESKTOP-VGJP1PJ" time="0.013">
  <properties/>
  <testcase name="filter()" classname="org.springframework.web.reactive.function.server.RouterFunctionTests" time="0.006"/>
  <testcase name="andOther()" classname="org.springframework.web.reactive.function.server.RouterFunctionTests" time="0.004"/>
  <testcase name="andRoute()" classname="org.springframework.web.reactive.function.server.RouterFunctionTests" time="0.002"/>
  <testcase name="and()" classname="org.springframework.web.reactive.function.server.RouterFunctionTests" time="0.001"/>
  <system-out><![CDATA[]]></system-out>
  <system-err><![CDATA[]]></system-err>
</testsuite>
