<?xml version="1.0" encoding="UTF-8"?>
<testsuite name="org.springframework.web.reactive.function.server.RouterFunctionBuilderTests" tests="4" skipped="0" failures="0" errors="0" timestamp="2023-03-20T08:14:04" hostname="DESKTOP-VGJP1PJ" time="0.043">
  <properties/>
  <testcase name="resources()" classname="org.springframework.web.reactive.function.server.RouterFunctionBuilderTests" time="0.014"/>
  <testcase name="filters()" classname="org.springframework.web.reactive.function.server.RouterFunctionBuilderTests" time="0.013"/>
  <testcase name="nest()" classname="org.springframework.web.reactive.function.server.RouterFunctionBuilderTests" time="0.003"/>
  <testcase name="route()" classname="org.springframework.web.reactive.function.server.RouterFunctionBuilderTests" time="0.011"/>
  <system-out><![CDATA[]]></system-out>
  <system-err><![CDATA[]]></system-err>
</testsuite>
