<?xml version="1.0" encoding="UTF-8"?>
<testsuite name="org.springframework.web.reactive.result.view.AbstractViewTests" tests="1" skipped="0" failures="0" errors="0" timestamp="2023-03-20T08:14:42" hostname="DESKTOP-VGJP1PJ" time="0.087">
  <properties/>
  <testcase name="resolveAsyncAttributes()" classname="org.springframework.web.reactive.result.view.AbstractViewTests" time="0.087"/>
  <system-out><![CDATA[03:14:42.708 [Test worker] DEBUG o.s.w.r.r.v.AbstractViewTests$TestView - [321e778] View [TestView], model {attr5=MonoEmpty, attr2=FluxConcatMap, attr1=MonoDelayElement, attr4=io.reactivex.rxjava3.internal.operators.observable.ObservableFromArray@34173078, attr3=io.reactivex.rxjava3.internal.operators.single.SingleJust@2abf610b}
]]></system-out>
  <system-err><![CDATA[]]></system-err>
</testsuite>
