<?xml version="1.0" encoding="UTF-8"?>
<testsuite name="org.springframework.web.reactive.function.server.support.DispatcherHandlerIntegrationTests" tests="4" skipped="0" failures="0" errors="0" timestamp="2023-03-20T08:14:04" hostname="DESKTOP-VGJP1PJ" time="3.495">
  <properties/>
  <testcase name="nested(HttpServer)[1]" classname="org.springframework.web.reactive.function.server.support.DispatcherHandlerIntegrationTests" time="1.65"/>
  <testcase name="nested(HttpServer)[2]" classname="org.springframework.web.reactive.function.server.support.DispatcherHandlerIntegrationTests" time="0.295"/>
  <testcase name="nested(HttpServer)[3]" classname="org.springframework.web.reactive.function.server.support.DispatcherHandlerIntegrationTests" time="0.807"/>
  <testcase name="nested(HttpServer)[4]" classname="org.springframework.web.reactive.function.server.support.DispatcherHandlerIntegrationTests" time="0.671"/>
  <system-out><![CDATA[03:14:05.174 [Test worker] DEBUG o.s.w.r.f.s.s.RouterFunctionMapping - 1 RouterFunction(s) in 'routerFunctionMapping'
03:14:05.274 [Test worker] INFO  o.h.v.i.u.Version - HV000001: Hibernate Validator 6.1.5.Final
03:14:06.387 [Test worker] DEBUG o.s.w.r.r.m.a.ControllerMethodResolver - ControllerAdvice beans: none
03:14:06.449 [Test worker] DEBUG o.s.w.s.a.HttpWebHandlerAdapter - enableLoggingRequestDetails='false': form data and headers will be masked to prevent unsafe logging of potentially sensitive data
03:14:06.449 [Test worker] WARN  o.e.j.s.h.ContextHandler - Empty contextPath
03:14:06.449 [Test worker] INFO  o.e.j.s.h.ContextHandler - Started o.e.j.s.ServletContextHandler@3c9ee89{/,null,AVAILABLE}
03:14:06.449 [Test worker] DEBUG o.s.w.t.h.s.r.b.JettyHttpServer - Starting JettyHttpServer...
03:14:06.449 [Test worker] INFO  o.e.j.s.Server - jetty-9.4.31.v20200723; built: 2020-07-23T17:57:36.812Z; git: 450ba27947e13e66baa8cd1ce7e85a4461cacc1d; jvm 1.8.0_261-b12
03:14:06.465 [Test worker] INFO  o.e.j.s.AbstractConnector - Started ServerConnector@14bc228{HTTP/1.1, (http/1.1)}{0.0.0.0:61512}
03:14:06.465 [Test worker] INFO  o.e.j.s.Server - Started @78060ms
03:14:06.465 [Test worker] DEBUG o.s.w.t.h.s.r.b.JettyHttpServer - Server started on port 61512(0 millis).
03:14:06.465 [Test worker] DEBUG o.s.w.c.RestTemplate - HTTP GET http://localhost:61512/foo/bar
03:14:06.465 [Test worker] DEBUG o.s.w.c.RestTemplate - Accept=[text/plain, application/json, application/x-jackson-smile, application/*+json, */*]
03:14:06.481 [qtp939450416-351] DEBUG o.s.w.s.a.HttpWebHandlerAdapter - [70c444b3] HTTP GET "/foo/bar"
03:14:06.481 [qtp939450416-351] DEBUG o.s.w.r.f.s.s.RouterFunctionMapping - [70c444b3] Mapped to org.springframework.web.reactive.function.server.support.DispatcherHandlerIntegrationTests$TestConfiguration$$Lambda$1200/1419792105@6d8d9468
03:14:06.481 [qtp939450416-351] DEBUG o.s.w.s.a.HttpWebHandlerAdapter - [70c444b3] Completed 200 OK
03:14:06.481 [Test worker] DEBUG o.s.w.c.RestTemplate - Response 200 OK
03:14:06.481 [Test worker] DEBUG o.s.w.t.h.s.r.b.JettyHttpServer - Stopping JettyHttpServer...
03:14:06.481 [Test worker] INFO  o.e.j.s.h.ContextHandler - Stopped o.e.j.s.ServletContextHandler@3c9ee89{/,null,UNAVAILABLE}
03:14:06.481 [Test worker] INFO  o.e.j.s.AbstractConnector - Stopped ServerConnector@14bc228{HTTP/1.1, (http/1.1)}{0.0.0.0:0}
03:14:06.481 [Test worker] DEBUG o.s.w.t.h.s.r.b.JettyHttpServer - Server stopped (0 millis).
03:14:06.606 [Test worker] DEBUG o.s.w.r.f.s.s.RouterFunctionMapping - 1 RouterFunction(s) in 'routerFunctionMapping'
03:14:06.684 [Test worker] DEBUG o.s.w.r.r.m.a.ControllerMethodResolver - ControllerAdvice beans: none
03:14:06.793 [Test worker] DEBUG o.s.w.s.a.HttpWebHandlerAdapter - enableLoggingRequestDetails='false': form data and headers will be masked to prevent unsafe logging of potentially sensitive data
03:14:06.793 [Test worker] DEBUG o.s.w.t.h.s.r.b.ReactorHttpServer - Starting ReactorHttpServer...
03:14:06.793 [Test worker] DEBUG o.s.w.t.h.s.r.b.ReactorHttpServer - Server started on port 61518(0 millis).
03:14:06.793 [Test worker] DEBUG o.s.w.c.RestTemplate - HTTP GET http://localhost:61518/foo/bar
03:14:06.793 [Test worker] DEBUG o.s.w.c.RestTemplate - Accept=[text/plain, application/json, application/x-jackson-smile, application/*+json, */*]
03:14:06.809 [reactor-http-nio-2] DEBUG o.s.w.s.a.HttpWebHandlerAdapter - [b8ee42d5-7] HTTP GET "/foo/bar"
03:14:06.809 [reactor-http-nio-2] DEBUG o.s.w.r.f.s.s.RouterFunctionMapping - [b8ee42d5-7] Mapped to org.springframework.web.reactive.function.server.support.DispatcherHandlerIntegrationTests$TestConfiguration$$Lambda$1200/1419792105@60f28948
03:14:06.809 [reactor-http-nio-2] DEBUG o.s.w.s.a.HttpWebHandlerAdapter - [b8ee42d5-7] Completed 200 OK
03:14:06.809 [Test worker] DEBUG o.s.w.c.RestTemplate - Response 200 OK
03:14:06.809 [Test worker] DEBUG o.s.w.t.h.s.r.b.ReactorHttpServer - Stopping ReactorHttpServer...
03:14:06.809 [Test worker] DEBUG o.s.w.t.h.s.r.b.ReactorHttpServer - Server stopped (0 millis).
03:14:06.949 [Test worker] DEBUG o.s.w.r.f.s.s.RouterFunctionMapping - 1 RouterFunction(s) in 'routerFunctionMapping'
03:14:06.982 [Test worker] DEBUG o.s.w.r.r.m.a.ControllerMethodResolver - ControllerAdvice beans: none
03:14:07.028 [Test worker] DEBUG o.s.w.s.a.HttpWebHandlerAdapter - enableLoggingRequestDetails='false': form data and headers will be masked to prevent unsafe logging of potentially sensitive data
03:14:07.028 [Test worker] DEBUG o.s.w.t.h.s.r.b.TomcatHttpServer - Starting TomcatHttpServer...
03:14:07.085 [Test worker] DEBUG o.s.w.t.h.s.r.b.TomcatHttpServer - Server started on port 61520(0 millis).
03:14:07.086 [Test worker] DEBUG o.s.w.c.RestTemplate - HTTP GET http://localhost:61520/foo/bar
03:14:07.086 [Test worker] DEBUG o.s.w.c.RestTemplate - Accept=[text/plain, application/json, application/x-jackson-smile, application/*+json, */*]
03:14:07.112 [http-nio-auto-7-exec-1] DEBUG o.s.w.s.a.HttpWebHandlerAdapter - [49970852] HTTP GET "/foo/bar"
03:14:07.113 [http-nio-auto-7-exec-1] DEBUG o.s.w.r.f.s.s.RouterFunctionMapping - [49970852] Mapped to org.springframework.web.reactive.function.server.support.DispatcherHandlerIntegrationTests$TestConfiguration$$Lambda$1200/1419792105@4750ef10
03:14:07.115 [http-nio-auto-7-exec-1] DEBUG o.s.w.s.a.HttpWebHandlerAdapter - [49970852] Completed 200 OK
03:14:07.120 [Test worker] DEBUG o.s.w.c.RestTemplate - Response 200 OK
03:14:07.120 [Test worker] DEBUG o.s.w.t.h.s.r.b.TomcatHttpServer - Stopping TomcatHttpServer...
03:14:07.649 [Test worker] DEBUG o.s.w.t.h.s.r.b.TomcatHttpServer - Server stopped (0 millis).
03:14:07.851 [Test worker] DEBUG o.s.w.r.f.s.s.RouterFunctionMapping - 1 RouterFunction(s) in 'routerFunctionMapping'
03:14:08.096 [Test worker] DEBUG o.s.w.r.r.m.a.ControllerMethodResolver - ControllerAdvice beans: none
03:14:08.132 [Test worker] DEBUG o.s.w.s.a.HttpWebHandlerAdapter - enableLoggingRequestDetails='false': form data and headers will be masked to prevent unsafe logging of potentially sensitive data
03:14:08.133 [Test worker] DEBUG o.s.w.t.h.s.r.b.UndertowHttpServer - Starting UndertowHttpServer...
03:14:08.133 [Test worker] INFO  i.undertow - starting server: Undertow - 2.1.3.Final
03:14:08.254 [Test worker] DEBUG o.s.w.t.h.s.r.b.UndertowHttpServer - Server started on port 61538(0 millis).
03:14:08.255 [Test worker] DEBUG o.s.w.c.RestTemplate - HTTP GET http://localhost:61538/foo/bar
03:14:08.255 [Test worker] DEBUG o.s.w.c.RestTemplate - Accept=[text/plain, application/json, application/x-jackson-smile, application/*+json, */*]
03:14:08.329 [XNIO-7 I/O-4] DEBUG o.s.w.s.a.HttpWebHandlerAdapter - [6689dd5a] HTTP GET "/foo/bar"
03:14:08.329 [XNIO-7 I/O-4] DEBUG o.s.w.r.f.s.s.RouterFunctionMapping - [6689dd5a] Mapped to org.springframework.web.reactive.function.server.support.DispatcherHandlerIntegrationTests$TestConfiguration$$Lambda$1200/1419792105@684e2ffb
03:14:08.330 [XNIO-7 I/O-4] DEBUG o.s.w.s.a.HttpWebHandlerAdapter - [6689dd5a] Completed 200 OK
03:14:08.331 [Test worker] DEBUG o.s.w.c.RestTemplate - Response 200 OK
03:14:08.331 [Test worker] DEBUG o.s.w.t.h.s.r.b.UndertowHttpServer - Stopping UndertowHttpServer...
03:14:08.331 [Test worker] INFO  i.undertow - stopping server: Undertow - 2.1.3.Final
03:14:08.338 [Test worker] DEBUG o.s.w.t.h.s.r.b.UndertowHttpServer - Server stopped (0 millis).
]]></system-out>
  <system-err><![CDATA[]]></system-err>
</testsuite>
