<?xml version="1.0" encoding="UTF-8"?>
<testsuite name="org.springframework.web.reactive.result.method.annotation.JacksonStreamingIntegrationTests" tests="8" skipped="0" failures="0" errors="0" timestamp="2023-03-20T08:16:18" hostname="DESKTOP-VGJP1PJ" time="2.893">
  <properties/>
  <testcase name="smileStreaming(HttpServer)[1]" classname="org.springframework.web.reactive.result.method.annotation.JacksonStreamingIntegrationTests" time="0.321"/>
  <testcase name="smileStreaming(HttpServer)[2]" classname="org.springframework.web.reactive.result.method.annotation.JacksonStreamingIntegrationTests" time="0.276"/>
  <testcase name="smileStreaming(HttpServer)[3]" classname="org.springframework.web.reactive.result.method.annotation.JacksonStreamingIntegrationTests" time="0.559"/>
  <testcase name="smileStreaming(HttpServer)[4]" classname="org.springframework.web.reactive.result.method.annotation.JacksonStreamingIntegrationTests" time="0.304"/>
  <testcase name="jsonStreaming(HttpServer)[1]" classname="org.springframework.web.reactive.result.method.annotation.JacksonStreamingIntegrationTests" time="0.319"/>
  <testcase name="jsonStreaming(HttpServer)[2]" classname="org.springframework.web.reactive.result.method.annotation.JacksonStreamingIntegrationTests" time="0.265"/>
  <testcase name="jsonStreaming(HttpServer)[3]" classname="org.springframework.web.reactive.result.method.annotation.JacksonStreamingIntegrationTests" time="0.535"/>
  <testcase name="jsonStreaming(HttpServer)[4]" classname="org.springframework.web.reactive.result.method.annotation.JacksonStreamingIntegrationTests" time="0.307"/>
  <system-out><![CDATA[03:16:18.790 [Test worker] DEBUG o.s.w.r.r.m.a.RequestMappingHandlerMapping - 1 mappings in 'requestMappingHandlerMapping'
03:16:18.815 [Test worker] DEBUG o.s.w.r.r.m.a.ControllerMethodResolver - ControllerAdvice beans: none
03:16:18.843 [Test worker] DEBUG o.s.w.s.a.HttpWebHandlerAdapter - enableLoggingRequestDetails='false': form data and headers will be masked to prevent unsafe logging of potentially sensitive data
03:16:18.844 [Test worker] WARN  o.e.j.s.h.ContextHandler - Empty contextPath
03:16:18.844 [Test worker] INFO  o.e.j.s.h.ContextHandler - Started o.e.j.s.ServletContextHandler@2f9b3c81{/,null,AVAILABLE}
03:16:18.844 [Test worker] DEBUG o.s.w.t.h.s.r.b.JettyHttpServer - Starting JettyHttpServer...
03:16:18.844 [Test worker] INFO  o.e.j.s.Server - jetty-9.4.31.v20200723; built: 2020-07-23T17:57:36.812Z; git: 450ba27947e13e66baa8cd1ce7e85a4461cacc1d; jvm 1.8.0_261-b12
03:16:18.850 [Test worker] INFO  o.e.j.s.AbstractConnector - Started ServerConnector@5c621cab{HTTP/1.1, (http/1.1)}{0.0.0.0:64839}
03:16:18.850 [Test worker] INFO  o.e.j.s.Server - Started @80073ms
03:16:18.850 [Test worker] DEBUG o.s.w.t.h.s.r.b.JettyHttpServer - Server started on port 64839(0 millis).
03:16:18.852 [Test worker] DEBUG o.s.w.r.f.c.ExchangeFunctions - [74e2b2e0] HTTP GET http://localhost:64839/stream
03:16:18.858 [qtp1875380938-1476] DEBUG o.s.w.s.a.HttpWebHandlerAdapter - [6d3c6940] HTTP GET "/stream"
03:16:18.859 [qtp1875380938-1476] DEBUG o.s.w.r.r.m.a.RequestMappingHandlerMapping - [6d3c6940] Mapped to org.springframework.web.reactive.result.method.annotation.JacksonStreamingIntegrationTests$JacksonStreamingController#person()
03:16:18.861 [qtp1875380938-1476] DEBUG o.s.w.r.r.m.a.ResponseBodyResultHandler - Using 'application/stream+x-jackson-smile' given [application/stream+x-jackson-smile] and supported [application/stream+x-jackson-smile]
03:16:18.861 [qtp1875380938-1476] DEBUG o.s.w.r.r.m.a.ResponseBodyResultHandler - [6d3c6940] 0..N [org.springframework.web.reactive.result.method.annotation.JacksonStreamingIntegrationTests$Person]
03:16:18.988 [parallel-1] DEBUG o.s.h.c.j.Jackson2SmileEncoder - [6d3c6940] Encoding [Person{name='foo 0'}]
03:16:18.992 [reactor-http-nio-4] DEBUG o.s.w.r.f.c.ExchangeFunctions - [74e2b2e0] Response 200 OK
03:16:18.998 [reactor-http-nio-4] DEBUG o.s.h.c.j.Jackson2SmileDecoder - [74e2b2e0] Decoded [Person{name='foo 0'}]
03:16:19.074 [parallel-1] DEBUG o.s.h.c.j.Jackson2SmileEncoder - [6d3c6940] Encoding [Person{name='foo 1'}]
03:16:19.075 [reactor-http-nio-4] DEBUG o.s.h.c.j.Jackson2SmileDecoder - [74e2b2e0] Decoded [Person{name='foo 1'}]
03:16:19.076 [reactor-http-nio-4] DEBUG o.s.w.r.f.c.ExchangeFunctions - [74e2b2e0] Cancel signal (to close connection)
03:16:19.076 [Test worker] DEBUG o.s.w.t.h.s.r.b.JettyHttpServer - Stopping JettyHttpServer...
03:16:19.076 [Test worker] INFO  o.e.j.s.h.ContextHandler - Stopped o.e.j.s.ServletContextHandler@2f9b3c81{/,null,UNAVAILABLE}
03:16:19.079 [Test worker] INFO  o.e.j.s.AbstractConnector - Stopped ServerConnector@5c621cab{HTTP/1.1, (http/1.1)}{0.0.0.0:0}
03:16:19.082 [Test worker] DEBUG o.s.w.t.h.s.r.b.JettyHttpServer - Server stopped (0 millis).
03:16:19.100 [Test worker] DEBUG o.s.w.r.r.m.a.RequestMappingHandlerMapping - 1 mappings in 'requestMappingHandlerMapping'
03:16:19.126 [Test worker] DEBUG o.s.w.r.r.m.a.ControllerMethodResolver - ControllerAdvice beans: none
03:16:19.138 [Test worker] DEBUG o.s.w.s.a.HttpWebHandlerAdapter - enableLoggingRequestDetails='false': form data and headers will be masked to prevent unsafe logging of potentially sensitive data
03:16:19.138 [Test worker] DEBUG o.s.w.t.h.s.r.b.ReactorHttpServer - Starting ReactorHttpServer...
03:16:19.139 [Test worker] DEBUG o.s.w.t.h.s.r.b.ReactorHttpServer - Server started on port 64847(0 millis).
03:16:19.140 [Test worker] DEBUG o.s.w.r.f.c.ExchangeFunctions - [37e0c916] HTTP GET http://localhost:64847/stream
03:16:19.145 [reactor-http-nio-3] DEBUG o.s.w.s.a.HttpWebHandlerAdapter - [7f824fa9-19] HTTP GET "/stream"
03:16:19.145 [reactor-http-nio-3] DEBUG o.s.w.r.r.m.a.RequestMappingHandlerMapping - [7f824fa9-19] Mapped to org.springframework.web.reactive.result.method.annotation.JacksonStreamingIntegrationTests$JacksonStreamingController#person()
03:16:19.146 [reactor-http-nio-3] DEBUG o.s.w.r.r.m.a.ResponseBodyResultHandler - Using 'application/stream+x-jackson-smile' given [application/stream+x-jackson-smile] and supported [application/stream+x-jackson-smile]
03:16:19.146 [reactor-http-nio-3] DEBUG o.s.w.r.r.m.a.ResponseBodyResultHandler - [7f824fa9-19] 0..N [org.springframework.web.reactive.result.method.annotation.JacksonStreamingIntegrationTests$Person]
03:16:19.183 [parallel-1] DEBUG o.s.h.c.j.Jackson2SmileEncoder - [6d3c6940] Encoding [Person{name='foo 2'}]
03:16:19.249 [parallel-2] DEBUG o.s.h.c.j.Jackson2SmileEncoder - [7f824fa9-19] Encoding [Person{name='foo 0'}]
03:16:19.258 [reactor-http-nio-2] DEBUG o.s.w.r.f.c.ExchangeFunctions - [37e0c916] Response 200 OK
03:16:19.259 [reactor-http-nio-2] DEBUG o.s.h.c.j.Jackson2SmileDecoder - [37e0c916] Decoded [Person{name='foo 0'}]
03:16:19.279 [parallel-1] DEBUG o.s.h.c.j.Jackson2SmileEncoder - [6d3c6940] Encoding [Person{name='foo 3'}]
03:16:19.358 [parallel-2] DEBUG o.s.h.c.j.Jackson2SmileEncoder - [7f824fa9-19] Encoding [Person{name='foo 1'}]
03:16:19.360 [reactor-http-nio-2] DEBUG o.s.h.c.j.Jackson2SmileDecoder - [37e0c916] Decoded [Person{name='foo 1'}]
03:16:19.360 [reactor-http-nio-2] DEBUG o.s.w.r.f.c.ExchangeFunctions - [37e0c916] Cancel signal (to close connection)
03:16:19.360 [Test worker] DEBUG o.s.w.t.h.s.r.b.ReactorHttpServer - Stopping ReactorHttpServer...
03:16:19.360 [reactor-http-nio-3] DEBUG o.s.w.s.a.HttpWebHandlerAdapter - [7f824fa9-19] Completed 200 OK
03:16:19.361 [Test worker] DEBUG o.s.w.t.h.s.r.b.ReactorHttpServer - Server stopped (0 millis).
03:16:19.369 [Test worker] DEBUG o.s.w.r.r.m.a.RequestMappingHandlerMapping - 1 mappings in 'requestMappingHandlerMapping'
03:16:19.394 [Test worker] DEBUG o.s.w.r.r.m.a.ControllerMethodResolver - ControllerAdvice beans: none
03:16:19.406 [Test worker] DEBUG o.s.w.s.a.HttpWebHandlerAdapter - enableLoggingRequestDetails='false': form data and headers will be masked to prevent unsafe logging of potentially sensitive data
03:16:19.408 [Test worker] DEBUG o.s.w.t.h.s.r.b.TomcatHttpServer - Starting TomcatHttpServer...
03:16:19.419 [Test worker] DEBUG o.s.w.t.h.s.r.b.TomcatHttpServer - Server started on port 64849(0 millis).
03:16:19.420 [Test worker] DEBUG o.s.w.r.f.c.ExchangeFunctions - [2dc58f88] HTTP GET http://localhost:64849/stream
03:16:19.430 [http-nio-auto-18-exec-1] DEBUG o.s.w.s.a.HttpWebHandlerAdapter - [3f707d7b] HTTP GET "/stream"
03:16:19.430 [http-nio-auto-18-exec-1] DEBUG o.s.w.r.r.m.a.RequestMappingHandlerMapping - [3f707d7b] Mapped to org.springframework.web.reactive.result.method.annotation.JacksonStreamingIntegrationTests$JacksonStreamingController#person()
03:16:19.432 [http-nio-auto-18-exec-1] DEBUG o.s.w.r.r.m.a.ResponseBodyResultHandler - Using 'application/stream+x-jackson-smile' given [application/stream+x-jackson-smile] and supported [application/stream+x-jackson-smile]
03:16:19.432 [http-nio-auto-18-exec-1] DEBUG o.s.w.r.r.m.a.ResponseBodyResultHandler - [3f707d7b] 0..N [org.springframework.web.reactive.result.method.annotation.JacksonStreamingIntegrationTests$Person]
03:16:19.547 [parallel-3] DEBUG o.s.h.c.j.Jackson2SmileEncoder - [3f707d7b] Encoding [Person{name='foo 0'}]
03:16:19.551 [reactor-http-nio-4] DEBUG o.s.w.r.f.c.ExchangeFunctions - [2dc58f88] Response 200 OK
03:16:19.551 [reactor-http-nio-4] DEBUG o.s.h.c.j.Jackson2SmileDecoder - [2dc58f88] Decoded [Person{name='foo 0'}]
03:16:19.643 [parallel-3] DEBUG o.s.h.c.j.Jackson2SmileEncoder - [3f707d7b] Encoding [Person{name='foo 1'}]
03:16:19.647 [reactor-http-nio-4] DEBUG o.s.h.c.j.Jackson2SmileDecoder - [2dc58f88] Decoded [Person{name='foo 1'}]
03:16:19.647 [reactor-http-nio-4] DEBUG o.s.w.r.f.c.ExchangeFunctions - [2dc58f88] Cancel signal (to close connection)
03:16:19.652 [Test worker] DEBUG o.s.w.t.h.s.r.b.TomcatHttpServer - Stopping TomcatHttpServer...
03:16:19.745 [parallel-3] DEBUG o.s.h.c.j.Jackson2SmileEncoder - [3f707d7b] Encoding [Person{name='foo 2'}]
03:16:19.843 [parallel-3] DEBUG o.s.h.c.j.Jackson2SmileEncoder - [3f707d7b] Encoding [Person{name='foo 3'}]
03:16:19.852 [http-nio-auto-18-exec-2] ERROR o.s.w.s.a.HttpWebHandlerAdapter - [3f707d7b] Error [java.io.IOException: An established connection was aborted by the software in your host machine] for HTTP GET "/stream", but ServerHttpResponse already committed (200 OK)
03:16:19.854 [http-nio-auto-18-exec-2] ERROR r.c.p.Operators - Operator called default onErrorDropped
java.lang.UnsupportedOperationException: The dispatcher returned from the ServletContext does not support asynchronous dispatching
	at org.apache.catalina.core.AsyncContextImpl.dispatch(AsyncContextImpl.java:203) ~[tomcat-embed-core-9.0.37.jar:9.0.37]
	at org.apache.catalina.core.AsyncContextImpl.dispatch(AsyncContextImpl.java:179) ~[tomcat-embed-core-9.0.37.jar:9.0.37]
	at org.apache.catalina.core.AsyncContextImpl.dispatch(AsyncContextImpl.java:173) ~[tomcat-embed-core-9.0.37.jar:9.0.37]
	at org.springframework.http.server.reactive.ServletHttpHandlerAdapter$HandlerResultSubscriber.lambda$onError$0(ServletHttpHandlerAdapter.java:313) ~[spring-web-5.3.0-M2.jar:5.3.0-M2]
	at org.springframework.http.server.reactive.ServletHttpHandlerAdapter.runIfAsyncNotComplete(ServletHttpHandlerAdapter.java:232) ~[spring-web-5.3.0-M2.jar:5.3.0-M2]
	at org.springframework.http.server.reactive.ServletHttpHandlerAdapter.access$100(ServletHttpHandlerAdapter.java:58) ~[spring-web-5.3.0-M2.jar:5.3.0-M2]
	at org.springframework.http.server.reactive.ServletHttpHandlerAdapter$HandlerResultSubscriber.onError(ServletHttpHandlerAdapter.java:309) ~[spring-web-5.3.0-M2.jar:5.3.0-M2]
	at reactor.core.publisher.StrictSubscriber.onError(StrictSubscriber.java:106) [reactor-core-3.4.0-M2.jar:?]
	at reactor.core.publisher.Operators$MonoSubscriber.onError(Operators.java:1829) [reactor-core-3.4.0-M2.jar:?]
	at reactor.core.publisher.MonoIgnoreThen$ThenIgnoreInner.onError(MonoIgnoreThen.java:243) [reactor-core-3.4.0-M2.jar:?]
	at reactor.core.publisher.FluxOnErrorResume$ResumeSubscriber.onError(FluxOnErrorResume.java:106) [reactor-core-3.4.0-M2.jar:?]
	at reactor.core.publisher.Operators.error(Operators.java:196) [reactor-core-3.4.0-M2.jar:?]
	at reactor.core.publisher.MonoError.subscribe(MonoError.java:52) ~[reactor-core-3.4.0-M2.jar:?]
	at reactor.core.publisher.Mono.subscribe(Mono.java:3892) [reactor-core-3.4.0-M2.jar:?]
	at reactor.core.publisher.FluxOnErrorResume$ResumeSubscriber.onError(FluxOnErrorResume.java:103) [reactor-core-3.4.0-M2.jar:?]
	at reactor.core.publisher.MonoPeekTerminal$MonoTerminalPeekSubscriber.onError(MonoPeekTerminal.java:258) [reactor-core-3.4.0-M2.jar:?]
	at reactor.core.publisher.FluxOnErrorResume$ResumeSubscriber.onError(FluxOnErrorResume.java:106) [reactor-core-3.4.0-M2.jar:?]
	at reactor.core.publisher.FluxOnAssembly$OnAssemblySubscriber.onError(FluxOnAssembly.java:392) [reactor-core-3.4.0-M2.jar:?]
	at reactor.core.publisher.Operators.error(Operators.java:196) [reactor-core-3.4.0-M2.jar:?]
	at reactor.core.publisher.MonoError.subscribe(MonoError.java:52) [reactor-core-3.4.0-M2.jar:?]
	at reactor.core.publisher.Mono.subscribe(Mono.java:3892) [reactor-core-3.4.0-M2.jar:?]
	at reactor.core.publisher.FluxOnErrorResume$ResumeSubscriber.onError(FluxOnErrorResume.java:103) [reactor-core-3.4.0-M2.jar:?]
	at reactor.core.publisher.MonoFlatMap$FlatMapMain.secondError(MonoFlatMap.java:192) [reactor-core-3.4.0-M2.jar:?]
	at reactor.core.publisher.MonoFlatMap$FlatMapInner.onError(MonoFlatMap.java:259) [reactor-core-3.4.0-M2.jar:?]
	at reactor.core.publisher.FluxOnErrorResume$ResumeSubscriber.onError(FluxOnErrorResume.java:106) [reactor-core-3.4.0-M2.jar:?]
	at reactor.core.publisher.Operators.error(Operators.java:196) [reactor-core-3.4.0-M2.jar:?]
	at reactor.core.publisher.FluxFlatMap.trySubscribeScalarMap(FluxFlatMap.java:134) [reactor-core-3.4.0-M2.jar:?]
	at reactor.core.publisher.MonoFlatMap.subscribeOrReturn(MonoFlatMap.java:53) [reactor-core-3.4.0-M2.jar:?]
	at reactor.core.publisher.Mono.subscribe(Mono.java:3877) [reactor-core-3.4.0-M2.jar:?]
	at reactor.core.publisher.FluxOnErrorResume$ResumeSubscriber.onError(FluxOnErrorResume.java:103) [reactor-core-3.4.0-M2.jar:?]
	at reactor.core.publisher.FluxOnAssembly$OnAssemblySubscriber.onError(FluxOnAssembly.java:392) [reactor-core-3.4.0-M2.jar:?]
	at reactor.core.publisher.MonoPeekTerminal$MonoTerminalPeekSubscriber.onError(MonoPeekTerminal.java:258) [reactor-core-3.4.0-M2.jar:?]
	at org.springframework.http.server.reactive.ChannelSendOperator$WriteCompletionBarrier.onError(ChannelSendOperator.java:414) [spring-web-5.3.0-M2.jar:5.3.0-M2]
	at reactor.core.publisher.MonoIgnoreElements$IgnoreElementsSubscriber.onError(MonoIgnoreElements.java:83) [reactor-core-3.4.0-M2.jar:?]
	at reactor.core.publisher.Operators$MultiSubscriptionSubscriber.onError(Operators.java:2021) [reactor-core-3.4.0-M2.jar:?]
	at reactor.core.publisher.MonoNext$NextSubscriber.onError(MonoNext.java:93) [reactor-core-3.4.0-M2.jar:?]
	at reactor.core.publisher.MonoNext$NextSubscriber.onError(MonoNext.java:93) [reactor-core-3.4.0-M2.jar:?]
	at org.springframework.http.server.reactive.WriteResultPublisher$State.publishError(WriteResultPublisher.java:267) [spring-web-5.3.0-M2.jar:5.3.0-M2]
	at org.springframework.http.server.reactive.WriteResultPublisher.publishError(WriteResultPublisher.java:94) [spring-web-5.3.0-M2.jar:5.3.0-M2]
	at org.springframework.http.server.reactive.AbstractListenerWriteFlushProcessor$State.onError(AbstractListenerWriteFlushProcessor.java:381) [spring-web-5.3.0-M2.jar:5.3.0-M2]
	at org.springframework.http.server.reactive.AbstractListenerWriteFlushProcessor.onError(AbstractListenerWriteFlushProcessor.java:115) [spring-web-5.3.0-M2.jar:5.3.0-M2]
	at org.springframework.http.server.reactive.ServletServerHttpResponse$ResponseAsyncListener.handleError(ServletServerHttpResponse.java:237) [spring-web-5.3.0-M2.jar:5.3.0-M2]
	at org.springframework.http.server.reactive.ServletServerHttpResponse$ResponseAsyncListener.onError(ServletServerHttpResponse.java:230) [spring-web-5.3.0-M2.jar:5.3.0-M2]
	at org.apache.catalina.core.AsyncListenerWrapper.fireOnError(AsyncListenerWrapper.java:49) [tomcat-embed-core-9.0.37.jar:9.0.37]
	at org.apache.catalina.core.AsyncContextImpl.setErrorState(AsyncContextImpl.java:418) [tomcat-embed-core-9.0.37.jar:9.0.37]
	at org.apache.catalina.connector.CoyoteAdapter.asyncDispatch(CoyoteAdapter.java:176) [tomcat-embed-core-9.0.37.jar:9.0.37]
	at org.apache.coyote.AbstractProcessor.dispatch(AbstractProcessor.java:238) [tomcat-embed-core-9.0.37.jar:9.0.37]
	at org.apache.coyote.AbstractProcessorLight.process(AbstractProcessorLight.java:59) [tomcat-embed-core-9.0.37.jar:9.0.37]
	at org.apache.coyote.AbstractProtocol$ConnectionHandler.process(AbstractProtocol.java:868) [tomcat-embed-core-9.0.37.jar:9.0.37]
	at org.apache.tomcat.util.net.NioEndpoint$SocketProcessor.doRun(NioEndpoint.java:1589) [tomcat-embed-core-9.0.37.jar:9.0.37]
	at org.apache.tomcat.util.net.SocketProcessorBase.run(SocketProcessorBase.java:49) [tomcat-embed-core-9.0.37.jar:9.0.37]
	at java.util.concurrent.ThreadPoolExecutor.runWorker(ThreadPoolExecutor.java:1149) [?:1.8.0_261]
	at java.util.concurrent.ThreadPoolExecutor$Worker.run(ThreadPoolExecutor.java:624) [?:1.8.0_261]
	at org.apache.tomcat.util.threads.TaskThread$WrappingRunnable.run(TaskThread.java:61) [tomcat-embed-core-9.0.37.jar:9.0.37]
	at java.lang.Thread.run(Thread.java:748) [?:1.8.0_261]
03:16:19.862 [http-nio-auto-18-exec-2] DEBUG o.s.h.s.r.ServletHttpHandlerAdapter - [3f707d7b] Error notification: java.io.IOException: An established connection was aborted by the software in your host machine
03:16:19.920 [Test worker] DEBUG o.s.w.t.h.s.r.b.TomcatHttpServer - Server stopped (0 millis).
03:16:19.936 [Test worker] DEBUG o.s.w.r.r.m.a.RequestMappingHandlerMapping - 1 mappings in 'requestMappingHandlerMapping'
03:16:19.957 [Test worker] DEBUG o.s.w.r.r.m.a.ControllerMethodResolver - ControllerAdvice beans: none
03:16:19.970 [Test worker] DEBUG o.s.w.s.a.HttpWebHandlerAdapter - enableLoggingRequestDetails='false': form data and headers will be masked to prevent unsafe logging of potentially sensitive data
03:16:19.970 [Test worker] DEBUG o.s.w.t.h.s.r.b.UndertowHttpServer - Starting UndertowHttpServer...
03:16:19.970 [Test worker] INFO  i.undertow - starting server: Undertow - 2.1.3.Final
03:16:19.979 [Test worker] DEBUG o.s.w.t.h.s.r.b.UndertowHttpServer - Server started on port 64866(0 millis).
03:16:19.982 [Test worker] DEBUG o.s.w.r.f.c.ExchangeFunctions - [19f35cf4] HTTP GET http://localhost:64866/stream
03:16:19.987 [XNIO-17 I/O-3] DEBUG o.s.w.s.a.HttpWebHandlerAdapter - [67defa27] HTTP GET "/stream"
03:16:19.988 [XNIO-17 I/O-3] DEBUG o.s.w.r.r.m.a.RequestMappingHandlerMapping - [67defa27] Mapped to org.springframework.web.reactive.result.method.annotation.JacksonStreamingIntegrationTests$JacksonStreamingController#person()
03:16:19.989 [XNIO-17 I/O-3] DEBUG o.s.w.r.r.m.a.ResponseBodyResultHandler - Using 'application/stream+x-jackson-smile' given [application/stream+x-jackson-smile] and supported [application/stream+x-jackson-smile]
03:16:19.989 [XNIO-17 I/O-3] DEBUG o.s.w.r.r.m.a.ResponseBodyResultHandler - [67defa27] 0..N [org.springframework.web.reactive.result.method.annotation.JacksonStreamingIntegrationTests$Person]
03:16:20.093 [parallel-4] DEBUG o.s.h.c.j.Jackson2SmileEncoder - [67defa27] Encoding [Person{name='foo 0'}]
03:16:20.100 [reactor-http-nio-1] DEBUG o.s.w.r.f.c.ExchangeFunctions - [19f35cf4] Response 200 OK
03:16:20.100 [reactor-http-nio-1] DEBUG o.s.h.c.j.Jackson2SmileDecoder - [19f35cf4] Decoded [Person{name='foo 0'}]
03:16:20.204 [parallel-4] DEBUG o.s.h.c.j.Jackson2SmileEncoder - [67defa27] Encoding [Person{name='foo 1'}]
03:16:20.205 [reactor-http-nio-1] DEBUG o.s.h.c.j.Jackson2SmileDecoder - [19f35cf4] Decoded [Person{name='foo 1'}]
03:16:20.205 [reactor-http-nio-1] DEBUG o.s.w.r.f.c.ExchangeFunctions - [19f35cf4] Cancel signal (to close connection)
03:16:20.210 [Test worker] DEBUG o.s.w.t.h.s.r.b.UndertowHttpServer - Stopping UndertowHttpServer...
03:16:20.210 [Test worker] INFO  i.undertow - stopping server: Undertow - 2.1.3.Final
03:16:20.225 [Test worker] DEBUG o.s.w.t.h.s.r.b.UndertowHttpServer - Server stopped (0 millis).
03:16:20.243 [Test worker] DEBUG o.s.w.r.r.m.a.RequestMappingHandlerMapping - 1 mappings in 'requestMappingHandlerMapping'
03:16:20.273 [Test worker] DEBUG o.s.w.r.r.m.a.ControllerMethodResolver - ControllerAdvice beans: none
03:16:20.295 [Test worker] DEBUG o.s.w.s.a.HttpWebHandlerAdapter - enableLoggingRequestDetails='false': form data and headers will be masked to prevent unsafe logging of potentially sensitive data
03:16:20.295 [Test worker] WARN  o.e.j.s.h.ContextHandler - Empty contextPath
03:16:20.296 [Test worker] INFO  o.e.j.s.h.ContextHandler - Started o.e.j.s.ServletContextHandler@26d1beb{/,null,AVAILABLE}
03:16:20.296 [Test worker] DEBUG o.s.w.t.h.s.r.b.JettyHttpServer - Starting JettyHttpServer...
03:16:20.297 [Test worker] INFO  o.e.j.s.Server - jetty-9.4.31.v20200723; built: 2020-07-23T17:57:36.812Z; git: 450ba27947e13e66baa8cd1ce7e85a4461cacc1d; jvm 1.8.0_261-b12
03:16:20.301 [parallel-4] DEBUG o.s.h.c.j.Jackson2SmileEncoder - [67defa27] Encoding [Person{name='foo 2'}]
03:16:20.305 [Test worker] INFO  o.e.j.s.AbstractConnector - Started ServerConnector@1d4a3079{HTTP/1.1, (http/1.1)}{0.0.0.0:64868}
03:16:20.305 [Test worker] INFO  o.e.j.s.Server - Started @81528ms
03:16:20.305 [Test worker] DEBUG o.s.w.t.h.s.r.b.JettyHttpServer - Server started on port 64868(0 millis).
03:16:20.306 [Test worker] DEBUG o.s.w.r.f.c.ExchangeFunctions - [3e8c635f] HTTP GET http://localhost:64868/stream
03:16:20.321 [qtp102414436-1513] DEBUG o.s.w.s.a.HttpWebHandlerAdapter - [108b7690] HTTP GET "/stream"
03:16:20.322 [qtp102414436-1513] DEBUG o.s.w.r.r.m.a.RequestMappingHandlerMapping - [108b7690] Mapped to org.springframework.web.reactive.result.method.annotation.JacksonStreamingIntegrationTests$JacksonStreamingController#person()
03:16:20.324 [qtp102414436-1513] DEBUG o.s.w.r.r.m.a.ResponseBodyResultHandler - Using 'application/x-ndjson' given [application/x-ndjson] and supported [application/x-ndjson]
03:16:20.325 [qtp102414436-1513] DEBUG o.s.w.r.r.m.a.ResponseBodyResultHandler - [108b7690] 0..N [org.springframework.web.reactive.result.method.annotation.JacksonStreamingIntegrationTests$Person]
03:16:20.428 [parallel-1] DEBUG o.s.h.c.j.Jackson2JsonEncoder - [108b7690] Encoding [Person{name='foo 0'}]
03:16:20.431 [reactor-http-nio-2] DEBUG o.s.w.r.f.c.ExchangeFunctions - [3e8c635f] Response 200 OK
03:16:20.432 [reactor-http-nio-2] DEBUG o.s.h.c.j.Jackson2JsonDecoder - [3e8c635f] Decoded [Person{name='foo 0'}]
03:16:20.539 [parallel-1] DEBUG o.s.h.c.j.Jackson2JsonEncoder - [108b7690] Encoding [Person{name='foo 1'}]
03:16:20.540 [reactor-http-nio-2] DEBUG o.s.h.c.j.Jackson2JsonDecoder - [3e8c635f] Decoded [Person{name='foo 1'}]
03:16:20.540 [reactor-http-nio-2] DEBUG o.s.w.r.f.c.ExchangeFunctions - [3e8c635f] Cancel signal (to close connection)
03:16:20.542 [Test worker] DEBUG o.s.w.t.h.s.r.b.JettyHttpServer - Stopping JettyHttpServer...
03:16:20.542 [Test worker] INFO  o.e.j.s.h.ContextHandler - Stopped o.e.j.s.ServletContextHandler@26d1beb{/,null,UNAVAILABLE}
03:16:20.544 [Test worker] INFO  o.e.j.s.AbstractConnector - Stopped ServerConnector@1d4a3079{HTTP/1.1, (http/1.1)}{0.0.0.0:0}
03:16:20.545 [Test worker] DEBUG o.s.w.t.h.s.r.b.JettyHttpServer - Server stopped (0 millis).
03:16:20.553 [Test worker] DEBUG o.s.w.r.r.m.a.RequestMappingHandlerMapping - 1 mappings in 'requestMappingHandlerMapping'
03:16:20.581 [Test worker] DEBUG o.s.w.r.r.m.a.ControllerMethodResolver - ControllerAdvice beans: none
03:16:20.596 [Test worker] DEBUG o.s.w.s.a.HttpWebHandlerAdapter - enableLoggingRequestDetails='false': form data and headers will be masked to prevent unsafe logging of potentially sensitive data
03:16:20.596 [Test worker] DEBUG o.s.w.t.h.s.r.b.ReactorHttpServer - Starting ReactorHttpServer...
03:16:20.598 [Test worker] DEBUG o.s.w.t.h.s.r.b.ReactorHttpServer - Server started on port 64874(0 millis).
03:16:20.598 [Test worker] DEBUG o.s.w.r.f.c.ExchangeFunctions - [33b02915] HTTP GET http://localhost:64874/stream
03:16:20.604 [reactor-http-nio-1] DEBUG o.s.w.s.a.HttpWebHandlerAdapter - [cfb39e88-20] HTTP GET "/stream"
03:16:20.604 [reactor-http-nio-1] DEBUG o.s.w.r.r.m.a.RequestMappingHandlerMapping - [cfb39e88-20] Mapped to org.springframework.web.reactive.result.method.annotation.JacksonStreamingIntegrationTests$JacksonStreamingController#person()
03:16:20.605 [reactor-http-nio-1] DEBUG o.s.w.r.r.m.a.ResponseBodyResultHandler - Using 'application/x-ndjson' given [application/x-ndjson] and supported [application/x-ndjson]
03:16:20.605 [reactor-http-nio-1] DEBUG o.s.w.r.r.m.a.ResponseBodyResultHandler - [cfb39e88-20] 0..N [org.springframework.web.reactive.result.method.annotation.JacksonStreamingIntegrationTests$Person]
03:16:20.637 [parallel-1] DEBUG o.s.h.c.j.Jackson2JsonEncoder - [108b7690] Encoding [Person{name='foo 2'}]
03:16:20.714 [parallel-2] DEBUG o.s.h.c.j.Jackson2JsonEncoder - [cfb39e88-20] Encoding [Person{name='foo 0'}]
03:16:20.719 [reactor-http-nio-4] DEBUG o.s.w.r.f.c.ExchangeFunctions - [33b02915] Response 200 OK
03:16:20.721 [reactor-http-nio-4] DEBUG o.s.h.c.j.Jackson2JsonDecoder - [33b02915] Decoded [Person{name='foo 0'}]
03:16:20.730 [parallel-1] DEBUG o.s.h.c.j.Jackson2JsonEncoder - [108b7690] Encoding [Person{name='foo 3'}]
03:16:20.809 [parallel-2] DEBUG o.s.h.c.j.Jackson2JsonEncoder - [cfb39e88-20] Encoding [Person{name='foo 1'}]
03:16:20.810 [reactor-http-nio-4] DEBUG o.s.h.c.j.Jackson2JsonDecoder - [33b02915] Decoded [Person{name='foo 1'}]
03:16:20.810 [reactor-http-nio-4] DEBUG o.s.w.r.f.c.ExchangeFunctions - [33b02915] Cancel signal (to close connection)
03:16:20.811 [Test worker] DEBUG o.s.w.t.h.s.r.b.ReactorHttpServer - Stopping ReactorHttpServer...
03:16:20.811 [reactor-http-nio-1] DEBUG o.s.w.s.a.HttpWebHandlerAdapter - [cfb39e88-20] Completed 200 OK
03:16:20.811 [Test worker] DEBUG o.s.w.t.h.s.r.b.ReactorHttpServer - Server stopped (0 millis).
03:16:20.819 [Test worker] DEBUG o.s.w.r.r.m.a.RequestMappingHandlerMapping - 1 mappings in 'requestMappingHandlerMapping'
03:16:20.834 [Test worker] DEBUG o.s.w.r.r.m.a.ControllerMethodResolver - ControllerAdvice beans: none
03:16:20.845 [Test worker] DEBUG o.s.w.s.a.HttpWebHandlerAdapter - enableLoggingRequestDetails='false': form data and headers will be masked to prevent unsafe logging of potentially sensitive data
03:16:20.846 [Test worker] DEBUG o.s.w.t.h.s.r.b.TomcatHttpServer - Starting TomcatHttpServer...
03:16:20.858 [Test worker] DEBUG o.s.w.t.h.s.r.b.TomcatHttpServer - Server started on port 64876(0 millis).
03:16:20.858 [Test worker] DEBUG o.s.w.r.f.c.ExchangeFunctions - [37c3da4b] HTTP GET http://localhost:64876/stream
03:16:20.865 [http-nio-auto-19-exec-1] DEBUG o.s.w.s.a.HttpWebHandlerAdapter - [c7cc114] HTTP GET "/stream"
03:16:20.865 [http-nio-auto-19-exec-1] DEBUG o.s.w.r.r.m.a.RequestMappingHandlerMapping - [c7cc114] Mapped to org.springframework.web.reactive.result.method.annotation.JacksonStreamingIntegrationTests$JacksonStreamingController#person()
03:16:20.866 [http-nio-auto-19-exec-1] DEBUG o.s.w.r.r.m.a.ResponseBodyResultHandler - Using 'application/x-ndjson' given [application/x-ndjson] and supported [application/x-ndjson]
03:16:20.866 [http-nio-auto-19-exec-1] DEBUG o.s.w.r.r.m.a.ResponseBodyResultHandler - [c7cc114] 0..N [org.springframework.web.reactive.result.method.annotation.JacksonStreamingIntegrationTests$Person]
03:16:20.980 [parallel-3] DEBUG o.s.h.c.j.Jackson2JsonEncoder - [c7cc114] Encoding [Person{name='foo 0'}]
03:16:20.982 [reactor-http-nio-2] DEBUG o.s.w.r.f.c.ExchangeFunctions - [37c3da4b] Response 200 OK
03:16:20.983 [reactor-http-nio-2] DEBUG o.s.h.c.j.Jackson2JsonDecoder - [37c3da4b] Decoded [Person{name='foo 0'}]
03:16:21.075 [parallel-3] DEBUG o.s.h.c.j.Jackson2JsonEncoder - [c7cc114] Encoding [Person{name='foo 1'}]
03:16:21.076 [reactor-http-nio-2] DEBUG o.s.h.c.j.Jackson2JsonDecoder - [37c3da4b] Decoded [Person{name='foo 1'}]
03:16:21.076 [reactor-http-nio-2] DEBUG o.s.w.r.f.c.ExchangeFunctions - [37c3da4b] Cancel signal (to close connection)
03:16:21.077 [Test worker] DEBUG o.s.w.t.h.s.r.b.TomcatHttpServer - Stopping TomcatHttpServer...
03:16:21.177 [parallel-3] DEBUG o.s.h.c.j.Jackson2JsonEncoder - [c7cc114] Encoding [Person{name='foo 2'}]
03:16:21.274 [parallel-3] DEBUG o.s.h.c.j.Jackson2JsonEncoder - [c7cc114] Encoding [Person{name='foo 3'}]
03:16:21.280 [http-nio-auto-19-exec-2] ERROR o.s.w.s.a.HttpWebHandlerAdapter - [c7cc114] Error [java.io.IOException: An established connection was aborted by the software in your host machine] for HTTP GET "/stream", but ServerHttpResponse already committed (200 OK)
03:16:21.281 [http-nio-auto-19-exec-2] ERROR r.c.p.Operators - Operator called default onErrorDropped
java.lang.UnsupportedOperationException: The dispatcher returned from the ServletContext does not support asynchronous dispatching
	at org.apache.catalina.core.AsyncContextImpl.dispatch(AsyncContextImpl.java:203) ~[tomcat-embed-core-9.0.37.jar:9.0.37]
	at org.apache.catalina.core.AsyncContextImpl.dispatch(AsyncContextImpl.java:179) ~[tomcat-embed-core-9.0.37.jar:9.0.37]
	at org.apache.catalina.core.AsyncContextImpl.dispatch(AsyncContextImpl.java:173) ~[tomcat-embed-core-9.0.37.jar:9.0.37]
	at org.springframework.http.server.reactive.ServletHttpHandlerAdapter$HandlerResultSubscriber.lambda$onError$0(ServletHttpHandlerAdapter.java:313) ~[spring-web-5.3.0-M2.jar:5.3.0-M2]
	at org.springframework.http.server.reactive.ServletHttpHandlerAdapter.runIfAsyncNotComplete(ServletHttpHandlerAdapter.java:232) ~[spring-web-5.3.0-M2.jar:5.3.0-M2]
	at org.springframework.http.server.reactive.ServletHttpHandlerAdapter.access$100(ServletHttpHandlerAdapter.java:58) ~[spring-web-5.3.0-M2.jar:5.3.0-M2]
	at org.springframework.http.server.reactive.ServletHttpHandlerAdapter$HandlerResultSubscriber.onError(ServletHttpHandlerAdapter.java:309) ~[spring-web-5.3.0-M2.jar:5.3.0-M2]
	at reactor.core.publisher.StrictSubscriber.onError(StrictSubscriber.java:106) [reactor-core-3.4.0-M2.jar:?]
	at reactor.core.publisher.Operators$MonoSubscriber.onError(Operators.java:1829) [reactor-core-3.4.0-M2.jar:?]
	at reactor.core.publisher.MonoIgnoreThen$ThenIgnoreInner.onError(MonoIgnoreThen.java:243) [reactor-core-3.4.0-M2.jar:?]
	at reactor.core.publisher.FluxOnErrorResume$ResumeSubscriber.onError(FluxOnErrorResume.java:106) [reactor-core-3.4.0-M2.jar:?]
	at reactor.core.publisher.Operators.error(Operators.java:196) [reactor-core-3.4.0-M2.jar:?]
	at reactor.core.publisher.MonoError.subscribe(MonoError.java:52) ~[reactor-core-3.4.0-M2.jar:?]
	at reactor.core.publisher.Mono.subscribe(Mono.java:3892) [reactor-core-3.4.0-M2.jar:?]
	at reactor.core.publisher.FluxOnErrorResume$ResumeSubscriber.onError(FluxOnErrorResume.java:103) [reactor-core-3.4.0-M2.jar:?]
	at reactor.core.publisher.MonoPeekTerminal$MonoTerminalPeekSubscriber.onError(MonoPeekTerminal.java:258) [reactor-core-3.4.0-M2.jar:?]
	at reactor.core.publisher.FluxOnErrorResume$ResumeSubscriber.onError(FluxOnErrorResume.java:106) [reactor-core-3.4.0-M2.jar:?]
	at reactor.core.publisher.FluxOnAssembly$OnAssemblySubscriber.onError(FluxOnAssembly.java:392) [reactor-core-3.4.0-M2.jar:?]
	at reactor.core.publisher.Operators.error(Operators.java:196) [reactor-core-3.4.0-M2.jar:?]
	at reactor.core.publisher.MonoError.subscribe(MonoError.java:52) [reactor-core-3.4.0-M2.jar:?]
	at reactor.core.publisher.Mono.subscribe(Mono.java:3892) [reactor-core-3.4.0-M2.jar:?]
	at reactor.core.publisher.FluxOnErrorResume$ResumeSubscriber.onError(FluxOnErrorResume.java:103) [reactor-core-3.4.0-M2.jar:?]
	at reactor.core.publisher.MonoFlatMap$FlatMapMain.secondError(MonoFlatMap.java:192) [reactor-core-3.4.0-M2.jar:?]
	at reactor.core.publisher.MonoFlatMap$FlatMapInner.onError(MonoFlatMap.java:259) [reactor-core-3.4.0-M2.jar:?]
	at reactor.core.publisher.FluxOnErrorResume$ResumeSubscriber.onError(FluxOnErrorResume.java:106) [reactor-core-3.4.0-M2.jar:?]
	at reactor.core.publisher.Operators.error(Operators.java:196) [reactor-core-3.4.0-M2.jar:?]
	at reactor.core.publisher.FluxFlatMap.trySubscribeScalarMap(FluxFlatMap.java:134) [reactor-core-3.4.0-M2.jar:?]
	at reactor.core.publisher.MonoFlatMap.subscribeOrReturn(MonoFlatMap.java:53) [reactor-core-3.4.0-M2.jar:?]
	at reactor.core.publisher.Mono.subscribe(Mono.java:3877) [reactor-core-3.4.0-M2.jar:?]
	at reactor.core.publisher.FluxOnErrorResume$ResumeSubscriber.onError(FluxOnErrorResume.java:103) [reactor-core-3.4.0-M2.jar:?]
	at reactor.core.publisher.FluxOnAssembly$OnAssemblySubscriber.onError(FluxOnAssembly.java:392) [reactor-core-3.4.0-M2.jar:?]
	at reactor.core.publisher.MonoPeekTerminal$MonoTerminalPeekSubscriber.onError(MonoPeekTerminal.java:258) [reactor-core-3.4.0-M2.jar:?]
	at org.springframework.http.server.reactive.ChannelSendOperator$WriteCompletionBarrier.onError(ChannelSendOperator.java:414) [spring-web-5.3.0-M2.jar:5.3.0-M2]
	at reactor.core.publisher.MonoIgnoreElements$IgnoreElementsSubscriber.onError(MonoIgnoreElements.java:83) [reactor-core-3.4.0-M2.jar:?]
	at reactor.core.publisher.Operators$MultiSubscriptionSubscriber.onError(Operators.java:2021) [reactor-core-3.4.0-M2.jar:?]
	at reactor.core.publisher.MonoNext$NextSubscriber.onError(MonoNext.java:93) [reactor-core-3.4.0-M2.jar:?]
	at reactor.core.publisher.MonoNext$NextSubscriber.onError(MonoNext.java:93) [reactor-core-3.4.0-M2.jar:?]
	at org.springframework.http.server.reactive.WriteResultPublisher$State.publishError(WriteResultPublisher.java:267) [spring-web-5.3.0-M2.jar:5.3.0-M2]
	at org.springframework.http.server.reactive.WriteResultPublisher.publishError(WriteResultPublisher.java:94) [spring-web-5.3.0-M2.jar:5.3.0-M2]
	at org.springframework.http.server.reactive.AbstractListenerWriteFlushProcessor$State.onError(AbstractListenerWriteFlushProcessor.java:381) [spring-web-5.3.0-M2.jar:5.3.0-M2]
	at org.springframework.http.server.reactive.AbstractListenerWriteFlushProcessor.onError(AbstractListenerWriteFlushProcessor.java:115) [spring-web-5.3.0-M2.jar:5.3.0-M2]
	at org.springframework.http.server.reactive.ServletServerHttpResponse$ResponseAsyncListener.handleError(ServletServerHttpResponse.java:237) [spring-web-5.3.0-M2.jar:5.3.0-M2]
	at org.springframework.http.server.reactive.ServletServerHttpResponse$ResponseAsyncListener.onError(ServletServerHttpResponse.java:230) [spring-web-5.3.0-M2.jar:5.3.0-M2]
	at org.apache.catalina.core.AsyncListenerWrapper.fireOnError(AsyncListenerWrapper.java:49) [tomcat-embed-core-9.0.37.jar:9.0.37]
	at org.apache.catalina.core.AsyncContextImpl.setErrorState(AsyncContextImpl.java:418) [tomcat-embed-core-9.0.37.jar:9.0.37]
	at org.apache.catalina.connector.CoyoteAdapter.asyncDispatch(CoyoteAdapter.java:176) [tomcat-embed-core-9.0.37.jar:9.0.37]
	at org.apache.coyote.AbstractProcessor.dispatch(AbstractProcessor.java:238) [tomcat-embed-core-9.0.37.jar:9.0.37]
	at org.apache.coyote.AbstractProcessorLight.process(AbstractProcessorLight.java:59) [tomcat-embed-core-9.0.37.jar:9.0.37]
	at org.apache.coyote.AbstractProtocol$ConnectionHandler.process(AbstractProtocol.java:868) [tomcat-embed-core-9.0.37.jar:9.0.37]
	at org.apache.tomcat.util.net.NioEndpoint$SocketProcessor.doRun(NioEndpoint.java:1589) [tomcat-embed-core-9.0.37.jar:9.0.37]
	at org.apache.tomcat.util.net.SocketProcessorBase.run(SocketProcessorBase.java:49) [tomcat-embed-core-9.0.37.jar:9.0.37]
	at java.util.concurrent.ThreadPoolExecutor.runWorker(ThreadPoolExecutor.java:1149) [?:1.8.0_261]
	at java.util.concurrent.ThreadPoolExecutor$Worker.run(ThreadPoolExecutor.java:624) [?:1.8.0_261]
	at org.apache.tomcat.util.threads.TaskThread$WrappingRunnable.run(TaskThread.java:61) [tomcat-embed-core-9.0.37.jar:9.0.37]
	at java.lang.Thread.run(Thread.java:748) [?:1.8.0_261]
03:16:21.282 [http-nio-auto-19-exec-2] DEBUG o.s.h.s.r.ServletHttpHandlerAdapter - [c7cc114] Error notification: java.io.IOException: An established connection was aborted by the software in your host machine
03:16:21.347 [Test worker] DEBUG o.s.w.t.h.s.r.b.TomcatHttpServer - Server stopped (0 millis).
03:16:21.366 [Test worker] DEBUG o.s.w.r.r.m.a.RequestMappingHandlerMapping - 1 mappings in 'requestMappingHandlerMapping'
03:16:21.384 [Test worker] DEBUG o.s.w.r.r.m.a.ControllerMethodResolver - ControllerAdvice beans: none
03:16:21.397 [Test worker] DEBUG o.s.w.s.a.HttpWebHandlerAdapter - enableLoggingRequestDetails='false': form data and headers will be masked to prevent unsafe logging of potentially sensitive data
03:16:21.397 [Test worker] DEBUG o.s.w.t.h.s.r.b.UndertowHttpServer - Starting UndertowHttpServer...
03:16:21.398 [Test worker] INFO  i.undertow - starting server: Undertow - 2.1.3.Final
03:16:21.407 [Test worker] DEBUG o.s.w.t.h.s.r.b.UndertowHttpServer - Server started on port 64893(0 millis).
03:16:21.408 [Test worker] DEBUG o.s.w.r.f.c.ExchangeFunctions - [fa3de53] HTTP GET http://localhost:64893/stream
03:16:21.423 [XNIO-18 I/O-1] DEBUG o.s.w.s.a.HttpWebHandlerAdapter - [4b20d51a] HTTP GET "/stream"
03:16:21.431 [XNIO-18 I/O-1] DEBUG o.s.w.r.r.m.a.RequestMappingHandlerMapping - [4b20d51a] Mapped to org.springframework.web.reactive.result.method.annotation.JacksonStreamingIntegrationTests$JacksonStreamingController#person()
03:16:21.432 [XNIO-18 I/O-1] DEBUG o.s.w.r.r.m.a.ResponseBodyResultHandler - Using 'application/x-ndjson' given [application/x-ndjson] and supported [application/x-ndjson]
03:16:21.432 [XNIO-18 I/O-1] DEBUG o.s.w.r.r.m.a.ResponseBodyResultHandler - [4b20d51a] 0..N [org.springframework.web.reactive.result.method.annotation.JacksonStreamingIntegrationTests$Person]
03:16:21.547 [parallel-4] DEBUG o.s.h.c.j.Jackson2JsonEncoder - [4b20d51a] Encoding [Person{name='foo 0'}]
03:16:21.550 [reactor-http-nio-3] DEBUG o.s.w.r.f.c.ExchangeFunctions - [fa3de53] Response 200 OK
03:16:21.551 [reactor-http-nio-3] DEBUG o.s.h.c.j.Jackson2JsonDecoder - [fa3de53] Decoded [Person{name='foo 0'}]
03:16:21.647 [parallel-4] DEBUG o.s.h.c.j.Jackson2JsonEncoder - [4b20d51a] Encoding [Person{name='foo 1'}]
03:16:21.649 [reactor-http-nio-3] DEBUG o.s.h.c.j.Jackson2JsonDecoder - [fa3de53] Decoded [Person{name='foo 1'}]
03:16:21.649 [reactor-http-nio-3] DEBUG o.s.w.r.f.c.ExchangeFunctions - [fa3de53] Cancel signal (to close connection)
03:16:21.652 [Test worker] DEBUG o.s.w.t.h.s.r.b.UndertowHttpServer - Stopping UndertowHttpServer...
03:16:21.652 [Test worker] INFO  i.undertow - stopping server: Undertow - 2.1.3.Final
03:16:21.655 [Test worker] DEBUG o.s.w.t.h.s.r.b.UndertowHttpServer - Server stopped (0 millis).
]]></system-out>
  <system-err><![CDATA[]]></system-err>
</testsuite>
