<?xml version="1.0" encoding="UTF-8"?>
<testsuite name="org.springframework.web.reactive.result.method.annotation.GlobalCorsConfigIntegrationTests" tests="36" skipped="0" failures="0" errors="0" timestamp="2023-03-20T08:16:09" hostname="DESKTOP-VGJP1PJ" time="9.144">
  <properties/>
  <testcase name="actualRequestWithCorsEnabled(HttpServer)[1]" classname="org.springframework.web.reactive.result.method.annotation.GlobalCorsConfigIntegrationTests" time="0.748"/>
  <testcase name="actualRequestWithCorsEnabled(HttpServer)[2]" classname="org.springframework.web.reactive.result.method.annotation.GlobalCorsConfigIntegrationTests" time="0.13"/>
  <testcase name="actualRequestWithCorsEnabled(HttpServer)[3]" classname="org.springframework.web.reactive.result.method.annotation.GlobalCorsConfigIntegrationTests" time="0.638"/>
  <testcase name="actualRequestWithCorsEnabled(HttpServer)[4]" classname="org.springframework.web.reactive.result.method.annotation.GlobalCorsConfigIntegrationTests" time="0.247"/>
  <testcase name="actualRequestWithCorsRejected(HttpServer)[1]" classname="org.springframework.web.reactive.result.method.annotation.GlobalCorsConfigIntegrationTests" time="0.15"/>
  <testcase name="actualRequestWithCorsRejected(HttpServer)[2]" classname="org.springframework.web.reactive.result.method.annotation.GlobalCorsConfigIntegrationTests" time="0.156"/>
  <testcase name="actualRequestWithCorsRejected(HttpServer)[3]" classname="org.springframework.web.reactive.result.method.annotation.GlobalCorsConfigIntegrationTests" time="0.422"/>
  <testcase name="actualRequestWithCorsRejected(HttpServer)[4]" classname="org.springframework.web.reactive.result.method.annotation.GlobalCorsConfigIntegrationTests" time="0.117"/>
  <testcase name="preFlightRequestWithCorsEnabled(HttpServer)[1]" classname="org.springframework.web.reactive.result.method.annotation.GlobalCorsConfigIntegrationTests" time="0.315"/>
  <testcase name="preFlightRequestWithCorsEnabled(HttpServer)[2]" classname="org.springframework.web.reactive.result.method.annotation.GlobalCorsConfigIntegrationTests" time="0.436"/>
  <testcase name="preFlightRequestWithCorsEnabled(HttpServer)[3]" classname="org.springframework.web.reactive.result.method.annotation.GlobalCorsConfigIntegrationTests" time="0.435"/>
  <testcase name="preFlightRequestWithCorsEnabled(HttpServer)[4]" classname="org.springframework.web.reactive.result.method.annotation.GlobalCorsConfigIntegrationTests" time="0.121"/>
  <testcase name="preFlightRequestWithCorsRejected(HttpServer)[1]" classname="org.springframework.web.reactive.result.method.annotation.GlobalCorsConfigIntegrationTests" time="0.128"/>
  <testcase name="preFlightRequestWithCorsRejected(HttpServer)[2]" classname="org.springframework.web.reactive.result.method.annotation.GlobalCorsConfigIntegrationTests" time="0.122"/>
  <testcase name="preFlightRequestWithCorsRejected(HttpServer)[3]" classname="org.springframework.web.reactive.result.method.annotation.GlobalCorsConfigIntegrationTests" time="0.488"/>
  <testcase name="preFlightRequestWithCorsRejected(HttpServer)[4]" classname="org.springframework.web.reactive.result.method.annotation.GlobalCorsConfigIntegrationTests" time="0.203"/>
  <testcase name="actualRequestWithAmbiguousMapping(HttpServer)[1]" classname="org.springframework.web.reactive.result.method.annotation.GlobalCorsConfigIntegrationTests" time="0.199"/>
  <testcase name="actualRequestWithAmbiguousMapping(HttpServer)[2]" classname="org.springframework.web.reactive.result.method.annotation.GlobalCorsConfigIntegrationTests" time="0.187"/>
  <testcase name="actualRequestWithAmbiguousMapping(HttpServer)[3]" classname="org.springframework.web.reactive.result.method.annotation.GlobalCorsConfigIntegrationTests" time="0.488"/>
  <testcase name="actualRequestWithAmbiguousMapping(HttpServer)[4]" classname="org.springframework.web.reactive.result.method.annotation.GlobalCorsConfigIntegrationTests" time="0.134"/>
  <testcase name="preFlightRequestWithAmbiguousMapping(HttpServer)[1]" classname="org.springframework.web.reactive.result.method.annotation.GlobalCorsConfigIntegrationTests" time="0.317"/>
  <testcase name="preFlightRequestWithAmbiguousMapping(HttpServer)[2]" classname="org.springframework.web.reactive.result.method.annotation.GlobalCorsConfigIntegrationTests" time="0.084"/>
  <testcase name="preFlightRequestWithAmbiguousMapping(HttpServer)[3]" classname="org.springframework.web.reactive.result.method.annotation.GlobalCorsConfigIntegrationTests" time="0.294"/>
  <testcase name="preFlightRequestWithAmbiguousMapping(HttpServer)[4]" classname="org.springframework.web.reactive.result.method.annotation.GlobalCorsConfigIntegrationTests" time="0.084"/>
  <testcase name="preFlightRequestWithCorsRestricted(HttpServer)[1]" classname="org.springframework.web.reactive.result.method.annotation.GlobalCorsConfigIntegrationTests" time="0.099"/>
  <testcase name="preFlightRequestWithCorsRestricted(HttpServer)[2]" classname="org.springframework.web.reactive.result.method.annotation.GlobalCorsConfigIntegrationTests" time="0.092"/>
  <testcase name="preFlightRequestWithCorsRestricted(HttpServer)[3]" classname="org.springframework.web.reactive.result.method.annotation.GlobalCorsConfigIntegrationTests" time="0.309"/>
  <testcase name="preFlightRequestWithCorsRestricted(HttpServer)[4]" classname="org.springframework.web.reactive.result.method.annotation.GlobalCorsConfigIntegrationTests" time="0.084"/>
  <testcase name="actualRequestWithoutCorsEnabled(HttpServer)[1]" classname="org.springframework.web.reactive.result.method.annotation.GlobalCorsConfigIntegrationTests" time="0.217"/>
  <testcase name="actualRequestWithoutCorsEnabled(HttpServer)[2]" classname="org.springframework.web.reactive.result.method.annotation.GlobalCorsConfigIntegrationTests" time="0.081"/>
  <testcase name="actualRequestWithoutCorsEnabled(HttpServer)[3]" classname="org.springframework.web.reactive.result.method.annotation.GlobalCorsConfigIntegrationTests" time="0.3"/>
  <testcase name="actualRequestWithoutCorsEnabled(HttpServer)[4]" classname="org.springframework.web.reactive.result.method.annotation.GlobalCorsConfigIntegrationTests" time="0.086"/>
  <testcase name="preFlightRequestWithoutCorsEnabled(HttpServer)[1]" classname="org.springframework.web.reactive.result.method.annotation.GlobalCorsConfigIntegrationTests" time="0.111"/>
  <testcase name="preFlightRequestWithoutCorsEnabled(HttpServer)[2]" classname="org.springframework.web.reactive.result.method.annotation.GlobalCorsConfigIntegrationTests" time="0.103"/>
  <testcase name="preFlightRequestWithoutCorsEnabled(HttpServer)[3]" classname="org.springframework.web.reactive.result.method.annotation.GlobalCorsConfigIntegrationTests" time="0.298"/>
  <testcase name="preFlightRequestWithoutCorsEnabled(HttpServer)[4]" classname="org.springframework.web.reactive.result.method.annotation.GlobalCorsConfigIntegrationTests" time="0.112"/>
  <system-out><![CDATA[03:16:09.871 [Test worker] DEBUG o.s.w.r.r.m.a.RequestMappingHandlerMapping - 5 mappings in 'requestMappingHandlerMapping'
03:16:09.959 [Test worker] DEBUG o.s.w.r.r.m.a.ControllerMethodResolver - ControllerAdvice beans: none
03:16:10.144 [Test worker] DEBUG o.s.w.s.a.HttpWebHandlerAdapter - enableLoggingRequestDetails='false': form data and headers will be masked to prevent unsafe logging of potentially sensitive data
03:16:10.144 [Test worker] WARN  o.e.j.s.h.ContextHandler - Empty contextPath
03:16:10.145 [Test worker] INFO  o.e.j.s.h.ContextHandler - Started o.e.j.s.ServletContextHandler@40b25ee4{/,null,AVAILABLE}
03:16:10.145 [Test worker] DEBUG o.s.w.t.h.s.r.b.JettyHttpServer - Starting JettyHttpServer...
03:16:10.145 [Test worker] INFO  o.e.j.s.Server - jetty-9.4.31.v20200723; built: 2020-07-23T17:57:36.812Z; git: 450ba27947e13e66baa8cd1ce7e85a4461cacc1d; jvm 1.8.0_261-b12
03:16:10.201 [Test worker] INFO  o.e.j.s.AbstractConnector - Started ServerConnector@6a9c90d1{HTTP/1.1, (http/1.1)}{0.0.0.0:64591}
03:16:10.201 [Test worker] INFO  o.e.j.s.Server - Started @71423ms
03:16:10.201 [Test worker] DEBUG o.s.w.t.h.s.r.b.JettyHttpServer - Server started on port 64591(0 millis).
03:16:10.212 [Test worker] DEBUG o.s.w.c.RestTemplate - HTTP GET http://localhost:64591/cors
03:16:10.213 [Test worker] DEBUG o.s.w.c.RestTemplate - Accept=[text/plain, application/json, application/x-jackson-smile, application/*+json, */*]
03:16:10.308 [qtp207830257-1108] DEBUG o.s.w.s.a.HttpWebHandlerAdapter - [335b68f8] HTTP GET "/cors"
03:16:10.308 [qtp207830257-1108] DEBUG o.s.w.r.r.m.a.RequestMappingHandlerMapping - [335b68f8] Mapped to org.springframework.web.reactive.result.method.annotation.GlobalCorsConfigIntegrationTests$TestController#cors()
03:16:10.311 [qtp207830257-1108] DEBUG o.s.w.r.r.m.a.ResponseBodyResultHandler - Using 'text/plain;charset=UTF-8' given [text/plain, application/json, application/x-jackson-smile, application/*+json, */*] and supported [text/plain;charset=UTF-8, text/event-stream, text/plain;charset=UTF-8, */*]
03:16:10.312 [qtp207830257-1108] DEBUG o.s.w.r.r.m.a.ResponseBodyResultHandler - [335b68f8] 0..1 [java.lang.String]
03:16:10.312 [qtp207830257-1108] DEBUG o.s.c.c.CharSequenceEncoder - [335b68f8] Writing "cors"
03:16:10.312 [qtp207830257-1108] DEBUG o.s.w.s.a.HttpWebHandlerAdapter - [335b68f8] Completed 200 OK
03:16:10.330 [Test worker] DEBUG o.s.w.c.RestTemplate - Response 200 OK
03:16:10.330 [Test worker] DEBUG o.s.w.c.RestTemplate - Reading to [java.lang.String] as "text/plain;charset=utf-8"
03:16:10.332 [Test worker] DEBUG o.s.w.t.h.s.r.b.JettyHttpServer - Stopping JettyHttpServer...
03:16:10.333 [Test worker] INFO  o.e.j.s.h.ContextHandler - Stopped o.e.j.s.ServletContextHandler@40b25ee4{/,null,UNAVAILABLE}
03:16:10.356 [Test worker] INFO  o.e.j.s.AbstractConnector - Stopped ServerConnector@6a9c90d1{HTTP/1.1, (http/1.1)}{0.0.0.0:0}
03:16:10.363 [Test worker] DEBUG o.s.w.t.h.s.r.b.JettyHttpServer - Server stopped (0 millis).
03:16:10.436 [Test worker] DEBUG o.s.w.r.r.m.a.RequestMappingHandlerMapping - 5 mappings in 'requestMappingHandlerMapping'
03:16:10.482 [Test worker] DEBUG o.s.w.r.r.m.a.ControllerMethodResolver - ControllerAdvice beans: none
03:16:10.502 [Test worker] DEBUG o.s.w.s.a.HttpWebHandlerAdapter - enableLoggingRequestDetails='false': form data and headers will be masked to prevent unsafe logging of potentially sensitive data
03:16:10.502 [Test worker] DEBUG o.s.w.t.h.s.r.b.ReactorHttpServer - Starting ReactorHttpServer...
03:16:10.504 [Test worker] DEBUG o.s.w.t.h.s.r.b.ReactorHttpServer - Server started on port 64597(0 millis).
03:16:10.504 [Test worker] DEBUG o.s.w.c.RestTemplate - HTTP GET http://localhost:64597/cors
03:16:10.504 [Test worker] DEBUG o.s.w.c.RestTemplate - Accept=[text/plain, application/json, application/x-jackson-smile, application/*+json, */*]
03:16:10.508 [reactor-http-nio-3] DEBUG o.s.w.s.a.HttpWebHandlerAdapter - [21df5d4e-10] HTTP GET "/cors"
03:16:10.509 [reactor-http-nio-3] DEBUG o.s.w.r.r.m.a.RequestMappingHandlerMapping - [21df5d4e-10] Mapped to org.springframework.web.reactive.result.method.annotation.GlobalCorsConfigIntegrationTests$TestController#cors()
03:16:10.510 [reactor-http-nio-3] DEBUG o.s.w.r.r.m.a.ResponseBodyResultHandler - Using 'text/plain;charset=UTF-8' given [text/plain, application/json, application/x-jackson-smile, application/*+json, */*] and supported [text/plain;charset=UTF-8, text/event-stream, text/plain;charset=UTF-8, */*]
03:16:10.510 [reactor-http-nio-3] DEBUG o.s.w.r.r.m.a.ResponseBodyResultHandler - [21df5d4e-10] 0..1 [java.lang.String]
03:16:10.510 [reactor-http-nio-3] DEBUG o.s.c.c.CharSequenceEncoder - [21df5d4e-10] Writing "cors"
03:16:10.512 [reactor-http-nio-3] DEBUG o.s.w.s.a.HttpWebHandlerAdapter - [21df5d4e-10] Completed 200 OK
03:16:10.512 [Test worker] DEBUG o.s.w.c.RestTemplate - Response 200 OK
03:16:10.513 [Test worker] DEBUG o.s.w.c.RestTemplate - Reading to [java.lang.String] as "text/plain;charset=UTF-8"
03:16:10.513 [Test worker] DEBUG o.s.w.t.h.s.r.b.ReactorHttpServer - Stopping ReactorHttpServer...
03:16:10.514 [Test worker] DEBUG o.s.w.t.h.s.r.b.ReactorHttpServer - Server stopped (0 millis).
03:16:10.606 [Test worker] DEBUG o.s.w.r.r.m.a.RequestMappingHandlerMapping - 5 mappings in 'requestMappingHandlerMapping'
03:16:10.641 [Test worker] DEBUG o.s.w.r.r.m.a.ControllerMethodResolver - ControllerAdvice beans: none
03:16:10.684 [Test worker] DEBUG o.s.w.s.a.HttpWebHandlerAdapter - enableLoggingRequestDetails='false': form data and headers will be masked to prevent unsafe logging of potentially sensitive data
03:16:10.693 [Test worker] DEBUG o.s.w.t.h.s.r.b.TomcatHttpServer - Starting TomcatHttpServer...
03:16:10.707 [Test worker] DEBUG o.s.w.t.h.s.r.b.TomcatHttpServer - Server started on port 64599(0 millis).
03:16:10.708 [Test worker] DEBUG o.s.w.c.RestTemplate - HTTP GET http://localhost:64599/cors
03:16:10.708 [Test worker] DEBUG o.s.w.c.RestTemplate - Accept=[text/plain, application/json, application/x-jackson-smile, application/*+json, */*]
03:16:10.759 [http-nio-auto-9-exec-1] DEBUG o.s.w.s.a.HttpWebHandlerAdapter - [7621132f] HTTP GET "/cors"
03:16:10.760 [http-nio-auto-9-exec-1] DEBUG o.s.w.r.r.m.a.RequestMappingHandlerMapping - [7621132f] Mapped to org.springframework.web.reactive.result.method.annotation.GlobalCorsConfigIntegrationTests$TestController#cors()
03:16:10.764 [http-nio-auto-9-exec-1] DEBUG o.s.w.r.r.m.a.ResponseBodyResultHandler - Using 'text/plain;charset=UTF-8' given [text/plain, application/json, application/x-jackson-smile, application/*+json, */*] and supported [text/plain;charset=UTF-8, text/event-stream, text/plain;charset=UTF-8, */*]
03:16:10.764 [http-nio-auto-9-exec-1] DEBUG o.s.w.r.r.m.a.ResponseBodyResultHandler - [7621132f] 0..1 [java.lang.String]
03:16:10.764 [http-nio-auto-9-exec-1] DEBUG o.s.c.c.CharSequenceEncoder - [7621132f] Writing "cors"
03:16:10.765 [http-nio-auto-9-exec-1] DEBUG o.s.w.s.a.HttpWebHandlerAdapter - [7621132f] Completed 200 OK
03:16:10.797 [Test worker] DEBUG o.s.w.c.RestTemplate - Response 200 OK
03:16:10.797 [Test worker] DEBUG o.s.w.c.RestTemplate - Reading to [java.lang.String] as "text/plain;charset=UTF-8"
03:16:10.797 [Test worker] DEBUG o.s.w.t.h.s.r.b.TomcatHttpServer - Stopping TomcatHttpServer...
03:16:11.171 [Test worker] DEBUG o.s.w.t.h.s.r.b.TomcatHttpServer - Server stopped (0 millis).
03:16:11.277 [Test worker] DEBUG o.s.w.r.r.m.a.RequestMappingHandlerMapping - 5 mappings in 'requestMappingHandlerMapping'
03:16:11.381 [Test worker] DEBUG o.s.w.r.r.m.a.ControllerMethodResolver - ControllerAdvice beans: none
03:16:11.410 [Test worker] DEBUG o.s.w.s.a.HttpWebHandlerAdapter - enableLoggingRequestDetails='false': form data and headers will be masked to prevent unsafe logging of potentially sensitive data
03:16:11.411 [Test worker] DEBUG o.s.w.t.h.s.r.b.UndertowHttpServer - Starting UndertowHttpServer...
03:16:11.411 [Test worker] INFO  i.undertow - starting server: Undertow - 2.1.3.Final
03:16:11.425 [Test worker] DEBUG o.s.w.t.h.s.r.b.UndertowHttpServer - Server started on port 64616(0 millis).
03:16:11.426 [Test worker] DEBUG o.s.w.c.RestTemplate - HTTP GET http://localhost:64616/cors
03:16:11.427 [Test worker] DEBUG o.s.w.c.RestTemplate - Accept=[text/plain, application/json, application/x-jackson-smile, application/*+json, */*]
03:16:11.433 [XNIO-8 I/O-4] DEBUG o.s.w.s.a.HttpWebHandlerAdapter - [c0fa051] HTTP GET "/cors"
03:16:11.434 [XNIO-8 I/O-4] DEBUG o.s.w.r.r.m.a.RequestMappingHandlerMapping - [c0fa051] Mapped to org.springframework.web.reactive.result.method.annotation.GlobalCorsConfigIntegrationTests$TestController#cors()
03:16:11.437 [XNIO-8 I/O-4] DEBUG o.s.w.r.r.m.a.ResponseBodyResultHandler - Using 'text/plain;charset=UTF-8' given [text/plain, application/json, application/x-jackson-smile, application/*+json, */*] and supported [text/plain;charset=UTF-8, text/event-stream, text/plain;charset=UTF-8, */*]
03:16:11.438 [XNIO-8 I/O-4] DEBUG o.s.w.r.r.m.a.ResponseBodyResultHandler - [c0fa051] 0..1 [java.lang.String]
03:16:11.438 [XNIO-8 I/O-4] DEBUG o.s.c.c.CharSequenceEncoder - [c0fa051] Writing "cors"
03:16:11.438 [XNIO-8 I/O-4] DEBUG o.s.w.s.a.HttpWebHandlerAdapter - [c0fa051] Completed 200 OK
03:16:11.439 [Test worker] DEBUG o.s.w.c.RestTemplate - Response 200 OK
03:16:11.439 [Test worker] DEBUG o.s.w.c.RestTemplate - Reading to [java.lang.String] as "text/plain;charset=UTF-8"
03:16:11.439 [Test worker] DEBUG o.s.w.t.h.s.r.b.UndertowHttpServer - Stopping UndertowHttpServer...
03:16:11.439 [Test worker] INFO  i.undertow - stopping server: Undertow - 2.1.3.Final
03:16:11.445 [Test worker] DEBUG o.s.w.t.h.s.r.b.UndertowHttpServer - Server stopped (0 millis).
03:16:11.511 [Test worker] DEBUG o.s.w.r.r.m.a.RequestMappingHandlerMapping - 5 mappings in 'requestMappingHandlerMapping'
03:16:11.550 [Test worker] DEBUG o.s.w.r.r.m.a.ControllerMethodResolver - ControllerAdvice beans: none
03:16:11.585 [Test worker] DEBUG o.s.w.s.a.HttpWebHandlerAdapter - enableLoggingRequestDetails='false': form data and headers will be masked to prevent unsafe logging of potentially sensitive data
03:16:11.585 [Test worker] WARN  o.e.j.s.h.ContextHandler - Empty contextPath
03:16:11.586 [Test worker] INFO  o.e.j.s.h.ContextHandler - Started o.e.j.s.ServletContextHandler@35b34b69{/,null,AVAILABLE}
03:16:11.587 [Test worker] DEBUG o.s.w.t.h.s.r.b.JettyHttpServer - Starting JettyHttpServer...
03:16:11.587 [Test worker] INFO  o.e.j.s.Server - jetty-9.4.31.v20200723; built: 2020-07-23T17:57:36.812Z; git: 450ba27947e13e66baa8cd1ce7e85a4461cacc1d; jvm 1.8.0_261-b12
03:16:11.595 [Test worker] INFO  o.e.j.s.AbstractConnector - Started ServerConnector@62927616{HTTP/1.1, (http/1.1)}{0.0.0.0:64618}
03:16:11.595 [Test worker] INFO  o.e.j.s.Server - Started @72819ms
03:16:11.595 [Test worker] DEBUG o.s.w.t.h.s.r.b.JettyHttpServer - Server started on port 64618(0 millis).
03:16:11.596 [Test worker] DEBUG o.s.w.c.RestTemplate - HTTP GET http://localhost:64618/cors-restricted
03:16:11.596 [Test worker] DEBUG o.s.w.c.RestTemplate - Accept=[text/plain, application/json, application/x-jackson-smile, application/*+json, */*]
03:16:11.603 [qtp1208009770-1148] DEBUG o.s.w.s.a.HttpWebHandlerAdapter - [6bc23432] HTTP GET "/cors-restricted"
03:16:11.603 [qtp1208009770-1148] DEBUG o.s.w.r.r.m.a.RequestMappingHandlerMapping - [6bc23432] Mapped to org.springframework.web.reactive.result.method.annotation.GlobalCorsConfigIntegrationTests$TestController#corsRestricted()
03:16:11.603 [qtp1208009770-1148] DEBUG o.s.w.c.r.DefaultCorsProcessor - Reject: 'http://localhost:9000' origin is not allowed
03:16:11.603 [qtp1208009770-1148] DEBUG o.s.w.s.a.HttpWebHandlerAdapter - [6bc23432] Completed 403 FORBIDDEN
03:16:11.604 [Test worker] DEBUG o.s.w.c.RestTemplate - Response 403 FORBIDDEN
03:16:11.611 [Test worker] DEBUG o.s.w.t.h.s.r.b.JettyHttpServer - Stopping JettyHttpServer...
03:16:11.612 [Test worker] INFO  o.e.j.s.h.ContextHandler - Stopped o.e.j.s.ServletContextHandler@35b34b69{/,null,UNAVAILABLE}
03:16:11.613 [Test worker] INFO  o.e.j.s.AbstractConnector - Stopped ServerConnector@62927616{HTTP/1.1, (http/1.1)}{0.0.0.0:0}
03:16:11.614 [Test worker] DEBUG o.s.w.t.h.s.r.b.JettyHttpServer - Server stopped (0 millis).
03:16:11.687 [Test worker] DEBUG o.s.w.r.r.m.a.RequestMappingHandlerMapping - 5 mappings in 'requestMappingHandlerMapping'
03:16:11.746 [Test worker] DEBUG o.s.w.r.r.m.a.ControllerMethodResolver - ControllerAdvice beans: none
03:16:11.777 [Test worker] DEBUG o.s.w.s.a.HttpWebHandlerAdapter - enableLoggingRequestDetails='false': form data and headers will be masked to prevent unsafe logging of potentially sensitive data
03:16:11.777 [Test worker] DEBUG o.s.w.t.h.s.r.b.ReactorHttpServer - Starting ReactorHttpServer...
03:16:11.780 [Test worker] DEBUG o.s.w.t.h.s.r.b.ReactorHttpServer - Server started on port 64624(0 millis).
03:16:11.780 [Test worker] DEBUG o.s.w.c.RestTemplate - HTTP GET http://localhost:64624/cors-restricted
03:16:11.781 [Test worker] DEBUG o.s.w.c.RestTemplate - Accept=[text/plain, application/json, application/x-jackson-smile, application/*+json, */*]
03:16:11.785 [reactor-http-nio-1] DEBUG o.s.w.s.a.HttpWebHandlerAdapter - [b3777372-11] HTTP GET "/cors-restricted"
03:16:11.786 [reactor-http-nio-1] DEBUG o.s.w.r.r.m.a.RequestMappingHandlerMapping - [b3777372-11] Mapped to org.springframework.web.reactive.result.method.annotation.GlobalCorsConfigIntegrationTests$TestController#corsRestricted()
03:16:11.786 [reactor-http-nio-1] DEBUG o.s.w.c.r.DefaultCorsProcessor - Reject: 'http://localhost:9000' origin is not allowed
03:16:11.786 [reactor-http-nio-1] DEBUG o.s.w.s.a.HttpWebHandlerAdapter - [b3777372-11] Completed 403 FORBIDDEN
03:16:11.787 [Test worker] DEBUG o.s.w.c.RestTemplate - Response 403 FORBIDDEN
03:16:11.788 [Test worker] DEBUG o.s.w.t.h.s.r.b.ReactorHttpServer - Stopping ReactorHttpServer...
03:16:11.788 [Test worker] DEBUG o.s.w.t.h.s.r.b.ReactorHttpServer - Server stopped (0 millis).
03:16:11.884 [Test worker] DEBUG o.s.w.r.r.m.a.RequestMappingHandlerMapping - 5 mappings in 'requestMappingHandlerMapping'
03:16:11.927 [Test worker] DEBUG o.s.w.r.r.m.a.ControllerMethodResolver - ControllerAdvice beans: none
03:16:11.957 [Test worker] DEBUG o.s.w.s.a.HttpWebHandlerAdapter - enableLoggingRequestDetails='false': form data and headers will be masked to prevent unsafe logging of potentially sensitive data
03:16:11.958 [Test worker] DEBUG o.s.w.t.h.s.r.b.TomcatHttpServer - Starting TomcatHttpServer...
03:16:11.971 [Test worker] DEBUG o.s.w.t.h.s.r.b.TomcatHttpServer - Server started on port 64626(0 millis).
03:16:11.972 [Test worker] DEBUG o.s.w.c.RestTemplate - HTTP GET http://localhost:64626/cors-restricted
03:16:11.972 [Test worker] DEBUG o.s.w.c.RestTemplate - Accept=[text/plain, application/json, application/x-jackson-smile, application/*+json, */*]
03:16:11.979 [http-nio-auto-10-exec-1] DEBUG o.s.w.s.a.HttpWebHandlerAdapter - [139cdd5c] HTTP GET "/cors-restricted"
03:16:11.979 [http-nio-auto-10-exec-1] DEBUG o.s.w.r.r.m.a.RequestMappingHandlerMapping - [139cdd5c] Mapped to org.springframework.web.reactive.result.method.annotation.GlobalCorsConfigIntegrationTests$TestController#corsRestricted()
03:16:11.979 [http-nio-auto-10-exec-1] DEBUG o.s.w.c.r.DefaultCorsProcessor - Reject: 'http://localhost:9000' origin is not allowed
03:16:11.979 [http-nio-auto-10-exec-1] DEBUG o.s.w.s.a.HttpWebHandlerAdapter - [139cdd5c] Completed 403 FORBIDDEN
03:16:11.981 [Test worker] DEBUG o.s.w.c.RestTemplate - Response 403 FORBIDDEN
03:16:11.983 [Test worker] DEBUG o.s.w.t.h.s.r.b.TomcatHttpServer - Stopping TomcatHttpServer...
03:16:12.228 [Test worker] DEBUG o.s.w.t.h.s.r.b.TomcatHttpServer - Server stopped (0 millis).
03:16:12.296 [Test worker] DEBUG o.s.w.r.r.m.a.RequestMappingHandlerMapping - 5 mappings in 'requestMappingHandlerMapping'
03:16:12.323 [Test worker] DEBUG o.s.w.r.r.m.a.ControllerMethodResolver - ControllerAdvice beans: none
03:16:12.350 [Test worker] DEBUG o.s.w.s.a.HttpWebHandlerAdapter - enableLoggingRequestDetails='false': form data and headers will be masked to prevent unsafe logging of potentially sensitive data
03:16:12.351 [Test worker] DEBUG o.s.w.t.h.s.r.b.UndertowHttpServer - Starting UndertowHttpServer...
03:16:12.351 [Test worker] INFO  i.undertow - starting server: Undertow - 2.1.3.Final
03:16:12.362 [Test worker] DEBUG o.s.w.t.h.s.r.b.UndertowHttpServer - Server started on port 64643(0 millis).
03:16:12.362 [Test worker] DEBUG o.s.w.c.RestTemplate - HTTP GET http://localhost:64643/cors-restricted
03:16:12.362 [Test worker] DEBUG o.s.w.c.RestTemplate - Accept=[text/plain, application/json, application/x-jackson-smile, application/*+json, */*]
03:16:12.366 [XNIO-9 I/O-4] DEBUG o.s.w.s.a.HttpWebHandlerAdapter - [6011e2c8] HTTP GET "/cors-restricted"
03:16:12.366 [XNIO-9 I/O-4] DEBUG o.s.w.r.r.m.a.RequestMappingHandlerMapping - [6011e2c8] Mapped to org.springframework.web.reactive.result.method.annotation.GlobalCorsConfigIntegrationTests$TestController#corsRestricted()
03:16:12.367 [XNIO-9 I/O-4] DEBUG o.s.w.c.r.DefaultCorsProcessor - Reject: 'http://localhost:9000' origin is not allowed
03:16:12.367 [XNIO-9 I/O-4] DEBUG o.s.w.s.a.HttpWebHandlerAdapter - [6011e2c8] Completed 403 FORBIDDEN
03:16:12.367 [Test worker] DEBUG o.s.w.c.RestTemplate - Response 403 FORBIDDEN
03:16:12.368 [Test worker] DEBUG o.s.w.t.h.s.r.b.UndertowHttpServer - Stopping UndertowHttpServer...
03:16:12.368 [Test worker] INFO  i.undertow - stopping server: Undertow - 2.1.3.Final
03:16:12.370 [Test worker] DEBUG o.s.w.t.h.s.r.b.UndertowHttpServer - Server stopped (0 millis).
03:16:12.420 [Test worker] DEBUG o.s.w.r.r.m.a.RequestMappingHandlerMapping - 5 mappings in 'requestMappingHandlerMapping'
03:16:12.458 [Test worker] DEBUG o.s.w.r.r.m.a.ControllerMethodResolver - ControllerAdvice beans: none
03:16:12.666 [Test worker] DEBUG o.s.w.s.a.HttpWebHandlerAdapter - enableLoggingRequestDetails='false': form data and headers will be masked to prevent unsafe logging of potentially sensitive data
03:16:12.666 [Test worker] WARN  o.e.j.s.h.ContextHandler - Empty contextPath
03:16:12.667 [Test worker] INFO  o.e.j.s.h.ContextHandler - Started o.e.j.s.ServletContextHandler@4b86cd17{/,null,AVAILABLE}
03:16:12.667 [Test worker] DEBUG o.s.w.t.h.s.r.b.JettyHttpServer - Starting JettyHttpServer...
03:16:12.667 [Test worker] INFO  o.e.j.s.Server - jetty-9.4.31.v20200723; built: 2020-07-23T17:57:36.812Z; git: 450ba27947e13e66baa8cd1ce7e85a4461cacc1d; jvm 1.8.0_261-b12
03:16:12.685 [Test worker] INFO  o.e.j.s.AbstractConnector - Started ServerConnector@7fe48b97{HTTP/1.1, (http/1.1)}{0.0.0.0:64646}
03:16:12.685 [Test worker] INFO  o.e.j.s.Server - Started @73908ms
03:16:12.685 [Test worker] DEBUG o.s.w.t.h.s.r.b.JettyHttpServer - Server started on port 64646(0 millis).
03:16:12.686 [Test worker] DEBUG o.s.w.c.RestTemplate - HTTP OPTIONS http://localhost:64646/cors
03:16:12.687 [Test worker] DEBUG o.s.w.c.RestTemplate - Accept=[text/plain, application/json, application/x-jackson-smile, application/*+json, */*]
03:16:12.691 [qtp219657574-1186] DEBUG o.s.w.s.a.HttpWebHandlerAdapter - [31b1e7f] HTTP OPTIONS "/cors"
03:16:12.692 [qtp219657574-1186] DEBUG o.s.w.r.r.m.a.RequestMappingHandlerMapping - [31b1e7f] Mapped to org.springframework.web.reactive.result.method.annotation.GlobalCorsConfigIntegrationTests$TestController#cors()
03:16:12.692 [qtp219657574-1186] DEBUG o.s.w.s.a.HttpWebHandlerAdapter - [31b1e7f] Completed 200 OK
03:16:12.693 [Test worker] DEBUG o.s.w.c.RestTemplate - Response 200 OK
03:16:12.693 [Test worker] DEBUG o.s.w.t.h.s.r.b.JettyHttpServer - Stopping JettyHttpServer...
03:16:12.693 [Test worker] INFO  o.e.j.s.h.ContextHandler - Stopped o.e.j.s.ServletContextHandler@4b86cd17{/,null,UNAVAILABLE}
03:16:12.698 [Test worker] INFO  o.e.j.s.AbstractConnector - Stopped ServerConnector@7fe48b97{HTTP/1.1, (http/1.1)}{0.0.0.0:0}
03:16:12.701 [Test worker] DEBUG o.s.w.t.h.s.r.b.JettyHttpServer - Server stopped (0 millis).
03:16:13.015 [Test worker] DEBUG o.s.w.r.r.m.a.RequestMappingHandlerMapping - 5 mappings in 'requestMappingHandlerMapping'
03:16:13.062 [Test worker] DEBUG o.s.w.r.r.m.a.ControllerMethodResolver - ControllerAdvice beans: none
03:16:13.140 [Test worker] DEBUG o.s.w.s.a.HttpWebHandlerAdapter - enableLoggingRequestDetails='false': form data and headers will be masked to prevent unsafe logging of potentially sensitive data
03:16:13.141 [Test worker] DEBUG o.s.w.t.h.s.r.b.ReactorHttpServer - Starting ReactorHttpServer...
03:16:13.145 [Test worker] DEBUG o.s.w.t.h.s.r.b.ReactorHttpServer - Server started on port 64654(0 millis).
03:16:13.146 [Test worker] DEBUG o.s.w.c.RestTemplate - HTTP OPTIONS http://localhost:64654/cors
03:16:13.146 [Test worker] DEBUG o.s.w.c.RestTemplate - Accept=[text/plain, application/json, application/x-jackson-smile, application/*+json, */*]
03:16:13.163 [reactor-http-nio-3] DEBUG o.s.w.s.a.HttpWebHandlerAdapter - [804d8056-12] HTTP OPTIONS "/cors"
03:16:13.163 [reactor-http-nio-3] DEBUG o.s.w.r.r.m.a.RequestMappingHandlerMapping - [804d8056-12] Mapped to org.springframework.web.reactive.result.method.annotation.GlobalCorsConfigIntegrationTests$TestController#cors()
03:16:13.164 [reactor-http-nio-3] DEBUG o.s.w.s.a.HttpWebHandlerAdapter - [804d8056-12] Completed 200 OK
03:16:13.166 [Test worker] DEBUG o.s.w.c.RestTemplate - Response 200 OK
03:16:13.167 [Test worker] DEBUG o.s.w.t.h.s.r.b.ReactorHttpServer - Stopping ReactorHttpServer...
03:16:13.168 [Test worker] DEBUG o.s.w.t.h.s.r.b.ReactorHttpServer - Server stopped (0 millis).
03:16:13.257 [Test worker] DEBUG o.s.w.r.r.m.a.RequestMappingHandlerMapping - 5 mappings in 'requestMappingHandlerMapping'
03:16:13.293 [Test worker] DEBUG o.s.w.r.r.m.a.ControllerMethodResolver - ControllerAdvice beans: none
03:16:13.328 [Test worker] DEBUG o.s.w.s.a.HttpWebHandlerAdapter - enableLoggingRequestDetails='false': form data and headers will be masked to prevent unsafe logging of potentially sensitive data
03:16:13.329 [Test worker] DEBUG o.s.w.t.h.s.r.b.TomcatHttpServer - Starting TomcatHttpServer...
03:16:13.345 [Test worker] DEBUG o.s.w.t.h.s.r.b.TomcatHttpServer - Server started on port 64656(0 millis).
03:16:13.346 [Test worker] DEBUG o.s.w.c.RestTemplate - HTTP OPTIONS http://localhost:64656/cors
03:16:13.346 [Test worker] DEBUG o.s.w.c.RestTemplate - Accept=[text/plain, application/json, application/x-jackson-smile, application/*+json, */*]
03:16:13.377 [http-nio-auto-11-exec-1] DEBUG o.s.w.s.a.HttpWebHandlerAdapter - [8ef53de] HTTP OPTIONS "/cors"
03:16:13.377 [http-nio-auto-11-exec-1] DEBUG o.s.w.r.r.m.a.RequestMappingHandlerMapping - [8ef53de] Mapped to org.springframework.web.reactive.result.method.annotation.GlobalCorsConfigIntegrationTests$TestController#cors()
03:16:13.377 [http-nio-auto-11-exec-1] DEBUG o.s.w.s.a.HttpWebHandlerAdapter - [8ef53de] Completed 200 OK
03:16:13.383 [Test worker] DEBUG o.s.w.c.RestTemplate - Response 200 OK
03:16:13.383 [Test worker] DEBUG o.s.w.t.h.s.r.b.TomcatHttpServer - Stopping TomcatHttpServer...
03:16:13.620 [Test worker] DEBUG o.s.w.t.h.s.r.b.TomcatHttpServer - Server stopped (0 millis).
03:16:13.658 [Test worker] DEBUG o.s.w.r.r.m.a.RequestMappingHandlerMapping - 5 mappings in 'requestMappingHandlerMapping'
03:16:13.703 [Test worker] DEBUG o.s.w.r.r.m.a.ControllerMethodResolver - ControllerAdvice beans: none
03:16:13.727 [Test worker] DEBUG o.s.w.s.a.HttpWebHandlerAdapter - enableLoggingRequestDetails='false': form data and headers will be masked to prevent unsafe logging of potentially sensitive data
03:16:13.727 [Test worker] DEBUG o.s.w.t.h.s.r.b.UndertowHttpServer - Starting UndertowHttpServer...
03:16:13.727 [Test worker] INFO  i.undertow - starting server: Undertow - 2.1.3.Final
03:16:13.738 [Test worker] DEBUG o.s.w.t.h.s.r.b.UndertowHttpServer - Server started on port 64673(0 millis).
03:16:13.739 [Test worker] DEBUG o.s.w.c.RestTemplate - HTTP OPTIONS http://localhost:64673/cors
03:16:13.739 [Test worker] DEBUG o.s.w.c.RestTemplate - Accept=[text/plain, application/json, application/x-jackson-smile, application/*+json, */*]
03:16:13.746 [XNIO-10 I/O-3] DEBUG o.s.w.s.a.HttpWebHandlerAdapter - [298dd40c] HTTP OPTIONS "/cors"
03:16:13.746 [XNIO-10 I/O-3] DEBUG o.s.w.r.r.m.a.RequestMappingHandlerMapping - [298dd40c] Mapped to org.springframework.web.reactive.result.method.annotation.GlobalCorsConfigIntegrationTests$TestController#cors()
03:16:13.746 [XNIO-10 I/O-3] DEBUG o.s.w.s.a.HttpWebHandlerAdapter - [298dd40c] Completed 200 OK
03:16:13.747 [Test worker] DEBUG o.s.w.c.RestTemplate - Response 200 OK
03:16:13.747 [Test worker] DEBUG o.s.w.t.h.s.r.b.UndertowHttpServer - Stopping UndertowHttpServer...
03:16:13.747 [Test worker] INFO  i.undertow - stopping server: Undertow - 2.1.3.Final
03:16:13.752 [Test worker] DEBUG o.s.w.t.h.s.r.b.UndertowHttpServer - Server stopped (0 millis).
03:16:13.802 [Test worker] DEBUG o.s.w.r.r.m.a.RequestMappingHandlerMapping - 5 mappings in 'requestMappingHandlerMapping'
03:16:13.838 [Test worker] DEBUG o.s.w.r.r.m.a.ControllerMethodResolver - ControllerAdvice beans: none
03:16:13.878 [Test worker] DEBUG o.s.w.s.a.HttpWebHandlerAdapter - enableLoggingRequestDetails='false': form data and headers will be masked to prevent unsafe logging of potentially sensitive data
03:16:13.878 [Test worker] WARN  o.e.j.s.h.ContextHandler - Empty contextPath
03:16:13.878 [Test worker] INFO  o.e.j.s.h.ContextHandler - Started o.e.j.s.ServletContextHandler@f216a67{/,null,AVAILABLE}
03:16:13.879 [Test worker] DEBUG o.s.w.t.h.s.r.b.JettyHttpServer - Starting JettyHttpServer...
03:16:13.879 [Test worker] INFO  o.e.j.s.Server - jetty-9.4.31.v20200723; built: 2020-07-23T17:57:36.812Z; git: 450ba27947e13e66baa8cd1ce7e85a4461cacc1d; jvm 1.8.0_261-b12
03:16:13.883 [Test worker] INFO  o.e.j.s.AbstractConnector - Started ServerConnector@667d69ff{HTTP/1.1, (http/1.1)}{0.0.0.0:64675}
03:16:13.884 [Test worker] INFO  o.e.j.s.Server - Started @75107ms
03:16:13.884 [Test worker] DEBUG o.s.w.t.h.s.r.b.JettyHttpServer - Server started on port 64675(0 millis).
03:16:13.884 [Test worker] DEBUG o.s.w.c.RestTemplate - HTTP OPTIONS http://localhost:64675/cors-restricted
03:16:13.884 [Test worker] DEBUG o.s.w.c.RestTemplate - Accept=[text/plain, application/json, application/x-jackson-smile, application/*+json, */*]
03:16:13.888 [qtp1557120481-1231] DEBUG o.s.w.s.a.HttpWebHandlerAdapter - [5ac4571e] HTTP OPTIONS "/cors-restricted"
03:16:13.889 [qtp1557120481-1231] DEBUG o.s.w.r.r.m.a.RequestMappingHandlerMapping - [5ac4571e] Mapped to org.springframework.web.reactive.result.method.annotation.GlobalCorsConfigIntegrationTests$TestController#corsRestricted()
03:16:13.889 [qtp1557120481-1231] DEBUG o.s.w.c.r.DefaultCorsProcessor - Reject: 'http://localhost:9000' origin is not allowed
03:16:13.889 [qtp1557120481-1231] DEBUG o.s.w.s.a.HttpWebHandlerAdapter - [5ac4571e] Completed 403 FORBIDDEN
03:16:13.890 [Test worker] DEBUG o.s.w.c.RestTemplate - Response 403 FORBIDDEN
03:16:13.890 [Test worker] DEBUG o.s.w.t.h.s.r.b.JettyHttpServer - Stopping JettyHttpServer...
03:16:13.891 [Test worker] INFO  o.e.j.s.h.ContextHandler - Stopped o.e.j.s.ServletContextHandler@f216a67{/,null,UNAVAILABLE}
03:16:13.893 [Test worker] INFO  o.e.j.s.AbstractConnector - Stopped ServerConnector@667d69ff{HTTP/1.1, (http/1.1)}{0.0.0.0:0}
03:16:13.895 [Test worker] DEBUG o.s.w.t.h.s.r.b.JettyHttpServer - Server stopped (0 millis).
03:16:13.953 [Test worker] DEBUG o.s.w.r.r.m.a.RequestMappingHandlerMapping - 5 mappings in 'requestMappingHandlerMapping'
03:16:13.986 [Test worker] DEBUG o.s.w.r.r.m.a.ControllerMethodResolver - ControllerAdvice beans: none
03:16:14.012 [Test worker] DEBUG o.s.w.s.a.HttpWebHandlerAdapter - enableLoggingRequestDetails='false': form data and headers will be masked to prevent unsafe logging of potentially sensitive data
03:16:14.013 [Test worker] DEBUG o.s.w.t.h.s.r.b.ReactorHttpServer - Starting ReactorHttpServer...
03:16:14.014 [Test worker] DEBUG o.s.w.t.h.s.r.b.ReactorHttpServer - Server started on port 64681(0 millis).
03:16:14.014 [Test worker] DEBUG o.s.w.c.RestTemplate - HTTP OPTIONS http://localhost:64681/cors-restricted
03:16:14.017 [Test worker] DEBUG o.s.w.c.RestTemplate - Accept=[text/plain, application/json, application/x-jackson-smile, application/*+json, */*]
03:16:14.023 [reactor-http-nio-1] DEBUG o.s.w.s.a.HttpWebHandlerAdapter - [c7c8002d-13] HTTP OPTIONS "/cors-restricted"
03:16:14.024 [reactor-http-nio-1] DEBUG o.s.w.r.r.m.a.RequestMappingHandlerMapping - [c7c8002d-13] Mapped to org.springframework.web.reactive.result.method.annotation.GlobalCorsConfigIntegrationTests$TestController#corsRestricted()
03:16:14.024 [reactor-http-nio-1] DEBUG o.s.w.c.r.DefaultCorsProcessor - Reject: 'http://localhost:9000' origin is not allowed
03:16:14.025 [reactor-http-nio-1] DEBUG o.s.w.s.a.HttpWebHandlerAdapter - [c7c8002d-13] Completed 403 FORBIDDEN
03:16:14.030 [Test worker] DEBUG o.s.w.c.RestTemplate - Response 403 FORBIDDEN
03:16:14.030 [Test worker] DEBUG o.s.w.t.h.s.r.b.ReactorHttpServer - Stopping ReactorHttpServer...
03:16:14.034 [Test worker] DEBUG o.s.w.t.h.s.r.b.ReactorHttpServer - Server stopped (0 millis).
03:16:14.160 [Test worker] DEBUG o.s.w.r.r.m.a.RequestMappingHandlerMapping - 5 mappings in 'requestMappingHandlerMapping'
03:16:14.205 [Test worker] DEBUG o.s.w.r.r.m.a.ControllerMethodResolver - ControllerAdvice beans: none
03:16:14.239 [Test worker] DEBUG o.s.w.s.a.HttpWebHandlerAdapter - enableLoggingRequestDetails='false': form data and headers will be masked to prevent unsafe logging of potentially sensitive data
03:16:14.240 [Test worker] DEBUG o.s.w.t.h.s.r.b.TomcatHttpServer - Starting TomcatHttpServer...
03:16:14.256 [Test worker] DEBUG o.s.w.t.h.s.r.b.TomcatHttpServer - Server started on port 64683(0 millis).
03:16:14.256 [Test worker] DEBUG o.s.w.c.RestTemplate - HTTP OPTIONS http://localhost:64683/cors-restricted
03:16:14.256 [Test worker] DEBUG o.s.w.c.RestTemplate - Accept=[text/plain, application/json, application/x-jackson-smile, application/*+json, */*]
03:16:14.269 [http-nio-auto-12-exec-1] DEBUG o.s.w.s.a.HttpWebHandlerAdapter - [517d09ed] HTTP OPTIONS "/cors-restricted"
03:16:14.270 [http-nio-auto-12-exec-1] DEBUG o.s.w.r.r.m.a.RequestMappingHandlerMapping - [517d09ed] Mapped to org.springframework.web.reactive.result.method.annotation.GlobalCorsConfigIntegrationTests$TestController#corsRestricted()
03:16:14.270 [http-nio-auto-12-exec-1] DEBUG o.s.w.c.r.DefaultCorsProcessor - Reject: 'http://localhost:9000' origin is not allowed
03:16:14.270 [http-nio-auto-12-exec-1] DEBUG o.s.w.s.a.HttpWebHandlerAdapter - [517d09ed] Completed 403 FORBIDDEN
03:16:14.271 [Test worker] DEBUG o.s.w.c.RestTemplate - Response 403 FORBIDDEN
03:16:14.271 [Test worker] DEBUG o.s.w.t.h.s.r.b.TomcatHttpServer - Stopping TomcatHttpServer...
03:16:14.546 [Test worker] DEBUG o.s.w.t.h.s.r.b.TomcatHttpServer - Server stopped (0 millis).
03:16:14.669 [Test worker] DEBUG o.s.w.r.r.m.a.RequestMappingHandlerMapping - 5 mappings in 'requestMappingHandlerMapping'
03:16:14.709 [Test worker] DEBUG o.s.w.r.r.m.a.ControllerMethodResolver - ControllerAdvice beans: none
03:16:14.746 [Test worker] DEBUG o.s.w.s.a.HttpWebHandlerAdapter - enableLoggingRequestDetails='false': form data and headers will be masked to prevent unsafe logging of potentially sensitive data
03:16:14.746 [Test worker] DEBUG o.s.w.t.h.s.r.b.UndertowHttpServer - Starting UndertowHttpServer...
03:16:14.746 [Test worker] INFO  i.undertow - starting server: Undertow - 2.1.3.Final
03:16:14.760 [Test worker] DEBUG o.s.w.t.h.s.r.b.UndertowHttpServer - Server started on port 64700(0 millis).
03:16:14.760 [Test worker] DEBUG o.s.w.c.RestTemplate - HTTP OPTIONS http://localhost:64700/cors-restricted
03:16:14.761 [Test worker] DEBUG o.s.w.c.RestTemplate - Accept=[text/plain, application/json, application/x-jackson-smile, application/*+json, */*]
03:16:14.767 [XNIO-11 I/O-3] DEBUG o.s.w.s.a.HttpWebHandlerAdapter - [4d569bf8] HTTP OPTIONS "/cors-restricted"
03:16:14.767 [XNIO-11 I/O-3] DEBUG o.s.w.r.r.m.a.RequestMappingHandlerMapping - [4d569bf8] Mapped to org.springframework.web.reactive.result.method.annotation.GlobalCorsConfigIntegrationTests$TestController#corsRestricted()
03:16:14.767 [XNIO-11 I/O-3] DEBUG o.s.w.c.r.DefaultCorsProcessor - Reject: 'http://localhost:9000' origin is not allowed
03:16:14.767 [XNIO-11 I/O-3] DEBUG o.s.w.s.a.HttpWebHandlerAdapter - [4d569bf8] Completed 403 FORBIDDEN
03:16:14.768 [Test worker] DEBUG o.s.w.c.RestTemplate - Response 403 FORBIDDEN
03:16:14.768 [Test worker] DEBUG o.s.w.t.h.s.r.b.UndertowHttpServer - Stopping UndertowHttpServer...
03:16:14.768 [Test worker] INFO  i.undertow - stopping server: Undertow - 2.1.3.Final
03:16:14.771 [Test worker] DEBUG o.s.w.t.h.s.r.b.UndertowHttpServer - Server stopped (0 millis).
03:16:14.859 [Test worker] DEBUG o.s.w.r.r.m.a.RequestMappingHandlerMapping - 5 mappings in 'requestMappingHandlerMapping'
03:16:14.903 [Test worker] DEBUG o.s.w.r.r.m.a.ControllerMethodResolver - ControllerAdvice beans: none
03:16:14.959 [Test worker] DEBUG o.s.w.s.a.HttpWebHandlerAdapter - enableLoggingRequestDetails='false': form data and headers will be masked to prevent unsafe logging of potentially sensitive data
03:16:14.960 [Test worker] WARN  o.e.j.s.h.ContextHandler - Empty contextPath
03:16:14.960 [Test worker] INFO  o.e.j.s.h.ContextHandler - Started o.e.j.s.ServletContextHandler@ccba371{/,null,AVAILABLE}
03:16:14.961 [Test worker] DEBUG o.s.w.t.h.s.r.b.JettyHttpServer - Starting JettyHttpServer...
03:16:14.961 [Test worker] INFO  o.e.j.s.Server - jetty-9.4.31.v20200723; built: 2020-07-23T17:57:36.812Z; git: 450ba27947e13e66baa8cd1ce7e85a4461cacc1d; jvm 1.8.0_261-b12
03:16:14.972 [Test worker] INFO  o.e.j.s.AbstractConnector - Started ServerConnector@594a06e0{HTTP/1.1, (http/1.1)}{0.0.0.0:64702}
03:16:14.973 [Test worker] INFO  o.e.j.s.Server - Started @76196ms
03:16:14.973 [Test worker] DEBUG o.s.w.t.h.s.r.b.JettyHttpServer - Server started on port 64702(0 millis).
03:16:14.973 [Test worker] DEBUG o.s.w.c.RestTemplate - HTTP GET http://localhost:64702/ambiguous
03:16:14.975 [Test worker] DEBUG o.s.w.c.RestTemplate - Accept=[text/plain, application/json, application/x-jackson-smile, application/*+json, */*]
03:16:14.990 [qtp928528291-1271] DEBUG o.s.w.s.a.HttpWebHandlerAdapter - [6431f0ad] HTTP GET "/ambiguous"
03:16:14.990 [qtp928528291-1271] DEBUG o.s.w.r.r.m.a.RequestMappingHandlerMapping - [6431f0ad] Mapped to org.springframework.web.reactive.result.method.annotation.GlobalCorsConfigIntegrationTests$TestController#ambiguous2()
03:16:14.991 [qtp928528291-1271] DEBUG o.s.w.r.r.m.a.ResponseBodyResultHandler - Using 'text/html' given [text/html] and supported [text/html]
03:16:14.991 [qtp928528291-1271] DEBUG o.s.w.r.r.m.a.ResponseBodyResultHandler - [6431f0ad] 0..1 [java.lang.String]
03:16:14.992 [qtp928528291-1271] DEBUG o.s.c.c.CharSequenceEncoder - [6431f0ad] Writing "<p>ambiguous</p>"
03:16:14.993 [Test worker] DEBUG o.s.w.c.RestTemplate - Response 200 OK
03:16:14.993 [qtp928528291-1271] DEBUG o.s.w.s.a.HttpWebHandlerAdapter - [6431f0ad] Completed 200 OK
03:16:14.994 [Test worker] DEBUG o.s.w.c.RestTemplate - Reading to [java.lang.String] as "text/html;charset=utf-8"
03:16:14.994 [Test worker] DEBUG o.s.w.t.h.s.r.b.JettyHttpServer - Stopping JettyHttpServer...
03:16:14.994 [Test worker] INFO  o.e.j.s.h.ContextHandler - Stopped o.e.j.s.ServletContextHandler@ccba371{/,null,UNAVAILABLE}
03:16:14.997 [Test worker] INFO  o.e.j.s.AbstractConnector - Stopped ServerConnector@594a06e0{HTTP/1.1, (http/1.1)}{0.0.0.0:0}
03:16:15.002 [Test worker] DEBUG o.s.w.t.h.s.r.b.JettyHttpServer - Server stopped (0 millis).
03:16:15.083 [Test worker] DEBUG o.s.w.r.r.m.a.RequestMappingHandlerMapping - 5 mappings in 'requestMappingHandlerMapping'
03:16:15.163 [Test worker] DEBUG o.s.w.r.r.m.a.ControllerMethodResolver - ControllerAdvice beans: none
03:16:15.198 [Test worker] DEBUG o.s.w.s.a.HttpWebHandlerAdapter - enableLoggingRequestDetails='false': form data and headers will be masked to prevent unsafe logging of potentially sensitive data
03:16:15.198 [Test worker] DEBUG o.s.w.t.h.s.r.b.ReactorHttpServer - Starting ReactorHttpServer...
03:16:15.200 [Test worker] DEBUG o.s.w.t.h.s.r.b.ReactorHttpServer - Server started on port 64708(0 millis).
03:16:15.200 [Test worker] DEBUG o.s.w.c.RestTemplate - HTTP GET http://localhost:64708/ambiguous
03:16:15.200 [Test worker] DEBUG o.s.w.c.RestTemplate - Accept=[text/plain, application/json, application/x-jackson-smile, application/*+json, */*]
03:16:15.204 [reactor-http-nio-3] DEBUG o.s.w.s.a.HttpWebHandlerAdapter - [c41a4e0c-14] HTTP GET "/ambiguous"
03:16:15.204 [reactor-http-nio-3] DEBUG o.s.w.r.r.m.a.RequestMappingHandlerMapping - [c41a4e0c-14] Mapped to org.springframework.web.reactive.result.method.annotation.GlobalCorsConfigIntegrationTests$TestController#ambiguous2()
03:16:15.204 [reactor-http-nio-3] DEBUG o.s.w.r.r.m.a.ResponseBodyResultHandler - Using 'text/html' given [text/html] and supported [text/html]
03:16:15.204 [reactor-http-nio-3] DEBUG o.s.w.r.r.m.a.ResponseBodyResultHandler - [c41a4e0c-14] 0..1 [java.lang.String]
03:16:15.204 [reactor-http-nio-3] DEBUG o.s.c.c.CharSequenceEncoder - [c41a4e0c-14] Writing "<p>ambiguous</p>"
03:16:15.204 [reactor-http-nio-3] DEBUG o.s.w.s.a.HttpWebHandlerAdapter - [c41a4e0c-14] Completed 200 OK
03:16:15.204 [Test worker] DEBUG o.s.w.c.RestTemplate - Response 200 OK
03:16:15.204 [Test worker] DEBUG o.s.w.c.RestTemplate - Reading to [java.lang.String] as "text/html;charset=UTF-8"
03:16:15.204 [Test worker] DEBUG o.s.w.t.h.s.r.b.ReactorHttpServer - Stopping ReactorHttpServer...
03:16:15.204 [Test worker] DEBUG o.s.w.t.h.s.r.b.ReactorHttpServer - Server stopped (0 millis).
03:16:15.280 [Test worker] DEBUG o.s.w.r.r.m.a.RequestMappingHandlerMapping - 5 mappings in 'requestMappingHandlerMapping'
03:16:15.325 [Test worker] DEBUG o.s.w.r.r.m.a.ControllerMethodResolver - ControllerAdvice beans: none
03:16:15.352 [Test worker] DEBUG o.s.w.s.a.HttpWebHandlerAdapter - enableLoggingRequestDetails='false': form data and headers will be masked to prevent unsafe logging of potentially sensitive data
03:16:15.353 [Test worker] DEBUG o.s.w.t.h.s.r.b.TomcatHttpServer - Starting TomcatHttpServer...
03:16:15.369 [Test worker] DEBUG o.s.w.t.h.s.r.b.TomcatHttpServer - Server started on port 64710(0 millis).
03:16:15.369 [Test worker] DEBUG o.s.w.c.RestTemplate - HTTP GET http://localhost:64710/ambiguous
03:16:15.369 [Test worker] DEBUG o.s.w.c.RestTemplate - Accept=[text/plain, application/json, application/x-jackson-smile, application/*+json, */*]
03:16:15.382 [http-nio-auto-13-exec-1] DEBUG o.s.w.s.a.HttpWebHandlerAdapter - [292c21fc] HTTP GET "/ambiguous"
03:16:15.382 [http-nio-auto-13-exec-1] DEBUG o.s.w.r.r.m.a.RequestMappingHandlerMapping - [292c21fc] Mapped to org.springframework.web.reactive.result.method.annotation.GlobalCorsConfigIntegrationTests$TestController#ambiguous2()
03:16:15.384 [http-nio-auto-13-exec-1] DEBUG o.s.w.r.r.m.a.ResponseBodyResultHandler - Using 'text/html' given [text/html] and supported [text/html]
03:16:15.384 [http-nio-auto-13-exec-1] DEBUG o.s.w.r.r.m.a.ResponseBodyResultHandler - [292c21fc] 0..1 [java.lang.String]
03:16:15.385 [http-nio-auto-13-exec-1] DEBUG o.s.c.c.CharSequenceEncoder - [292c21fc] Writing "<p>ambiguous</p>"
03:16:15.386 [http-nio-auto-13-exec-1] DEBUG o.s.w.s.a.HttpWebHandlerAdapter - [292c21fc] Completed 200 OK
03:16:15.386 [Test worker] DEBUG o.s.w.c.RestTemplate - Response 200 OK
03:16:15.386 [Test worker] DEBUG o.s.w.c.RestTemplate - Reading to [java.lang.String] as "text/html;charset=UTF-8"
03:16:15.386 [Test worker] DEBUG o.s.w.t.h.s.r.b.TomcatHttpServer - Stopping TomcatHttpServer...
03:16:15.714 [Test worker] DEBUG o.s.w.t.h.s.r.b.TomcatHttpServer - Server stopped (0 millis).
03:16:15.778 [Test worker] DEBUG o.s.w.r.r.m.a.RequestMappingHandlerMapping - 5 mappings in 'requestMappingHandlerMapping'
03:16:15.811 [Test worker] DEBUG o.s.w.r.r.m.a.ControllerMethodResolver - ControllerAdvice beans: none
03:16:15.835 [Test worker] DEBUG o.s.w.s.a.HttpWebHandlerAdapter - enableLoggingRequestDetails='false': form data and headers will be masked to prevent unsafe logging of potentially sensitive data
03:16:15.835 [Test worker] DEBUG o.s.w.t.h.s.r.b.UndertowHttpServer - Starting UndertowHttpServer...
03:16:15.835 [Test worker] INFO  i.undertow - starting server: Undertow - 2.1.3.Final
03:16:15.847 [Test worker] DEBUG o.s.w.t.h.s.r.b.UndertowHttpServer - Server started on port 64727(0 millis).
03:16:15.848 [Test worker] DEBUG o.s.w.c.RestTemplate - HTTP GET http://localhost:64727/ambiguous
03:16:15.849 [Test worker] DEBUG o.s.w.c.RestTemplate - Accept=[text/plain, application/json, application/x-jackson-smile, application/*+json, */*]
03:16:15.858 [XNIO-12 I/O-3] DEBUG o.s.w.s.a.HttpWebHandlerAdapter - [70cbf25e] HTTP GET "/ambiguous"
03:16:15.859 [XNIO-12 I/O-3] DEBUG o.s.w.r.r.m.a.RequestMappingHandlerMapping - [70cbf25e] Mapped to org.springframework.web.reactive.result.method.annotation.GlobalCorsConfigIntegrationTests$TestController#ambiguous2()
03:16:15.859 [XNIO-12 I/O-3] DEBUG o.s.w.r.r.m.a.ResponseBodyResultHandler - Using 'text/html' given [text/html] and supported [text/html]
03:16:15.859 [XNIO-12 I/O-3] DEBUG o.s.w.r.r.m.a.ResponseBodyResultHandler - [70cbf25e] 0..1 [java.lang.String]
03:16:15.860 [XNIO-12 I/O-3] DEBUG o.s.c.c.CharSequenceEncoder - [70cbf25e] Writing "<p>ambiguous</p>"
03:16:15.860 [XNIO-12 I/O-3] DEBUG o.s.w.s.a.HttpWebHandlerAdapter - [70cbf25e] Completed 200 OK
03:16:15.861 [Test worker] DEBUG o.s.w.c.RestTemplate - Response 200 OK
03:16:15.861 [Test worker] DEBUG o.s.w.c.RestTemplate - Reading to [java.lang.String] as "text/html;charset=UTF-8"
03:16:15.861 [Test worker] DEBUG o.s.w.t.h.s.r.b.UndertowHttpServer - Stopping UndertowHttpServer...
03:16:15.862 [Test worker] INFO  i.undertow - stopping server: Undertow - 2.1.3.Final
03:16:15.866 [Test worker] DEBUG o.s.w.t.h.s.r.b.UndertowHttpServer - Server stopped (0 millis).
03:16:15.928 [Test worker] DEBUG o.s.w.r.r.m.a.RequestMappingHandlerMapping - 5 mappings in 'requestMappingHandlerMapping'
03:16:16.069 [Test worker] DEBUG o.s.w.r.r.m.a.ControllerMethodResolver - ControllerAdvice beans: none
03:16:16.180 [Test worker] DEBUG o.s.w.s.a.HttpWebHandlerAdapter - enableLoggingRequestDetails='false': form data and headers will be masked to prevent unsafe logging of potentially sensitive data
03:16:16.180 [Test worker] WARN  o.e.j.s.h.ContextHandler - Empty contextPath
03:16:16.181 [Test worker] INFO  o.e.j.s.h.ContextHandler - Started o.e.j.s.ServletContextHandler@18b57693{/,null,AVAILABLE}
03:16:16.181 [Test worker] DEBUG o.s.w.t.h.s.r.b.JettyHttpServer - Starting JettyHttpServer...
03:16:16.181 [Test worker] INFO  o.e.j.s.Server - jetty-9.4.31.v20200723; built: 2020-07-23T17:57:36.812Z; git: 450ba27947e13e66baa8cd1ce7e85a4461cacc1d; jvm 1.8.0_261-b12
03:16:16.189 [Test worker] INFO  o.e.j.s.AbstractConnector - Started ServerConnector@5ba2ffe6{HTTP/1.1, (http/1.1)}{0.0.0.0:64729}
03:16:16.190 [Test worker] INFO  o.e.j.s.Server - Started @77413ms
03:16:16.190 [Test worker] DEBUG o.s.w.t.h.s.r.b.JettyHttpServer - Server started on port 64729(0 millis).
03:16:16.190 [Test worker] DEBUG o.s.w.c.RestTemplate - HTTP OPTIONS http://localhost:64729/ambiguous
03:16:16.190 [Test worker] DEBUG o.s.w.c.RestTemplate - Accept=[text/plain, application/json, application/x-jackson-smile, application/*+json, */*]
03:16:16.193 [qtp1494971569-1313] DEBUG o.s.w.s.a.HttpWebHandlerAdapter - [315b031b] HTTP OPTIONS "/ambiguous"
03:16:16.195 [qtp1494971569-1313] DEBUG o.s.w.r.r.m.a.RequestMappingHandlerMapping - [315b031b] Mapped to org.springframework.web.reactive.result.method.AbstractHandlerMethodMapping$PreFlightAmbiguousMatchHandler#handle()
03:16:16.195 [qtp1494971569-1313] DEBUG o.s.w.s.a.HttpWebHandlerAdapter - [315b031b] Completed 200 OK
03:16:16.196 [Test worker] DEBUG o.s.w.c.RestTemplate - Response 200 OK
03:16:16.196 [Test worker] DEBUG o.s.w.t.h.s.r.b.JettyHttpServer - Stopping JettyHttpServer...
03:16:16.196 [Test worker] INFO  o.e.j.s.h.ContextHandler - Stopped o.e.j.s.ServletContextHandler@18b57693{/,null,UNAVAILABLE}
03:16:16.199 [Test worker] INFO  o.e.j.s.AbstractConnector - Stopped ServerConnector@5ba2ffe6{HTTP/1.1, (http/1.1)}{0.0.0.0:0}
03:16:16.200 [Test worker] DEBUG o.s.w.t.h.s.r.b.JettyHttpServer - Server stopped (0 millis).
03:16:16.247 [Test worker] DEBUG o.s.w.r.r.m.a.RequestMappingHandlerMapping - 5 mappings in 'requestMappingHandlerMapping'
03:16:16.271 [Test worker] DEBUG o.s.w.r.r.m.a.ControllerMethodResolver - ControllerAdvice beans: none
03:16:16.288 [Test worker] DEBUG o.s.w.s.a.HttpWebHandlerAdapter - enableLoggingRequestDetails='false': form data and headers will be masked to prevent unsafe logging of potentially sensitive data
03:16:16.288 [Test worker] DEBUG o.s.w.t.h.s.r.b.ReactorHttpServer - Starting ReactorHttpServer...
03:16:16.289 [Test worker] DEBUG o.s.w.t.h.s.r.b.ReactorHttpServer - Server started on port 64735(0 millis).
03:16:16.289 [Test worker] DEBUG o.s.w.c.RestTemplate - HTTP OPTIONS http://localhost:64735/ambiguous
03:16:16.290 [Test worker] DEBUG o.s.w.c.RestTemplate - Accept=[text/plain, application/json, application/x-jackson-smile, application/*+json, */*]
03:16:16.293 [reactor-http-nio-1] DEBUG o.s.w.s.a.HttpWebHandlerAdapter - [a131622d-15] HTTP OPTIONS "/ambiguous"
03:16:16.293 [reactor-http-nio-1] DEBUG o.s.w.r.r.m.a.RequestMappingHandlerMapping - [a131622d-15] Mapped to org.springframework.web.reactive.result.method.AbstractHandlerMethodMapping$PreFlightAmbiguousMatchHandler#handle()
03:16:16.294 [reactor-http-nio-1] DEBUG o.s.w.s.a.HttpWebHandlerAdapter - [a131622d-15] Completed 200 OK
03:16:16.295 [Test worker] DEBUG o.s.w.c.RestTemplate - Response 200 OK
03:16:16.295 [Test worker] DEBUG o.s.w.t.h.s.r.b.ReactorHttpServer - Stopping ReactorHttpServer...
03:16:16.296 [Test worker] DEBUG o.s.w.t.h.s.r.b.ReactorHttpServer - Server stopped (0 millis).
03:16:16.339 [Test worker] DEBUG o.s.w.r.r.m.a.RequestMappingHandlerMapping - 5 mappings in 'requestMappingHandlerMapping'
03:16:16.359 [Test worker] DEBUG o.s.w.r.r.m.a.ControllerMethodResolver - ControllerAdvice beans: none
03:16:16.375 [Test worker] DEBUG o.s.w.s.a.HttpWebHandlerAdapter - enableLoggingRequestDetails='false': form data and headers will be masked to prevent unsafe logging of potentially sensitive data
03:16:16.376 [Test worker] DEBUG o.s.w.t.h.s.r.b.TomcatHttpServer - Starting TomcatHttpServer...
03:16:16.389 [Test worker] DEBUG o.s.w.t.h.s.r.b.TomcatHttpServer - Server started on port 64737(0 millis).
03:16:16.389 [Test worker] DEBUG o.s.w.c.RestTemplate - HTTP OPTIONS http://localhost:64737/ambiguous
03:16:16.389 [Test worker] DEBUG o.s.w.c.RestTemplate - Accept=[text/plain, application/json, application/x-jackson-smile, application/*+json, */*]
03:16:16.396 [http-nio-auto-14-exec-1] DEBUG o.s.w.s.a.HttpWebHandlerAdapter - [497003b0] HTTP OPTIONS "/ambiguous"
03:16:16.397 [http-nio-auto-14-exec-1] DEBUG o.s.w.r.r.m.a.RequestMappingHandlerMapping - [497003b0] Mapped to org.springframework.web.reactive.result.method.AbstractHandlerMethodMapping$PreFlightAmbiguousMatchHandler#handle()
03:16:16.397 [http-nio-auto-14-exec-1] DEBUG o.s.w.s.a.HttpWebHandlerAdapter - [497003b0] Completed 200 OK
03:16:16.399 [Test worker] DEBUG o.s.w.c.RestTemplate - Response 200 OK
03:16:16.400 [Test worker] DEBUG o.s.w.t.h.s.r.b.TomcatHttpServer - Stopping TomcatHttpServer...
03:16:16.601 [Test worker] DEBUG o.s.w.t.h.s.r.b.TomcatHttpServer - Server stopped (0 millis).
03:16:16.636 [Test worker] DEBUG o.s.w.r.r.m.a.RequestMappingHandlerMapping - 5 mappings in 'requestMappingHandlerMapping'
03:16:16.658 [Test worker] DEBUG o.s.w.r.r.m.a.ControllerMethodResolver - ControllerAdvice beans: none
03:16:16.678 [Test worker] DEBUG o.s.w.s.a.HttpWebHandlerAdapter - enableLoggingRequestDetails='false': form data and headers will be masked to prevent unsafe logging of potentially sensitive data
03:16:16.678 [Test worker] DEBUG o.s.w.t.h.s.r.b.UndertowHttpServer - Starting UndertowHttpServer...
03:16:16.678 [Test worker] INFO  i.undertow - starting server: Undertow - 2.1.3.Final
03:16:16.686 [Test worker] DEBUG o.s.w.t.h.s.r.b.UndertowHttpServer - Server started on port 64754(0 millis).
03:16:16.686 [Test worker] DEBUG o.s.w.c.RestTemplate - HTTP OPTIONS http://localhost:64754/ambiguous
03:16:16.686 [Test worker] DEBUG o.s.w.c.RestTemplate - Accept=[text/plain, application/json, application/x-jackson-smile, application/*+json, */*]
03:16:16.690 [XNIO-13 I/O-4] DEBUG o.s.w.s.a.HttpWebHandlerAdapter - [3aac7597] HTTP OPTIONS "/ambiguous"
03:16:16.690 [XNIO-13 I/O-4] DEBUG o.s.w.r.r.m.a.RequestMappingHandlerMapping - [3aac7597] Mapped to org.springframework.web.reactive.result.method.AbstractHandlerMethodMapping$PreFlightAmbiguousMatchHandler#handle()
03:16:16.691 [XNIO-13 I/O-4] DEBUG o.s.w.s.a.HttpWebHandlerAdapter - [3aac7597] Completed 200 OK
03:16:16.691 [Test worker] DEBUG o.s.w.c.RestTemplate - Response 200 OK
03:16:16.692 [Test worker] DEBUG o.s.w.t.h.s.r.b.UndertowHttpServer - Stopping UndertowHttpServer...
03:16:16.692 [Test worker] INFO  i.undertow - stopping server: Undertow - 2.1.3.Final
03:16:16.694 [Test worker] DEBUG o.s.w.t.h.s.r.b.UndertowHttpServer - Server stopped (0 millis).
03:16:16.739 [Test worker] DEBUG o.s.w.r.r.m.a.RequestMappingHandlerMapping - 5 mappings in 'requestMappingHandlerMapping'
03:16:16.761 [Test worker] DEBUG o.s.w.r.r.m.a.ControllerMethodResolver - ControllerAdvice beans: none
03:16:16.791 [Test worker] DEBUG o.s.w.s.a.HttpWebHandlerAdapter - enableLoggingRequestDetails='false': form data and headers will be masked to prevent unsafe logging of potentially sensitive data
03:16:16.791 [Test worker] WARN  o.e.j.s.h.ContextHandler - Empty contextPath
03:16:16.791 [Test worker] INFO  o.e.j.s.h.ContextHandler - Started o.e.j.s.ServletContextHandler@51667da0{/,null,AVAILABLE}
03:16:16.792 [Test worker] DEBUG o.s.w.t.h.s.r.b.JettyHttpServer - Starting JettyHttpServer...
03:16:16.792 [Test worker] INFO  o.e.j.s.Server - jetty-9.4.31.v20200723; built: 2020-07-23T17:57:36.812Z; git: 450ba27947e13e66baa8cd1ce7e85a4461cacc1d; jvm 1.8.0_261-b12
03:16:16.796 [Test worker] INFO  o.e.j.s.AbstractConnector - Started ServerConnector@67492b5{HTTP/1.1, (http/1.1)}{0.0.0.0:64756}
03:16:16.796 [Test worker] INFO  o.e.j.s.Server - Started @78019ms
03:16:16.796 [Test worker] DEBUG o.s.w.t.h.s.r.b.JettyHttpServer - Server started on port 64756(0 millis).
03:16:16.796 [Test worker] DEBUG o.s.w.c.RestTemplate - HTTP OPTIONS http://localhost:64756/cors-restricted
03:16:16.796 [Test worker] DEBUG o.s.w.c.RestTemplate - Accept=[text/plain, application/json, application/x-jackson-smile, application/*+json, */*]
03:16:16.799 [qtp1341048841-1354] DEBUG o.s.w.s.a.HttpWebHandlerAdapter - [534621a9] HTTP OPTIONS "/cors-restricted"
03:16:16.800 [qtp1341048841-1354] DEBUG o.s.w.r.r.m.a.RequestMappingHandlerMapping - [534621a9] Mapped to org.springframework.web.reactive.result.method.annotation.GlobalCorsConfigIntegrationTests$TestController#corsRestricted()
03:16:16.800 [qtp1341048841-1354] DEBUG o.s.w.s.a.HttpWebHandlerAdapter - [534621a9] Completed 200 OK
03:16:16.802 [Test worker] DEBUG o.s.w.c.RestTemplate - Response 200 OK
03:16:16.802 [Test worker] DEBUG o.s.w.t.h.s.r.b.JettyHttpServer - Stopping JettyHttpServer...
03:16:16.802 [Test worker] INFO  o.e.j.s.h.ContextHandler - Stopped o.e.j.s.ServletContextHandler@51667da0{/,null,UNAVAILABLE}
03:16:16.804 [Test worker] INFO  o.e.j.s.AbstractConnector - Stopped ServerConnector@67492b5{HTTP/1.1, (http/1.1)}{0.0.0.0:0}
03:16:16.805 [Test worker] DEBUG o.s.w.t.h.s.r.b.JettyHttpServer - Server stopped (0 millis).
03:16:16.855 [Test worker] DEBUG o.s.w.r.r.m.a.RequestMappingHandlerMapping - 5 mappings in 'requestMappingHandlerMapping'
03:16:16.879 [Test worker] DEBUG o.s.w.r.r.m.a.ControllerMethodResolver - ControllerAdvice beans: none
03:16:16.897 [Test worker] DEBUG o.s.w.s.a.HttpWebHandlerAdapter - enableLoggingRequestDetails='false': form data and headers will be masked to prevent unsafe logging of potentially sensitive data
03:16:16.897 [Test worker] DEBUG o.s.w.t.h.s.r.b.ReactorHttpServer - Starting ReactorHttpServer...
03:16:16.899 [Test worker] DEBUG o.s.w.t.h.s.r.b.ReactorHttpServer - Server started on port 64762(0 millis).
03:16:16.899 [Test worker] DEBUG o.s.w.c.RestTemplate - HTTP OPTIONS http://localhost:64762/cors-restricted
03:16:16.900 [Test worker] DEBUG o.s.w.c.RestTemplate - Accept=[text/plain, application/json, application/x-jackson-smile, application/*+json, */*]
03:16:16.903 [reactor-http-nio-3] DEBUG o.s.w.s.a.HttpWebHandlerAdapter - [876a032a-16] HTTP OPTIONS "/cors-restricted"
03:16:16.904 [reactor-http-nio-3] DEBUG o.s.w.r.r.m.a.RequestMappingHandlerMapping - [876a032a-16] Mapped to org.springframework.web.reactive.result.method.annotation.GlobalCorsConfigIntegrationTests$TestController#corsRestricted()
03:16:16.904 [reactor-http-nio-3] DEBUG o.s.w.s.a.HttpWebHandlerAdapter - [876a032a-16] Completed 200 OK
03:16:16.906 [Test worker] DEBUG o.s.w.c.RestTemplate - Response 200 OK
03:16:16.906 [Test worker] DEBUG o.s.w.t.h.s.r.b.ReactorHttpServer - Stopping ReactorHttpServer...
03:16:16.906 [Test worker] DEBUG o.s.w.t.h.s.r.b.ReactorHttpServer - Server stopped (0 millis).
03:16:16.949 [Test worker] DEBUG o.s.w.r.r.m.a.RequestMappingHandlerMapping - 5 mappings in 'requestMappingHandlerMapping'
03:16:16.972 [Test worker] DEBUG o.s.w.r.r.m.a.ControllerMethodResolver - ControllerAdvice beans: none
03:16:16.985 [Test worker] DEBUG o.s.w.s.a.HttpWebHandlerAdapter - enableLoggingRequestDetails='false': form data and headers will be masked to prevent unsafe logging of potentially sensitive data
03:16:16.986 [Test worker] DEBUG o.s.w.t.h.s.r.b.TomcatHttpServer - Starting TomcatHttpServer...
03:16:16.995 [Test worker] DEBUG o.s.w.t.h.s.r.b.TomcatHttpServer - Server started on port 64764(0 millis).
03:16:16.996 [Test worker] DEBUG o.s.w.c.RestTemplate - HTTP OPTIONS http://localhost:64764/cors-restricted
03:16:16.996 [Test worker] DEBUG o.s.w.c.RestTemplate - Accept=[text/plain, application/json, application/x-jackson-smile, application/*+json, */*]
03:16:17.001 [http-nio-auto-15-exec-1] DEBUG o.s.w.s.a.HttpWebHandlerAdapter - [17c3d123] HTTP OPTIONS "/cors-restricted"
03:16:17.002 [http-nio-auto-15-exec-1] DEBUG o.s.w.r.r.m.a.RequestMappingHandlerMapping - [17c3d123] Mapped to org.springframework.web.reactive.result.method.annotation.GlobalCorsConfigIntegrationTests$TestController#corsRestricted()
03:16:17.002 [http-nio-auto-15-exec-1] DEBUG o.s.w.s.a.HttpWebHandlerAdapter - [17c3d123] Completed 200 OK
03:16:17.004 [Test worker] DEBUG o.s.w.c.RestTemplate - Response 200 OK
03:16:17.004 [Test worker] DEBUG o.s.w.t.h.s.r.b.TomcatHttpServer - Stopping TomcatHttpServer...
03:16:17.231 [Test worker] DEBUG o.s.w.t.h.s.r.b.TomcatHttpServer - Server stopped (0 millis).
03:16:17.269 [Test worker] DEBUG o.s.w.r.r.m.a.RequestMappingHandlerMapping - 5 mappings in 'requestMappingHandlerMapping'
03:16:17.292 [Test worker] DEBUG o.s.w.r.r.m.a.ControllerMethodResolver - ControllerAdvice beans: none
03:16:17.305 [Test worker] DEBUG o.s.w.s.a.HttpWebHandlerAdapter - enableLoggingRequestDetails='false': form data and headers will be masked to prevent unsafe logging of potentially sensitive data
03:16:17.306 [Test worker] DEBUG o.s.w.t.h.s.r.b.UndertowHttpServer - Starting UndertowHttpServer...
03:16:17.306 [Test worker] INFO  i.undertow - starting server: Undertow - 2.1.3.Final
03:16:17.315 [Test worker] DEBUG o.s.w.t.h.s.r.b.UndertowHttpServer - Server started on port 64781(0 millis).
03:16:17.315 [Test worker] DEBUG o.s.w.c.RestTemplate - HTTP OPTIONS http://localhost:64781/cors-restricted
03:16:17.316 [Test worker] DEBUG o.s.w.c.RestTemplate - Accept=[text/plain, application/json, application/x-jackson-smile, application/*+json, */*]
03:16:17.319 [XNIO-14 I/O-4] DEBUG o.s.w.s.a.HttpWebHandlerAdapter - [12b7fdd9] HTTP OPTIONS "/cors-restricted"
03:16:17.319 [XNIO-14 I/O-4] DEBUG o.s.w.r.r.m.a.RequestMappingHandlerMapping - [12b7fdd9] Mapped to org.springframework.web.reactive.result.method.annotation.GlobalCorsConfigIntegrationTests$TestController#corsRestricted()
03:16:17.320 [XNIO-14 I/O-4] DEBUG o.s.w.s.a.HttpWebHandlerAdapter - [12b7fdd9] Completed 200 OK
03:16:17.320 [Test worker] DEBUG o.s.w.c.RestTemplate - Response 200 OK
03:16:17.320 [Test worker] DEBUG o.s.w.t.h.s.r.b.UndertowHttpServer - Stopping UndertowHttpServer...
03:16:17.320 [Test worker] INFO  i.undertow - stopping server: Undertow - 2.1.3.Final
03:16:17.324 [Test worker] DEBUG o.s.w.t.h.s.r.b.UndertowHttpServer - Server stopped (0 millis).
03:16:17.424 [Test worker] DEBUG o.s.w.r.r.m.a.RequestMappingHandlerMapping - 5 mappings in 'requestMappingHandlerMapping'
03:16:17.518 [Test worker] DEBUG o.s.w.r.r.m.a.ControllerMethodResolver - ControllerAdvice beans: none
03:16:17.543 [Test worker] DEBUG o.s.w.s.a.HttpWebHandlerAdapter - enableLoggingRequestDetails='false': form data and headers will be masked to prevent unsafe logging of potentially sensitive data
03:16:17.543 [Test worker] WARN  o.e.j.s.h.ContextHandler - Empty contextPath
03:16:17.543 [Test worker] INFO  o.e.j.s.h.ContextHandler - Started o.e.j.s.ServletContextHandler@14853a53{/,null,AVAILABLE}
03:16:17.543 [Test worker] DEBUG o.s.w.t.h.s.r.b.JettyHttpServer - Starting JettyHttpServer...
03:16:17.544 [Test worker] INFO  o.e.j.s.Server - jetty-9.4.31.v20200723; built: 2020-07-23T17:57:36.812Z; git: 450ba27947e13e66baa8cd1ce7e85a4461cacc1d; jvm 1.8.0_261-b12
03:16:17.549 [Test worker] INFO  o.e.j.s.AbstractConnector - Started ServerConnector@42ac6e62{HTTP/1.1, (http/1.1)}{0.0.0.0:64783}
03:16:17.550 [Test worker] INFO  o.e.j.s.Server - Started @78773ms
03:16:17.551 [Test worker] DEBUG o.s.w.t.h.s.r.b.JettyHttpServer - Server started on port 64783(0 millis).
03:16:17.551 [Test worker] DEBUG o.s.w.c.RestTemplate - HTTP GET http://localhost:64783/welcome
03:16:17.552 [Test worker] DEBUG o.s.w.c.RestTemplate - Accept=[text/plain, application/json, application/x-jackson-smile, application/*+json, */*]
03:16:17.555 [qtp1676333834-1395] DEBUG o.s.w.s.a.HttpWebHandlerAdapter - [518b3979] HTTP GET "/welcome"
03:16:17.555 [qtp1676333834-1395] DEBUG o.s.w.r.r.m.a.RequestMappingHandlerMapping - [518b3979] Mapped to org.springframework.web.reactive.result.method.annotation.GlobalCorsConfigIntegrationTests$TestController#welcome()
03:16:17.557 [qtp1676333834-1395] DEBUG o.s.w.r.r.m.a.ResponseBodyResultHandler - Using 'text/plain;charset=UTF-8' given [text/plain, application/json, application/x-jackson-smile, application/*+json, */*] and supported [text/plain;charset=UTF-8, text/event-stream, text/plain;charset=UTF-8, */*]
03:16:17.557 [qtp1676333834-1395] DEBUG o.s.w.r.r.m.a.ResponseBodyResultHandler - [518b3979] 0..1 [java.lang.String]
03:16:17.557 [qtp1676333834-1395] DEBUG o.s.c.c.CharSequenceEncoder - [518b3979] Writing "welcome"
03:16:17.558 [Test worker] DEBUG o.s.w.c.RestTemplate - Response 200 OK
03:16:17.558 [Test worker] DEBUG o.s.w.c.RestTemplate - Reading to [java.lang.String] as "text/plain;charset=utf-8"
03:16:17.558 [qtp1676333834-1395] DEBUG o.s.w.s.a.HttpWebHandlerAdapter - [518b3979] Completed 200 OK
03:16:17.559 [Test worker] DEBUG o.s.w.t.h.s.r.b.JettyHttpServer - Stopping JettyHttpServer...
03:16:17.559 [Test worker] INFO  o.e.j.s.h.ContextHandler - Stopped o.e.j.s.ServletContextHandler@14853a53{/,null,UNAVAILABLE}
03:16:17.560 [Test worker] INFO  o.e.j.s.AbstractConnector - Stopped ServerConnector@42ac6e62{HTTP/1.1, (http/1.1)}{0.0.0.0:0}
03:16:17.560 [Test worker] DEBUG o.s.w.t.h.s.r.b.JettyHttpServer - Server stopped (0 millis).
03:16:17.598 [Test worker] DEBUG o.s.w.r.r.m.a.RequestMappingHandlerMapping - 5 mappings in 'requestMappingHandlerMapping'
03:16:17.621 [Test worker] DEBUG o.s.w.r.r.m.a.ControllerMethodResolver - ControllerAdvice beans: none
03:16:17.639 [Test worker] DEBUG o.s.w.s.a.HttpWebHandlerAdapter - enableLoggingRequestDetails='false': form data and headers will be masked to prevent unsafe logging of potentially sensitive data
03:16:17.639 [Test worker] DEBUG o.s.w.t.h.s.r.b.ReactorHttpServer - Starting ReactorHttpServer...
03:16:17.640 [Test worker] DEBUG o.s.w.t.h.s.r.b.ReactorHttpServer - Server started on port 64789(0 millis).
03:16:17.640 [Test worker] DEBUG o.s.w.c.RestTemplate - HTTP GET http://localhost:64789/welcome
03:16:17.641 [Test worker] DEBUG o.s.w.c.RestTemplate - Accept=[text/plain, application/json, application/x-jackson-smile, application/*+json, */*]
03:16:17.645 [reactor-http-nio-1] DEBUG o.s.w.s.a.HttpWebHandlerAdapter - [96bd47c1-17] HTTP GET "/welcome"
03:16:17.645 [reactor-http-nio-1] DEBUG o.s.w.r.r.m.a.RequestMappingHandlerMapping - [96bd47c1-17] Mapped to org.springframework.web.reactive.result.method.annotation.GlobalCorsConfigIntegrationTests$TestController#welcome()
03:16:17.651 [reactor-http-nio-1] DEBUG o.s.w.r.r.m.a.ResponseBodyResultHandler - Using 'text/plain;charset=UTF-8' given [text/plain, application/json, application/x-jackson-smile, application/*+json, */*] and supported [text/plain;charset=UTF-8, text/event-stream, text/plain;charset=UTF-8, */*]
03:16:17.651 [reactor-http-nio-1] DEBUG o.s.w.r.r.m.a.ResponseBodyResultHandler - [96bd47c1-17] 0..1 [java.lang.String]
03:16:17.651 [reactor-http-nio-1] DEBUG o.s.c.c.CharSequenceEncoder - [96bd47c1-17] Writing "welcome"
03:16:17.652 [reactor-http-nio-1] DEBUG o.s.w.s.a.HttpWebHandlerAdapter - [96bd47c1-17] Completed 200 OK
03:16:17.652 [Test worker] DEBUG o.s.w.c.RestTemplate - Response 200 OK
03:16:17.652 [Test worker] DEBUG o.s.w.c.RestTemplate - Reading to [java.lang.String] as "text/plain;charset=UTF-8"
03:16:17.654 [Test worker] DEBUG o.s.w.t.h.s.r.b.ReactorHttpServer - Stopping ReactorHttpServer...
03:16:17.654 [Test worker] DEBUG o.s.w.t.h.s.r.b.ReactorHttpServer - Server stopped (0 millis).
03:16:17.706 [Test worker] DEBUG o.s.w.r.r.m.a.RequestMappingHandlerMapping - 5 mappings in 'requestMappingHandlerMapping'
03:16:17.730 [Test worker] DEBUG o.s.w.r.r.m.a.ControllerMethodResolver - ControllerAdvice beans: none
03:16:17.747 [Test worker] DEBUG o.s.w.s.a.HttpWebHandlerAdapter - enableLoggingRequestDetails='false': form data and headers will be masked to prevent unsafe logging of potentially sensitive data
03:16:17.749 [Test worker] DEBUG o.s.w.t.h.s.r.b.TomcatHttpServer - Starting TomcatHttpServer...
03:16:17.770 [Test worker] DEBUG o.s.w.t.h.s.r.b.TomcatHttpServer - Server started on port 64791(0 millis).
03:16:17.770 [Test worker] DEBUG o.s.w.c.RestTemplate - HTTP GET http://localhost:64791/welcome
03:16:17.770 [Test worker] DEBUG o.s.w.c.RestTemplate - Accept=[text/plain, application/json, application/x-jackson-smile, application/*+json, */*]
03:16:17.779 [http-nio-auto-16-exec-1] DEBUG o.s.w.s.a.HttpWebHandlerAdapter - [215887de] HTTP GET "/welcome"
03:16:17.779 [http-nio-auto-16-exec-1] DEBUG o.s.w.r.r.m.a.RequestMappingHandlerMapping - [215887de] Mapped to org.springframework.web.reactive.result.method.annotation.GlobalCorsConfigIntegrationTests$TestController#welcome()
03:16:17.782 [http-nio-auto-16-exec-1] DEBUG o.s.w.r.r.m.a.ResponseBodyResultHandler - Using 'text/plain;charset=UTF-8' given [text/plain, application/json, application/x-jackson-smile, application/*+json, */*] and supported [text/plain;charset=UTF-8, text/event-stream, text/plain;charset=UTF-8, */*]
03:16:17.782 [http-nio-auto-16-exec-1] DEBUG o.s.w.r.r.m.a.ResponseBodyResultHandler - [215887de] 0..1 [java.lang.String]
03:16:17.782 [http-nio-auto-16-exec-1] DEBUG o.s.c.c.CharSequenceEncoder - [215887de] Writing "welcome"
03:16:17.783 [http-nio-auto-16-exec-1] DEBUG o.s.w.s.a.HttpWebHandlerAdapter - [215887de] Completed 200 OK
03:16:17.784 [Test worker] DEBUG o.s.w.c.RestTemplate - Response 200 OK
03:16:17.784 [Test worker] DEBUG o.s.w.c.RestTemplate - Reading to [java.lang.String] as "text/plain;charset=UTF-8"
03:16:17.785 [Test worker] DEBUG o.s.w.t.h.s.r.b.TomcatHttpServer - Stopping TomcatHttpServer...
03:16:17.965 [Test worker] DEBUG o.s.w.t.h.s.r.b.TomcatHttpServer - Server stopped (0 millis).
03:16:18.008 [Test worker] DEBUG o.s.w.r.r.m.a.RequestMappingHandlerMapping - 5 mappings in 'requestMappingHandlerMapping'
03:16:18.030 [Test worker] DEBUG o.s.w.r.r.m.a.ControllerMethodResolver - ControllerAdvice beans: none
03:16:18.045 [Test worker] DEBUG o.s.w.s.a.HttpWebHandlerAdapter - enableLoggingRequestDetails='false': form data and headers will be masked to prevent unsafe logging of potentially sensitive data
03:16:18.045 [Test worker] DEBUG o.s.w.t.h.s.r.b.UndertowHttpServer - Starting UndertowHttpServer...
03:16:18.045 [Test worker] INFO  i.undertow - starting server: Undertow - 2.1.3.Final
03:16:18.054 [Test worker] DEBUG o.s.w.t.h.s.r.b.UndertowHttpServer - Server started on port 64809(0 millis).
03:16:18.054 [Test worker] DEBUG o.s.w.c.RestTemplate - HTTP GET http://localhost:64809/welcome
03:16:18.054 [Test worker] DEBUG o.s.w.c.RestTemplate - Accept=[text/plain, application/json, application/x-jackson-smile, application/*+json, */*]
03:16:18.059 [XNIO-15 I/O-1] DEBUG o.s.w.s.a.HttpWebHandlerAdapter - [4d248602] HTTP GET "/welcome"
03:16:18.059 [XNIO-15 I/O-1] DEBUG o.s.w.r.r.m.a.RequestMappingHandlerMapping - [4d248602] Mapped to org.springframework.web.reactive.result.method.annotation.GlobalCorsConfigIntegrationTests$TestController#welcome()
03:16:18.060 [XNIO-15 I/O-1] DEBUG o.s.w.r.r.m.a.ResponseBodyResultHandler - Using 'text/plain;charset=UTF-8' given [text/plain, application/json, application/x-jackson-smile, application/*+json, */*] and supported [text/plain;charset=UTF-8, text/event-stream, text/plain;charset=UTF-8, */*]
03:16:18.060 [XNIO-15 I/O-1] DEBUG o.s.w.r.r.m.a.ResponseBodyResultHandler - [4d248602] 0..1 [java.lang.String]
03:16:18.060 [XNIO-15 I/O-1] DEBUG o.s.c.c.CharSequenceEncoder - [4d248602] Writing "welcome"
03:16:18.061 [XNIO-15 I/O-1] DEBUG o.s.w.s.a.HttpWebHandlerAdapter - [4d248602] Completed 200 OK
03:16:18.061 [Test worker] DEBUG o.s.w.c.RestTemplate - Response 200 OK
03:16:18.061 [Test worker] DEBUG o.s.w.c.RestTemplate - Reading to [java.lang.String] as "text/plain;charset=UTF-8"
03:16:18.061 [Test worker] DEBUG o.s.w.t.h.s.r.b.UndertowHttpServer - Stopping UndertowHttpServer...
03:16:18.062 [Test worker] INFO  i.undertow - stopping server: Undertow - 2.1.3.Final
03:16:18.065 [Test worker] DEBUG o.s.w.t.h.s.r.b.UndertowHttpServer - Server stopped (0 millis).
03:16:18.145 [Test worker] DEBUG o.s.w.r.r.m.a.RequestMappingHandlerMapping - 5 mappings in 'requestMappingHandlerMapping'
03:16:18.170 [Test worker] DEBUG o.s.w.r.r.m.a.ControllerMethodResolver - ControllerAdvice beans: none
03:16:18.185 [Test worker] DEBUG o.s.w.s.a.HttpWebHandlerAdapter - enableLoggingRequestDetails='false': form data and headers will be masked to prevent unsafe logging of potentially sensitive data
03:16:18.185 [Test worker] WARN  o.e.j.s.h.ContextHandler - Empty contextPath
03:16:18.186 [Test worker] INFO  o.e.j.s.h.ContextHandler - Started o.e.j.s.ServletContextHandler@16d04465{/,null,AVAILABLE}
03:16:18.186 [Test worker] DEBUG o.s.w.t.h.s.r.b.JettyHttpServer - Starting JettyHttpServer...
03:16:18.186 [Test worker] INFO  o.e.j.s.Server - jetty-9.4.31.v20200723; built: 2020-07-23T17:57:36.812Z; git: 450ba27947e13e66baa8cd1ce7e85a4461cacc1d; jvm 1.8.0_261-b12
03:16:18.192 [Test worker] INFO  o.e.j.s.AbstractConnector - Started ServerConnector@e92d583{HTTP/1.1, (http/1.1)}{0.0.0.0:64811}
03:16:18.192 [Test worker] INFO  o.e.j.s.Server - Started @79415ms
03:16:18.192 [Test worker] DEBUG o.s.w.t.h.s.r.b.JettyHttpServer - Server started on port 64811(0 millis).
03:16:18.193 [Test worker] DEBUG o.s.w.c.RestTemplate - HTTP OPTIONS http://localhost:64811/welcome
03:16:18.193 [Test worker] DEBUG o.s.w.c.RestTemplate - Accept=[text/plain, application/json, application/x-jackson-smile, application/*+json, */*]
03:16:18.197 [qtp935413794-1436] DEBUG o.s.w.s.a.HttpWebHandlerAdapter - [784d70c8] HTTP OPTIONS "/welcome"
03:16:18.198 [qtp935413794-1436] DEBUG o.s.w.r.r.m.a.RequestMappingHandlerMapping - [784d70c8] Mapped to org.springframework.web.reactive.result.method.annotation.GlobalCorsConfigIntegrationTests$TestController#welcome()
03:16:18.199 [qtp935413794-1436] DEBUG o.s.w.s.a.HttpWebHandlerAdapter - [784d70c8] Completed 403 FORBIDDEN
03:16:18.199 [Test worker] DEBUG o.s.w.c.RestTemplate - Response 403 FORBIDDEN
03:16:18.201 [Test worker] DEBUG o.s.w.t.h.s.r.b.JettyHttpServer - Stopping JettyHttpServer...
03:16:18.201 [Test worker] INFO  o.e.j.s.h.ContextHandler - Stopped o.e.j.s.ServletContextHandler@16d04465{/,null,UNAVAILABLE}
03:16:18.203 [Test worker] INFO  o.e.j.s.AbstractConnector - Stopped ServerConnector@e92d583{HTTP/1.1, (http/1.1)}{0.0.0.0:0}
03:16:18.203 [Test worker] DEBUG o.s.w.t.h.s.r.b.JettyHttpServer - Server stopped (0 millis).
03:16:18.247 [Test worker] DEBUG o.s.w.r.r.m.a.RequestMappingHandlerMapping - 5 mappings in 'requestMappingHandlerMapping'
03:16:18.274 [Test worker] DEBUG o.s.w.r.r.m.a.ControllerMethodResolver - ControllerAdvice beans: none
03:16:18.305 [Test worker] DEBUG o.s.w.s.a.HttpWebHandlerAdapter - enableLoggingRequestDetails='false': form data and headers will be masked to prevent unsafe logging of potentially sensitive data
03:16:18.305 [Test worker] DEBUG o.s.w.t.h.s.r.b.ReactorHttpServer - Starting ReactorHttpServer...
03:16:18.306 [Test worker] DEBUG o.s.w.t.h.s.r.b.ReactorHttpServer - Server started on port 64817(0 millis).
03:16:18.306 [Test worker] DEBUG o.s.w.c.RestTemplate - HTTP OPTIONS http://localhost:64817/welcome
03:16:18.307 [Test worker] DEBUG o.s.w.c.RestTemplate - Accept=[text/plain, application/json, application/x-jackson-smile, application/*+json, */*]
03:16:18.313 [reactor-http-nio-3] DEBUG o.s.w.s.a.HttpWebHandlerAdapter - [5f1fa19c-18] HTTP OPTIONS "/welcome"
03:16:18.313 [reactor-http-nio-3] DEBUG o.s.w.r.r.m.a.RequestMappingHandlerMapping - [5f1fa19c-18] Mapped to org.springframework.web.reactive.result.method.annotation.GlobalCorsConfigIntegrationTests$TestController#welcome()
03:16:18.313 [reactor-http-nio-3] DEBUG o.s.w.s.a.HttpWebHandlerAdapter - [5f1fa19c-18] Completed 403 FORBIDDEN
03:16:18.315 [Test worker] DEBUG o.s.w.c.RestTemplate - Response 403 FORBIDDEN
03:16:18.318 [Test worker] DEBUG o.s.w.t.h.s.r.b.ReactorHttpServer - Stopping ReactorHttpServer...
03:16:18.319 [Test worker] DEBUG o.s.w.t.h.s.r.b.ReactorHttpServer - Server stopped (0 millis).
03:16:18.374 [Test worker] DEBUG o.s.w.r.r.m.a.RequestMappingHandlerMapping - 5 mappings in 'requestMappingHandlerMapping'
03:16:18.401 [Test worker] DEBUG o.s.w.r.r.m.a.ControllerMethodResolver - ControllerAdvice beans: none
03:16:18.419 [Test worker] DEBUG o.s.w.s.a.HttpWebHandlerAdapter - enableLoggingRequestDetails='false': form data and headers will be masked to prevent unsafe logging of potentially sensitive data
03:16:18.420 [Test worker] DEBUG o.s.w.t.h.s.r.b.TomcatHttpServer - Starting TomcatHttpServer...
03:16:18.433 [Test worker] DEBUG o.s.w.t.h.s.r.b.TomcatHttpServer - Server started on port 64820(0 millis).
03:16:18.433 [Test worker] DEBUG o.s.w.c.RestTemplate - HTTP OPTIONS http://localhost:64820/welcome
03:16:18.433 [Test worker] DEBUG o.s.w.c.RestTemplate - Accept=[text/plain, application/json, application/x-jackson-smile, application/*+json, */*]
03:16:18.444 [http-nio-auto-17-exec-1] DEBUG o.s.w.s.a.HttpWebHandlerAdapter - [42fead89] HTTP OPTIONS "/welcome"
03:16:18.444 [http-nio-auto-17-exec-1] DEBUG o.s.w.r.r.m.a.RequestMappingHandlerMapping - [42fead89] Mapped to org.springframework.web.reactive.result.method.annotation.GlobalCorsConfigIntegrationTests$TestController#welcome()
03:16:18.445 [http-nio-auto-17-exec-1] DEBUG o.s.w.s.a.HttpWebHandlerAdapter - [42fead89] Completed 403 FORBIDDEN
03:16:18.446 [Test worker] DEBUG o.s.w.c.RestTemplate - Response 403 FORBIDDEN
03:16:18.447 [Test worker] DEBUG o.s.w.t.h.s.r.b.TomcatHttpServer - Stopping TomcatHttpServer...
03:16:18.639 [Test worker] DEBUG o.s.w.t.h.s.r.b.TomcatHttpServer - Server stopped (0 millis).
03:16:18.689 [Test worker] DEBUG o.s.w.r.r.m.a.RequestMappingHandlerMapping - 5 mappings in 'requestMappingHandlerMapping'
03:16:18.721 [Test worker] DEBUG o.s.w.r.r.m.a.ControllerMethodResolver - ControllerAdvice beans: none
03:16:18.740 [Test worker] DEBUG o.s.w.s.a.HttpWebHandlerAdapter - enableLoggingRequestDetails='false': form data and headers will be masked to prevent unsafe logging of potentially sensitive data
03:16:18.740 [Test worker] DEBUG o.s.w.t.h.s.r.b.UndertowHttpServer - Starting UndertowHttpServer...
03:16:18.740 [Test worker] INFO  i.undertow - starting server: Undertow - 2.1.3.Final
03:16:18.748 [Test worker] DEBUG o.s.w.t.h.s.r.b.UndertowHttpServer - Server started on port 64837(0 millis).
03:16:18.748 [Test worker] DEBUG o.s.w.c.RestTemplate - HTTP OPTIONS http://localhost:64837/welcome
03:16:18.748 [Test worker] DEBUG o.s.w.c.RestTemplate - Accept=[text/plain, application/json, application/x-jackson-smile, application/*+json, */*]
03:16:18.754 [XNIO-16 I/O-4] DEBUG o.s.w.s.a.HttpWebHandlerAdapter - [275ed1a2] HTTP OPTIONS "/welcome"
03:16:18.754 [XNIO-16 I/O-4] DEBUG o.s.w.r.r.m.a.RequestMappingHandlerMapping - [275ed1a2] Mapped to org.springframework.web.reactive.result.method.annotation.GlobalCorsConfigIntegrationTests$TestController#welcome()
03:16:18.755 [XNIO-16 I/O-4] DEBUG o.s.w.s.a.HttpWebHandlerAdapter - [275ed1a2] Completed 403 FORBIDDEN
03:16:18.755 [Test worker] DEBUG o.s.w.c.RestTemplate - Response 403 FORBIDDEN
03:16:18.756 [Test worker] DEBUG o.s.w.t.h.s.r.b.UndertowHttpServer - Stopping UndertowHttpServer...
03:16:18.756 [Test worker] INFO  i.undertow - stopping server: Undertow - 2.1.3.Final
03:16:18.759 [Test worker] DEBUG o.s.w.t.h.s.r.b.UndertowHttpServer - Server stopped (0 millis).
]]></system-out>
  <system-err><![CDATA[]]></system-err>
</testsuite>
