<?xml version="1.0" encoding="UTF-8"?>
<testsuite name="org.springframework.web.reactive.config.DelegatingWebFluxConfigurationTests" tests="5" skipped="0" failures="0" errors="0" timestamp="2023-03-20T08:13:15" hostname="DESKTOP-VGJP1PJ" time="7.866">
  <properties/>
  <testcase name="requestMappingHandlerAdapter()" classname="org.springframework.web.reactive.config.DelegatingWebFluxConfigurationTests" time="7.484"/>
  <testcase name="responseBodyResultHandler()" classname="org.springframework.web.reactive.config.DelegatingWebFluxConfigurationTests" time="0.063"/>
  <testcase name="viewResolutionResultHandler()" classname="org.springframework.web.reactive.config.DelegatingWebFluxConfigurationTests" time="0.014"/>
  <testcase name="requestMappingHandlerMapping()" classname="org.springframework.web.reactive.config.DelegatingWebFluxConfigurationTests" time="0.218"/>
  <testcase name="resourceHandlerMapping()" classname="org.springframework.web.reactive.config.DelegatingWebFluxConfigurationTests" time="0.072"/>
  <system-out><![CDATA[03:13:23.097 [Test worker] WARN  o.s.h.c.j.Jackson2ObjectMapperBuilder - For Jackson Kotlin classes support please add "com.fasterxml.jackson.module:jackson-module-kotlin" to the classpath
]]></system-out>
  <system-err><![CDATA[]]></system-err>
</testsuite>
