<?xml version="1.0" encoding="UTF-8"?>
<testsuite name="org.springframework.web.reactive.result.method.annotation.InitBinderBindingContextTests" tests="7" skipped="0" failures="0" errors="0" timestamp="2023-03-20T08:14:18" hostname="DESKTOP-VGJP1PJ" time="0.241">
  <properties/>
  <testcase name="createBinderNullAttrName()" classname="org.springframework.web.reactive.result.method.annotation.InitBinderBindingContextTests" time="0.083"/>
  <testcase name="createBinderWithAttrNameNoMatch()" classname="org.springframework.web.reactive.result.method.annotation.InitBinderBindingContextTests" time="0.0"/>
  <testcase name="createBinderWithGlobalInitialization()" classname="org.springframework.web.reactive.result.method.annotation.InitBinderBindingContextTests" time="0.003"/>
  <testcase name="createBinderTypeConversion()" classname="org.springframework.web.reactive.result.method.annotation.InitBinderBindingContextTests" time="0.148"/>
  <testcase name="returnValueNotExpected()" classname="org.springframework.web.reactive.result.method.annotation.InitBinderBindingContextTests" time="0.002"/>
  <testcase name="createBinder()" classname="org.springframework.web.reactive.result.method.annotation.InitBinderBindingContextTests" time="0.001"/>
  <testcase name="createBinderWithAttrName()" classname="org.springframework.web.reactive.result.method.annotation.InitBinderBindingContextTests" time="0.001"/>
  <system-out><![CDATA[]]></system-out>
  <system-err><![CDATA[]]></system-err>
</testsuite>
