<?xml version="1.0" encoding="UTF-8"?>
<testsuite name="org.springframework.web.reactive.result.method.annotation.MessageReaderArgumentResolverTests" tests="17" skipped="0" failures="0" errors="0" timestamp="2023-03-20T08:20:10" hostname="DESKTOP-VGJP1PJ" time="0.305">
  <properties/>
  <testcase name="futureTestBean()" classname="org.springframework.web.reactive.result.method.annotation.MessageReaderArgumentResolverTests" time="0.013"/>
  <testcase name="maybeTestBean()" classname="org.springframework.web.reactive.result.method.annotation.MessageReaderArgumentResolverTests" time="0.049"/>
  <testcase name="observableTestBean()" classname="org.springframework.web.reactive.result.method.annotation.MessageReaderArgumentResolverTests" time="0.016"/>
  <testcase name="emptyBody()" classname="org.springframework.web.reactive.result.method.annotation.MessageReaderArgumentResolverTests" time="0.003"/>
  <testcase name="testBean()" classname="org.springframework.web.reactive.result.method.annotation.MessageReaderArgumentResolverTests" time="0.003"/>
  <testcase name="fluxTestBean()" classname="org.springframework.web.reactive.result.method.annotation.MessageReaderArgumentResolverTests" time="0.007"/>
  <testcase name="flowableTestBean()" classname="org.springframework.web.reactive.result.method.annotation.MessageReaderArgumentResolverTests" time="0.003"/>
  <testcase name="singleTestBean()" classname="org.springframework.web.reactive.result.method.annotation.MessageReaderArgumentResolverTests" time="0.003"/>
  <testcase name="monoTestBean()" classname="org.springframework.web.reactive.result.method.annotation.MessageReaderArgumentResolverTests" time="0.003"/>
  <testcase name="monoList()" classname="org.springframework.web.reactive.result.method.annotation.MessageReaderArgumentResolverTests" time="0.005"/>
  <testcase name="missingContentType()" classname="org.springframework.web.reactive.result.method.annotation.MessageReaderArgumentResolverTests" time="0.004"/>
  <testcase name="map()" classname="org.springframework.web.reactive.result.method.annotation.MessageReaderArgumentResolverTests" time="0.004"/>
  <testcase name="list()" classname="org.springframework.web.reactive.result.method.annotation.MessageReaderArgumentResolverTests" time="0.003"/>
  <testcase name="array()" classname="org.springframework.web.reactive.result.method.annotation.MessageReaderArgumentResolverTests" time="0.117"/>
  <testcase name="parameterizedMethodArgument()" classname="org.springframework.web.reactive.result.method.annotation.MessageReaderArgumentResolverTests" time="0.017"/>
  <testcase name="validateFluxTestBean()" classname="org.springframework.web.reactive.result.method.annotation.MessageReaderArgumentResolverTests" time="0.01"/>
  <testcase name="validateMonoTestBean()" classname="org.springframework.web.reactive.result.method.annotation.MessageReaderArgumentResolverTests" time="0.003"/>
  <system-out><![CDATA[03:20:10.497 [Test worker] DEBUG o.s.w.r.r.m.a.MessageReaderArgumentResolverTests$1 - [42868728] Content-Type:application/json
03:20:10.500 [Test worker] DEBUG o.s.w.r.r.m.a.MessageReaderArgumentResolverTests$1 - [42868728] 0..1 [org.springframework.web.reactive.result.method.annotation.MessageReaderArgumentResolverTests$TestBean]
03:20:10.503 [Test worker] DEBUG o.s.h.c.j.Jackson2JsonDecoder - [42868728] Decoded [TestBean[foo='f1', bar='b1']]
03:20:10.509 [Test worker] DEBUG o.s.w.r.r.m.a.MessageReaderArgumentResolverTests$1 - [64f40021] Content-Type:application/json
03:20:10.510 [Test worker] DEBUG o.s.w.r.r.m.a.MessageReaderArgumentResolverTests$1 - [64f40021] 0..1 [org.springframework.web.reactive.result.method.annotation.MessageReaderArgumentResolverTests$TestBean]
03:20:10.557 [Test worker] DEBUG o.s.h.c.j.Jackson2JsonDecoder - [64f40021] Decoded [TestBean[foo='f1', bar='b1']]
03:20:10.561 [Test worker] DEBUG o.s.w.r.r.m.a.MessageReaderArgumentResolverTests$1 - [1ff9e854] Content-Type:application/json
03:20:10.562 [Test worker] DEBUG o.s.w.r.r.m.a.MessageReaderArgumentResolverTests$1 - [1ff9e854] 0..N [org.springframework.web.reactive.result.method.annotation.MessageReaderArgumentResolverTests$TestBean]
03:20:10.575 [Test worker] DEBUG o.s.h.c.j.Jackson2JsonDecoder - [1ff9e854] Decoded [TestBean[foo='f1', bar='b1']]
03:20:10.575 [Test worker] DEBUG o.s.h.c.j.Jackson2JsonDecoder - [1ff9e854] Decoded [TestBean[foo='f2', bar='b2']]
03:20:10.579 [Test worker] DEBUG o.s.w.r.r.m.a.MessageReaderArgumentResolverTests$1 - [60bed4f5] Content-Type:application/json
03:20:10.579 [Test worker] DEBUG o.s.w.r.r.m.a.MessageReaderArgumentResolverTests$1 - [60bed4f5] 0..1 [org.springframework.web.reactive.result.method.annotation.MessageReaderArgumentResolverTests$TestBean]
03:20:10.584 [Test worker] DEBUG o.s.w.r.r.m.a.MessageReaderArgumentResolverTests$1 - [3df34b42] Content-Type:application/json
03:20:10.585 [Test worker] DEBUG o.s.w.r.r.m.a.MessageReaderArgumentResolverTests$1 - [3df34b42] 0..1 [org.springframework.web.reactive.result.method.annotation.MessageReaderArgumentResolverTests$TestBean]
03:20:10.585 [Test worker] DEBUG o.s.h.c.j.Jackson2JsonDecoder - [3df34b42] Decoded [TestBean[foo='f1', bar='b1']]
03:20:10.590 [Test worker] DEBUG o.s.w.r.r.m.a.MessageReaderArgumentResolverTests$1 - [35000c00] Content-Type:application/json
03:20:10.591 [Test worker] DEBUG o.s.w.r.r.m.a.MessageReaderArgumentResolverTests$1 - [35000c00] 0..N [org.springframework.web.reactive.result.method.annotation.MessageReaderArgumentResolverTests$TestBean]
03:20:10.592 [Test worker] DEBUG o.s.h.c.j.Jackson2JsonDecoder - [35000c00] Decoded [TestBean[foo='f1', bar='b1']]
03:20:10.595 [Test worker] DEBUG o.s.h.c.j.Jackson2JsonDecoder - [35000c00] Decoded [TestBean[foo='f2', bar='b2']]
03:20:10.598 [Test worker] DEBUG o.s.w.r.r.m.a.MessageReaderArgumentResolverTests$1 - [44e2fb54] Content-Type:application/json
03:20:10.600 [Test worker] DEBUG o.s.w.r.r.m.a.MessageReaderArgumentResolverTests$1 - [44e2fb54] 0..N [org.springframework.web.reactive.result.method.annotation.MessageReaderArgumentResolverTests$TestBean]
03:20:10.601 [Test worker] DEBUG o.s.h.c.j.Jackson2JsonDecoder - [44e2fb54] Decoded [TestBean[foo='f1', bar='b1']]
03:20:10.602 [Test worker] DEBUG o.s.h.c.j.Jackson2JsonDecoder - [44e2fb54] Decoded [TestBean[foo='f2', bar='b2']]
03:20:10.605 [Test worker] DEBUG o.s.w.r.r.m.a.MessageReaderArgumentResolverTests$1 - [473f278c] Content-Type:application/json
03:20:10.606 [Test worker] DEBUG o.s.w.r.r.m.a.MessageReaderArgumentResolverTests$1 - [473f278c] 0..1 [org.springframework.web.reactive.result.method.annotation.MessageReaderArgumentResolverTests$TestBean]
03:20:10.607 [Test worker] DEBUG o.s.h.c.j.Jackson2JsonDecoder - [473f278c] Decoded [TestBean[foo='f1', bar='b1']]
03:20:10.610 [Test worker] DEBUG o.s.w.r.r.m.a.MessageReaderArgumentResolverTests$1 - [177b9b98] Content-Type:application/json
03:20:10.611 [Test worker] DEBUG o.s.w.r.r.m.a.MessageReaderArgumentResolverTests$1 - [177b9b98] 0..1 [org.springframework.web.reactive.result.method.annotation.MessageReaderArgumentResolverTests$TestBean]
03:20:10.611 [Test worker] DEBUG o.s.h.c.j.Jackson2JsonDecoder - [177b9b98] Decoded [TestBean[foo='FOOFOO', bar='BARBAR']]
03:20:10.615 [Test worker] DEBUG o.s.w.r.r.m.a.MessageReaderArgumentResolverTests$1 - [14baf7bc] Content-Type:application/json
03:20:10.616 [Test worker] DEBUG o.s.w.r.r.m.a.MessageReaderArgumentResolverTests$1 - [14baf7bc] 0..1 [java.util.List<org.springframework.web.reactive.result.method.annotation.MessageReaderArgumentResolverTests$TestBean>]
03:20:10.618 [Test worker] DEBUG o.s.h.c.j.Jackson2JsonDecoder - [14baf7bc] Decoded [[TestBean[foo='f1', bar='b1'], TestBean[foo='f2', bar='b2']]]
03:20:10.624 [Test worker] DEBUG o.s.w.r.r.m.a.MessageReaderArgumentResolverTests$1 - [3b99350a] No Content-Type, using application/octet-stream
03:20:10.631 [Test worker] DEBUG o.s.w.r.r.m.a.MessageReaderArgumentResolverTests$1 - [2591b636] Content-Type:application/json
03:20:10.631 [Test worker] DEBUG o.s.w.r.r.m.a.MessageReaderArgumentResolverTests$1 - [2591b636] 0..1 [java.util.Map<java.lang.String, java.lang.String>]
03:20:10.632 [Test worker] DEBUG o.s.h.c.j.Jackson2JsonDecoder - [2591b636] Decoded [{bar=b1, foo=f1}]
03:20:10.635 [Test worker] DEBUG o.s.w.r.r.m.a.MessageReaderArgumentResolverTests$1 - [7e6aa732] Content-Type:application/json
03:20:10.636 [Test worker] DEBUG o.s.w.r.r.m.a.MessageReaderArgumentResolverTests$1 - [7e6aa732] 0..1 [java.util.List<org.springframework.web.reactive.result.method.annotation.MessageReaderArgumentResolverTests$TestBean>]
03:20:10.637 [Test worker] DEBUG o.s.h.c.j.Jackson2JsonDecoder - [7e6aa732] Decoded [[TestBean[foo='f1', bar='b1'], TestBean[foo='f2', bar='b2']]]
03:20:10.641 [Test worker] DEBUG o.s.w.r.r.m.a.MessageReaderArgumentResolverTests$1 - [7f6874c7] Content-Type:application/json
03:20:10.642 [Test worker] DEBUG o.s.w.r.r.m.a.MessageReaderArgumentResolverTests$1 - [7f6874c7] 0..1 [org.springframework.web.reactive.result.method.annotation.MessageReaderArgumentResolverTests$TestBean[]]
03:20:10.645 [Test worker] DEBUG o.s.h.c.j.Jackson2JsonDecoder - [7f6874c7] Decoded [[Lorg.springframework.web.reactive.result.method.annotation.MessageReaderArgumentResolverTests$TestB (truncated)...]
03:20:10.761 [Test worker] DEBUG o.s.w.r.r.m.a.MessageReaderArgumentResolverTests$1 - [2c868afc] Content-Type:application/json
03:20:10.762 [Test worker] DEBUG o.s.w.r.r.m.a.MessageReaderArgumentResolverTests$1 - [2c868afc] 0..1 [org.springframework.web.reactive.result.method.annotation.MessageReaderArgumentResolverTests$SimpleBean]
03:20:10.776 [Test worker] DEBUG o.s.h.c.j.Jackson2JsonDecoder - [2c868afc] Decoded [org.springframework.web.reactive.result.method.annotation.MessageReaderArgumentResolverTests$SimpleB (truncated)...]
03:20:10.781 [Test worker] DEBUG o.s.w.r.r.m.a.MessageReaderArgumentResolverTests$1 - [31379a8e] Content-Type:application/json
03:20:10.783 [Test worker] DEBUG o.s.w.r.r.m.a.MessageReaderArgumentResolverTests$1 - [31379a8e] 0..N [org.springframework.web.reactive.result.method.annotation.MessageReaderArgumentResolverTests$TestBean]
03:20:10.783 [Test worker] DEBUG o.s.h.c.j.Jackson2JsonDecoder - [31379a8e] Decoded [TestBean[foo='f1', bar='b1']]
03:20:10.784 [Test worker] DEBUG o.s.h.c.j.Jackson2JsonDecoder - [31379a8e] Decoded [TestBean[foo='null', bar='b2']]
03:20:10.794 [Test worker] DEBUG o.s.w.r.r.m.a.MessageReaderArgumentResolverTests$1 - [3e02215f] Content-Type:application/json
03:20:10.795 [Test worker] DEBUG o.s.w.r.r.m.a.MessageReaderArgumentResolverTests$1 - [3e02215f] 0..1 [org.springframework.web.reactive.result.method.annotation.MessageReaderArgumentResolverTests$TestBean]
03:20:10.795 [Test worker] DEBUG o.s.h.c.j.Jackson2JsonDecoder - [3e02215f] Decoded [TestBean[foo='null', bar='b1']]
]]></system-out>
  <system-err><![CDATA[]]></system-err>
</testsuite>
