<?xml version="1.0" encoding="UTF-8"?>
<testsuite name="org.springframework.web.reactive.result.method.HandlerMethodMappingTests" tests="7" skipped="0" failures="0" errors="0" timestamp="2023-03-20T08:14:42" hostname="DESKTOP-VGJP1PJ" time="0.015">
  <properties/>
  <testcase name="directMatch()" classname="org.springframework.web.reactive.result.method.HandlerMethodMappingTests" time="0.006"/>
  <testcase name="patternMatch()" classname="org.springframework.web.reactive.result.method.HandlerMethodMappingTests" time="0.002"/>
  <testcase name="unregisterMapping()" classname="org.springframework.web.reactive.result.method.HandlerMethodMappingTests" time="0.001"/>
  <testcase name="registerMappingWithSameMethodAndTwoHandlerInstances()" classname="org.springframework.web.reactive.result.method.HandlerMethodMappingTests" time="0.0"/>
  <testcase name="registerDuplicates()" classname="org.springframework.web.reactive.result.method.HandlerMethodMappingTests" time="0.001"/>
  <testcase name="registerMapping()" classname="org.springframework.web.reactive.result.method.HandlerMethodMappingTests" time="0.0"/>
  <testcase name="ambiguousMatch()" classname="org.springframework.web.reactive.result.method.HandlerMethodMappingTests" time="0.001"/>
  <system-out><![CDATA[03:14:42.690 [Test worker] DEBUG o.s.w.r.r.m.HandlerMethodMappingTests$MyHandlerMethodMapping - [4212694a] Mapped to org.springframework.web.reactive.result.method.HandlerMethodMappingTests$MyHandler#handlerMethod1()
03:14:42.696 [Test worker] DEBUG o.s.w.r.r.m.HandlerMethodMappingTests$MyHandlerMethodMapping - [155dcb76] Mapped to org.springframework.web.reactive.result.method.HandlerMethodMappingTests$MyHandler#handlerMethod1()
03:14:42.697 [Test worker] DEBUG o.s.w.r.r.m.HandlerMethodMappingTests$MyHandlerMethodMapping - [6d8d41aa] Mapped to org.springframework.web.reactive.result.method.HandlerMethodMappingTests$MyHandler#handlerMethod1()
]]></system-out>
  <system-err><![CDATA[]]></system-err>
</testsuite>
