<?xml version="1.0" encoding="UTF-8"?>
<testsuite name="org.springframework.web.reactive.resource.ContentBasedVersionStrategyTests" tests="4" skipped="0" failures="0" errors="0" timestamp="2023-03-20T08:19:55" hostname="DESKTOP-VGJP1PJ" time="0.009">
  <properties/>
  <testcase name="getResourceVersion()" classname="org.springframework.web.reactive.resource.ContentBasedVersionStrategyTests" time="0.006"/>
  <testcase name="extractVersion()" classname="org.springframework.web.reactive.resource.ContentBasedVersionStrategyTests" time="0.0"/>
  <testcase name="removeVersion()" classname="org.springframework.web.reactive.resource.ContentBasedVersionStrategyTests" time="0.0"/>
  <testcase name="addVersionToUrl()" classname="org.springframework.web.reactive.resource.ContentBasedVersionStrategyTests" time="0.001"/>
  <system-out><![CDATA[]]></system-out>
  <system-err><![CDATA[]]></system-err>
</testsuite>
