<?xml version="1.0" encoding="UTF-8"?>
<testsuite name="org.springframework.web.reactive.result.view.script.ScriptTemplateViewResolverTests" tests="1" skipped="0" failures="0" errors="0" timestamp="2023-03-20T08:20:11" hostname="DESKTOP-VGJP1PJ" time="0.004">
  <properties/>
  <testcase name="viewClass()" classname="org.springframework.web.reactive.result.view.script.ScriptTemplateViewResolverTests" time="0.004"/>
  <system-out><![CDATA[]]></system-out>
  <system-err><![CDATA[]]></system-err>
</testsuite>
