<?xml version="1.0" encoding="UTF-8"?>
<testsuite name="org.springframework.web.reactive.result.method.annotation.ErrorsMethodArgumentResolverTests" tests="5" skipped="0" failures="0" errors="0" timestamp="2023-03-20T08:14:18" hostname="DESKTOP-VGJP1PJ" time="0.04">
  <properties/>
  <testcase name="resolveWithBindingResultNotFound()" classname="org.springframework.web.reactive.result.method.annotation.ErrorsMethodArgumentResolverTests" time="0.022"/>
  <testcase name="supports()" classname="org.springframework.web.reactive.result.method.annotation.ErrorsMethodArgumentResolverTests" time="0.001"/>
  <testcase name="resolveWithMonoOnBindingResultAndModelAttribute()" classname="org.springframework.web.reactive.result.method.annotation.ErrorsMethodArgumentResolverTests" time="0.002"/>
  <testcase name="resolve()" classname="org.springframework.web.reactive.result.method.annotation.ErrorsMethodArgumentResolverTests" time="0.01"/>
  <testcase name="resolveWithMono()" classname="org.springframework.web.reactive.result.method.annotation.ErrorsMethodArgumentResolverTests" time="0.001"/>
  <system-out><![CDATA[]]></system-out>
  <system-err><![CDATA[]]></system-err>
</testsuite>
