<?xml version="1.0" encoding="UTF-8"?>
<testsuite name="org.springframework.web.reactive.function.server.DefaultServerRequestBuilderTests" tests="1" skipped="0" failures="0" errors="0" timestamp="2023-03-20T08:13:58" hostname="DESKTOP-VGJP1PJ" time="0.086">
  <properties/>
  <testcase name="from()" classname="org.springframework.web.reactive.function.server.DefaultServerRequestBuilderTests" time="0.086"/>
  <system-out><![CDATA[03:13:58.384 [Test worker] DEBUG o.s.c.c.StringDecoder - [47b913c4] Decoded "baz"
]]></system-out>
  <system-err><![CDATA[]]></system-err>
</testsuite>
