<?xml version="1.0" encoding="UTF-8"?>
<testsuite name="org.springframework.web.reactive.resource.ResourceTransformerSupportTests" tests="4" skipped="0" failures="0" errors="0" timestamp="2023-03-20T08:16:02" hostname="DESKTOP-VGJP1PJ" time="0.015">
  <properties/>
  <testcase name="toAbsolutePath()" classname="org.springframework.web.reactive.resource.ResourceTransformerSupportTests" time="0.0"/>
  <testcase name="resolveUrlPathWithRelativePath()" classname="org.springframework.web.reactive.resource.ResourceTransformerSupportTests" time="0.007"/>
  <testcase name="resolveUrlPathWithRelativePathInParentDirectory()" classname="org.springframework.web.reactive.resource.ResourceTransformerSupportTests" time="0.003"/>
  <testcase name="resolveUrlPath()" classname="org.springframework.web.reactive.resource.ResourceTransformerSupportTests" time="0.004"/>
  <system-out><![CDATA[]]></system-out>
  <system-err><![CDATA[]]></system-err>
</testsuite>
