<?xml version="1.0" encoding="UTF-8"?>
<!-- Generated by org.testng.reporters.JUnitReportReporter -->
<testsuite skipped="0" hostname="DESKTOP-VGJP1PJ" name="org.springframework.test.context.cache.ClassLevelDirtiesContextTestNGTests$ClassLevelDirtiesContextWithCleanMethodsAndDefaultModeTestCase" tests="1" failures="0" timestamp="2023-03-20T03:09:33 GMT-05:00" time="0.000" errors="0">
  <testcase name="verifyContextWasAutowired" time="0.000" classname="org.springframework.test.context.cache.ClassLevelDirtiesContextTestNGTests$ClassLevelDirtiesContextWithCleanMethodsAndDefaultModeTestCase"/>
  <system-out/>
</testsuite> <!-- org.springframework.test.context.cache.ClassLevelDirtiesContextTestNGTests$ClassLevelDirtiesContextWithCleanMethodsAndDefaultModeTestCase -->
