<?xml version="1.0" encoding="UTF-8"?>
<testsuite name="org.springframework.cache.jcache.interceptor.CacheResolverAdapterTests" tests="2" skipped="0" failures="0" errors="0" timestamp="2023-03-20T07:55:07" hostname="DESKTOP-VGJP1PJ" time="0.1">
  <properties/>
  <testcase name="resolveSimpleCache()" classname="org.springframework.cache.jcache.interceptor.CacheResolverAdapterTests" time="0.096"/>
  <testcase name="resolveUnknownCache()" classname="org.springframework.cache.jcache.interceptor.CacheResolverAdapterTests" time="0.004"/>
  <system-out><![CDATA[]]></system-out>
  <system-err><![CDATA[]]></system-err>
</testsuite>
