<?xml version="1.0" encoding="UTF-8"?>
<testsuite name="org.springframework.cache.ehcache.EhCacheCacheTests" tests="13" skipped="1" failures="0" errors="0" timestamp="2023-03-20T07:54:57" hostname="DESKTOP-VGJP1PJ" time="0.516">
  <properties/>
  <testcase name="testCacheGetCallableNotInvokedWithHitNull()" classname="org.springframework.cache.ehcache.EhCacheCacheTests" time="0.064"/>
  <testcase name="testCacheGetSynchronized()" classname="org.springframework.cache.ehcache.EhCacheCacheTests" time="0.102"/>
  <testcase name="testCachePutIfAbsent()" classname="org.springframework.cache.ehcache.EhCacheCacheTests" time="0.039"/>
  <testcase name="testCacheClear()" classname="org.springframework.cache.ehcache.EhCacheCacheTests" time="0.023"/>
  <testcase name="testCacheRemove()" classname="org.springframework.cache.ehcache.EhCacheCacheTests" time="0.046"/>
  <testcase name="testCacheGetCallableNotInvokedWithHit()" classname="org.springframework.cache.ehcache.EhCacheCacheTests" time="0.015"/>
  <testcase name="testCacheName()" classname="org.springframework.cache.ehcache.EhCacheCacheTests" time="0.047"/>
  <testcase name="testCachePut()" classname="org.springframework.cache.ehcache.EhCacheCacheTests" time="0.031"/>
  <testcase name="testCacheGetCallable()" classname="org.springframework.cache.ehcache.EhCacheCacheTests" time="0.039"/>
  <testcase name="testNativeCache()" classname="org.springframework.cache.ehcache.EhCacheCacheTests" time="0.053"/>
  <testcase name="testCacheGetCallableFail()" classname="org.springframework.cache.ehcache.EhCacheCacheTests" time="0.024"/>
  <testcase name="testCacheGetCallableWithNull()" classname="org.springframework.cache.ehcache.EhCacheCacheTests" time="0.016"/>
  <testcase name="testExpiredElements()" classname="org.springframework.cache.ehcache.EhCacheCacheTests" time="0.001">
    <skipped/>
  </testcase>
  <system-out><![CDATA[]]></system-out>
  <system-err><![CDATA[]]></system-err>
</testsuite>
