<?xml version="1.0" encoding="UTF-8"?>
<testsuite name="org.springframework.cache.ehcache.EhCacheSupportTests" tests="8" skipped="0" failures="0" errors="0" timestamp="2023-03-20T07:54:58" hostname="DESKTOP-VGJP1PJ" time="0.814">
  <properties/>
  <testcase name="testEhCacheFactoryBeanWithExplicitCacheManager()" classname="org.springframework.cache.ehcache.EhCacheSupportTests" time="0.603"/>
  <testcase name="testEhCacheFactoryBeanWithDefaultCacheManager()" classname="org.springframework.cache.ehcache.EhCacheSupportTests" time="0.057"/>
  <testcase name="testBlankCacheManager()" classname="org.springframework.cache.ehcache.EhCacheSupportTests" time="0.028"/>
  <testcase name="testEhCacheFactoryBeanWithBlockingCache()" classname="org.springframework.cache.ehcache.EhCacheSupportTests" time="0.044"/>
  <testcase name="testAcceptExistingCacheManager()" classname="org.springframework.cache.ehcache.EhCacheSupportTests" time="0.02"/>
  <testcase name="testCacheManagerConflict()" classname="org.springframework.cache.ehcache.EhCacheSupportTests" time="0.013"/>
  <testcase name="testEhCacheFactoryBeanWithSelfPopulatingCache()" classname="org.springframework.cache.ehcache.EhCacheSupportTests" time="0.019"/>
  <testcase name="testEhCacheFactoryBeanWithUpdatingSelfPopulatingCache()" classname="org.springframework.cache.ehcache.EhCacheSupportTests" time="0.028"/>
  <system-out><![CDATA[]]></system-out>
  <system-err><![CDATA[]]></system-err>
</testsuite>
