<?xml version="1.0" encoding="UTF-8"?>
<testsuite name="org.springframework.cache.jcache.config.JCacheNamespaceDrivenTests" tests="30" skipped="0" failures="0" errors="0" timestamp="2023-03-20T07:55:04" hostname="DESKTOP-VGJP1PJ" time="2.534">
  <properties/>
  <testcase name="earlyPutWithExceptionVetoPut()" classname="org.springframework.cache.jcache.config.JCacheNamespaceDrivenTests" time="0.395"/>
  <testcase name="removeWithException()" classname="org.springframework.cache.jcache.config.JCacheNamespaceDrivenTests" time="0.148"/>
  <testcase name="cacheExceptionVetoed()" classname="org.springframework.cache.jcache.config.JCacheNamespaceDrivenTests" time="0.066"/>
  <testcase name="cacheWithCustomCacheResolver()" classname="org.springframework.cache.jcache.config.JCacheNamespaceDrivenTests" time="0.092"/>
  <testcase name="earlyRemove()" classname="org.springframework.cache.jcache.config.JCacheNamespaceDrivenTests" time="0.057"/>
  <testcase name="remove()" classname="org.springframework.cache.jcache.config.JCacheNamespaceDrivenTests" time="0.07"/>
  <testcase name="earlyPut()" classname="org.springframework.cache.jcache.config.JCacheNamespaceDrivenTests" time="0.07"/>
  <testcase name="putWithException()" classname="org.springframework.cache.jcache.config.JCacheNamespaceDrivenTests" time="0.035"/>
  <testcase name="removeWithExceptionVetoRemove()" classname="org.springframework.cache.jcache.config.JCacheNamespaceDrivenTests" time="0.062"/>
  <testcase name="cacheWithCustomKeyGenerator()" classname="org.springframework.cache.jcache.config.JCacheNamespaceDrivenTests" time="0.094"/>
  <testcase name="cacheNull()" classname="org.springframework.cache.jcache.config.JCacheNamespaceDrivenTests" time="0.068"/>
  <testcase name="cacheCheckedException()" classname="org.springframework.cache.jcache.config.JCacheNamespaceDrivenTests" time="0.065"/>
  <testcase name="earlyRemoveAll()" classname="org.springframework.cache.jcache.config.JCacheNamespaceDrivenTests" time="0.067"/>
  <testcase name="put()" classname="org.springframework.cache.jcache.config.JCacheNamespaceDrivenTests" time="0.098"/>
  <testcase name="earlyRemoveAllWithExceptionVetoRemove()" classname="org.springframework.cache.jcache.config.JCacheNamespaceDrivenTests" time="0.219"/>
  <testcase name="earlyPutWithException()" classname="org.springframework.cache.jcache.config.JCacheNamespaceDrivenTests" time="0.134"/>
  <testcase name="cache()" classname="org.springframework.cache.jcache.config.JCacheNamespaceDrivenTests" time="0.07"/>
  <testcase name="earlyRemoveAllWithException()" classname="org.springframework.cache.jcache.config.JCacheNamespaceDrivenTests" time="0.044"/>
  <testcase name="earlyRemoveWithException()" classname="org.springframework.cache.jcache.config.JCacheNamespaceDrivenTests" time="0.032"/>
  <testcase name="cacheAlwaysInvoke()" classname="org.springframework.cache.jcache.config.JCacheNamespaceDrivenTests" time="0.029"/>
  <testcase name="removeAllWithExceptionVetoRemove()" classname="org.springframework.cache.jcache.config.JCacheNamespaceDrivenTests" time="0.032"/>
  <testcase name="earlyRemoveWithExceptionVetoRemove()" classname="org.springframework.cache.jcache.config.JCacheNamespaceDrivenTests" time="0.057"/>
  <testcase name="removeAll()" classname="org.springframework.cache.jcache.config.JCacheNamespaceDrivenTests" time="0.028"/>
  <testcase name="removeAllWithException()" classname="org.springframework.cache.jcache.config.JCacheNamespaceDrivenTests" time="0.034"/>
  <testcase name="cacheWithPartialKey()" classname="org.springframework.cache.jcache.config.JCacheNamespaceDrivenTests" time="0.026"/>
  <testcase name="putWithExceptionVetoPut()" classname="org.springframework.cache.jcache.config.JCacheNamespaceDrivenTests" time="0.038"/>
  <testcase name="cacheException()" classname="org.springframework.cache.jcache.config.JCacheNamespaceDrivenTests" time="0.033"/>
  <testcase name="cacheExceptionRewriteCallStack()" classname="org.springframework.cache.jcache.config.JCacheNamespaceDrivenTests" time="0.061"/>
  <testcase name="testCacheErrorHandler()" classname="org.springframework.cache.jcache.config.JCacheNamespaceDrivenTests" time="0.03"/>
  <testcase name="cacheResolver()" classname="org.springframework.cache.jcache.config.JCacheNamespaceDrivenTests" time="0.257"/>
  <system-out><![CDATA[]]></system-out>
  <system-err><![CDATA[]]></system-err>
</testsuite>
