<?xml version="1.0" encoding="UTF-8"?>
<testsuite name="org.springframework.web.servlet.mvc.method.annotation.ServletResponseMethodArgumentResolverTests" tests="4" skipped="0" failures="0" errors="0" timestamp="2023-03-20T08:15:02" hostname="DESKTOP-VGJP1PJ" time="0.004">
  <properties/>
  <testcase name="servletResponse()" classname="org.springframework.web.servlet.mvc.method.annotation.ServletResponseMethodArgumentResolverTests" time="0.001"/>
  <testcase name="writer()" classname="org.springframework.web.servlet.mvc.method.annotation.ServletResponseMethodArgumentResolverTests" time="0.001"/>
  <testcase name="outputStream()" classname="org.springframework.web.servlet.mvc.method.annotation.ServletResponseMethodArgumentResolverTests" time="0.001"/>
  <testcase name="servletResponseNoMavContainer()" classname="org.springframework.web.servlet.mvc.method.annotation.ServletResponseMethodArgumentResolverTests" time="0.001"/>
  <system-out><![CDATA[]]></system-out>
  <system-err><![CDATA[]]></system-err>
</testsuite>
