<?xml version="1.0" encoding="UTF-8"?>
<testsuite name="org.springframework.web.servlet.mvc.annotation.CglibProxyControllerTests" tests="3" skipped="0" failures="0" errors="0" timestamp="2023-03-20T08:14:30" hostname="DESKTOP-VGJP1PJ" time="1.16">
  <properties/>
  <testcase name="methodLevel()" classname="org.springframework.web.servlet.mvc.annotation.CglibProxyControllerTests" time="0.9"/>
  <testcase name="typeLevel()" classname="org.springframework.web.servlet.mvc.annotation.CglibProxyControllerTests" time="0.127"/>
  <testcase name="typeAndMethodLevel()" classname="org.springframework.web.servlet.mvc.annotation.CglibProxyControllerTests" time="0.133"/>
  <system-out><![CDATA[]]></system-out>
  <system-err><![CDATA[]]></system-err>
</testsuite>
