<?xml version="1.0" encoding="UTF-8"?>
<testsuite name="org.springframework.web.servlet.tags.form.LabelTagTests" tests="4" skipped="0" failures="0" errors="0" timestamp="2023-03-20T08:15:17" hostname="DESKTOP-VGJP1PJ" time="0.022">
  <properties/>
  <testcase name="simpleRenderWithMapElement()" classname="org.springframework.web.servlet.tags.form.LabelTagTests" time="0.005"/>
  <testcase name="simpleRender()" classname="org.springframework.web.servlet.tags.form.LabelTagTests" time="0.005"/>
  <testcase name="simpleRenderWithDynamicAttributes()" classname="org.springframework.web.servlet.tags.form.LabelTagTests" time="0.005"/>
  <testcase name="overrideFor()" classname="org.springframework.web.servlet.tags.form.LabelTagTests" time="0.005"/>
  <system-out><![CDATA[]]></system-out>
  <system-err><![CDATA[]]></system-err>
</testsuite>
