<?xml version="1.0" encoding="UTF-8"?>
<testsuite name="org.springframework.web.servlet.function.PathResourceLookupFunctionTests" tests="4" skipped="0" failures="0" errors="0" timestamp="2023-03-20T08:14:28" hostname="DESKTOP-VGJP1PJ" time="0.042">
  <properties/>
  <testcase name="subPath()" classname="org.springframework.web.servlet.function.PathResourceLookupFunctionTests" time="0.008"/>
  <testcase name="normal()" classname="org.springframework.web.servlet.function.PathResourceLookupFunctionTests" time="0.029"/>
  <testcase name="composeResourceLookupFunction()" classname="org.springframework.web.servlet.function.PathResourceLookupFunctionTests" time="0.003"/>
  <testcase name="notFound()" classname="org.springframework.web.servlet.function.PathResourceLookupFunctionTests" time="0.001"/>
  <system-out><![CDATA[]]></system-out>
  <system-err><![CDATA[]]></system-err>
</testsuite>
