<?xml version="1.0" encoding="UTF-8"?>
<testsuite name="org.springframework.web.servlet.mvc.method.annotation.ServletAnnotationControllerHandlerMethodKotlinTests" tests="6" skipped="0" failures="0" errors="0" timestamp="2023-03-20T08:19:26" hostname="DESKTOP-VGJP1PJ" time="3.884">
  <properties/>
  <testcase name="dataClassBindingWithOptionalParameterAndOnlyMissingParameters(boolean)[1]" classname="org.springframework.web.servlet.mvc.method.annotation.ServletAnnotationControllerHandlerMethodKotlinTests" time="1.968"/>
  <testcase name="dataClassBindingWithOptionalParameterAndOnlyMissingParameters(boolean)[2]" classname="org.springframework.web.servlet.mvc.method.annotation.ServletAnnotationControllerHandlerMethodKotlinTests" time="0.803"/>
  <testcase name="dataClassBinding(boolean)[1]" classname="org.springframework.web.servlet.mvc.method.annotation.ServletAnnotationControllerHandlerMethodKotlinTests" time="0.371"/>
  <testcase name="dataClassBinding(boolean)[2]" classname="org.springframework.web.servlet.mvc.method.annotation.ServletAnnotationControllerHandlerMethodKotlinTests" time="0.427"/>
  <testcase name="dataClassBindingWithOptionalParameterAndAllParameters(boolean)[1]" classname="org.springframework.web.servlet.mvc.method.annotation.ServletAnnotationControllerHandlerMethodKotlinTests" time="0.169"/>
  <testcase name="dataClassBindingWithOptionalParameterAndAllParameters(boolean)[2]" classname="org.springframework.web.servlet.mvc.method.annotation.ServletAnnotationControllerHandlerMethodKotlinTests" time="0.112"/>
  <system-out><![CDATA[]]></system-out>
  <system-err><![CDATA[]]></system-err>
</testsuite>
