<?xml version="1.0" encoding="UTF-8"?>
<testsuite name="org.springframework.web.servlet.view.script.JythonScriptTemplateTests" tests="1" skipped="0" failures="0" errors="0" timestamp="2023-03-20T08:15:45" hostname="DESKTOP-VGJP1PJ" time="21.505">
  <properties/>
  <testcase name="renderTemplate()" classname="org.springframework.web.servlet.view.script.JythonScriptTemplateTests" time="21.505"/>
  <system-out><![CDATA[]]></system-out>
  <system-err><![CDATA[]]></system-err>
</testsuite>
