<?xml version="1.0" encoding="UTF-8"?>
<testsuite name="org.springframework.web.servlet.mvc.method.annotation.RequestScopedControllerAdviceIntegrationTests" tests="1" skipped="0" failures="0" errors="0" timestamp="2023-03-20T08:14:43" hostname="DESKTOP-VGJP1PJ" time="0.321">
  <properties/>
  <testcase name="loadContextWithRequestScopedControllerAdvice()" classname="org.springframework.web.servlet.mvc.method.annotation.RequestScopedControllerAdviceIntegrationTests" time="0.321"/>
  <system-out><![CDATA[]]></system-out>
  <system-err><![CDATA[]]></system-err>
</testsuite>
