<?xml version="1.0" encoding="UTF-8"?>
<testsuite name="org.springframework.web.servlet.mvc.condition.RequestConditionHolderTests" tests="9" skipped="0" failures="0" errors="0" timestamp="2023-03-20T08:14:32" hostname="DESKTOP-VGJP1PJ" time="0.009">
  <properties/>
  <testcase name="compareIncompatible()" classname="org.springframework.web.servlet.mvc.condition.RequestConditionHolderTests" time="0.001"/>
  <testcase name="compareEmpty()" classname="org.springframework.web.servlet.mvc.condition.RequestConditionHolderTests" time="0.001"/>
  <testcase name="match()" classname="org.springframework.web.servlet.mvc.condition.RequestConditionHolderTests" time="0.001"/>
  <testcase name="combine()" classname="org.springframework.web.servlet.mvc.condition.RequestConditionHolderTests" time="0.0"/>
  <testcase name="compare()" classname="org.springframework.web.servlet.mvc.condition.RequestConditionHolderTests" time="0.0"/>
  <testcase name="combineEmpty()" classname="org.springframework.web.servlet.mvc.condition.RequestConditionHolderTests" time="0.001"/>
  <testcase name="matchEmpty()" classname="org.springframework.web.servlet.mvc.condition.RequestConditionHolderTests" time="0.001"/>
  <testcase name="combineIncompatible()" classname="org.springframework.web.servlet.mvc.condition.RequestConditionHolderTests" time="0.001"/>
  <testcase name="noMatch()" classname="org.springframework.web.servlet.mvc.condition.RequestConditionHolderTests" time="0.0"/>
  <system-out><![CDATA[]]></system-out>
  <system-err><![CDATA[]]></system-err>
</testsuite>
