<?xml version="1.0" encoding="UTF-8"?>
<testsuite name="org.springframework.web.servlet.view.feed.AtomFeedViewTests" tests="1" skipped="0" failures="0" errors="0" timestamp="2023-03-20T08:15:39" hostname="DESKTOP-VGJP1PJ" time="1.181">
  <properties/>
  <testcase name="render()" classname="org.springframework.web.servlet.view.feed.AtomFeedViewTests" time="1.181"/>
  <system-out><![CDATA[]]></system-out>
  <system-err><![CDATA[]]></system-err>
</testsuite>
