<?xml version="1.0" encoding="UTF-8"?>
<testsuite name="org.springframework.web.servlet.support.WebContentGeneratorTests" tests="10" skipped="0" failures="0" errors="0" timestamp="2023-03-20T08:15:13" hostname="DESKTOP-VGJP1PJ" time="0.012">
  <properties/>
  <testcase name="getAllowHeaderWithConstructorFalse()" classname="org.springframework.web.servlet.support.WebContentGeneratorTests" time="0.0"/>
  <testcase name="varyHeader()" classname="org.springframework.web.servlet.support.WebContentGeneratorTests" time="0.0"/>
  <testcase name="getAllowHeaderWithSupportedMethodsSetterEmpty()" classname="org.springframework.web.servlet.support.WebContentGeneratorTests" time="0.0"/>
  <testcase name="varyHeaderWithExistingWildcard()" classname="org.springframework.web.servlet.support.WebContentGeneratorTests" time="0.001"/>
  <testcase name="varyHeaderWithExistingCommaValues()" classname="org.springframework.web.servlet.support.WebContentGeneratorTests" time="0.005"/>
  <testcase name="getAllowHeaderWithSupportedMethodsSetter()" classname="org.springframework.web.servlet.support.WebContentGeneratorTests" time="0.0"/>
  <testcase name="getAllowHeaderWithSupportedMethodsConstructor()" classname="org.springframework.web.servlet.support.WebContentGeneratorTests" time="0.001"/>
  <testcase name="getAllowHeaderWithConstructorTrue()" classname="org.springframework.web.servlet.support.WebContentGeneratorTests" time="0.0"/>
  <testcase name="varyHeaderNone()" classname="org.springframework.web.servlet.support.WebContentGeneratorTests" time="0.001"/>
  <testcase name="varyHeaderWithExistingCommaSeparatedValues()" classname="org.springframework.web.servlet.support.WebContentGeneratorTests" time="0.0"/>
  <system-out><![CDATA[]]></system-out>
  <system-err><![CDATA[]]></system-err>
</testsuite>
