<?xml version="1.0" encoding="UTF-8"?>
<testsuite name="org.springframework.web.servlet.view.xml.MarshallingViewTests" tests="11" skipped="0" failures="0" errors="0" timestamp="2023-03-20T08:18:55" hostname="DESKTOP-VGJP1PJ" time="0.113">
  <properties/>
  <testcase name="renderModelKeyUnsupported()" classname="org.springframework.web.servlet.view.xml.MarshallingViewTests" time="0.013"/>
  <testcase name="renderInvalidModelKey()" classname="org.springframework.web.servlet.view.xml.MarshallingViewTests" time="0.001"/>
  <testcase name="getContentType()" classname="org.springframework.web.servlet.view.xml.MarshallingViewTests" time="0.002"/>
  <testcase name="isExposePathVarsDefaultConstructor()" classname="org.springframework.web.servlet.view.xml.MarshallingViewTests" time="0.001"/>
  <testcase name="isExposePathVars()" classname="org.springframework.web.servlet.view.xml.MarshallingViewTests" time="0.0"/>
  <testcase name="renderNoModelKey()" classname="org.springframework.web.servlet.view.xml.MarshallingViewTests" time="0.005"/>
  <testcase name="renderNullModelValue()" classname="org.springframework.web.servlet.view.xml.MarshallingViewTests" time="0.002"/>
  <testcase name="renderModelKeyWithJaxbElement()" classname="org.springframework.web.servlet.view.xml.MarshallingViewTests" time="0.004"/>
  <testcase name="testRenderUnsupportedModel()" classname="org.springframework.web.servlet.view.xml.MarshallingViewTests" time="0.001"/>
  <testcase name="renderNoModelKeyAndBindingResultFirst()" classname="org.springframework.web.servlet.view.xml.MarshallingViewTests" time="0.08"/>
  <testcase name="renderModelKey()" classname="org.springframework.web.servlet.view.xml.MarshallingViewTests" time="0.002"/>
  <system-out><![CDATA[]]></system-out>
  <system-err><![CDATA[]]></system-err>
</testsuite>
