<?xml version="1.0" encoding="UTF-8"?>
<testsuite name="org.springframework.web.servlet.handler.MappedInterceptorTests" tests="15" skipped="0" failures="0" errors="0" timestamp="2023-03-20T08:14:29" hostname="DESKTOP-VGJP1PJ" time="0.464">
  <properties/>
  <testcase name="noPatterns(Function)[1]" classname="org.springframework.web.servlet.handler.MappedInterceptorTests" time="0.001"/>
  <testcase name="noPatterns(Function)[2]" classname="org.springframework.web.servlet.handler.MappedInterceptorTests" time="0.008"/>
  <testcase name="includePatternWithMatrixVariables(Function)[1]" classname="org.springframework.web.servlet.handler.MappedInterceptorTests" time="0.009"/>
  <testcase name="includePatternWithMatrixVariables(Function)[2]" classname="org.springframework.web.servlet.handler.MappedInterceptorTests" time="0.001"/>
  <testcase name="includePattern(Function)[1]" classname="org.springframework.web.servlet.handler.MappedInterceptorTests" time="0.001"/>
  <testcase name="includePattern(Function)[2]" classname="org.springframework.web.servlet.handler.MappedInterceptorTests" time="0.001"/>
  <testcase name="customPathMatcher(Function)[1]" classname="org.springframework.web.servlet.handler.MappedInterceptorTests" time="0.001"/>
  <testcase name="customPathMatcher(Function)[2]" classname="org.springframework.web.servlet.handler.MappedInterceptorTests" time="0.001"/>
  <testcase name="afterCompletion()" classname="org.springframework.web.servlet.handler.MappedInterceptorTests" time="0.301"/>
  <testcase name="includeAndExcludePatterns(Function)[1]" classname="org.springframework.web.servlet.handler.MappedInterceptorTests" time="0.001"/>
  <testcase name="includeAndExcludePatterns(Function)[2]" classname="org.springframework.web.servlet.handler.MappedInterceptorTests" time="0.0"/>
  <testcase name="postHandle()" classname="org.springframework.web.servlet.handler.MappedInterceptorTests" time="0.1"/>
  <testcase name="excludePattern(Function)[1]" classname="org.springframework.web.servlet.handler.MappedInterceptorTests" time="0.001"/>
  <testcase name="excludePattern(Function)[2]" classname="org.springframework.web.servlet.handler.MappedInterceptorTests" time="0.0"/>
  <testcase name="preHandle()" classname="org.springframework.web.servlet.handler.MappedInterceptorTests" time="0.002"/>
  <system-out><![CDATA[]]></system-out>
  <system-err><![CDATA[]]></system-err>
</testsuite>
