<?xml version="1.0" encoding="UTF-8"?>
<testsuite name="org.springframework.web.servlet.handler.PathMatchingUrlHandlerMappingTests" tests="8" skipped="0" failures="0" errors="0" timestamp="2023-03-20T08:14:29" hostname="DESKTOP-VGJP1PJ" time="0.146">
  <properties/>
  <testcase name="defaultMapping(HandlerMapping, WebApplicationContext)[1]" classname="org.springframework.web.servlet.handler.PathMatchingUrlHandlerMappingTests" time="0.0"/>
  <testcase name="defaultMapping(HandlerMapping, WebApplicationContext)[2]" classname="org.springframework.web.servlet.handler.PathMatchingUrlHandlerMappingTests" time="0.003"/>
  <testcase name="actualPathMatching(SimpleUrlHandlerMapping, WebApplicationContext)[1]" classname="org.springframework.web.servlet.handler.PathMatchingUrlHandlerMappingTests" time="0.049"/>
  <testcase name="actualPathMatching(SimpleUrlHandlerMapping, WebApplicationContext)[2]" classname="org.springframework.web.servlet.handler.PathMatchingUrlHandlerMappingTests" time="0.006"/>
  <testcase name="mappingExposedInRequest(HandlerMapping, WebApplicationContext)[1]" classname="org.springframework.web.servlet.handler.PathMatchingUrlHandlerMappingTests" time="0.0"/>
  <testcase name="mappingExposedInRequest(HandlerMapping, WebApplicationContext)[2]" classname="org.springframework.web.servlet.handler.PathMatchingUrlHandlerMappingTests" time="0.001"/>
  <testcase name="requestsWithHandlers(HandlerMapping, WebApplicationContext)[1]" classname="org.springframework.web.servlet.handler.PathMatchingUrlHandlerMappingTests" time="0.003"/>
  <testcase name="requestsWithHandlers(HandlerMapping, WebApplicationContext)[2]" classname="org.springframework.web.servlet.handler.PathMatchingUrlHandlerMappingTests" time="0.002"/>
  <system-out><![CDATA[]]></system-out>
  <system-err><![CDATA[]]></system-err>
</testsuite>
