<?xml version="1.0" encoding="UTF-8"?>
<testsuite name="org.springframework.web.servlet.handler.CorsAbstractHandlerMappingTests" tests="20" skipped="0" failures="0" errors="0" timestamp="2023-03-20T08:14:28" hostname="DESKTOP-VGJP1PJ" time="0.048">
  <properties/>
  <testcase name="actualRequestWithoutCorsConfig(TestHandlerMapping)[1]" classname="org.springframework.web.servlet.handler.CorsAbstractHandlerMappingTests" time="0.001"/>
  <testcase name="actualRequestWithoutCorsConfig(TestHandlerMapping)[2]" classname="org.springframework.web.servlet.handler.CorsAbstractHandlerMappingTests" time="0.001"/>
  <testcase name="preflightRequestWithoutCorsConfig(TestHandlerMapping)[1]" classname="org.springframework.web.servlet.handler.CorsAbstractHandlerMappingTests" time="0.002"/>
  <testcase name="preflightRequestWithoutCorsConfig(TestHandlerMapping)[2]" classname="org.springframework.web.servlet.handler.CorsAbstractHandlerMappingTests" time="0.0"/>
  <testcase name="actualRequestWithMappedPatternCorsConfiguration(TestHandlerMapping)[1]" classname="org.springframework.web.servlet.handler.CorsAbstractHandlerMappingTests" time="0.001"/>
  <testcase name="actualRequestWithMappedPatternCorsConfiguration(TestHandlerMapping)[2]" classname="org.springframework.web.servlet.handler.CorsAbstractHandlerMappingTests" time="0.001"/>
  <testcase name="preflightRequestWithCorsConfigSource(TestHandlerMapping)[1]" classname="org.springframework.web.servlet.handler.CorsAbstractHandlerMappingTests" time="0.001"/>
  <testcase name="preflightRequestWithCorsConfigSource(TestHandlerMapping)[2]" classname="org.springframework.web.servlet.handler.CorsAbstractHandlerMappingTests" time="0.001"/>
  <testcase name="actualRequestWithCorsConfigProvider(TestHandlerMapping)[1]" classname="org.springframework.web.servlet.handler.CorsAbstractHandlerMappingTests" time="0.001"/>
  <testcase name="actualRequestWithCorsConfigProvider(TestHandlerMapping)[2]" classname="org.springframework.web.servlet.handler.CorsAbstractHandlerMappingTests" time="0.002"/>
  <testcase name="actualRequestWithCorsConfigProviderForHandlerChain(TestHandlerMapping)[1]" classname="org.springframework.web.servlet.handler.CorsAbstractHandlerMappingTests" time="0.001"/>
  <testcase name="actualRequestWithCorsConfigProviderForHandlerChain(TestHandlerMapping)[2]" classname="org.springframework.web.servlet.handler.CorsAbstractHandlerMappingTests" time="0.001"/>
  <testcase name="preflightRequestWithCorsConfigProvider(TestHandlerMapping)[1]" classname="org.springframework.web.servlet.handler.CorsAbstractHandlerMappingTests" time="0.001"/>
  <testcase name="preflightRequestWithCorsConfigProvider(TestHandlerMapping)[2]" classname="org.springframework.web.servlet.handler.CorsAbstractHandlerMappingTests" time="0.0"/>
  <testcase name="preflightRequestWithMappedCorsConfig(TestHandlerMapping)[1]" classname="org.springframework.web.servlet.handler.CorsAbstractHandlerMappingTests" time="0.001"/>
  <testcase name="preflightRequestWithMappedCorsConfig(TestHandlerMapping)[2]" classname="org.springframework.web.servlet.handler.CorsAbstractHandlerMappingTests" time="0.0"/>
  <testcase name="actualRequestWithCorsConfigSource(TestHandlerMapping)[1]" classname="org.springframework.web.servlet.handler.CorsAbstractHandlerMappingTests" time="0.001"/>
  <testcase name="actualRequestWithCorsConfigSource(TestHandlerMapping)[2]" classname="org.springframework.web.servlet.handler.CorsAbstractHandlerMappingTests" time="0.0"/>
  <testcase name="actualRequestWithMappedCorsConfig(TestHandlerMapping)[1]" classname="org.springframework.web.servlet.handler.CorsAbstractHandlerMappingTests" time="0.003"/>
  <testcase name="actualRequestWithMappedCorsConfig(TestHandlerMapping)[2]" classname="org.springframework.web.servlet.handler.CorsAbstractHandlerMappingTests" time="0.001"/>
  <system-out><![CDATA[]]></system-out>
  <system-err><![CDATA[]]></system-err>
</testsuite>
