<?xml version="1.0" encoding="UTF-8"?>
<testsuite name="org.springframework.web.servlet.resource.PathResourceResolverTests" tests="10" skipped="0" failures="0" errors="0" timestamp="2023-03-20T08:15:05" hostname="DESKTOP-VGJP1PJ" time="0.029">
  <properties/>
  <testcase name="checkFileLocation()" classname="org.springframework.web.servlet.resource.PathResourceResolverTests" time="0.0"/>
  <testcase name="ignoreInvalidEscapeSequence()" classname="org.springframework.web.servlet.resource.PathResourceResolverTests" time="0.001"/>
  <testcase name="checkResourceWithAllowedLocations()" classname="org.springframework.web.servlet.resource.PathResourceResolverTests" time="0.001"/>
  <testcase name="resolveFromClasspathRoot()" classname="org.springframework.web.servlet.resource.PathResourceResolverTests" time="0.001"/>
  <testcase name="checkServletContextResource()" classname="org.springframework.web.servlet.resource.PathResourceResolverTests" time="0.0"/>
  <testcase name="resolveFromClasspath()" classname="org.springframework.web.servlet.resource.PathResourceResolverTests" time="0.001"/>
  <testcase name="relativePathEncodedForUrlResource()" classname="org.springframework.web.servlet.resource.PathResourceResolverTests" time="0.001"/>
  <testcase name="resolvePathRootResource()" classname="org.springframework.web.servlet.resource.PathResourceResolverTests" time="0.0"/>
  <testcase name="checkRelativeLocation()" classname="org.springframework.web.servlet.resource.PathResourceResolverTests" time="0.001"/>
  <testcase name="checkResource()" classname="org.springframework.web.servlet.resource.PathResourceResolverTests" time="0.023"/>
  <system-out><![CDATA[03:15:05.284 [Test worker] WARN  o.s.w.s.r.PathResourceResolver - Resource path "../testsecret/secret.txt" was successfully resolved but resource "file:/F:/spring-framework-5.3.x/spring-framework-5.3.0-M2/spring-webmvc/build/resources/test/org/springframework/web/servlet/resource/testsecret/secret.txt" is neither under the current location "file:/F:/spring-framework-5.3.x/spring-framework-5.3.0-M2/spring-webmvc/build/resources/test/org/springframework/web/servlet/resource/test/" nor under any of the allowed locations []
03:15:05.285 [Test worker] WARN  o.s.w.s.r.PathResourceResolver - Resource path "test/../../testsecret/secret.txt" was successfully resolved but resource "file:/F:/spring-framework-5.3.x/spring-framework-5.3.0-M2/spring-webmvc/build/resources/test/org/springframework/web/servlet/resource/testsecret/secret.txt" is neither under the current location "file:/F:/spring-framework-5.3.x/spring-framework-5.3.0-M2/spring-webmvc/build/resources/test/org/springframework/web/servlet/resource/test/" nor under any of the allowed locations []
03:15:05.289 [Test worker] WARN  o.s.w.s.r.PathResourceResolver - Resource path "file:/F:/spring-framework-5.3.x/spring-framework-5.3.0-M2/spring-webmvc/build/resources/test/org/springframework/web/servlet/resource/testsecret/secret.txt" was successfully resolved but resource "file:/F:/spring-framework-5.3.x/spring-framework-5.3.0-M2/spring-webmvc/build/resources/test/org/springframework/web/servlet/resource/testsecret/secret.txt" is neither under the current location "file:/F:/spring-framework-5.3.x/spring-framework-5.3.0-M2/spring-webmvc/build/resources/test/org/springframework/web/servlet/resource/test/" nor under any of the allowed locations []
03:15:05.296 [Test worker] WARN  o.s.w.s.r.PathResourceResolver - Resource path "/file:/F:/spring-framework-5.3.x/spring-framework-5.3.0-M2/spring-webmvc/build/resources/test/org/springframework/web/servlet/resource/testsecret/secret.txt" was successfully resolved but resource "file:/F:/spring-framework-5.3.x/spring-framework-5.3.0-M2/spring-webmvc/build/resources/test/org/springframework/web/servlet/resource/testsecret/secret.txt" is neither under the current location "file:/F:/spring-framework-5.3.x/spring-framework-5.3.0-M2/spring-webmvc/build/resources/test/org/springframework/web/servlet/resource/test/" nor under any of the allowed locations []
03:15:05.297 [Test worker] WARN  o.s.w.s.r.PathResourceResolver - Resource path "//F:/spring-framework-5.3.x/spring-framework-5.3.0-M2/spring-webmvc/build/resources/test/org/springframework/web/servlet/resource/testsecret/secret.txt" was successfully resolved but resource "file:/F:/spring-framework-5.3.x/spring-framework-5.3.0-M2/spring-webmvc/build/resources/test/org/springframework/web/servlet/resource/testsecret/secret.txt" is neither under the current location "file:/F:/spring-framework-5.3.x/spring-framework-5.3.0-M2/spring-webmvc/build/resources/test/org/springframework/web/servlet/resource/test/" nor under any of the allowed locations []
03:15:05.298 [Test worker] WARN  o.s.w.s.r.PathResourceResolver - Resolved resource path contains encoded "../" or "..\": file:/F:/spring-framework-5.3.x/spring-framework-5.3.0-M2/spring-webmvc/build/resources/test/org/springframework/web/servlet/resource/test/%2E%2E/testsecret/secret.txt
03:15:05.299 [Test worker] WARN  o.s.w.s.r.PathResourceResolver - Resource path "/%2E%2E/testsecret/secret.txt" was successfully resolved but resource "file:/F:/spring-framework-5.3.x/spring-framework-5.3.0-M2/spring-webmvc/build/resources/test/org/springframework/web/servlet/resource/test/%2E%2E/testsecret/secret.txt" is neither under the current location "file:/F:/spring-framework-5.3.x/spring-framework-5.3.0-M2/spring-webmvc/build/resources/test/org/springframework/web/servlet/resource/test/" nor under any of the allowed locations []
03:15:05.299 [Test worker] WARN  o.s.w.s.r.PathResourceResolver - Resolved resource path contains encoded "../" or "..\": file:/F:/spring-framework-5.3.x/spring-framework-5.3.0-M2/spring-webmvc/build/resources/test/org/springframework/web/servlet/resource/test/%2e%2e/testsecret/secret.txt
03:15:05.299 [Test worker] WARN  o.s.w.s.r.PathResourceResolver - Resource path "/%2e%2e/testsecret/secret.txt" was successfully resolved but resource "file:/F:/spring-framework-5.3.x/spring-framework-5.3.0-M2/spring-webmvc/build/resources/test/org/springframework/web/servlet/resource/test/%2e%2e/testsecret/secret.txt" is neither under the current location "file:/F:/spring-framework-5.3.x/spring-framework-5.3.0-M2/spring-webmvc/build/resources/test/org/springframework/web/servlet/resource/test/" nor under any of the allowed locations []
03:15:05.299 [Test worker] WARN  o.s.w.s.r.PathResourceResolver - Resource path " /F:/spring-framework-5.3.x/spring-framework-5.3.0-M2/spring-webmvc/build/resources/test/org/springframework/web/servlet/resource/testsecret/secret.txt" was successfully resolved but resource "file:/F:/spring-framework-5.3.x/spring-framework-5.3.0-M2/spring-webmvc/build/resources/test/org/springframework/web/servlet/resource/testsecret/secret.txt" is neither under the current location "file:/F:/spring-framework-5.3.x/spring-framework-5.3.0-M2/spring-webmvc/build/resources/test/org/springframework/web/servlet/resource/test/" nor under any of the allowed locations []
03:15:05.300 [Test worker] WARN  o.s.w.s.r.PathResourceResolver - Resource path "/  /F:/spring-framework-5.3.x/spring-framework-5.3.0-M2/spring-webmvc/build/resources/test/org/springframework/web/servlet/resource/testsecret/secret.txt" was successfully resolved but resource "file:/F:/spring-framework-5.3.x/spring-framework-5.3.0-M2/spring-webmvc/build/resources/test/org/springframework/web/servlet/resource/testsecret/secret.txt" is neither under the current location "file:/F:/spring-framework-5.3.x/spring-framework-5.3.0-M2/spring-webmvc/build/resources/test/org/springframework/web/servlet/resource/test/" nor under any of the allowed locations []
03:15:05.300 [Test worker] WARN  o.s.w.s.r.PathResourceResolver - Resource path "url:/F:/spring-framework-5.3.x/spring-framework-5.3.0-M2/spring-webmvc/build/resources/test/org/springframework/web/servlet/resource/testsecret/secret.txt" was successfully resolved but resource "file:/F:/spring-framework-5.3.x/spring-framework-5.3.0-M2/spring-webmvc/build/resources/test/org/springframework/web/servlet/resource/testsecret/secret.txt" is neither under the current location "file:/F:/spring-framework-5.3.x/spring-framework-5.3.0-M2/spring-webmvc/build/resources/test/org/springframework/web/servlet/resource/test/" nor under any of the allowed locations []
]]></system-out>
  <system-err><![CDATA[]]></system-err>
</testsuite>
