<?xml version="1.0" encoding="UTF-8"?>
<testsuite name="org.springframework.web.servlet.support.ServletUriComponentsBuilderTests" tests="16" skipped="0" failures="0" errors="0" timestamp="2023-03-20T08:15:13" hostname="DESKTOP-VGJP1PJ" time="0.036">
  <properties/>
  <testcase name="fromRequestWithForwardedHostAndPort()" classname="org.springframework.web.servlet.support.ServletUriComponentsBuilderTests" time="0.002"/>
  <testcase name="pathExtensionNone()" classname="org.springframework.web.servlet.support.ServletUriComponentsBuilderTests" time="0.001"/>
  <testcase name="fromServletMapping()" classname="org.springframework.web.servlet.support.ServletUriComponentsBuilderTests" time="0.001"/>
  <testcase name="fromRequestWithForwardedPrefixTrailingSlash()" classname="org.springframework.web.servlet.support.ServletUriComponentsBuilderTests" time="0.001"/>
  <testcase name="fromCurrentRequest()" classname="org.springframework.web.servlet.support.ServletUriComponentsBuilderTests" time="0.002"/>
  <testcase name="fromContextPathWithForwardedPrefix()" classname="org.springframework.web.servlet.support.ServletUriComponentsBuilderTests" time="0.001"/>
  <testcase name="fromRequestEncodedPath()" classname="org.springframework.web.servlet.support.ServletUriComponentsBuilderTests" time="0.002"/>
  <testcase name="fromServletMappingWithForwardedPrefix()" classname="org.springframework.web.servlet.support.ServletUriComponentsBuilderTests" time="0.002"/>
  <testcase name="fromRequestWithForwardedPrefixRoot()" classname="org.springframework.web.servlet.support.ServletUriComponentsBuilderTests" time="0.002"/>
  <testcase name="fromRequest()" classname="org.springframework.web.servlet.support.ServletUriComponentsBuilderTests" time="0.002"/>
  <testcase name="pathExtension()" classname="org.springframework.web.servlet.support.ServletUriComponentsBuilderTests" time="0.004"/>
  <testcase name="fromRequestAtypicalHttpsPort()" classname="org.springframework.web.servlet.support.ServletUriComponentsBuilderTests" time="0.001"/>
  <testcase name="fromRequestWithForwardedPrefix()" classname="org.springframework.web.servlet.support.ServletUriComponentsBuilderTests" time="0.001"/>
  <testcase name="fromRequestUri()" classname="org.springframework.web.servlet.support.ServletUriComponentsBuilderTests" time="0.001"/>
  <testcase name="fromContextPath()" classname="org.springframework.web.servlet.support.ServletUriComponentsBuilderTests" time="0.001"/>
  <testcase name="fromRequestAtypicalHttpPort()" classname="org.springframework.web.servlet.support.ServletUriComponentsBuilderTests" time="0.001"/>
  <system-out><![CDATA[]]></system-out>
  <system-err><![CDATA[]]></system-err>
</testsuite>
