<?xml version="1.0" encoding="UTF-8"?>
<testsuite name="org.springframework.web.servlet.mvc.method.annotation.RequestPartMethodArgumentResolverTests" tests="32" skipped="0" failures="0" errors="0" timestamp="2023-03-20T08:14:41" hostname="DESKTOP-VGJP1PJ" time="0.384">
  <properties/>
  <testcase name="resolvePartListArgument()" classname="org.springframework.web.servlet.mvc.method.annotation.RequestPartMethodArgumentResolverTests" time="0.002"/>
  <testcase name="resolveRequestPart()" classname="org.springframework.web.servlet.mvc.method.annotation.RequestPartMethodArgumentResolverTests" time="0.029"/>
  <testcase name="resolveOptionalMultipartFileList()" classname="org.springframework.web.servlet.mvc.method.annotation.RequestPartMethodArgumentResolverTests" time="0.002"/>
  <testcase name="isMultipartRequestPut()" classname="org.springframework.web.servlet.mvc.method.annotation.RequestPartMethodArgumentResolverTests" time="0.001"/>
  <testcase name="resolveRequestPartNotValid()" classname="org.springframework.web.servlet.mvc.method.annotation.RequestPartMethodArgumentResolverTests" time="0.061"/>
  <testcase name="resolveOptionalMultipartFileListWithoutMultipartRequest()" classname="org.springframework.web.servlet.mvc.method.annotation.RequestPartMethodArgumentResolverTests" time="0.001"/>
  <testcase name="resolveOptionalPartArgumentNotPresent()" classname="org.springframework.web.servlet.mvc.method.annotation.RequestPartMethodArgumentResolverTests" time="0.002"/>
  <testcase name="resolvePartArgument()" classname="org.springframework.web.servlet.mvc.method.annotation.RequestPartMethodArgumentResolverTests" time="0.002"/>
  <testcase name="isMultipartRequest()" classname="org.springframework.web.servlet.mvc.method.annotation.RequestPartMethodArgumentResolverTests" time="0.001"/>
  <testcase name="resolveOptionalPartArgumentWithoutMultipartRequest()" classname="org.springframework.web.servlet.mvc.method.annotation.RequestPartMethodArgumentResolverTests" time="0.001"/>
  <testcase name="resolveOptionalMultipartFileListNotPresent()" classname="org.springframework.web.servlet.mvc.method.annotation.RequestPartMethodArgumentResolverTests" time="0.001"/>
  <testcase name="resolveOptionalPartArgument()" classname="org.springframework.web.servlet.mvc.method.annotation.RequestPartMethodArgumentResolverTests" time="0.002"/>
  <testcase name="resolveOptionalPartListNotPresent()" classname="org.springframework.web.servlet.mvc.method.annotation.RequestPartMethodArgumentResolverTests" time="0.001"/>
  <testcase name="resolveOptionalRequestPartNotPresent()" classname="org.springframework.web.servlet.mvc.method.annotation.RequestPartMethodArgumentResolverTests" time="0.001"/>
  <testcase name="resolveOptionalMultipartFileArgumentWithoutMultipartRequest()" classname="org.springframework.web.servlet.mvc.method.annotation.RequestPartMethodArgumentResolverTests" time="0.004"/>
  <testcase name="resolveOptionalMultipartFileArgumentNotPresent()" classname="org.springframework.web.servlet.mvc.method.annotation.RequestPartMethodArgumentResolverTests" time="0.004"/>
  <testcase name="resolvePartArrayArgument()" classname="org.springframework.web.servlet.mvc.method.annotation.RequestPartMethodArgumentResolverTests" time="0.003"/>
  <testcase name="resolveMultipartFileArray()" classname="org.springframework.web.servlet.mvc.method.annotation.RequestPartMethodArgumentResolverTests" time="0.001"/>
  <testcase name="resolveNamedRequestPart()" classname="org.springframework.web.servlet.mvc.method.annotation.RequestPartMethodArgumentResolverTests" time="0.021"/>
  <testcase name="resolveMultipartFile()" classname="org.springframework.web.servlet.mvc.method.annotation.RequestPartMethodArgumentResolverTests" time="0.002"/>
  <testcase name="resolveOptionalRequestPart()" classname="org.springframework.web.servlet.mvc.method.annotation.RequestPartMethodArgumentResolverTests" time="0.016"/>
  <testcase name="resolveRequestPartRequired()" classname="org.springframework.web.servlet.mvc.method.annotation.RequestPartMethodArgumentResolverTests" time="0.022"/>
  <testcase name="resolveNamedRequestPartNotPresent()" classname="org.springframework.web.servlet.mvc.method.annotation.RequestPartMethodArgumentResolverTests" time="0.011"/>
  <testcase name="resolveRequestPartNotRequired()" classname="org.springframework.web.servlet.mvc.method.annotation.RequestPartMethodArgumentResolverTests" time="0.133"/>
  <testcase name="resolveOptionalPartList()" classname="org.springframework.web.servlet.mvc.method.annotation.RequestPartMethodArgumentResolverTests" time="0.003"/>
  <testcase name="resolveOptionalRequestPartWithoutMultipartRequest()" classname="org.springframework.web.servlet.mvc.method.annotation.RequestPartMethodArgumentResolverTests" time="0.002"/>
  <testcase name="resolveOptionalPartListWithoutMultipartRequest()" classname="org.springframework.web.servlet.mvc.method.annotation.RequestPartMethodArgumentResolverTests" time="0.002"/>
  <testcase name="resolveOptionalMultipartFileArgument()" classname="org.springframework.web.servlet.mvc.method.annotation.RequestPartMethodArgumentResolverTests" time="0.003"/>
  <testcase name="supportsParameter()" classname="org.springframework.web.servlet.mvc.method.annotation.RequestPartMethodArgumentResolverTests" time="0.016"/>
  <testcase name="resolveRequestPartValid()" classname="org.springframework.web.servlet.mvc.method.annotation.RequestPartMethodArgumentResolverTests" time="0.013"/>
  <testcase name="resolveMultipartFileList()" classname="org.springframework.web.servlet.mvc.method.annotation.RequestPartMethodArgumentResolverTests" time="0.004"/>
  <testcase name="resolveMultipartFileNotAnnotArgument()" classname="org.springframework.web.servlet.mvc.method.annotation.RequestPartMethodArgumentResolverTests" time="0.002"/>
  <system-out><![CDATA[]]></system-out>
  <system-err><![CDATA[]]></system-err>
</testsuite>
