<?xml version="1.0" encoding="UTF-8"?>
<testsuite name="org.springframework.web.servlet.view.ResourceBundleViewResolverNoCacheTests" tests="8" skipped="1" failures="0" errors="0" timestamp="2023-03-20T08:15:45" hostname="DESKTOP-VGJP1PJ" time="0.07">
  <properties/>
  <testcase name="parentsAreAbstract()" classname="org.springframework.web.servlet.view.ResourceBundleViewResolverNoCacheTests" time="0.031"/>
  <testcase name="debugViewFrench()" classname="org.springframework.web.servlet.view.ResourceBundleViewResolverNoCacheTests" time="0.005"/>
  <testcase name="onSetContextCalledOnce()" classname="org.springframework.web.servlet.view.ResourceBundleViewResolverNoCacheTests" time="0.007"/>
  <testcase name="debugViewEnglish()" classname="org.springframework.web.servlet.view.ResourceBundleViewResolverNoCacheTests" time="0.003"/>
  <testcase name="sameBundleOnlyCachedOnce()" classname="org.springframework.web.servlet.view.ResourceBundleViewResolverNoCacheTests" time="0.008">
    <skipped/>
  </testcase>
  <testcase name="noSuchViewEnglish()" classname="org.springframework.web.servlet.view.ResourceBundleViewResolverNoCacheTests" time="0.002"/>
  <testcase name="noSuchBasename()" classname="org.springframework.web.servlet.view.ResourceBundleViewResolverNoCacheTests" time="0.004"/>
  <testcase name="eagerInitialization()" classname="org.springframework.web.servlet.view.ResourceBundleViewResolverNoCacheTests" time="0.005"/>
  <system-out><![CDATA[]]></system-out>
  <system-err><![CDATA[]]></system-err>
</testsuite>
