<?xml version="1.0" encoding="UTF-8"?>
<testsuite name="org.springframework.web.servlet.mvc.method.annotation.UriTemplateServletAnnotationControllerHandlerMethodTests" tests="36" skipped="0" failures="0" errors="0" timestamp="2023-03-20T08:15:02" hostname="DESKTOP-VGJP1PJ" time="1.89">
  <properties/>
  <testcase name="customRegex(boolean)[1]" classname="org.springframework.web.servlet.mvc.method.annotation.UriTemplateServletAnnotationControllerHandlerMethodTests" time="0.045"/>
  <testcase name="customRegex(boolean)[2]" classname="org.springframework.web.servlet.mvc.method.annotation.UriTemplateServletAnnotationControllerHandlerMethodTests" time="0.041"/>
  <testcase name="simple(boolean)[1]" classname="org.springframework.web.servlet.mvc.method.annotation.UriTemplateServletAnnotationControllerHandlerMethodTests" time="0.03"/>
  <testcase name="simple(boolean)[2]" classname="org.springframework.web.servlet.mvc.method.annotation.UriTemplateServletAnnotationControllerHandlerMethodTests" time="0.035"/>
  <testcase name="extension(boolean)[1]" classname="org.springframework.web.servlet.mvc.method.annotation.UriTemplateServletAnnotationControllerHandlerMethodTests" time="0.043"/>
  <testcase name="extension(boolean)[2]" classname="org.springframework.web.servlet.mvc.method.annotation.UriTemplateServletAnnotationControllerHandlerMethodTests" time="0.044"/>
  <testcase name="menuTree(boolean)[1]" classname="org.springframework.web.servlet.mvc.method.annotation.UriTemplateServletAnnotationControllerHandlerMethodTests" time="0.027"/>
  <testcase name="menuTree(boolean)[2]" classname="org.springframework.web.servlet.mvc.method.annotation.UriTemplateServletAnnotationControllerHandlerMethodTests" time="0.034"/>
  <testcase name="relative(boolean)[1]" classname="org.springframework.web.servlet.mvc.method.annotation.UriTemplateServletAnnotationControllerHandlerMethodTests" time="0.028"/>
  <testcase name="relative(boolean)[2]" classname="org.springframework.web.servlet.mvc.method.annotation.UriTemplateServletAnnotationControllerHandlerMethodTests" time="0.028"/>
  <testcase name="binding(boolean)[1]" classname="org.springframework.web.servlet.mvc.method.annotation.UriTemplateServletAnnotationControllerHandlerMethodTests" time="0.074"/>
  <testcase name="binding(boolean)[2]" classname="org.springframework.web.servlet.mvc.method.annotation.UriTemplateServletAnnotationControllerHandlerMethodTests" time="0.161"/>
  <testcase name="implicitSubPath(boolean)[1]" classname="org.springframework.web.servlet.mvc.method.annotation.UriTemplateServletAnnotationControllerHandlerMethodTests" time="0.105"/>
  <testcase name="implicitSubPath(boolean)[2]" classname="org.springframework.web.servlet.mvc.method.annotation.UriTemplateServletAnnotationControllerHandlerMethodTests" time="0.082"/>
  <testcase name="crud(boolean)[1]" classname="org.springframework.web.servlet.mvc.method.annotation.UriTemplateServletAnnotationControllerHandlerMethodTests" time="0.097"/>
  <testcase name="crud(boolean)[2]" classname="org.springframework.web.servlet.mvc.method.annotation.UriTemplateServletAnnotationControllerHandlerMethodTests" time="0.067"/>
  <testcase name="doIt(boolean)[1]" classname="org.springframework.web.servlet.mvc.method.annotation.UriTemplateServletAnnotationControllerHandlerMethodTests" time="0.066"/>
  <testcase name="doIt(boolean)[2]" classname="org.springframework.web.servlet.mvc.method.annotation.UriTemplateServletAnnotationControllerHandlerMethodTests" time="0.038"/>
  <testcase name="multiple(boolean)[1]" classname="org.springframework.web.servlet.mvc.method.annotation.UriTemplateServletAnnotationControllerHandlerMethodTests" time="0.024"/>
  <testcase name="multiple(boolean)[2]" classname="org.springframework.web.servlet.mvc.method.annotation.UriTemplateServletAnnotationControllerHandlerMethodTests" time="0.042"/>
  <testcase name="pathVarsInModel(boolean)[1]" classname="org.springframework.web.servlet.mvc.method.annotation.UriTemplateServletAnnotationControllerHandlerMethodTests" time="0.109"/>
  <testcase name="pathVarsInModel(boolean)[2]" classname="org.springframework.web.servlet.mvc.method.annotation.UriTemplateServletAnnotationControllerHandlerMethodTests" time="0.042"/>
  <testcase name="multiPaths(boolean)[1]" classname="org.springframework.web.servlet.mvc.method.annotation.UriTemplateServletAnnotationControllerHandlerMethodTests" time="0.048"/>
  <testcase name="multiPaths(boolean)[2]" classname="org.springframework.web.servlet.mvc.method.annotation.UriTemplateServletAnnotationControllerHandlerMethodTests" time="0.039"/>
  <testcase name="typeConversionError(boolean)[1]" classname="org.springframework.web.servlet.mvc.method.annotation.UriTemplateServletAnnotationControllerHandlerMethodTests" time="0.042"/>
  <testcase name="typeConversionError(boolean)[2]" classname="org.springframework.web.servlet.mvc.method.annotation.UriTemplateServletAnnotationControllerHandlerMethodTests" time="0.039"/>
  <testcase name="explicitSubPath(boolean)[1]" classname="org.springframework.web.servlet.mvc.method.annotation.UriTemplateServletAnnotationControllerHandlerMethodTests" time="0.046"/>
  <testcase name="explicitSubPath(boolean)[2]" classname="org.springframework.web.servlet.mvc.method.annotation.UriTemplateServletAnnotationControllerHandlerMethodTests" time="0.047"/>
  <testcase name="variableNames(boolean)[1]" classname="org.springframework.web.servlet.mvc.method.annotation.UriTemplateServletAnnotationControllerHandlerMethodTests" time="0.023"/>
  <testcase name="variableNames(boolean)[2]" classname="org.springframework.web.servlet.mvc.method.annotation.UriTemplateServletAnnotationControllerHandlerMethodTests" time="0.031"/>
  <testcase name="ambiguous(boolean)[1]" classname="org.springframework.web.servlet.mvc.method.annotation.UriTemplateServletAnnotationControllerHandlerMethodTests" time="0.038"/>
  <testcase name="ambiguous(boolean)[2]" classname="org.springframework.web.servlet.mvc.method.annotation.UriTemplateServletAnnotationControllerHandlerMethodTests" time="0.073"/>
  <testcase name="methodNotSupported(boolean)[1]" classname="org.springframework.web.servlet.mvc.method.annotation.UriTemplateServletAnnotationControllerHandlerMethodTests" time="0.045"/>
  <testcase name="methodNotSupported(boolean)[2]" classname="org.springframework.web.servlet.mvc.method.annotation.UriTemplateServletAnnotationControllerHandlerMethodTests" time="0.041"/>
  <testcase name="variableNamesWithUrlExtension(boolean)[1]" classname="org.springframework.web.servlet.mvc.method.annotation.UriTemplateServletAnnotationControllerHandlerMethodTests" time="0.034"/>
  <testcase name="variableNamesWithUrlExtension(boolean)[2]" classname="org.springframework.web.servlet.mvc.method.annotation.UriTemplateServletAnnotationControllerHandlerMethodTests" time="0.031"/>
  <system-out><![CDATA[03:15:02.793 [Test worker] WARN  o.s.w.s.m.s.DefaultHandlerExceptionResolver - Resolved [org.springframework.web.method.annotation.MethodArgumentTypeMismatchException: Failed to convert value of type 'java.lang.String' to required type 'java.util.Date'; nested exception is java.lang.IllegalArgumentException: Could not parse date: Unparseable date: "2008-foo-bar"]
03:15:02.837 [Test worker] WARN  o.s.w.s.m.s.DefaultHandlerExceptionResolver - Resolved [org.springframework.web.method.annotation.MethodArgumentConversionNotSupportedException: Failed to convert value of type 'java.lang.String' to required type 'java.util.Date'; nested exception is java.lang.IllegalStateException: Cannot convert value of type 'java.lang.String' to required type 'java.util.Date': no matching editors or conversion strategy found]
03:15:02.910 [Test worker] WARN  o.s.w.s.m.s.DefaultHandlerExceptionResolver - Resolved [org.springframework.web.method.annotation.MethodArgumentTypeMismatchException: Failed to convert value of type 'java.lang.String' to required type 'java.util.Date'; nested exception is java.lang.IllegalArgumentException: Could not parse date: Unparseable date: "2008-foo-bar"]
03:15:02.998 [Test worker] WARN  o.s.w.s.m.s.DefaultHandlerExceptionResolver - Resolved [org.springframework.web.method.annotation.MethodArgumentConversionNotSupportedException: Failed to convert value of type 'java.lang.String' to required type 'java.util.Date'; nested exception is java.lang.IllegalStateException: Cannot convert value of type 'java.lang.String' to required type 'java.util.Date': no matching editors or conversion strategy found]
03:15:03.827 [Test worker] WARN  o.s.w.s.m.s.DefaultHandlerExceptionResolver - Resolved [org.springframework.web.method.annotation.MethodArgumentTypeMismatchException: Failed to convert value of type 'java.lang.String' to required type 'int'; nested exception is java.lang.NumberFormatException: For input string: "foo.xml"]
03:15:03.869 [Test worker] WARN  o.s.w.s.m.s.DefaultHandlerExceptionResolver - Resolved [org.springframework.web.method.annotation.MethodArgumentTypeMismatchException: Failed to convert value of type 'java.lang.String' to required type 'int'; nested exception is java.lang.NumberFormatException: For input string: "foo.xml"]
03:15:04.179 [Test worker] WARN  o.s.w.s.m.s.DefaultHandlerExceptionResolver - Resolved [org.springframework.web.HttpRequestMethodNotSupportedException: Request method 'POST' not supported]
03:15:04.181 [Test worker] WARN  o.s.w.s.m.s.DefaultHandlerExceptionResolver - Resolved [org.springframework.web.HttpRequestMethodNotSupportedException: Request method 'POST' not supported]
03:15:04.220 [Test worker] WARN  o.s.w.s.m.s.DefaultHandlerExceptionResolver - Resolved [org.springframework.web.HttpRequestMethodNotSupportedException: Request method 'POST' not supported]
03:15:04.221 [Test worker] WARN  o.s.w.s.m.s.DefaultHandlerExceptionResolver - Resolved [org.springframework.web.HttpRequestMethodNotSupportedException: Request method 'POST' not supported]
]]></system-out>
  <system-err><![CDATA[]]></system-err>
</testsuite>
