<?xml version="1.0" encoding="UTF-8"?>
<testsuite name="org.springframework.web.servlet.resource.EncodedResourceResolverTests" tests="4" skipped="0" failures="0" errors="0" timestamp="2023-03-20T08:15:05" hostname="DESKTOP-VGJP1PJ" time="0.019">
  <properties/>
  <testcase name="resolveGzippedWithVersion(GzippedFiles)" classname="org.springframework.web.servlet.resource.EncodedResourceResolverTests" time="0.006"/>
  <testcase name="resolveGzipped(GzippedFiles)" classname="org.springframework.web.servlet.resource.EncodedResourceResolverTests" time="0.008"/>
  <testcase name="resolveWithNullRequest()" classname="org.springframework.web.servlet.resource.EncodedResourceResolverTests" time="0.0"/>
  <testcase name="resolveFromCacheWithEncodingVariants(GzippedFiles)" classname="org.springframework.web.servlet.resource.EncodedResourceResolverTests" time="0.003"/>
  <system-out><![CDATA[]]></system-out>
  <system-err><![CDATA[]]></system-err>
</testsuite>
