<?xml version="1.0" encoding="UTF-8"?>
<testsuite name="org.springframework.web.servlet.config.annotation.CorsRegistryTests" tests="4" skipped="0" failures="0" errors="0" timestamp="2023-03-20T08:13:34" hostname="DESKTOP-VGJP1PJ" time="0.012">
  <properties/>
  <testcase name="customizedMapping()" classname="org.springframework.web.servlet.config.annotation.CorsRegistryTests" time="0.004"/>
  <testcase name="allowCredentials()" classname="org.springframework.web.servlet.config.annotation.CorsRegistryTests" time="0.004"/>
  <testcase name="noMapping()" classname="org.springframework.web.servlet.config.annotation.CorsRegistryTests" time="0.0"/>
  <testcase name="multipleMappings()" classname="org.springframework.web.servlet.config.annotation.CorsRegistryTests" time="0.0"/>
  <system-out><![CDATA[]]></system-out>
  <system-err><![CDATA[]]></system-err>
</testsuite>
