<?xml version="1.0" encoding="UTF-8"?>
<testsuite name="org.springframework.web.servlet.function.ResourceHandlerFunctionTests" tests="5" skipped="0" failures="0" errors="0" timestamp="2023-03-20T08:14:28" hostname="DESKTOP-VGJP1PJ" time="0.082">
  <properties/>
  <testcase name="options()" classname="org.springframework.web.servlet.function.ResourceHandlerFunctionTests" time="0.012"/>
  <testcase name="get()" classname="org.springframework.web.servlet.function.ResourceHandlerFunctionTests" time="0.031"/>
  <testcase name="head()" classname="org.springframework.web.servlet.function.ResourceHandlerFunctionTests" time="0.005"/>
  <testcase name="getRange()" classname="org.springframework.web.servlet.function.ResourceHandlerFunctionTests" time="0.009"/>
  <testcase name="getInvalidRange()" classname="org.springframework.web.servlet.function.ResourceHandlerFunctionTests" time="0.024"/>
  <system-out><![CDATA[]]></system-out>
  <system-err><![CDATA[]]></system-err>
</testsuite>
