<?xml version="1.0" encoding="UTF-8"?>
<testsuite name="org.springframework.web.servlet.function.ServerResponseExtensionsTests" tests="1" skipped="0" failures="0" errors="0" timestamp="2023-03-20T08:19:25" hostname="DESKTOP-VGJP1PJ" time="0.811">
  <properties/>
  <testcase name="bodyWithType()" classname="org.springframework.web.servlet.function.ServerResponseExtensionsTests" time="0.811"/>
  <system-out><![CDATA[]]></system-out>
  <system-err><![CDATA[]]></system-err>
</testsuite>
