<?xml version="1.0" encoding="UTF-8"?>
<testsuite name="org.springframework.web.servlet.function.support.RouterFunctionMappingTests" tests="3" skipped="0" failures="0" errors="0" timestamp="2023-03-20T08:14:28" hostname="DESKTOP-VGJP1PJ" time="0.014">
  <properties/>
  <testcase name="normal()" classname="org.springframework.web.servlet.function.support.RouterFunctionMappingTests" time="0.002"/>
  <testcase name="changeParser()" classname="org.springframework.web.servlet.function.support.RouterFunctionMappingTests" time="0.011"/>
  <testcase name="noMatch()" classname="org.springframework.web.servlet.function.support.RouterFunctionMappingTests" time="0.001"/>
  <system-out><![CDATA[]]></system-out>
  <system-err><![CDATA[]]></system-err>
</testsuite>
