<?xml version="1.0" encoding="UTF-8"?>
<testsuite name="org.springframework.web.servlet.view.freemarker.FreeMarkerMacroTests" tests="27" skipped="0" failures="0" errors="0" timestamp="2023-03-20T08:15:40" hostname="DESKTOP-VGJP1PJ" time="1.892">
  <properties/>
  <testcase name="testMessageArgsWithDefaultMessage()" classname="org.springframework.web.servlet.view.freemarker.FreeMarkerMacroTests" time="0.972"/>
  <testcase name="testMessageArgs()" classname="org.springframework.web.servlet.view.freemarker.FreeMarkerMacroTests" time="0.04"/>
  <testcase name="testAge()" classname="org.springframework.web.servlet.view.freemarker.FreeMarkerMacroTests" time="0.039"/>
  <testcase name="testUrl()" classname="org.springframework.web.servlet.view.freemarker.FreeMarkerMacroTests" time="0.021"/>
  <testcase name="testForm1()" classname="org.springframework.web.servlet.view.freemarker.FreeMarkerMacroTests" time="0.086"/>
  <testcase name="testForm2()" classname="org.springframework.web.servlet.view.freemarker.FreeMarkerMacroTests" time="0.038"/>
  <testcase name="testForm3()" classname="org.springframework.web.servlet.view.freemarker.FreeMarkerMacroTests" time="0.014"/>
  <testcase name="testForm4()" classname="org.springframework.web.servlet.view.freemarker.FreeMarkerMacroTests" time="0.019"/>
  <testcase name="testForm9()" classname="org.springframework.web.servlet.view.freemarker.FreeMarkerMacroTests" time="0.028"/>
  <testcase name="testTheme()" classname="org.springframework.web.servlet.view.freemarker.FreeMarkerMacroTests" time="0.034"/>
  <testcase name="testName()" classname="org.springframework.web.servlet.view.freemarker.FreeMarkerMacroTests" time="0.02"/>
  <testcase name="testExposeSpringMacroHelpers()" classname="org.springframework.web.servlet.view.freemarker.FreeMarkerMacroTests" time="0.008"/>
  <testcase name="testUrlParams()" classname="org.springframework.web.servlet.view.freemarker.FreeMarkerMacroTests" time="0.019"/>
  <testcase name="testDefaultTheme()" classname="org.springframework.web.servlet.view.freemarker.FreeMarkerMacroTests" time="0.019"/>
  <testcase name="testThemeArgsWithDefaultMessage()" classname="org.springframework.web.servlet.view.freemarker.FreeMarkerMacroTests" time="0.017"/>
  <testcase name="testMessage()" classname="org.springframework.web.servlet.view.freemarker.FreeMarkerMacroTests" time="0.011"/>
  <testcase name="testSpringMacroRequestContextAttributeUsed()" classname="org.springframework.web.servlet.view.freemarker.FreeMarkerMacroTests" time="0.002"/>
  <testcase name="testThemeArgs()" classname="org.springframework.web.servlet.view.freemarker.FreeMarkerMacroTests" time="0.022"/>
  <testcase name="testForm10()" classname="org.springframework.web.servlet.view.freemarker.FreeMarkerMacroTests" time="0.022"/>
  <testcase name="testForm11()" classname="org.springframework.web.servlet.view.freemarker.FreeMarkerMacroTests" time="0.046"/>
  <testcase name="testForm12()" classname="org.springframework.web.servlet.view.freemarker.FreeMarkerMacroTests" time="0.037"/>
  <testcase name="testForm13()" classname="org.springframework.web.servlet.view.freemarker.FreeMarkerMacroTests" time="0.027"/>
  <testcase name="testForm15()" classname="org.springframework.web.servlet.view.freemarker.FreeMarkerMacroTests" time="0.027"/>
  <testcase name="testForm16()" classname="org.springframework.web.servlet.view.freemarker.FreeMarkerMacroTests" time="0.062"/>
  <testcase name="testForm17()" classname="org.springframework.web.servlet.view.freemarker.FreeMarkerMacroTests" time="0.072"/>
  <testcase name="testForm18()" classname="org.springframework.web.servlet.view.freemarker.FreeMarkerMacroTests" time="0.03"/>
  <testcase name="testDefaultMessage()" classname="org.springframework.web.servlet.view.freemarker.FreeMarkerMacroTests" time="0.133"/>
  <system-out><![CDATA[]]></system-out>
  <system-err><![CDATA[]]></system-err>
</testsuite>
