<?xml version="1.0" encoding="UTF-8"?>
<testsuite name="org.springframework.web.servlet.handler.HandlerMappingTests" tests="2" skipped="0" failures="0" errors="0" timestamp="2023-03-20T08:14:29" hostname="DESKTOP-VGJP1PJ" time="0.083">
  <properties/>
  <testcase name="orderedInterceptors(TestHandlerMapping, Function)[1]" classname="org.springframework.web.servlet.handler.HandlerMappingTests" time="0.002"/>
  <testcase name="orderedInterceptors(TestHandlerMapping, Function)[2]" classname="org.springframework.web.servlet.handler.HandlerMappingTests" time="0.079"/>
  <system-out><![CDATA[]]></system-out>
  <system-err><![CDATA[]]></system-err>
</testsuite>
