<?xml version="1.0" encoding="UTF-8"?>
<testsuite name="org.springframework.web.servlet.DispatcherServletTests" tests="50" skipped="0" failures="0" errors="0" timestamp="2023-03-20T08:14:21" hostname="DESKTOP-VGJP1PJ" time="5.621">
  <properties/>
  <testcase name="simpleMappingExceptionResolverWithDefaultErrorView()" classname="org.springframework.web.servlet.DispatcherServletTests" time="0.284"/>
  <testcase name="headMethodWithNoBodyResponse()" classname="org.springframework.web.servlet.DispatcherServletTests" time="0.094"/>
  <testcase name="throwExceptionIfNoHandlerFound()" classname="org.springframework.web.servlet.DispatcherServletTests" time="0.119"/>
  <testcase name="publishEventsOff()" classname="org.springframework.web.servlet.DispatcherServletTests" time="0.053"/>
  <testcase name="notDetectAllHandlerAdapters()" classname="org.springframework.web.servlet.DispatcherServletTests" time="0.057"/>
  <testcase name="handlerNotMappedWithAutodetect()" classname="org.springframework.web.servlet.DispatcherServletTests" time="0.072"/>
  <testcase name="modelAndViewDefiningException()" classname="org.springframework.web.servlet.DispatcherServletTests" time="0.146"/>
  <testcase name="noCleanupAfterInclude()" classname="org.springframework.web.servlet.DispatcherServletTests" time="0.088"/>
  <testcase name="handlerInterceptorAbort()" classname="org.springframework.web.servlet.DispatcherServletTests" time="0.104"/>
  <testcase name="requestHandledEvent()" classname="org.springframework.web.servlet.DispatcherServletTests" time="0.05"/>
  <testcase name="environmentOperations()" classname="org.springframework.web.servlet.DispatcherServletTests" time="0.174"/>
  <testcase name="detectAllHandlerAdapters()" classname="org.springframework.web.servlet.DispatcherServletTests" time="0.065"/>
  <testcase name="cleanupAfterIncludeWithRemove()" classname="org.springframework.web.servlet.DispatcherServletTests" time="0.13"/>
  <testcase name="notDetectAllHandlerExceptionResolvers()" classname="org.springframework.web.servlet.DispatcherServletTests" time="0.142"/>
  <testcase name="withNoViewNested()" classname="org.springframework.web.servlet.DispatcherServletTests" time="0.061"/>
  <testcase name="detectHandlerMappingFromParent()" classname="org.springframework.web.servlet.DispatcherServletTests" time="0.123"/>
  <testcase name="multipartResolutionFailed()" classname="org.springframework.web.servlet.DispatcherServletTests" time="0.219"/>
  <testcase name="dispatcherServletContextRefresh()" classname="org.springframework.web.servlet.DispatcherServletTests" time="0.2"/>
  <testcase name="headMethodWithExplicitHandling()" classname="org.springframework.web.servlet.DispatcherServletTests" time="0.057"/>
  <testcase name="withNoViewAndSamePath()" classname="org.springframework.web.servlet.DispatcherServletTests" time="0.259"/>
  <testcase name="notDetectAllHandlerMappings()" classname="org.springframework.web.servlet.DispatcherServletTests" time="0.051"/>
  <testcase name="contextInitializers()" classname="org.springframework.web.servlet.DispatcherServletTests" time="0.229"/>
  <testcase name="simpleMappingExceptionResolverWithAllHandlers1()" classname="org.springframework.web.servlet.DispatcherServletTests" time="0.05"/>
  <testcase name="simpleMappingExceptionResolverWithAllHandlers2()" classname="org.springframework.web.servlet.DispatcherServletTests" time="0.048"/>
  <testcase name="contextInitializerClasses()" classname="org.springframework.web.servlet.DispatcherServletTests" time="0.122"/>
  <testcase name="unknownRequest()" classname="org.springframework.web.servlet.DispatcherServletTests" time="0.158"/>
  <testcase name="simpleMappingExceptionResolverWithSpecificHandler1()" classname="org.springframework.web.servlet.DispatcherServletTests" time="0.097"/>
  <testcase name="simpleMappingExceptionResolverWithSpecificHandler2()" classname="org.springframework.web.servlet.DispatcherServletTests" time="0.085"/>
  <testcase name="themeChangeInterceptor1()" classname="org.springframework.web.servlet.DispatcherServletTests" time="0.113"/>
  <testcase name="themeChangeInterceptor2()" classname="org.springframework.web.servlet.DispatcherServletTests" time="0.055"/>
  <testcase name="anotherLocaleRequest()" classname="org.springframework.web.servlet.DispatcherServletTests" time="0.128"/>
  <testcase name="cleanupAfterIncludeWithRestore()" classname="org.springframework.web.servlet.DispatcherServletTests" time="0.075"/>
  <testcase name="notDetectAllViewResolvers()" classname="org.springframework.web.servlet.DispatcherServletTests" time="0.052"/>
  <testcase name="parameterizableViewController()" classname="org.springframework.web.servlet.DispatcherServletTests" time="0.058"/>
  <testcase name="existingMultipartRequest()" classname="org.springframework.web.servlet.DispatcherServletTests" time="0.076"/>
  <testcase name="invalidRequest()" classname="org.springframework.web.servlet.DispatcherServletTests" time="0.049"/>
  <testcase name="localeChangeInterceptor1()" classname="org.springframework.web.servlet.DispatcherServletTests" time="0.06"/>
  <testcase name="localeChangeInterceptor2()" classname="org.springframework.web.servlet.DispatcherServletTests" time="0.054"/>
  <testcase name="dispatcherServletRefresh()" classname="org.springframework.web.servlet.DispatcherServletTests" time="0.245"/>
  <testcase name="handlerInterceptorSuppressesView()" classname="org.springframework.web.servlet.DispatcherServletTests" time="0.057"/>
  <testcase name="configuredDispatcherServlets()" classname="org.springframework.web.servlet.DispatcherServletTests" time="0.037"/>
  <testcase name="localeRequest()" classname="org.springframework.web.servlet.DispatcherServletTests" time="0.033"/>
  <testcase name="servletHandlerAdapter()" classname="org.springframework.web.servlet.DispatcherServletTests" time="0.03"/>
  <testcase name="noHandlerFoundExceptionMessage()" classname="org.springframework.web.servlet.DispatcherServletTests" time="0.039"/>
  <testcase name="notAuthorized()" classname="org.springframework.web.servlet.DispatcherServletTests" time="0.065"/>
  <testcase name="globalInitializerClasses()" classname="org.springframework.web.servlet.DispatcherServletTests" time="0.156"/>
  <testcase name="mixedInitializerClasses()" classname="org.springframework.web.servlet.DispatcherServletTests" time="0.116"/>
  <testcase name="allowedOptionsIncludesPatchMethod()" classname="org.springframework.web.servlet.DispatcherServletTests" time="0.491"/>
  <testcase name="withNoView()" classname="org.springframework.web.servlet.DispatcherServletTests" time="0.119"/>
  <testcase name="existingMultipartRequestButWrapped()" classname="org.springframework.web.servlet.DispatcherServletTests" time="0.114"/>
  <system-out><![CDATA[03:14:22.380 [Test worker] WARN  o.s.w.s.PageNotFound - No mapping for GET /unknown
03:14:22.398 [Test worker] WARN  o.s.w.s.PageNotFound - No handler found for GET /unknown
03:14:22.398 [Test worker] WARN  o.s.w.s.m.s.DefaultHandlerExceptionResolver - Resolved [org.springframework.web.servlet.NoHandlerFoundException: No handler found for GET /unknown]
03:14:22.584 [Test worker] WARN  o.s.w.s.PageNotFound - No mapping for GET /knownOnlyToParent.do
03:14:22.819 [Test worker] WARN  o.s.w.s.PageNotFound - No mapping for GET /form.do
03:14:23.356 [Test worker] WARN  o.s.w.s.PageNotFound - No mapping for GET /form.do
03:14:24.477 [Test worker] WARN  o.s.w.s.PageNotFound - No mapping for GET /unknown.do
03:14:25.650 [Test worker] WARN  o.s.w.s.PageNotFound - No mapping for GET /form.do
03:14:25.900 [Test worker] WARN  o.s.w.s.PageNotFound - No mapping for GET /invalid.do
]]></system-out>
  <system-err><![CDATA[]]></system-err>
</testsuite>
