<?xml version="1.0" encoding="UTF-8"?>
<testsuite name="org.springframework.web.servlet.config.annotation.WebMvcConfigurationSupportExtensionTests" tests="7" skipped="0" failures="0" errors="0" timestamp="2023-03-20T08:14:05" hostname="DESKTOP-VGJP1PJ" time="0.357">
  <properties/>
  <testcase name="exceptionResolvers()" classname="org.springframework.web.servlet.config.annotation.WebMvcConfigurationSupportExtensionTests" time="0.003"/>
  <testcase name="crossOrigin()" classname="org.springframework.web.servlet.config.annotation.WebMvcConfigurationSupportExtensionTests" time="0.001"/>
  <testcase name="webBindingInitializer()" classname="org.springframework.web.servlet.config.annotation.WebMvcConfigurationSupportExtensionTests" time="0.125"/>
  <testcase name="requestMappingHandlerAdapter()" classname="org.springframework.web.servlet.config.annotation.WebMvcConfigurationSupportExtensionTests" time="0.026"/>
  <testcase name="contentNegotiation()" classname="org.springframework.web.servlet.config.annotation.WebMvcConfigurationSupportExtensionTests" time="0.059"/>
  <testcase name="handlerMappings()" classname="org.springframework.web.servlet.config.annotation.WebMvcConfigurationSupportExtensionTests" time="0.134"/>
  <testcase name="viewResolvers()" classname="org.springframework.web.servlet.config.annotation.WebMvcConfigurationSupportExtensionTests" time="0.005"/>
  <system-out><![CDATA[]]></system-out>
  <system-err><![CDATA[]]></system-err>
</testsuite>
