<?xml version="1.0" encoding="UTF-8"?>
<testsuite name="org.springframework.web.servlet.support.DispatcherServletInitializerTests" tests="1" skipped="0" failures="0" errors="0" timestamp="2023-03-20T08:15:13" hostname="DESKTOP-VGJP1PJ" time="0.002">
  <properties/>
  <testcase name="register()" classname="org.springframework.web.servlet.support.DispatcherServletInitializerTests" time="0.002"/>
  <system-out><![CDATA[]]></system-out>
  <system-err><![CDATA[]]></system-err>
</testsuite>
