<?xml version="1.0" encoding="UTF-8"?>
<testsuite name="org.springframework.web.servlet.function.RouterFunctionBuilderTests" tests="4" skipped="0" failures="0" errors="0" timestamp="2023-03-20T08:14:28" hostname="DESKTOP-VGJP1PJ" time="0.09">
  <properties/>
  <testcase name="resources()" classname="org.springframework.web.servlet.function.RouterFunctionBuilderTests" time="0.041"/>
  <testcase name="filters()" classname="org.springframework.web.servlet.function.RouterFunctionBuilderTests" time="0.031"/>
  <testcase name="nest()" classname="org.springframework.web.servlet.function.RouterFunctionBuilderTests" time="0.01"/>
  <testcase name="route()" classname="org.springframework.web.servlet.function.RouterFunctionBuilderTests" time="0.007"/>
  <system-out><![CDATA[]]></system-out>
  <system-err><![CDATA[]]></system-err>
</testsuite>
