<?xml version="1.0" encoding="UTF-8"?>
<testsuite name="org.springframework.web.servlet.mvc.ParameterizableViewControllerTests" tests="4" skipped="0" failures="0" errors="0" timestamp="2023-03-20T08:15:04" hostname="DESKTOP-VGJP1PJ" time="0.002">
  <properties/>
  <testcase name="handleRequestHttpOptions()" classname="org.springframework.web.servlet.mvc.ParameterizableViewControllerTests" time="0.0"/>
  <testcase name="handleRequestWithFlashAttributes()" classname="org.springframework.web.servlet.mvc.ParameterizableViewControllerTests" time="0.001"/>
  <testcase name="handleRequestWithoutViewName()" classname="org.springframework.web.servlet.mvc.ParameterizableViewControllerTests" time="0.0"/>
  <testcase name="handleRequestWithViewName()" classname="org.springframework.web.servlet.mvc.ParameterizableViewControllerTests" time="0.001"/>
  <system-out><![CDATA[]]></system-out>
  <system-err><![CDATA[]]></system-err>
</testsuite>
