<?xml version="1.0" encoding="UTF-8"?>
<testsuite name="org.springframework.web.servlet.view.tiles3.TilesViewTests" tests="3" skipped="0" failures="0" errors="0" timestamp="2023-03-20T08:18:53" hostname="DESKTOP-VGJP1PJ" time="0.004">
  <properties/>
  <testcase name="alwaysIncludeEnabled()" classname="org.springframework.web.servlet.view.tiles3.TilesViewTests" time="0.001"/>
  <testcase name="render()" classname="org.springframework.web.servlet.view.tiles3.TilesViewTests" time="0.001"/>
  <testcase name="alwaysIncludeDefaults()" classname="org.springframework.web.servlet.view.tiles3.TilesViewTests" time="0.001"/>
  <system-out><![CDATA[]]></system-out>
  <system-err><![CDATA[]]></system-err>
</testsuite>
