<?xml version="1.0" encoding="UTF-8"?>
<testsuite name="org.springframework.web.servlet.function.RequestPredicatesTests" tests="16" skipped="0" failures="0" errors="0" timestamp="2023-03-20T08:14:28" hostname="DESKTOP-VGJP1PJ" time="0.092">
  <properties/>
  <testcase name="allMethods()" classname="org.springframework.web.servlet.function.RequestPredicatesTests" time="0.047"/>
  <testcase name="accept()" classname="org.springframework.web.servlet.function.RequestPredicatesTests" time="0.013"/>
  <testcase name="method()" classname="org.springframework.web.servlet.function.RequestPredicatesTests" time="0.001"/>
  <testcase name="pathPredicates()" classname="org.springframework.web.servlet.function.RequestPredicatesTests" time="0.001"/>
  <testcase name="contentType()" classname="org.springframework.web.servlet.function.RequestPredicatesTests" time="0.003"/>
  <testcase name="contextPath()" classname="org.springframework.web.servlet.function.RequestPredicatesTests" time="0.0"/>
  <testcase name="all()" classname="org.springframework.web.servlet.function.RequestPredicatesTests" time="0.0"/>
  <testcase name="path()" classname="org.springframework.web.servlet.function.RequestPredicatesTests" time="0.0"/>
  <testcase name="param()" classname="org.springframework.web.servlet.function.RequestPredicatesTests" time="0.003"/>
  <testcase name="pathNoLeadingSlash()" classname="org.springframework.web.servlet.function.RequestPredicatesTests" time="0.001"/>
  <testcase name="pathEncoded()" classname="org.springframework.web.servlet.function.RequestPredicatesTests" time="0.0"/>
  <testcase name="headers()" classname="org.springframework.web.servlet.function.RequestPredicatesTests" time="0.001"/>
  <testcase name="methods()" classname="org.springframework.web.servlet.function.RequestPredicatesTests" time="0.003"/>
  <testcase name="methodCorsPreFlight()" classname="org.springframework.web.servlet.function.RequestPredicatesTests" time="0.002"/>
  <testcase name="headersCors()" classname="org.springframework.web.servlet.function.RequestPredicatesTests" time="0.001"/>
  <testcase name="pathExtension()" classname="org.springframework.web.servlet.function.RequestPredicatesTests" time="0.003"/>
  <system-out><![CDATA[]]></system-out>
  <system-err><![CDATA[]]></system-err>
</testsuite>
