<?xml version="1.0" encoding="UTF-8"?>
<testsuite name="org.springframework.web.servlet.tags.form.ButtonTagTests" tests="2" skipped="0" failures="0" errors="0" timestamp="2023-03-20T08:15:15" hostname="DESKTOP-VGJP1PJ" time="0.16">
  <properties/>
  <testcase name="buttonTag()" classname="org.springframework.web.servlet.tags.form.ButtonTagTests" time="0.154"/>
  <testcase name="disabled()" classname="org.springframework.web.servlet.tags.form.ButtonTagTests" time="0.006"/>
  <system-out><![CDATA[]]></system-out>
  <system-err><![CDATA[]]></system-err>
</testsuite>
