<?xml version="1.0" encoding="UTF-8"?>
<testsuite name="org.springframework.web.servlet.mvc.method.RequestMappingInfoHandlerMappingTests" tests="39" skipped="0" failures="0" errors="0" timestamp="2023-03-20T08:15:04" hostname="DESKTOP-VGJP1PJ" time="0.356">
  <properties/>
  <testcase name="getHandlerHttpOptions(TestRequestMappingInfoHandlerMapping)[1]" classname="org.springframework.web.servlet.mvc.method.RequestMappingInfoHandlerMappingTests" time="0.002"/>
  <testcase name="getHandlerHttpOptions(TestRequestMappingInfoHandlerMapping)[2]" classname="org.springframework.web.servlet.mvc.method.RequestMappingInfoHandlerMappingTests" time="0.001"/>
  <testcase name="getHandlerUnsatisfiedServletRequestParameterException(TestRequestMappingInfoHandlerMapping)[1]" classname="org.springframework.web.servlet.mvc.method.RequestMappingInfoHandlerMappingTests" time="0.005"/>
  <testcase name="getHandlerUnsatisfiedServletRequestParameterException(TestRequestMappingInfoHandlerMapping)[2]" classname="org.springframework.web.servlet.mvc.method.RequestMappingInfoHandlerMappingTests" time="0.001"/>
  <testcase name="getHandlerGlobMatch(TestRequestMappingInfoHandlerMapping)[1]" classname="org.springframework.web.servlet.mvc.method.RequestMappingInfoHandlerMappingTests" time="0.0"/>
  <testcase name="getHandlerGlobMatch(TestRequestMappingInfoHandlerMapping)[2]" classname="org.springframework.web.servlet.mvc.method.RequestMappingInfoHandlerMappingTests" time="0.001"/>
  <testcase name="handleMatchBestMatchingPatternAttributeNoPatternsDefined(TestRequestMappingInfoHandlerMapping)[1]" classname="org.springframework.web.servlet.mvc.method.RequestMappingInfoHandlerMappingTests" time="0.002"/>
  <testcase name="handleMatchBestMatchingPatternAttributeNoPatternsDefined(TestRequestMappingInfoHandlerMapping)[2]" classname="org.springframework.web.servlet.mvc.method.RequestMappingInfoHandlerMappingTests" time="0.001"/>
  <testcase name="getHandlerMediaTypeNotSupported(TestRequestMappingInfoHandlerMapping)[1]" classname="org.springframework.web.servlet.mvc.method.RequestMappingInfoHandlerMappingTests" time="0.003"/>
  <testcase name="getHandlerMediaTypeNotSupported(TestRequestMappingInfoHandlerMapping)[2]" classname="org.springframework.web.servlet.mvc.method.RequestMappingInfoHandlerMappingTests" time="0.006"/>
  <testcase name="getHandlerRequestMethodNotAllowed(TestRequestMappingInfoHandlerMapping)[1]" classname="org.springframework.web.servlet.mvc.method.RequestMappingInfoHandlerMappingTests" time="0.013"/>
  <testcase name="getHandlerRequestMethodNotAllowed(TestRequestMappingInfoHandlerMapping)[2]" classname="org.springframework.web.servlet.mvc.method.RequestMappingInfoHandlerMappingTests" time="0.004"/>
  <testcase name="handleMatchUriTemplateVariables(TestRequestMappingInfoHandlerMapping)[1]" classname="org.springframework.web.servlet.mvc.method.RequestMappingInfoHandlerMappingTests" time="0.0"/>
  <testcase name="handleMatchUriTemplateVariables(TestRequestMappingInfoHandlerMapping)[2]" classname="org.springframework.web.servlet.mvc.method.RequestMappingInfoHandlerMappingTests" time="0.001"/>
  <testcase name="getHandlerBestMatch(TestRequestMappingInfoHandlerMapping)[1]" classname="org.springframework.web.servlet.mvc.method.RequestMappingInfoHandlerMappingTests" time="0.0"/>
  <testcase name="getHandlerBestMatch(TestRequestMappingInfoHandlerMapping)[2]" classname="org.springframework.web.servlet.mvc.method.RequestMappingInfoHandlerMappingTests" time="0.001"/>
  <testcase name="getHandlerProducibleMediaTypesAttribute(TestRequestMappingInfoHandlerMapping)[1]" classname="org.springframework.web.servlet.mvc.method.RequestMappingInfoHandlerMappingTests" time="0.001"/>
  <testcase name="getHandlerProducibleMediaTypesAttribute(TestRequestMappingInfoHandlerMapping)[2]" classname="org.springframework.web.servlet.mvc.method.RequestMappingInfoHandlerMappingTests" time="0.001"/>
  <testcase name="handleMatchBestMatchingPatternAttribute(TestRequestMappingInfoHandlerMapping)[1]" classname="org.springframework.web.servlet.mvc.method.RequestMappingInfoHandlerMappingTests" time="0.001"/>
  <testcase name="handleMatchBestMatchingPatternAttribute(TestRequestMappingInfoHandlerMapping)[2]" classname="org.springframework.web.servlet.mvc.method.RequestMappingInfoHandlerMappingTests" time="0.001"/>
  <testcase name="handleMatchUriTemplateVariablesDecode(TestRequestMappingInfoHandlerMapping)[1]" classname="org.springframework.web.servlet.mvc.method.RequestMappingInfoHandlerMappingTests" time="0.001"/>
  <testcase name="handleMatchUriTemplateVariablesDecode(TestRequestMappingInfoHandlerMapping)[2]" classname="org.springframework.web.servlet.mvc.method.RequestMappingInfoHandlerMappingTests" time="0.001"/>
  <testcase name="getHandlerEmptyPathMatch(TestRequestMappingInfoHandlerMapping)[1]" classname="org.springframework.web.servlet.mvc.method.RequestMappingInfoHandlerMappingTests" time="0.001"/>
  <testcase name="getHandlerEmptyPathMatch(TestRequestMappingInfoHandlerMapping)[2]" classname="org.springframework.web.servlet.mvc.method.RequestMappingInfoHandlerMappingTests" time="0.001"/>
  <testcase name="getMappingPathPatterns(TestRequestMappingInfoHandlerMapping)[1]" classname="org.springframework.web.servlet.mvc.method.RequestMappingInfoHandlerMappingTests" time="0.001"/>
  <testcase name="getMappingPathPatterns(TestRequestMappingInfoHandlerMapping)[2]" classname="org.springframework.web.servlet.mvc.method.RequestMappingInfoHandlerMappingTests" time="0.001"/>
  <testcase name="getHandlerTestInvalidContentType(TestRequestMappingInfoHandlerMapping)[1]" classname="org.springframework.web.servlet.mvc.method.RequestMappingInfoHandlerMappingTests" time="0.007"/>
  <testcase name="getHandlerTestInvalidContentType(TestRequestMappingInfoHandlerMapping)[2]" classname="org.springframework.web.servlet.mvc.method.RequestMappingInfoHandlerMappingTests" time="0.001"/>
  <testcase name="getHandlerDirectMatch(TestRequestMappingInfoHandlerMapping)[1]" classname="org.springframework.web.servlet.mvc.method.RequestMappingInfoHandlerMappingTests" time="0.0"/>
  <testcase name="getHandlerDirectMatch(TestRequestMappingInfoHandlerMapping)[2]" classname="org.springframework.web.servlet.mvc.method.RequestMappingInfoHandlerMappingTests" time="0.001"/>
  <testcase name="getHandlerRequestMethodMatchFalsePositive(TestRequestMappingInfoHandlerMapping)[1]" classname="org.springframework.web.servlet.mvc.method.RequestMappingInfoHandlerMappingTests" time="0.012"/>
  <testcase name="getHandlerRequestMethodMatchFalsePositive(TestRequestMappingInfoHandlerMapping)[2]" classname="org.springframework.web.servlet.mvc.method.RequestMappingInfoHandlerMappingTests" time="0.0"/>
  <testcase name="handleMatchMatrixVariablesDecoding(TestRequestMappingInfoHandlerMapping)[1]" classname="org.springframework.web.servlet.mvc.method.RequestMappingInfoHandlerMappingTests" time="0.001"/>
  <testcase name="handleMatchMatrixVariablesDecoding(TestRequestMappingInfoHandlerMapping)[2]" classname="org.springframework.web.servlet.mvc.method.RequestMappingInfoHandlerMappingTests" time="0.002"/>
  <testcase name="getHandlerMappedInterceptors()" classname="org.springframework.web.servlet.mvc.method.RequestMappingInfoHandlerMappingTests" time="0.157"/>
  <testcase name="handleMatchMatrixVariables(TestRequestMappingInfoHandlerMapping)[1]" classname="org.springframework.web.servlet.mvc.method.RequestMappingInfoHandlerMappingTests" time="0.001"/>
  <testcase name="handleMatchMatrixVariables(TestRequestMappingInfoHandlerMapping)[2]" classname="org.springframework.web.servlet.mvc.method.RequestMappingInfoHandlerMappingTests" time="0.001"/>
  <testcase name="getHandlerMediaTypeNotAccepted(TestRequestMappingInfoHandlerMapping)[1]" classname="org.springframework.web.servlet.mvc.method.RequestMappingInfoHandlerMappingTests" time="0.002"/>
  <testcase name="getHandlerMediaTypeNotAccepted(TestRequestMappingInfoHandlerMapping)[2]" classname="org.springframework.web.servlet.mvc.method.RequestMappingInfoHandlerMappingTests" time="0.001"/>
  <system-out><![CDATA[]]></system-out>
  <system-err><![CDATA[]]></system-err>
</testsuite>
