<?xml version="1.0" encoding="UTF-8"?>
<testsuite name="org.springframework.web.servlet.view.tiles3.TilesConfigurerTests" tests="1" skipped="0" failures="0" errors="0" timestamp="2023-03-20T08:18:52" hostname="DESKTOP-VGJP1PJ" time="0.291">
  <properties/>
  <testcase name="simpleBootstrap()" classname="org.springframework.web.servlet.view.tiles3.TilesConfigurerTests" time="0.291"/>
  <system-out><![CDATA[]]></system-out>
  <system-err><![CDATA[]]></system-err>
</testsuite>
