<?xml version="1.0" encoding="UTF-8"?>
<testsuite name="org.springframework.web.servlet.mvc.method.annotation.HttpEntityMethodProcessorTests" tests="7" skipped="0" failures="0" errors="0" timestamp="2023-03-20T08:14:35" hostname="DESKTOP-VGJP1PJ" time="0.259">
  <properties/>
  <testcase name="resolveArgumentWithEmptyBody()" classname="org.springframework.web.servlet.mvc.method.annotation.HttpEntityMethodProcessorTests" time="0.129"/>
  <testcase name="handleReturnValueWithETagAndETagFilter()" classname="org.springframework.web.servlet.mvc.method.annotation.HttpEntityMethodProcessorTests" time="0.002"/>
  <testcase name="resolveArgumentTypeVariable()" classname="org.springframework.web.servlet.mvc.method.annotation.HttpEntityMethodProcessorTests" time="0.024"/>
  <testcase name="resolveArgument()" classname="org.springframework.web.servlet.mvc.method.annotation.HttpEntityMethodProcessorTests" time="0.008"/>
  <testcase name="jacksonTypeInfoList()" classname="org.springframework.web.servlet.mvc.method.annotation.HttpEntityMethodProcessorTests" time="0.083"/>
  <testcase name="resolveGenericArgument()" classname="org.springframework.web.servlet.mvc.method.annotation.HttpEntityMethodProcessorTests" time="0.007"/>
  <testcase name="handleReturnValueCharSequence()" classname="org.springframework.web.servlet.mvc.method.annotation.HttpEntityMethodProcessorTests" time="0.003"/>
  <system-out><![CDATA[]]></system-out>
  <system-err><![CDATA[]]></system-err>
</testsuite>
