<?xml version="1.0" encoding="UTF-8"?>
<testsuite name="org.springframework.web.servlet.view.groovy.GroovyMarkupViewTests" tests="10" skipped="0" failures="0" errors="0" timestamp="2023-03-20T08:15:42" hostname="DESKTOP-VGJP1PJ" time="1.461">
  <properties/>
  <testcase name="detectTemplateEngine()" classname="org.springframework.web.servlet.view.groovy.GroovyMarkupViewTests" time="0.0"/>
  <testcase name="customTemplateEngine()" classname="org.springframework.web.servlet.view.groovy.GroovyMarkupViewTests" time="0.001"/>
  <testcase name="checkI18nResourceMissingLocale()" classname="org.springframework.web.servlet.view.groovy.GroovyMarkupViewTests" time="0.013"/>
  <testcase name="checkMissingResource()" classname="org.springframework.web.servlet.view.groovy.GroovyMarkupViewTests" time="0.01"/>
  <testcase name="checkI18nResource()" classname="org.springframework.web.servlet.view.groovy.GroovyMarkupViewTests" time="0.008"/>
  <testcase name="renderI18nTemplate()" classname="org.springframework.web.servlet.view.groovy.GroovyMarkupViewTests" time="0.564"/>
  <testcase name="renderLayoutTemplate()" classname="org.springframework.web.servlet.view.groovy.GroovyMarkupViewTests" time="0.395"/>
  <testcase name="renderMarkupTemplate()" classname="org.springframework.web.servlet.view.groovy.GroovyMarkupViewTests" time="0.457"/>
  <testcase name="missingGroovyMarkupConfig()" classname="org.springframework.web.servlet.view.groovy.GroovyMarkupViewTests" time="0.001"/>
  <testcase name="checkResource()" classname="org.springframework.web.servlet.view.groovy.GroovyMarkupViewTests" time="0.01"/>
  <system-out><![CDATA[]]></system-out>
  <system-err><![CDATA[]]></system-err>
</testsuite>
