<?xml version="1.0" encoding="UTF-8"?>
<testsuite name="org.springframework.web.servlet.mvc.method.annotation.ExtendedServletRequestDataBinderTests" tests="3" skipped="0" failures="0" errors="0" timestamp="2023-03-20T08:14:33" hostname="DESKTOP-VGJP1PJ" time="0.006">
  <properties/>
  <testcase name="noUriTemplateVars()" classname="org.springframework.web.servlet.mvc.method.annotation.ExtendedServletRequestDataBinderTests" time="0.0"/>
  <testcase name="uriTemplateVarAndRequestParam()" classname="org.springframework.web.servlet.mvc.method.annotation.ExtendedServletRequestDataBinderTests" time="0.003"/>
  <testcase name="createBinder()" classname="org.springframework.web.servlet.mvc.method.annotation.ExtendedServletRequestDataBinderTests" time="0.001"/>
  <system-out><![CDATA[]]></system-out>
  <system-err><![CDATA[]]></system-err>
</testsuite>
