<?xml version="1.0" encoding="UTF-8"?>
<testsuite name="org.springframework.web.servlet.view.json.MappingJackson2JsonViewTests" tests="16" skipped="0" failures="0" errors="0" timestamp="2023-03-20T08:15:45" hostname="DESKTOP-VGJP1PJ" time="0.605">
  <properties/>
  <testcase name="renderSimpleBean()" classname="org.springframework.web.servlet.view.json.MappingJackson2JsonViewTests" time="0.404"/>
  <testcase name="renderOnlyIncludedAttributes()" classname="org.springframework.web.servlet.view.json.MappingJackson2JsonViewTests" time="0.004"/>
  <testcase name="renderSimpleBeanWithFilters()" classname="org.springframework.web.servlet.view.json.MappingJackson2JsonViewTests" time="0.039"/>
  <testcase name="renderSimpleBeanWithJsonView()" classname="org.springframework.web.servlet.view.json.MappingJackson2JsonViewTests" time="0.002"/>
  <testcase name="renderCaching()" classname="org.springframework.web.servlet.view.json.MappingJackson2JsonViewTests" time="0.003"/>
  <testcase name="renderSimpleMapPrefixed()" classname="org.springframework.web.servlet.view.json.MappingJackson2JsonViewTests" time="0.005"/>
  <testcase name="isExposePathVars()" classname="org.springframework.web.servlet.view.json.MappingJackson2JsonViewTests" time="0.0"/>
  <testcase name="filterSingleKeyModel()" classname="org.springframework.web.servlet.view.json.MappingJackson2JsonViewTests" time="0.0"/>
  <testcase name="renderWithSelectedContentType()" classname="org.springframework.web.servlet.view.json.MappingJackson2JsonViewTests" time="0.001"/>
  <testcase name="renderSimpleMap()" classname="org.springframework.web.servlet.view.json.MappingJackson2JsonViewTests" time="0.011"/>
  <testcase name="filterTwoKeyModel()" classname="org.springframework.web.servlet.view.json.MappingJackson2JsonViewTests" time="0.0"/>
  <testcase name="renderWithCustomSerializerLocatedByFactory()" classname="org.springframework.web.servlet.view.json.MappingJackson2JsonViewTests" time="0.003"/>
  <testcase name="renderWithCustomSerializerLocatedByAnnotation()" classname="org.springframework.web.servlet.view.json.MappingJackson2JsonViewTests" time="0.012"/>
  <testcase name="renderSimpleBeanPrefixed()" classname="org.springframework.web.servlet.view.json.MappingJackson2JsonViewTests" time="0.01"/>
  <testcase name="renderWithPrettyPrint()" classname="org.springframework.web.servlet.view.json.MappingJackson2JsonViewTests" time="0.006"/>
  <testcase name="renderSimpleBeanNotPrefixed()" classname="org.springframework.web.servlet.view.json.MappingJackson2JsonViewTests" time="0.008"/>
  <system-out><![CDATA[]]></system-out>
  <system-err><![CDATA[]]></system-err>
</testsuite>
