<?xml version="1.0" encoding="UTF-8"?>
<testsuite name="org.springframework.web.servlet.mvc.method.annotation.ServletInvocableHandlerMethodTests" tests="24" skipped="0" failures="0" errors="0" timestamp="2023-03-20T08:15:02" hostname="DESKTOP-VGJP1PJ" time="0.048">
  <properties/>
  <testcase name="wrapConcurrentResult_CollectedValuesList()" classname="org.springframework.web.servlet.mvc.method.annotation.ServletInvocableHandlerMethodTests" time="0.01"/>
  <testcase name="wrapConcurrentResult_DeferredResultSubclassEmpty()" classname="org.springframework.web.servlet.mvc.method.annotation.ServletInvocableHandlerMethodTests" time="0.001"/>
  <testcase name="responseEntityRawTypeWithNullBody()" classname="org.springframework.web.servlet.mvc.method.annotation.ServletInvocableHandlerMethodTests" time="0.0"/>
  <testcase name="invokeAndHandle_ETagFilterHasNoImpactWhenETagPresent()" classname="org.springframework.web.servlet.mvc.method.annotation.ServletInvocableHandlerMethodTests" time="0.001"/>
  <testcase name="wrapConcurrentResult_TypeLevelResponseBodyEmpty()" classname="org.springframework.web.servlet.mvc.method.annotation.ServletInvocableHandlerMethodTests" time="0.001"/>
  <testcase name="invokeAndHandle_VoidWithResponseStatus()" classname="org.springframework.web.servlet.mvc.method.annotation.ServletInvocableHandlerMethodTests" time="0.0"/>
  <testcase name="wrapConcurrentResult_MethodLevelResponseBody()" classname="org.springframework.web.servlet.mvc.method.annotation.ServletInvocableHandlerMethodTests" time="0.0"/>
  <testcase name="invokeAndHandle_VoidRequestNotModified()" classname="org.springframework.web.servlet.mvc.method.annotation.ServletInvocableHandlerMethodTests" time="0.0"/>
  <testcase name="wrapConcurrentResult_ResponseEntity()" classname="org.springframework.web.servlet.mvc.method.annotation.ServletInvocableHandlerMethodTests" time="0.001"/>
  <testcase name="invokeAndHandle_Exception()" classname="org.springframework.web.servlet.mvc.method.annotation.ServletInvocableHandlerMethodTests" time="0.001"/>
  <testcase name="invokeAndHandle_VoidNotModifiedWithEtag()" classname="org.springframework.web.servlet.mvc.method.annotation.ServletInvocableHandlerMethodTests" time="0.003"/>
  <testcase name="wrapConcurrentResult_TypeLevelResponseBody()" classname="org.springframework.web.servlet.mvc.method.annotation.ServletInvocableHandlerMethodTests" time="0.0"/>
  <testcase name="wrapConcurrentResult_ResponseEntityNullBody()" classname="org.springframework.web.servlet.mvc.method.annotation.ServletInvocableHandlerMethodTests" time="0.001"/>
  <testcase name="invokeAndHandle_VoidWithTypeLevelResponseStatus()" classname="org.springframework.web.servlet.mvc.method.annotation.ServletInvocableHandlerMethodTests" time="0.0"/>
  <testcase name="invokeAndHandle_VoidWithComposedResponseStatus()" classname="org.springframework.web.servlet.mvc.method.annotation.ServletInvocableHandlerMethodTests" time="0.002"/>
  <testcase name="wrapConcurrentResult_ResponseBodyEmitter()" classname="org.springframework.web.servlet.mvc.method.annotation.ServletInvocableHandlerMethodTests" time="0.001"/>
  <testcase name="wrapConcurrentResult_MethodLevelResponseBodyEmpty()" classname="org.springframework.web.servlet.mvc.method.annotation.ServletInvocableHandlerMethodTests" time="0.001"/>
  <testcase name="invokeAndHandle_NotVoidWithResponseStatusAndReason()" classname="org.springframework.web.servlet.mvc.method.annotation.ServletInvocableHandlerMethodTests" time="0.001"/>
  <testcase name="wrapConcurrentResult_CollectedValuesListWithResponseEntity()" classname="org.springframework.web.servlet.mvc.method.annotation.ServletInvocableHandlerMethodTests" time="0.009"/>
  <testcase name="wrapConcurrentResult_ResponseEntityNullReturnValue()" classname="org.springframework.web.servlet.mvc.method.annotation.ServletInvocableHandlerMethodTests" time="0.001"/>
  <testcase name="wrapConcurrentResult_DeferredResultSubclass()" classname="org.springframework.web.servlet.mvc.method.annotation.ServletInvocableHandlerMethodTests" time="0.001"/>
  <testcase name="wrapConcurrentResult_StreamingResponseBody()" classname="org.springframework.web.servlet.mvc.method.annotation.ServletInvocableHandlerMethodTests" time="0.001"/>
  <testcase name="invokeAndHandle_VoidWithHttpServletResponseArgument()" classname="org.springframework.web.servlet.mvc.method.annotation.ServletInvocableHandlerMethodTests" time="0.001"/>
  <testcase name="invokeAndHandle_DynamicReturnValue()" classname="org.springframework.web.servlet.mvc.method.annotation.ServletInvocableHandlerMethodTests" time="0.001"/>
  <system-out><![CDATA[]]></system-out>
  <system-err><![CDATA[]]></system-err>
</testsuite>
