<?xml version="1.0" encoding="UTF-8"?>
<testsuite name="org.springframework.web.servlet.resource.ResourceHttpRequestHandlerTests" tests="36" skipped="0" failures="0" errors="0" timestamp="2023-03-20T08:15:05" hostname="DESKTOP-VGJP1PJ" time="0.276">
  <properties/>
  <testcase name="getResourceNoCache()" classname="org.springframework.web.servlet.resource.ResourceHttpRequestHandlerTests" time="0.003"/>
  <testcase name="getResourceFromAlternatePath()" classname="org.springframework.web.servlet.resource.ResourceHttpRequestHandlerTests" time="0.003"/>
  <testcase name="missingResourcePath()" classname="org.springframework.web.servlet.resource.ResourceHttpRequestHandlerTests" time="0.001"/>
  <testcase name="ignoreInvalidEscapeSequence()" classname="org.springframework.web.servlet.resource.ResourceHttpRequestHandlerTests" time="0.002"/>
  <testcase name="partialContentMultipleByteRanges()" classname="org.springframework.web.servlet.resource.ResourceHttpRequestHandlerTests" time="0.007"/>
  <testcase name="getResourceWithMediaTypeResolvedThroughServletContext()" classname="org.springframework.web.servlet.resource.ResourceHttpRequestHandlerTests" time="0.111"/>
  <testcase name="testInvalidPath()" classname="org.springframework.web.servlet.resource.ResourceHttpRequestHandlerTests" time="0.004"/>
  <testcase name="partialContentByteRange()" classname="org.springframework.web.servlet.resource.ResourceHttpRequestHandlerTests" time="0.003"/>
  <testcase name="getResourceFromSubDirectoryOfAlternatePath()" classname="org.springframework.web.servlet.resource.ResourceHttpRequestHandlerTests" time="0.003"/>
  <testcase name="getResourceHttpOptions()" classname="org.springframework.web.servlet.resource.ResourceHttpRequestHandlerTests" time="0.001"/>
  <testcase name="directory()" classname="org.springframework.web.servlet.resource.ResourceHttpRequestHandlerTests" time="0.001"/>
  <testcase name="modified()" classname="org.springframework.web.servlet.resource.ResourceHttpRequestHandlerTests" time="0.003"/>
  <testcase name="partialContentByteRangeNoEnd()" classname="org.springframework.web.servlet.resource.ResourceHttpRequestHandlerTests" time="0.002"/>
  <testcase name="resourceNotFound()" classname="org.springframework.web.servlet.resource.ResourceHttpRequestHandlerTests" time="0.006"/>
  <testcase name="unsupportedHttpMethod()" classname="org.springframework.web.servlet.resource.ResourceHttpRequestHandlerTests" time="0.001"/>
  <testcase name="notModified()" classname="org.springframework.web.servlet.resource.ResourceHttpRequestHandlerTests" time="0.008"/>
  <testcase name="processPath()" classname="org.springframework.web.servlet.resource.ResourceHttpRequestHandlerTests" time="0.001"/>
  <testcase name="partialContentSuffixRange()" classname="org.springframework.web.servlet.resource.ResourceHttpRequestHandlerTests" time="0.003"/>
  <testcase name="doOverwriteExistingCacheControlHeaders()" classname="org.springframework.web.servlet.resource.ResourceHttpRequestHandlerTests" time="0.001"/>
  <testcase name="getResourceWithHtmlMediaType()" classname="org.springframework.web.servlet.resource.ResourceHttpRequestHandlerTests" time="0.003"/>
  <testcase name="partialContentInvalidRangeHeader()" classname="org.springframework.web.servlet.resource.ResourceHttpRequestHandlerTests" time="0.004"/>
  <testcase name="directoryInJarFile()" classname="org.springframework.web.servlet.resource.ResourceHttpRequestHandlerTests" time="0.004"/>
  <testcase name="initAllowedLocationsWithExplicitConfiguration()" classname="org.springframework.web.servlet.resource.ResourceHttpRequestHandlerTests" time="0.0"/>
  <testcase name="resolvePathWithTraversal()" classname="org.springframework.web.servlet.resource.ResourceHttpRequestHandlerTests" time="0.062"/>
  <testcase name="getMediaTypeWithFavorPathExtensionOff()" classname="org.springframework.web.servlet.resource.ResourceHttpRequestHandlerTests" time="0.002"/>
  <testcase name="getResourceHttp10BehaviorNoCache()" classname="org.springframework.web.servlet.resource.ResourceHttpRequestHandlerTests" time="0.003"/>
  <testcase name="partialContentSuffixRangeLargeSuffix()" classname="org.springframework.web.servlet.resource.ResourceHttpRequestHandlerTests" time="0.003"/>
  <testcase name="noPathWithinHandlerMappingAttribute()" classname="org.springframework.web.servlet.resource.ResourceHttpRequestHandlerTests" time="0.001"/>
  <testcase name="partialContentByteRangeLargeEnd()" classname="org.springframework.web.servlet.resource.ResourceHttpRequestHandlerTests" time="0.003"/>
  <testcase name="getResourceFromSubDirectory()" classname="org.springframework.web.servlet.resource.ResourceHttpRequestHandlerTests" time="0.003"/>
  <testcase name="getVersionedResource()" classname="org.springframework.web.servlet.resource.ResourceHttpRequestHandlerTests" time="0.004"/>
  <testcase name="initAllowedLocations()" classname="org.springframework.web.servlet.resource.ResourceHttpRequestHandlerTests" time="0.001"/>
  <testcase name="getResource()" classname="org.springframework.web.servlet.resource.ResourceHttpRequestHandlerTests" time="0.003"/>
  <testcase name="getResourceWithRegisteredMediaType()" classname="org.springframework.web.servlet.resource.ResourceHttpRequestHandlerTests" time="0.002"/>
  <testcase name="getResourceHttp10BehaviorCache()" classname="org.springframework.web.servlet.resource.ResourceHttpRequestHandlerTests" time="0.003"/>
  <testcase name="getResourceHttpHeader()" classname="org.springframework.web.servlet.resource.ResourceHttpRequestHandlerTests" time="0.005"/>
  <system-out><![CDATA[03:15:05.434 [Test worker] WARN  o.s.w.s.r.ResourceHttpRequestHandler - Path contains "../" after call to StringUtils#cleanPath: [../testsecret/secret.txt]
03:15:05.435 [Test worker] WARN  o.s.w.s.r.ResourceHttpRequestHandler - Path contains "../" after call to StringUtils#cleanPath: [test/../../testsecret/secret.txt]
03:15:05.435 [Test worker] WARN  o.s.w.s.r.ResourceHttpRequestHandler - Path contains "../" after call to StringUtils#cleanPath: [:/../../testsecret/secret.txt]
03:15:05.435 [Test worker] WARN  o.s.w.s.r.ResourceHttpRequestHandler - Path represents URL or has "url:" prefix: [file:/F:/spring-framework-5.3.x/spring-framework-5.3.0-M2/spring-webmvc/build/resources/test/org/springframework/web/servlet/resource/testsecret/secret.txt]
03:15:05.436 [Test worker] WARN  o.s.w.s.r.ResourceHttpRequestHandler - Path represents URL or has "url:" prefix: [/file:/F:/spring-framework-5.3.x/spring-framework-5.3.0-M2/spring-webmvc/build/resources/test/org/springframework/web/servlet/resource/testsecret/secret.txt]
03:15:05.436 [Test worker] WARN  o.s.w.s.r.ResourceHttpRequestHandler - Path represents URL or has "url:" prefix: [url:/F:/spring-framework-5.3.x/spring-framework-5.3.0-M2/spring-webmvc/build/resources/test/org/springframework/web/servlet/resource/testsecret/secret.txt]
03:15:05.436 [Test worker] WARN  o.s.w.s.r.ResourceHttpRequestHandler - Path represents URL or has "url:" prefix: [/url:/F:/spring-framework-5.3.x/spring-framework-5.3.0-M2/spring-webmvc/build/resources/test/org/springframework/web/servlet/resource/testsecret/secret.txt]
03:15:05.436 [Test worker] WARN  o.s.w.s.r.ResourceHttpRequestHandler - Path contains "../" after call to StringUtils#cleanPath: [/../../F:/spring-framework-5.3.x/spring-framework-5.3.0-M2/spring-webmvc/build/resources/test/org/springframework/web/servlet/resource/testsecret/secret.txt]
03:15:05.436 [Test worker] WARN  o.s.w.s.r.ResourceHttpRequestHandler - Path contains "../" after call to StringUtils#cleanPath: [/../testsecret/secret.txt]
03:15:05.436 [Test worker] WARN  o.s.w.s.r.ResourceHttpRequestHandler - Path contains "../" after call to StringUtils#cleanPath: [/../testsecret/secret.txt]
03:15:05.437 [Test worker] WARN  o.s.w.s.r.ResourceHttpRequestHandler - Path contains "../" after call to StringUtils#cleanPath: [/../../F:/spring-framework-5.3.x/spring-framework-5.3.0-M2/spring-webmvc/build/resources/test/org/springframework/web/servlet/resource/testsecret/secret.txt]
03:15:05.483 [Test worker] WARN  o.s.w.s.r.ResourceHttpRequestHandler - Path contains "../" after call to StringUtils#cleanPath: [../testsecret/secret.txt]
03:15:05.483 [Test worker] WARN  o.s.w.s.r.ResourceHttpRequestHandler - Path contains "../" after call to StringUtils#cleanPath: [test/../../testsecret/secret.txt]
03:15:05.484 [Test worker] WARN  o.s.w.s.r.ResourceHttpRequestHandler - Path contains "../" after call to StringUtils#cleanPath: [:/../../testsecret/secret.txt]
03:15:05.484 [Test worker] WARN  o.s.w.s.r.ResourceHttpRequestHandler - Path represents URL or has "url:" prefix: [file:/F:/spring-framework-5.3.x/spring-framework-5.3.0-M2/spring-webmvc/build/resources/test/org/springframework/web/servlet/resource/testsecret/secret.txt]
03:15:05.484 [Test worker] WARN  o.s.w.s.r.ResourceHttpRequestHandler - Path represents URL or has "url:" prefix: [/file:/F:/spring-framework-5.3.x/spring-framework-5.3.0-M2/spring-webmvc/build/resources/test/org/springframework/web/servlet/resource/testsecret/secret.txt]
03:15:05.485 [Test worker] WARN  o.s.w.s.r.ResourceHttpRequestHandler - Path represents URL or has "url:" prefix: [url:/F:/spring-framework-5.3.x/spring-framework-5.3.0-M2/spring-webmvc/build/resources/test/org/springframework/web/servlet/resource/testsecret/secret.txt]
03:15:05.485 [Test worker] WARN  o.s.w.s.r.ResourceHttpRequestHandler - Path represents URL or has "url:" prefix: [/url:/F:/spring-framework-5.3.x/spring-framework-5.3.0-M2/spring-webmvc/build/resources/test/org/springframework/web/servlet/resource/testsecret/secret.txt]
03:15:05.487 [Test worker] WARN  o.s.w.s.r.ResourceHttpRequestHandler - Path contains "../" after call to StringUtils#cleanPath: [/../../F:/spring-framework-5.3.x/spring-framework-5.3.0-M2/spring-webmvc/build/resources/test/org/springframework/web/servlet/resource/testsecret/secret.txt]
03:15:05.487 [Test worker] WARN  o.s.w.s.r.ResourceHttpRequestHandler - Path contains "../" after call to StringUtils#cleanPath: [/../testsecret/secret.txt]
03:15:05.488 [Test worker] WARN  o.s.w.s.r.ResourceHttpRequestHandler - Path contains "../" after call to StringUtils#cleanPath: [/../testsecret/secret.txt]
03:15:05.489 [Test worker] WARN  o.s.w.s.r.ResourceHttpRequestHandler - Path contains "../" after call to StringUtils#cleanPath: [../testsecret/secret.txt]
03:15:05.490 [Test worker] WARN  o.s.w.s.r.ResourceHttpRequestHandler - Path contains "../" after call to StringUtils#cleanPath: [test/../../testsecret/secret.txt]
03:15:05.490 [Test worker] WARN  o.s.w.s.r.ResourceHttpRequestHandler - Path contains "../" after call to StringUtils#cleanPath: [:/../../testsecret/secret.txt]
03:15:05.491 [Test worker] WARN  o.s.w.s.r.ResourceHttpRequestHandler - Path represents URL or has "url:" prefix: [file:/F:/spring-framework-5.3.x/spring-framework-5.3.0-M2/spring-webmvc/build/resources/test/org/springframework/web/servlet/resource/testsecret/secret.txt]
03:15:05.491 [Test worker] WARN  o.s.w.s.r.ResourceHttpRequestHandler - Path represents URL or has "url:" prefix: [/file:/F:/spring-framework-5.3.x/spring-framework-5.3.0-M2/spring-webmvc/build/resources/test/org/springframework/web/servlet/resource/testsecret/secret.txt]
03:15:05.492 [Test worker] WARN  o.s.w.s.r.ResourceHttpRequestHandler - Path represents URL or has "url:" prefix: [url:/F:/spring-framework-5.3.x/spring-framework-5.3.0-M2/spring-webmvc/build/resources/test/org/springframework/web/servlet/resource/testsecret/secret.txt]
03:15:05.492 [Test worker] WARN  o.s.w.s.r.ResourceHttpRequestHandler - Path represents URL or has "url:" prefix: [/url:/F:/spring-framework-5.3.x/spring-framework-5.3.0-M2/spring-webmvc/build/resources/test/org/springframework/web/servlet/resource/testsecret/secret.txt]
03:15:05.494 [Test worker] WARN  o.s.w.s.r.ResourceHttpRequestHandler - Path contains "../" after call to StringUtils#cleanPath: [/../../F:/spring-framework-5.3.x/spring-framework-5.3.0-M2/spring-webmvc/build/resources/test/org/springframework/web/servlet/resource/testsecret/secret.txt]
03:15:05.494 [Test worker] WARN  o.s.w.s.r.ResourceHttpRequestHandler - Path contains "../" after call to StringUtils#cleanPath: [/../testsecret/secret.txt]
03:15:05.495 [Test worker] WARN  o.s.w.s.r.ResourceHttpRequestHandler - Path contains "../" after call to StringUtils#cleanPath: [/../testsecret/secret.txt]
03:15:05.496 [Test worker] WARN  o.s.w.s.r.ResourceHttpRequestHandler - Path contains "../" after call to StringUtils#cleanPath: [../testsecret/secret.txt]
03:15:05.496 [Test worker] WARN  o.s.w.s.r.ResourceHttpRequestHandler - Path contains "../" after call to StringUtils#cleanPath: [test/../../testsecret/secret.txt]
03:15:05.497 [Test worker] WARN  o.s.w.s.r.ResourceHttpRequestHandler - Path contains "../" after call to StringUtils#cleanPath: [:/../../testsecret/secret.txt]
03:15:05.498 [Test worker] WARN  o.s.w.s.r.ResourceHttpRequestHandler - Path represents URL or has "url:" prefix: [file:/F:/spring-framework-5.3.x/spring-framework-5.3.0-M2/spring-webmvc/build/resources/test/org/springframework/web/servlet/resource/testsecret/secret.txt]
03:15:05.498 [Test worker] WARN  o.s.w.s.r.ResourceHttpRequestHandler - Path represents URL or has "url:" prefix: [/file:/F:/spring-framework-5.3.x/spring-framework-5.3.0-M2/spring-webmvc/build/resources/test/org/springframework/web/servlet/resource/testsecret/secret.txt]
03:15:05.498 [Test worker] WARN  o.s.w.s.r.ResourceHttpRequestHandler - Path represents URL or has "url:" prefix: [url:/F:/spring-framework-5.3.x/spring-framework-5.3.0-M2/spring-webmvc/build/resources/test/org/springframework/web/servlet/resource/testsecret/secret.txt]
03:15:05.498 [Test worker] WARN  o.s.w.s.r.ResourceHttpRequestHandler - Path represents URL or has "url:" prefix: [/url:/F:/spring-framework-5.3.x/spring-framework-5.3.0-M2/spring-webmvc/build/resources/test/org/springframework/web/servlet/resource/testsecret/secret.txt]
03:15:05.500 [Test worker] WARN  o.s.w.s.r.ResourceHttpRequestHandler - Path contains "../" after call to StringUtils#cleanPath: [/../../F:/spring-framework-5.3.x/spring-framework-5.3.0-M2/spring-webmvc/build/resources/test/org/springframework/web/servlet/resource/testsecret/secret.txt]
03:15:05.500 [Test worker] WARN  o.s.w.s.r.ResourceHttpRequestHandler - Path contains "../" after call to StringUtils#cleanPath: [/../testsecret/secret.txt]
03:15:05.500 [Test worker] WARN  o.s.w.s.r.ResourceHttpRequestHandler - Path contains "../" after call to StringUtils#cleanPath: [/../testsecret/secret.txt]
03:15:05.502 [Test worker] WARN  o.s.w.s.r.ResourceHttpRequestHandler - Path contains "../" after call to StringUtils#cleanPath: [../testsecret/secret.txt]
03:15:05.502 [Test worker] WARN  o.s.w.s.r.ResourceHttpRequestHandler - Path contains "../" after call to StringUtils#cleanPath: [test/../../testsecret/secret.txt]
03:15:05.502 [Test worker] WARN  o.s.w.s.r.ResourceHttpRequestHandler - Path contains "../" after call to StringUtils#cleanPath: [:/../../testsecret/secret.txt]
03:15:05.503 [Test worker] WARN  o.s.w.s.r.ResourceHttpRequestHandler - Path represents URL or has "url:" prefix: [file:/F:/spring-framework-5.3.x/spring-framework-5.3.0-M2/spring-webmvc/build/resources/test/org/springframework/web/servlet/resource/testsecret/secret.txt]
03:15:05.503 [Test worker] WARN  o.s.w.s.r.ResourceHttpRequestHandler - Path represents URL or has "url:" prefix: [/file:/F:/spring-framework-5.3.x/spring-framework-5.3.0-M2/spring-webmvc/build/resources/test/org/springframework/web/servlet/resource/testsecret/secret.txt]
03:15:05.503 [Test worker] WARN  o.s.w.s.r.ResourceHttpRequestHandler - Path represents URL or has "url:" prefix: [url:/F:/spring-framework-5.3.x/spring-framework-5.3.0-M2/spring-webmvc/build/resources/test/org/springframework/web/servlet/resource/testsecret/secret.txt]
03:15:05.503 [Test worker] WARN  o.s.w.s.r.ResourceHttpRequestHandler - Path represents URL or has "url:" prefix: [/url:/F:/spring-framework-5.3.x/spring-framework-5.3.0-M2/spring-webmvc/build/resources/test/org/springframework/web/servlet/resource/testsecret/secret.txt]
03:15:05.505 [Test worker] WARN  o.s.w.s.r.ResourceHttpRequestHandler - Path contains "../" after call to StringUtils#cleanPath: [/../../F:/spring-framework-5.3.x/spring-framework-5.3.0-M2/spring-webmvc/build/resources/test/org/springframework/web/servlet/resource/testsecret/secret.txt]
03:15:05.506 [Test worker] WARN  o.s.w.s.r.ResourceHttpRequestHandler - Path contains "../" after call to StringUtils#cleanPath: [/../testsecret/secret.txt]
03:15:05.507 [Test worker] WARN  o.s.w.s.r.ResourceHttpRequestHandler - Path contains "../" after call to StringUtils#cleanPath: [/../testsecret/secret.txt]
03:15:05.508 [Test worker] WARN  o.s.w.s.r.ResourceHttpRequestHandler - Path contains "../" after call to StringUtils#cleanPath: [../testsecret/secret.txt]
03:15:05.509 [Test worker] WARN  o.s.w.s.r.ResourceHttpRequestHandler - Path contains "../" after call to StringUtils#cleanPath: [test/../../testsecret/secret.txt]
03:15:05.510 [Test worker] WARN  o.s.w.s.r.ResourceHttpRequestHandler - Path contains "../" after call to StringUtils#cleanPath: [:/../../testsecret/secret.txt]
03:15:05.511 [Test worker] WARN  o.s.w.s.r.ResourceHttpRequestHandler - Path represents URL or has "url:" prefix: [file:/F:/spring-framework-5.3.x/spring-framework-5.3.0-M2/spring-webmvc/build/resources/test/org/springframework/web/servlet/resource/testsecret/secret.txt]
03:15:05.512 [Test worker] WARN  o.s.w.s.r.ResourceHttpRequestHandler - Path represents URL or has "url:" prefix: [/file:/F:/spring-framework-5.3.x/spring-framework-5.3.0-M2/spring-webmvc/build/resources/test/org/springframework/web/servlet/resource/testsecret/secret.txt]
03:15:05.512 [Test worker] WARN  o.s.w.s.r.ResourceHttpRequestHandler - Path represents URL or has "url:" prefix: [url:/F:/spring-framework-5.3.x/spring-framework-5.3.0-M2/spring-webmvc/build/resources/test/org/springframework/web/servlet/resource/testsecret/secret.txt]
03:15:05.513 [Test worker] WARN  o.s.w.s.r.ResourceHttpRequestHandler - Path represents URL or has "url:" prefix: [/url:/F:/spring-framework-5.3.x/spring-framework-5.3.0-M2/spring-webmvc/build/resources/test/org/springframework/web/servlet/resource/testsecret/secret.txt]
03:15:05.514 [Test worker] WARN  o.s.w.s.r.ResourceHttpRequestHandler - Path contains "../" after call to StringUtils#cleanPath: [/../../F:/spring-framework-5.3.x/spring-framework-5.3.0-M2/spring-webmvc/build/resources/test/org/springframework/web/servlet/resource/testsecret/secret.txt]
03:15:05.514 [Test worker] WARN  o.s.w.s.r.ResourceHttpRequestHandler - Path contains "../" after call to StringUtils#cleanPath: [/../testsecret/secret.txt]
03:15:05.515 [Test worker] WARN  o.s.w.s.r.ResourceHttpRequestHandler - Path contains "../" after call to StringUtils#cleanPath: [/../testsecret/secret.txt]
03:15:05.516 [Test worker] WARN  o.s.w.s.r.ResourceHttpRequestHandler - Path contains "../" after call to StringUtils#cleanPath: [../testsecret/secret.txt]
03:15:05.516 [Test worker] WARN  o.s.w.s.r.ResourceHttpRequestHandler - Path contains "../" after call to StringUtils#cleanPath: [test/../../testsecret/secret.txt]
03:15:05.517 [Test worker] WARN  o.s.w.s.r.ResourceHttpRequestHandler - Path contains "../" after call to StringUtils#cleanPath: [:/../../testsecret/secret.txt]
03:15:05.517 [Test worker] WARN  o.s.w.s.r.ResourceHttpRequestHandler - Path represents URL or has "url:" prefix: [file:/F:/spring-framework-5.3.x/spring-framework-5.3.0-M2/spring-webmvc/build/resources/test/org/springframework/web/servlet/resource/testsecret/secret.txt]
03:15:05.518 [Test worker] WARN  o.s.w.s.r.ResourceHttpRequestHandler - Path represents URL or has "url:" prefix: [/file:/F:/spring-framework-5.3.x/spring-framework-5.3.0-M2/spring-webmvc/build/resources/test/org/springframework/web/servlet/resource/testsecret/secret.txt]
03:15:05.518 [Test worker] WARN  o.s.w.s.r.ResourceHttpRequestHandler - Path represents URL or has "url:" prefix: [url:/F:/spring-framework-5.3.x/spring-framework-5.3.0-M2/spring-webmvc/build/resources/test/org/springframework/web/servlet/resource/testsecret/secret.txt]
03:15:05.518 [Test worker] WARN  o.s.w.s.r.ResourceHttpRequestHandler - Path represents URL or has "url:" prefix: [/url:/F:/spring-framework-5.3.x/spring-framework-5.3.0-M2/spring-webmvc/build/resources/test/org/springframework/web/servlet/resource/testsecret/secret.txt]
03:15:05.520 [Test worker] WARN  o.s.w.s.r.ResourceHttpRequestHandler - Path contains "../" after call to StringUtils#cleanPath: [/../../F:/spring-framework-5.3.x/spring-framework-5.3.0-M2/spring-webmvc/build/resources/test/org/springframework/web/servlet/resource/testsecret/secret.txt]
03:15:05.520 [Test worker] WARN  o.s.w.s.r.ResourceHttpRequestHandler - Path contains "../" after call to StringUtils#cleanPath: [/../testsecret/secret.txt]
03:15:05.520 [Test worker] WARN  o.s.w.s.r.ResourceHttpRequestHandler - Path contains "../" after call to StringUtils#cleanPath: [/../testsecret/secret.txt]
03:15:05.522 [Test worker] WARN  o.s.w.s.r.ResourceHttpRequestHandler - Path contains "../" after call to StringUtils#cleanPath: [../testsecret/secret.txt]
03:15:05.524 [Test worker] WARN  o.s.w.s.r.ResourceHttpRequestHandler - Path contains "../" after call to StringUtils#cleanPath: [test/../../testsecret/secret.txt]
03:15:05.524 [Test worker] WARN  o.s.w.s.r.ResourceHttpRequestHandler - Path contains "../" after call to StringUtils#cleanPath: [:/../../testsecret/secret.txt]
03:15:05.525 [Test worker] WARN  o.s.w.s.r.ResourceHttpRequestHandler - Path represents URL or has "url:" prefix: [file:/F:/spring-framework-5.3.x/spring-framework-5.3.0-M2/spring-webmvc/build/resources/test/org/springframework/web/servlet/resource/testsecret/secret.txt]
03:15:05.526 [Test worker] WARN  o.s.w.s.r.ResourceHttpRequestHandler - Path represents URL or has "url:" prefix: [/file:/F:/spring-framework-5.3.x/spring-framework-5.3.0-M2/spring-webmvc/build/resources/test/org/springframework/web/servlet/resource/testsecret/secret.txt]
03:15:05.526 [Test worker] WARN  o.s.w.s.r.ResourceHttpRequestHandler - Path represents URL or has "url:" prefix: [url:/F:/spring-framework-5.3.x/spring-framework-5.3.0-M2/spring-webmvc/build/resources/test/org/springframework/web/servlet/resource/testsecret/secret.txt]
03:15:05.528 [Test worker] WARN  o.s.w.s.r.ResourceHttpRequestHandler - Path represents URL or has "url:" prefix: [/url:/F:/spring-framework-5.3.x/spring-framework-5.3.0-M2/spring-webmvc/build/resources/test/org/springframework/web/servlet/resource/testsecret/secret.txt]
03:15:05.531 [Test worker] WARN  o.s.w.s.r.ResourceHttpRequestHandler - Path contains "../" after call to StringUtils#cleanPath: [/../../F:/spring-framework-5.3.x/spring-framework-5.3.0-M2/spring-webmvc/build/resources/test/org/springframework/web/servlet/resource/testsecret/secret.txt]
03:15:05.532 [Test worker] WARN  o.s.w.s.r.ResourceHttpRequestHandler - Path contains "../" after call to StringUtils#cleanPath: [/../testsecret/secret.txt]
03:15:05.532 [Test worker] WARN  o.s.w.s.r.ResourceHttpRequestHandler - Path contains "../" after call to StringUtils#cleanPath: [/../testsecret/secret.txt]
03:15:05.534 [Test worker] WARN  o.s.w.s.r.ResourceHttpRequestHandler - Path contains "../" after call to StringUtils#cleanPath: [../testsecret/secret.txt]
03:15:05.535 [Test worker] WARN  o.s.w.s.r.ResourceHttpRequestHandler - Path contains "../" after call to StringUtils#cleanPath: [test/../../testsecret/secret.txt]
03:15:05.536 [Test worker] WARN  o.s.w.s.r.ResourceHttpRequestHandler - Path contains "../" after call to StringUtils#cleanPath: [:/../../testsecret/secret.txt]
03:15:05.536 [Test worker] WARN  o.s.w.s.r.ResourceHttpRequestHandler - Path represents URL or has "url:" prefix: [file:/F:/spring-framework-5.3.x/spring-framework-5.3.0-M2/spring-webmvc/build/resources/test/org/springframework/web/servlet/resource/testsecret/secret.txt]
03:15:05.537 [Test worker] WARN  o.s.w.s.r.ResourceHttpRequestHandler - Path represents URL or has "url:" prefix: [/file:/F:/spring-framework-5.3.x/spring-framework-5.3.0-M2/spring-webmvc/build/resources/test/org/springframework/web/servlet/resource/testsecret/secret.txt]
03:15:05.537 [Test worker] WARN  o.s.w.s.r.ResourceHttpRequestHandler - Path represents URL or has "url:" prefix: [url:/F:/spring-framework-5.3.x/spring-framework-5.3.0-M2/spring-webmvc/build/resources/test/org/springframework/web/servlet/resource/testsecret/secret.txt]
03:15:05.538 [Test worker] WARN  o.s.w.s.r.ResourceHttpRequestHandler - Path represents URL or has "url:" prefix: [/url:/F:/spring-framework-5.3.x/spring-framework-5.3.0-M2/spring-webmvc/build/resources/test/org/springframework/web/servlet/resource/testsecret/secret.txt]
03:15:05.541 [Test worker] WARN  o.s.w.s.r.ResourceHttpRequestHandler - Path contains "../" after call to StringUtils#cleanPath: [/../../F:/spring-framework-5.3.x/spring-framework-5.3.0-M2/spring-webmvc/build/resources/test/org/springframework/web/servlet/resource/testsecret/secret.txt]
03:15:05.543 [Test worker] WARN  o.s.w.s.r.ResourceHttpRequestHandler - Path contains "../" after call to StringUtils#cleanPath: [/../testsecret/secret.txt]
03:15:05.543 [Test worker] WARN  o.s.w.s.r.ResourceHttpRequestHandler - Path contains "../" after call to StringUtils#cleanPath: [/../testsecret/secret.txt]
]]></system-out>
  <system-err><![CDATA[]]></system-err>
</testsuite>
