<?xml version="1.0" encoding="UTF-8"?>
<testsuite name="org.springframework.web.servlet.tags.form.OptionTagEnumTests" tests="1" skipped="0" failures="0" errors="0" timestamp="2023-03-20T08:15:18" hostname="DESKTOP-VGJP1PJ" time="0.005">
  <properties/>
  <testcase name="withJavaEnum()" classname="org.springframework.web.servlet.tags.form.OptionTagEnumTests" time="0.005"/>
  <system-out><![CDATA[]]></system-out>
  <system-err><![CDATA[]]></system-err>
</testsuite>
