<?xml version="1.0" encoding="UTF-8"?>
<testsuite name="org.springframework.web.servlet.mvc.method.annotation.ViewMethodReturnValueHandlerTests" tests="3" skipped="0" failures="0" errors="0" timestamp="2023-03-20T08:15:04" hostname="DESKTOP-VGJP1PJ" time="0.001">
  <properties/>
  <testcase name="returnView()" classname="org.springframework.web.servlet.mvc.method.annotation.ViewMethodReturnValueHandlerTests" time="0.001"/>
  <testcase name="supportsReturnType()" classname="org.springframework.web.servlet.mvc.method.annotation.ViewMethodReturnValueHandlerTests" time="0.0"/>
  <testcase name="returnViewRedirect()" classname="org.springframework.web.servlet.mvc.method.annotation.ViewMethodReturnValueHandlerTests" time="0.0"/>
  <system-out><![CDATA[]]></system-out>
  <system-err><![CDATA[]]></system-err>
</testsuite>
