<?xml version="1.0" encoding="UTF-8"?>
<testsuite name="org.springframework.web.util.NestedServletExceptionTests" tests="3" skipped="0" failures="0" errors="0" timestamp="2023-03-20T08:18:59" hostname="DESKTOP-VGJP1PJ" time="0.0">
  <properties/>
  <testcase name="testNestedServletExceptionStringNullThrowable()" classname="org.springframework.web.util.NestedServletExceptionTests" time="0.0"/>
  <testcase name="testNestedServletExceptionString()" classname="org.springframework.web.util.NestedServletExceptionTests" time="0.0"/>
  <testcase name="testNestedServletExceptionStringThrowable()" classname="org.springframework.web.util.NestedServletExceptionTests" time="0.0"/>
  <system-out><![CDATA[]]></system-out>
  <system-err><![CDATA[]]></system-err>
</testsuite>
