<?xml version="1.0" encoding="UTF-8"?>
<testsuite name="org.springframework.web.servlet.view.script.NashornScriptTemplateTests" tests="2" skipped="0" failures="0" errors="0" timestamp="2023-03-20T08:18:46" hostname="DESKTOP-VGJP1PJ" time="5.598">
  <properties/>
  <testcase name="renderTemplateWithUrl()" classname="org.springframework.web.servlet.view.script.NashornScriptTemplateTests" time="5.247"/>
  <testcase name="renderTemplate()" classname="org.springframework.web.servlet.view.script.NashornScriptTemplateTests" time="0.351"/>
  <system-out><![CDATA[]]></system-out>
  <system-err><![CDATA[]]></system-err>
</testsuite>
