<?xml version="1.0" encoding="UTF-8"?>
<testsuite name="org.springframework.web.servlet.mvc.annotation.JdkProxyControllerTests" tests="3" skipped="0" failures="0" errors="0" timestamp="2023-03-20T08:14:31" hostname="DESKTOP-VGJP1PJ" time="0.388">
  <properties/>
  <testcase name="methodLevel()" classname="org.springframework.web.servlet.mvc.annotation.JdkProxyControllerTests" time="0.19"/>
  <testcase name="typeLevel()" classname="org.springframework.web.servlet.mvc.annotation.JdkProxyControllerTests" time="0.072"/>
  <testcase name="typeAndMethodLevel()" classname="org.springframework.web.servlet.mvc.annotation.JdkProxyControllerTests" time="0.124"/>
  <system-out><![CDATA[]]></system-out>
  <system-err><![CDATA[]]></system-err>
</testsuite>
