<?xml version="1.0" encoding="UTF-8"?>
<testsuite name="org.springframework.web.servlet.view.xslt.XsltViewResolverTests" tests="1" skipped="0" failures="0" errors="0" timestamp="2023-03-20T08:18:56" hostname="DESKTOP-VGJP1PJ" time="0.119">
  <properties/>
  <testcase name="resolveView()" classname="org.springframework.web.servlet.view.xslt.XsltViewResolverTests" time="0.119"/>
  <system-out><![CDATA[]]></system-out>
  <system-err><![CDATA[]]></system-err>
</testsuite>
