<?xml version="1.0" encoding="UTF-8"?>
<testsuite name="org.springframework.web.servlet.config.annotation.WebMvcConfigurationSupportTests" tests="15" skipped="0" failures="0" errors="0" timestamp="2023-03-20T08:14:05" hostname="DESKTOP-VGJP1PJ" time="3.865">
  <properties/>
  <testcase name="uriComponentsContributor()" classname="org.springframework.web.servlet.config.annotation.WebMvcConfigurationSupportTests" time="0.431"/>
  <testcase name="emptyHandlerMappings()" classname="org.springframework.web.servlet.config.annotation.WebMvcConfigurationSupportTests" time="0.189"/>
  <testcase name="requestMappingHandlerAdapter()" classname="org.springframework.web.servlet.config.annotation.WebMvcConfigurationSupportTests" time="0.233"/>
  <testcase name="mvcViewResolverWithOrderSet()" classname="org.springframework.web.servlet.config.annotation.WebMvcConfigurationSupportTests" time="0.276"/>
  <testcase name="defaultRequestToViewNameConfiguration()" classname="org.springframework.web.servlet.config.annotation.WebMvcConfigurationSupportTests" time="0.182"/>
  <testcase name="defaultFlashMapManagerConfiguration()" classname="org.springframework.web.servlet.config.annotation.WebMvcConfigurationSupportTests" time="0.167"/>
  <testcase name="defaultLocaleResolverConfiguration()" classname="org.springframework.web.servlet.config.annotation.WebMvcConfigurationSupportTests" time="0.139"/>
  <testcase name="customArgumentResolvers()" classname="org.springframework.web.servlet.config.annotation.WebMvcConfigurationSupportTests" time="0.156"/>
  <testcase name="requestMappingHandlerMapping()" classname="org.springframework.web.servlet.config.annotation.WebMvcConfigurationSupportTests" time="0.716"/>
  <testcase name="mvcViewResolverWithExistingResolver()" classname="org.springframework.web.servlet.config.annotation.WebMvcConfigurationSupportTests" time="0.254"/>
  <testcase name="defaultThemeResolverfiguration()" classname="org.springframework.web.servlet.config.annotation.WebMvcConfigurationSupportTests" time="0.174"/>
  <testcase name="beanNameHandlerMapping()" classname="org.springframework.web.servlet.config.annotation.WebMvcConfigurationSupportTests" time="0.265"/>
  <testcase name="defaultPathMatchConfiguration()" classname="org.springframework.web.servlet.config.annotation.WebMvcConfigurationSupportTests" time="0.28"/>
  <testcase name="handlerExceptionResolver()" classname="org.springframework.web.servlet.config.annotation.WebMvcConfigurationSupportTests" time="0.155"/>
  <testcase name="mvcViewResolver()" classname="org.springframework.web.servlet.config.annotation.WebMvcConfigurationSupportTests" time="0.235"/>
  <system-out><![CDATA[]]></system-out>
  <system-err><![CDATA[]]></system-err>
</testsuite>
