<?xml version="1.0" encoding="UTF-8"?>
<testsuite name="org.springframework.web.servlet.mvc.method.annotation.DeferredResultReturnValueHandlerTests" tests="8" skipped="0" failures="0" errors="0" timestamp="2023-03-20T08:14:32" hostname="DESKTOP-VGJP1PJ" time="0.104">
  <properties/>
  <testcase name="doesNotSupportReturnType()" classname="org.springframework.web.servlet.mvc.method.annotation.DeferredResultReturnValueHandlerTests" time="0.009"/>
  <testcase name="completableFuture()" classname="org.springframework.web.servlet.mvc.method.annotation.DeferredResultReturnValueHandlerTests" time="0.015"/>
  <testcase name="listenableFutureWithError()" classname="org.springframework.web.servlet.mvc.method.annotation.DeferredResultReturnValueHandlerTests" time="0.034"/>
  <testcase name="listenableFuture()" classname="org.springframework.web.servlet.mvc.method.annotation.DeferredResultReturnValueHandlerTests" time="0.001"/>
  <testcase name="deferredResult()" classname="org.springframework.web.servlet.mvc.method.annotation.DeferredResultReturnValueHandlerTests" time="0.001"/>
  <testcase name="deferredResultWithError()" classname="org.springframework.web.servlet.mvc.method.annotation.DeferredResultReturnValueHandlerTests" time="0.007"/>
  <testcase name="completableFutureWithError()" classname="org.springframework.web.servlet.mvc.method.annotation.DeferredResultReturnValueHandlerTests" time="0.003"/>
  <testcase name="supportsReturnType()" classname="org.springframework.web.servlet.mvc.method.annotation.DeferredResultReturnValueHandlerTests" time="0.001"/>
  <system-out><![CDATA[]]></system-out>
  <system-err><![CDATA[]]></system-err>
</testsuite>
