<?xml version="1.0" encoding="UTF-8"?>
<testsuite name="org.springframework.web.servlet.mvc.support.DefaultHandlerExceptionResolverTests" tests="14" skipped="0" failures="0" errors="0" timestamp="2023-03-20T08:15:04" hostname="DESKTOP-VGJP1PJ" time="0.011">
  <properties/>
  <testcase name="handleMissingServletRequestPartException()" classname="org.springframework.web.servlet.mvc.support.DefaultHandlerExceptionResolverTests" time="0.001"/>
  <testcase name="handleHttpMessageNotReadable()" classname="org.springframework.web.servlet.mvc.support.DefaultHandlerExceptionResolverTests" time="0.001"/>
  <testcase name="handleMissingServletRequestParameter()" classname="org.springframework.web.servlet.mvc.support.DefaultHandlerExceptionResolverTests" time="0.0"/>
  <testcase name="handleBindException()" classname="org.springframework.web.servlet.mvc.support.DefaultHandlerExceptionResolverTests" time="0.0"/>
  <testcase name="handleMissingPathVariable()" classname="org.springframework.web.servlet.mvc.support.DefaultHandlerExceptionResolverTests" time="0.001"/>
  <testcase name="handleTypeMismatch()" classname="org.springframework.web.servlet.mvc.support.DefaultHandlerExceptionResolverTests" time="0.0"/>
  <testcase name="handleHttpRequestMethodNotSupported()" classname="org.springframework.web.servlet.mvc.support.DefaultHandlerExceptionResolverTests" time="0.001"/>
  <testcase name="handleNoHandlerFoundException()" classname="org.springframework.web.servlet.mvc.support.DefaultHandlerExceptionResolverTests" time="0.001"/>
  <testcase name="handleMethodArgumentNotValid()" classname="org.springframework.web.servlet.mvc.support.DefaultHandlerExceptionResolverTests" time="0.001"/>
  <testcase name="handleAsyncRequestTimeoutException()" classname="org.springframework.web.servlet.mvc.support.DefaultHandlerExceptionResolverTests" time="0.0"/>
  <testcase name="handleConversionNotSupportedException()" classname="org.springframework.web.servlet.mvc.support.DefaultHandlerExceptionResolverTests" time="0.0"/>
  <testcase name="handleHttpMessageNotWritable()" classname="org.springframework.web.servlet.mvc.support.DefaultHandlerExceptionResolverTests" time="0.0"/>
  <testcase name="handleServletRequestBindingException()" classname="org.springframework.web.servlet.mvc.support.DefaultHandlerExceptionResolverTests" time="0.001"/>
  <testcase name="handleHttpMediaTypeNotSupported()" classname="org.springframework.web.servlet.mvc.support.DefaultHandlerExceptionResolverTests" time="0.001"/>
  <system-out><![CDATA[03:15:04.676 [Test worker] WARN  o.s.w.s.m.s.DefaultHandlerExceptionResolver - Resolved [org.springframework.web.multipart.support.MissingServletRequestPartException: Required request part 'name' is not present]
03:15:04.676 [Test worker] WARN  o.s.w.s.m.s.DefaultHandlerExceptionResolver - Resolved [org.springframework.http.converter.HttpMessageNotReadableException: foo]
03:15:04.676 [Test worker] WARN  o.s.w.s.m.s.DefaultHandlerExceptionResolver - Resolved [org.springframework.web.bind.MissingServletRequestParameterException: Required bar parameter 'foo' is not present]
03:15:04.677 [Test worker] WARN  o.s.w.s.m.s.DefaultHandlerExceptionResolver - Resolved [org.springframework.validation.BindException: org.springframework.validation.BeanPropertyBindingResult: 0 errors]
03:15:04.678 [Test worker] WARN  o.s.w.s.m.s.DefaultHandlerExceptionResolver - Resolved [org.springframework.web.bind.MissingPathVariableException: Missing URI template variable 'foo' for method parameter of type String]
03:15:04.678 [Test worker] WARN  o.s.w.s.m.s.DefaultHandlerExceptionResolver - Resolved [org.springframework.beans.TypeMismatchException: Failed to convert value of type 'java.lang.String' to required type 'java.lang.String']
03:15:04.679 [Test worker] WARN  o.s.w.s.m.s.DefaultHandlerExceptionResolver - Resolved [org.springframework.web.HttpRequestMethodNotSupportedException: Request method 'GET' not supported]
03:15:04.680 [Test worker] WARN  o.s.w.s.PageNotFound - No handler found for GET /resource
03:15:04.680 [Test worker] WARN  o.s.w.s.m.s.DefaultHandlerExceptionResolver - Resolved [org.springframework.web.servlet.NoHandlerFoundException: No handler found for GET /resource]
03:15:04.681 [Test worker] WARN  o.s.w.s.m.s.DefaultHandlerExceptionResolver - Resolved [org.springframework.web.bind.MethodArgumentNotValidException: Validation failed for argument [0] in public void org.springframework.web.servlet.mvc.support.DefaultHandlerExceptionResolverTests.handle(java.lang.String): [Field error in object 'testBean' on field 'name': rejected value [null]; codes [invalid.testBean.name,invalid.name,invalid.java.lang.String,invalid]; arguments []; default message [null]] ]
03:15:04.681 [Test worker] WARN  o.s.w.s.m.s.DefaultHandlerExceptionResolver - Resolved [org.springframework.web.context.request.async.AsyncRequestTimeoutException]
03:15:04.683 [Test worker] WARN  o.s.w.s.m.s.DefaultHandlerExceptionResolver - Resolved [org.springframework.beans.ConversionNotSupportedException: Failed to convert value of type 'java.lang.Object' to required type 'java.lang.String'; nested exception is java.lang.Exception]
03:15:04.684 [Test worker] WARN  o.s.w.s.m.s.DefaultHandlerExceptionResolver - Resolved [org.springframework.http.converter.HttpMessageNotWritableException: foo]
03:15:04.684 [Test worker] WARN  o.s.w.s.m.s.DefaultHandlerExceptionResolver - Resolved [org.springframework.web.bind.ServletRequestBindingException: Missing required value - header, cookie, or pathvar]
03:15:04.685 [Test worker] WARN  o.s.w.s.m.s.DefaultHandlerExceptionResolver - Resolved [org.springframework.web.HttpMediaTypeNotSupportedException: Content type 'text/plain' not supported]
]]></system-out>
  <system-err><![CDATA[]]></system-err>
</testsuite>
