<?xml version="1.0" encoding="UTF-8"?>
<testsuite name="org.springframework.web.servlet.tags.ParamTagTests" tests="6" skipped="0" failures="0" errors="0" timestamp="2023-03-20T08:15:20" hostname="DESKTOP-VGJP1PJ" time="0.042">
  <properties/>
  <testcase name="paramWithNameAndValue()" classname="org.springframework.web.servlet.tags.ParamTagTests" time="0.008"/>
  <testcase name="paramWithNoParent()" classname="org.springframework.web.servlet.tags.ParamTagTests" time="0.009"/>
  <testcase name="paramWithValueThenReleaseThenBodyValue()" classname="org.springframework.web.servlet.tags.ParamTagTests" time="0.009"/>
  <testcase name="paramWithImplicitNullValue()" classname="org.springframework.web.servlet.tags.ParamTagTests" time="0.004"/>
  <testcase name="paramWithBodyValue()" classname="org.springframework.web.servlet.tags.ParamTagTests" time="0.005"/>
  <testcase name="paramWithExplicitNullValue()" classname="org.springframework.web.servlet.tags.ParamTagTests" time="0.004"/>
  <system-out><![CDATA[]]></system-out>
  <system-err><![CDATA[]]></system-err>
</testsuite>
