<?xml version="1.0" encoding="UTF-8"?>
<testsuite name="org.springframework.web.servlet.i18n.AcceptHeaderLocaleResolverTests" tests="8" skipped="0" failures="0" errors="0" timestamp="2023-03-20T08:14:30" hostname="DESKTOP-VGJP1PJ" time="0.028">
  <properties/>
  <testcase name="resolvePreferredAgainstCountryIfPossible()" classname="org.springframework.web.servlet.i18n.AcceptHeaderLocaleResolverTests" time="0.001"/>
  <testcase name="resolvePreferredSupported()" classname="org.springframework.web.servlet.i18n.AcceptHeaderLocaleResolverTests" time="0.0"/>
  <testcase name="resolvePreferredNotSupported()" classname="org.springframework.web.servlet.i18n.AcceptHeaderLocaleResolverTests" time="0.001"/>
  <testcase name="resolvePreferredAgainstLanguageOnly()" classname="org.springframework.web.servlet.i18n.AcceptHeaderLocaleResolverTests" time="0.001"/>
  <testcase name="resolvePreferredNotSupportedWithDefault()" classname="org.springframework.web.servlet.i18n.AcceptHeaderLocaleResolverTests" time="0.019"/>
  <testcase name="defaultLocale()" classname="org.springframework.web.servlet.i18n.AcceptHeaderLocaleResolverTests" time="0.001"/>
  <testcase name="resolve()" classname="org.springframework.web.servlet.i18n.AcceptHeaderLocaleResolverTests" time="0.0"/>
  <testcase name="resolvePreferredAgainstLanguageWithMultipleSupportedLocales()" classname="org.springframework.web.servlet.i18n.AcceptHeaderLocaleResolverTests" time="0.001"/>
  <system-out><![CDATA[]]></system-out>
  <system-err><![CDATA[]]></system-err>
</testsuite>
