<?xml version="1.0" encoding="UTF-8"?>
<testsuite name="org.springframework.web.servlet.config.annotation.InterceptorRegistryTests" tests="10" skipped="0" failures="0" errors="0" timestamp="2023-03-20T08:13:43" hostname="DESKTOP-VGJP1PJ" time="0.067">
  <properties/>
  <testcase name="addInterceptor()" classname="org.springframework.web.servlet.config.annotation.InterceptorRegistryTests" time="0.001"/>
  <testcase name="addInterceptorWithExcludePathPatternOnly()" classname="org.springframework.web.servlet.config.annotation.InterceptorRegistryTests" time="0.029"/>
  <testcase name="addWebRequestInterceptors()" classname="org.springframework.web.servlet.config.annotation.InterceptorRegistryTests" time="0.007"/>
  <testcase name="addTwoInterceptors()" classname="org.springframework.web.servlet.config.annotation.InterceptorRegistryTests" time="0.001"/>
  <testcase name="addInterceptorsWithCustomPathMatcher()" classname="org.springframework.web.servlet.config.annotation.InterceptorRegistryTests" time="0.002"/>
  <testcase name="addWebRequestInterceptorsWithUrlPatterns()" classname="org.springframework.web.servlet.config.annotation.InterceptorRegistryTests" time="0.004"/>
  <testcase name="orderedInterceptors()" classname="org.springframework.web.servlet.config.annotation.InterceptorRegistryTests" time="0.001"/>
  <testcase name="nonOrderedInterceptors()" classname="org.springframework.web.servlet.config.annotation.InterceptorRegistryTests" time="0.003"/>
  <testcase name="addWebRequestInterceptor()" classname="org.springframework.web.servlet.config.annotation.InterceptorRegistryTests" time="0.0"/>
  <testcase name="addInterceptorsWithUrlPatterns()" classname="org.springframework.web.servlet.config.annotation.InterceptorRegistryTests" time="0.012"/>
  <system-out><![CDATA[]]></system-out>
  <system-err><![CDATA[]]></system-err>
</testsuite>
