<?xml version="1.0" encoding="UTF-8"?>
<testsuite name="org.springframework.web.servlet.mvc.method.annotation.RequestAttributeMethodArgumentResolverTests" tests="5" skipped="0" failures="0" errors="0" timestamp="2023-03-20T08:14:37" hostname="DESKTOP-VGJP1PJ" time="0.047">
  <properties/>
  <testcase name="resolveOptional()" classname="org.springframework.web.servlet.mvc.method.annotation.RequestAttributeMethodArgumentResolverTests" time="0.012"/>
  <testcase name="resolve()" classname="org.springframework.web.servlet.mvc.method.annotation.RequestAttributeMethodArgumentResolverTests" time="0.011"/>
  <testcase name="resolveNotRequired()" classname="org.springframework.web.servlet.mvc.method.annotation.RequestAttributeMethodArgumentResolverTests" time="0.001"/>
  <testcase name="resolveWithName()" classname="org.springframework.web.servlet.mvc.method.annotation.RequestAttributeMethodArgumentResolverTests" time="0.002"/>
  <testcase name="supportsParameter()" classname="org.springframework.web.servlet.mvc.method.annotation.RequestAttributeMethodArgumentResolverTests" time="0.001"/>
  <system-out><![CDATA[]]></system-out>
  <system-err><![CDATA[]]></system-err>
</testsuite>
