<?xml version="1.0" encoding="UTF-8"?>
<testsuite name="org.springframework.web.servlet.view.ContentNegotiatingViewResolverTests" tests="17" skipped="0" failures="0" errors="0" timestamp="2023-03-20T08:15:21" hostname="DESKTOP-VGJP1PJ" time="0.117">
  <properties/>
  <testcase name="resolveViewNameWithRequestParameter()" classname="org.springframework.web.servlet.view.ContentNegotiatingViewResolverTests" time="0.041"/>
  <testcase name="resolveViewNameRedirectView()" classname="org.springframework.web.servlet.view.ContentNegotiatingViewResolverTests" time="0.003"/>
  <testcase name="resolveViewNameAcceptHeaderWithSuffix()" classname="org.springframework.web.servlet.view.ContentNegotiatingViewResolverTests" time="0.002"/>
  <testcase name="resolveViewNameAcceptHeaderDefaultView()" classname="org.springframework.web.servlet.view.ContentNegotiatingViewResolverTests" time="0.003"/>
  <testcase name="resolveViewNoMatch()" classname="org.springframework.web.servlet.view.ContentNegotiatingViewResolverTests" time="0.002"/>
  <testcase name="resolveViewNameAcceptHeader()" classname="org.springframework.web.servlet.view.ContentNegotiatingViewResolverTests" time="0.002"/>
  <testcase name="resolveViewContentTypeNull()" classname="org.springframework.web.servlet.view.ContentNegotiatingViewResolverTests" time="0.001"/>
  <testcase name="resolveViewNameWithInvalidAcceptHeader()" classname="org.springframework.web.servlet.view.ContentNegotiatingViewResolverTests" time="0.001"/>
  <testcase name="resolveViewNoMatchUseUnacceptableStatus()" classname="org.springframework.web.servlet.view.ContentNegotiatingViewResolverTests" time="0.002"/>
  <testcase name="resolveViewNameWithAcceptHeader()" classname="org.springframework.web.servlet.view.ContentNegotiatingViewResolverTests" time="0.001"/>
  <testcase name="resolveViewNameFilenameDefaultView()" classname="org.springframework.web.servlet.view.ContentNegotiatingViewResolverTests" time="0.002"/>
  <testcase name="resolveViewNameWithPathExtension()" classname="org.springframework.web.servlet.view.ContentNegotiatingViewResolverTests" time="0.001"/>
  <testcase name="nestedViewResolverIsNotSpringBean()" classname="org.springframework.web.servlet.view.ContentNegotiatingViewResolverTests" time="0.001"/>
  <testcase name="resolveViewNameFilename()" classname="org.springframework.web.servlet.view.ContentNegotiatingViewResolverTests" time="0.002"/>
  <testcase name="getMediaTypeAcceptHeaderWithProduces()" classname="org.springframework.web.servlet.view.ContentNegotiatingViewResolverTests" time="0.002"/>
  <testcase name="resolveViewNameAcceptHeaderSortByQuality()" classname="org.springframework.web.servlet.view.ContentNegotiatingViewResolverTests" time="0.003"/>
  <testcase name="resolveViewNameWithDefaultContentType()" classname="org.springframework.web.servlet.view.ContentNegotiatingViewResolverTests" time="0.002"/>
  <system-out><![CDATA[03:15:21.237 [Test worker] WARN  o.s.w.s.v.ContentNegotiatingViewResolver - No ViewResolvers configured
]]></system-out>
  <system-err><![CDATA[]]></system-err>
</testsuite>
