<?xml version="1.0" encoding="UTF-8"?>
<testsuite name="org.springframework.web.servlet.mvc.WebContentInterceptorTests" tests="15" skipped="0" failures="0" errors="0" timestamp="2023-03-20T08:15:04" hostname="DESKTOP-VGJP1PJ" time="0.057">
  <properties/>
  <testcase name="preventCacheConfiguration(Function)[1]" classname="org.springframework.web.servlet.mvc.WebContentInterceptorTests" time="0.001"/>
  <testcase name="preventCacheConfiguration(Function)[2]" classname="org.springframework.web.servlet.mvc.WebContentInterceptorTests" time="0.0"/>
  <testcase name="cachingConfigAndPragmaHeader(Function)[1]" classname="org.springframework.web.servlet.mvc.WebContentInterceptorTests" time="0.001"/>
  <testcase name="cachingConfigAndPragmaHeader(Function)[2]" classname="org.springframework.web.servlet.mvc.WebContentInterceptorTests" time="0.001"/>
  <testcase name="emptyCacheConfiguration(Function)[1]" classname="org.springframework.web.servlet.mvc.WebContentInterceptorTests" time="0.001"/>
  <testcase name="emptyCacheConfiguration(Function)[2]" classname="org.springframework.web.servlet.mvc.WebContentInterceptorTests" time="0.001"/>
  <testcase name="mappedCacheConfigurationOverridesGlobal(Function)[1]" classname="org.springframework.web.servlet.mvc.WebContentInterceptorTests" time="0.001"/>
  <testcase name="mappedCacheConfigurationOverridesGlobal(Function)[2]" classname="org.springframework.web.servlet.mvc.WebContentInterceptorTests" time="0.002"/>
  <testcase name="http10CachingConfigAndSpecificMapping(Function)[1]" classname="org.springframework.web.servlet.mvc.WebContentInterceptorTests" time="0.007"/>
  <testcase name="http10CachingConfigAndSpecificMapping(Function)[2]" classname="org.springframework.web.servlet.mvc.WebContentInterceptorTests" time="0.001"/>
  <testcase name="http10CachingConfigAndPragmaHeader(Function)[1]" classname="org.springframework.web.servlet.mvc.WebContentInterceptorTests" time="0.001"/>
  <testcase name="http10CachingConfigAndPragmaHeader(Function)[2]" classname="org.springframework.web.servlet.mvc.WebContentInterceptorTests" time="0.0"/>
  <testcase name="throwsExceptionWithNullPathMatcher()" classname="org.springframework.web.servlet.mvc.WebContentInterceptorTests" time="0.001"/>
  <testcase name="cacheResourcesConfiguration(Function)[1]" classname="org.springframework.web.servlet.mvc.WebContentInterceptorTests" time="0.0"/>
  <testcase name="cacheResourcesConfiguration(Function)[2]" classname="org.springframework.web.servlet.mvc.WebContentInterceptorTests" time="0.0"/>
  <system-out><![CDATA[]]></system-out>
  <system-err><![CDATA[]]></system-err>
</testsuite>
