<?xml version="1.0" encoding="UTF-8"?>
<testsuite name="org.springframework.web.servlet.handler.SimpleUrlHandlerMappingTests" tests="5" skipped="0" failures="0" errors="0" timestamp="2023-03-20T08:14:30" hostname="DESKTOP-VGJP1PJ" time="0.361">
  <properties/>
  <testcase name="checkMappings(String)[1]" classname="org.springframework.web.servlet.handler.SimpleUrlHandlerMappingTests" time="0.028"/>
  <testcase name="checkMappings(String)[2]" classname="org.springframework.web.servlet.handler.SimpleUrlHandlerMappingTests" time="0.083"/>
  <testcase name="checkMappings(String)[3]" classname="org.springframework.web.servlet.handler.SimpleUrlHandlerMappingTests" time="0.019"/>
  <testcase name="testNewlineInRequest()" classname="org.springframework.web.servlet.handler.SimpleUrlHandlerMappingTests" time="0.001"/>
  <testcase name="handlerBeanNotFound()" classname="org.springframework.web.servlet.handler.SimpleUrlHandlerMappingTests" time="0.226"/>
  <system-out><![CDATA[]]></system-out>
  <system-err><![CDATA[]]></system-err>
</testsuite>
