<?xml version="1.0" encoding="UTF-8"?>
<testsuite name="org.springframework.web.servlet.tags.ArgumentTagTests" tests="5" skipped="0" failures="0" errors="0" timestamp="2023-03-20T08:15:13" hostname="DESKTOP-VGJP1PJ" time="0.068">
  <properties/>
  <testcase name="argumentWithImplicitNullValue()" classname="org.springframework.web.servlet.tags.ArgumentTagTests" time="0.031"/>
  <testcase name="argumentWithExplicitNullValue()" classname="org.springframework.web.servlet.tags.ArgumentTagTests" time="0.008"/>
  <testcase name="argumentWithStringValue()" classname="org.springframework.web.servlet.tags.ArgumentTagTests" time="0.005"/>
  <testcase name="argumentWithValueThenReleaseThenBodyValue()" classname="org.springframework.web.servlet.tags.ArgumentTagTests" time="0.012"/>
  <testcase name="argumentWithBodyValue()" classname="org.springframework.web.servlet.tags.ArgumentTagTests" time="0.009"/>
  <system-out><![CDATA[]]></system-out>
  <system-err><![CDATA[]]></system-err>
</testsuite>
