<?xml version="1.0" encoding="UTF-8"?>
<testsuite name="org.springframework.web.servlet.function.DefaultServerRequestTests" tests="40" skipped="0" failures="0" errors="0" timestamp="2023-03-20T08:14:27" hostname="DESKTOP-VGJP1PJ" time="0.335">
  <properties/>
  <testcase name="checkNotModifiedTimestamp(String)[1]" classname="org.springframework.web.servlet.function.DefaultServerRequestTests" time="0.064"/>
  <testcase name="checkNotModifiedTimestamp(String)[2]" classname="org.springframework.web.servlet.function.DefaultServerRequestTests" time="0.001"/>
  <testcase name="bodyUnacceptable()" classname="org.springframework.web.servlet.function.DefaultServerRequestTests" time="0.002"/>
  <testcase name="principal()" classname="org.springframework.web.servlet.function.DefaultServerRequestTests" time="0.018"/>
  <testcase name="absentQueryParam()" classname="org.springframework.web.servlet.function.DefaultServerRequestTests" time="0.0"/>
  <testcase name="checkNotModifiedWildcardIsIgnored(String)[1]" classname="org.springframework.web.servlet.function.DefaultServerRequestTests" time="0.001"/>
  <testcase name="checkNotModifiedWildcardIsIgnored(String)[2]" classname="org.springframework.web.servlet.function.DefaultServerRequestTests" time="0.0"/>
  <testcase name="multipartData()" classname="org.springframework.web.servlet.function.DefaultServerRequestTests" time="0.008"/>
  <testcase name="header()" classname="org.springframework.web.servlet.function.DefaultServerRequestTests" time="0.012"/>
  <testcase name="uriBuilder()" classname="org.springframework.web.servlet.function.DefaultServerRequestTests" time="0.034"/>
  <testcase name="method()" classname="org.springframework.web.servlet.function.DefaultServerRequestTests" time="0.001"/>
  <testcase name="params()" classname="org.springframework.web.servlet.function.DefaultServerRequestTests" time="0.005"/>
  <testcase name="checkNotModifiedETagAndModifiedTimestamp(String)[1]" classname="org.springframework.web.servlet.function.DefaultServerRequestTests" time="0.003"/>
  <testcase name="checkNotModifiedETagAndModifiedTimestamp(String)[2]" classname="org.springframework.web.servlet.function.DefaultServerRequestTests" time="0.002"/>
  <testcase name="checkModifiedTimestamp(String)[1]" classname="org.springframework.web.servlet.function.DefaultServerRequestTests" time="0.001"/>
  <testcase name="checkModifiedTimestamp(String)[2]" classname="org.springframework.web.servlet.function.DefaultServerRequestTests" time="0.001"/>
  <testcase name="checkModifiedETagAndNotModifiedTimestamp(String)[1]" classname="org.springframework.web.servlet.function.DefaultServerRequestTests" time="0.001"/>
  <testcase name="checkModifiedETagAndNotModifiedTimestamp(String)[2]" classname="org.springframework.web.servlet.function.DefaultServerRequestTests" time="0.001"/>
  <testcase name="uri()" classname="org.springframework.web.servlet.function.DefaultServerRequestTests" time="0.002"/>
  <testcase name="attribute()" classname="org.springframework.web.servlet.function.DefaultServerRequestTests" time="0.0"/>
  <testcase name="checkNotModifiedETagWithSeparatorChars(String)[1]" classname="org.springframework.web.servlet.function.DefaultServerRequestTests" time="0.001"/>
  <testcase name="checkNotModifiedETagWithSeparatorChars(String)[2]" classname="org.springframework.web.servlet.function.DefaultServerRequestTests" time="0.0"/>
  <testcase name="bodyParameterizedTypeReference()" classname="org.springframework.web.servlet.function.DefaultServerRequestTests" time="0.061"/>
  <testcase name="pathVariableNotFound()" classname="org.springframework.web.servlet.function.DefaultServerRequestTests" time="0.003"/>
  <testcase name="checkModifiedETag(String)[1]" classname="org.springframework.web.servlet.function.DefaultServerRequestTests" time="0.001"/>
  <testcase name="checkModifiedETag(String)[2]" classname="org.springframework.web.servlet.function.DefaultServerRequestTests" time="0.001"/>
  <testcase name="cookies()" classname="org.springframework.web.servlet.function.DefaultServerRequestTests" time="0.002"/>
  <testcase name="emptyQueryParam()" classname="org.springframework.web.servlet.function.DefaultServerRequestTests" time="0.001"/>
  <testcase name="checkNotModifiedETagAndTimestamp(String)[1]" classname="org.springframework.web.servlet.function.DefaultServerRequestTests" time="0.014"/>
  <testcase name="checkNotModifiedETagAndTimestamp(String)[2]" classname="org.springframework.web.servlet.function.DefaultServerRequestTests" time="0.002"/>
  <testcase name="bodyClass()" classname="org.springframework.web.servlet.function.DefaultServerRequestTests" time="0.001"/>
  <testcase name="checkModifiedUnpaddedETag(String)[1]" classname="org.springframework.web.servlet.function.DefaultServerRequestTests" time="0.004"/>
  <testcase name="checkModifiedUnpaddedETag(String)[2]" classname="org.springframework.web.servlet.function.DefaultServerRequestTests" time="0.001"/>
  <testcase name="pathVariables()" classname="org.springframework.web.servlet.function.DefaultServerRequestTests" time="0.0"/>
  <testcase name="pathVariable()" classname="org.springframework.web.servlet.function.DefaultServerRequestTests" time="0.0"/>
  <testcase name="checkNotModifiedETag(String)[1]" classname="org.springframework.web.servlet.function.DefaultServerRequestTests" time="0.001"/>
  <testcase name="checkNotModifiedETag(String)[2]" classname="org.springframework.web.servlet.function.DefaultServerRequestTests" time="0.001"/>
  <testcase name="session()" classname="org.springframework.web.servlet.function.DefaultServerRequestTests" time="0.0"/>
  <testcase name="checkNotModifiedUnpaddedETag(String)[1]" classname="org.springframework.web.servlet.function.DefaultServerRequestTests" time="0.002"/>
  <testcase name="checkNotModifiedUnpaddedETag(String)[2]" classname="org.springframework.web.servlet.function.DefaultServerRequestTests" time="0.001"/>
  <system-out><![CDATA[]]></system-out>
  <system-err><![CDATA[]]></system-err>
</testsuite>
