<?xml version="1.0" encoding="UTF-8"?>
<testsuite name="org.springframework.web.servlet.i18n.LocaleResolverTests" tests="4" skipped="0" failures="0" errors="0" timestamp="2023-03-20T08:14:30" hostname="DESKTOP-VGJP1PJ" time="0.01">
  <properties/>
  <testcase name="testSessionLocaleResolver()" classname="org.springframework.web.servlet.i18n.LocaleResolverTests" time="0.001"/>
  <testcase name="testCookieLocaleResolver()" classname="org.springframework.web.servlet.i18n.LocaleResolverTests" time="0.004"/>
  <testcase name="testAcceptHeaderLocaleResolver()" classname="org.springframework.web.servlet.i18n.LocaleResolverTests" time="0.001"/>
  <testcase name="testFixedLocaleResolver()" classname="org.springframework.web.servlet.i18n.LocaleResolverTests" time="0.003"/>
  <system-out><![CDATA[]]></system-out>
  <system-err><![CDATA[]]></system-err>
</testsuite>
