<?xml version="1.0" encoding="UTF-8"?>
<testsuite name="org.springframework.web.servlet.view.ResourceBundleViewResolverTests" tests="8" skipped="0" failures="0" errors="0" timestamp="2023-03-20T08:15:45" hostname="DESKTOP-VGJP1PJ" time="0.041">
  <properties/>
  <testcase name="parentsAreAbstract()" classname="org.springframework.web.servlet.view.ResourceBundleViewResolverTests" time="0.002"/>
  <testcase name="debugViewFrench()" classname="org.springframework.web.servlet.view.ResourceBundleViewResolverTests" time="0.016"/>
  <testcase name="onSetContextCalledOnce()" classname="org.springframework.web.servlet.view.ResourceBundleViewResolverTests" time="0.003"/>
  <testcase name="debugViewEnglish()" classname="org.springframework.web.servlet.view.ResourceBundleViewResolverTests" time="0.002"/>
  <testcase name="sameBundleOnlyCachedOnce()" classname="org.springframework.web.servlet.view.ResourceBundleViewResolverTests" time="0.006"/>
  <testcase name="noSuchViewEnglish()" classname="org.springframework.web.servlet.view.ResourceBundleViewResolverTests" time="0.002"/>
  <testcase name="noSuchBasename()" classname="org.springframework.web.servlet.view.ResourceBundleViewResolverTests" time="0.002"/>
  <testcase name="eagerInitialization()" classname="org.springframework.web.servlet.view.ResourceBundleViewResolverTests" time="0.005"/>
  <system-out><![CDATA[]]></system-out>
  <system-err><![CDATA[]]></system-err>
</testsuite>
