<?xml version="1.0" encoding="UTF-8"?>
<testsuite name="org.springframework.aop.framework.autoproxy.AspectJAutoProxyAdviceOrderIntegrationTests$AfterAdviceLastTests" tests="1" skipped="0" failures="0" errors="0" timestamp="2023-03-20T08:08:56" hostname="DESKTOP-VGJP1PJ" time="0.009">
  <properties/>
  <testcase name="afterAdviceIsInvokedLast(Echo, AfterAdviceLastAspect)" classname="org.springframework.aop.framework.autoproxy.AspectJAutoProxyAdviceOrderIntegrationTests$AfterAdviceLastTests" time="0.009"/>
  <system-out><![CDATA[03:08:56.197 [Test worker] DEBUG o.s.t.c.BootstrapUtils - Instantiating CacheAwareContextLoaderDelegate from class [org.springframework.test.context.cache.DefaultCacheAwareContextLoaderDelegate]
03:08:56.197 [Test worker] DEBUG o.s.t.c.BootstrapUtils - Instantiating BootstrapContext using constructor [public org.springframework.test.context.support.DefaultBootstrapContext(java.lang.Class,org.springframework.test.context.CacheAwareContextLoaderDelegate)]
03:08:56.199 [Test worker] DEBUG o.s.t.c.BootstrapUtils - Instantiating TestContextBootstrapper for test class [org.springframework.aop.framework.autoproxy.AspectJAutoProxyAdviceOrderIntegrationTests$AfterAdviceLastTests] from class [org.springframework.test.context.support.DefaultTestContextBootstrapper]
03:08:56.202 [Test worker] DEBUG o.s.t.c.s.AbstractDelegatingSmartContextLoader - Delegating to AnnotationConfigContextLoader to process context configuration [ContextConfigurationAttributes@37120031 declaringClass = 'org.springframework.aop.framework.autoproxy.AspectJAutoProxyAdviceOrderIntegrationTests$AfterAdviceLastTests', classes = '{class org.springframework.aop.framework.autoproxy.AspectJAutoProxyAdviceOrderIntegrationTests$AfterAdviceLastConfig}', locations = '{}', inheritLocations = true, initializers = '{}', inheritInitializers = true, name = [null], contextLoaderClass = 'org.springframework.test.context.ContextLoader'].
03:08:56.202 [Test worker] DEBUG o.s.t.c.s.ActiveProfilesUtils - Could not find an 'annotation declaring class' for annotation type [org.springframework.test.context.ActiveProfiles] and class [org.springframework.aop.framework.autoproxy.AspectJAutoProxyAdviceOrderIntegrationTests$AfterAdviceLastTests]
03:08:56.203 [Test worker] DEBUG o.s.t.c.s.DefaultTestContextBootstrapper - @TestExecutionListeners is not present for class [org.springframework.aop.framework.autoproxy.AspectJAutoProxyAdviceOrderIntegrationTests$AfterAdviceLastTests]: using defaults.
03:08:56.203 [Test worker] INFO  o.s.t.c.s.DefaultTestContextBootstrapper - Loaded default TestExecutionListener class names from location [META-INF/spring.factories]: [org.springframework.test.context.web.ServletTestExecutionListener, org.springframework.test.context.support.DirtiesContextBeforeModesTestExecutionListener, org.springframework.test.context.support.DependencyInjectionTestExecutionListener, org.springframework.test.context.support.DirtiesContextTestExecutionListener, org.springframework.test.context.transaction.TransactionalTestExecutionListener, org.springframework.test.context.jdbc.SqlScriptsTestExecutionListener, org.springframework.test.context.event.EventPublishingTestExecutionListener]
03:08:56.203 [Test worker] INFO  o.s.t.c.s.DefaultTestContextBootstrapper - Using TestExecutionListeners: [org.springframework.test.context.web.ServletTestExecutionListener@554f14ff, org.springframework.test.context.support.DirtiesContextBeforeModesTestExecutionListener@ff07438, org.springframework.test.context.support.DependencyInjectionTestExecutionListener@5cff2947, org.springframework.test.context.support.DirtiesContextTestExecutionListener@7bcbb961, org.springframework.test.context.transaction.TransactionalTestExecutionListener@568eb20b, org.springframework.test.context.jdbc.SqlScriptsTestExecutionListener@5a534d56, org.springframework.test.context.event.EventPublishingTestExecutionListener@7f43e24a]
03:08:56.203 [Test worker] DEBUG o.s.t.c.s.AbstractDirtiesContextTestExecutionListener - Before test class: context [DefaultTestContext@59654c72 testClass = AspectJAutoProxyAdviceOrderIntegrationTests.AfterAdviceLastTests, testInstance = [null], testMethod = [null], testException = [null], mergedContextConfiguration = [MergedContextConfiguration@7ad8a3bf testClass = AspectJAutoProxyAdviceOrderIntegrationTests.AfterAdviceLastTests, locations = '{}', classes = '{class org.springframework.aop.framework.autoproxy.AspectJAutoProxyAdviceOrderIntegrationTests$AfterAdviceLastConfig}', contextInitializerClasses = '[]', activeProfiles = '{}', propertySourceLocations = '{}', propertySourceProperties = '{}', contextCustomizers = set[[empty]], contextLoader = 'org.springframework.test.context.support.DelegatingSmartContextLoader', parent = [null]], attributes = map[[empty]]], class annotated with @DirtiesContext [true] with mode [AFTER_CLASS].
03:08:56.206 [Test worker] DEBUG o.s.t.c.s.DependencyInjectionTestExecutionListener - Performing dependency injection for test context [[DefaultTestContext@59654c72 testClass = AspectJAutoProxyAdviceOrderIntegrationTests.AfterAdviceLastTests, testInstance = org.springframework.aop.framework.autoproxy.AspectJAutoProxyAdviceOrderIntegrationTests$AfterAdviceLastTests@3a21684f, testMethod = [null], testException = [null], mergedContextConfiguration = [MergedContextConfiguration@7ad8a3bf testClass = AspectJAutoProxyAdviceOrderIntegrationTests.AfterAdviceLastTests, locations = '{}', classes = '{class org.springframework.aop.framework.autoproxy.AspectJAutoProxyAdviceOrderIntegrationTests$AfterAdviceLastConfig}', contextInitializerClasses = '[]', activeProfiles = '{}', propertySourceLocations = '{}', propertySourceProperties = '{}', contextCustomizers = set[[empty]], contextLoader = 'org.springframework.test.context.support.DelegatingSmartContextLoader', parent = [null]], attributes = map[[empty]]]].
03:08:56.206 [Test worker] DEBUG o.s.t.c.s.AbstractDelegatingSmartContextLoader - Delegating to AnnotationConfigContextLoader to load context from [MergedContextConfiguration@7ad8a3bf testClass = AspectJAutoProxyAdviceOrderIntegrationTests.AfterAdviceLastTests, locations = '{}', classes = '{class org.springframework.aop.framework.autoproxy.AspectJAutoProxyAdviceOrderIntegrationTests$AfterAdviceLastConfig}', contextInitializerClasses = '[]', activeProfiles = '{}', propertySourceLocations = '{}', propertySourceProperties = '{}', contextCustomizers = set[[empty]], contextLoader = 'org.springframework.test.context.support.DelegatingSmartContextLoader', parent = [null]].
03:08:56.206 [Test worker] DEBUG o.s.t.c.s.AbstractGenericContextLoader - Loading ApplicationContext for merged context configuration [[MergedContextConfiguration@7ad8a3bf testClass = AspectJAutoProxyAdviceOrderIntegrationTests.AfterAdviceLastTests, locations = '{}', classes = '{class org.springframework.aop.framework.autoproxy.AspectJAutoProxyAdviceOrderIntegrationTests$AfterAdviceLastConfig}', contextInitializerClasses = '[]', activeProfiles = '{}', propertySourceLocations = '{}', propertySourceProperties = '{}', contextCustomizers = set[[empty]], contextLoader = 'org.springframework.test.context.support.DelegatingSmartContextLoader', parent = [null]]].
03:08:56.207 [Test worker] DEBUG o.s.c.e.StandardEnvironment - Activating profiles []
03:08:56.207 [Test worker] DEBUG o.s.t.c.s.AnnotationConfigContextLoader - Registering component classes: {class org.springframework.aop.framework.autoproxy.AspectJAutoProxyAdviceOrderIntegrationTests$AfterAdviceLastConfig}
03:08:56.248 [Test worker] DEBUG o.s.c.s.GenericApplicationContext - Refreshing org.springframework.context.support.GenericApplicationContext@5a909cf3
03:08:56.249 [Test worker] DEBUG o.s.b.f.s.DefaultListableBeanFactory - Creating shared instance of singleton bean 'org.springframework.context.annotation.internalConfigurationAnnotationProcessor'
03:08:56.553 [Test worker] DEBUG o.s.b.f.s.DefaultListableBeanFactory - Creating shared instance of singleton bean 'org.springframework.context.event.internalEventListenerProcessor'
03:08:56.554 [Test worker] DEBUG o.s.b.f.s.DefaultListableBeanFactory - Creating shared instance of singleton bean 'org.springframework.context.event.internalEventListenerFactory'
03:08:56.555 [Test worker] DEBUG o.s.b.f.s.DefaultListableBeanFactory - Creating shared instance of singleton bean 'org.springframework.context.annotation.internalAutowiredAnnotationProcessor'
03:08:56.555 [Test worker] DEBUG o.s.b.f.s.DefaultListableBeanFactory - Creating shared instance of singleton bean 'org.springframework.context.annotation.internalCommonAnnotationProcessor'
03:08:56.556 [Test worker] DEBUG o.s.b.f.s.DefaultListableBeanFactory - Creating shared instance of singleton bean 'org.springframework.context.annotation.internalPersistenceAnnotationProcessor'
03:08:56.556 [Test worker] DEBUG o.s.b.f.s.DefaultListableBeanFactory - Creating shared instance of singleton bean 'org.springframework.aop.config.internalAutoProxyCreator'
03:08:56.598 [Test worker] DEBUG o.s.b.f.s.DefaultListableBeanFactory - Creating shared instance of singleton bean 'aspectJAutoProxyAdviceOrderIntegrationTests.AfterAdviceLastConfig'
03:08:56.619 [Test worker] DEBUG o.s.a.a.a.ReflectiveAspectJAdvisorFactory - Found AspectJ method: java.lang.Object org.springframework.aop.framework.autoproxy.AspectJAutoProxyAdviceOrderIntegrationTests$AfterAdviceLastAspect.around(org.aspectj.lang.ProceedingJoinPoint) throws java.lang.Throwable
03:08:56.620 [Test worker] DEBUG o.s.a.a.a.ReflectiveAspectJAdvisorFactory - Found AspectJ method: void org.springframework.aop.framework.autoproxy.AspectJAutoProxyAdviceOrderIntegrationTests$AfterAdviceLastAspect.before()
03:08:56.621 [Test worker] DEBUG o.s.a.a.a.ReflectiveAspectJAdvisorFactory - Found AspectJ method: void org.springframework.aop.framework.autoproxy.AspectJAutoProxyAdviceOrderIntegrationTests$AfterAdviceLastAspect.after()
03:08:56.622 [Test worker] DEBUG o.s.a.a.a.ReflectiveAspectJAdvisorFactory - Found AspectJ method: void org.springframework.aop.framework.autoproxy.AspectJAutoProxyAdviceOrderIntegrationTests$AfterAdviceLastAspect.afterReturning()
03:08:56.623 [Test worker] DEBUG o.s.a.a.a.ReflectiveAspectJAdvisorFactory - Found AspectJ method: void org.springframework.aop.framework.autoproxy.AspectJAutoProxyAdviceOrderIntegrationTests$AfterAdviceLastAspect.afterThrowing()
03:08:56.649 [Test worker] DEBUG o.s.b.f.s.DefaultListableBeanFactory - Creating shared instance of singleton bean 'echoAspect'
03:08:56.655 [Test worker] DEBUG o.s.b.f.s.DefaultListableBeanFactory - Creating shared instance of singleton bean 'echo'
03:08:56.667 [Test worker] DEBUG o.s.t.c.c.DefaultCacheAwareContextLoaderDelegate - Storing ApplicationContext [1519426803] in cache under key [[MergedContextConfiguration@7ad8a3bf testClass = AspectJAutoProxyAdviceOrderIntegrationTests.AfterAdviceLastTests, locations = '{}', classes = '{class org.springframework.aop.framework.autoproxy.AspectJAutoProxyAdviceOrderIntegrationTests$AfterAdviceLastConfig}', contextInitializerClasses = '[]', activeProfiles = '{}', propertySourceLocations = '{}', propertySourceProperties = '{}', contextCustomizers = set[[empty]], contextLoader = 'org.springframework.test.context.support.DelegatingSmartContextLoader', parent = [null]]]
03:08:56.667 [Test worker] DEBUG o.s.t.c.cache - Spring test ApplicationContext cache statistics: [DefaultContextCache@2434961f size = 2, maxSize = 32, parentContextCount = 0, hitCount = 37, missCount = 4]
03:08:56.674 [Test worker] DEBUG o.s.t.c.c.DefaultCacheAwareContextLoaderDelegate - Retrieved ApplicationContext [1519426803] from cache with key [[MergedContextConfiguration@7ad8a3bf testClass = AspectJAutoProxyAdviceOrderIntegrationTests.AfterAdviceLastTests, locations = '{}', classes = '{class org.springframework.aop.framework.autoproxy.AspectJAutoProxyAdviceOrderIntegrationTests$AfterAdviceLastConfig}', contextInitializerClasses = '[]', activeProfiles = '{}', propertySourceLocations = '{}', propertySourceProperties = '{}', contextCustomizers = set[[empty]], contextLoader = 'org.springframework.test.context.support.DelegatingSmartContextLoader', parent = [null]]]
03:08:56.675 [Test worker] DEBUG o.s.t.c.cache - Spring test ApplicationContext cache statistics: [DefaultContextCache@2434961f size = 2, maxSize = 32, parentContextCount = 0, hitCount = 38, missCount = 4]
03:08:56.677 [Test worker] DEBUG o.s.t.c.s.AbstractDirtiesContextTestExecutionListener - Before test method: context [DefaultTestContext@59654c72 testClass = AspectJAutoProxyAdviceOrderIntegrationTests.AfterAdviceLastTests, testInstance = org.springframework.aop.framework.autoproxy.AspectJAutoProxyAdviceOrderIntegrationTests$AfterAdviceLastTests@3a21684f, testMethod = afterAdviceIsInvokedLast@AspectJAutoProxyAdviceOrderIntegrationTests.AfterAdviceLastTests, testException = [null], mergedContextConfiguration = [MergedContextConfiguration@7ad8a3bf testClass = AspectJAutoProxyAdviceOrderIntegrationTests.AfterAdviceLastTests, locations = '{}', classes = '{class org.springframework.aop.framework.autoproxy.AspectJAutoProxyAdviceOrderIntegrationTests$AfterAdviceLastConfig}', contextInitializerClasses = '[]', activeProfiles = '{}', propertySourceLocations = '{}', propertySourceProperties = '{}', contextCustomizers = set[[empty]], contextLoader = 'org.springframework.test.context.support.DelegatingSmartContextLoader', parent = [null]], attributes = map[[empty]]], class annotated with @DirtiesContext [true] with mode [AFTER_CLASS], method annotated with @DirtiesContext [false] with mode [null].
03:08:56.678 [Test worker] DEBUG o.s.t.c.c.DefaultCacheAwareContextLoaderDelegate - Retrieved ApplicationContext [1519426803] from cache with key [[MergedContextConfiguration@7ad8a3bf testClass = AspectJAutoProxyAdviceOrderIntegrationTests.AfterAdviceLastTests, locations = '{}', classes = '{class org.springframework.aop.framework.autoproxy.AspectJAutoProxyAdviceOrderIntegrationTests$AfterAdviceLastConfig}', contextInitializerClasses = '[]', activeProfiles = '{}', propertySourceLocations = '{}', propertySourceProperties = '{}', contextCustomizers = set[[empty]], contextLoader = 'org.springframework.test.context.support.DelegatingSmartContextLoader', parent = [null]]]
03:08:56.678 [Test worker] DEBUG o.s.t.c.cache - Spring test ApplicationContext cache statistics: [DefaultContextCache@2434961f size = 2, maxSize = 32, parentContextCount = 0, hitCount = 39, missCount = 4]
03:08:56.678 [Test worker] DEBUG o.s.t.c.c.DefaultCacheAwareContextLoaderDelegate - Retrieved ApplicationContext [1519426803] from cache with key [[MergedContextConfiguration@7ad8a3bf testClass = AspectJAutoProxyAdviceOrderIntegrationTests.AfterAdviceLastTests, locations = '{}', classes = '{class org.springframework.aop.framework.autoproxy.AspectJAutoProxyAdviceOrderIntegrationTests$AfterAdviceLastConfig}', contextInitializerClasses = '[]', activeProfiles = '{}', propertySourceLocations = '{}', propertySourceProperties = '{}', contextCustomizers = set[[empty]], contextLoader = 'org.springframework.test.context.support.DelegatingSmartContextLoader', parent = [null]]]
03:08:56.678 [Test worker] DEBUG o.s.t.c.cache - Spring test ApplicationContext cache statistics: [DefaultContextCache@2434961f size = 2, maxSize = 32, parentContextCount = 0, hitCount = 40, missCount = 4]
03:08:56.679 [Test worker] DEBUG o.s.t.c.c.DefaultCacheAwareContextLoaderDelegate - Retrieved ApplicationContext [1519426803] from cache with key [[MergedContextConfiguration@7ad8a3bf testClass = AspectJAutoProxyAdviceOrderIntegrationTests.AfterAdviceLastTests, locations = '{}', classes = '{class org.springframework.aop.framework.autoproxy.AspectJAutoProxyAdviceOrderIntegrationTests$AfterAdviceLastConfig}', contextInitializerClasses = '[]', activeProfiles = '{}', propertySourceLocations = '{}', propertySourceProperties = '{}', contextCustomizers = set[[empty]], contextLoader = 'org.springframework.test.context.support.DelegatingSmartContextLoader', parent = [null]]]
03:08:56.679 [Test worker] DEBUG o.s.t.c.cache - Spring test ApplicationContext cache statistics: [DefaultContextCache@2434961f size = 2, maxSize = 32, parentContextCount = 0, hitCount = 41, missCount = 4]
03:08:56.680 [Test worker] DEBUG o.s.t.c.c.DefaultCacheAwareContextLoaderDelegate - Retrieved ApplicationContext [1519426803] from cache with key [[MergedContextConfiguration@7ad8a3bf testClass = AspectJAutoProxyAdviceOrderIntegrationTests.AfterAdviceLastTests, locations = '{}', classes = '{class org.springframework.aop.framework.autoproxy.AspectJAutoProxyAdviceOrderIntegrationTests$AfterAdviceLastConfig}', contextInitializerClasses = '[]', activeProfiles = '{}', propertySourceLocations = '{}', propertySourceProperties = '{}', contextCustomizers = set[[empty]], contextLoader = 'org.springframework.test.context.support.DelegatingSmartContextLoader', parent = [null]]]
03:08:56.680 [Test worker] DEBUG o.s.t.c.cache - Spring test ApplicationContext cache statistics: [DefaultContextCache@2434961f size = 2, maxSize = 32, parentContextCount = 0, hitCount = 42, missCount = 4]
03:08:56.682 [Test worker] DEBUG o.s.t.c.c.DefaultCacheAwareContextLoaderDelegate - Retrieved ApplicationContext [1519426803] from cache with key [[MergedContextConfiguration@7ad8a3bf testClass = AspectJAutoProxyAdviceOrderIntegrationTests.AfterAdviceLastTests, locations = '{}', classes = '{class org.springframework.aop.framework.autoproxy.AspectJAutoProxyAdviceOrderIntegrationTests$AfterAdviceLastConfig}', contextInitializerClasses = '[]', activeProfiles = '{}', propertySourceLocations = '{}', propertySourceProperties = '{}', contextCustomizers = set[[empty]], contextLoader = 'org.springframework.test.context.support.DelegatingSmartContextLoader', parent = [null]]]
03:08:56.683 [Test worker] DEBUG o.s.t.c.cache - Spring test ApplicationContext cache statistics: [DefaultContextCache@2434961f size = 2, maxSize = 32, parentContextCount = 0, hitCount = 43, missCount = 4]
03:08:56.683 [Test worker] DEBUG o.s.t.c.c.DefaultCacheAwareContextLoaderDelegate - Retrieved ApplicationContext [1519426803] from cache with key [[MergedContextConfiguration@7ad8a3bf testClass = AspectJAutoProxyAdviceOrderIntegrationTests.AfterAdviceLastTests, locations = '{}', classes = '{class org.springframework.aop.framework.autoproxy.AspectJAutoProxyAdviceOrderIntegrationTests$AfterAdviceLastConfig}', contextInitializerClasses = '[]', activeProfiles = '{}', propertySourceLocations = '{}', propertySourceProperties = '{}', contextCustomizers = set[[empty]], contextLoader = 'org.springframework.test.context.support.DelegatingSmartContextLoader', parent = [null]]]
03:08:56.683 [Test worker] DEBUG o.s.t.c.cache - Spring test ApplicationContext cache statistics: [DefaultContextCache@2434961f size = 2, maxSize = 32, parentContextCount = 0, hitCount = 44, missCount = 4]
03:08:56.683 [Test worker] DEBUG o.s.t.c.s.AbstractDirtiesContextTestExecutionListener - After test method: context [DefaultTestContext@59654c72 testClass = AspectJAutoProxyAdviceOrderIntegrationTests.AfterAdviceLastTests, testInstance = org.springframework.aop.framework.autoproxy.AspectJAutoProxyAdviceOrderIntegrationTests$AfterAdviceLastTests@3a21684f, testMethod = afterAdviceIsInvokedLast@AspectJAutoProxyAdviceOrderIntegrationTests.AfterAdviceLastTests, testException = [null], mergedContextConfiguration = [MergedContextConfiguration@7ad8a3bf testClass = AspectJAutoProxyAdviceOrderIntegrationTests.AfterAdviceLastTests, locations = '{}', classes = '{class org.springframework.aop.framework.autoproxy.AspectJAutoProxyAdviceOrderIntegrationTests$AfterAdviceLastConfig}', contextInitializerClasses = '[]', activeProfiles = '{}', propertySourceLocations = '{}', propertySourceProperties = '{}', contextCustomizers = set[[empty]], contextLoader = 'org.springframework.test.context.support.DelegatingSmartContextLoader', parent = [null]], attributes = map[[empty]]], class annotated with @DirtiesContext [true] with mode [AFTER_CLASS], method annotated with @DirtiesContext [false] with mode [null].
03:08:56.684 [Test worker] DEBUG o.s.t.c.c.DefaultCacheAwareContextLoaderDelegate - Retrieved ApplicationContext [1519426803] from cache with key [[MergedContextConfiguration@7ad8a3bf testClass = AspectJAutoProxyAdviceOrderIntegrationTests.AfterAdviceLastTests, locations = '{}', classes = '{class org.springframework.aop.framework.autoproxy.AspectJAutoProxyAdviceOrderIntegrationTests$AfterAdviceLastConfig}', contextInitializerClasses = '[]', activeProfiles = '{}', propertySourceLocations = '{}', propertySourceProperties = '{}', contextCustomizers = set[[empty]], contextLoader = 'org.springframework.test.context.support.DelegatingSmartContextLoader', parent = [null]]]
03:08:56.684 [Test worker] DEBUG o.s.t.c.cache - Spring test ApplicationContext cache statistics: [DefaultContextCache@2434961f size = 2, maxSize = 32, parentContextCount = 0, hitCount = 45, missCount = 4]
03:08:56.684 [Test worker] DEBUG o.s.t.c.s.AbstractDirtiesContextTestExecutionListener - After test class: context [DefaultTestContext@59654c72 testClass = AspectJAutoProxyAdviceOrderIntegrationTests.AfterAdviceLastTests, testInstance = [null], testMethod = [null], testException = [null], mergedContextConfiguration = [MergedContextConfiguration@7ad8a3bf testClass = AspectJAutoProxyAdviceOrderIntegrationTests.AfterAdviceLastTests, locations = '{}', classes = '{class org.springframework.aop.framework.autoproxy.AspectJAutoProxyAdviceOrderIntegrationTests$AfterAdviceLastConfig}', contextInitializerClasses = '[]', activeProfiles = '{}', propertySourceLocations = '{}', propertySourceProperties = '{}', contextCustomizers = set[[empty]], contextLoader = 'org.springframework.test.context.support.DelegatingSmartContextLoader', parent = [null]], attributes = map[[empty]]], class annotated with @DirtiesContext [true] with mode [AFTER_CLASS].
03:08:56.684 [Test worker] DEBUG o.s.c.s.GenericApplicationContext - Closing org.springframework.context.support.GenericApplicationContext@5a909cf3, started on Mon Mar 20 03:08:56 GMT-05:00 2023
]]></system-out>
  <system-err><![CDATA[]]></system-err>
</testsuite>
