<?xml version="1.0" encoding="UTF-8"?>
<testsuite name="org.springframework.context.annotation.scope.ClassPathBeanDefinitionScannerScopeIntegrationTests" tests="9" skipped="0" failures="0" errors="0" timestamp="2023-03-20T08:08:57" hostname="DESKTOP-VGJP1PJ" time="0.156">
  <properties/>
  <testcase name="sessionScopeWithNoProxy()" classname="org.springframework.context.annotation.scope.ClassPathBeanDefinitionScannerScopeIntegrationTests" time="0.019"/>
  <testcase name="requestScopeWithNoProxy()" classname="org.springframework.context.annotation.scope.ClassPathBeanDefinitionScannerScopeIntegrationTests" time="0.016"/>
  <testcase name="singletonScopeWithNoProxy()" classname="org.springframework.context.annotation.scope.ClassPathBeanDefinitionScannerScopeIntegrationTests" time="0.013"/>
  <testcase name="sessionScopeWithProxiedTargetClass()" classname="org.springframework.context.annotation.scope.ClassPathBeanDefinitionScannerScopeIntegrationTests" time="0.027"/>
  <testcase name="singletonScopeIgnoresProxyInterfaces()" classname="org.springframework.context.annotation.scope.ClassPathBeanDefinitionScannerScopeIntegrationTests" time="0.013"/>
  <testcase name="requestScopeWithProxiedTargetClass()" classname="org.springframework.context.annotation.scope.ClassPathBeanDefinitionScannerScopeIntegrationTests" time="0.018"/>
  <testcase name="singletonScopeIgnoresProxyTargetClass()" classname="org.springframework.context.annotation.scope.ClassPathBeanDefinitionScannerScopeIntegrationTests" time="0.011"/>
  <testcase name="requestScopeWithProxiedInterfaces()" classname="org.springframework.context.annotation.scope.ClassPathBeanDefinitionScannerScopeIntegrationTests" time="0.019"/>
  <testcase name="sessionScopeWithProxiedInterfaces()" classname="org.springframework.context.annotation.scope.ClassPathBeanDefinitionScannerScopeIntegrationTests" time="0.013"/>
  <system-out><![CDATA[03:08:57.387 [Test worker] DEBUG o.s.c.a.ClassPathBeanDefinitionScanner - Identified candidate component class: file [F:\spring-framework-5.3.x\spring-framework-5.3.0-M2\integration-tests\build\classes\java\test\org\springframework\context\annotation\scope\ClassPathBeanDefinitionScannerScopeIntegrationTests$RequestScopedTestBean.class]
03:08:57.390 [Test worker] DEBUG o.s.c.a.ClassPathBeanDefinitionScanner - Identified candidate component class: file [F:\spring-framework-5.3.x\spring-framework-5.3.0-M2\integration-tests\build\classes\java\test\org\springframework\context\annotation\scope\ClassPathBeanDefinitionScannerScopeIntegrationTests$SessionScopedTestBean.class]
03:08:57.391 [Test worker] DEBUG o.s.c.a.ClassPathBeanDefinitionScanner - Identified candidate component class: file [F:\spring-framework-5.3.x\spring-framework-5.3.0-M2\integration-tests\build\classes\java\test\org\springframework\context\annotation\scope\ClassPathBeanDefinitionScannerScopeIntegrationTests$SingletonScopedTestBean.class]
03:08:57.394 [Test worker] DEBUG o.s.c.a.ClassPathBeanDefinitionScanner - Identified candidate component class: file [F:\spring-framework-5.3.x\spring-framework-5.3.0-M2\integration-tests\build\classes\java\test\org\springframework\context\annotation\scope\ClassPathBeanDefinitionScannerScopeIntegrationTests$RequestScopedTestBean.class]
03:08:57.394 [Test worker] DEBUG o.s.c.a.ClassPathBeanDefinitionScanner - Identified candidate component class: file [F:\spring-framework-5.3.x\spring-framework-5.3.0-M2\integration-tests\build\classes\java\test\org\springframework\context\annotation\scope\ClassPathBeanDefinitionScannerScopeIntegrationTests$SessionScopedTestBean.class]
03:08:57.395 [Test worker] DEBUG o.s.c.a.ClassPathBeanDefinitionScanner - Identified candidate component class: file [F:\spring-framework-5.3.x\spring-framework-5.3.0-M2\integration-tests\build\classes\java\test\org\springframework\context\annotation\scope\ClassPathBeanDefinitionScannerScopeIntegrationTests$SingletonScopedTestBean.class]
03:08:57.396 [Test worker] DEBUG o.s.w.c.s.GenericWebApplicationContext - Refreshing org.springframework.web.context.support.GenericWebApplicationContext@2177b48f
03:08:57.396 [Test worker] DEBUG o.s.u.c.s.UiApplicationContextUtils - Unable to locate ThemeSource with name 'themeSource': using default [org.springframework.ui.context.support.ResourceBundleThemeSource@238952db]
03:08:57.397 [Test worker] DEBUG o.s.b.f.s.DefaultListableBeanFactory - Creating shared instance of singleton bean 'singleton'
03:08:57.406 [Test worker] DEBUG o.s.c.a.ClassPathBeanDefinitionScanner - Identified candidate component class: file [F:\spring-framework-5.3.x\spring-framework-5.3.0-M2\integration-tests\build\classes\java\test\org\springframework\context\annotation\scope\ClassPathBeanDefinitionScannerScopeIntegrationTests$RequestScopedTestBean.class]
03:08:57.407 [Test worker] DEBUG o.s.c.a.ClassPathBeanDefinitionScanner - Identified candidate component class: file [F:\spring-framework-5.3.x\spring-framework-5.3.0-M2\integration-tests\build\classes\java\test\org\springframework\context\annotation\scope\ClassPathBeanDefinitionScannerScopeIntegrationTests$SessionScopedTestBean.class]
03:08:57.408 [Test worker] DEBUG o.s.c.a.ClassPathBeanDefinitionScanner - Identified candidate component class: file [F:\spring-framework-5.3.x\spring-framework-5.3.0-M2\integration-tests\build\classes\java\test\org\springframework\context\annotation\scope\ClassPathBeanDefinitionScannerScopeIntegrationTests$SingletonScopedTestBean.class]
03:08:57.410 [Test worker] DEBUG o.s.c.a.ClassPathBeanDefinitionScanner - Identified candidate component class: file [F:\spring-framework-5.3.x\spring-framework-5.3.0-M2\integration-tests\build\classes\java\test\org\springframework\context\annotation\scope\ClassPathBeanDefinitionScannerScopeIntegrationTests$RequestScopedTestBean.class]
03:08:57.412 [Test worker] DEBUG o.s.c.a.ClassPathBeanDefinitionScanner - Identified candidate component class: file [F:\spring-framework-5.3.x\spring-framework-5.3.0-M2\integration-tests\build\classes\java\test\org\springframework\context\annotation\scope\ClassPathBeanDefinitionScannerScopeIntegrationTests$SessionScopedTestBean.class]
03:08:57.412 [Test worker] DEBUG o.s.c.a.ClassPathBeanDefinitionScanner - Identified candidate component class: file [F:\spring-framework-5.3.x\spring-framework-5.3.0-M2\integration-tests\build\classes\java\test\org\springframework\context\annotation\scope\ClassPathBeanDefinitionScannerScopeIntegrationTests$SingletonScopedTestBean.class]
03:08:57.413 [Test worker] DEBUG o.s.w.c.s.GenericWebApplicationContext - Refreshing org.springframework.web.context.support.GenericWebApplicationContext@64e79b14
03:08:57.414 [Test worker] DEBUG o.s.u.c.s.UiApplicationContextUtils - Unable to locate ThemeSource with name 'themeSource': using default [org.springframework.ui.context.support.ResourceBundleThemeSource@69159bc9]
03:08:57.415 [Test worker] DEBUG o.s.b.f.s.DefaultListableBeanFactory - Creating shared instance of singleton bean 'singleton'
03:08:57.421 [Test worker] DEBUG o.s.c.a.ClassPathBeanDefinitionScanner - Identified candidate component class: file [F:\spring-framework-5.3.x\spring-framework-5.3.0-M2\integration-tests\build\classes\java\test\org\springframework\context\annotation\scope\ClassPathBeanDefinitionScannerScopeIntegrationTests$RequestScopedTestBean.class]
03:08:57.423 [Test worker] DEBUG o.s.c.a.ClassPathBeanDefinitionScanner - Identified candidate component class: file [F:\spring-framework-5.3.x\spring-framework-5.3.0-M2\integration-tests\build\classes\java\test\org\springframework\context\annotation\scope\ClassPathBeanDefinitionScannerScopeIntegrationTests$SessionScopedTestBean.class]
03:08:57.424 [Test worker] DEBUG o.s.c.a.ClassPathBeanDefinitionScanner - Identified candidate component class: file [F:\spring-framework-5.3.x\spring-framework-5.3.0-M2\integration-tests\build\classes\java\test\org\springframework\context\annotation\scope\ClassPathBeanDefinitionScannerScopeIntegrationTests$SingletonScopedTestBean.class]
03:08:57.427 [Test worker] DEBUG o.s.c.a.ClassPathBeanDefinitionScanner - Identified candidate component class: file [F:\spring-framework-5.3.x\spring-framework-5.3.0-M2\integration-tests\build\classes\java\test\org\springframework\context\annotation\scope\ClassPathBeanDefinitionScannerScopeIntegrationTests$RequestScopedTestBean.class]
03:08:57.428 [Test worker] DEBUG o.s.c.a.ClassPathBeanDefinitionScanner - Identified candidate component class: file [F:\spring-framework-5.3.x\spring-framework-5.3.0-M2\integration-tests\build\classes\java\test\org\springframework\context\annotation\scope\ClassPathBeanDefinitionScannerScopeIntegrationTests$SessionScopedTestBean.class]
03:08:57.428 [Test worker] DEBUG o.s.c.a.ClassPathBeanDefinitionScanner - Identified candidate component class: file [F:\spring-framework-5.3.x\spring-framework-5.3.0-M2\integration-tests\build\classes\java\test\org\springframework\context\annotation\scope\ClassPathBeanDefinitionScannerScopeIntegrationTests$SingletonScopedTestBean.class]
03:08:57.429 [Test worker] DEBUG o.s.w.c.s.GenericWebApplicationContext - Refreshing org.springframework.web.context.support.GenericWebApplicationContext@6cb6a674
03:08:57.429 [Test worker] DEBUG o.s.u.c.s.UiApplicationContextUtils - Unable to locate ThemeSource with name 'themeSource': using default [org.springframework.ui.context.support.ResourceBundleThemeSource@71be89d7]
03:08:57.430 [Test worker] DEBUG o.s.b.f.s.DefaultListableBeanFactory - Creating shared instance of singleton bean 'singleton'
03:08:57.434 [Test worker] DEBUG o.s.c.a.ClassPathBeanDefinitionScanner - Identified candidate component class: file [F:\spring-framework-5.3.x\spring-framework-5.3.0-M2\integration-tests\build\classes\java\test\org\springframework\context\annotation\scope\ClassPathBeanDefinitionScannerScopeIntegrationTests$RequestScopedTestBean.class]
03:08:57.436 [Test worker] DEBUG o.s.c.a.ClassPathBeanDefinitionScanner - Identified candidate component class: file [F:\spring-framework-5.3.x\spring-framework-5.3.0-M2\integration-tests\build\classes\java\test\org\springframework\context\annotation\scope\ClassPathBeanDefinitionScannerScopeIntegrationTests$SessionScopedTestBean.class]
03:08:57.437 [Test worker] DEBUG o.s.c.a.ClassPathBeanDefinitionScanner - Identified candidate component class: file [F:\spring-framework-5.3.x\spring-framework-5.3.0-M2\integration-tests\build\classes\java\test\org\springframework\context\annotation\scope\ClassPathBeanDefinitionScannerScopeIntegrationTests$SingletonScopedTestBean.class]
03:08:57.439 [Test worker] DEBUG o.s.c.a.ClassPathBeanDefinitionScanner - Identified candidate component class: file [F:\spring-framework-5.3.x\spring-framework-5.3.0-M2\integration-tests\build\classes\java\test\org\springframework\context\annotation\scope\ClassPathBeanDefinitionScannerScopeIntegrationTests$RequestScopedTestBean.class]
03:08:57.440 [Test worker] DEBUG o.s.c.a.ClassPathBeanDefinitionScanner - Identified candidate component class: file [F:\spring-framework-5.3.x\spring-framework-5.3.0-M2\integration-tests\build\classes\java\test\org\springframework\context\annotation\scope\ClassPathBeanDefinitionScannerScopeIntegrationTests$SessionScopedTestBean.class]
03:08:57.440 [Test worker] DEBUG o.s.c.a.ClassPathBeanDefinitionScanner - Identified candidate component class: file [F:\spring-framework-5.3.x\spring-framework-5.3.0-M2\integration-tests\build\classes\java\test\org\springframework\context\annotation\scope\ClassPathBeanDefinitionScannerScopeIntegrationTests$SingletonScopedTestBean.class]
03:08:57.441 [Test worker] DEBUG o.s.w.c.s.GenericWebApplicationContext - Refreshing org.springframework.web.context.support.GenericWebApplicationContext@29999003
03:08:57.442 [Test worker] DEBUG o.s.u.c.s.UiApplicationContextUtils - Unable to locate ThemeSource with name 'themeSource': using default [org.springframework.ui.context.support.ResourceBundleThemeSource@1ad5997]
03:08:57.442 [Test worker] DEBUG o.s.b.f.s.DefaultListableBeanFactory - Creating shared instance of singleton bean 'request'
03:08:57.448 [Test worker] DEBUG o.s.b.f.s.DefaultListableBeanFactory - Creating shared instance of singleton bean 'session'
03:08:57.452 [Test worker] DEBUG o.s.b.f.s.DefaultListableBeanFactory - Creating shared instance of singleton bean 'singleton'
03:08:57.462 [Test worker] DEBUG o.s.c.a.ClassPathBeanDefinitionScanner - Identified candidate component class: file [F:\spring-framework-5.3.x\spring-framework-5.3.0-M2\integration-tests\build\classes\java\test\org\springframework\context\annotation\scope\ClassPathBeanDefinitionScannerScopeIntegrationTests$RequestScopedTestBean.class]
03:08:57.464 [Test worker] DEBUG o.s.c.a.ClassPathBeanDefinitionScanner - Identified candidate component class: file [F:\spring-framework-5.3.x\spring-framework-5.3.0-M2\integration-tests\build\classes\java\test\org\springframework\context\annotation\scope\ClassPathBeanDefinitionScannerScopeIntegrationTests$SessionScopedTestBean.class]
03:08:57.464 [Test worker] DEBUG o.s.c.a.ClassPathBeanDefinitionScanner - Identified candidate component class: file [F:\spring-framework-5.3.x\spring-framework-5.3.0-M2\integration-tests\build\classes\java\test\org\springframework\context\annotation\scope\ClassPathBeanDefinitionScannerScopeIntegrationTests$SingletonScopedTestBean.class]
03:08:57.467 [Test worker] DEBUG o.s.c.a.ClassPathBeanDefinitionScanner - Identified candidate component class: file [F:\spring-framework-5.3.x\spring-framework-5.3.0-M2\integration-tests\build\classes\java\test\org\springframework\context\annotation\scope\ClassPathBeanDefinitionScannerScopeIntegrationTests$RequestScopedTestBean.class]
03:08:57.467 [Test worker] DEBUG o.s.c.a.ClassPathBeanDefinitionScanner - Identified candidate component class: file [F:\spring-framework-5.3.x\spring-framework-5.3.0-M2\integration-tests\build\classes\java\test\org\springframework\context\annotation\scope\ClassPathBeanDefinitionScannerScopeIntegrationTests$SessionScopedTestBean.class]
03:08:57.467 [Test worker] DEBUG o.s.c.a.ClassPathBeanDefinitionScanner - Identified candidate component class: file [F:\spring-framework-5.3.x\spring-framework-5.3.0-M2\integration-tests\build\classes\java\test\org\springframework\context\annotation\scope\ClassPathBeanDefinitionScannerScopeIntegrationTests$SingletonScopedTestBean.class]
03:08:57.467 [Test worker] DEBUG o.s.w.c.s.GenericWebApplicationContext - Refreshing org.springframework.web.context.support.GenericWebApplicationContext@41311ced
03:08:57.468 [Test worker] DEBUG o.s.u.c.s.UiApplicationContextUtils - Unable to locate ThemeSource with name 'themeSource': using default [org.springframework.ui.context.support.ResourceBundleThemeSource@5b8513d2]
03:08:57.468 [Test worker] DEBUG o.s.b.f.s.DefaultListableBeanFactory - Creating shared instance of singleton bean 'request'
03:08:57.472 [Test worker] DEBUG o.s.b.f.s.DefaultListableBeanFactory - Creating shared instance of singleton bean 'session'
03:08:57.472 [Test worker] DEBUG o.s.b.f.s.DefaultListableBeanFactory - Creating shared instance of singleton bean 'singleton'
03:08:57.477 [Test worker] DEBUG o.s.c.a.ClassPathBeanDefinitionScanner - Identified candidate component class: file [F:\spring-framework-5.3.x\spring-framework-5.3.0-M2\integration-tests\build\classes\java\test\org\springframework\context\annotation\scope\ClassPathBeanDefinitionScannerScopeIntegrationTests$RequestScopedTestBean.class]
03:08:57.479 [Test worker] DEBUG o.s.c.a.ClassPathBeanDefinitionScanner - Identified candidate component class: file [F:\spring-framework-5.3.x\spring-framework-5.3.0-M2\integration-tests\build\classes\java\test\org\springframework\context\annotation\scope\ClassPathBeanDefinitionScannerScopeIntegrationTests$SessionScopedTestBean.class]
03:08:57.479 [Test worker] DEBUG o.s.c.a.ClassPathBeanDefinitionScanner - Identified candidate component class: file [F:\spring-framework-5.3.x\spring-framework-5.3.0-M2\integration-tests\build\classes\java\test\org\springframework\context\annotation\scope\ClassPathBeanDefinitionScannerScopeIntegrationTests$SingletonScopedTestBean.class]
03:08:57.482 [Test worker] DEBUG o.s.c.a.ClassPathBeanDefinitionScanner - Identified candidate component class: file [F:\spring-framework-5.3.x\spring-framework-5.3.0-M2\integration-tests\build\classes\java\test\org\springframework\context\annotation\scope\ClassPathBeanDefinitionScannerScopeIntegrationTests$RequestScopedTestBean.class]
03:08:57.482 [Test worker] DEBUG o.s.c.a.ClassPathBeanDefinitionScanner - Identified candidate component class: file [F:\spring-framework-5.3.x\spring-framework-5.3.0-M2\integration-tests\build\classes\java\test\org\springframework\context\annotation\scope\ClassPathBeanDefinitionScannerScopeIntegrationTests$SessionScopedTestBean.class]
03:08:57.482 [Test worker] DEBUG o.s.c.a.ClassPathBeanDefinitionScanner - Identified candidate component class: file [F:\spring-framework-5.3.x\spring-framework-5.3.0-M2\integration-tests\build\classes\java\test\org\springframework\context\annotation\scope\ClassPathBeanDefinitionScannerScopeIntegrationTests$SingletonScopedTestBean.class]
03:08:57.483 [Test worker] DEBUG o.s.w.c.s.GenericWebApplicationContext - Refreshing org.springframework.web.context.support.GenericWebApplicationContext@62a74dc2
03:08:57.483 [Test worker] DEBUG o.s.u.c.s.UiApplicationContextUtils - Unable to locate ThemeSource with name 'themeSource': using default [org.springframework.ui.context.support.ResourceBundleThemeSource@640359a2]
03:08:57.484 [Test worker] DEBUG o.s.b.f.s.DefaultListableBeanFactory - Creating shared instance of singleton bean 'request'
03:08:57.484 [Test worker] DEBUG o.s.b.f.s.DefaultListableBeanFactory - Creating shared instance of singleton bean 'session'
03:08:57.485 [Test worker] DEBUG o.s.b.f.s.DefaultListableBeanFactory - Creating shared instance of singleton bean 'singleton'
03:08:57.495 [Test worker] DEBUG o.s.c.a.ClassPathBeanDefinitionScanner - Identified candidate component class: file [F:\spring-framework-5.3.x\spring-framework-5.3.0-M2\integration-tests\build\classes\java\test\org\springframework\context\annotation\scope\ClassPathBeanDefinitionScannerScopeIntegrationTests$RequestScopedTestBean.class]
03:08:57.497 [Test worker] DEBUG o.s.c.a.ClassPathBeanDefinitionScanner - Identified candidate component class: file [F:\spring-framework-5.3.x\spring-framework-5.3.0-M2\integration-tests\build\classes\java\test\org\springframework\context\annotation\scope\ClassPathBeanDefinitionScannerScopeIntegrationTests$SessionScopedTestBean.class]
03:08:57.497 [Test worker] DEBUG o.s.c.a.ClassPathBeanDefinitionScanner - Identified candidate component class: file [F:\spring-framework-5.3.x\spring-framework-5.3.0-M2\integration-tests\build\classes\java\test\org\springframework\context\annotation\scope\ClassPathBeanDefinitionScannerScopeIntegrationTests$SingletonScopedTestBean.class]
03:08:57.499 [Test worker] DEBUG o.s.c.a.ClassPathBeanDefinitionScanner - Identified candidate component class: file [F:\spring-framework-5.3.x\spring-framework-5.3.0-M2\integration-tests\build\classes\java\test\org\springframework\context\annotation\scope\ClassPathBeanDefinitionScannerScopeIntegrationTests$RequestScopedTestBean.class]
03:08:57.500 [Test worker] DEBUG o.s.c.a.ClassPathBeanDefinitionScanner - Identified candidate component class: file [F:\spring-framework-5.3.x\spring-framework-5.3.0-M2\integration-tests\build\classes\java\test\org\springframework\context\annotation\scope\ClassPathBeanDefinitionScannerScopeIntegrationTests$SessionScopedTestBean.class]
03:08:57.500 [Test worker] DEBUG o.s.c.a.ClassPathBeanDefinitionScanner - Identified candidate component class: file [F:\spring-framework-5.3.x\spring-framework-5.3.0-M2\integration-tests\build\classes\java\test\org\springframework\context\annotation\scope\ClassPathBeanDefinitionScannerScopeIntegrationTests$SingletonScopedTestBean.class]
03:08:57.501 [Test worker] DEBUG o.s.w.c.s.GenericWebApplicationContext - Refreshing org.springframework.web.context.support.GenericWebApplicationContext@7ea4f583
03:08:57.501 [Test worker] DEBUG o.s.u.c.s.UiApplicationContextUtils - Unable to locate ThemeSource with name 'themeSource': using default [org.springframework.ui.context.support.ResourceBundleThemeSource@4739d13a]
03:08:57.501 [Test worker] DEBUG o.s.b.f.s.DefaultListableBeanFactory - Creating shared instance of singleton bean 'request'
03:08:57.502 [Test worker] DEBUG o.s.b.f.s.DefaultListableBeanFactory - Creating shared instance of singleton bean 'session'
03:08:57.502 [Test worker] DEBUG o.s.b.f.s.DefaultListableBeanFactory - Creating shared instance of singleton bean 'singleton'
03:08:57.511 [Test worker] DEBUG o.s.c.a.ClassPathBeanDefinitionScanner - Identified candidate component class: file [F:\spring-framework-5.3.x\spring-framework-5.3.0-M2\integration-tests\build\classes\java\test\org\springframework\context\annotation\scope\ClassPathBeanDefinitionScannerScopeIntegrationTests$RequestScopedTestBean.class]
03:08:57.513 [Test worker] DEBUG o.s.c.a.ClassPathBeanDefinitionScanner - Identified candidate component class: file [F:\spring-framework-5.3.x\spring-framework-5.3.0-M2\integration-tests\build\classes\java\test\org\springframework\context\annotation\scope\ClassPathBeanDefinitionScannerScopeIntegrationTests$SessionScopedTestBean.class]
03:08:57.514 [Test worker] DEBUG o.s.c.a.ClassPathBeanDefinitionScanner - Identified candidate component class: file [F:\spring-framework-5.3.x\spring-framework-5.3.0-M2\integration-tests\build\classes\java\test\org\springframework\context\annotation\scope\ClassPathBeanDefinitionScannerScopeIntegrationTests$SingletonScopedTestBean.class]
03:08:57.517 [Test worker] DEBUG o.s.c.a.ClassPathBeanDefinitionScanner - Identified candidate component class: file [F:\spring-framework-5.3.x\spring-framework-5.3.0-M2\integration-tests\build\classes\java\test\org\springframework\context\annotation\scope\ClassPathBeanDefinitionScannerScopeIntegrationTests$RequestScopedTestBean.class]
03:08:57.518 [Test worker] DEBUG o.s.c.a.ClassPathBeanDefinitionScanner - Identified candidate component class: file [F:\spring-framework-5.3.x\spring-framework-5.3.0-M2\integration-tests\build\classes\java\test\org\springframework\context\annotation\scope\ClassPathBeanDefinitionScannerScopeIntegrationTests$SessionScopedTestBean.class]
03:08:57.518 [Test worker] DEBUG o.s.c.a.ClassPathBeanDefinitionScanner - Identified candidate component class: file [F:\spring-framework-5.3.x\spring-framework-5.3.0-M2\integration-tests\build\classes\java\test\org\springframework\context\annotation\scope\ClassPathBeanDefinitionScannerScopeIntegrationTests$SingletonScopedTestBean.class]
03:08:57.519 [Test worker] DEBUG o.s.w.c.s.GenericWebApplicationContext - Refreshing org.springframework.web.context.support.GenericWebApplicationContext@351dd29c
03:08:57.519 [Test worker] DEBUG o.s.u.c.s.UiApplicationContextUtils - Unable to locate ThemeSource with name 'themeSource': using default [org.springframework.ui.context.support.ResourceBundleThemeSource@65049505]
03:08:57.520 [Test worker] DEBUG o.s.b.f.s.DefaultListableBeanFactory - Creating shared instance of singleton bean 'request'
03:08:57.521 [Test worker] DEBUG o.s.b.f.s.DefaultListableBeanFactory - Creating shared instance of singleton bean 'session'
03:08:57.522 [Test worker] DEBUG o.s.b.f.s.DefaultListableBeanFactory - Creating shared instance of singleton bean 'singleton'
03:08:57.528 [Test worker] DEBUG o.s.c.a.ClassPathBeanDefinitionScanner - Identified candidate component class: file [F:\spring-framework-5.3.x\spring-framework-5.3.0-M2\integration-tests\build\classes\java\test\org\springframework\context\annotation\scope\ClassPathBeanDefinitionScannerScopeIntegrationTests$RequestScopedTestBean.class]
03:08:57.530 [Test worker] DEBUG o.s.c.a.ClassPathBeanDefinitionScanner - Identified candidate component class: file [F:\spring-framework-5.3.x\spring-framework-5.3.0-M2\integration-tests\build\classes\java\test\org\springframework\context\annotation\scope\ClassPathBeanDefinitionScannerScopeIntegrationTests$SessionScopedTestBean.class]
03:08:57.530 [Test worker] DEBUG o.s.c.a.ClassPathBeanDefinitionScanner - Identified candidate component class: file [F:\spring-framework-5.3.x\spring-framework-5.3.0-M2\integration-tests\build\classes\java\test\org\springframework\context\annotation\scope\ClassPathBeanDefinitionScannerScopeIntegrationTests$SingletonScopedTestBean.class]
03:08:57.533 [Test worker] DEBUG o.s.c.a.ClassPathBeanDefinitionScanner - Identified candidate component class: file [F:\spring-framework-5.3.x\spring-framework-5.3.0-M2\integration-tests\build\classes\java\test\org\springframework\context\annotation\scope\ClassPathBeanDefinitionScannerScopeIntegrationTests$RequestScopedTestBean.class]
03:08:57.533 [Test worker] DEBUG o.s.c.a.ClassPathBeanDefinitionScanner - Identified candidate component class: file [F:\spring-framework-5.3.x\spring-framework-5.3.0-M2\integration-tests\build\classes\java\test\org\springframework\context\annotation\scope\ClassPathBeanDefinitionScannerScopeIntegrationTests$SessionScopedTestBean.class]
03:08:57.533 [Test worker] DEBUG o.s.c.a.ClassPathBeanDefinitionScanner - Identified candidate component class: file [F:\spring-framework-5.3.x\spring-framework-5.3.0-M2\integration-tests\build\classes\java\test\org\springframework\context\annotation\scope\ClassPathBeanDefinitionScannerScopeIntegrationTests$SingletonScopedTestBean.class]
03:08:57.533 [Test worker] DEBUG o.s.w.c.s.GenericWebApplicationContext - Refreshing org.springframework.web.context.support.GenericWebApplicationContext@9923fc1
03:08:57.534 [Test worker] DEBUG o.s.u.c.s.UiApplicationContextUtils - Unable to locate ThemeSource with name 'themeSource': using default [org.springframework.ui.context.support.ResourceBundleThemeSource@52e65308]
03:08:57.534 [Test worker] DEBUG o.s.b.f.s.DefaultListableBeanFactory - Creating shared instance of singleton bean 'request'
03:08:57.535 [Test worker] DEBUG o.s.b.f.s.DefaultListableBeanFactory - Creating shared instance of singleton bean 'session'
03:08:57.536 [Test worker] DEBUG o.s.b.f.s.DefaultListableBeanFactory - Creating shared instance of singleton bean 'singleton'
]]></system-out>
  <system-err><![CDATA[]]></system-err>
</testsuite>
