<?xml version="1.0" encoding="UTF-8"?>
<testsuite name="org.springframework.core.env.PropertyPlaceholderConfigurerEnvironmentIntegrationTests" tests="1" skipped="0" failures="0" errors="0" timestamp="2023-03-20T08:08:58" hostname="DESKTOP-VGJP1PJ" time="0.045">
  <properties/>
  <testcase name="test()" classname="org.springframework.core.env.PropertyPlaceholderConfigurerEnvironmentIntegrationTests" time="0.045"/>
  <system-out><![CDATA[03:08:58.146 [Test worker] DEBUG o.s.c.s.GenericApplicationContext - Refreshing org.springframework.context.support.GenericApplicationContext@8f69ca1
03:08:58.146 [Test worker] DEBUG o.s.b.f.s.DefaultListableBeanFactory - Creating shared instance of singleton bean 'ppc'
03:08:58.161 [Test worker] DEBUG o.s.c.s.GenericApplicationContext - Closing org.springframework.context.support.GenericApplicationContext@8f69ca1, started on Mon Mar 20 03:08:58 GMT-05:00 2023
]]></system-out>
  <system-err><![CDATA[]]></system-err>
</testsuite>
