<?xml version="1.0" encoding="UTF-8"?>
<testsuite name="org.springframework.aop.config.AopNamespaceHandlerAdviceOrderIntegrationTests$AfterAdviceLastTests" tests="1" skipped="0" failures="0" errors="0" timestamp="2023-03-20T08:08:54" hostname="DESKTOP-VGJP1PJ" time="0.179">
  <properties/>
  <testcase name="afterAdviceIsInvokedLast(Echo, InvocationTrackingAspect)" classname="org.springframework.aop.config.AopNamespaceHandlerAdviceOrderIntegrationTests$AfterAdviceLastTests" time="0.179"/>
  <system-out><![CDATA[03:08:52.975 [Test worker] DEBUG o.s.t.c.BootstrapUtils - Instantiating CacheAwareContextLoaderDelegate from class [org.springframework.test.context.cache.DefaultCacheAwareContextLoaderDelegate]
03:08:53.011 [Test worker] DEBUG o.s.t.c.BootstrapUtils - Instantiating BootstrapContext using constructor [public org.springframework.test.context.support.DefaultBootstrapContext(java.lang.Class,org.springframework.test.context.CacheAwareContextLoaderDelegate)]
03:08:53.056 [Test worker] DEBUG o.s.t.c.BootstrapUtils - Instantiating TestContextBootstrapper for test class [org.springframework.aop.config.AopNamespaceHandlerAdviceOrderIntegrationTests$AfterAdviceLastTests] from class [org.springframework.test.context.support.DefaultTestContextBootstrapper]
03:08:53.104 [Test worker] DEBUG o.s.t.c.s.AbstractDelegatingSmartContextLoader - Delegating to GenericXmlContextLoader to process context configuration [ContextConfigurationAttributes@39beff3f declaringClass = 'org.springframework.aop.config.AopNamespaceHandlerAdviceOrderIntegrationTests$AfterAdviceLastTests', classes = '{}', locations = '{AopNamespaceHandlerAdviceOrderIntegrationTests-afterLast.xml}', inheritLocations = true, initializers = '{}', inheritInitializers = true, name = [null], contextLoaderClass = 'org.springframework.test.context.ContextLoader'].
03:08:53.135 [Test worker] DEBUG o.s.t.c.s.ActiveProfilesUtils - Could not find an 'annotation declaring class' for annotation type [org.springframework.test.context.ActiveProfiles] and class [org.springframework.aop.config.AopNamespaceHandlerAdviceOrderIntegrationTests$AfterAdviceLastTests]
03:08:53.137 [Test worker] DEBUG o.s.t.c.s.DefaultTestContextBootstrapper - @TestExecutionListeners is not present for class [org.springframework.aop.config.AopNamespaceHandlerAdviceOrderIntegrationTests$AfterAdviceLastTests]: using defaults.
03:08:53.138 [Test worker] INFO  o.s.t.c.s.DefaultTestContextBootstrapper - Loaded default TestExecutionListener class names from location [META-INF/spring.factories]: [org.springframework.test.context.web.ServletTestExecutionListener, org.springframework.test.context.support.DirtiesContextBeforeModesTestExecutionListener, org.springframework.test.context.support.DependencyInjectionTestExecutionListener, org.springframework.test.context.support.DirtiesContextTestExecutionListener, org.springframework.test.context.transaction.TransactionalTestExecutionListener, org.springframework.test.context.jdbc.SqlScriptsTestExecutionListener, org.springframework.test.context.event.EventPublishingTestExecutionListener]
03:08:53.154 [Test worker] INFO  o.s.t.c.s.DefaultTestContextBootstrapper - Using TestExecutionListeners: [org.springframework.test.context.web.ServletTestExecutionListener@19d8b264, org.springframework.test.context.support.DirtiesContextBeforeModesTestExecutionListener@4072ade4, org.springframework.test.context.support.DependencyInjectionTestExecutionListener@3c570019, org.springframework.test.context.support.DirtiesContextTestExecutionListener@ab9680, org.springframework.test.context.transaction.TransactionalTestExecutionListener@5c3c5f63, org.springframework.test.context.jdbc.SqlScriptsTestExecutionListener@9f4c48d, org.springframework.test.context.event.EventPublishingTestExecutionListener@da74a62]
03:08:53.155 [Test worker] DEBUG o.s.t.c.s.AbstractDirtiesContextTestExecutionListener - Before test class: context [DefaultTestContext@6f1d58c8 testClass = AopNamespaceHandlerAdviceOrderIntegrationTests.AfterAdviceLastTests, testInstance = [null], testMethod = [null], testException = [null], mergedContextConfiguration = [MergedContextConfiguration@40e2390a testClass = AopNamespaceHandlerAdviceOrderIntegrationTests.AfterAdviceLastTests, locations = '{classpath:/org/springframework/aop/config/AopNamespaceHandlerAdviceOrderIntegrationTests-afterLast.xml}', classes = '{}', contextInitializerClasses = '[]', activeProfiles = '{}', propertySourceLocations = '{}', propertySourceProperties = '{}', contextCustomizers = set[[empty]], contextLoader = 'org.springframework.test.context.support.DelegatingSmartContextLoader', parent = [null]], attributes = map[[empty]]], class annotated with @DirtiesContext [true] with mode [AFTER_CLASS].
03:08:53.168 [Test worker] DEBUG o.s.t.c.s.DependencyInjectionTestExecutionListener - Performing dependency injection for test context [[DefaultTestContext@6f1d58c8 testClass = AopNamespaceHandlerAdviceOrderIntegrationTests.AfterAdviceLastTests, testInstance = org.springframework.aop.config.AopNamespaceHandlerAdviceOrderIntegrationTests$AfterAdviceLastTests@52d1ad10, testMethod = [null], testException = [null], mergedContextConfiguration = [MergedContextConfiguration@40e2390a testClass = AopNamespaceHandlerAdviceOrderIntegrationTests.AfterAdviceLastTests, locations = '{classpath:/org/springframework/aop/config/AopNamespaceHandlerAdviceOrderIntegrationTests-afterLast.xml}', classes = '{}', contextInitializerClasses = '[]', activeProfiles = '{}', propertySourceLocations = '{}', propertySourceProperties = '{}', contextCustomizers = set[[empty]], contextLoader = 'org.springframework.test.context.support.DelegatingSmartContextLoader', parent = [null]], attributes = map[[empty]]]].
03:08:53.170 [Test worker] DEBUG o.s.t.c.s.AbstractDelegatingSmartContextLoader - Delegating to GenericXmlContextLoader to load context from [MergedContextConfiguration@40e2390a testClass = AopNamespaceHandlerAdviceOrderIntegrationTests.AfterAdviceLastTests, locations = '{classpath:/org/springframework/aop/config/AopNamespaceHandlerAdviceOrderIntegrationTests-afterLast.xml}', classes = '{}', contextInitializerClasses = '[]', activeProfiles = '{}', propertySourceLocations = '{}', propertySourceProperties = '{}', contextCustomizers = set[[empty]], contextLoader = 'org.springframework.test.context.support.DelegatingSmartContextLoader', parent = [null]].
03:08:53.170 [Test worker] DEBUG o.s.t.c.s.AbstractGenericContextLoader - Loading ApplicationContext for merged context configuration [[MergedContextConfiguration@40e2390a testClass = AopNamespaceHandlerAdviceOrderIntegrationTests.AfterAdviceLastTests, locations = '{classpath:/org/springframework/aop/config/AopNamespaceHandlerAdviceOrderIntegrationTests-afterLast.xml}', classes = '{}', contextInitializerClasses = '[]', activeProfiles = '{}', propertySourceLocations = '{}', propertySourceProperties = '{}', contextCustomizers = set[[empty]], contextLoader = 'org.springframework.test.context.support.DelegatingSmartContextLoader', parent = [null]]].
03:08:53.217 [Test worker] DEBUG o.s.c.e.StandardEnvironment - Activating profiles []
03:08:53.526 [Test worker] DEBUG o.s.b.f.x.XmlBeanDefinitionReader - Loaded 9 bean definitions from class path resource [org/springframework/aop/config/AopNamespaceHandlerAdviceOrderIntegrationTests-afterLast.xml]
03:08:53.543 [Test worker] DEBUG o.s.c.s.GenericApplicationContext - Refreshing org.springframework.context.support.GenericApplicationContext@17eabbe6
03:08:53.589 [Test worker] DEBUG o.s.b.f.s.DefaultListableBeanFactory - Creating shared instance of singleton bean 'org.springframework.context.annotation.internalConfigurationAnnotationProcessor'
03:08:53.698 [Test worker] DEBUG o.s.b.f.s.DefaultListableBeanFactory - Creating shared instance of singleton bean 'org.springframework.context.event.internalEventListenerProcessor'
03:08:53.700 [Test worker] DEBUG o.s.b.f.s.DefaultListableBeanFactory - Creating shared instance of singleton bean 'org.springframework.context.event.internalEventListenerFactory'
03:08:53.702 [Test worker] DEBUG o.s.b.f.s.DefaultListableBeanFactory - Creating shared instance of singleton bean 'org.springframework.context.annotation.internalAutowiredAnnotationProcessor'
03:08:53.704 [Test worker] DEBUG o.s.b.f.s.DefaultListableBeanFactory - Creating shared instance of singleton bean 'org.springframework.context.annotation.internalCommonAnnotationProcessor'
03:08:53.709 [Test worker] DEBUG o.s.b.f.s.DefaultListableBeanFactory - Creating shared instance of singleton bean 'org.springframework.context.annotation.internalPersistenceAnnotationProcessor'
03:08:53.709 [Test worker] DEBUG o.s.b.f.s.DefaultListableBeanFactory - Creating shared instance of singleton bean 'org.springframework.aop.config.internalAutoProxyCreator'
03:08:53.776 [Test worker] DEBUG o.s.b.f.s.DefaultListableBeanFactory - Creating shared instance of singleton bean 'echo'
03:08:53.777 [Test worker] DEBUG o.s.b.f.s.DefaultListableBeanFactory - Creating shared instance of singleton bean 'org.springframework.aop.aspectj.AspectJPointcutAdvisor#0'
03:08:53.966 [Test worker] DEBUG o.s.b.f.s.DefaultListableBeanFactory - Creating shared instance of singleton bean 'org.springframework.aop.aspectj.AspectJPointcutAdvisor#1'
03:08:53.980 [Test worker] DEBUG o.s.b.f.s.DefaultListableBeanFactory - Creating shared instance of singleton bean 'org.springframework.aop.aspectj.AspectJPointcutAdvisor#2'
03:08:53.986 [Test worker] DEBUG o.s.b.f.s.DefaultListableBeanFactory - Creating shared instance of singleton bean 'org.springframework.aop.aspectj.AspectJPointcutAdvisor#3'
03:08:54.001 [Test worker] DEBUG o.s.b.f.s.DefaultListableBeanFactory - Creating shared instance of singleton bean 'org.springframework.aop.aspectj.AspectJPointcutAdvisor#4'
03:08:54.151 [Test worker] DEBUG o.s.b.f.s.DefaultListableBeanFactory - Creating shared instance of singleton bean 'invocationTrackingAspect'
03:08:54.166 [Test worker] DEBUG o.s.t.c.c.DefaultCacheAwareContextLoaderDelegate - Storing ApplicationContext [401259494] in cache under key [[MergedContextConfiguration@40e2390a testClass = AopNamespaceHandlerAdviceOrderIntegrationTests.AfterAdviceLastTests, locations = '{classpath:/org/springframework/aop/config/AopNamespaceHandlerAdviceOrderIntegrationTests-afterLast.xml}', classes = '{}', contextInitializerClasses = '[]', activeProfiles = '{}', propertySourceLocations = '{}', propertySourceProperties = '{}', contextCustomizers = set[[empty]], contextLoader = 'org.springframework.test.context.support.DelegatingSmartContextLoader', parent = [null]]]
03:08:54.167 [Test worker] DEBUG o.s.t.c.cache - Spring test ApplicationContext cache statistics: [DefaultContextCache@2434961f size = 1, maxSize = 32, parentContextCount = 0, hitCount = 0, missCount = 1]
03:08:54.175 [Test worker] DEBUG o.s.t.c.c.DefaultCacheAwareContextLoaderDelegate - Retrieved ApplicationContext [401259494] from cache with key [[MergedContextConfiguration@40e2390a testClass = AopNamespaceHandlerAdviceOrderIntegrationTests.AfterAdviceLastTests, locations = '{classpath:/org/springframework/aop/config/AopNamespaceHandlerAdviceOrderIntegrationTests-afterLast.xml}', classes = '{}', contextInitializerClasses = '[]', activeProfiles = '{}', propertySourceLocations = '{}', propertySourceProperties = '{}', contextCustomizers = set[[empty]], contextLoader = 'org.springframework.test.context.support.DelegatingSmartContextLoader', parent = [null]]]
03:08:54.175 [Test worker] DEBUG o.s.t.c.cache - Spring test ApplicationContext cache statistics: [DefaultContextCache@2434961f size = 1, maxSize = 32, parentContextCount = 0, hitCount = 1, missCount = 1]
03:08:54.184 [Test worker] DEBUG o.s.t.c.s.AbstractDirtiesContextTestExecutionListener - Before test method: context [DefaultTestContext@6f1d58c8 testClass = AopNamespaceHandlerAdviceOrderIntegrationTests.AfterAdviceLastTests, testInstance = org.springframework.aop.config.AopNamespaceHandlerAdviceOrderIntegrationTests$AfterAdviceLastTests@52d1ad10, testMethod = afterAdviceIsInvokedLast@AopNamespaceHandlerAdviceOrderIntegrationTests.AfterAdviceLastTests, testException = [null], mergedContextConfiguration = [MergedContextConfiguration@40e2390a testClass = AopNamespaceHandlerAdviceOrderIntegrationTests.AfterAdviceLastTests, locations = '{classpath:/org/springframework/aop/config/AopNamespaceHandlerAdviceOrderIntegrationTests-afterLast.xml}', classes = '{}', contextInitializerClasses = '[]', activeProfiles = '{}', propertySourceLocations = '{}', propertySourceProperties = '{}', contextCustomizers = set[[empty]], contextLoader = 'org.springframework.test.context.support.DelegatingSmartContextLoader', parent = [null]], attributes = map[[empty]]], class annotated with @DirtiesContext [true] with mode [AFTER_CLASS], method annotated with @DirtiesContext [false] with mode [null].
03:08:54.193 [Test worker] DEBUG o.s.t.c.c.DefaultCacheAwareContextLoaderDelegate - Retrieved ApplicationContext [401259494] from cache with key [[MergedContextConfiguration@40e2390a testClass = AopNamespaceHandlerAdviceOrderIntegrationTests.AfterAdviceLastTests, locations = '{classpath:/org/springframework/aop/config/AopNamespaceHandlerAdviceOrderIntegrationTests-afterLast.xml}', classes = '{}', contextInitializerClasses = '[]', activeProfiles = '{}', propertySourceLocations = '{}', propertySourceProperties = '{}', contextCustomizers = set[[empty]], contextLoader = 'org.springframework.test.context.support.DelegatingSmartContextLoader', parent = [null]]]
03:08:54.194 [Test worker] DEBUG o.s.t.c.cache - Spring test ApplicationContext cache statistics: [DefaultContextCache@2434961f size = 1, maxSize = 32, parentContextCount = 0, hitCount = 2, missCount = 1]
03:08:54.196 [Test worker] DEBUG o.s.t.c.c.DefaultCacheAwareContextLoaderDelegate - Retrieved ApplicationContext [401259494] from cache with key [[MergedContextConfiguration@40e2390a testClass = AopNamespaceHandlerAdviceOrderIntegrationTests.AfterAdviceLastTests, locations = '{classpath:/org/springframework/aop/config/AopNamespaceHandlerAdviceOrderIntegrationTests-afterLast.xml}', classes = '{}', contextInitializerClasses = '[]', activeProfiles = '{}', propertySourceLocations = '{}', propertySourceProperties = '{}', contextCustomizers = set[[empty]], contextLoader = 'org.springframework.test.context.support.DelegatingSmartContextLoader', parent = [null]]]
03:08:54.196 [Test worker] DEBUG o.s.t.c.cache - Spring test ApplicationContext cache statistics: [DefaultContextCache@2434961f size = 1, maxSize = 32, parentContextCount = 0, hitCount = 3, missCount = 1]
03:08:54.207 [Test worker] DEBUG o.s.t.c.c.DefaultCacheAwareContextLoaderDelegate - Retrieved ApplicationContext [401259494] from cache with key [[MergedContextConfiguration@40e2390a testClass = AopNamespaceHandlerAdviceOrderIntegrationTests.AfterAdviceLastTests, locations = '{classpath:/org/springframework/aop/config/AopNamespaceHandlerAdviceOrderIntegrationTests-afterLast.xml}', classes = '{}', contextInitializerClasses = '[]', activeProfiles = '{}', propertySourceLocations = '{}', propertySourceProperties = '{}', contextCustomizers = set[[empty]], contextLoader = 'org.springframework.test.context.support.DelegatingSmartContextLoader', parent = [null]]]
03:08:54.207 [Test worker] DEBUG o.s.t.c.cache - Spring test ApplicationContext cache statistics: [DefaultContextCache@2434961f size = 1, maxSize = 32, parentContextCount = 0, hitCount = 4, missCount = 1]
03:08:54.216 [Test worker] DEBUG o.s.t.c.c.DefaultCacheAwareContextLoaderDelegate - Retrieved ApplicationContext [401259494] from cache with key [[MergedContextConfiguration@40e2390a testClass = AopNamespaceHandlerAdviceOrderIntegrationTests.AfterAdviceLastTests, locations = '{classpath:/org/springframework/aop/config/AopNamespaceHandlerAdviceOrderIntegrationTests-afterLast.xml}', classes = '{}', contextInitializerClasses = '[]', activeProfiles = '{}', propertySourceLocations = '{}', propertySourceProperties = '{}', contextCustomizers = set[[empty]], contextLoader = 'org.springframework.test.context.support.DelegatingSmartContextLoader', parent = [null]]]
03:08:54.217 [Test worker] DEBUG o.s.t.c.cache - Spring test ApplicationContext cache statistics: [DefaultContextCache@2434961f size = 1, maxSize = 32, parentContextCount = 0, hitCount = 5, missCount = 1]
03:08:54.345 [Test worker] DEBUG o.s.t.c.c.DefaultCacheAwareContextLoaderDelegate - Retrieved ApplicationContext [401259494] from cache with key [[MergedContextConfiguration@40e2390a testClass = AopNamespaceHandlerAdviceOrderIntegrationTests.AfterAdviceLastTests, locations = '{classpath:/org/springframework/aop/config/AopNamespaceHandlerAdviceOrderIntegrationTests-afterLast.xml}', classes = '{}', contextInitializerClasses = '[]', activeProfiles = '{}', propertySourceLocations = '{}', propertySourceProperties = '{}', contextCustomizers = set[[empty]], contextLoader = 'org.springframework.test.context.support.DelegatingSmartContextLoader', parent = [null]]]
03:08:54.345 [Test worker] DEBUG o.s.t.c.cache - Spring test ApplicationContext cache statistics: [DefaultContextCache@2434961f size = 1, maxSize = 32, parentContextCount = 0, hitCount = 6, missCount = 1]
03:08:54.347 [Test worker] DEBUG o.s.t.c.c.DefaultCacheAwareContextLoaderDelegate - Retrieved ApplicationContext [401259494] from cache with key [[MergedContextConfiguration@40e2390a testClass = AopNamespaceHandlerAdviceOrderIntegrationTests.AfterAdviceLastTests, locations = '{classpath:/org/springframework/aop/config/AopNamespaceHandlerAdviceOrderIntegrationTests-afterLast.xml}', classes = '{}', contextInitializerClasses = '[]', activeProfiles = '{}', propertySourceLocations = '{}', propertySourceProperties = '{}', contextCustomizers = set[[empty]], contextLoader = 'org.springframework.test.context.support.DelegatingSmartContextLoader', parent = [null]]]
03:08:54.347 [Test worker] DEBUG o.s.t.c.cache - Spring test ApplicationContext cache statistics: [DefaultContextCache@2434961f size = 1, maxSize = 32, parentContextCount = 0, hitCount = 7, missCount = 1]
03:08:54.348 [Test worker] DEBUG o.s.t.c.s.AbstractDirtiesContextTestExecutionListener - After test method: context [DefaultTestContext@6f1d58c8 testClass = AopNamespaceHandlerAdviceOrderIntegrationTests.AfterAdviceLastTests, testInstance = org.springframework.aop.config.AopNamespaceHandlerAdviceOrderIntegrationTests$AfterAdviceLastTests@52d1ad10, testMethod = afterAdviceIsInvokedLast@AopNamespaceHandlerAdviceOrderIntegrationTests.AfterAdviceLastTests, testException = [null], mergedContextConfiguration = [MergedContextConfiguration@40e2390a testClass = AopNamespaceHandlerAdviceOrderIntegrationTests.AfterAdviceLastTests, locations = '{classpath:/org/springframework/aop/config/AopNamespaceHandlerAdviceOrderIntegrationTests-afterLast.xml}', classes = '{}', contextInitializerClasses = '[]', activeProfiles = '{}', propertySourceLocations = '{}', propertySourceProperties = '{}', contextCustomizers = set[[empty]], contextLoader = 'org.springframework.test.context.support.DelegatingSmartContextLoader', parent = [null]], attributes = map[[empty]]], class annotated with @DirtiesContext [true] with mode [AFTER_CLASS], method annotated with @DirtiesContext [false] with mode [null].
03:08:54.359 [Test worker] DEBUG o.s.t.c.c.DefaultCacheAwareContextLoaderDelegate - Retrieved ApplicationContext [401259494] from cache with key [[MergedContextConfiguration@40e2390a testClass = AopNamespaceHandlerAdviceOrderIntegrationTests.AfterAdviceLastTests, locations = '{classpath:/org/springframework/aop/config/AopNamespaceHandlerAdviceOrderIntegrationTests-afterLast.xml}', classes = '{}', contextInitializerClasses = '[]', activeProfiles = '{}', propertySourceLocations = '{}', propertySourceProperties = '{}', contextCustomizers = set[[empty]], contextLoader = 'org.springframework.test.context.support.DelegatingSmartContextLoader', parent = [null]]]
03:08:54.359 [Test worker] DEBUG o.s.t.c.cache - Spring test ApplicationContext cache statistics: [DefaultContextCache@2434961f size = 1, maxSize = 32, parentContextCount = 0, hitCount = 8, missCount = 1]
03:08:54.360 [Test worker] DEBUG o.s.t.c.s.AbstractDirtiesContextTestExecutionListener - After test class: context [DefaultTestContext@6f1d58c8 testClass = AopNamespaceHandlerAdviceOrderIntegrationTests.AfterAdviceLastTests, testInstance = [null], testMethod = [null], testException = [null], mergedContextConfiguration = [MergedContextConfiguration@40e2390a testClass = AopNamespaceHandlerAdviceOrderIntegrationTests.AfterAdviceLastTests, locations = '{classpath:/org/springframework/aop/config/AopNamespaceHandlerAdviceOrderIntegrationTests-afterLast.xml}', classes = '{}', contextInitializerClasses = '[]', activeProfiles = '{}', propertySourceLocations = '{}', propertySourceProperties = '{}', contextCustomizers = set[[empty]], contextLoader = 'org.springframework.test.context.support.DelegatingSmartContextLoader', parent = [null]], attributes = map[[empty]]], class annotated with @DirtiesContext [true] with mode [AFTER_CLASS].
03:08:54.369 [Test worker] DEBUG o.s.c.s.GenericApplicationContext - Closing org.springframework.context.support.GenericApplicationContext@17eabbe6, started on Mon Mar 20 03:08:53 GMT-05:00 2023
]]></system-out>
  <system-err><![CDATA[]]></system-err>
</testsuite>
