<?xml version="1.0" encoding="UTF-8"?>
<testsuite name="org.springframework.core.env.EnvironmentSystemIntegrationTests" tests="30" skipped="0" failures="0" errors="0" timestamp="2023-03-20T08:08:57" hostname="DESKTOP-VGJP1PJ" time="0.574">
  <properties/>
  <testcase name="annotatedBeanDefinitionReader_inheritsEnvironmentFromEnvironmentCapableBDR()" classname="org.springframework.core.env.EnvironmentSystemIntegrationTests" time="0.031"/>
  <testcase name="annotationConfigApplicationContext_withProfileExpressionMatchOr()" classname="org.springframework.core.env.EnvironmentSystemIntegrationTests" time="0.022"/>
  <testcase name="annotationConfigApplicationContext_withProdEnvAndDevConfigClass()" classname="org.springframework.core.env.EnvironmentSystemIntegrationTests" time="0.006"/>
  <testcase name="annotationConfigWebApplicationContext()" classname="org.springframework.core.env.EnvironmentSystemIntegrationTests" time="0.01"/>
  <testcase name="genericXmlApplicationContext()" classname="org.springframework.core.env.EnvironmentSystemIntegrationTests" time="0.047"/>
  <testcase name="xmlWebApplicationContext()" classname="org.springframework.core.env.EnvironmentSystemIntegrationTests" time="0.039"/>
  <testcase name="mostSpecificDerivedClassDrivesEnvironment_withDevEnvAndDerivedDevConfigClass()" classname="org.springframework.core.env.EnvironmentSystemIntegrationTests" time="0.007"/>
  <testcase name="webApplicationContext()" classname="org.springframework.core.env.EnvironmentSystemIntegrationTests" time="0.002"/>
  <testcase name="staticApplicationContext()" classname="org.springframework.core.env.EnvironmentSystemIntegrationTests" time="0.004"/>
  <testcase name="abstractApplicationContextValidatesRequiredPropertiesOnRefresh()" classname="org.springframework.core.env.EnvironmentSystemIntegrationTests" time="0.011"/>
  <testcase name="resourceAdapterApplicationContext()" classname="org.springframework.core.env.EnvironmentSystemIntegrationTests" time="0.016"/>
  <testcase name="genericApplicationContext_standardEnv()" classname="org.springframework.core.env.EnvironmentSystemIntegrationTests" time="0.002"/>
  <testcase name="xmlBeanDefinitionReader_inheritsEnvironmentFromEnvironmentCapableBDR()" classname="org.springframework.core.env.EnvironmentSystemIntegrationTests" time="0.035"/>
  <testcase name="annotationConfigApplicationContext_withImportedConfigClasses()" classname="org.springframework.core.env.EnvironmentSystemIntegrationTests" time="0.01"/>
  <testcase name="annotationConfigApplicationContext_withProdEnvAndProdConfigClass()" classname="org.springframework.core.env.EnvironmentSystemIntegrationTests" time="0.01"/>
  <testcase name="mostSpecificDerivedClassDrivesEnvironment_withDerivedDevEnvAndDerivedDevConfigClass()" classname="org.springframework.core.env.EnvironmentSystemIntegrationTests" time="0.024"/>
  <testcase name="classPathXmlApplicationContext()" classname="org.springframework.core.env.EnvironmentSystemIntegrationTests" time="0.066"/>
  <testcase name="genericApplicationContext_customEnv()" classname="org.springframework.core.env.EnvironmentSystemIntegrationTests" time="0.004"/>
  <testcase name="fileSystemXmlApplicationContext()" classname="org.springframework.core.env.EnvironmentSystemIntegrationTests" time="0.068"/>
  <testcase name="classPathBeanDefinitionScanner_inheritsEnvironmentFromEnvironmentCapableBDR_scanProfileAnnotatedConfigClasses()" classname="org.springframework.core.env.EnvironmentSystemIntegrationTests" time="0.036"/>
  <testcase name="annotationConfigApplicationContext_withProfileExpressionNoMatchNone()" classname="org.springframework.core.env.EnvironmentSystemIntegrationTests" time="0.014"/>
  <testcase name="registerServletParamPropertySources_AbstractRefreshableWebApplicationContext()" classname="org.springframework.core.env.EnvironmentSystemIntegrationTests" time="0.017"/>
  <testcase name="registerServletParamPropertySources_GenericWebApplicationContext()" classname="org.springframework.core.env.EnvironmentSystemIntegrationTests" time="0.007"/>
  <testcase name="annotationConfigApplicationContext_withProfileExpressionMatchAnd()" classname="org.springframework.core.env.EnvironmentSystemIntegrationTests" time="0.012"/>
  <testcase name="classPathBeanDefinitionScanner_inheritsEnvironmentFromEnvironmentCapableBDR_scanProfileAnnotatedComponents()" classname="org.springframework.core.env.EnvironmentSystemIntegrationTests" time="0.012"/>
  <testcase name="annotationConfigApplicationContext_withPojos()" classname="org.springframework.core.env.EnvironmentSystemIntegrationTests" time="0.007"/>
  <testcase name="annotationConfigApplicationContext_withDevEnvAndDevConfigClass()" classname="org.springframework.core.env.EnvironmentSystemIntegrationTests" time="0.019"/>
  <testcase name="annotationConfigApplicationContext_withProfileExpressionNoMatchAnd()" classname="org.springframework.core.env.EnvironmentSystemIntegrationTests" time="0.006"/>
  <testcase name="registerServletParamPropertySources_StaticWebApplicationContext()" classname="org.springframework.core.env.EnvironmentSystemIntegrationTests" time="0.004"/>
  <testcase name="staticWebApplicationContext()" classname="org.springframework.core.env.EnvironmentSystemIntegrationTests" time="0.001"/>
  <system-out><![CDATA[03:08:57.542 [Test worker] DEBUG o.s.c.e.StandardEnvironment - Activating profiles [prod]
03:08:57.542 [Test worker] DEBUG o.s.c.e.StandardEnvironment - Activating profiles [dev]
03:08:57.542 [Test worker] DEBUG o.s.w.c.s.StandardServletEnvironment - Activating profiles [prod]
03:08:57.542 [Test worker] DEBUG o.s.c.s.GenericApplicationContext - Refreshing org.springframework.context.support.GenericApplicationContext@6bb924e4
03:08:57.542 [Test worker] DEBUG o.s.b.f.s.DefaultListableBeanFactory - Creating shared instance of singleton bean 'org.springframework.context.annotation.internalConfigurationAnnotationProcessor'
03:08:57.560 [Test worker] DEBUG o.s.b.f.s.DefaultListableBeanFactory - Creating shared instance of singleton bean 'org.springframework.context.event.internalEventListenerProcessor'
03:08:57.560 [Test worker] DEBUG o.s.b.f.s.DefaultListableBeanFactory - Creating shared instance of singleton bean 'org.springframework.context.event.internalEventListenerFactory'
03:08:57.561 [Test worker] DEBUG o.s.b.f.s.DefaultListableBeanFactory - Creating shared instance of singleton bean 'org.springframework.context.annotation.internalAutowiredAnnotationProcessor'
03:08:57.561 [Test worker] DEBUG o.s.b.f.s.DefaultListableBeanFactory - Creating shared instance of singleton bean 'org.springframework.context.annotation.internalCommonAnnotationProcessor'
03:08:57.561 [Test worker] DEBUG o.s.b.f.s.DefaultListableBeanFactory - Creating shared instance of singleton bean 'org.springframework.context.annotation.internalPersistenceAnnotationProcessor'
03:08:57.562 [Test worker] DEBUG o.s.b.f.s.DefaultListableBeanFactory - Creating shared instance of singleton bean 'environmentSystemIntegrationTests.Config'
03:08:57.563 [Test worker] DEBUG o.s.b.f.s.DefaultListableBeanFactory - Creating shared instance of singleton bean 'org.springframework.core.env.EnvironmentSystemIntegrationTests$ProdConfig'
03:08:57.563 [Test worker] DEBUG o.s.b.f.s.DefaultListableBeanFactory - Creating shared instance of singleton bean 'prodBean'
03:08:57.567 [Test worker] DEBUG o.s.b.f.s.DefaultListableBeanFactory - Creating shared instance of singleton bean 'envAwareBean'
03:08:57.573 [Test worker] DEBUG o.s.c.e.StandardEnvironment - Activating profiles [prod]
03:08:57.573 [Test worker] DEBUG o.s.c.e.StandardEnvironment - Activating profiles [dev]
03:08:57.573 [Test worker] DEBUG o.s.w.c.s.StandardServletEnvironment - Activating profiles [prod]
03:08:57.575 [Test worker] DEBUG o.s.c.e.StandardEnvironment - Activating profiles [p3]
03:08:57.577 [Test worker] DEBUG o.s.c.a.AnnotationConfigApplicationContext - Refreshing org.springframework.context.annotation.AnnotationConfigApplicationContext@40d6211
03:08:57.578 [Test worker] DEBUG o.s.b.f.s.DefaultListableBeanFactory - Creating shared instance of singleton bean 'org.springframework.context.annotation.internalConfigurationAnnotationProcessor'
03:08:57.581 [Test worker] DEBUG o.s.b.f.s.DefaultListableBeanFactory - Creating shared instance of singleton bean 'org.springframework.context.event.internalEventListenerProcessor'
03:08:57.582 [Test worker] DEBUG o.s.b.f.s.DefaultListableBeanFactory - Creating shared instance of singleton bean 'org.springframework.context.event.internalEventListenerFactory'
03:08:57.583 [Test worker] DEBUG o.s.b.f.s.DefaultListableBeanFactory - Creating shared instance of singleton bean 'org.springframework.context.annotation.internalAutowiredAnnotationProcessor'
03:08:57.584 [Test worker] DEBUG o.s.b.f.s.DefaultListableBeanFactory - Creating shared instance of singleton bean 'org.springframework.context.annotation.internalCommonAnnotationProcessor'
03:08:57.584 [Test worker] DEBUG o.s.b.f.s.DefaultListableBeanFactory - Creating shared instance of singleton bean 'org.springframework.context.annotation.internalPersistenceAnnotationProcessor'
03:08:57.590 [Test worker] DEBUG o.s.b.f.s.DefaultListableBeanFactory - Creating shared instance of singleton bean 'environmentSystemIntegrationTests.ProfileExpressionConfig'
03:08:57.591 [Test worker] DEBUG o.s.b.f.s.DefaultListableBeanFactory - Creating shared instance of singleton bean 'expressionBean'
03:08:57.596 [Test worker] DEBUG o.s.c.e.StandardEnvironment - Activating profiles [prod]
03:08:57.596 [Test worker] DEBUG o.s.c.e.StandardEnvironment - Activating profiles [dev]
03:08:57.597 [Test worker] DEBUG o.s.w.c.s.StandardServletEnvironment - Activating profiles [prod]
03:08:57.599 [Test worker] DEBUG o.s.c.a.AnnotationConfigApplicationContext - Refreshing org.springframework.context.annotation.AnnotationConfigApplicationContext@6c79efa7
03:08:57.599 [Test worker] DEBUG o.s.b.f.s.DefaultListableBeanFactory - Creating shared instance of singleton bean 'org.springframework.context.annotation.internalConfigurationAnnotationProcessor'
03:08:57.600 [Test worker] DEBUG o.s.b.f.s.DefaultListableBeanFactory - Creating shared instance of singleton bean 'org.springframework.context.event.internalEventListenerProcessor'
03:08:57.600 [Test worker] DEBUG o.s.b.f.s.DefaultListableBeanFactory - Creating shared instance of singleton bean 'org.springframework.context.event.internalEventListenerFactory'
03:08:57.600 [Test worker] DEBUG o.s.b.f.s.DefaultListableBeanFactory - Creating shared instance of singleton bean 'org.springframework.context.annotation.internalAutowiredAnnotationProcessor'
03:08:57.600 [Test worker] DEBUG o.s.b.f.s.DefaultListableBeanFactory - Creating shared instance of singleton bean 'org.springframework.context.annotation.internalCommonAnnotationProcessor'
03:08:57.600 [Test worker] DEBUG o.s.b.f.s.DefaultListableBeanFactory - Creating shared instance of singleton bean 'org.springframework.context.annotation.internalPersistenceAnnotationProcessor'
03:08:57.602 [Test worker] DEBUG o.s.c.e.StandardEnvironment - Activating profiles [prod]
03:08:57.603 [Test worker] DEBUG o.s.c.e.StandardEnvironment - Activating profiles [dev]
03:08:57.603 [Test worker] DEBUG o.s.w.c.s.StandardServletEnvironment - Activating profiles [prod]
03:08:57.604 [Test worker] DEBUG o.s.w.c.s.AnnotationConfigWebApplicationContext - Refreshing Root WebApplicationContext
03:08:57.606 [Test worker] DEBUG o.s.b.f.s.DefaultListableBeanFactory - Creating shared instance of singleton bean 'org.springframework.context.annotation.internalConfigurationAnnotationProcessor'
03:08:57.607 [Test worker] DEBUG o.s.b.f.s.DefaultListableBeanFactory - Creating shared instance of singleton bean 'org.springframework.context.event.internalEventListenerProcessor'
03:08:57.607 [Test worker] DEBUG o.s.b.f.s.DefaultListableBeanFactory - Creating shared instance of singleton bean 'org.springframework.context.event.internalEventListenerFactory'
03:08:57.608 [Test worker] DEBUG o.s.b.f.s.DefaultListableBeanFactory - Creating shared instance of singleton bean 'org.springframework.context.annotation.internalAutowiredAnnotationProcessor'
03:08:57.609 [Test worker] DEBUG o.s.b.f.s.DefaultListableBeanFactory - Creating shared instance of singleton bean 'org.springframework.context.annotation.internalCommonAnnotationProcessor'
03:08:57.609 [Test worker] DEBUG o.s.b.f.s.DefaultListableBeanFactory - Creating shared instance of singleton bean 'org.springframework.context.annotation.internalPersistenceAnnotationProcessor'
03:08:57.609 [Test worker] DEBUG o.s.u.c.s.UiApplicationContextUtils - Unable to locate ThemeSource with name 'themeSource': using default [org.springframework.ui.context.support.ResourceBundleThemeSource@6e65691c]
03:08:57.610 [Test worker] DEBUG o.s.b.f.s.DefaultListableBeanFactory - Creating shared instance of singleton bean 'environmentSystemIntegrationTests.EnvironmentAwareBean'
03:08:57.615 [Test worker] DEBUG o.s.c.e.StandardEnvironment - Activating profiles [prod]
03:08:57.615 [Test worker] DEBUG o.s.c.e.StandardEnvironment - Activating profiles [dev]
03:08:57.615 [Test worker] DEBUG o.s.w.c.s.StandardServletEnvironment - Activating profiles [prod]
03:08:57.648 [Test worker] DEBUG o.s.b.f.x.DefaultBeanDefinitionDocumentReader - Skipped XML bean definition file due to specified profiles [dev] not matching: class path resource [org/springframework/core/env/EnvironmentSystemIntegrationTests-context-dev.xml]
03:08:57.648 [Test worker] DEBUG o.s.b.f.x.XmlBeanDefinitionReader - Loaded 0 bean definitions from class path resource [org/springframework/core/env/EnvironmentSystemIntegrationTests-context-dev.xml]
03:08:57.659 [Test worker] DEBUG o.s.b.f.x.XmlBeanDefinitionReader - Loaded 1 bean definitions from class path resource [org/springframework/core/env/EnvironmentSystemIntegrationTests-context-prod.xml]
03:08:57.660 [Test worker] DEBUG o.s.b.f.x.XmlBeanDefinitionReader - Loaded 2 bean definitions from class path resource [org/springframework/core/env/EnvironmentSystemIntegrationTests-context.xml]
03:08:57.660 [Test worker] DEBUG o.s.c.s.GenericXmlApplicationContext - Refreshing org.springframework.context.support.GenericXmlApplicationContext@6093c719
03:08:57.660 [Test worker] DEBUG o.s.b.f.s.DefaultListableBeanFactory - Creating shared instance of singleton bean 'envAwareBean'
03:08:57.660 [Test worker] DEBUG o.s.b.f.s.DefaultListableBeanFactory - Creating shared instance of singleton bean 'prodBean'
03:08:57.662 [Test worker] DEBUG o.s.c.e.StandardEnvironment - Activating profiles [prod]
03:08:57.662 [Test worker] DEBUG o.s.c.e.StandardEnvironment - Activating profiles [dev]
03:08:57.662 [Test worker] DEBUG o.s.w.c.s.StandardServletEnvironment - Activating profiles [prod]
03:08:57.662 [Test worker] DEBUG o.s.w.c.s.XmlWebApplicationContext - Refreshing Root WebApplicationContext
03:08:57.689 [Test worker] DEBUG o.s.b.f.x.DefaultBeanDefinitionDocumentReader - Skipped XML bean definition file due to specified profiles [dev] not matching: class path resource [org/springframework/core/env/EnvironmentSystemIntegrationTests-context-dev.xml]
03:08:57.689 [Test worker] DEBUG o.s.b.f.x.XmlBeanDefinitionReader - Loaded 0 bean definitions from class path resource [org/springframework/core/env/EnvironmentSystemIntegrationTests-context-dev.xml]
03:08:57.697 [Test worker] DEBUG o.s.b.f.x.XmlBeanDefinitionReader - Loaded 1 bean definitions from class path resource [org/springframework/core/env/EnvironmentSystemIntegrationTests-context-prod.xml]
03:08:57.697 [Test worker] DEBUG o.s.b.f.x.XmlBeanDefinitionReader - Loaded 2 bean definitions from class path resource [org/springframework/core/env/EnvironmentSystemIntegrationTests-context.xml]
03:08:57.699 [Test worker] DEBUG o.s.u.c.s.UiApplicationContextUtils - Unable to locate ThemeSource with name 'themeSource': using default [org.springframework.ui.context.support.ResourceBundleThemeSource@60149bb9]
03:08:57.699 [Test worker] DEBUG o.s.b.f.s.DefaultListableBeanFactory - Creating shared instance of singleton bean 'envAwareBean'
03:08:57.700 [Test worker] DEBUG o.s.b.f.s.DefaultListableBeanFactory - Creating shared instance of singleton bean 'prodBean'
03:08:57.703 [Test worker] DEBUG o.s.c.e.StandardEnvironment - Activating profiles [prod]
03:08:57.703 [Test worker] DEBUG o.s.c.e.StandardEnvironment - Activating profiles [dev]
03:08:57.703 [Test worker] DEBUG o.s.w.c.s.StandardServletEnvironment - Activating profiles [prod]
03:08:57.706 [Test worker] DEBUG o.s.c.a.AnnotationConfigApplicationContext - Refreshing org.springframework.context.annotation.AnnotationConfigApplicationContext@5a749217
03:08:57.706 [Test worker] DEBUG o.s.b.f.s.DefaultListableBeanFactory - Creating shared instance of singleton bean 'org.springframework.context.annotation.internalConfigurationAnnotationProcessor'
03:08:57.707 [Test worker] DEBUG o.s.b.f.s.DefaultListableBeanFactory - Creating shared instance of singleton bean 'org.springframework.context.event.internalEventListenerProcessor'
03:08:57.707 [Test worker] DEBUG o.s.b.f.s.DefaultListableBeanFactory - Creating shared instance of singleton bean 'org.springframework.context.event.internalEventListenerFactory'
03:08:57.708 [Test worker] DEBUG o.s.b.f.s.DefaultListableBeanFactory - Creating shared instance of singleton bean 'org.springframework.context.annotation.internalAutowiredAnnotationProcessor'
03:08:57.708 [Test worker] DEBUG o.s.b.f.s.DefaultListableBeanFactory - Creating shared instance of singleton bean 'org.springframework.context.annotation.internalCommonAnnotationProcessor'
03:08:57.708 [Test worker] DEBUG o.s.b.f.s.DefaultListableBeanFactory - Creating shared instance of singleton bean 'org.springframework.context.annotation.internalPersistenceAnnotationProcessor'
03:08:57.710 [Test worker] DEBUG o.s.c.e.StandardEnvironment - Activating profiles [prod]
03:08:57.710 [Test worker] DEBUG o.s.c.e.StandardEnvironment - Activating profiles [dev]
03:08:57.710 [Test worker] DEBUG o.s.w.c.s.StandardServletEnvironment - Activating profiles [prod]
03:08:57.711 [Test worker] DEBUG o.s.w.c.s.GenericWebApplicationContext - Refreshing org.springframework.web.context.support.GenericWebApplicationContext@36deade7
03:08:57.711 [Test worker] DEBUG o.s.u.c.s.UiApplicationContextUtils - Unable to locate ThemeSource with name 'themeSource': using default [org.springframework.ui.context.support.ResourceBundleThemeSource@1e9eca19]
03:08:57.711 [Test worker] DEBUG o.s.b.f.s.DefaultListableBeanFactory - Creating shared instance of singleton bean 'envAwareBean'
03:08:57.713 [Test worker] DEBUG o.s.c.e.StandardEnvironment - Activating profiles [prod]
03:08:57.713 [Test worker] DEBUG o.s.c.e.StandardEnvironment - Activating profiles [dev]
03:08:57.713 [Test worker] DEBUG o.s.w.c.s.StandardServletEnvironment - Activating profiles [prod]
03:08:57.715 [Test worker] DEBUG o.s.c.s.StaticApplicationContext - Refreshing org.springframework.context.support.StaticApplicationContext@415cbccc
03:08:57.716 [Test worker] DEBUG o.s.b.f.s.DefaultListableBeanFactory - Creating shared instance of singleton bean 'envAwareBean'
03:08:57.717 [Test worker] DEBUG o.s.c.e.StandardEnvironment - Activating profiles [prod]
03:08:57.717 [Test worker] DEBUG o.s.c.e.StandardEnvironment - Activating profiles [dev]
03:08:57.717 [Test worker] DEBUG o.s.w.c.s.StandardServletEnvironment - Activating profiles [prod]
03:08:57.719 [Test worker] DEBUG o.s.c.a.AnnotationConfigApplicationContext - Refreshing org.springframework.context.annotation.AnnotationConfigApplicationContext@46b911fc
03:08:57.719 [Test worker] DEBUG o.s.b.f.s.DefaultListableBeanFactory - Creating shared instance of singleton bean 'org.springframework.context.annotation.internalConfigurationAnnotationProcessor'
03:08:57.719 [Test worker] DEBUG o.s.b.f.s.DefaultListableBeanFactory - Creating shared instance of singleton bean 'org.springframework.context.event.internalEventListenerProcessor'
03:08:57.720 [Test worker] DEBUG o.s.b.f.s.DefaultListableBeanFactory - Creating shared instance of singleton bean 'org.springframework.context.event.internalEventListenerFactory'
03:08:57.720 [Test worker] DEBUG o.s.b.f.s.DefaultListableBeanFactory - Creating shared instance of singleton bean 'org.springframework.context.annotation.internalAutowiredAnnotationProcessor'
03:08:57.720 [Test worker] DEBUG o.s.b.f.s.DefaultListableBeanFactory - Creating shared instance of singleton bean 'org.springframework.context.annotation.internalCommonAnnotationProcessor'
03:08:57.720 [Test worker] DEBUG o.s.b.f.s.DefaultListableBeanFactory - Creating shared instance of singleton bean 'org.springframework.context.annotation.internalPersistenceAnnotationProcessor'
03:08:57.722 [Test worker] DEBUG o.s.c.a.AnnotationConfigApplicationContext - Refreshing org.springframework.context.annotation.AnnotationConfigApplicationContext@12411626
03:08:57.725 [Test worker] DEBUG o.s.c.a.AnnotationConfigApplicationContext - Refreshing org.springframework.context.annotation.AnnotationConfigApplicationContext@6d8b3abe
03:08:57.725 [Test worker] DEBUG o.s.b.f.s.DefaultListableBeanFactory - Creating shared instance of singleton bean 'org.springframework.context.annotation.internalConfigurationAnnotationProcessor'
03:08:57.725 [Test worker] DEBUG o.s.b.f.s.DefaultListableBeanFactory - Creating shared instance of singleton bean 'org.springframework.context.event.internalEventListenerProcessor'
03:08:57.725 [Test worker] DEBUG o.s.b.f.s.DefaultListableBeanFactory - Creating shared instance of singleton bean 'org.springframework.context.event.internalEventListenerFactory'
03:08:57.726 [Test worker] DEBUG o.s.b.f.s.DefaultListableBeanFactory - Creating shared instance of singleton bean 'org.springframework.context.annotation.internalAutowiredAnnotationProcessor'
03:08:57.727 [Test worker] DEBUG o.s.b.f.s.DefaultListableBeanFactory - Creating shared instance of singleton bean 'org.springframework.context.annotation.internalCommonAnnotationProcessor'
03:08:57.727 [Test worker] DEBUG o.s.b.f.s.DefaultListableBeanFactory - Creating shared instance of singleton bean 'org.springframework.context.annotation.internalPersistenceAnnotationProcessor'
03:08:57.728 [Test worker] DEBUG o.s.c.e.StandardEnvironment - Activating profiles [prod]
03:08:57.728 [Test worker] DEBUG o.s.c.e.StandardEnvironment - Activating profiles [dev]
03:08:57.728 [Test worker] DEBUG o.s.w.c.s.StandardServletEnvironment - Activating profiles [prod]
03:08:57.738 [Test worker] DEBUG o.s.j.c.ResourceAdapterApplicationContext - Refreshing org.springframework.jca.context.ResourceAdapterApplicationContext@67c8abb6
03:08:57.743 [Test worker] DEBUG o.s.b.f.s.DefaultListableBeanFactory - Creating shared instance of singleton bean 'envAwareBean'
03:08:57.745 [Test worker] DEBUG o.s.c.e.StandardEnvironment - Activating profiles [prod]
03:08:57.745 [Test worker] DEBUG o.s.c.e.StandardEnvironment - Activating profiles [dev]
03:08:57.745 [Test worker] DEBUG o.s.w.c.s.StandardServletEnvironment - Activating profiles [prod]
03:08:57.745 [Test worker] DEBUG o.s.c.s.GenericApplicationContext - Refreshing org.springframework.context.support.GenericApplicationContext@5e13d5df
03:08:57.745 [Test worker] DEBUG o.s.b.f.s.DefaultListableBeanFactory - Creating shared instance of singleton bean 'envAwareBean'
03:08:57.748 [Test worker] DEBUG o.s.c.e.StandardEnvironment - Activating profiles [prod]
03:08:57.748 [Test worker] DEBUG o.s.c.e.StandardEnvironment - Activating profiles [dev]
03:08:57.748 [Test worker] DEBUG o.s.w.c.s.StandardServletEnvironment - Activating profiles [prod]
03:08:57.771 [Test worker] DEBUG o.s.b.f.x.DefaultBeanDefinitionDocumentReader - Skipped XML bean definition file due to specified profiles [dev] not matching: class path resource [org/springframework/core/env/EnvironmentSystemIntegrationTests-context-dev.xml]
03:08:57.771 [Test worker] DEBUG o.s.b.f.x.XmlBeanDefinitionReader - Loaded 0 bean definitions from class path resource [org/springframework/core/env/EnvironmentSystemIntegrationTests-context-dev.xml]
03:08:57.781 [Test worker] DEBUG o.s.b.f.x.XmlBeanDefinitionReader - Loaded 1 bean definitions from class path resource [org/springframework/core/env/EnvironmentSystemIntegrationTests-context-prod.xml]
03:08:57.782 [Test worker] DEBUG o.s.b.f.x.XmlBeanDefinitionReader - Loaded 2 bean definitions from class path resource [org/springframework/core/env/EnvironmentSystemIntegrationTests-context.xml]
03:08:57.782 [Test worker] DEBUG o.s.c.s.GenericApplicationContext - Refreshing org.springframework.context.support.GenericApplicationContext@36fd2d76
03:08:57.782 [Test worker] DEBUG o.s.b.f.s.DefaultListableBeanFactory - Creating shared instance of singleton bean 'envAwareBean'
03:08:57.782 [Test worker] DEBUG o.s.b.f.s.DefaultListableBeanFactory - Creating shared instance of singleton bean 'prodBean'
03:08:57.784 [Test worker] DEBUG o.s.c.e.StandardEnvironment - Activating profiles [prod]
03:08:57.784 [Test worker] DEBUG o.s.c.e.StandardEnvironment - Activating profiles [dev]
03:08:57.784 [Test worker] DEBUG o.s.w.c.s.StandardServletEnvironment - Activating profiles [prod]
03:08:57.786 [Test worker] DEBUG o.s.c.a.AnnotationConfigApplicationContext - Refreshing org.springframework.context.annotation.AnnotationConfigApplicationContext@75eb874f
03:08:57.786 [Test worker] DEBUG o.s.b.f.s.DefaultListableBeanFactory - Creating shared instance of singleton bean 'org.springframework.context.annotation.internalConfigurationAnnotationProcessor'
03:08:57.790 [Test worker] DEBUG o.s.b.f.s.DefaultListableBeanFactory - Creating shared instance of singleton bean 'org.springframework.context.event.internalEventListenerProcessor'
03:08:57.790 [Test worker] DEBUG o.s.b.f.s.DefaultListableBeanFactory - Creating shared instance of singleton bean 'org.springframework.context.event.internalEventListenerFactory'
03:08:57.791 [Test worker] DEBUG o.s.b.f.s.DefaultListableBeanFactory - Creating shared instance of singleton bean 'org.springframework.context.annotation.internalAutowiredAnnotationProcessor'
03:08:57.791 [Test worker] DEBUG o.s.b.f.s.DefaultListableBeanFactory - Creating shared instance of singleton bean 'org.springframework.context.annotation.internalCommonAnnotationProcessor'
03:08:57.791 [Test worker] DEBUG o.s.b.f.s.DefaultListableBeanFactory - Creating shared instance of singleton bean 'org.springframework.context.annotation.internalPersistenceAnnotationProcessor'
03:08:57.791 [Test worker] DEBUG o.s.b.f.s.DefaultListableBeanFactory - Creating shared instance of singleton bean 'environmentSystemIntegrationTests.Config'
03:08:57.791 [Test worker] DEBUG o.s.b.f.s.DefaultListableBeanFactory - Creating shared instance of singleton bean 'org.springframework.core.env.EnvironmentSystemIntegrationTests$ProdConfig'
03:08:57.792 [Test worker] DEBUG o.s.b.f.s.DefaultListableBeanFactory - Creating shared instance of singleton bean 'prodBean'
03:08:57.792 [Test worker] DEBUG o.s.b.f.s.DefaultListableBeanFactory - Creating shared instance of singleton bean 'envAwareBean'
03:08:57.794 [Test worker] DEBUG o.s.c.e.StandardEnvironment - Activating profiles [prod]
03:08:57.794 [Test worker] DEBUG o.s.c.e.StandardEnvironment - Activating profiles [dev]
03:08:57.794 [Test worker] DEBUG o.s.w.c.s.StandardServletEnvironment - Activating profiles [prod]
03:08:57.797 [Test worker] DEBUG o.s.c.a.AnnotationConfigApplicationContext - Refreshing org.springframework.context.annotation.AnnotationConfigApplicationContext@6d8a587d
03:08:57.798 [Test worker] DEBUG o.s.b.f.s.DefaultListableBeanFactory - Creating shared instance of singleton bean 'org.springframework.context.annotation.internalConfigurationAnnotationProcessor'
03:08:57.800 [Test worker] DEBUG o.s.b.f.s.DefaultListableBeanFactory - Creating shared instance of singleton bean 'org.springframework.context.event.internalEventListenerProcessor'
03:08:57.801 [Test worker] DEBUG o.s.b.f.s.DefaultListableBeanFactory - Creating shared instance of singleton bean 'org.springframework.context.event.internalEventListenerFactory'
03:08:57.802 [Test worker] DEBUG o.s.b.f.s.DefaultListableBeanFactory - Creating shared instance of singleton bean 'org.springframework.context.annotation.internalAutowiredAnnotationProcessor'
03:08:57.802 [Test worker] DEBUG o.s.b.f.s.DefaultListableBeanFactory - Creating shared instance of singleton bean 'org.springframework.context.annotation.internalCommonAnnotationProcessor'
03:08:57.802 [Test worker] DEBUG o.s.b.f.s.DefaultListableBeanFactory - Creating shared instance of singleton bean 'org.springframework.context.annotation.internalPersistenceAnnotationProcessor'
03:08:57.803 [Test worker] DEBUG o.s.b.f.s.DefaultListableBeanFactory - Creating shared instance of singleton bean 'environmentSystemIntegrationTests.ProdConfig'
03:08:57.803 [Test worker] DEBUG o.s.b.f.s.DefaultListableBeanFactory - Creating shared instance of singleton bean 'prodBean'
03:08:57.806 [Test worker] DEBUG o.s.c.e.StandardEnvironment - Activating profiles [prod]
03:08:57.806 [Test worker] DEBUG o.s.c.e.StandardEnvironment - Activating profiles [dev]
03:08:57.806 [Test worker] DEBUG o.s.w.c.s.StandardServletEnvironment - Activating profiles [prod]
03:08:57.808 [Test worker] DEBUG o.s.c.e.StandardEnvironment - Activating profiles [derivedDev]
03:08:57.810 [Test worker] DEBUG o.s.c.a.AnnotationConfigApplicationContext - Refreshing org.springframework.context.annotation.AnnotationConfigApplicationContext@188de5cb
03:08:57.810 [Test worker] DEBUG o.s.b.f.s.DefaultListableBeanFactory - Creating shared instance of singleton bean 'org.springframework.context.annotation.internalConfigurationAnnotationProcessor'
03:08:57.815 [Test worker] DEBUG o.s.b.f.s.DefaultListableBeanFactory - Creating shared instance of singleton bean 'org.springframework.context.event.internalEventListenerProcessor'
03:08:57.816 [Test worker] DEBUG o.s.b.f.s.DefaultListableBeanFactory - Creating shared instance of singleton bean 'org.springframework.context.event.internalEventListenerFactory'
03:08:57.817 [Test worker] DEBUG o.s.b.f.s.DefaultListableBeanFactory - Creating shared instance of singleton bean 'org.springframework.context.annotation.internalAutowiredAnnotationProcessor'
03:08:57.818 [Test worker] DEBUG o.s.b.f.s.DefaultListableBeanFactory - Creating shared instance of singleton bean 'org.springframework.context.annotation.internalCommonAnnotationProcessor'
03:08:57.819 [Test worker] DEBUG o.s.b.f.s.DefaultListableBeanFactory - Creating shared instance of singleton bean 'org.springframework.context.annotation.internalPersistenceAnnotationProcessor'
03:08:57.820 [Test worker] DEBUG o.s.b.f.s.DefaultListableBeanFactory - Creating shared instance of singleton bean 'environmentSystemIntegrationTests.DerivedDevConfig'
03:08:57.820 [Test worker] DEBUG o.s.b.f.s.DefaultListableBeanFactory - Creating shared instance of singleton bean 'org.springframework.core.env.EnvironmentSystemIntegrationTests$TransitiveConfig'
03:08:57.821 [Test worker] DEBUG o.s.b.f.s.DefaultListableBeanFactory - Creating shared instance of singleton bean 'transitiveBean'
03:08:57.823 [Test worker] DEBUG o.s.b.f.s.DefaultListableBeanFactory - Creating shared instance of singleton bean 'derivedDevBean'
03:08:57.826 [Test worker] DEBUG o.s.b.f.s.DefaultListableBeanFactory - Creating shared instance of singleton bean 'devBean'
03:08:57.830 [Test worker] DEBUG o.s.c.e.StandardEnvironment - Activating profiles [prod]
03:08:57.830 [Test worker] DEBUG o.s.c.e.StandardEnvironment - Activating profiles [dev]
03:08:57.830 [Test worker] DEBUG o.s.w.c.s.StandardServletEnvironment - Activating profiles [prod]
03:08:57.830 [Test worker] DEBUG o.s.c.s.ClassPathXmlApplicationContext - Refreshing org.springframework.context.support.ClassPathXmlApplicationContext@2340e516
03:08:57.854 [Test worker] DEBUG o.s.b.f.x.DefaultBeanDefinitionDocumentReader - Skipped XML bean definition file due to specified profiles [dev] not matching: class path resource [org/springframework/core/env/EnvironmentSystemIntegrationTests-context-dev.xml]
03:08:57.854 [Test worker] DEBUG o.s.b.f.x.XmlBeanDefinitionReader - Loaded 0 bean definitions from class path resource [org/springframework/core/env/EnvironmentSystemIntegrationTests-context-dev.xml]
03:08:57.863 [Test worker] DEBUG o.s.b.f.x.DefaultBeanDefinitionDocumentReader - Skipped XML bean definition file due to specified profiles [prod] not matching: class path resource [org/springframework/core/env/EnvironmentSystemIntegrationTests-context-prod.xml]
03:08:57.864 [Test worker] DEBUG o.s.b.f.x.XmlBeanDefinitionReader - Loaded 0 bean definitions from class path resource [org/springframework/core/env/EnvironmentSystemIntegrationTests-context-prod.xml]
03:08:57.864 [Test worker] DEBUG o.s.b.f.x.XmlBeanDefinitionReader - Loaded 1 bean definitions from class path resource [org/springframework/core/env/EnvironmentSystemIntegrationTests-context.xml]
03:08:57.865 [Test worker] DEBUG o.s.b.f.s.DefaultListableBeanFactory - Creating shared instance of singleton bean 'envAwareBean'
03:08:57.865 [Test worker] DEBUG o.s.c.s.ClassPathXmlApplicationContext - Refreshing org.springframework.context.support.ClassPathXmlApplicationContext@2340e516
03:08:57.886 [Test worker] DEBUG o.s.b.f.x.DefaultBeanDefinitionDocumentReader - Skipped XML bean definition file due to specified profiles [dev] not matching: class path resource [org/springframework/core/env/EnvironmentSystemIntegrationTests-context-dev.xml]
03:08:57.886 [Test worker] DEBUG o.s.b.f.x.XmlBeanDefinitionReader - Loaded 0 bean definitions from class path resource [org/springframework/core/env/EnvironmentSystemIntegrationTests-context-dev.xml]
03:08:57.894 [Test worker] DEBUG o.s.b.f.x.XmlBeanDefinitionReader - Loaded 1 bean definitions from class path resource [org/springframework/core/env/EnvironmentSystemIntegrationTests-context-prod.xml]
03:08:57.895 [Test worker] DEBUG o.s.b.f.x.XmlBeanDefinitionReader - Loaded 2 bean definitions from class path resource [org/springframework/core/env/EnvironmentSystemIntegrationTests-context.xml]
03:08:57.896 [Test worker] DEBUG o.s.b.f.s.DefaultListableBeanFactory - Creating shared instance of singleton bean 'envAwareBean'
03:08:57.896 [Test worker] DEBUG o.s.b.f.s.DefaultListableBeanFactory - Creating shared instance of singleton bean 'prodBean'
03:08:57.898 [Test worker] DEBUG o.s.c.e.StandardEnvironment - Activating profiles [prod]
03:08:57.899 [Test worker] DEBUG o.s.c.e.StandardEnvironment - Activating profiles [dev]
03:08:57.900 [Test worker] DEBUG o.s.w.c.s.StandardServletEnvironment - Activating profiles [prod]
03:08:57.900 [Test worker] DEBUG o.s.c.s.GenericApplicationContext - Refreshing org.springframework.context.support.GenericApplicationContext@55678ca5
03:08:57.901 [Test worker] DEBUG o.s.b.f.s.DefaultListableBeanFactory - Creating shared instance of singleton bean 'envAwareBean'
03:08:57.903 [Test worker] DEBUG o.s.c.e.StandardEnvironment - Activating profiles [prod]
03:08:57.903 [Test worker] DEBUG o.s.c.e.StandardEnvironment - Activating profiles [dev]
03:08:57.903 [Test worker] DEBUG o.s.w.c.s.StandardServletEnvironment - Activating profiles [prod]
03:08:57.911 [Test worker] DEBUG o.s.c.s.FileSystemXmlApplicationContext - Refreshing org.springframework.context.support.FileSystemXmlApplicationContext@2cf8c486
03:08:57.944 [Test worker] DEBUG o.s.b.f.x.DefaultBeanDefinitionDocumentReader - Skipped XML bean definition file due to specified profiles [dev] not matching: class path resource [org/springframework/core/env/EnvironmentSystemIntegrationTests-context-dev.xml]
03:08:57.944 [Test worker] DEBUG o.s.b.f.x.XmlBeanDefinitionReader - Loaded 0 bean definitions from class path resource [org/springframework/core/env/EnvironmentSystemIntegrationTests-context-dev.xml]
03:08:57.969 [Test worker] DEBUG o.s.b.f.x.XmlBeanDefinitionReader - Loaded 1 bean definitions from class path resource [org/springframework/core/env/EnvironmentSystemIntegrationTests-context-prod.xml]
03:08:57.969 [Test worker] DEBUG o.s.b.f.x.XmlBeanDefinitionReader - Loaded 2 bean definitions from URL [file:C:/Users/radl/AppData/Local/Temp/test2820046336107021554xml]
03:08:57.969 [Test worker] DEBUG o.s.b.f.s.DefaultListableBeanFactory - Creating shared instance of singleton bean 'envAwareBean'
03:08:57.970 [Test worker] DEBUG o.s.b.f.s.DefaultListableBeanFactory - Creating shared instance of singleton bean 'prodBean'
03:08:57.972 [Test worker] DEBUG o.s.c.e.StandardEnvironment - Activating profiles [prod]
03:08:57.972 [Test worker] DEBUG o.s.c.e.StandardEnvironment - Activating profiles [dev]
03:08:57.972 [Test worker] DEBUG o.s.w.c.s.StandardServletEnvironment - Activating profiles [prod]
03:08:57.975 [Test worker] DEBUG o.s.c.a.ClassPathBeanDefinitionScanner - Identified candidate component class: file [F:\spring-framework-5.3.x\spring-framework-5.3.0-M2\integration-tests\build\classes\java\test\org\springframework\core\env\scan1\Config.class]
03:08:57.978 [Test worker] DEBUG o.s.c.a.ClassPathBeanDefinitionScanner - Identified candidate component class: file [F:\spring-framework-5.3.x\spring-framework-5.3.0-M2\integration-tests\build\classes\java\test\org\springframework\core\env\scan1\ProdConfig.class]
03:08:57.979 [Test worker] DEBUG o.s.c.s.GenericApplicationContext - Refreshing org.springframework.context.support.GenericApplicationContext@6bf5acec
03:08:57.980 [Test worker] DEBUG o.s.b.f.s.DefaultListableBeanFactory - Creating shared instance of singleton bean 'org.springframework.context.annotation.internalConfigurationAnnotationProcessor'
03:08:57.997 [Test worker] DEBUG o.s.b.f.s.DefaultListableBeanFactory - Creating shared instance of singleton bean 'org.springframework.context.event.internalEventListenerProcessor'
03:08:57.997 [Test worker] DEBUG o.s.b.f.s.DefaultListableBeanFactory - Creating shared instance of singleton bean 'org.springframework.context.event.internalEventListenerFactory'
03:08:57.997 [Test worker] DEBUG o.s.b.f.s.DefaultListableBeanFactory - Creating shared instance of singleton bean 'org.springframework.context.annotation.internalAutowiredAnnotationProcessor'
03:08:57.998 [Test worker] DEBUG o.s.b.f.s.DefaultListableBeanFactory - Creating shared instance of singleton bean 'org.springframework.context.annotation.internalCommonAnnotationProcessor'
03:08:57.998 [Test worker] DEBUG o.s.b.f.s.DefaultListableBeanFactory - Creating shared instance of singleton bean 'org.springframework.context.annotation.internalPersistenceAnnotationProcessor'
03:08:57.998 [Test worker] DEBUG o.s.b.f.s.DefaultListableBeanFactory - Creating shared instance of singleton bean 'config'
03:08:57.999 [Test worker] DEBUG o.s.b.f.s.DefaultListableBeanFactory - Creating shared instance of singleton bean 'prodConfig'
03:08:58.000 [Test worker] DEBUG o.s.b.f.s.DefaultListableBeanFactory - Creating shared instance of singleton bean 'prodBean'
03:08:58.009 [Test worker] DEBUG o.s.c.e.StandardEnvironment - Activating profiles [prod]
03:08:58.009 [Test worker] DEBUG o.s.c.e.StandardEnvironment - Activating profiles [dev]
03:08:58.009 [Test worker] DEBUG o.s.w.c.s.StandardServletEnvironment - Activating profiles [prod]
03:08:58.020 [Test worker] DEBUG o.s.c.e.StandardEnvironment - Activating profiles [p4]
03:08:58.022 [Test worker] DEBUG o.s.c.a.AnnotationConfigApplicationContext - Refreshing org.springframework.context.annotation.AnnotationConfigApplicationContext@379af7eb
03:08:58.022 [Test worker] DEBUG o.s.b.f.s.DefaultListableBeanFactory - Creating shared instance of singleton bean 'org.springframework.context.annotation.internalConfigurationAnnotationProcessor'
03:08:58.022 [Test worker] DEBUG o.s.b.f.s.DefaultListableBeanFactory - Creating shared instance of singleton bean 'org.springframework.context.event.internalEventListenerProcessor'
03:08:58.022 [Test worker] DEBUG o.s.b.f.s.DefaultListableBeanFactory - Creating shared instance of singleton bean 'org.springframework.context.event.internalEventListenerFactory'
03:08:58.023 [Test worker] DEBUG o.s.b.f.s.DefaultListableBeanFactory - Creating shared instance of singleton bean 'org.springframework.context.annotation.internalAutowiredAnnotationProcessor'
03:08:58.023 [Test worker] DEBUG o.s.b.f.s.DefaultListableBeanFactory - Creating shared instance of singleton bean 'org.springframework.context.annotation.internalCommonAnnotationProcessor'
03:08:58.023 [Test worker] DEBUG o.s.b.f.s.DefaultListableBeanFactory - Creating shared instance of singleton bean 'org.springframework.context.annotation.internalPersistenceAnnotationProcessor'
03:08:58.024 [Test worker] DEBUG o.s.c.e.StandardEnvironment - Activating profiles [prod]
03:08:58.024 [Test worker] DEBUG o.s.c.e.StandardEnvironment - Activating profiles [dev]
03:08:58.025 [Test worker] DEBUG o.s.w.c.s.StandardServletEnvironment - Activating profiles [prod]
03:08:58.026 [Test worker] DEBUG o.s.w.c.s.AnnotationConfigWebApplicationContext - Refreshing Root WebApplicationContext
03:08:58.029 [Test worker] DEBUG o.s.b.f.s.DefaultListableBeanFactory - Creating shared instance of singleton bean 'org.springframework.context.annotation.internalConfigurationAnnotationProcessor'
03:08:58.029 [Test worker] DEBUG o.s.b.f.s.DefaultListableBeanFactory - Creating shared instance of singleton bean 'org.springframework.context.event.internalEventListenerProcessor'
03:08:58.030 [Test worker] DEBUG o.s.b.f.s.DefaultListableBeanFactory - Creating shared instance of singleton bean 'org.springframework.context.event.internalEventListenerFactory'
03:08:58.030 [Test worker] DEBUG o.s.b.f.s.DefaultListableBeanFactory - Creating shared instance of singleton bean 'org.springframework.context.annotation.internalAutowiredAnnotationProcessor'
03:08:58.031 [Test worker] DEBUG o.s.b.f.s.DefaultListableBeanFactory - Creating shared instance of singleton bean 'org.springframework.context.annotation.internalCommonAnnotationProcessor'
03:08:58.031 [Test worker] DEBUG o.s.b.f.s.DefaultListableBeanFactory - Creating shared instance of singleton bean 'org.springframework.context.annotation.internalPersistenceAnnotationProcessor'
03:08:58.031 [Test worker] DEBUG o.s.u.c.s.UiApplicationContextUtils - Unable to locate ThemeSource with name 'themeSource': using default [org.springframework.ui.context.support.ResourceBundleThemeSource@56835c04]
03:08:58.031 [Test worker] DEBUG o.s.b.f.s.DefaultListableBeanFactory - Creating shared instance of singleton bean 'environmentSystemIntegrationTests.EnvironmentAwareBean'
03:08:58.035 [Test worker] DEBUG o.s.c.e.PropertySourcesPropertyResolver - Found key 'pCommon' in PropertySource 'servletConfigInitParams' with value of type String
03:08:58.039 [Test worker] DEBUG o.s.c.e.PropertySourcesPropertyResolver - Found key 'pContext1' in PropertySource 'servletContextInitParams' with value of type String
03:08:58.039 [Test worker] DEBUG o.s.c.e.PropertySourcesPropertyResolver - Found key 'pConfig1' in PropertySource 'servletConfigInitParams' with value of type String
03:08:58.040 [Test worker] DEBUG o.s.c.e.PropertySourcesPropertyResolver - Found key 'pCommon' in PropertySource 'servletConfigInitParams' with value of type String
03:08:58.040 [Test worker] DEBUG o.s.c.e.PropertySourcesPropertyResolver - Found key 'pSysProps1' in PropertySource 'systemProperties' with value of type String
03:08:58.043 [Test worker] DEBUG o.s.c.e.StandardEnvironment - Activating profiles [prod]
03:08:58.043 [Test worker] DEBUG o.s.c.e.StandardEnvironment - Activating profiles [dev]
03:08:58.044 [Test worker] DEBUG o.s.w.c.s.StandardServletEnvironment - Activating profiles [prod]
03:08:58.044 [Test worker] DEBUG o.s.w.c.s.GenericWebApplicationContext - Refreshing org.springframework.web.context.support.GenericWebApplicationContext@317f96dd
03:08:58.047 [Test worker] DEBUG o.s.u.c.s.UiApplicationContextUtils - Unable to locate ThemeSource with name 'themeSource': using default [org.springframework.ui.context.support.ResourceBundleThemeSource@c8bda1c]
03:08:58.048 [Test worker] DEBUG o.s.c.e.PropertySourcesPropertyResolver - Found key 'pCommon' in PropertySource 'servletContextInitParams' with value of type String
03:08:58.048 [Test worker] DEBUG o.s.c.e.PropertySourcesPropertyResolver - Found key 'pContext1' in PropertySource 'servletContextInitParams' with value of type String
03:08:58.048 [Test worker] DEBUG o.s.c.e.PropertySourcesPropertyResolver - Found key 'pCommon' in PropertySource 'servletContextInitParams' with value of type String
03:08:58.049 [Test worker] DEBUG o.s.c.e.PropertySourcesPropertyResolver - Found key 'pSysProps1' in PropertySource 'systemProperties' with value of type String
03:08:58.051 [Test worker] DEBUG o.s.c.e.StandardEnvironment - Activating profiles [prod]
03:08:58.051 [Test worker] DEBUG o.s.c.e.StandardEnvironment - Activating profiles [dev]
03:08:58.052 [Test worker] DEBUG o.s.w.c.s.StandardServletEnvironment - Activating profiles [prod]
03:08:58.054 [Test worker] DEBUG o.s.c.e.StandardEnvironment - Activating profiles [p1, p2]
03:08:58.056 [Test worker] DEBUG o.s.c.a.AnnotationConfigApplicationContext - Refreshing org.springframework.context.annotation.AnnotationConfigApplicationContext@51b5796f
03:08:58.057 [Test worker] DEBUG o.s.b.f.s.DefaultListableBeanFactory - Creating shared instance of singleton bean 'org.springframework.context.annotation.internalConfigurationAnnotationProcessor'
03:08:58.059 [Test worker] DEBUG o.s.b.f.s.DefaultListableBeanFactory - Creating shared instance of singleton bean 'org.springframework.context.event.internalEventListenerProcessor'
03:08:58.059 [Test worker] DEBUG o.s.b.f.s.DefaultListableBeanFactory - Creating shared instance of singleton bean 'org.springframework.context.event.internalEventListenerFactory'
03:08:58.059 [Test worker] DEBUG o.s.b.f.s.DefaultListableBeanFactory - Creating shared instance of singleton bean 'org.springframework.context.annotation.internalAutowiredAnnotationProcessor'
03:08:58.060 [Test worker] DEBUG o.s.b.f.s.DefaultListableBeanFactory - Creating shared instance of singleton bean 'org.springframework.context.annotation.internalCommonAnnotationProcessor'
03:08:58.060 [Test worker] DEBUG o.s.b.f.s.DefaultListableBeanFactory - Creating shared instance of singleton bean 'org.springframework.context.annotation.internalPersistenceAnnotationProcessor'
03:08:58.060 [Test worker] DEBUG o.s.b.f.s.DefaultListableBeanFactory - Creating shared instance of singleton bean 'environmentSystemIntegrationTests.ProfileExpressionConfig'
03:08:58.061 [Test worker] DEBUG o.s.b.f.s.DefaultListableBeanFactory - Creating shared instance of singleton bean 'expressionBean'
03:08:58.063 [Test worker] DEBUG o.s.c.e.StandardEnvironment - Activating profiles [prod]
03:08:58.063 [Test worker] DEBUG o.s.c.e.StandardEnvironment - Activating profiles [dev]
03:08:58.064 [Test worker] DEBUG o.s.w.c.s.StandardServletEnvironment - Activating profiles [prod]
03:08:58.066 [Test worker] DEBUG o.s.c.a.ClassPathBeanDefinitionScanner - Identified candidate component class: file [F:\spring-framework-5.3.x\spring-framework-5.3.0-M2\integration-tests\build\classes\java\test\org\springframework\core\env\scan2\ProdBean.class]
03:08:58.067 [Test worker] DEBUG o.s.c.s.GenericApplicationContext - Refreshing org.springframework.context.support.GenericApplicationContext@53c811fd
03:08:58.068 [Test worker] DEBUG o.s.b.f.s.DefaultListableBeanFactory - Creating shared instance of singleton bean 'org.springframework.context.annotation.internalConfigurationAnnotationProcessor'
03:08:58.072 [Test worker] DEBUG o.s.b.f.s.DefaultListableBeanFactory - Creating shared instance of singleton bean 'org.springframework.context.event.internalEventListenerProcessor'
03:08:58.072 [Test worker] DEBUG o.s.b.f.s.DefaultListableBeanFactory - Creating shared instance of singleton bean 'org.springframework.context.event.internalEventListenerFactory'
03:08:58.073 [Test worker] DEBUG o.s.b.f.s.DefaultListableBeanFactory - Creating shared instance of singleton bean 'org.springframework.context.annotation.internalAutowiredAnnotationProcessor'
03:08:58.074 [Test worker] DEBUG o.s.b.f.s.DefaultListableBeanFactory - Creating shared instance of singleton bean 'org.springframework.context.annotation.internalCommonAnnotationProcessor'
03:08:58.074 [Test worker] DEBUG o.s.b.f.s.DefaultListableBeanFactory - Creating shared instance of singleton bean 'org.springframework.context.annotation.internalPersistenceAnnotationProcessor'
03:08:58.074 [Test worker] DEBUG o.s.b.f.s.DefaultListableBeanFactory - Creating shared instance of singleton bean 'prodBean'
03:08:58.078 [Test worker] DEBUG o.s.c.e.StandardEnvironment - Activating profiles [prod]
03:08:58.078 [Test worker] DEBUG o.s.c.e.StandardEnvironment - Activating profiles [dev]
03:08:58.078 [Test worker] DEBUG o.s.w.c.s.StandardServletEnvironment - Activating profiles [prod]
03:08:58.080 [Test worker] DEBUG o.s.c.a.AnnotationConfigApplicationContext - Refreshing org.springframework.context.annotation.AnnotationConfigApplicationContext@41958be4
03:08:58.080 [Test worker] DEBUG o.s.b.f.s.DefaultListableBeanFactory - Creating shared instance of singleton bean 'org.springframework.context.annotation.internalConfigurationAnnotationProcessor'
03:08:58.081 [Test worker] DEBUG o.s.b.f.s.DefaultListableBeanFactory - Creating shared instance of singleton bean 'org.springframework.context.event.internalEventListenerProcessor'
03:08:58.081 [Test worker] DEBUG o.s.b.f.s.DefaultListableBeanFactory - Creating shared instance of singleton bean 'org.springframework.context.event.internalEventListenerFactory'
03:08:58.081 [Test worker] DEBUG o.s.b.f.s.DefaultListableBeanFactory - Creating shared instance of singleton bean 'org.springframework.context.annotation.internalAutowiredAnnotationProcessor'
03:08:58.081 [Test worker] DEBUG o.s.b.f.s.DefaultListableBeanFactory - Creating shared instance of singleton bean 'org.springframework.context.annotation.internalCommonAnnotationProcessor'
03:08:58.082 [Test worker] DEBUG o.s.b.f.s.DefaultListableBeanFactory - Creating shared instance of singleton bean 'org.springframework.context.annotation.internalPersistenceAnnotationProcessor'
03:08:58.082 [Test worker] DEBUG o.s.b.f.s.DefaultListableBeanFactory - Creating shared instance of singleton bean 'environmentSystemIntegrationTests.EnvironmentAwareBean'
03:08:58.084 [Test worker] DEBUG o.s.c.e.StandardEnvironment - Activating profiles [prod]
03:08:58.085 [Test worker] DEBUG o.s.c.e.StandardEnvironment - Activating profiles [dev]
03:08:58.085 [Test worker] DEBUG o.s.w.c.s.StandardServletEnvironment - Activating profiles [prod]
03:08:58.087 [Test worker] DEBUG o.s.c.a.AnnotationConfigApplicationContext - Refreshing org.springframework.context.annotation.AnnotationConfigApplicationContext@3394a68
03:08:58.088 [Test worker] DEBUG o.s.b.f.s.DefaultListableBeanFactory - Creating shared instance of singleton bean 'org.springframework.context.annotation.internalConfigurationAnnotationProcessor'
03:08:58.092 [Test worker] DEBUG o.s.b.f.s.DefaultListableBeanFactory - Creating shared instance of singleton bean 'org.springframework.context.event.internalEventListenerProcessor'
03:08:58.092 [Test worker] DEBUG o.s.b.f.s.DefaultListableBeanFactory - Creating shared instance of singleton bean 'org.springframework.context.event.internalEventListenerFactory'
03:08:58.092 [Test worker] DEBUG o.s.b.f.s.DefaultListableBeanFactory - Creating shared instance of singleton bean 'org.springframework.context.annotation.internalAutowiredAnnotationProcessor'
03:08:58.092 [Test worker] DEBUG o.s.b.f.s.DefaultListableBeanFactory - Creating shared instance of singleton bean 'org.springframework.context.annotation.internalCommonAnnotationProcessor'
03:08:58.092 [Test worker] DEBUG o.s.b.f.s.DefaultListableBeanFactory - Creating shared instance of singleton bean 'org.springframework.context.annotation.internalPersistenceAnnotationProcessor'
03:08:58.092 [Test worker] DEBUG o.s.b.f.s.DefaultListableBeanFactory - Creating shared instance of singleton bean 'environmentSystemIntegrationTests.DevConfig'
03:08:58.093 [Test worker] DEBUG o.s.b.f.s.DefaultListableBeanFactory - Creating shared instance of singleton bean 'org.springframework.core.env.EnvironmentSystemIntegrationTests$TransitiveConfig'
03:08:58.093 [Test worker] DEBUG o.s.b.f.s.DefaultListableBeanFactory - Creating shared instance of singleton bean 'transitiveBean'
03:08:58.094 [Test worker] DEBUG o.s.b.f.s.DefaultListableBeanFactory - Creating shared instance of singleton bean 'devBean'
03:08:58.103 [Test worker] DEBUG o.s.c.e.StandardEnvironment - Activating profiles [prod]
03:08:58.103 [Test worker] DEBUG o.s.c.e.StandardEnvironment - Activating profiles [dev]
03:08:58.103 [Test worker] DEBUG o.s.w.c.s.StandardServletEnvironment - Activating profiles [prod]
03:08:58.106 [Test worker] DEBUG o.s.c.e.StandardEnvironment - Activating profiles [p1]
03:08:58.106 [Test worker] DEBUG o.s.c.a.AnnotationConfigApplicationContext - Refreshing org.springframework.context.annotation.AnnotationConfigApplicationContext@18909adb
03:08:58.107 [Test worker] DEBUG o.s.b.f.s.DefaultListableBeanFactory - Creating shared instance of singleton bean 'org.springframework.context.annotation.internalConfigurationAnnotationProcessor'
03:08:58.107 [Test worker] DEBUG o.s.b.f.s.DefaultListableBeanFactory - Creating shared instance of singleton bean 'org.springframework.context.event.internalEventListenerProcessor'
03:08:58.108 [Test worker] DEBUG o.s.b.f.s.DefaultListableBeanFactory - Creating shared instance of singleton bean 'org.springframework.context.event.internalEventListenerFactory'
03:08:58.108 [Test worker] DEBUG o.s.b.f.s.DefaultListableBeanFactory - Creating shared instance of singleton bean 'org.springframework.context.annotation.internalAutowiredAnnotationProcessor'
03:08:58.108 [Test worker] DEBUG o.s.b.f.s.DefaultListableBeanFactory - Creating shared instance of singleton bean 'org.springframework.context.annotation.internalCommonAnnotationProcessor'
03:08:58.108 [Test worker] DEBUG o.s.b.f.s.DefaultListableBeanFactory - Creating shared instance of singleton bean 'org.springframework.context.annotation.internalPersistenceAnnotationProcessor'
03:08:58.109 [Test worker] DEBUG o.s.c.e.StandardEnvironment - Activating profiles [prod]
03:08:58.109 [Test worker] DEBUG o.s.c.e.StandardEnvironment - Activating profiles [dev]
03:08:58.109 [Test worker] DEBUG o.s.w.c.s.StandardServletEnvironment - Activating profiles [prod]
03:08:58.112 [Test worker] DEBUG o.s.w.c.s.StaticWebApplicationContext - Refreshing Root WebApplicationContext
03:08:58.112 [Test worker] DEBUG o.s.u.c.s.UiApplicationContextUtils - Unable to locate ThemeSource with name 'themeSource': using default [org.springframework.ui.context.support.ResourceBundleThemeSource@46a6b771]
03:08:58.113 [Test worker] DEBUG o.s.c.e.PropertySourcesPropertyResolver - Found key 'pCommon' in PropertySource 'servletConfigInitParams' with value of type String
03:08:58.113 [Test worker] DEBUG o.s.c.e.PropertySourcesPropertyResolver - Found key 'pContext1' in PropertySource 'servletContextInitParams' with value of type String
03:08:58.113 [Test worker] DEBUG o.s.c.e.PropertySourcesPropertyResolver - Found key 'pConfig1' in PropertySource 'servletConfigInitParams' with value of type String
03:08:58.113 [Test worker] DEBUG o.s.c.e.PropertySourcesPropertyResolver - Found key 'pCommon' in PropertySource 'servletConfigInitParams' with value of type String
03:08:58.113 [Test worker] DEBUG o.s.c.e.PropertySourcesPropertyResolver - Found key 'pSysProps1' in PropertySource 'systemProperties' with value of type String
03:08:58.114 [Test worker] DEBUG o.s.c.e.StandardEnvironment - Activating profiles [prod]
03:08:58.114 [Test worker] DEBUG o.s.c.e.StandardEnvironment - Activating profiles [dev]
03:08:58.114 [Test worker] DEBUG o.s.w.c.s.StandardServletEnvironment - Activating profiles [prod]
03:08:58.115 [Test worker] DEBUG o.s.w.c.s.StaticWebApplicationContext - Refreshing Root WebApplicationContext
03:08:58.115 [Test worker] DEBUG o.s.u.c.s.UiApplicationContextUtils - Unable to locate ThemeSource with name 'themeSource': using default [org.springframework.ui.context.support.ResourceBundleThemeSource@1b8b40fc]
03:08:58.115 [Test worker] DEBUG o.s.b.f.s.DefaultListableBeanFactory - Creating shared instance of singleton bean 'envAwareBean'
]]></system-out>
  <system-err><![CDATA[]]></system-err>
</testsuite>
