<?xml version="1.0" encoding="UTF-8"?>
<testsuite name="org.springframework.cache.aspectj.AspectJEnableCachingTests" tests="60" skipped="0" failures="0" errors="0" timestamp="2023-03-20T08:18:51" hostname="DESKTOP-VGJP1PJ" time="7.912">
  <properties/>
  <testcase name="testMultiConditionalCacheAndEvict()" classname="org.springframework.cache.aspectj.AspectJEnableCachingTests" time="0.187"/>
  <testcase name="testClassEvictWithKeyEarly()" classname="org.springframework.cache.aspectj.AspectJEnableCachingTests" time="0.094"/>
  <testcase name="testClassCheckedExceptionSync()" classname="org.springframework.cache.aspectj.AspectJEnableCachingTests" time="0.135"/>
  <testcase name="testKeyExpression()" classname="org.springframework.cache.aspectj.AspectJEnableCachingTests" time="0.041"/>
  <testcase name="testConditionalUpdate()" classname="org.springframework.cache.aspectj.AspectJEnableCachingTests" time="0.133"/>
  <testcase name="testClassMultiCacheAndEvict()" classname="org.springframework.cache.aspectj.AspectJEnableCachingTests" time="0.02"/>
  <testcase name="testCacheableSyncNull()" classname="org.springframework.cache.aspectj.AspectJEnableCachingTests" time="0.111"/>
  <testcase name="testUnknownCustomKeyGenerator()" classname="org.springframework.cache.aspectj.AspectJEnableCachingTests" time="0.043"/>
  <testcase name="testClassRootVars()" classname="org.springframework.cache.aspectj.AspectJEnableCachingTests" time="0.056"/>
  <testcase name="testMethodName()" classname="org.springframework.cache.aspectj.AspectJEnableCachingTests" time="0.031"/>
  <testcase name="testEvictWithException()" classname="org.springframework.cache.aspectj.AspectJEnableCachingTests" time="0.217"/>
  <testcase name="testClassUpdate()" classname="org.springframework.cache.aspectj.AspectJEnableCachingTests" time="0.022"/>
  <testcase name="testCustomCacheManager()" classname="org.springframework.cache.aspectj.AspectJEnableCachingTests" time="0.058"/>
  <testcase name="testEvict()" classname="org.springframework.cache.aspectj.AspectJEnableCachingTests" time="0.018"/>
  <testcase name="testCheckedExceptionSync()" classname="org.springframework.cache.aspectj.AspectJEnableCachingTests" time="0.031"/>
  <testcase name="testClassEvictEarly()" classname="org.springframework.cache.aspectj.AspectJEnableCachingTests" time="0.299"/>
  <testcase name="testClassNullArg()" classname="org.springframework.cache.aspectj.AspectJEnableCachingTests" time="0.23"/>
  <testcase name="testClassEvictAll()" classname="org.springframework.cache.aspectj.AspectJEnableCachingTests" time="0.453"/>
  <testcase name="testPutRefersToResult()" classname="org.springframework.cache.aspectj.AspectJEnableCachingTests" time="0.046"/>
  <testcase name="testClassCacheUnlessExpression()" classname="org.springframework.cache.aspectj.AspectJEnableCachingTests" time="0.068"/>
  <testcase name="testConditionalExpressionSync()" classname="org.springframework.cache.aspectj.AspectJEnableCachingTests" time="0.069"/>
  <testcase name="testClassConditionalUpdate()" classname="org.springframework.cache.aspectj.AspectJEnableCachingTests" time="0.03"/>
  <testcase name="testConditionalExpression()" classname="org.springframework.cache.aspectj.AspectJEnableCachingTests" time="0.184"/>
  <testcase name="testClassMultiPut()" classname="org.springframework.cache.aspectj.AspectJEnableCachingTests" time="0.023"/>
  <testcase name="testClassUncheckedException()" classname="org.springframework.cache.aspectj.AspectJEnableCachingTests" time="0.174"/>
  <testcase name="testClassCacheEvictWithWKey()" classname="org.springframework.cache.aspectj.AspectJEnableCachingTests" time="0.023"/>
  <testcase name="testClassNullValue()" classname="org.springframework.cache.aspectj.AspectJEnableCachingTests" time="0.022"/>
  <testcase name="testUncheckedExceptionSync()" classname="org.springframework.cache.aspectj.AspectJEnableCachingTests" time="0.018"/>
  <testcase name="testClassUncheckedExceptionSync()" classname="org.springframework.cache.aspectj.AspectJEnableCachingTests" time="0.024"/>
  <testcase name="testClassCacheCacheable()" classname="org.springframework.cache.aspectj.AspectJEnableCachingTests" time="0.017"/>
  <testcase name="testClassMethodName()" classname="org.springframework.cache.aspectj.AspectJEnableCachingTests" time="0.019"/>
  <testcase name="testCustomKeyGenerator()" classname="org.springframework.cache.aspectj.AspectJEnableCachingTests" time="0.035"/>
  <testcase name="testCacheable()" classname="org.springframework.cache.aspectj.AspectJEnableCachingTests" time="0.018"/>
  <testcase name="testCheckedException()" classname="org.springframework.cache.aspectj.AspectJEnableCachingTests" time="0.198"/>
  <testcase name="testClassPutRefersToResult()" classname="org.springframework.cache.aspectj.AspectJEnableCachingTests" time="0.033"/>
  <testcase name="testVarArgsKey()" classname="org.springframework.cache.aspectj.AspectJEnableCachingTests" time="0.311"/>
  <testcase name="testMultiCache()" classname="org.springframework.cache.aspectj.AspectJEnableCachingTests" time="0.036"/>
  <testcase name="testMultiEvict()" classname="org.springframework.cache.aspectj.AspectJEnableCachingTests" time="0.189"/>
  <testcase name="testMultiCacheAndEvict()" classname="org.springframework.cache.aspectj.AspectJEnableCachingTests" time="0.071"/>
  <testcase name="testRootVars()" classname="org.springframework.cache.aspectj.AspectJEnableCachingTests" time="0.1"/>
  <testcase name="testClassMultiConditionalCacheAndEvict()" classname="org.springframework.cache.aspectj.AspectJEnableCachingTests" time="0.029"/>
  <testcase name="testClassEvictWithException()" classname="org.springframework.cache.aspectj.AspectJEnableCachingTests" time="0.362"/>
  <testcase name="testClassCheckedException()" classname="org.springframework.cache.aspectj.AspectJEnableCachingTests" time="0.019"/>
  <testcase name="testClassCacheEvict()" classname="org.springframework.cache.aspectj.AspectJEnableCachingTests" time="0.113"/>
  <testcase name="testEvictWithKey()" classname="org.springframework.cache.aspectj.AspectJEnableCachingTests" time="0.025"/>
  <testcase name="testUnlessExpression()" classname="org.springframework.cache.aspectj.AspectJEnableCachingTests" time="0.304"/>
  <testcase name="testEvictAllEarly()" classname="org.springframework.cache.aspectj.AspectJEnableCachingTests" time="0.059"/>
  <testcase name="testEvictAll()" classname="org.springframework.cache.aspectj.AspectJEnableCachingTests" time="0.389"/>
  <testcase name="testCacheableNull()" classname="org.springframework.cache.aspectj.AspectJEnableCachingTests" time="0.363"/>
  <testcase name="testCacheableSync()" classname="org.springframework.cache.aspectj.AspectJEnableCachingTests" time="0.275"/>
  <testcase name="testEvictWithKeyEarly()" classname="org.springframework.cache.aspectj.AspectJEnableCachingTests" time="0.294"/>
  <testcase name="testMultiPut()" classname="org.springframework.cache.aspectj.AspectJEnableCachingTests" time="0.018"/>
  <testcase name="testUnknownCustomCacheManager()" classname="org.springframework.cache.aspectj.AspectJEnableCachingTests" time="0.249"/>
  <testcase name="testUncheckedException()" classname="org.springframework.cache.aspectj.AspectJEnableCachingTests" time="0.107"/>
  <testcase name="testNullValue()" classname="org.springframework.cache.aspectj.AspectJEnableCachingTests" time="0.338"/>
  <testcase name="testEvictEarly()" classname="org.springframework.cache.aspectj.AspectJEnableCachingTests" time="0.022"/>
  <testcase name="testUpdate()" classname="org.springframework.cache.aspectj.AspectJEnableCachingTests" time="0.24"/>
  <testcase name="testNullArg()" classname="org.springframework.cache.aspectj.AspectJEnableCachingTests" time="0.019"/>
  <testcase name="testClassMultiCache()" classname="org.springframework.cache.aspectj.AspectJEnableCachingTests" time="0.209"/>
  <testcase name="testClassMultiEvict()" classname="org.springframework.cache.aspectj.AspectJEnableCachingTests" time="0.022"/>
  <system-out><![CDATA[]]></system-out>
  <system-err><![CDATA[]]></system-err>
</testsuite>
