<?xml version="1.0" encoding="UTF-8"?>
<testsuite name="org.springframework.cache.aspectj.JCacheAspectJNamespaceConfigTests" tests="28" skipped="0" failures="0" errors="0" timestamp="2023-03-20T08:19:14" hostname="DESKTOP-VGJP1PJ" time="2.855">
  <properties/>
  <testcase name="earlyPutWithExceptionVetoPut()" classname="org.springframework.cache.aspectj.JCacheAspectJNamespaceConfigTests" time="0.113"/>
  <testcase name="removeWithException()" classname="org.springframework.cache.aspectj.JCacheAspectJNamespaceConfigTests" time="0.48"/>
  <testcase name="cacheExceptionVetoed()" classname="org.springframework.cache.aspectj.JCacheAspectJNamespaceConfigTests" time="0.067"/>
  <testcase name="cacheWithCustomCacheResolver()" classname="org.springframework.cache.aspectj.JCacheAspectJNamespaceConfigTests" time="0.175"/>
  <testcase name="earlyRemove()" classname="org.springframework.cache.aspectj.JCacheAspectJNamespaceConfigTests" time="0.033"/>
  <testcase name="remove()" classname="org.springframework.cache.aspectj.JCacheAspectJNamespaceConfigTests" time="0.108"/>
  <testcase name="earlyPut()" classname="org.springframework.cache.aspectj.JCacheAspectJNamespaceConfigTests" time="0.019"/>
  <testcase name="putWithException()" classname="org.springframework.cache.aspectj.JCacheAspectJNamespaceConfigTests" time="0.127"/>
  <testcase name="removeWithExceptionVetoRemove()" classname="org.springframework.cache.aspectj.JCacheAspectJNamespaceConfigTests" time="0.02"/>
  <testcase name="cacheWithCustomKeyGenerator()" classname="org.springframework.cache.aspectj.JCacheAspectJNamespaceConfigTests" time="0.062"/>
  <testcase name="cacheNull()" classname="org.springframework.cache.aspectj.JCacheAspectJNamespaceConfigTests" time="0.049"/>
  <testcase name="cacheCheckedException()" classname="org.springframework.cache.aspectj.JCacheAspectJNamespaceConfigTests" time="0.066"/>
  <testcase name="earlyRemoveAll()" classname="org.springframework.cache.aspectj.JCacheAspectJNamespaceConfigTests" time="0.493"/>
  <testcase name="put()" classname="org.springframework.cache.aspectj.JCacheAspectJNamespaceConfigTests" time="0.211"/>
  <testcase name="earlyRemoveAllWithExceptionVetoRemove()" classname="org.springframework.cache.aspectj.JCacheAspectJNamespaceConfigTests" time="0.137"/>
  <testcase name="earlyPutWithException()" classname="org.springframework.cache.aspectj.JCacheAspectJNamespaceConfigTests" time="0.21"/>
  <testcase name="cache()" classname="org.springframework.cache.aspectj.JCacheAspectJNamespaceConfigTests" time="0.02"/>
  <testcase name="earlyRemoveAllWithException()" classname="org.springframework.cache.aspectj.JCacheAspectJNamespaceConfigTests" time="0.019"/>
  <testcase name="earlyRemoveWithException()" classname="org.springframework.cache.aspectj.JCacheAspectJNamespaceConfigTests" time="0.022"/>
  <testcase name="cacheAlwaysInvoke()" classname="org.springframework.cache.aspectj.JCacheAspectJNamespaceConfigTests" time="0.016"/>
  <testcase name="removeAllWithExceptionVetoRemove()" classname="org.springframework.cache.aspectj.JCacheAspectJNamespaceConfigTests" time="0.016"/>
  <testcase name="earlyRemoveWithExceptionVetoRemove()" classname="org.springframework.cache.aspectj.JCacheAspectJNamespaceConfigTests" time="0.017"/>
  <testcase name="removeAll()" classname="org.springframework.cache.aspectj.JCacheAspectJNamespaceConfigTests" time="0.02"/>
  <testcase name="removeAllWithException()" classname="org.springframework.cache.aspectj.JCacheAspectJNamespaceConfigTests" time="0.017"/>
  <testcase name="cacheWithPartialKey()" classname="org.springframework.cache.aspectj.JCacheAspectJNamespaceConfigTests" time="0.018"/>
  <testcase name="putWithExceptionVetoPut()" classname="org.springframework.cache.aspectj.JCacheAspectJNamespaceConfigTests" time="0.025"/>
  <testcase name="cacheException()" classname="org.springframework.cache.aspectj.JCacheAspectJNamespaceConfigTests" time="0.139"/>
  <testcase name="cacheExceptionRewriteCallStack()" classname="org.springframework.cache.aspectj.JCacheAspectJNamespaceConfigTests" time="0.133"/>
  <system-out><![CDATA[]]></system-out>
  <system-err><![CDATA[]]></system-err>
</testsuite>
