<?xml version="1.0" encoding="UTF-8"?>
<testsuite name="org.springframework.beans.factory.aspectj.SpringConfiguredWithAutoProxyingTests" tests="1" skipped="0" failures="0" errors="0" timestamp="2023-03-20T08:18:35" hostname="DESKTOP-VGJP1PJ" time="0.348">
  <properties/>
  <testcase name="springConfiguredAndAutoProxyUsedTogether()" classname="org.springframework.beans.factory.aspectj.SpringConfiguredWithAutoProxyingTests" time="0.348"/>
  <system-out><![CDATA[]]></system-out>
  <system-err><![CDATA[]]></system-err>
</testsuite>
