<?xml version="1.0" encoding="UTF-8"?>
<testsuite name="org.springframework.cache.aspectj.AspectJCacheAnnotationTests" tests="61" skipped="0" failures="0" errors="0" timestamp="2023-03-20T08:18:37" hostname="DESKTOP-VGJP1PJ" time="10.16">
  <properties/>
  <testcase name="testMultiConditionalCacheAndEvict()" classname="org.springframework.cache.aspectj.AspectJCacheAnnotationTests" time="1.278"/>
  <testcase name="testClassEvictWithKeyEarly()" classname="org.springframework.cache.aspectj.AspectJCacheAnnotationTests" time="0.589"/>
  <testcase name="testClassCheckedExceptionSync()" classname="org.springframework.cache.aspectj.AspectJCacheAnnotationTests" time="0.079"/>
  <testcase name="testKeyExpression()" classname="org.springframework.cache.aspectj.AspectJCacheAnnotationTests" time="0.082"/>
  <testcase name="testConditionalUpdate()" classname="org.springframework.cache.aspectj.AspectJCacheAnnotationTests" time="0.058"/>
  <testcase name="testClassMultiCacheAndEvict()" classname="org.springframework.cache.aspectj.AspectJCacheAnnotationTests" time="0.188"/>
  <testcase name="testCacheableSyncNull()" classname="org.springframework.cache.aspectj.AspectJCacheAnnotationTests" time="0.329"/>
  <testcase name="testUnknownCustomKeyGenerator()" classname="org.springframework.cache.aspectj.AspectJCacheAnnotationTests" time="0.283"/>
  <testcase name="testClassRootVars()" classname="org.springframework.cache.aspectj.AspectJCacheAnnotationTests" time="0.131"/>
  <testcase name="testMethodName()" classname="org.springframework.cache.aspectj.AspectJCacheAnnotationTests" time="0.138"/>
  <testcase name="testEvictWithException()" classname="org.springframework.cache.aspectj.AspectJCacheAnnotationTests" time="0.11"/>
  <testcase name="testClassUpdate()" classname="org.springframework.cache.aspectj.AspectJCacheAnnotationTests" time="0.367"/>
  <testcase name="testCustomCacheManager()" classname="org.springframework.cache.aspectj.AspectJCacheAnnotationTests" time="0.176"/>
  <testcase name="testEvict()" classname="org.springframework.cache.aspectj.AspectJCacheAnnotationTests" time="0.165"/>
  <testcase name="testCheckedExceptionSync()" classname="org.springframework.cache.aspectj.AspectJCacheAnnotationTests" time="0.032"/>
  <testcase name="testClassEvictEarly()" classname="org.springframework.cache.aspectj.AspectJCacheAnnotationTests" time="0.181"/>
  <testcase name="testClassNullArg()" classname="org.springframework.cache.aspectj.AspectJCacheAnnotationTests" time="0.068"/>
  <testcase name="testClassEvictAll()" classname="org.springframework.cache.aspectj.AspectJCacheAnnotationTests" time="0.1"/>
  <testcase name="testPutRefersToResult()" classname="org.springframework.cache.aspectj.AspectJCacheAnnotationTests" time="0.053"/>
  <testcase name="testClassCacheUnlessExpression()" classname="org.springframework.cache.aspectj.AspectJCacheAnnotationTests" time="0.195"/>
  <testcase name="testConditionalExpressionSync()" classname="org.springframework.cache.aspectj.AspectJCacheAnnotationTests" time="0.283"/>
  <testcase name="testClassConditionalUpdate()" classname="org.springframework.cache.aspectj.AspectJCacheAnnotationTests" time="0.033"/>
  <testcase name="testConditionalExpression()" classname="org.springframework.cache.aspectj.AspectJCacheAnnotationTests" time="0.207"/>
  <testcase name="testClassMultiPut()" classname="org.springframework.cache.aspectj.AspectJCacheAnnotationTests" time="0.349"/>
  <testcase name="testClassUncheckedException()" classname="org.springframework.cache.aspectj.AspectJCacheAnnotationTests" time="0.3"/>
  <testcase name="testClassCacheEvictWithWKey()" classname="org.springframework.cache.aspectj.AspectJCacheAnnotationTests" time="0.076"/>
  <testcase name="testClassNullValue()" classname="org.springframework.cache.aspectj.AspectJCacheAnnotationTests" time="0.196"/>
  <testcase name="testUncheckedExceptionSync()" classname="org.springframework.cache.aspectj.AspectJCacheAnnotationTests" time="0.026"/>
  <testcase name="testClassUncheckedExceptionSync()" classname="org.springframework.cache.aspectj.AspectJCacheAnnotationTests" time="0.155"/>
  <testcase name="testClassCacheCacheable()" classname="org.springframework.cache.aspectj.AspectJCacheAnnotationTests" time="0.039"/>
  <testcase name="testClassMethodName()" classname="org.springframework.cache.aspectj.AspectJCacheAnnotationTests" time="0.067"/>
  <testcase name="testCustomKeyGenerator()" classname="org.springframework.cache.aspectj.AspectJCacheAnnotationTests" time="0.089"/>
  <testcase name="testCacheable()" classname="org.springframework.cache.aspectj.AspectJCacheAnnotationTests" time="0.198"/>
  <testcase name="testCheckedException()" classname="org.springframework.cache.aspectj.AspectJCacheAnnotationTests" time="0.137"/>
  <testcase name="testClassPutRefersToResult()" classname="org.springframework.cache.aspectj.AspectJCacheAnnotationTests" time="0.135"/>
  <testcase name="testVarArgsKey()" classname="org.springframework.cache.aspectj.AspectJCacheAnnotationTests" time="0.131"/>
  <testcase name="testMultiCache()" classname="org.springframework.cache.aspectj.AspectJCacheAnnotationTests" time="0.068"/>
  <testcase name="testMultiEvict()" classname="org.springframework.cache.aspectj.AspectJCacheAnnotationTests" time="0.122"/>
  <testcase name="testMultiCacheAndEvict()" classname="org.springframework.cache.aspectj.AspectJCacheAnnotationTests" time="0.15"/>
  <testcase name="testRootVars()" classname="org.springframework.cache.aspectj.AspectJCacheAnnotationTests" time="0.024"/>
  <testcase name="testClassMultiConditionalCacheAndEvict()" classname="org.springframework.cache.aspectj.AspectJCacheAnnotationTests" time="0.14"/>
  <testcase name="testClassEvictWithException()" classname="org.springframework.cache.aspectj.AspectJCacheAnnotationTests" time="0.113"/>
  <testcase name="testClassCheckedException()" classname="org.springframework.cache.aspectj.AspectJCacheAnnotationTests" time="0.076"/>
  <testcase name="testClassCacheEvict()" classname="org.springframework.cache.aspectj.AspectJCacheAnnotationTests" time="0.281"/>
  <testcase name="testEvictWithKey()" classname="org.springframework.cache.aspectj.AspectJCacheAnnotationTests" time="0.246"/>
  <testcase name="testUnlessExpression()" classname="org.springframework.cache.aspectj.AspectJCacheAnnotationTests" time="0.022"/>
  <testcase name="testEvictAllEarly()" classname="org.springframework.cache.aspectj.AspectJCacheAnnotationTests" time="0.182"/>
  <testcase name="testEvictAll()" classname="org.springframework.cache.aspectj.AspectJCacheAnnotationTests" time="0.172"/>
  <testcase name="testCacheableNull()" classname="org.springframework.cache.aspectj.AspectJCacheAnnotationTests" time="0.03"/>
  <testcase name="testCacheableSync()" classname="org.springframework.cache.aspectj.AspectJCacheAnnotationTests" time="0.047"/>
  <testcase name="testEvictWithKeyEarly()" classname="org.springframework.cache.aspectj.AspectJCacheAnnotationTests" time="0.075"/>
  <testcase name="testMultiPut()" classname="org.springframework.cache.aspectj.AspectJCacheAnnotationTests" time="0.079"/>
  <testcase name="testUnknownCustomCacheManager()" classname="org.springframework.cache.aspectj.AspectJCacheAnnotationTests" time="0.056"/>
  <testcase name="testUncheckedException()" classname="org.springframework.cache.aspectj.AspectJCacheAnnotationTests" time="0.036"/>
  <testcase name="testNullValue()" classname="org.springframework.cache.aspectj.AspectJCacheAnnotationTests" time="0.036"/>
  <testcase name="testEvictEarly()" classname="org.springframework.cache.aspectj.AspectJCacheAnnotationTests" time="0.026"/>
  <testcase name="testUpdate()" classname="org.springframework.cache.aspectj.AspectJCacheAnnotationTests" time="0.208"/>
  <testcase name="testNullArg()" classname="org.springframework.cache.aspectj.AspectJCacheAnnotationTests" time="0.128"/>
  <testcase name="testClassMultiCache()" classname="org.springframework.cache.aspectj.AspectJCacheAnnotationTests" time="0.332"/>
  <testcase name="testClassMultiEvict()" classname="org.springframework.cache.aspectj.AspectJCacheAnnotationTests" time="0.34"/>
  <testcase name="testKeyStrategy()" classname="org.springframework.cache.aspectj.AspectJCacheAnnotationTests" time="0.08"/>
  <system-out><![CDATA[]]></system-out>
  <system-err><![CDATA[]]></system-err>
</testsuite>
