<?xml version="1.0" encoding="UTF-8"?>
<testsuite name="org.springframework.beans.factory.aspectj.XmlBeanConfigurerTests" tests="1" skipped="0" failures="0" errors="0" timestamp="2023-03-20T08:18:35" hostname="DESKTOP-VGJP1PJ" time="1.498">
  <properties/>
  <testcase name="injection()" classname="org.springframework.beans.factory.aspectj.XmlBeanConfigurerTests" time="1.498"/>
  <system-out><![CDATA[]]></system-out>
  <system-err><![CDATA[]]></system-err>
</testsuite>
