<?xml version="1.0" encoding="UTF-8"?>
<testsuite name="org.springframework.cache.aspectj.JCacheAspectJJavaConfigTests" tests="28" skipped="0" failures="0" errors="0" timestamp="2023-03-20T08:18:59" hostname="DESKTOP-VGJP1PJ" time="15.4">
  <properties/>
  <testcase name="earlyPutWithExceptionVetoPut()" classname="org.springframework.cache.aspectj.JCacheAspectJJavaConfigTests" time="0.379"/>
  <testcase name="removeWithException()" classname="org.springframework.cache.aspectj.JCacheAspectJJavaConfigTests" time="0.063"/>
  <testcase name="cacheExceptionVetoed()" classname="org.springframework.cache.aspectj.JCacheAspectJJavaConfigTests" time="0.032"/>
  <testcase name="cacheWithCustomCacheResolver()" classname="org.springframework.cache.aspectj.JCacheAspectJJavaConfigTests" time="13.868"/>
  <testcase name="earlyRemove()" classname="org.springframework.cache.aspectj.JCacheAspectJJavaConfigTests" time="0.046"/>
  <testcase name="remove()" classname="org.springframework.cache.aspectj.JCacheAspectJJavaConfigTests" time="0.133"/>
  <testcase name="earlyPut()" classname="org.springframework.cache.aspectj.JCacheAspectJJavaConfigTests" time="0.017"/>
  <testcase name="putWithException()" classname="org.springframework.cache.aspectj.JCacheAspectJJavaConfigTests" time="0.157"/>
  <testcase name="removeWithExceptionVetoRemove()" classname="org.springframework.cache.aspectj.JCacheAspectJJavaConfigTests" time="0.016"/>
  <testcase name="cacheWithCustomKeyGenerator()" classname="org.springframework.cache.aspectj.JCacheAspectJJavaConfigTests" time="0.083"/>
  <testcase name="cacheNull()" classname="org.springframework.cache.aspectj.JCacheAspectJJavaConfigTests" time="0.037"/>
  <testcase name="cacheCheckedException()" classname="org.springframework.cache.aspectj.JCacheAspectJJavaConfigTests" time="0.105"/>
  <testcase name="earlyRemoveAll()" classname="org.springframework.cache.aspectj.JCacheAspectJJavaConfigTests" time="0.014"/>
  <testcase name="put()" classname="org.springframework.cache.aspectj.JCacheAspectJJavaConfigTests" time="0.014"/>
  <testcase name="earlyRemoveAllWithExceptionVetoRemove()" classname="org.springframework.cache.aspectj.JCacheAspectJJavaConfigTests" time="0.011"/>
  <testcase name="earlyPutWithException()" classname="org.springframework.cache.aspectj.JCacheAspectJJavaConfigTests" time="0.013"/>
  <testcase name="cache()" classname="org.springframework.cache.aspectj.JCacheAspectJJavaConfigTests" time="0.01"/>
  <testcase name="earlyRemoveAllWithException()" classname="org.springframework.cache.aspectj.JCacheAspectJJavaConfigTests" time="0.015"/>
  <testcase name="earlyRemoveWithException()" classname="org.springframework.cache.aspectj.JCacheAspectJJavaConfigTests" time="0.013"/>
  <testcase name="cacheAlwaysInvoke()" classname="org.springframework.cache.aspectj.JCacheAspectJJavaConfigTests" time="0.008"/>
  <testcase name="removeAllWithExceptionVetoRemove()" classname="org.springframework.cache.aspectj.JCacheAspectJJavaConfigTests" time="0.009"/>
  <testcase name="earlyRemoveWithExceptionVetoRemove()" classname="org.springframework.cache.aspectj.JCacheAspectJJavaConfigTests" time="0.011"/>
  <testcase name="removeAll()" classname="org.springframework.cache.aspectj.JCacheAspectJJavaConfigTests" time="0.035"/>
  <testcase name="removeAllWithException()" classname="org.springframework.cache.aspectj.JCacheAspectJJavaConfigTests" time="0.127"/>
  <testcase name="cacheWithPartialKey()" classname="org.springframework.cache.aspectj.JCacheAspectJJavaConfigTests" time="0.015"/>
  <testcase name="putWithExceptionVetoPut()" classname="org.springframework.cache.aspectj.JCacheAspectJJavaConfigTests" time="0.015"/>
  <testcase name="cacheException()" classname="org.springframework.cache.aspectj.JCacheAspectJJavaConfigTests" time="0.014"/>
  <testcase name="cacheExceptionRewriteCallStack()" classname="org.springframework.cache.aspectj.JCacheAspectJJavaConfigTests" time="0.075"/>
  <system-out><![CDATA[]]></system-out>
  <system-err><![CDATA[]]></system-err>
</testsuite>
