<?xml version="1.0" encoding="UTF-8"?>
<testsuite name="org.springframework.transaction.aspectj.JtaTransactionAspectsTests" tests="8" skipped="0" failures="0" errors="0" timestamp="2023-03-20T08:19:21" hostname="DESKTOP-VGJP1PJ" time="0.328">
  <properties/>
  <testcase name="commitOnAnnotatedPrivateMethod()" classname="org.springframework.transaction.aspectj.JtaTransactionAspectsTests" time="0.247"/>
  <testcase name="notTransactional()" classname="org.springframework.transaction.aspectj.JtaTransactionAspectsTests" time="0.008"/>
  <testcase name="nonAnnotatedMethodCallingPrivateMethod()" classname="org.springframework.transaction.aspectj.JtaTransactionAspectsTests" time="0.003"/>
  <testcase name="commitOnAnnotatedProtectedMethod()" classname="org.springframework.transaction.aspectj.JtaTransactionAspectsTests" time="0.019"/>
  <testcase name="nonMatchingRollbackOnApplied()" classname="org.springframework.transaction.aspectj.JtaTransactionAspectsTests" time="0.005"/>
  <testcase name="nonAnnotatedMethodCallingProtectedMethod()" classname="org.springframework.transaction.aspectj.JtaTransactionAspectsTests" time="0.004"/>
  <testcase name="commitOnAnnotatedPublicMethod()" classname="org.springframework.transaction.aspectj.JtaTransactionAspectsTests" time="0.001"/>
  <testcase name="matchingRollbackOnApplied()" classname="org.springframework.transaction.aspectj.JtaTransactionAspectsTests" time="0.018"/>
  <system-out><![CDATA[]]></system-out>
  <system-err><![CDATA[]]></system-err>
</testsuite>
