<?xml version="1.0" encoding="UTF-8"?>
<testsuite name="org.springframework.messaging.MessageHeadersTests" tests="19" skipped="0" failures="0" errors="0" timestamp="2023-03-20T07:56:26" hostname="DESKTOP-VGJP1PJ" time="0.108">
  <properties/>
  <testcase name="testTimestampProvided()" classname="org.springframework.messaging.MessageHeadersTests" time="0.0"/>
  <testcase name="serializeWithAllSerializableHeaders()" classname="org.springframework.messaging.MessageHeadersTests" time="0.014"/>
  <testcase name="testTimestampOverwritten()" classname="org.springframework.messaging.MessageHeadersTests" time="0.06"/>
  <testcase name="serializeWithNonSerializableHeader()" classname="org.springframework.messaging.MessageHeadersTests" time="0.005"/>
  <testcase name="testIdProvided()" classname="org.springframework.messaging.MessageHeadersTests" time="0.001"/>
  <testcase name="testId()" classname="org.springframework.messaging.MessageHeadersTests" time="0.001"/>
  <testcase name="testNullHeaderValueWithTypedAccess()" classname="org.springframework.messaging.MessageHeadersTests" time="0.002"/>
  <testcase name="testTimestampNone()" classname="org.springframework.messaging.MessageHeadersTests" time="0.0"/>
  <testcase name="testIdOverwritten()" classname="org.springframework.messaging.MessageHeadersTests" time="0.0"/>
  <testcase name="subclassWithCustomIdAndNoTimestamp()" classname="org.springframework.messaging.MessageHeadersTests" time="0.001"/>
  <testcase name="testTimestampProvidedNullValue()" classname="org.springframework.messaging.MessageHeadersTests" time="0.001"/>
  <testcase name="testHeaderValueAccessWithIncorrectType()" classname="org.springframework.messaging.MessageHeadersTests" time="0.002"/>
  <testcase name="testTypedAccessOfHeaderValue()" classname="org.springframework.messaging.MessageHeadersTests" time="0.001"/>
  <testcase name="testNonTypedAccessOfHeaderValue()" classname="org.springframework.messaging.MessageHeadersTests" time="0.001"/>
  <testcase name="testTimestamp()" classname="org.springframework.messaging.MessageHeadersTests" time="0.001"/>
  <testcase name="testIdProvidedNullValue()" classname="org.springframework.messaging.MessageHeadersTests" time="0.0"/>
  <testcase name="testHeaderKeys()" classname="org.springframework.messaging.MessageHeadersTests" time="0.001"/>
  <testcase name="testNullHeaderValue()" classname="org.springframework.messaging.MessageHeadersTests" time="0.0"/>
  <testcase name="testIdNone()" classname="org.springframework.messaging.MessageHeadersTests" time="0.001"/>
  <system-out><![CDATA[]]></system-out>
  <system-err><![CDATA[]]></system-err>
</testsuite>
