<?xml version="1.0" encoding="UTF-8"?>
<testsuite name="org.springframework.messaging.converter.MessageConverterTests" tests="10" skipped="0" failures="0" errors="0" timestamp="2023-03-20T07:56:15" hostname="DESKTOP-VGJP1PJ" time="0.045">
  <properties/>
  <testcase name="supportsMimeTypeNotSpecified()" classname="org.springframework.messaging.converter.MessageConverterTests" time="0.002"/>
  <testcase name="setStrictContentTypeMatchWithNoSupportedMimeTypes()" classname="org.springframework.messaging.converter.MessageConverterTests" time="0.002"/>
  <testcase name="toMessageWithMutableMessageHeaders()" classname="org.springframework.messaging.converter.MessageConverterTests" time="0.02"/>
  <testcase name="supportsMimeTypeNoneConfigured()" classname="org.springframework.messaging.converter.MessageConverterTests" time="0.001"/>
  <testcase name="supportsMimeTypeNotSupported()" classname="org.springframework.messaging.converter.MessageConverterTests" time="0.001"/>
  <testcase name="canConvertFromStrictContentTypeMatch()" classname="org.springframework.messaging.converter.MessageConverterTests" time="0.001"/>
  <testcase name="toMessageWithHeaders()" classname="org.springframework.messaging.converter.MessageConverterTests" time="0.001"/>
  <testcase name="supportsTargetClass()" classname="org.springframework.messaging.converter.MessageConverterTests" time="0.001"/>
  <testcase name="toMessageContentTypeHeader()" classname="org.springframework.messaging.converter.MessageConverterTests" time="0.001"/>
  <testcase name="supportsMimeType()" classname="org.springframework.messaging.converter.MessageConverterTests" time="0.001"/>
  <system-out><![CDATA[]]></system-out>
  <system-err><![CDATA[]]></system-err>
</testsuite>
