<?xml version="1.0" encoding="UTF-8"?>
<testsuite name="org.springframework.messaging.simp.stomp.StompCommandTests" tests="5" skipped="0" failures="0" errors="0" timestamp="2023-03-20T07:56:58" hostname="DESKTOP-VGJP1PJ" time="0.007">
  <properties/>
  <testcase name="getMessageType()" classname="org.springframework.messaging.simp.stomp.StompCommandTests" time="0.0"/>
  <testcase name="isBodyAllowed()" classname="org.springframework.messaging.simp.stomp.StompCommandTests" time="0.0"/>
  <testcase name="requiresDestination()" classname="org.springframework.messaging.simp.stomp.StompCommandTests" time="0.0"/>
  <testcase name="requiresContentLength()" classname="org.springframework.messaging.simp.stomp.StompCommandTests" time="0.0"/>
  <testcase name="requiresSubscriptionId()" classname="org.springframework.messaging.simp.stomp.StompCommandTests" time="0.002"/>
  <system-out><![CDATA[]]></system-out>
  <system-err><![CDATA[]]></system-err>
</testsuite>
