<?xml version="1.0" encoding="UTF-8"?>
<testsuite name="org.springframework.messaging.rsocket.DefaultRSocketStrategiesTests" tests="4" skipped="0" failures="0" errors="0" timestamp="2023-03-20T07:56:29" hostname="DESKTOP-VGJP1PJ" time="0.006">
  <properties/>
  <testcase name="copyConstructor()" classname="org.springframework.messaging.rsocket.DefaultRSocketStrategiesTests" time="0.0"/>
  <testcase name="applyMetadataExtractors()" classname="org.springframework.messaging.rsocket.DefaultRSocketStrategiesTests" time="0.002"/>
  <testcase name="defaultSettings()" classname="org.springframework.messaging.rsocket.DefaultRSocketStrategiesTests" time="0.0"/>
  <testcase name="explicitValues()" classname="org.springframework.messaging.rsocket.DefaultRSocketStrategiesTests" time="0.003"/>
  <system-out><![CDATA[]]></system-out>
  <system-err><![CDATA[]]></system-err>
</testsuite>
