<?xml version="1.0" encoding="UTF-8"?>
<testsuite name="org.springframework.messaging.handler.invocation.InvocableHandlerMethodTests" tests="9" skipped="0" failures="0" errors="0" timestamp="2023-03-20T07:56:26" hostname="DESKTOP-VGJP1PJ" time="0.095">
  <properties/>
  <testcase name="resolveArg()" classname="org.springframework.messaging.handler.invocation.InvocableHandlerMethodTests" time="0.076"/>
  <testcase name="cannotResolveArg()" classname="org.springframework.messaging.handler.invocation.InvocableHandlerMethodTests" time="0.002"/>
  <testcase name="resolveProvidedArg()" classname="org.springframework.messaging.handler.invocation.InvocableHandlerMethodTests" time="0.001"/>
  <testcase name="illegalArgumentException()" classname="org.springframework.messaging.handler.invocation.InvocableHandlerMethodTests" time="0.008"/>
  <testcase name="invocationErrorMessage()" classname="org.springframework.messaging.handler.invocation.InvocableHandlerMethodTests" time="0.001"/>
  <testcase name="invocationTargetException()" classname="org.springframework.messaging.handler.invocation.InvocableHandlerMethodTests" time="0.003"/>
  <testcase name="resolveProvidedArgFirst()" classname="org.springframework.messaging.handler.invocation.InvocableHandlerMethodTests" time="0.001"/>
  <testcase name="exceptionInResolvingArg()" classname="org.springframework.messaging.handler.invocation.InvocableHandlerMethodTests" time="0.001"/>
  <testcase name="resolveNoArgValue()" classname="org.springframework.messaging.handler.invocation.InvocableHandlerMethodTests" time="0.0"/>
  <system-out><![CDATA[]]></system-out>
  <system-err><![CDATA[]]></system-err>
</testsuite>
