<?xml version="1.0" encoding="UTF-8"?>
<testsuite name="org.springframework.messaging.simp.broker.SimpleBrokerMessageHandlerTests" tests="10" skipped="0" failures="0" errors="0" timestamp="2023-03-20T07:56:36" hostname="DESKTOP-VGJP1PJ" time="0.244">
  <properties/>
  <testcase name="subscribePublish()" classname="org.springframework.messaging.simp.broker.SimpleBrokerMessageHandlerTests" time="0.058"/>
  <testcase name="readWriteIntervalCalculation()" classname="org.springframework.messaging.simp.broker.SimpleBrokerMessageHandlerTests" time="0.026"/>
  <testcase name="readInactivity()" classname="org.springframework.messaging.simp.broker.SimpleBrokerMessageHandlerTests" time="0.087"/>
  <testcase name="heartbeatValueWithAndWithoutTaskScheduler()" classname="org.springframework.messaging.simp.broker.SimpleBrokerMessageHandlerTests" time="0.002"/>
  <testcase name="startWithHeartbeatValueWithoutTaskScheduler()" classname="org.springframework.messaging.simp.broker.SimpleBrokerMessageHandlerTests" time="0.002"/>
  <testcase name="startAndStopWithHeartbeatValue()" classname="org.springframework.messaging.simp.broker.SimpleBrokerMessageHandlerTests" time="0.043"/>
  <testcase name="startWithOneZeroHeartbeatValue()" classname="org.springframework.messaging.simp.broker.SimpleBrokerMessageHandlerTests" time="0.001"/>
  <testcase name="connect()" classname="org.springframework.messaging.simp.broker.SimpleBrokerMessageHandlerTests" time="0.001"/>
  <testcase name="writeInactivity()" classname="org.springframework.messaging.simp.broker.SimpleBrokerMessageHandlerTests" time="0.019"/>
  <testcase name="subscribeDisconnectPublish()" classname="org.springframework.messaging.simp.broker.SimpleBrokerMessageHandlerTests" time="0.002"/>
  <system-out><![CDATA[]]></system-out>
  <system-err><![CDATA[]]></system-err>
</testsuite>
