<?xml version="1.0" encoding="UTF-8"?>
<testsuite name="org.springframework.messaging.simp.broker.OrderedMessageSenderTests" tests="1" skipped="0" failures="0" errors="0" timestamp="2023-03-20T07:56:36" hostname="DESKTOP-VGJP1PJ" time="0.471">
  <properties/>
  <testcase name="test()" classname="org.springframework.messaging.simp.broker.OrderedMessageSenderTests" time="0.471"/>
  <system-out><![CDATA[]]></system-out>
  <system-err><![CDATA[]]></system-err>
</testsuite>
