<?xml version="1.0" encoding="UTF-8"?>
<testsuite name="org.springframework.messaging.handler.DestinationPatternsMessageConditionTests" tests="12" skipped="0" failures="0" errors="0" timestamp="2023-03-20T07:56:25" hostname="DESKTOP-VGJP1PJ" time="0.027">
  <properties/>
  <testcase name="combineOnePatternWithEmptySet()" classname="org.springframework.messaging.handler.DestinationPatternsMessageConditionTests" time="0.002"/>
  <testcase name="comparePatternSpecificity()" classname="org.springframework.messaging.handler.DestinationPatternsMessageConditionTests" time="0.004"/>
  <testcase name="prependNonEmptyPatternsOnly()" classname="org.springframework.messaging.handler.DestinationPatternsMessageConditionTests" time="0.001"/>
  <testcase name="matchDirectPath()" classname="org.springframework.messaging.handler.DestinationPatternsMessageConditionTests" time="0.001"/>
  <testcase name="matchSortPatterns()" classname="org.springframework.messaging.handler.DestinationPatternsMessageConditionTests" time="0.003"/>
  <testcase name="matchPattern()" classname="org.springframework.messaging.handler.DestinationPatternsMessageConditionTests" time="0.001"/>
  <testcase name="combineMultiplePatterns()" classname="org.springframework.messaging.handler.DestinationPatternsMessageConditionTests" time="0.001"/>
  <testcase name="compareNumberOfMatchingPatterns()" classname="org.springframework.messaging.handler.DestinationPatternsMessageConditionTests" time="0.002"/>
  <testcase name="prependSlashWithCustomPathSeparator()" classname="org.springframework.messaging.handler.DestinationPatternsMessageConditionTests" time="0.001"/>
  <testcase name="prependSlash()" classname="org.springframework.messaging.handler.DestinationPatternsMessageConditionTests" time="0.002"/>
  <testcase name="combineEmptySets()" classname="org.springframework.messaging.handler.DestinationPatternsMessageConditionTests" time="0.001"/>
  <testcase name="compareEqualPatterns()" classname="org.springframework.messaging.handler.DestinationPatternsMessageConditionTests" time="0.0"/>
  <system-out><![CDATA[]]></system-out>
  <system-err><![CDATA[]]></system-err>
</testsuite>
