<?xml version="1.0" encoding="UTF-8"?>
<testsuite name="org.springframework.messaging.simp.config.StompBrokerRelayRegistrationTests" tests="1" skipped="0" failures="0" errors="0" timestamp="2023-03-20T07:56:39" hostname="DESKTOP-VGJP1PJ" time="0.001">
  <properties/>
  <testcase name="test()" classname="org.springframework.messaging.simp.config.StompBrokerRelayRegistrationTests" time="0.001"/>
  <system-out><![CDATA[]]></system-out>
  <system-err><![CDATA[]]></system-err>
</testsuite>
