<?xml version="1.0" encoding="UTF-8"?>
<testsuite name="org.springframework.messaging.core.DestinationResolvingMessagingTemplateTests" tests="13" skipped="0" failures="0" errors="0" timestamp="2023-03-20T07:56:17" hostname="DESKTOP-VGJP1PJ" time="0.021">
  <properties/>
  <testcase name="sendNoDestinationResolver()" classname="org.springframework.messaging.core.DestinationResolvingMessagingTemplateTests" time="0.003"/>
  <testcase name="convertSendAndReceiveWithPostProcessor()" classname="org.springframework.messaging.core.DestinationResolvingMessagingTemplateTests" time="0.0"/>
  <testcase name="receiveAndConvert()" classname="org.springframework.messaging.core.DestinationResolvingMessagingTemplateTests" time="0.001"/>
  <testcase name="convertSendAndReceiveWithHeadersAndPostProcessor()" classname="org.springframework.messaging.core.DestinationResolvingMessagingTemplateTests" time="0.001"/>
  <testcase name="sendAndReceive()" classname="org.springframework.messaging.core.DestinationResolvingMessagingTemplateTests" time="0.002"/>
  <testcase name="send()" classname="org.springframework.messaging.core.DestinationResolvingMessagingTemplateTests" time="0.0"/>
  <testcase name="convertSendAndReceive()" classname="org.springframework.messaging.core.DestinationResolvingMessagingTemplateTests" time="0.002"/>
  <testcase name="convertAndSendPayloadAndHeadersWithPostProcessor()" classname="org.springframework.messaging.core.DestinationResolvingMessagingTemplateTests" time="0.0"/>
  <testcase name="convertSendAndReceiveWithHeaders()" classname="org.springframework.messaging.core.DestinationResolvingMessagingTemplateTests" time="0.001"/>
  <testcase name="convertAndSendPayloadWithPostProcessor()" classname="org.springframework.messaging.core.DestinationResolvingMessagingTemplateTests" time="0.001"/>
  <testcase name="receive()" classname="org.springframework.messaging.core.DestinationResolvingMessagingTemplateTests" time="0.0"/>
  <testcase name="convertAndSendPayload()" classname="org.springframework.messaging.core.DestinationResolvingMessagingTemplateTests" time="0.0"/>
  <testcase name="convertAndSendPayloadAndHeaders()" classname="org.springframework.messaging.core.DestinationResolvingMessagingTemplateTests" time="0.001"/>
  <system-out><![CDATA[]]></system-out>
  <system-err><![CDATA[]]></system-err>
</testsuite>
