<?xml version="1.0" encoding="UTF-8"?>
<testsuite name="org.springframework.messaging.support.ChannelInterceptorTests" tests="6" skipped="0" failures="0" errors="0" timestamp="2023-03-20T07:56:59" hostname="DESKTOP-VGJP1PJ" time="0.009">
  <properties/>
  <testcase name="preSendInterceptorReturningModifiedMessage()" classname="org.springframework.messaging.support.ChannelInterceptorTests" time="0.001"/>
  <testcase name="afterCompletionWithSendException()" classname="org.springframework.messaging.support.ChannelInterceptorTests" time="0.001"/>
  <testcase name="postSendInterceptorMessageWasSent()" classname="org.springframework.messaging.support.ChannelInterceptorTests" time="0.001"/>
  <testcase name="postSendInterceptorMessageWasNotSent()" classname="org.springframework.messaging.support.ChannelInterceptorTests" time="0.001"/>
  <testcase name="preSendInterceptorReturningNull()" classname="org.springframework.messaging.support.ChannelInterceptorTests" time="0.001"/>
  <testcase name="afterCompletionWithPreSendException()" classname="org.springframework.messaging.support.ChannelInterceptorTests" time="0.0"/>
  <system-out><![CDATA[]]></system-out>
  <system-err><![CDATA[]]></system-err>
</testsuite>
