<?xml version="1.0" encoding="UTF-8"?>
<testsuite name="org.springframework.messaging.handler.annotation.reactive.DestinationVariableMethodArgumentResolverTests" tests="3" skipped="0" failures="0" errors="0" timestamp="2023-03-20T07:56:19" hostname="DESKTOP-VGJP1PJ" time="0.707">
  <properties/>
  <testcase name="resolveArgumentNotFound()" classname="org.springframework.messaging.handler.annotation.reactive.DestinationVariableMethodArgumentResolverTests" time="0.016"/>
  <testcase name="resolveArgument()" classname="org.springframework.messaging.handler.annotation.reactive.DestinationVariableMethodArgumentResolverTests" time="0.68"/>
  <testcase name="supportsParameter()" classname="org.springframework.messaging.handler.annotation.reactive.DestinationVariableMethodArgumentResolverTests" time="0.008"/>
  <system-out><![CDATA[]]></system-out>
  <system-err><![CDATA[]]></system-err>
</testsuite>
