<?xml version="1.0" encoding="UTF-8"?>
<testsuite name="org.springframework.messaging.simp.user.UserDestinationMessageHandlerTests" tests="7" skipped="0" failures="0" errors="0" timestamp="2023-03-20T07:56:59" hostname="DESKTOP-VGJP1PJ" time="0.019">
  <properties/>
  <testcase name="handleMessageWithoutActiveSession()" classname="org.springframework.messaging.simp.user.UserDestinationMessageHandlerTests" time="0.003"/>
  <testcase name="handleMessageFromBrokerWithoutActiveSession()" classname="org.springframework.messaging.simp.user.UserDestinationMessageHandlerTests" time="0.0"/>
  <testcase name="handleMessageFromBrokerWithActiveSession()" classname="org.springframework.messaging.simp.user.UserDestinationMessageHandlerTests" time="0.001"/>
  <testcase name="handleUnsubscribe()" classname="org.springframework.messaging.simp.user.UserDestinationMessageHandlerTests" time="0.004"/>
  <testcase name="handleMessage()" classname="org.springframework.messaging.simp.user.UserDestinationMessageHandlerTests" time="0.001"/>
  <testcase name="handleSubscribe()" classname="org.springframework.messaging.simp.user.UserDestinationMessageHandlerTests" time="0.001"/>
  <testcase name="ignoreMessage()" classname="org.springframework.messaging.simp.user.UserDestinationMessageHandlerTests" time="0.003"/>
  <system-out><![CDATA[]]></system-out>
  <system-err><![CDATA[]]></system-err>
</testsuite>
