<?xml version="1.0" encoding="UTF-8"?>
<testsuite name="org.springframework.messaging.handler.annotation.reactive.HeaderMethodArgumentResolverTests" tests="10" skipped="0" failures="0" errors="0" timestamp="2023-03-20T07:56:20" hostname="DESKTOP-VGJP1PJ" time="0.177">
  <properties/>
  <testcase name="resolveOptionalHeaderWithValue()" classname="org.springframework.messaging.handler.annotation.reactive.HeaderMethodArgumentResolverTests" time="0.121"/>
  <testcase name="resolveNameFromSystemProperty()" classname="org.springframework.messaging.handler.annotation.reactive.HeaderMethodArgumentResolverTests" time="0.025"/>
  <testcase name="resolveArgumentNativeHeaderAmbiguity()" classname="org.springframework.messaging.handler.annotation.reactive.HeaderMethodArgumentResolverTests" time="0.006"/>
  <testcase name="resolveArgumentNativeHeader()" classname="org.springframework.messaging.handler.annotation.reactive.HeaderMethodArgumentResolverTests" time="0.002"/>
  <testcase name="resolveDefaultValueSystemProperty()" classname="org.springframework.messaging.handler.annotation.reactive.HeaderMethodArgumentResolverTests" time="0.002"/>
  <testcase name="resolveOptionalHeaderAsEmpty()" classname="org.springframework.messaging.handler.annotation.reactive.HeaderMethodArgumentResolverTests" time="0.002"/>
  <testcase name="resolveArgumentDefaultValue()" classname="org.springframework.messaging.handler.annotation.reactive.HeaderMethodArgumentResolverTests" time="0.002"/>
  <testcase name="resolveArgumentNotFound()" classname="org.springframework.messaging.handler.annotation.reactive.HeaderMethodArgumentResolverTests" time="0.004"/>
  <testcase name="resolveArgument()" classname="org.springframework.messaging.handler.annotation.reactive.HeaderMethodArgumentResolverTests" time="0.003"/>
  <testcase name="supportsParameter()" classname="org.springframework.messaging.handler.annotation.reactive.HeaderMethodArgumentResolverTests" time="0.003"/>
  <system-out><![CDATA[]]></system-out>
  <system-err><![CDATA[]]></system-err>
</testsuite>
