<?xml version="1.0" encoding="UTF-8"?>
<testsuite name="org.springframework.messaging.simp.SimpSessionScopeTests" tests="5" skipped="0" failures="0" errors="0" timestamp="2023-03-20T07:56:39" hostname="DESKTOP-VGJP1PJ" time="0.07">
  <properties/>
  <testcase name="remove()" classname="org.springframework.messaging.simp.SimpSessionScopeTests" time="0.055"/>
  <testcase name="getWithObjectFactory()" classname="org.springframework.messaging.simp.SimpSessionScopeTests" time="0.001"/>
  <testcase name="get()" classname="org.springframework.messaging.simp.SimpSessionScopeTests" time="0.001"/>
  <testcase name="getSessionId()" classname="org.springframework.messaging.simp.SimpSessionScopeTests" time="0.001"/>
  <testcase name="registerDestructionCallback()" classname="org.springframework.messaging.simp.SimpSessionScopeTests" time="0.002"/>
  <system-out><![CDATA[]]></system-out>
  <system-err><![CDATA[]]></system-err>
</testsuite>
