<?xml version="1.0" encoding="UTF-8"?>
<testsuite name="org.springframework.messaging.simp.stomp.BufferingStompDecoderTests" tests="11" skipped="0" failures="0" errors="0" timestamp="2023-03-20T07:56:39" hostname="DESKTOP-VGJP1PJ" time="0.049">
  <properties/>
  <testcase name="twoMessagesInOneChunk()" classname="org.springframework.messaging.simp.stomp.BufferingStompDecoderTests" time="0.004"/>
  <testcase name="incompleteCommand()" classname="org.springframework.messaging.simp.stomp.BufferingStompDecoderTests" time="0.001"/>
  <testcase name="oneFullAndOneSplitWithContentLengthExceedingBufferSize()" classname="org.springframework.messaging.simp.stomp.BufferingStompDecoderTests" time="0.002"/>
  <testcase name="invalidEscapeSequence()" classname="org.springframework.messaging.simp.stomp.BufferingStompDecoderTests" time="0.001"/>
  <testcase name="invalidEscapeSequenceWithSingleSlashAtEndOfHeaderValue()" classname="org.springframework.messaging.simp.stomp.BufferingStompDecoderTests" time="0.019"/>
  <testcase name="bufferSizeLimit()" classname="org.springframework.messaging.simp.stomp.BufferingStompDecoderTests" time="0.001"/>
  <testcase name="oneFullAndOneSplitMessageContentLength()" classname="org.springframework.messaging.simp.stomp.BufferingStompDecoderTests" time="0.001"/>
  <testcase name="basic()" classname="org.springframework.messaging.simp.stomp.BufferingStompDecoderTests" time="0.007"/>
  <testcase name="oneMessageInTwoChunks()" classname="org.springframework.messaging.simp.stomp.BufferingStompDecoderTests" time="0.0"/>
  <testcase name="oneFullAndOneSplitMessageNoContentLength()" classname="org.springframework.messaging.simp.stomp.BufferingStompDecoderTests" time="0.001"/>
  <testcase name="incompleteHeaderWithPartialEscapeSequence()" classname="org.springframework.messaging.simp.stomp.BufferingStompDecoderTests" time="0.001"/>
  <system-out><![CDATA[]]></system-out>
  <system-err><![CDATA[]]></system-err>
</testsuite>
