<?xml version="1.0" encoding="UTF-8"?>
<testsuite name="org.springframework.messaging.handler.invocation.reactive.MethodMessageHandlerTests" tests="5" skipped="0" failures="0" errors="0" timestamp="2023-03-20T07:56:26" hostname="DESKTOP-VGJP1PJ" time="0.093">
  <properties/>
  <testcase name="handleException()" classname="org.springframework.messaging.handler.invocation.reactive.MethodMessageHandlerTests" time="0.044"/>
  <testcase name="duplicateMapping()" classname="org.springframework.messaging.handler.invocation.reactive.MethodMessageHandlerTests" time="0.002"/>
  <testcase name="registeredMappings()" classname="org.springframework.messaging.handler.invocation.reactive.MethodMessageHandlerTests" time="0.004"/>
  <testcase name="bestMatch()" classname="org.springframework.messaging.handler.invocation.reactive.MethodMessageHandlerTests" time="0.023"/>
  <testcase name="argumentResolution()" classname="org.springframework.messaging.handler.invocation.reactive.MethodMessageHandlerTests" time="0.017"/>
  <system-out><![CDATA[02:56:26.518 [Test worker] WARN  o.s.m.h.i.r.MethodMessageHandlerTests$TestMethodMessageHandler - No ApplicationContext for auto-detection of beans with message handling methods.
]]></system-out>
  <system-err><![CDATA[]]></system-err>
</testsuite>
