<?xml version="1.0" encoding="UTF-8"?>
<testsuite name="org.springframework.messaging.rsocket.RSocketRequesterExtensionsTests" tests="13" skipped="0" failures="0" errors="0" timestamp="2023-03-20T07:57:03" hostname="DESKTOP-VGJP1PJ" time="9.456">
  <properties/>
  <testcase name="dataWithType with Flow()" classname="org.springframework.messaging.rsocket.RSocketRequesterExtensionsTests" time="2.622"/>
  <testcase name="dataWithType with CompletableFuture()" classname="org.springframework.messaging.rsocket.RSocketRequesterExtensionsTests" time="1.911"/>
  <testcase name="dataFlowWithoutType()" classname="org.springframework.messaging.rsocket.RSocketRequesterExtensionsTests" time="0.123"/>
  <testcase name="connectAndAwait()" classname="org.springframework.messaging.rsocket.RSocketRequesterExtensionsTests" time="2.652"/>
  <testcase name="dataWithType with Publisher()" classname="org.springframework.messaging.rsocket.RSocketRequesterExtensionsTests" time="0.087"/>
  <testcase name="retrieveAndAwaitOrNull()" classname="org.springframework.messaging.rsocket.RSocketRequesterExtensionsTests" time="0.064"/>
  <testcase name="connectWebSocketAndAwait()" classname="org.springframework.messaging.rsocket.RSocketRequesterExtensionsTests" time="0.259"/>
  <testcase name="sendAndAwait()" classname="org.springframework.messaging.rsocket.RSocketRequesterExtensionsTests" time="0.019"/>
  <testcase name="retrieveFlow()" classname="org.springframework.messaging.rsocket.RSocketRequesterExtensionsTests" time="1.108"/>
  <testcase name="retrieveFlux()" classname="org.springframework.messaging.rsocket.RSocketRequesterExtensionsTests" time="0.183"/>
  <testcase name="retrieveMono()" classname="org.springframework.messaging.rsocket.RSocketRequesterExtensionsTests" time="0.153"/>
  <testcase name="retrieveAndAwait()" classname="org.springframework.messaging.rsocket.RSocketRequesterExtensionsTests" time="0.038"/>
  <testcase name="connectTcpAndAwait()" classname="org.springframework.messaging.rsocket.RSocketRequesterExtensionsTests" time="0.02"/>
  <system-out><![CDATA[]]></system-out>
  <system-err><![CDATA[]]></system-err>
</testsuite>
