<?xml version="1.0" encoding="UTF-8"?>
<testsuite name="org.springframework.messaging.simp.annotation.support.SubscriptionMethodReturnValueHandlerTests" tests="4" skipped="0" failures="0" errors="0" timestamp="2023-03-20T07:56:36" hostname="DESKTOP-VGJP1PJ" time="0.021">
  <properties/>
  <testcase name="testJsonView()" classname="org.springframework.messaging.simp.annotation.support.SubscriptionMethodReturnValueHandlerTests" time="0.003"/>
  <testcase name="testHeadersPassedToMessagingTemplate()" classname="org.springframework.messaging.simp.annotation.support.SubscriptionMethodReturnValueHandlerTests" time="0.015"/>
  <testcase name="testMessageSentToChannel()" classname="org.springframework.messaging.simp.annotation.support.SubscriptionMethodReturnValueHandlerTests" time="0.002"/>
  <testcase name="supportsReturnType()" classname="org.springframework.messaging.simp.annotation.support.SubscriptionMethodReturnValueHandlerTests" time="0.001"/>
  <system-out><![CDATA[]]></system-out>
  <system-err><![CDATA[]]></system-err>
</testsuite>
