<?xml version="1.0" encoding="UTF-8"?>
<testsuite name="org.springframework.messaging.converter.MarshallingMessageConverterTests" tests="4" skipped="0" failures="0" errors="0" timestamp="2023-03-20T07:56:15" hostname="DESKTOP-VGJP1PJ" time="0.624">
  <properties/>
  <testcase name="fromMessageValidXmlWithUnknownProperty()" classname="org.springframework.messaging.converter.MarshallingMessageConverterTests" time="0.39"/>
  <testcase name="toMessage()" classname="org.springframework.messaging.converter.MarshallingMessageConverterTests" time="0.219"/>
  <testcase name="fromMessage()" classname="org.springframework.messaging.converter.MarshallingMessageConverterTests" time="0.006"/>
  <testcase name="fromMessageInvalidXml()" classname="org.springframework.messaging.converter.MarshallingMessageConverterTests" time="0.008"/>
  <system-out><![CDATA[]]></system-out>
  <system-err><![CDATA[]]></system-err>
</testsuite>
