<?xml version="1.0" encoding="UTF-8"?>
<testsuite name="org.springframework.messaging.simp.annotation.support.PrincipalMethodArgumentResolverTests" tests="2" skipped="0" failures="0" errors="0" timestamp="2023-03-20T07:56:35" hostname="DESKTOP-VGJP1PJ" time="0.221">
  <properties/>
  <testcase name="resolverArgument()" classname="org.springframework.messaging.simp.annotation.support.PrincipalMethodArgumentResolverTests" time="0.219"/>
  <testcase name="supportsParameter()" classname="org.springframework.messaging.simp.annotation.support.PrincipalMethodArgumentResolverTests" time="0.001"/>
  <system-out><![CDATA[]]></system-out>
  <system-err><![CDATA[]]></system-err>
</testsuite>
