<?xml version="1.0" encoding="UTF-8"?>
<testsuite name="org.springframework.messaging.rsocket.RSocketClientToServerIntegrationTests" tests="11" skipped="0" failures="0" errors="0" timestamp="2023-03-20T07:56:34" hostname="DESKTOP-VGJP1PJ" time="0.606">
  <properties/>
  <testcase name="handleWithErrorSignal()" classname="org.springframework.messaging.rsocket.RSocketClientToServerIntegrationTests" time="0.026"/>
  <testcase name="voidReturnValueFromExceptionHandler()" classname="org.springframework.messaging.rsocket.RSocketClientToServerIntegrationTests" time="0.03"/>
  <testcase name="handleWithThrownException()" classname="org.springframework.messaging.rsocket.RSocketClientToServerIntegrationTests" time="0.032"/>
  <testcase name="echoAsync()" classname="org.springframework.messaging.rsocket.RSocketClientToServerIntegrationTests" time="0.069"/>
  <testcase name="echo()" classname="org.springframework.messaging.rsocket.RSocketClientToServerIntegrationTests" time="0.013"/>
  <testcase name="echoChannel()" classname="org.springframework.messaging.rsocket.RSocketClientToServerIntegrationTests" time="0.175"/>
  <testcase name="voidReturnValue()" classname="org.springframework.messaging.rsocket.RSocketClientToServerIntegrationTests" time="0.015"/>
  <testcase name="metadataPush()" classname="org.springframework.messaging.rsocket.RSocketClientToServerIntegrationTests" time="0.068"/>
  <testcase name="fireAndForget()" classname="org.springframework.messaging.rsocket.RSocketClientToServerIntegrationTests" time="0.062"/>
  <testcase name="noMatchingRoute()" classname="org.springframework.messaging.rsocket.RSocketClientToServerIntegrationTests" time="0.008"/>
  <testcase name="echoStream()" classname="org.springframework.messaging.rsocket.RSocketClientToServerIntegrationTests" time="0.102"/>
  <system-out><![CDATA[]]></system-out>
  <system-err><![CDATA[]]></system-err>
</testsuite>
