<?xml version="1.0" encoding="UTF-8"?>
<testsuite name="org.springframework.messaging.rsocket.RSocketServerToClientIntegrationTests" tests="4" skipped="0" failures="0" errors="0" timestamp="2023-03-20T07:56:35" hostname="DESKTOP-VGJP1PJ" time="0.321">
  <properties/>
  <testcase name="echoAsync()" classname="org.springframework.messaging.rsocket.RSocketServerToClientIntegrationTests" time="0.071"/>
  <testcase name="echo()" classname="org.springframework.messaging.rsocket.RSocketServerToClientIntegrationTests" time="0.027"/>
  <testcase name="echoChannel()" classname="org.springframework.messaging.rsocket.RSocketServerToClientIntegrationTests" time="0.127"/>
  <testcase name="echoStream()" classname="org.springframework.messaging.rsocket.RSocketServerToClientIntegrationTests" time="0.095"/>
  <system-out><![CDATA[]]></system-out>
  <system-err><![CDATA[]]></system-err>
</testsuite>
