<?xml version="1.0" encoding="UTF-8"?>
<testsuite name="org.springframework.expression.spel.support.ReflectionHelperTests" tests="12" skipped="0" failures="0" errors="0" timestamp="2023-03-20T07:37:33" hostname="DESKTOP-VGJP1PJ" time="0.026">
  <properties/>
  <testcase name="testTypedValue()" classname="org.springframework.expression.spel.support.ReflectionHelperTests" time="0.001"/>
  <testcase name="testReflectionHelperCompareArguments_RequiresConversionMatching()" classname="org.springframework.expression.spel.support.ReflectionHelperTests" time="0.0"/>
  <testcase name="testSetupArguments()" classname="org.springframework.expression.spel.support.ReflectionHelperTests" time="0.001"/>
  <testcase name="testReflectionHelperCompareArguments_ExactMatching()" classname="org.springframework.expression.spel.support.ReflectionHelperTests" time="0.0"/>
  <testcase name="testConvertArguments2()" classname="org.springframework.expression.spel.support.ReflectionHelperTests" time="0.0"/>
  <testcase name="testConvertArguments()" classname="org.springframework.expression.spel.support.ReflectionHelperTests" time="0.001"/>
  <testcase name="testReflectionHelperCompareArguments_Varargs_ExactMatching()" classname="org.springframework.expression.spel.support.ReflectionHelperTests" time="0.001"/>
  <testcase name="testReflectionHelperCompareArguments_NotAMatch()" classname="org.springframework.expression.spel.support.ReflectionHelperTests" time="0.001"/>
  <testcase name="testReflectivePropertyAccessor()" classname="org.springframework.expression.spel.support.ReflectionHelperTests" time="0.004"/>
  <testcase name="testOptimalReflectivePropertyAccessor()" classname="org.springframework.expression.spel.support.ReflectionHelperTests" time="0.007"/>
  <testcase name="testReflectionHelperCompareArguments_CloseMatching()" classname="org.springframework.expression.spel.support.ReflectionHelperTests" time="0.001"/>
  <testcase name="testUtilities()" classname="org.springframework.expression.spel.support.ReflectionHelperTests" time="0.001"/>
  <system-out><![CDATA[]]></system-out>
  <system-err><![CDATA[]]></system-err>
</testsuite>
