<?xml version="1.0" encoding="UTF-8"?>
<testsuite name="org.springframework.expression.spel.VariableAndFunctionTests" tests="6" skipped="0" failures="0" errors="0" timestamp="2023-03-20T07:37:34" hostname="DESKTOP-VGJP1PJ" time="0.01">
  <properties/>
  <testcase name="testCallingIllegalFunctions()" classname="org.springframework.expression.spel.VariableAndFunctionTests" time="0.001"/>
  <testcase name="testFunctionAccess01()" classname="org.springframework.expression.spel.VariableAndFunctionTests" time="0.001"/>
  <testcase name="testFunctionAccess02()" classname="org.springframework.expression.spel.VariableAndFunctionTests" time="0.0"/>
  <testcase name="testVariableAccess_WellKnownVariables()" classname="org.springframework.expression.spel.VariableAndFunctionTests" time="0.0"/>
  <testcase name="testVariableAccess01()" classname="org.springframework.expression.spel.VariableAndFunctionTests" time="0.003"/>
  <testcase name="testCallVarargsFunction()" classname="org.springframework.expression.spel.VariableAndFunctionTests" time="0.002"/>
  <system-out><![CDATA[]]></system-out>
  <system-err><![CDATA[]]></system-err>
</testsuite>
