<?xml version="1.0" encoding="UTF-8"?>
<testsuite name="org.springframework.expression.spel.MapAccessTests" tests="7" skipped="1" failures="0" errors="0" timestamp="2023-03-20T07:37:26" hostname="DESKTOP-VGJP1PJ" time="0.052">
  <properties/>
  <testcase name="testGetValue()" classname="org.springframework.expression.spel.MapAccessTests" time="0.001"/>
  <testcase name="testGetValuePerformance()" classname="org.springframework.expression.spel.MapAccessTests" time="0.0">
    <skipped/>
  </testcase>
  <testcase name="testSimpleMapAccess01()" classname="org.springframework.expression.spel.MapAccessTests" time="0.025"/>
  <testcase name="testVariableMapAccess()" classname="org.springframework.expression.spel.MapAccessTests" time="0.001"/>
  <testcase name="testCustomMapAccessor()" classname="org.springframework.expression.spel.MapAccessTests" time="0.001"/>
  <testcase name="testMapAccessThroughIndexer()" classname="org.springframework.expression.spel.MapAccessTests" time="0.002"/>
  <testcase name="testGetValueFromRootMap()" classname="org.springframework.expression.spel.MapAccessTests" time="0.0"/>
  <system-out><![CDATA[]]></system-out>
  <system-err><![CDATA[]]></system-err>
</testsuite>
