<?xml version="1.0" encoding="UTF-8"?>
<testsuite name="org.springframework.expression.spel.support.StandardComponentsTests" tests="4" skipped="0" failures="0" errors="0" timestamp="2023-03-20T07:37:33" hostname="DESKTOP-VGJP1PJ" time="0.007">
  <properties/>
  <testcase name="testStandardEvaluationContext()" classname="org.springframework.expression.spel.support.StandardComponentsTests" time="0.001"/>
  <testcase name="testStandardOperatorOverloader()" classname="org.springframework.expression.spel.support.StandardComponentsTests" time="0.001"/>
  <testcase name="testStandardTypeConverter()" classname="org.springframework.expression.spel.support.StandardComponentsTests" time="0.001"/>
  <testcase name="testStandardTypeLocator()" classname="org.springframework.expression.spel.support.StandardComponentsTests" time="0.001"/>
  <system-out><![CDATA[]]></system-out>
  <system-err><![CDATA[]]></system-err>
</testsuite>
