<?xml version="1.0" encoding="UTF-8"?>
<testsuite name="org.springframework.aop.framework.IntroductionBenchmarkTests" tests="1" skipped="0" failures="0" errors="0" timestamp="2023-03-20T07:38:24" hostname="DESKTOP-VGJP1PJ" time="0.215">
  <properties/>
  <testcase name="timeManyInvocations()" classname="org.springframework.aop.framework.IntroductionBenchmarkTests" time="0.215"/>
  <system-out><![CDATA[StopWatch '': running time = 206631100 ns
---------------------------------------------
ns         %     Task name
---------------------------------------------
139284400  067%  100000 invocations on proxy, not hitting introduction
064890900  031%  100000 invocations on proxy, hitting introduction
002455800  001%  100000 invocations on target

]]></system-out>
  <system-err><![CDATA[]]></system-err>
</testsuite>
