<?xml version="1.0" encoding="UTF-8"?>
<testsuite name="org.springframework.aop.aspectj.annotation.ReflectiveAspectJAdvisorFactoryTests" tests="25" skipped="1" failures="0" errors="0" timestamp="2023-03-20T07:38:14" hostname="DESKTOP-VGJP1PJ" time="2.119">
  <properties/>
  <testcase name="rejectsPerCflowAspect()" classname="org.springframework.aop.aspectj.annotation.ReflectiveAspectJAdvisorFactoryTests" time="0.001"/>
  <testcase name="introductionOnTargetNotImplementingInterface()" classname="org.springframework.aop.aspectj.annotation.ReflectiveAspectJAdvisorFactoryTests" time="0.601"/>
  <testcase name="introductionWithArgumentBinding()" classname="org.springframework.aop.aspectj.annotation.ReflectiveAspectJAdvisorFactoryTests" time="0.003">
    <skipped/>
  </testcase>
  <testcase name="multiplePerTargetAspectsWithOrderAnnotation()" classname="org.springframework.aop.aspectj.annotation.ReflectiveAspectJAdvisorFactoryTests" time="0.257"/>
  <testcase name="rejectsPerCflowBelowAspect()" classname="org.springframework.aop.aspectj.annotation.ReflectiveAspectJAdvisorFactoryTests" time="0.002"/>
  <testcase name="bindingWithMultipleArgsDifferentlyOrdered()" classname="org.springframework.aop.aspectj.annotation.ReflectiveAspectJAdvisorFactoryTests" time="0.011"/>
  <testcase name="perThisAspect()" classname="org.springframework.aop.aspectj.annotation.ReflectiveAspectJAdvisorFactoryTests" time="0.069"/>
  <testcase name="failureWithoutExplicitDeclarePrecedence()" classname="org.springframework.aop.aspectj.annotation.ReflectiveAspectJAdvisorFactoryTests" time="0.009"/>
  <testcase name="introductionAdvisorExcludedFromTargetImplementingInterface()" classname="org.springframework.aop.aspectj.annotation.ReflectiveAspectJAdvisorFactoryTests" time="0.009"/>
  <testcase name="namedPointcutFromAspectLibrary()" classname="org.springframework.aop.aspectj.annotation.ReflectiveAspectJAdvisorFactoryTests" time="0.01"/>
  <testcase name="namedPointcutAspectWithFQN()" classname="org.springframework.aop.aspectj.annotation.ReflectiveAspectJAdvisorFactoryTests" time="0.003"/>
  <testcase name="bindingWithSingleArg()" classname="org.springframework.aop.aspectj.annotation.ReflectiveAspectJAdvisorFactoryTests" time="0.003"/>
  <testcase name="aspectMethodThrowsExceptionLegalOnSignature()" classname="org.springframework.aop.aspectj.annotation.ReflectiveAspectJAdvisorFactoryTests" time="0.003"/>
  <testcase name="namedPointcutFromAspectLibraryWithBinding()" classname="org.springframework.aop.aspectj.annotation.ReflectiveAspectJAdvisorFactoryTests" time="0.004"/>
  <testcase name="introductionOnTargetImplementingInterface()" classname="org.springframework.aop.aspectj.annotation.ReflectiveAspectJAdvisorFactoryTests" time="0.078"/>
  <testcase name="introductionOnTargetExcludedByTypePattern()" classname="org.springframework.aop.aspectj.annotation.ReflectiveAspectJAdvisorFactoryTests" time="0.014"/>
  <testcase name="perTypeWithinAspect()" classname="org.springframework.aop.aspectj.annotation.ReflectiveAspectJAdvisorFactoryTests" time="0.242"/>
  <testcase name="introductionBasedOnAnnotationMatch_SPR5307()" classname="org.springframework.aop.aspectj.annotation.ReflectiveAspectJAdvisorFactoryTests" time="0.016"/>
  <testcase name="namedPointcutAspectWithoutFQN()" classname="org.springframework.aop.aspectj.annotation.ReflectiveAspectJAdvisorFactoryTests" time="0.003"/>
  <testcase name="twoAdvicesOnOneAspect()" classname="org.springframework.aop.aspectj.annotation.ReflectiveAspectJAdvisorFactoryTests" time="0.004"/>
  <testcase name="aspectMethodThrowsExceptionIllegalOnSignature()" classname="org.springframework.aop.aspectj.annotation.ReflectiveAspectJAdvisorFactoryTests" time="0.002"/>
  <testcase name="declarePrecedenceNotSupported()" classname="org.springframework.aop.aspectj.annotation.ReflectiveAspectJAdvisorFactoryTests" time="0.003"/>
  <testcase name="perTargetAspect()" classname="org.springframework.aop.aspectj.annotation.ReflectiveAspectJAdvisorFactoryTests" time="0.175"/>
  <testcase name="afterAdviceTypes()" classname="org.springframework.aop.aspectj.annotation.ReflectiveAspectJAdvisorFactoryTests" time="0.365"/>
  <testcase name="multiplePerTargetAspects()" classname="org.springframework.aop.aspectj.annotation.ReflectiveAspectJAdvisorFactoryTests" time="0.213"/>
  <system-out><![CDATA[org.springframework.aop.aspectj.DeclareParentsAdvisor@2e6fa20c
]]></system-out>
  <system-err><![CDATA[]]></system-err>
</testsuite>
