<?xml version="1.0" encoding="UTF-8"?>
<testsuite name="org.springframework.aop.support.ComposablePointcutTests" tests="5" skipped="0" failures="0" errors="0" timestamp="2023-03-20T07:38:26" hostname="DESKTOP-VGJP1PJ" time="0.014">
  <properties/>
  <testcase name="testUnionMethodMatcher()" classname="org.springframework.aop.support.ComposablePointcutTests" time="0.012"/>
  <testcase name="testIntersectionMethodMatcher()" classname="org.springframework.aop.support.ComposablePointcutTests" time="0.0"/>
  <testcase name="testMatchAll()" classname="org.springframework.aop.support.ComposablePointcutTests" time="0.0"/>
  <testcase name="testEqualsAndHashCode()" classname="org.springframework.aop.support.ComposablePointcutTests" time="0.0"/>
  <testcase name="testFilterByClass()" classname="org.springframework.aop.support.ComposablePointcutTests" time="0.0"/>
  <system-out><![CDATA[]]></system-out>
  <system-err><![CDATA[]]></system-err>
</testsuite>
