<?xml version="1.0" encoding="UTF-8"?>
<testsuite name="org.springframework.aop.interceptor.ExposeInvocationInterceptorTests" tests="1" skipped="0" failures="0" errors="0" timestamp="2023-03-20T07:38:25" hostname="DESKTOP-VGJP1PJ" time="0.029">
  <properties/>
  <testcase name="testXmlConfig()" classname="org.springframework.aop.interceptor.ExposeInvocationInterceptorTests" time="0.029"/>
  <system-out><![CDATA[]]></system-out>
  <system-err><![CDATA[]]></system-err>
</testsuite>
