<?xml version="1.0" encoding="UTF-8"?>
<testsuite name="org.springframework.aop.support.ClassFiltersTests" tests="2" skipped="0" failures="0" errors="0" timestamp="2023-03-20T07:38:26" hostname="DESKTOP-VGJP1PJ" time="0.005">
  <properties/>
  <testcase name="union()" classname="org.springframework.aop.support.ClassFiltersTests" time="0.001"/>
  <testcase name="intersection()" classname="org.springframework.aop.support.ClassFiltersTests" time="0.004"/>
  <system-out><![CDATA[]]></system-out>
  <system-err><![CDATA[]]></system-err>
</testsuite>
