<?xml version="1.0" encoding="UTF-8"?>
<testsuite name="org.springframework.aop.support.DelegatingIntroductionInterceptorTests" tests="10" skipped="0" failures="0" errors="0" timestamp="2023-03-20T07:38:26" hostname="DESKTOP-VGJP1PJ" time="0.121">
  <properties/>
  <testcase name="testIntroductionInterceptorWithSuperInterface()" classname="org.springframework.aop.support.DelegatingIntroductionInterceptorTests" time="0.013"/>
  <testcase name="testIntroductionMasksTargetImplementation()" classname="org.springframework.aop.support.DelegatingIntroductionInterceptorTests" time="0.007"/>
  <testcase name="testIntroductionInterceptorWithInterfaceHierarchy()" classname="org.springframework.aop.support.DelegatingIntroductionInterceptorTests" time="0.006"/>
  <testcase name="testIntroductionInterceptorDoesntReplaceToString()" classname="org.springframework.aop.support.DelegatingIntroductionInterceptorTests" time="0.009"/>
  <testcase name="testSerializableDelegatingIntroductionInterceptorSerializable()" classname="org.springframework.aop.support.DelegatingIntroductionInterceptorTests" time="0.027"/>
  <testcase name="testDelegateReturnsThisIsMassagedToReturnProxy()" classname="org.springframework.aop.support.DelegatingIntroductionInterceptorTests" time="0.006"/>
  <testcase name="testAutomaticInterfaceRecognitionInDelegate()" classname="org.springframework.aop.support.DelegatingIntroductionInterceptorTests" time="0.006"/>
  <testcase name="testNullTarget()" classname="org.springframework.aop.support.DelegatingIntroductionInterceptorTests" time="0.001"/>
  <testcase name="testIntroductionInterceptorWithDelegation()" classname="org.springframework.aop.support.DelegatingIntroductionInterceptorTests" time="0.034"/>
  <testcase name="testAutomaticInterfaceRecognitionInSubclass()" classname="org.springframework.aop.support.DelegatingIntroductionInterceptorTests" time="0.006"/>
  <system-out><![CDATA[]]></system-out>
  <system-err><![CDATA[]]></system-err>
</testsuite>
