<?xml version="1.0" encoding="UTF-8"?>
<testsuite name="org.springframework.aop.target.PrototypeBasedTargetSourceTests" tests="1" skipped="0" failures="0" errors="0" timestamp="2023-03-20T07:38:26" hostname="DESKTOP-VGJP1PJ" time="0.014">
  <properties/>
  <testcase name="testSerializability()" classname="org.springframework.aop.target.PrototypeBasedTargetSourceTests" time="0.014"/>
  <system-out><![CDATA[]]></system-out>
  <system-err><![CDATA[]]></system-err>
</testsuite>
