<?xml version="1.0" encoding="UTF-8"?>
<testsuite name="org.springframework.aop.support.RootClassFilterTests" tests="4" skipped="0" failures="0" errors="0" timestamp="2023-03-20T07:38:26" hostname="DESKTOP-VGJP1PJ" time="0.002">
  <properties/>
  <testcase name="testToString()" classname="org.springframework.aop.support.RootClassFilterTests" time="0.0"/>
  <testcase name="matches()" classname="org.springframework.aop.support.RootClassFilterTests" time="0.001"/>
  <testcase name="testHashCode()" classname="org.springframework.aop.support.RootClassFilterTests" time="0.0"/>
  <testcase name="testEquals()" classname="org.springframework.aop.support.RootClassFilterTests" time="0.0"/>
  <system-out><![CDATA[]]></system-out>
  <system-err><![CDATA[]]></system-err>
</testsuite>
