<?xml version="1.0" encoding="UTF-8"?>
<testsuite name="org.springframework.aop.config.AopNamespaceHandlerPointcutErrorTests" tests="2" skipped="0" failures="0" errors="0" timestamp="2023-03-20T07:38:18" hostname="DESKTOP-VGJP1PJ" time="0.357">
  <properties/>
  <testcase name="testMissingPointcutConfig()" classname="org.springframework.aop.config.AopNamespaceHandlerPointcutErrorTests" time="0.278"/>
  <testcase name="testDuplicatePointcutConfig()" classname="org.springframework.aop.config.AopNamespaceHandlerPointcutErrorTests" time="0.078"/>
  <system-out><![CDATA[]]></system-out>
  <system-err><![CDATA[]]></system-err>
</testsuite>
