<?xml version="1.0" encoding="UTF-8"?>
<testsuite name="org.springframework.aop.framework.adapter.ThrowsAdviceInterceptorTests" tests="6" skipped="0" failures="0" errors="0" timestamp="2023-03-20T07:38:19" hostname="DESKTOP-VGJP1PJ" time="5.165">
  <properties/>
  <testcase name="testCorrectHandlerUsedForSubclass()" classname="org.springframework.aop.framework.adapter.ThrowsAdviceInterceptorTests" time="5.149"/>
  <testcase name="testCorrectHandlerUsed()" classname="org.springframework.aop.framework.adapter.ThrowsAdviceInterceptorTests" time="0.006"/>
  <testcase name="testNotInvoked()" classname="org.springframework.aop.framework.adapter.ThrowsAdviceInterceptorTests" time="0.001"/>
  <testcase name="testHandlerMethodThrowsException()" classname="org.springframework.aop.framework.adapter.ThrowsAdviceInterceptorTests" time="0.002"/>
  <testcase name="testNoHandlerMethods()" classname="org.springframework.aop.framework.adapter.ThrowsAdviceInterceptorTests" time="0.001"/>
  <testcase name="testNoHandlerMethodForThrowable()" classname="org.springframework.aop.framework.adapter.ThrowsAdviceInterceptorTests" time="0.003"/>
  <system-out><![CDATA[]]></system-out>
  <system-err><![CDATA[]]></system-err>
</testsuite>
