<?xml version="1.0" encoding="UTF-8"?>
<testsuite name="org.springframework.aop.target.ThreadLocalTargetSourceTests" tests="5" skipped="0" failures="0" errors="0" timestamp="2023-03-20T07:38:26" hostname="DESKTOP-VGJP1PJ" time="0.058">
  <properties/>
  <testcase name="testUseDifferentManagedInstancesInSameThread()" classname="org.springframework.aop.target.ThreadLocalTargetSourceTests" time="0.029"/>
  <testcase name="testNewThreadHasOwnInstance()" classname="org.springframework.aop.target.ThreadLocalTargetSourceTests" time="0.008"/>
  <testcase name="testReuseDestroyedTarget()" classname="org.springframework.aop.target.ThreadLocalTargetSourceTests" time="0.006"/>
  <testcase name="testReuseInSameThread()" classname="org.springframework.aop.target.ThreadLocalTargetSourceTests" time="0.006"/>
  <testcase name="testCanGetStatsViaMixin()" classname="org.springframework.aop.target.ThreadLocalTargetSourceTests" time="0.008"/>
  <system-out><![CDATA[]]></system-out>
  <system-err><![CDATA[]]></system-err>
</testsuite>
