<?xml version="1.0" encoding="UTF-8"?>
<testsuite name="org.springframework.aop.interceptor.JamonPerformanceMonitorInterceptorTests" tests="2" skipped="0" failures="0" errors="0" timestamp="2023-03-20T07:38:25" hostname="DESKTOP-VGJP1PJ" time="0.076">
  <properties/>
  <testcase name="testInvokeUnderTraceWithNormalProcessing()" classname="org.springframework.aop.interceptor.JamonPerformanceMonitorInterceptorTests" time="0.069"/>
  <testcase name="testInvokeUnderTraceWithExceptionTracking()" classname="org.springframework.aop.interceptor.JamonPerformanceMonitorInterceptorTests" time="0.006"/>
  <system-out><![CDATA[]]></system-out>
  <system-err><![CDATA[]]></system-err>
</testsuite>
