<?xml version="1.0" encoding="UTF-8"?>
<testsuite name="org.springframework.aop.config.AopNamespaceHandlerEventTests" tests="4" skipped="0" failures="0" errors="0" timestamp="2023-03-20T07:38:18" hostname="DESKTOP-VGJP1PJ" time="0.819">
  <properties/>
  <testcase name="testPointcutEvents()" classname="org.springframework.aop.config.AopNamespaceHandlerEventTests" time="0.322"/>
  <testcase name="testAdvisorEventsWithDirectPointcut()" classname="org.springframework.aop.config.AopNamespaceHandlerEventTests" time="0.08"/>
  <testcase name="testAspectEvent()" classname="org.springframework.aop.config.AopNamespaceHandlerEventTests" time="0.076"/>
  <testcase name="testAdvisorEventsWithPointcutRef()" classname="org.springframework.aop.config.AopNamespaceHandlerEventTests" time="0.34"/>
  <system-out><![CDATA[]]></system-out>
  <system-err><![CDATA[]]></system-err>
</testsuite>
