<?xml version="1.0" encoding="UTF-8"?>
<testsuite name="org.springframework.aop.target.CommonsPool2TargetSourceProxyTests" tests="1" skipped="0" failures="0" errors="0" timestamp="2023-03-20T07:38:26" hostname="DESKTOP-VGJP1PJ" time="0.055">
  <properties/>
  <testcase name="testProxy()" classname="org.springframework.aop.target.CommonsPool2TargetSourceProxyTests" time="0.055"/>
  <system-out><![CDATA[]]></system-out>
  <system-err><![CDATA[]]></system-err>
</testsuite>
