<?xml version="1.0" encoding="UTF-8"?>
<testsuite name="org.springframework.aop.interceptor.CustomizableTraceInterceptorTests" tests="11" skipped="0" failures="0" errors="0" timestamp="2023-03-20T07:38:25" hostname="DESKTOP-VGJP1PJ" time="0.126">
  <properties/>
  <testcase name="testSunnyDayPathLogsCorrectlyWithPrettyMuchAllPlaceholdersMatching()" classname="org.springframework.aop.interceptor.CustomizableTraceInterceptorTests" time="0.102"/>
  <testcase name="testSetEmptyExceptionMessage()" classname="org.springframework.aop.interceptor.CustomizableTraceInterceptorTests" time="0.006"/>
  <testcase name="testSetExitMessageWithExceptionPlaceholder()" classname="org.springframework.aop.interceptor.CustomizableTraceInterceptorTests" time="0.001"/>
  <testcase name="testSetEmptyExitMessage()" classname="org.springframework.aop.interceptor.CustomizableTraceInterceptorTests" time="0.001"/>
  <testcase name="testSetEnterMessageWithInvocationTimePlaceholder()" classname="org.springframework.aop.interceptor.CustomizableTraceInterceptorTests" time="0.001"/>
  <testcase name="testSetExceptionMethodWithReturnValuePlaceholder()" classname="org.springframework.aop.interceptor.CustomizableTraceInterceptorTests" time="0.001"/>
  <testcase name="testSetEnterMessageWithReturnValuePlaceholder()" classname="org.springframework.aop.interceptor.CustomizableTraceInterceptorTests" time="0.001"/>
  <testcase name="testSetEmptyEnterMessage()" classname="org.springframework.aop.interceptor.CustomizableTraceInterceptorTests" time="0.001"/>
  <testcase name="testExceptionPathLogsCorrectly()" classname="org.springframework.aop.interceptor.CustomizableTraceInterceptorTests" time="0.004"/>
  <testcase name="testSetEnterMessageWithExceptionPlaceholder()" classname="org.springframework.aop.interceptor.CustomizableTraceInterceptorTests" time="0.001"/>
  <testcase name="testSunnyDayPathLogsCorrectly()" classname="org.springframework.aop.interceptor.CustomizableTraceInterceptorTests" time="0.002"/>
  <system-out><![CDATA[]]></system-out>
  <system-err><![CDATA[]]></system-err>
</testsuite>
