<?xml version="1.0" encoding="UTF-8"?>
<testsuite name="org.springframework.aop.scope.ScopedProxyUtilsTests" tests="4" skipped="0" failures="0" errors="0" timestamp="2023-03-20T07:38:26" hostname="DESKTOP-VGJP1PJ" time="0.006">
  <properties/>
  <testcase name="getOriginalBeanNameAndIsScopedTarget()" classname="org.springframework.aop.scope.ScopedProxyUtilsTests" time="0.001"/>
  <testcase name="getOriginalBeanNameForNonScopedTarget()" classname="org.springframework.aop.scope.ScopedProxyUtilsTests" time="0.002"/>
  <testcase name="getOriginalBeanNameForNullTargetBean()" classname="org.springframework.aop.scope.ScopedProxyUtilsTests" time="0.0"/>
  <testcase name="getTargetBeanNameAndIsScopedTarget()" classname="org.springframework.aop.scope.ScopedProxyUtilsTests" time="0.0"/>
  <system-out><![CDATA[]]></system-out>
  <system-err><![CDATA[]]></system-err>
</testsuite>
