<?xml version="1.0" encoding="UTF-8"?>
<testsuite name="org.springframework.aop.interceptor.ConcurrencyThrottleInterceptorTests" tests="3" skipped="0" failures="0" errors="0" timestamp="2023-03-20T07:38:25" hostname="DESKTOP-VGJP1PJ" time="0.354">
  <properties/>
  <testcase name="testMultipleThreadsWithLimit1()" classname="org.springframework.aop.interceptor.ConcurrencyThrottleInterceptorTests" time="0.263"/>
  <testcase name="testMultipleThreadsWithLimit10()" classname="org.springframework.aop.interceptor.ConcurrencyThrottleInterceptorTests" time="0.082"/>
  <testcase name="testSerializable()" classname="org.springframework.aop.interceptor.ConcurrencyThrottleInterceptorTests" time="0.008"/>
  <system-out><![CDATA[]]></system-out>
  <system-err><![CDATA[]]></system-err>
</testsuite>
