<?xml version="1.0" encoding="UTF-8"?>
<testsuite name="org.springframework.aop.aspectj.autoproxy.AspectJNamespaceHandlerTests" tests="4" skipped="0" failures="0" errors="0" timestamp="2023-03-20T07:38:17" hostname="DESKTOP-VGJP1PJ" time="0.192">
  <properties/>
  <testcase name="testRegisterAutoProxyCreatorWhenAspectJAutoProxyCreatorAlreadyExists()" classname="org.springframework.aop.aspectj.autoproxy.AspectJNamespaceHandlerTests" time="0.189"/>
  <testcase name="testRegisterAspectJAutoProxyCreatorWithExistingAutoProxyCreator()" classname="org.springframework.aop.aspectj.autoproxy.AspectJNamespaceHandlerTests" time="0.001"/>
  <testcase name="testRegisterAspectJAutoProxyCreator()" classname="org.springframework.aop.aspectj.autoproxy.AspectJNamespaceHandlerTests" time="0.001"/>
  <testcase name="testRegisterAutoProxyCreator()" classname="org.springframework.aop.aspectj.autoproxy.AspectJNamespaceHandlerTests" time="0.001"/>
  <system-out><![CDATA[]]></system-out>
  <system-err><![CDATA[]]></system-err>
</testsuite>
